[2024-12-22T23:30:01.219+0000] {local_task_job_runner.py:123} INFO - ::group::Pre task execution logs
[2024-12-22T23:30:01.231+0000] {taskinstance.py:2613} INFO - Dependencies all met for dep_context=non-requeueable deps ti=<TaskInstance: a3media_schedule_scraper.scrape_a3media_task scheduled__2024-12-22T17:30:00+00:00 [queued]>
[2024-12-22T23:30:01.236+0000] {taskinstance.py:2613} INFO - Dependencies all met for dep_context=requeueable deps ti=<TaskInstance: a3media_schedule_scraper.scrape_a3media_task scheduled__2024-12-22T17:30:00+00:00 [queued]>
[2024-12-22T23:30:01.236+0000] {taskinstance.py:2866} INFO - Starting attempt 1 of 5
[2024-12-22T23:30:01.245+0000] {taskinstance.py:2889} INFO - Executing <Task(_PythonDecoratedOperator): scrape_a3media_task> on 2024-12-22 17:30:00+00:00
[2024-12-22T23:30:01.251+0000] {warnings.py:112} WARNING - /home/***/.local/lib/python3.12/site-packages/***/task/task_runner/standard_task_runner.py:70: DeprecationWarning: This process (pid=1182) is multi-threaded, use of fork() may lead to deadlocks in the child.
  pid = os.fork()

[2024-12-22T23:30:01.253+0000] {standard_task_runner.py:72} INFO - Started process 1189 to run task
[2024-12-22T23:30:01.253+0000] {standard_task_runner.py:104} INFO - Running: ['***', 'tasks', 'run', 'a3media_schedule_scraper', 'scrape_a3media_task', 'scheduled__2024-12-22T17:30:00+00:00', '--job-id', '2613', '--raw', '--subdir', 'DAGS_FOLDER/dag_atresmedia.py', '--cfg-path', '/tmp/tmp21b9zsqr']
[2024-12-22T23:30:01.257+0000] {standard_task_runner.py:105} INFO - Job 2613: Subtask scrape_a3media_task
[2024-12-22T23:30:01.289+0000] {task_command.py:467} INFO - Running <TaskInstance: a3media_schedule_scraper.scrape_a3media_task scheduled__2024-12-22T17:30:00+00:00 [running]> on host b605548c7b8b
[2024-12-22T23:30:01.339+0000] {taskinstance.py:3132} INFO - Exporting env vars: AIRFLOW_CTX_DAG_OWNER='***' AIRFLOW_CTX_DAG_ID='a3media_schedule_scraper' AIRFLOW_CTX_TASK_ID='scrape_a3media_task' AIRFLOW_CTX_EXECUTION_DATE='2024-12-22T17:30:00+00:00' AIRFLOW_CTX_TRY_NUMBER='1' AIRFLOW_CTX_DAG_RUN_ID='scheduled__2024-12-22T17:30:00+00:00'
[2024-12-22T23:30:01.340+0000] {taskinstance.py:731} INFO - ::endgroup::
[2024-12-22T23:30:01.468+0000] {logging_mixin.py:190} INFO - https://api.atresplayer.com/client/v1/row/programming/5a6a165a7ed1a834493ebf6a?date=21-12-2024
[2024-12-22T23:30:01.970+0000] {logging_mixin.py:190} INFO - https://api.atresplayer.com/client/v1/row/programming/5a6a165a7ed1a834493ebf6a?date=22-12-2024
[2024-12-22T23:30:02.009+0000] {logging_mixin.py:190} INFO - https://api.atresplayer.com/client/v1/row/programming/5a6a165a7ed1a834493ebf6a?date=23-12-2024
[2024-12-22T23:30:02.047+0000] {logging_mixin.py:190} INFO - Escrito el xmltv del canal "Antena 3"
[2024-12-22T23:30:03.922+0000] {logging_mixin.py:190} INFO - Archivo actualizado correctamente.
[2024-12-22T23:30:03.923+0000] {logging_mixin.py:190} INFO - https://api.atresplayer.com/client/v1/row/programming/5a6a172c7ed1a834493ebf6b?date=21-12-2024
[2024-12-22T23:30:04.144+0000] {logging_mixin.py:190} INFO - https://api.atresplayer.com/client/v1/row/programming/5a6a172c7ed1a834493ebf6b?date=22-12-2024
[2024-12-22T23:30:04.178+0000] {logging_mixin.py:190} INFO - https://api.atresplayer.com/client/v1/row/programming/5a6a172c7ed1a834493ebf6b?date=23-12-2024
[2024-12-22T23:30:04.215+0000] {logging_mixin.py:190} INFO - Escrito el xmltv del canal "laSexta"
[2024-12-22T23:30:06.045+0000] {logging_mixin.py:190} INFO - Archivo actualizado correctamente.
[2024-12-22T23:30:06.046+0000] {logging_mixin.py:190} INFO - https://api.atresplayer.com/client/v1/row/programming/5a6a17da7ed1a834493ebf6d?date=21-12-2024
[2024-12-22T23:30:06.079+0000] {logging_mixin.py:190} INFO - https://api.atresplayer.com/client/v1/row/programming/5a6a17da7ed1a834493ebf6d?date=22-12-2024
[2024-12-22T23:30:06.112+0000] {logging_mixin.py:190} INFO - https://api.atresplayer.com/client/v1/row/programming/5a6a17da7ed1a834493ebf6d?date=23-12-2024
[2024-12-22T23:30:06.152+0000] {logging_mixin.py:190} INFO - Escrito el xmltv del canal "Neox"
[2024-12-22T23:30:07.955+0000] {logging_mixin.py:190} INFO - Archivo actualizado correctamente.
[2024-12-22T23:30:07.956+0000] {logging_mixin.py:190} INFO - https://api.atresplayer.com/client/v1/row/programming/5a6a180b7ed1a834493ebf6e?date=21-12-2024
[2024-12-22T23:30:07.991+0000] {logging_mixin.py:190} INFO - https://api.atresplayer.com/client/v1/row/programming/5a6a180b7ed1a834493ebf6e?date=22-12-2024
[2024-12-22T23:30:08.027+0000] {logging_mixin.py:190} INFO - https://api.atresplayer.com/client/v1/row/programming/5a6a180b7ed1a834493ebf6e?date=23-12-2024
[2024-12-22T23:30:08.065+0000] {logging_mixin.py:190} INFO - Escrito el xmltv del canal "Nova"
[2024-12-22T23:30:09.994+0000] {logging_mixin.py:190} INFO - Archivo actualizado correctamente.
[2024-12-22T23:30:09.995+0000] {logging_mixin.py:190} INFO - https://api.atresplayer.com/client/v1/row/programming/5a6a18357ed1a834493ebf6f?date=21-12-2024
[2024-12-22T23:30:10.027+0000] {logging_mixin.py:190} INFO - https://api.atresplayer.com/client/v1/row/programming/5a6a18357ed1a834493ebf6f?date=22-12-2024
[2024-12-22T23:30:10.062+0000] {logging_mixin.py:190} INFO - https://api.atresplayer.com/client/v1/row/programming/5a6a18357ed1a834493ebf6f?date=23-12-2024
[2024-12-22T23:30:10.103+0000] {logging_mixin.py:190} INFO - Escrito el xmltv del canal "Mega"
[2024-12-22T23:30:11.917+0000] {logging_mixin.py:190} INFO - Archivo actualizado correctamente.
[2024-12-22T23:30:11.918+0000] {logging_mixin.py:190} INFO - https://api.atresplayer.com/client/v1/row/programming/5a6a189a7ed1a834493ebf70?date=21-12-2024
[2024-12-22T23:30:11.955+0000] {logging_mixin.py:190} INFO - https://api.atresplayer.com/client/v1/row/programming/5a6a189a7ed1a834493ebf70?date=22-12-2024
[2024-12-22T23:30:11.991+0000] {logging_mixin.py:190} INFO - https://api.atresplayer.com/client/v1/row/programming/5a6a189a7ed1a834493ebf70?date=23-12-2024
[2024-12-22T23:30:12.029+0000] {logging_mixin.py:190} INFO - Escrito el xmltv del canal "Atreseries"
[2024-12-22T23:30:13.788+0000] {logging_mixin.py:190} INFO - Archivo actualizado correctamente.
[2024-12-22T23:30:13.789+0000] {python.py:240} INFO - Done. Returned value was: None
[2024-12-22T23:30:13.795+0000] {taskinstance.py:340} INFO - ::group::Post task execution logs
[2024-12-22T23:30:13.795+0000] {taskinstance.py:352} INFO - Marking task as SUCCESS. dag_id=a3media_schedule_scraper, task_id=scrape_a3media_task, run_id=scheduled__2024-12-22T17:30:00+00:00, execution_date=20241222T173000, start_date=20241222T233001, end_date=20241222T233013
[2024-12-22T23:30:13.822+0000] {local_task_job_runner.py:266} INFO - Task exited with return code 0
[2024-12-22T23:30:13.835+0000] {taskinstance.py:3895} INFO - 1 downstream tasks scheduled from follow-on schedule check
[2024-12-22T23:30:13.836+0000] {local_task_job_runner.py:245} INFO - ::endgroup::
