[2024-12-08T10:05:49.360+0000] {local_task_job_runner.py:123} INFO - ::group::Pre task execution logs
[2024-12-08T10:05:49.368+0000] {taskinstance.py:2613} INFO - Dependencies all met for dep_context=non-requeueable deps ti=<TaskInstance: telemadrid_schedule_scraper.scrape_telemadrid_schedule manual__2024-12-08T10:05:48.565289+00:00 [queued]>
[2024-12-08T10:05:49.373+0000] {taskinstance.py:2613} INFO - Dependencies all met for dep_context=requeueable deps ti=<TaskInstance: telemadrid_schedule_scraper.scrape_telemadrid_schedule manual__2024-12-08T10:05:48.565289+00:00 [queued]>
[2024-12-08T10:05:49.373+0000] {taskinstance.py:2866} INFO - Starting attempt 1 of 4
[2024-12-08T10:05:49.379+0000] {taskinstance.py:2889} INFO - Executing <Task(_PythonDecoratedOperator): scrape_telemadrid_schedule> on 2024-12-08 10:05:48.565289+00:00
[2024-12-08T10:05:49.383+0000] {warnings.py:112} WARNING - /home/***/.local/lib/python3.12/site-packages/***/task/task_runner/standard_task_runner.py:70: DeprecationWarning: This process (pid=200) is multi-threaded, use of fork() may lead to deadlocks in the child.
  pid = os.fork()

[2024-12-08T10:05:49.384+0000] {standard_task_runner.py:72} INFO - Started process 201 to run task
[2024-12-08T10:05:49.384+0000] {standard_task_runner.py:104} INFO - Running: ['***', 'tasks', 'run', 'telemadrid_schedule_scraper', 'scrape_telemadrid_schedule', 'manual__2024-12-08T10:05:48.565289+00:00', '--job-id', '2123', '--raw', '--subdir', 'DAGS_FOLDER/dag_telemadrid.py', '--cfg-path', '/tmp/tmpmqpopltg']
[2024-12-08T10:05:49.385+0000] {standard_task_runner.py:105} INFO - Job 2123: Subtask scrape_telemadrid_schedule
[2024-12-08T10:05:49.408+0000] {task_command.py:467} INFO - Running <TaskInstance: telemadrid_schedule_scraper.scrape_telemadrid_schedule manual__2024-12-08T10:05:48.565289+00:00 [running]> on host b605548c7b8b
[2024-12-08T10:05:49.449+0000] {taskinstance.py:3132} INFO - Exporting env vars: AIRFLOW_CTX_DAG_OWNER='***' AIRFLOW_CTX_DAG_ID='telemadrid_schedule_scraper' AIRFLOW_CTX_TASK_ID='scrape_telemadrid_schedule' AIRFLOW_CTX_EXECUTION_DATE='2024-12-08T10:05:48.565289+00:00' AIRFLOW_CTX_TRY_NUMBER='1' AIRFLOW_CTX_DAG_RUN_ID='manual__2024-12-08T10:05:48.565289+00:00'
[2024-12-08T10:05:49.450+0000] {taskinstance.py:731} INFO - ::endgroup::
[2024-12-08T10:05:49.736+0000] {logging_mixin.py:190} INFO - Escrito el xmltv del canal "Telemadrid"
[2024-12-08T10:05:51.498+0000] {logging_mixin.py:190} INFO - Archivo actualizado correctamente.
[2024-12-08T10:05:51.499+0000] {python.py:240} INFO - Done. Returned value was: None
[2024-12-08T10:05:51.504+0000] {taskinstance.py:340} INFO - ::group::Post task execution logs
[2024-12-08T10:05:51.504+0000] {taskinstance.py:352} INFO - Marking task as SUCCESS. dag_id=telemadrid_schedule_scraper, task_id=scrape_telemadrid_schedule, run_id=manual__2024-12-08T10:05:48.565289+00:00, execution_date=20241208T100548, start_date=20241208T100549, end_date=20241208T100551
[2024-12-08T10:05:51.523+0000] {local_task_job_runner.py:266} INFO - Task exited with return code 0
[2024-12-08T10:05:51.536+0000] {taskinstance.py:3895} INFO - 1 downstream tasks scheduled from follow-on schedule check
[2024-12-08T10:05:51.537+0000] {local_task_job_runner.py:245} INFO - ::endgroup::
