[2024-12-09T14:56:52.666+0000] {local_task_job_runner.py:123} INFO - ::group::Pre task execution logs
[2024-12-09T14:56:52.674+0000] {taskinstance.py:2613} INFO - Dependencies all met for dep_context=non-requeueable deps ti=<TaskInstance: rtve_canarias_schedule_scraper.push_all_in_one scheduled__2024-12-09T05:30:00+00:00 [queued]>
[2024-12-09T14:56:52.678+0000] {taskinstance.py:2613} INFO - Dependencies all met for dep_context=requeueable deps ti=<TaskInstance: rtve_canarias_schedule_scraper.push_all_in_one scheduled__2024-12-09T05:30:00+00:00 [queued]>
[2024-12-09T14:56:52.679+0000] {taskinstance.py:2866} INFO - Starting attempt 1 of 5
[2024-12-09T14:56:52.687+0000] {taskinstance.py:2889} INFO - Executing <Task(_PythonDecoratedOperator): push_all_in_one> on 2024-12-09 05:30:00+00:00
[2024-12-09T14:56:52.691+0000] {warnings.py:112} WARNING - /home/***/.local/lib/python3.12/site-packages/***/task/task_runner/standard_task_runner.py:70: DeprecationWarning: This process (pid=185) is multi-threaded, use of fork() may lead to deadlocks in the child.
  pid = os.fork()

[2024-12-09T14:56:52.691+0000] {standard_task_runner.py:72} INFO - Started process 186 to run task
[2024-12-09T14:56:52.692+0000] {standard_task_runner.py:104} INFO - Running: ['***', 'tasks', 'run', 'rtve_canarias_schedule_scraper', 'push_all_in_one', 'scheduled__2024-12-09T05:30:00+00:00', '--job-id', '2211', '--raw', '--subdir', 'DAGS_FOLDER/dag_rtve_canarias_selenium.py', '--cfg-path', '/tmp/tmp16hx6s4c']
[2024-12-09T14:56:52.693+0000] {standard_task_runner.py:105} INFO - Job 2211: Subtask push_all_in_one
[2024-12-09T14:56:52.715+0000] {task_command.py:467} INFO - Running <TaskInstance: rtve_canarias_schedule_scraper.push_all_in_one scheduled__2024-12-09T05:30:00+00:00 [running]> on host b605548c7b8b
[2024-12-09T14:56:52.755+0000] {taskinstance.py:3132} INFO - Exporting env vars: AIRFLOW_CTX_DAG_OWNER='***' AIRFLOW_CTX_DAG_ID='rtve_canarias_schedule_scraper' AIRFLOW_CTX_TASK_ID='push_all_in_one' AIRFLOW_CTX_EXECUTION_DATE='2024-12-09T05:30:00+00:00' AIRFLOW_CTX_TRY_NUMBER='1' AIRFLOW_CTX_DAG_RUN_ID='scheduled__2024-12-09T05:30:00+00:00'
[2024-12-09T14:56:52.757+0000] {taskinstance.py:731} INFO - ::endgroup::
[2024-12-09T14:56:57.137+0000] {logging_mixin.py:190} INFO - Error: 422 {"message": "Invalid request.\n\n\"sha\" wasn't supplied.", "documentation_url": "https://docs.github.com/rest/repos/contents#create-or-update-file-contents", "status": "422"}
[2024-12-09T14:56:57.138+0000] {python.py:240} INFO - Done. Returned value was: None
[2024-12-09T14:56:57.144+0000] {taskinstance.py:340} INFO - ::group::Post task execution logs
[2024-12-09T14:56:57.144+0000] {taskinstance.py:352} INFO - Marking task as SUCCESS. dag_id=rtve_canarias_schedule_scraper, task_id=push_all_in_one, run_id=scheduled__2024-12-09T05:30:00+00:00, execution_date=20241209T053000, start_date=20241209T145652, end_date=20241209T145657
[2024-12-09T14:56:57.156+0000] {local_task_job_runner.py:266} INFO - Task exited with return code 0
[2024-12-09T14:56:57.165+0000] {taskinstance.py:3895} INFO - 0 downstream tasks scheduled from follow-on schedule check
[2024-12-09T14:56:57.166+0000] {local_task_job_runner.py:245} INFO - ::endgroup::
