[2024-12-12T17:30:14.848+0000] {local_task_job_runner.py:123} INFO - ::group::Pre task execution logs
[2024-12-12T17:30:14.858+0000] {taskinstance.py:2613} INFO - Dependencies all met for dep_context=non-requeueable deps ti=<TaskInstance: rtve_canarias_schedule_scraper.merge_all_xml scheduled__2024-12-12T11:30:00+00:00 [queued]>
[2024-12-12T17:30:14.863+0000] {taskinstance.py:2613} INFO - Dependencies all met for dep_context=requeueable deps ti=<TaskInstance: rtve_canarias_schedule_scraper.merge_all_xml scheduled__2024-12-12T11:30:00+00:00 [queued]>
[2024-12-12T17:30:14.864+0000] {taskinstance.py:2866} INFO - Starting attempt 1 of 5
[2024-12-12T17:30:14.873+0000] {taskinstance.py:2889} INFO - Executing <Task(_PythonDecoratedOperator): merge_all_xml> on 2024-12-12 11:30:00+00:00
[2024-12-12T17:30:14.877+0000] {warnings.py:112} WARNING - /home/***/.local/lib/python3.12/site-packages/***/task/task_runner/standard_task_runner.py:70: DeprecationWarning: This process (pid=21672) is multi-threaded, use of fork() may lead to deadlocks in the child.
  pid = os.fork()

[2024-12-12T17:30:14.878+0000] {standard_task_runner.py:72} INFO - Started process 21673 to run task
[2024-12-12T17:30:14.878+0000] {standard_task_runner.py:104} INFO - Running: ['***', 'tasks', 'run', 'rtve_canarias_schedule_scraper', 'merge_all_xml', 'scheduled__2024-12-12T11:30:00+00:00', '--job-id', '2387', '--raw', '--subdir', 'DAGS_FOLDER/dag_rtve_canarias_selenium.py', '--cfg-path', '/tmp/tmp528esr9g']
[2024-12-12T17:30:14.880+0000] {standard_task_runner.py:105} INFO - Job 2387: Subtask merge_all_xml
[2024-12-12T17:30:14.907+0000] {task_command.py:467} INFO - Running <TaskInstance: rtve_canarias_schedule_scraper.merge_all_xml scheduled__2024-12-12T11:30:00+00:00 [running]> on host b605548c7b8b
[2024-12-12T17:30:14.955+0000] {taskinstance.py:3132} INFO - Exporting env vars: AIRFLOW_CTX_DAG_OWNER='***' AIRFLOW_CTX_DAG_ID='rtve_canarias_schedule_scraper' AIRFLOW_CTX_TASK_ID='merge_all_xml' AIRFLOW_CTX_EXECUTION_DATE='2024-12-12T11:30:00+00:00' AIRFLOW_CTX_TRY_NUMBER='1' AIRFLOW_CTX_DAG_RUN_ID='scheduled__2024-12-12T11:30:00+00:00'
[2024-12-12T17:30:14.956+0000] {taskinstance.py:731} INFO - ::endgroup::
[2024-12-12T17:30:15.197+0000] {logging_mixin.py:190} INFO - [INFO] Generado el archivo "all_in_one.xml"
[2024-12-12T17:30:15.199+0000] {python.py:240} INFO - Done. Returned value was: None
[2024-12-12T17:30:15.206+0000] {taskinstance.py:340} INFO - ::group::Post task execution logs
[2024-12-12T17:30:15.207+0000] {taskinstance.py:352} INFO - Marking task as SUCCESS. dag_id=rtve_canarias_schedule_scraper, task_id=merge_all_xml, run_id=scheduled__2024-12-12T11:30:00+00:00, execution_date=20241212T113000, start_date=20241212T173014, end_date=20241212T173015
[2024-12-12T17:30:15.252+0000] {local_task_job_runner.py:266} INFO - Task exited with return code 0
[2024-12-12T17:30:15.265+0000] {taskinstance.py:3895} INFO - 1 downstream tasks scheduled from follow-on schedule check
[2024-12-12T17:30:15.267+0000] {local_task_job_runner.py:245} INFO - ::endgroup::
