[2024-12-05T00:34:35.387+0000] {local_task_job_runner.py:123} INFO - ::group::Pre task execution logs
[2024-12-05T00:34:35.396+0000] {taskinstance.py:2613} INFO - Dependencies all met for dep_context=non-requeueable deps ti=<TaskInstance: rtve_schedule_scraper.scrape_rtve_schedule manual__2024-12-05T00:34:34.111523+00:00 [queued]>
[2024-12-05T00:34:35.399+0000] {taskinstance.py:2613} INFO - Dependencies all met for dep_context=requeueable deps ti=<TaskInstance: rtve_schedule_scraper.scrape_rtve_schedule manual__2024-12-05T00:34:34.111523+00:00 [queued]>
[2024-12-05T00:34:35.400+0000] {taskinstance.py:2866} INFO - Starting attempt 1 of 2
[2024-12-05T00:34:35.406+0000] {taskinstance.py:2889} INFO - Executing <Task(PythonOperator): scrape_rtve_schedule> on 2024-12-05 00:34:34.111523+00:00
[2024-12-05T00:34:35.410+0000] {warnings.py:112} WARNING - /home/***/.local/lib/python3.12/site-packages/***/task/task_runner/standard_task_runner.py:70: DeprecationWarning: This process (pid=104) is multi-threaded, use of fork() may lead to deadlocks in the child.
  pid = os.fork()

[2024-12-05T00:34:35.411+0000] {standard_task_runner.py:72} INFO - Started process 105 to run task
[2024-12-05T00:34:35.412+0000] {standard_task_runner.py:104} INFO - Running: ['***', 'tasks', 'run', 'rtve_schedule_scraper', 'scrape_rtve_schedule', 'manual__2024-12-05T00:34:34.111523+00:00', '--job-id', '544', '--raw', '--subdir', 'DAGS_FOLDER/dag_rtve_selenium.py', '--cfg-path', '/tmp/tmp74s5cyfo']
[2024-12-05T00:34:35.413+0000] {standard_task_runner.py:105} INFO - Job 544: Subtask scrape_rtve_schedule
[2024-12-05T00:34:35.439+0000] {task_command.py:467} INFO - Running <TaskInstance: rtve_schedule_scraper.scrape_rtve_schedule manual__2024-12-05T00:34:34.111523+00:00 [running]> on host d88abb179e8d
[2024-12-05T00:34:35.487+0000] {taskinstance.py:3132} INFO - Exporting env vars: AIRFLOW_CTX_DAG_OWNER='***' AIRFLOW_CTX_DAG_ID='rtve_schedule_scraper' AIRFLOW_CTX_TASK_ID='scrape_rtve_schedule' AIRFLOW_CTX_EXECUTION_DATE='2024-12-05T00:34:34.111523+00:00' AIRFLOW_CTX_TRY_NUMBER='1' AIRFLOW_CTX_DAG_RUN_ID='manual__2024-12-05T00:34:34.111523+00:00'
[2024-12-05T00:34:35.488+0000] {taskinstance.py:731} INFO - ::endgroup::
[2024-12-05T00:34:44.573+0000] {logging_mixin.py:190} INFO - Archivo actualizado correctamente.
[2024-12-05T00:34:44.575+0000] {logging_mixin.py:190} INFO - Escrito el xmltv del canal "La 1"
[2024-12-05T00:34:46.519+0000] {logging_mixin.py:190} INFO - Archivo actualizado correctamente.
[2024-12-05T00:34:46.520+0000] {logging_mixin.py:190} INFO - Escrito el xmltv del canal "La 2"
[2024-12-05T00:34:48.346+0000] {logging_mixin.py:190} INFO - Archivo actualizado correctamente.
[2024-12-05T00:34:48.347+0000] {logging_mixin.py:190} INFO - Escrito el xmltv del canal "Teledeporte"
[2024-12-05T00:34:50.329+0000] {logging_mixin.py:190} INFO - Archivo actualizado correctamente.
[2024-12-05T00:34:50.329+0000] {logging_mixin.py:190} INFO - Escrito el xmltv del canal "24 horas"
[2024-12-05T00:34:53.166+0000] {logging_mixin.py:190} INFO - Archivo actualizado correctamente.
[2024-12-05T00:34:53.263+0000] {logging_mixin.py:190} INFO - Escrito el xmltv del canal "Clan"
[2024-12-05T00:34:53.346+0000] {python.py:240} INFO - Done. Returned value was: None
[2024-12-05T00:34:53.352+0000] {taskinstance.py:340} INFO - ::group::Post task execution logs
[2024-12-05T00:34:53.352+0000] {taskinstance.py:352} INFO - Marking task as SUCCESS. dag_id=rtve_schedule_scraper, task_id=scrape_rtve_schedule, run_id=manual__2024-12-05T00:34:34.111523+00:00, execution_date=20241205T003434, start_date=20241205T003435, end_date=20241205T003453
[2024-12-05T00:34:53.383+0000] {local_task_job_runner.py:266} INFO - Task exited with return code 0
[2024-12-05T00:34:53.395+0000] {taskinstance.py:3895} INFO - 1 downstream tasks scheduled from follow-on schedule check
[2024-12-05T00:34:53.396+0000] {local_task_job_runner.py:245} INFO - ::endgroup::
