[2024-12-06T12:50:43.939+0000] {local_task_job_runner.py:123} INFO - ::group::Pre task execution logs
[2024-12-06T12:50:43.955+0000] {taskinstance.py:2613} INFO - Dependencies all met for dep_context=non-requeueable deps ti=<TaskInstance: telemadrid_schedule_scraper_v2.scrape_telemadrid_schedule scheduled__2024-01-11T12:00:00+00:00 [queued]>
[2024-12-06T12:50:43.962+0000] {taskinstance.py:2613} INFO - Dependencies all met for dep_context=requeueable deps ti=<TaskInstance: telemadrid_schedule_scraper_v2.scrape_telemadrid_schedule scheduled__2024-01-11T12:00:00+00:00 [queued]>
[2024-12-06T12:50:43.963+0000] {taskinstance.py:2866} INFO - Starting attempt 1 of 5
[2024-12-06T12:50:43.972+0000] {taskinstance.py:2889} INFO - Executing <Task(_PythonDecoratedOperator): scrape_telemadrid_schedule> on 2024-01-11 12:00:00+00:00
[2024-12-06T12:50:43.976+0000] {warnings.py:112} WARNING - /home/***/.local/lib/python3.12/site-packages/***/task/task_runner/standard_task_runner.py:70: DeprecationWarning: This process (pid=182) is multi-threaded, use of fork() may lead to deadlocks in the child.
  pid = os.fork()

[2024-12-06T12:50:43.978+0000] {standard_task_runner.py:72} INFO - Started process 194 to run task
[2024-12-06T12:50:43.980+0000] {standard_task_runner.py:104} INFO - Running: ['***', 'tasks', 'run', 'telemadrid_schedule_scraper_v2', 'scrape_telemadrid_schedule', 'scheduled__2024-01-11T12:00:00+00:00', '--job-id', '968', '--raw', '--subdir', 'DAGS_FOLDER/dag_telemadrid_v2.py', '--cfg-path', '/tmp/tmp5z5fs8o8']
[2024-12-06T12:50:43.982+0000] {standard_task_runner.py:105} INFO - Job 968: Subtask scrape_telemadrid_schedule
[2024-12-06T12:50:44.023+0000] {task_command.py:467} INFO - Running <TaskInstance: telemadrid_schedule_scraper_v2.scrape_telemadrid_schedule scheduled__2024-01-11T12:00:00+00:00 [running]> on host 01ebcafa06b4
[2024-12-06T12:50:44.083+0000] {taskinstance.py:3132} INFO - Exporting env vars: AIRFLOW_CTX_DAG_OWNER='***' AIRFLOW_CTX_DAG_ID='telemadrid_schedule_scraper_v2' AIRFLOW_CTX_TASK_ID='scrape_telemadrid_schedule' AIRFLOW_CTX_EXECUTION_DATE='2024-01-11T12:00:00+00:00' AIRFLOW_CTX_TRY_NUMBER='1' AIRFLOW_CTX_DAG_RUN_ID='scheduled__2024-01-11T12:00:00+00:00'
[2024-12-06T12:50:44.084+0000] {taskinstance.py:731} INFO - ::endgroup::
[2024-12-06T12:50:44.330+0000] {logging_mixin.py:190} INFO - Escrito el xmltv del canal "Telemadrid"
[2024-12-06T12:50:46.203+0000] {logging_mixin.py:190} INFO - Archivo actualizado correctamente.
[2024-12-06T12:50:46.204+0000] {python.py:240} INFO - Done. Returned value was: None
[2024-12-06T12:50:46.210+0000] {taskinstance.py:340} INFO - ::group::Post task execution logs
[2024-12-06T12:50:46.210+0000] {taskinstance.py:352} INFO - Marking task as SUCCESS. dag_id=telemadrid_schedule_scraper_v2, task_id=scrape_telemadrid_schedule, run_id=scheduled__2024-01-11T12:00:00+00:00, execution_date=20240111T120000, start_date=20241206T125043, end_date=20241206T125046
[2024-12-06T12:50:46.238+0000] {local_task_job_runner.py:266} INFO - Task exited with return code 0
[2024-12-06T12:50:46.255+0000] {taskinstance.py:3895} INFO - 1 downstream tasks scheduled from follow-on schedule check
[2024-12-06T12:50:46.256+0000] {local_task_job_runner.py:245} INFO - ::endgroup::
