[2024-12-15T23:30:01.726+0000] {local_task_job_runner.py:123} INFO - ::group::Pre task execution logs
[2024-12-15T23:30:01.743+0000] {taskinstance.py:2613} INFO - Dependencies all met for dep_context=non-requeueable deps ti=<TaskInstance: mediaset_schedule_scraper.scrape_mediaset_schedule scheduled__2024-12-15T17:30:00+00:00 [queued]>
[2024-12-15T23:30:01.751+0000] {taskinstance.py:2613} INFO - Dependencies all met for dep_context=requeueable deps ti=<TaskInstance: mediaset_schedule_scraper.scrape_mediaset_schedule scheduled__2024-12-15T17:30:00+00:00 [queued]>
[2024-12-15T23:30:01.752+0000] {taskinstance.py:2866} INFO - Starting attempt 1 of 5
[2024-12-15T23:30:01.760+0000] {taskinstance.py:2889} INFO - Executing <Task(_PythonDecoratedOperator): scrape_mediaset_schedule> on 2024-12-15 17:30:00+00:00
[2024-12-15T23:30:01.766+0000] {warnings.py:112} WARNING - /home/***/.local/lib/python3.12/site-packages/***/task/task_runner/standard_task_runner.py:70: DeprecationWarning: This process (pid=10517) is multi-threaded, use of fork() may lead to deadlocks in the child.
  pid = os.fork()

[2024-12-15T23:30:01.769+0000] {standard_task_runner.py:72} INFO - Started process 10524 to run task
[2024-12-15T23:30:01.767+0000] {standard_task_runner.py:104} INFO - Running: ['***', 'tasks', 'run', 'mediaset_schedule_scraper', 'scrape_mediaset_schedule', 'scheduled__2024-12-15T17:30:00+00:00', '--job-id', '2564', '--raw', '--subdir', 'DAGS_FOLDER/dag_mediaset.py', '--cfg-path', '/tmp/tmpky_tfixw']
[2024-12-15T23:30:01.771+0000] {standard_task_runner.py:105} INFO - Job 2564: Subtask scrape_mediaset_schedule
[2024-12-15T23:30:01.813+0000] {task_command.py:467} INFO - Running <TaskInstance: mediaset_schedule_scraper.scrape_mediaset_schedule scheduled__2024-12-15T17:30:00+00:00 [running]> on host b605548c7b8b
[2024-12-15T23:30:01.882+0000] {taskinstance.py:3132} INFO - Exporting env vars: AIRFLOW_CTX_DAG_OWNER='***' AIRFLOW_CTX_DAG_ID='mediaset_schedule_scraper' AIRFLOW_CTX_TASK_ID='scrape_mediaset_schedule' AIRFLOW_CTX_EXECUTION_DATE='2024-12-15T17:30:00+00:00' AIRFLOW_CTX_TRY_NUMBER='1' AIRFLOW_CTX_DAG_RUN_ID='scheduled__2024-12-15T17:30:00+00:00'
[2024-12-15T23:30:01.884+0000] {taskinstance.py:731} INFO - ::endgroup::
[2024-12-15T23:30:05.923+0000] {logging_mixin.py:190} INFO - Generando XML para el canal Telecinco
[2024-12-15T23:30:05.927+0000] {logging_mixin.py:190} INFO - Escrito el xml del canal "Telecinco"
[2024-12-15T23:30:07.598+0000] {logging_mixin.py:190} INFO - Archivo actualizado correctamente.
[2024-12-15T23:30:07.599+0000] {logging_mixin.py:190} INFO - Generando XML para el canal Cuatro
[2024-12-15T23:30:07.601+0000] {logging_mixin.py:190} INFO - Escrito el xml del canal "Cuatro"
[2024-12-15T23:30:09.403+0000] {logging_mixin.py:190} INFO - Archivo actualizado correctamente.
[2024-12-15T23:30:09.404+0000] {logging_mixin.py:190} INFO - Generando XML para el canal Gh 24h plus
[2024-12-15T23:30:09.406+0000] {logging_mixin.py:190} INFO - Escrito el xml del canal "Gh 24h plus"
[2024-12-15T23:30:11.035+0000] {logging_mixin.py:190} INFO - Archivo actualizado correctamente.
[2024-12-15T23:30:11.035+0000] {logging_mixin.py:190} INFO - Generando XML para el canal Gh 24h
[2024-12-15T23:30:11.038+0000] {logging_mixin.py:190} INFO - Escrito el xml del canal "Gh 24h"
[2024-12-15T23:30:12.592+0000] {logging_mixin.py:190} INFO - Archivo actualizado correctamente.
[2024-12-15T23:30:12.593+0000] {logging_mixin.py:190} INFO - Generando XML para el canal Mitele en la calle
[2024-12-15T23:30:12.595+0000] {logging_mixin.py:190} INFO - Escrito el xml del canal "Mitele en la calle"
[2024-12-15T23:30:14.318+0000] {logging_mixin.py:190} INFO - Archivo actualizado correctamente.
[2024-12-15T23:30:14.319+0000] {logging_mixin.py:190} INFO - Generando XML para el canal Mitele viajes
[2024-12-15T23:30:14.321+0000] {logging_mixin.py:190} INFO - Escrito el xml del canal "Mitele viajes"
[2024-12-15T23:30:17.313+0000] {logging_mixin.py:190} INFO - Error: 422 {"message": "Invalid request.\n\n\"sha\" wasn't supplied.", "documentation_url": "https://docs.github.com/rest/repos/contents#create-or-update-file-contents", "status": "422"}
[2024-12-15T23:30:17.314+0000] {logging_mixin.py:190} INFO - Generando XML para el canal Mitele plus lqsa
[2024-12-15T23:30:17.316+0000] {logging_mixin.py:190} INFO - Escrito el xml del canal "Mitele plus lqsa"
[2024-12-15T23:30:19.060+0000] {logging_mixin.py:190} INFO - Archivo actualizado correctamente.
[2024-12-15T23:30:19.060+0000] {logging_mixin.py:190} INFO - Generando XML para el canal Mitele comedia
[2024-12-15T23:30:19.063+0000] {logging_mixin.py:190} INFO - Escrito el xml del canal "Mitele comedia"
[2024-12-15T23:30:20.924+0000] {logging_mixin.py:190} INFO - Archivo actualizado correctamente.
[2024-12-15T23:30:20.925+0000] {logging_mixin.py:190} INFO - Generando XML para el canal Mitele top series
[2024-12-15T23:30:20.927+0000] {logging_mixin.py:190} INFO - Escrito el xml del canal "Mitele top series"
[2024-12-15T23:30:22.648+0000] {logging_mixin.py:190} INFO - Archivo actualizado correctamente.
[2024-12-15T23:30:22.649+0000] {logging_mixin.py:190} INFO - Generando XML para el canal Divinity
[2024-12-15T23:30:22.652+0000] {logging_mixin.py:190} INFO - Escrito el xml del canal "Divinity"
[2024-12-15T23:30:24.520+0000] {logging_mixin.py:190} INFO - Archivo actualizado correctamente.
[2024-12-15T23:30:24.521+0000] {logging_mixin.py:190} INFO - Generando XML para el canal Fdf
[2024-12-15T23:30:24.523+0000] {logging_mixin.py:190} INFO - Escrito el xml del canal "Fdf"
[2024-12-15T23:30:26.177+0000] {logging_mixin.py:190} INFO - Archivo actualizado correctamente.
[2024-12-15T23:30:26.178+0000] {logging_mixin.py:190} INFO - Generando XML para el canal Energy
[2024-12-15T23:30:26.181+0000] {logging_mixin.py:190} INFO - Escrito el xml del canal "Energy"
[2024-12-15T23:30:27.904+0000] {logging_mixin.py:190} INFO - Archivo actualizado correctamente.
[2024-12-15T23:30:27.904+0000] {logging_mixin.py:190} INFO - Generando XML para el canal Bemad
[2024-12-15T23:30:27.907+0000] {logging_mixin.py:190} INFO - Escrito el xml del canal "Bemad"
[2024-12-15T23:30:29.597+0000] {logging_mixin.py:190} INFO - Archivo actualizado correctamente.
[2024-12-15T23:30:29.598+0000] {logging_mixin.py:190} INFO - Generando XML para el canal Boing
[2024-12-15T23:30:29.602+0000] {logging_mixin.py:190} INFO - Escrito el xml del canal "Boing"
[2024-12-15T23:30:31.685+0000] {logging_mixin.py:190} INFO - Archivo actualizado correctamente.
[2024-12-15T23:30:31.686+0000] {logging_mixin.py:190} INFO - Generando XML para el canal Acontraplus
[2024-12-15T23:30:31.689+0000] {logging_mixin.py:190} INFO - Escrito el xml del canal "Acontraplus"
[2024-12-15T23:30:33.348+0000] {logging_mixin.py:190} INFO - Archivo actualizado correctamente.
[2024-12-15T23:30:33.349+0000] {logging_mixin.py:190} INFO - Generando XML para el canal Fight sports
[2024-12-15T23:30:33.351+0000] {logging_mixin.py:190} INFO - Escrito el xml del canal "Fight sports"
[2024-12-15T23:30:35.016+0000] {logging_mixin.py:190} INFO - Archivo actualizado correctamente.
[2024-12-15T23:30:35.017+0000] {logging_mixin.py:190} INFO - Generando XML para el canal Mtmad 24h
[2024-12-15T23:30:35.019+0000] {logging_mixin.py:190} INFO - Escrito el xml del canal "Mtmad 24h"
[2024-12-15T23:30:36.652+0000] {logging_mixin.py:190} INFO - Archivo actualizado correctamente.
[2024-12-15T23:30:36.653+0000] {python.py:240} INFO - Done. Returned value was: None
[2024-12-15T23:30:36.661+0000] {taskinstance.py:340} INFO - ::group::Post task execution logs
[2024-12-15T23:30:36.661+0000] {taskinstance.py:352} INFO - Marking task as SUCCESS. dag_id=mediaset_schedule_scraper, task_id=scrape_mediaset_schedule, run_id=scheduled__2024-12-15T17:30:00+00:00, execution_date=20241215T173000, start_date=20241215T233001, end_date=20241215T233036
[2024-12-15T23:30:36.681+0000] {local_task_job_runner.py:266} INFO - Task exited with return code 0
[2024-12-15T23:30:36.699+0000] {taskinstance.py:3895} INFO - 1 downstream tasks scheduled from follow-on schedule check
[2024-12-15T23:30:36.700+0000] {local_task_job_runner.py:245} INFO - ::endgroup::
