[2024-12-09T17:30:01.045+0000] {local_task_job_runner.py:123} INFO - ::group::Pre task execution logs
[2024-12-09T17:30:01.054+0000] {taskinstance.py:2613} INFO - Dependencies all met for dep_context=non-requeueable deps ti=<TaskInstance: mediaset_schedule_scraper.scrape_mediaset_schedule scheduled__2024-12-09T11:30:00+00:00 [queued]>
[2024-12-09T17:30:01.058+0000] {taskinstance.py:2613} INFO - Dependencies all met for dep_context=requeueable deps ti=<TaskInstance: mediaset_schedule_scraper.scrape_mediaset_schedule scheduled__2024-12-09T11:30:00+00:00 [queued]>
[2024-12-09T17:30:01.058+0000] {taskinstance.py:2866} INFO - Starting attempt 1 of 5
[2024-12-09T17:30:01.065+0000] {taskinstance.py:2889} INFO - Executing <Task(_PythonDecoratedOperator): scrape_mediaset_schedule> on 2024-12-09 11:30:00+00:00
[2024-12-09T17:30:01.069+0000] {warnings.py:112} WARNING - /home/***/.local/lib/python3.12/site-packages/***/task/task_runner/standard_task_runner.py:70: DeprecationWarning: This process (pid=2283) is multi-threaded, use of fork() may lead to deadlocks in the child.
  pid = os.fork()

[2024-12-09T17:30:01.071+0000] {standard_task_runner.py:72} INFO - Started process 2286 to run task
[2024-12-09T17:30:01.072+0000] {standard_task_runner.py:104} INFO - Running: ['***', 'tasks', 'run', 'mediaset_schedule_scraper', 'scrape_mediaset_schedule', 'scheduled__2024-12-09T11:30:00+00:00', '--job-id', '2227', '--raw', '--subdir', 'DAGS_FOLDER/dag_mediaset.py', '--cfg-path', '/tmp/tmpnlb2ks3m']
[2024-12-09T17:30:01.074+0000] {standard_task_runner.py:105} INFO - Job 2227: Subtask scrape_mediaset_schedule
[2024-12-09T17:30:01.107+0000] {task_command.py:467} INFO - Running <TaskInstance: mediaset_schedule_scraper.scrape_mediaset_schedule scheduled__2024-12-09T11:30:00+00:00 [running]> on host b605548c7b8b
[2024-12-09T17:30:01.151+0000] {taskinstance.py:3132} INFO - Exporting env vars: AIRFLOW_CTX_DAG_OWNER='***' AIRFLOW_CTX_DAG_ID='mediaset_schedule_scraper' AIRFLOW_CTX_TASK_ID='scrape_mediaset_schedule' AIRFLOW_CTX_EXECUTION_DATE='2024-12-09T11:30:00+00:00' AIRFLOW_CTX_TRY_NUMBER='1' AIRFLOW_CTX_DAG_RUN_ID='scheduled__2024-12-09T11:30:00+00:00'
[2024-12-09T17:30:01.152+0000] {taskinstance.py:731} INFO - ::endgroup::
[2024-12-09T17:30:11.952+0000] {logging_mixin.py:190} INFO - Generando XML para el canal Telecinco
[2024-12-09T17:30:11.955+0000] {logging_mixin.py:190} INFO - Escrito el xml del canal "Telecinco"
[2024-12-09T17:30:13.725+0000] {logging_mixin.py:190} INFO - Archivo actualizado correctamente.
[2024-12-09T17:30:13.726+0000] {logging_mixin.py:190} INFO - Generando XML para el canal Cuatro
[2024-12-09T17:30:13.729+0000] {logging_mixin.py:190} INFO - Escrito el xml del canal "Cuatro"
[2024-12-09T17:30:15.488+0000] {logging_mixin.py:190} INFO - Archivo actualizado correctamente.
[2024-12-09T17:30:15.488+0000] {logging_mixin.py:190} INFO - Generando XML para el canal Gh 24h plus
[2024-12-09T17:30:15.491+0000] {logging_mixin.py:190} INFO - Escrito el xml del canal "Gh 24h plus"
[2024-12-09T17:30:18.439+0000] {logging_mixin.py:190} INFO - Error: 422 {"message": "Invalid request.\n\n\"sha\" wasn't supplied.", "documentation_url": "https://docs.github.com/rest/repos/contents#create-or-update-file-contents", "status": "422"}
[2024-12-09T17:30:18.439+0000] {logging_mixin.py:190} INFO - Generando XML para el canal Gh 24h
[2024-12-09T17:30:18.441+0000] {logging_mixin.py:190} INFO - Escrito el xml del canal "Gh 24h"
[2024-12-09T17:30:22.273+0000] {logging_mixin.py:190} INFO - Archivo actualizado correctamente.
[2024-12-09T17:30:22.273+0000] {logging_mixin.py:190} INFO - Generando XML para el canal Mitele en la calle
[2024-12-09T17:30:22.277+0000] {logging_mixin.py:190} INFO - Escrito el xml del canal "Mitele en la calle"
[2024-12-09T17:30:24.053+0000] {logging_mixin.py:190} INFO - Archivo actualizado correctamente.
[2024-12-09T17:30:24.053+0000] {logging_mixin.py:190} INFO - Generando XML para el canal Mitele viajes
[2024-12-09T17:30:24.056+0000] {logging_mixin.py:190} INFO - Escrito el xml del canal "Mitele viajes"
[2024-12-09T17:30:25.916+0000] {logging_mixin.py:190} INFO - Archivo actualizado correctamente.
[2024-12-09T17:30:25.916+0000] {logging_mixin.py:190} INFO - Generando XML para el canal Mitele plus lqsa
[2024-12-09T17:30:25.919+0000] {logging_mixin.py:190} INFO - Escrito el xml del canal "Mitele plus lqsa"
[2024-12-09T17:30:27.642+0000] {logging_mixin.py:190} INFO - Archivo actualizado correctamente.
[2024-12-09T17:30:27.643+0000] {logging_mixin.py:190} INFO - Generando XML para el canal Mitele comedia
[2024-12-09T17:30:27.646+0000] {logging_mixin.py:190} INFO - Escrito el xml del canal "Mitele comedia"
[2024-12-09T17:30:29.386+0000] {logging_mixin.py:190} INFO - Archivo actualizado correctamente.
[2024-12-09T17:30:29.386+0000] {logging_mixin.py:190} INFO - Generando XML para el canal Mitele top series
[2024-12-09T17:30:29.389+0000] {logging_mixin.py:190} INFO - Escrito el xml del canal "Mitele top series"
[2024-12-09T17:30:31.151+0000] {logging_mixin.py:190} INFO - Archivo actualizado correctamente.
[2024-12-09T17:30:31.152+0000] {logging_mixin.py:190} INFO - Generando XML para el canal Divinity
[2024-12-09T17:30:31.154+0000] {logging_mixin.py:190} INFO - Escrito el xml del canal "Divinity"
[2024-12-09T17:30:32.956+0000] {logging_mixin.py:190} INFO - Archivo actualizado correctamente.
[2024-12-09T17:30:32.956+0000] {logging_mixin.py:190} INFO - Generando XML para el canal Fdf
[2024-12-09T17:30:32.960+0000] {logging_mixin.py:190} INFO - Escrito el xml del canal "Fdf"
[2024-12-09T17:30:34.754+0000] {logging_mixin.py:190} INFO - Archivo actualizado correctamente.
[2024-12-09T17:30:34.754+0000] {logging_mixin.py:190} INFO - Generando XML para el canal Energy
[2024-12-09T17:30:34.758+0000] {logging_mixin.py:190} INFO - Escrito el xml del canal "Energy"
[2024-12-09T17:30:36.685+0000] {logging_mixin.py:190} INFO - Archivo actualizado correctamente.
[2024-12-09T17:30:36.686+0000] {logging_mixin.py:190} INFO - Generando XML para el canal Bemad
[2024-12-09T17:30:36.688+0000] {logging_mixin.py:190} INFO - Escrito el xml del canal "Bemad"
[2024-12-09T17:30:38.438+0000] {logging_mixin.py:190} INFO - Archivo actualizado correctamente.
[2024-12-09T17:30:38.438+0000] {logging_mixin.py:190} INFO - Generando XML para el canal Boing
[2024-12-09T17:30:38.444+0000] {logging_mixin.py:190} INFO - Escrito el xml del canal "Boing"
[2024-12-09T17:30:40.296+0000] {logging_mixin.py:190} INFO - Archivo actualizado correctamente.
[2024-12-09T17:30:40.297+0000] {logging_mixin.py:190} INFO - Generando XML para el canal Acontraplus
[2024-12-09T17:30:40.299+0000] {logging_mixin.py:190} INFO - Escrito el xml del canal "Acontraplus"
[2024-12-09T17:30:42.090+0000] {logging_mixin.py:190} INFO - Archivo actualizado correctamente.
[2024-12-09T17:30:42.090+0000] {logging_mixin.py:190} INFO - Generando XML para el canal Fight sports
[2024-12-09T17:30:42.094+0000] {logging_mixin.py:190} INFO - Escrito el xml del canal "Fight sports"
[2024-12-09T17:30:45.844+0000] {logging_mixin.py:190} INFO - Archivo actualizado correctamente.
[2024-12-09T17:30:45.845+0000] {logging_mixin.py:190} INFO - Generando XML para el canal Mtmad 24h
[2024-12-09T17:30:45.846+0000] {logging_mixin.py:190} INFO - Escrito el xml del canal "Mtmad 24h"
[2024-12-09T17:30:47.519+0000] {logging_mixin.py:190} INFO - Archivo actualizado correctamente.
[2024-12-09T17:30:47.520+0000] {python.py:240} INFO - Done. Returned value was: None
[2024-12-09T17:30:47.525+0000] {taskinstance.py:340} INFO - ::group::Post task execution logs
[2024-12-09T17:30:47.526+0000] {taskinstance.py:352} INFO - Marking task as SUCCESS. dag_id=mediaset_schedule_scraper, task_id=scrape_mediaset_schedule, run_id=scheduled__2024-12-09T11:30:00+00:00, execution_date=20241209T113000, start_date=20241209T173001, end_date=20241209T173047
[2024-12-09T17:30:47.556+0000] {local_task_job_runner.py:266} INFO - Task exited with return code 0
[2024-12-09T17:30:47.568+0000] {taskinstance.py:3895} INFO - 1 downstream tasks scheduled from follow-on schedule check
[2024-12-09T17:30:47.569+0000] {local_task_job_runner.py:245} INFO - ::endgroup::
