[2024-12-23T09:48:16.324+0000] {local_task_job_runner.py:123} INFO - ::group::Pre task execution logs
[2024-12-23T09:48:16.333+0000] {taskinstance.py:2613} INFO - Dependencies all met for dep_context=non-requeueable deps ti=<TaskInstance: a3media_schedule_scraper.scrape_a3media_task scheduled__2024-12-22T23:30:00+00:00 [queued]>
[2024-12-23T09:48:16.338+0000] {taskinstance.py:2613} INFO - Dependencies all met for dep_context=requeueable deps ti=<TaskInstance: a3media_schedule_scraper.scrape_a3media_task scheduled__2024-12-22T23:30:00+00:00 [queued]>
[2024-12-23T09:48:16.338+0000] {taskinstance.py:2866} INFO - Starting attempt 1 of 5
[2024-12-23T09:48:16.346+0000] {taskinstance.py:2889} INFO - Executing <Task(_PythonDecoratedOperator): scrape_a3media_task> on 2024-12-22 23:30:00+00:00
[2024-12-23T09:48:16.350+0000] {warnings.py:112} WARNING - /home/***/.local/lib/python3.12/site-packages/***/task/task_runner/standard_task_runner.py:70: DeprecationWarning: This process (pid=97) is multi-threaded, use of fork() may lead to deadlocks in the child.
  pid = os.fork()

[2024-12-23T09:48:16.351+0000] {standard_task_runner.py:72} INFO - Started process 103 to run task
[2024-12-23T09:48:16.351+0000] {standard_task_runner.py:104} INFO - Running: ['***', 'tasks', 'run', 'a3media_schedule_scraper', 'scrape_a3media_task', 'scheduled__2024-12-22T23:30:00+00:00', '--job-id', '2634', '--raw', '--subdir', 'DAGS_FOLDER/dag_atresmedia.py', '--cfg-path', '/tmp/tmp94kyc4uy']
[2024-12-23T09:48:16.352+0000] {standard_task_runner.py:105} INFO - Job 2634: Subtask scrape_a3media_task
[2024-12-23T09:48:16.377+0000] {task_command.py:467} INFO - Running <TaskInstance: a3media_schedule_scraper.scrape_a3media_task scheduled__2024-12-22T23:30:00+00:00 [running]> on host b605548c7b8b
[2024-12-23T09:48:16.424+0000] {taskinstance.py:3132} INFO - Exporting env vars: AIRFLOW_CTX_DAG_OWNER='***' AIRFLOW_CTX_DAG_ID='a3media_schedule_scraper' AIRFLOW_CTX_TASK_ID='scrape_a3media_task' AIRFLOW_CTX_EXECUTION_DATE='2024-12-22T23:30:00+00:00' AIRFLOW_CTX_TRY_NUMBER='1' AIRFLOW_CTX_DAG_RUN_ID='scheduled__2024-12-22T23:30:00+00:00'
[2024-12-23T09:48:16.425+0000] {taskinstance.py:731} INFO - ::endgroup::
[2024-12-23T09:48:16.511+0000] {logging_mixin.py:190} INFO - https://api.atresplayer.com/client/v1/row/programming/5a6a165a7ed1a834493ebf6a?date=22-12-2024
[2024-12-23T09:48:16.548+0000] {logging_mixin.py:190} INFO - https://api.atresplayer.com/client/v1/row/programming/5a6a165a7ed1a834493ebf6a?date=23-12-2024
[2024-12-23T09:48:16.760+0000] {logging_mixin.py:190} INFO - https://api.atresplayer.com/client/v1/row/programming/5a6a165a7ed1a834493ebf6a?date=24-12-2024
[2024-12-23T09:48:16.808+0000] {logging_mixin.py:190} INFO - Escrito el xmltv del canal "Antena 3"
[2024-12-23T09:48:22.205+0000] {logging_mixin.py:190} INFO - Error: 422 {"message": "Invalid request.\n\n\"sha\" wasn't supplied.", "documentation_url": "https://docs.github.com/rest/repos/contents#create-or-update-file-contents", "status": "422"}
[2024-12-23T09:48:22.205+0000] {logging_mixin.py:190} INFO - https://api.atresplayer.com/client/v1/row/programming/5a6a172c7ed1a834493ebf6b?date=22-12-2024
[2024-12-23T09:48:22.238+0000] {logging_mixin.py:190} INFO - https://api.atresplayer.com/client/v1/row/programming/5a6a172c7ed1a834493ebf6b?date=23-12-2024
[2024-12-23T09:48:22.273+0000] {logging_mixin.py:190} INFO - https://api.atresplayer.com/client/v1/row/programming/5a6a172c7ed1a834493ebf6b?date=24-12-2024
[2024-12-23T09:48:22.307+0000] {logging_mixin.py:190} INFO - Escrito el xmltv del canal "laSexta"
[2024-12-23T09:48:25.257+0000] {logging_mixin.py:190} INFO - Error: 422 {"message": "Invalid request.\n\n\"sha\" wasn't supplied.", "documentation_url": "https://docs.github.com/rest/repos/contents#create-or-update-file-contents", "status": "422"}
[2024-12-23T09:48:25.258+0000] {logging_mixin.py:190} INFO - https://api.atresplayer.com/client/v1/row/programming/5a6a17da7ed1a834493ebf6d?date=22-12-2024
[2024-12-23T09:48:25.290+0000] {logging_mixin.py:190} INFO - https://api.atresplayer.com/client/v1/row/programming/5a6a17da7ed1a834493ebf6d?date=23-12-2024
[2024-12-23T09:48:25.323+0000] {logging_mixin.py:190} INFO - https://api.atresplayer.com/client/v1/row/programming/5a6a17da7ed1a834493ebf6d?date=24-12-2024
[2024-12-23T09:48:25.361+0000] {logging_mixin.py:190} INFO - Escrito el xmltv del canal "Neox"
[2024-12-23T09:48:28.716+0000] {logging_mixin.py:190} INFO - Error: 422 {"message": "Invalid request.\n\n\"sha\" wasn't supplied.", "documentation_url": "https://docs.github.com/rest/repos/contents#create-or-update-file-contents", "status": "422"}
[2024-12-23T09:48:28.717+0000] {logging_mixin.py:190} INFO - https://api.atresplayer.com/client/v1/row/programming/5a6a180b7ed1a834493ebf6e?date=22-12-2024
[2024-12-23T09:48:28.749+0000] {logging_mixin.py:190} INFO - https://api.atresplayer.com/client/v1/row/programming/5a6a180b7ed1a834493ebf6e?date=23-12-2024
[2024-12-23T09:48:28.785+0000] {logging_mixin.py:190} INFO - https://api.atresplayer.com/client/v1/row/programming/5a6a180b7ed1a834493ebf6e?date=24-12-2024
[2024-12-23T09:48:28.822+0000] {logging_mixin.py:190} INFO - Escrito el xmltv del canal "Nova"
[2024-12-23T09:48:30.597+0000] {logging_mixin.py:190} INFO - Archivo actualizado correctamente.
[2024-12-23T09:48:30.598+0000] {logging_mixin.py:190} INFO - https://api.atresplayer.com/client/v1/row/programming/5a6a18357ed1a834493ebf6f?date=22-12-2024
[2024-12-23T09:48:30.631+0000] {logging_mixin.py:190} INFO - https://api.atresplayer.com/client/v1/row/programming/5a6a18357ed1a834493ebf6f?date=23-12-2024
[2024-12-23T09:48:30.664+0000] {logging_mixin.py:190} INFO - https://api.atresplayer.com/client/v1/row/programming/5a6a18357ed1a834493ebf6f?date=24-12-2024
[2024-12-23T09:48:30.702+0000] {logging_mixin.py:190} INFO - Escrito el xmltv del canal "Mega"
[2024-12-23T09:48:32.667+0000] {logging_mixin.py:190} INFO - Archivo actualizado correctamente.
[2024-12-23T09:48:32.668+0000] {logging_mixin.py:190} INFO - https://api.atresplayer.com/client/v1/row/programming/5a6a189a7ed1a834493ebf70?date=22-12-2024
[2024-12-23T09:48:32.701+0000] {logging_mixin.py:190} INFO - https://api.atresplayer.com/client/v1/row/programming/5a6a189a7ed1a834493ebf70?date=23-12-2024
[2024-12-23T09:48:32.736+0000] {logging_mixin.py:190} INFO - https://api.atresplayer.com/client/v1/row/programming/5a6a189a7ed1a834493ebf70?date=24-12-2024
[2024-12-23T09:48:32.773+0000] {logging_mixin.py:190} INFO - Escrito el xmltv del canal "Atreseries"
[2024-12-23T09:48:34.501+0000] {logging_mixin.py:190} INFO - Archivo actualizado correctamente.
[2024-12-23T09:48:34.501+0000] {python.py:240} INFO - Done. Returned value was: None
[2024-12-23T09:48:34.507+0000] {taskinstance.py:340} INFO - ::group::Post task execution logs
[2024-12-23T09:48:34.508+0000] {taskinstance.py:352} INFO - Marking task as SUCCESS. dag_id=a3media_schedule_scraper, task_id=scrape_a3media_task, run_id=scheduled__2024-12-22T23:30:00+00:00, execution_date=20241222T233000, start_date=20241223T094816, end_date=20241223T094834
[2024-12-23T09:48:34.554+0000] {local_task_job_runner.py:266} INFO - Task exited with return code 0
[2024-12-23T09:48:34.565+0000] {taskinstance.py:3895} INFO - 1 downstream tasks scheduled from follow-on schedule check
[2024-12-23T09:48:34.566+0000] {local_task_job_runner.py:245} INFO - ::endgroup::
