[2024-12-07T16:31:17.879+0000] {processor.py:186} INFO - Started process (PID=8724) to work on /opt/airflow/dags/dag_rtve_internacional_selenium.py
[2024-12-07T16:31:17.879+0000] {processor.py:914} INFO - Processing file /opt/airflow/dags/dag_rtve_internacional_selenium.py for tasks to queue
[2024-12-07T16:31:17.881+0000] {logging_mixin.py:190} INFO - [2024-12-07T16:31:17.881+0000] {dagbag.py:588} INFO - Filling up the DagBag from /opt/airflow/dags/dag_rtve_internacional_selenium.py
[2024-12-07T16:31:18.012+0000] {processor.py:925} INFO - DAG(s) 'rtve_internacional_schedule_scraper' retrieved from /opt/airflow/dags/dag_rtve_internacional_selenium.py
[2024-12-07T16:31:18.260+0000] {logging_mixin.py:190} INFO - [2024-12-07T16:31:18.259+0000] {override.py:1911} INFO - Created Permission View: can read on DAG:rtve_internacional_schedule_scraper
[2024-12-07T16:31:18.267+0000] {logging_mixin.py:190} INFO - [2024-12-07T16:31:18.267+0000] {override.py:1911} INFO - Created Permission View: can delete on DAG:rtve_internacional_schedule_scraper
[2024-12-07T16:31:18.273+0000] {logging_mixin.py:190} INFO - [2024-12-07T16:31:18.273+0000] {override.py:1911} INFO - Created Permission View: can edit on DAG:rtve_internacional_schedule_scraper
[2024-12-07T16:31:18.284+0000] {logging_mixin.py:190} INFO - [2024-12-07T16:31:18.284+0000] {override.py:1911} INFO - Created Permission View: menu access on DAG Run:rtve_internacional_schedule_scraper
[2024-12-07T16:31:18.292+0000] {logging_mixin.py:190} INFO - [2024-12-07T16:31:18.291+0000] {override.py:1911} INFO - Created Permission View: can read on DAG Run:rtve_internacional_schedule_scraper
[2024-12-07T16:31:18.297+0000] {logging_mixin.py:190} INFO - [2024-12-07T16:31:18.297+0000] {override.py:1911} INFO - Created Permission View: can delete on DAG Run:rtve_internacional_schedule_scraper
[2024-12-07T16:31:18.303+0000] {logging_mixin.py:190} INFO - [2024-12-07T16:31:18.303+0000] {override.py:1911} INFO - Created Permission View: can create on DAG Run:rtve_internacional_schedule_scraper
[2024-12-07T16:31:18.304+0000] {logging_mixin.py:190} INFO - [2024-12-07T16:31:18.303+0000] {dag.py:3239} INFO - Sync 1 DAGs
[2024-12-07T16:31:18.311+0000] {logging_mixin.py:190} INFO - [2024-12-07T16:31:18.310+0000] {dag.py:3262} INFO - Creating ORM DAG for rtve_internacional_schedule_scraper
[2024-12-07T16:31:18.317+0000] {logging_mixin.py:190} INFO - [2024-12-07T16:31:18.317+0000] {dag.py:4180} INFO - Setting next_dagrun for rtve_internacional_schedule_scraper to 2024-12-07 05:30:00+00:00, run_after=2024-12-07 11:30:00+00:00
[2024-12-07T16:31:18.332+0000] {processor.py:208} INFO - Processing /opt/airflow/dags/dag_rtve_internacional_selenium.py took 0.456 seconds
[2024-12-07T16:31:49.248+0000] {processor.py:186} INFO - Started process (PID=8740) to work on /opt/airflow/dags/dag_rtve_internacional_selenium.py
[2024-12-07T16:31:49.249+0000] {processor.py:914} INFO - Processing file /opt/airflow/dags/dag_rtve_internacional_selenium.py for tasks to queue
[2024-12-07T16:31:49.250+0000] {logging_mixin.py:190} INFO - [2024-12-07T16:31:49.250+0000] {dagbag.py:588} INFO - Filling up the DagBag from /opt/airflow/dags/dag_rtve_internacional_selenium.py
[2024-12-07T16:31:49.387+0000] {processor.py:925} INFO - DAG(s) 'rtve_internacional_schedule_scraper' retrieved from /opt/airflow/dags/dag_rtve_internacional_selenium.py
[2024-12-07T16:31:49.401+0000] {logging_mixin.py:190} INFO - [2024-12-07T16:31:49.401+0000] {dag.py:3239} INFO - Sync 1 DAGs
[2024-12-07T16:31:49.415+0000] {logging_mixin.py:190} INFO - [2024-12-07T16:31:49.415+0000] {dag.py:4180} INFO - Setting next_dagrun for rtve_internacional_schedule_scraper to 2024-12-07 05:30:00+00:00, run_after=2024-12-07 11:30:00+00:00
[2024-12-07T16:31:49.425+0000] {processor.py:208} INFO - Processing /opt/airflow/dags/dag_rtve_internacional_selenium.py took 0.180 seconds
[2024-12-07T16:32:20.162+0000] {processor.py:186} INFO - Started process (PID=8756) to work on /opt/airflow/dags/dag_rtve_internacional_selenium.py
[2024-12-07T16:32:20.163+0000] {processor.py:914} INFO - Processing file /opt/airflow/dags/dag_rtve_internacional_selenium.py for tasks to queue
[2024-12-07T16:32:20.165+0000] {logging_mixin.py:190} INFO - [2024-12-07T16:32:20.164+0000] {dagbag.py:588} INFO - Filling up the DagBag from /opt/airflow/dags/dag_rtve_internacional_selenium.py
[2024-12-07T16:32:20.295+0000] {processor.py:925} INFO - DAG(s) 'rtve_internacional_schedule_scraper' retrieved from /opt/airflow/dags/dag_rtve_internacional_selenium.py
[2024-12-07T16:32:20.308+0000] {logging_mixin.py:190} INFO - [2024-12-07T16:32:20.308+0000] {dag.py:3239} INFO - Sync 1 DAGs
[2024-12-07T16:32:20.321+0000] {logging_mixin.py:190} INFO - [2024-12-07T16:32:20.321+0000] {dag.py:4180} INFO - Setting next_dagrun for rtve_internacional_schedule_scraper to 2024-12-07 05:30:00+00:00, run_after=2024-12-07 11:30:00+00:00
[2024-12-07T16:32:20.330+0000] {processor.py:208} INFO - Processing /opt/airflow/dags/dag_rtve_internacional_selenium.py took 0.171 seconds
[2024-12-07T16:32:51.111+0000] {processor.py:186} INFO - Started process (PID=8772) to work on /opt/airflow/dags/dag_rtve_internacional_selenium.py
[2024-12-07T16:32:51.111+0000] {processor.py:914} INFO - Processing file /opt/airflow/dags/dag_rtve_internacional_selenium.py for tasks to queue
[2024-12-07T16:32:51.113+0000] {logging_mixin.py:190} INFO - [2024-12-07T16:32:51.112+0000] {dagbag.py:588} INFO - Filling up the DagBag from /opt/airflow/dags/dag_rtve_internacional_selenium.py
[2024-12-07T16:32:51.242+0000] {processor.py:925} INFO - DAG(s) 'rtve_internacional_schedule_scraper' retrieved from /opt/airflow/dags/dag_rtve_internacional_selenium.py
[2024-12-07T16:32:51.256+0000] {logging_mixin.py:190} INFO - [2024-12-07T16:32:51.256+0000] {dag.py:3239} INFO - Sync 1 DAGs
[2024-12-07T16:32:51.269+0000] {logging_mixin.py:190} INFO - [2024-12-07T16:32:51.269+0000] {dag.py:4180} INFO - Setting next_dagrun for rtve_internacional_schedule_scraper to 2024-12-07 05:30:00+00:00, run_after=2024-12-07 11:30:00+00:00
[2024-12-07T16:32:51.280+0000] {processor.py:208} INFO - Processing /opt/airflow/dags/dag_rtve_internacional_selenium.py took 0.173 seconds
[2024-12-07T16:33:22.031+0000] {processor.py:186} INFO - Started process (PID=8788) to work on /opt/airflow/dags/dag_rtve_internacional_selenium.py
[2024-12-07T16:33:22.032+0000] {processor.py:914} INFO - Processing file /opt/airflow/dags/dag_rtve_internacional_selenium.py for tasks to queue
[2024-12-07T16:33:22.033+0000] {logging_mixin.py:190} INFO - [2024-12-07T16:33:22.033+0000] {dagbag.py:588} INFO - Filling up the DagBag from /opt/airflow/dags/dag_rtve_internacional_selenium.py
[2024-12-07T16:33:22.163+0000] {processor.py:925} INFO - DAG(s) 'rtve_internacional_schedule_scraper' retrieved from /opt/airflow/dags/dag_rtve_internacional_selenium.py
[2024-12-07T16:33:22.176+0000] {logging_mixin.py:190} INFO - [2024-12-07T16:33:22.176+0000] {dag.py:3239} INFO - Sync 1 DAGs
[2024-12-07T16:33:22.188+0000] {logging_mixin.py:190} INFO - [2024-12-07T16:33:22.188+0000] {dag.py:4180} INFO - Setting next_dagrun for rtve_internacional_schedule_scraper to 2024-12-07 05:30:00+00:00, run_after=2024-12-07 11:30:00+00:00
[2024-12-07T16:33:22.198+0000] {processor.py:208} INFO - Processing /opt/airflow/dags/dag_rtve_internacional_selenium.py took 0.171 seconds
[2024-12-07T16:33:52.901+0000] {processor.py:186} INFO - Started process (PID=8804) to work on /opt/airflow/dags/dag_rtve_internacional_selenium.py
[2024-12-07T16:33:52.901+0000] {processor.py:914} INFO - Processing file /opt/airflow/dags/dag_rtve_internacional_selenium.py for tasks to queue
[2024-12-07T16:33:52.903+0000] {logging_mixin.py:190} INFO - [2024-12-07T16:33:52.903+0000] {dagbag.py:588} INFO - Filling up the DagBag from /opt/airflow/dags/dag_rtve_internacional_selenium.py
[2024-12-07T16:33:53.034+0000] {processor.py:925} INFO - DAG(s) 'rtve_internacional_schedule_scraper' retrieved from /opt/airflow/dags/dag_rtve_internacional_selenium.py
[2024-12-07T16:33:53.048+0000] {logging_mixin.py:190} INFO - [2024-12-07T16:33:53.048+0000] {dag.py:3239} INFO - Sync 1 DAGs
[2024-12-07T16:33:53.062+0000] {logging_mixin.py:190} INFO - [2024-12-07T16:33:53.062+0000] {dag.py:4180} INFO - Setting next_dagrun for rtve_internacional_schedule_scraper to 2024-12-07 05:30:00+00:00, run_after=2024-12-07 11:30:00+00:00
[2024-12-07T16:33:53.073+0000] {processor.py:208} INFO - Processing /opt/airflow/dags/dag_rtve_internacional_selenium.py took 0.175 seconds
