[2024-12-06T18:04:01.341+0000] {local_task_job_runner.py:123} INFO - ::group::Pre task execution logs
[2024-12-06T18:04:01.351+0000] {taskinstance.py:2613} INFO - Dependencies all met for dep_context=non-requeueable deps ti=<TaskInstance: rtve_schedule_scraper.scrape_rtve_schedule manual__2024-12-06T18:04:00.503877+00:00 [queued]>
[2024-12-06T18:04:01.355+0000] {taskinstance.py:2613} INFO - Dependencies all met for dep_context=requeueable deps ti=<TaskInstance: rtve_schedule_scraper.scrape_rtve_schedule manual__2024-12-06T18:04:00.503877+00:00 [queued]>
[2024-12-06T18:04:01.355+0000] {taskinstance.py:2866} INFO - Starting attempt 1 of 5
[2024-12-06T18:04:01.362+0000] {taskinstance.py:2889} INFO - Executing <Task(PythonOperator): scrape_rtve_schedule> on 2024-12-06 18:04:00.503877+00:00
[2024-12-06T18:04:01.367+0000] {warnings.py:112} WARNING - /home/***/.local/lib/python3.12/site-packages/***/task/task_runner/standard_task_runner.py:70: DeprecationWarning: This process (pid=969) is multi-threaded, use of fork() may lead to deadlocks in the child.
  pid = os.fork()

[2024-12-06T18:04:01.368+0000] {standard_task_runner.py:72} INFO - Started process 970 to run task
[2024-12-06T18:04:01.368+0000] {standard_task_runner.py:104} INFO - Running: ['***', 'tasks', 'run', 'rtve_schedule_scraper', 'scrape_rtve_schedule', 'manual__2024-12-06T18:04:00.503877+00:00', '--job-id', '1976', '--raw', '--subdir', 'DAGS_FOLDER/dag_rtve_selenium.py', '--cfg-path', '/tmp/tmpkyl_zto_']
[2024-12-06T18:04:01.369+0000] {standard_task_runner.py:105} INFO - Job 1976: Subtask scrape_rtve_schedule
[2024-12-06T18:04:01.392+0000] {task_command.py:467} INFO - Running <TaskInstance: rtve_schedule_scraper.scrape_rtve_schedule manual__2024-12-06T18:04:00.503877+00:00 [running]> on host b605548c7b8b
[2024-12-06T18:04:01.429+0000] {taskinstance.py:3132} INFO - Exporting env vars: AIRFLOW_CTX_DAG_OWNER='***' AIRFLOW_CTX_DAG_ID='rtve_schedule_scraper' AIRFLOW_CTX_TASK_ID='scrape_rtve_schedule' AIRFLOW_CTX_EXECUTION_DATE='2024-12-06T18:04:00.503877+00:00' AIRFLOW_CTX_TRY_NUMBER='1' AIRFLOW_CTX_DAG_RUN_ID='manual__2024-12-06T18:04:00.503877+00:00'
[2024-12-06T18:04:01.429+0000] {taskinstance.py:731} INFO - ::endgroup::
[2024-12-06T18:04:09.272+0000] {logging_mixin.py:190} INFO - Archivo actualizado correctamente.
[2024-12-06T18:04:09.273+0000] {logging_mixin.py:190} INFO - Escrito el xmltv del canal "La 1"
[2024-12-06T18:04:11.326+0000] {logging_mixin.py:190} INFO - Archivo actualizado correctamente.
[2024-12-06T18:04:11.327+0000] {logging_mixin.py:190} INFO - Escrito el xmltv del canal "La 2"
[2024-12-06T18:04:13.220+0000] {logging_mixin.py:190} INFO - Archivo actualizado correctamente.
[2024-12-06T18:04:13.221+0000] {logging_mixin.py:190} INFO - Escrito el xmltv del canal "Teledeporte"
[2024-12-06T18:04:15.212+0000] {logging_mixin.py:190} INFO - Archivo actualizado correctamente.
[2024-12-06T18:04:15.213+0000] {logging_mixin.py:190} INFO - Escrito el xmltv del canal "24 horas"
[2024-12-06T18:04:17.481+0000] {logging_mixin.py:190} INFO - Archivo actualizado correctamente.
[2024-12-06T18:04:17.481+0000] {logging_mixin.py:190} INFO - Escrito el xmltv del canal "Clan"
[2024-12-06T18:04:17.612+0000] {python.py:240} INFO - Done. Returned value was: None
[2024-12-06T18:04:17.618+0000] {taskinstance.py:340} INFO - ::group::Post task execution logs
[2024-12-06T18:04:17.618+0000] {taskinstance.py:352} INFO - Marking task as SUCCESS. dag_id=rtve_schedule_scraper, task_id=scrape_rtve_schedule, run_id=manual__2024-12-06T18:04:00.503877+00:00, execution_date=20241206T180400, start_date=20241206T180401, end_date=20241206T180417
[2024-12-06T18:04:17.656+0000] {local_task_job_runner.py:266} INFO - Task exited with return code 0
[2024-12-06T18:04:17.668+0000] {taskinstance.py:3895} INFO - 1 downstream tasks scheduled from follow-on schedule check
[2024-12-06T18:04:17.669+0000] {local_task_job_runner.py:245} INFO - ::endgroup::
