[2024-12-06T23:17:05.550+0000] {local_task_job_runner.py:123} INFO - ::group::Pre task execution logs
[2024-12-06T23:17:05.778+0000] {taskinstance.py:2613} INFO - Dependencies all met for dep_context=non-requeueable deps ti=<TaskInstance: mediaset_schedule_scraper.scrape_mediaset_schedule scheduled__2024-12-05T23:00:00+00:00 [queued]>
[2024-12-06T23:17:05.783+0000] {taskinstance.py:2613} INFO - Dependencies all met for dep_context=requeueable deps ti=<TaskInstance: mediaset_schedule_scraper.scrape_mediaset_schedule scheduled__2024-12-05T23:00:00+00:00 [queued]>
[2024-12-06T23:17:05.783+0000] {taskinstance.py:2866} INFO - Starting attempt 1 of 5
[2024-12-06T23:17:05.796+0000] {taskinstance.py:2889} INFO - Executing <Task(_PythonDecoratedOperator): scrape_mediaset_schedule> on 2024-12-05 23:00:00+00:00
[2024-12-06T23:17:05.800+0000] {warnings.py:112} WARNING - /home/***/.local/lib/python3.12/site-packages/***/task/task_runner/standard_task_runner.py:70: DeprecationWarning: This process (pid=5243) is multi-threaded, use of fork() may lead to deadlocks in the child.
  pid = os.fork()

[2024-12-06T23:17:05.801+0000] {standard_task_runner.py:72} INFO - Started process 5251 to run task
[2024-12-06T23:17:05.801+0000] {standard_task_runner.py:104} INFO - Running: ['***', 'tasks', 'run', 'mediaset_schedule_scraper', 'scrape_mediaset_schedule', 'scheduled__2024-12-05T23:00:00+00:00', '--job-id', '1999', '--raw', '--subdir', 'DAGS_FOLDER/dag_mediaset.py', '--cfg-path', '/tmp/tmp_agtlcgj']
[2024-12-06T23:17:05.803+0000] {standard_task_runner.py:105} INFO - Job 1999: Subtask scrape_mediaset_schedule
[2024-12-06T23:17:05.828+0000] {task_command.py:467} INFO - Running <TaskInstance: mediaset_schedule_scraper.scrape_mediaset_schedule scheduled__2024-12-05T23:00:00+00:00 [running]> on host b605548c7b8b
[2024-12-06T23:17:05.867+0000] {taskinstance.py:3132} INFO - Exporting env vars: AIRFLOW_CTX_DAG_OWNER='***' AIRFLOW_CTX_DAG_ID='mediaset_schedule_scraper' AIRFLOW_CTX_TASK_ID='scrape_mediaset_schedule' AIRFLOW_CTX_EXECUTION_DATE='2024-12-05T23:00:00+00:00' AIRFLOW_CTX_TRY_NUMBER='1' AIRFLOW_CTX_DAG_RUN_ID='scheduled__2024-12-05T23:00:00+00:00'
[2024-12-06T23:17:05.868+0000] {taskinstance.py:731} INFO - ::endgroup::
[2024-12-06T23:17:06.183+0000] {logging_mixin.py:190} INFO - Generando XML para el canal Telecinco
[2024-12-06T23:17:06.186+0000] {logging_mixin.py:190} INFO - Escrito el xml del canal "Telecinco"
[2024-12-06T23:17:07.957+0000] {logging_mixin.py:190} INFO - Archivo actualizado correctamente.
[2024-12-06T23:17:07.958+0000] {logging_mixin.py:190} INFO - Generando XML para el canal Cuatro
[2024-12-06T23:17:07.961+0000] {logging_mixin.py:190} INFO - Escrito el xml del canal "Cuatro"
[2024-12-06T23:17:09.736+0000] {logging_mixin.py:190} INFO - Archivo actualizado correctamente.
[2024-12-06T23:17:09.737+0000] {logging_mixin.py:190} INFO - Generando XML para el canal Gh 24h plus
[2024-12-06T23:17:09.740+0000] {logging_mixin.py:190} INFO - Escrito el xml del canal "Gh 24h plus"
[2024-12-06T23:17:11.465+0000] {logging_mixin.py:190} INFO - Archivo actualizado correctamente.
[2024-12-06T23:17:11.466+0000] {logging_mixin.py:190} INFO - Generando XML para el canal Gh 24h
[2024-12-06T23:17:11.469+0000] {logging_mixin.py:190} INFO - Escrito el xml del canal "Gh 24h"
[2024-12-06T23:17:13.086+0000] {logging_mixin.py:190} INFO - Archivo actualizado correctamente.
[2024-12-06T23:17:13.087+0000] {logging_mixin.py:190} INFO - Generando XML para el canal Mitele en la calle
[2024-12-06T23:17:13.090+0000] {logging_mixin.py:190} INFO - Escrito el xml del canal "Mitele en la calle"
[2024-12-06T23:17:14.884+0000] {logging_mixin.py:190} INFO - Archivo actualizado correctamente.
[2024-12-06T23:17:14.884+0000] {logging_mixin.py:190} INFO - Generando XML para el canal Mitele viajes
[2024-12-06T23:17:14.887+0000] {logging_mixin.py:190} INFO - Escrito el xml del canal "Mitele viajes"
[2024-12-06T23:17:16.617+0000] {logging_mixin.py:190} INFO - Archivo actualizado correctamente.
[2024-12-06T23:17:16.618+0000] {logging_mixin.py:190} INFO - Generando XML para el canal Mitele plus lqsa
[2024-12-06T23:17:16.621+0000] {logging_mixin.py:190} INFO - Escrito el xml del canal "Mitele plus lqsa"
[2024-12-06T23:17:18.333+0000] {logging_mixin.py:190} INFO - Archivo actualizado correctamente.
[2024-12-06T23:17:18.334+0000] {logging_mixin.py:190} INFO - Generando XML para el canal Mitele comedia
[2024-12-06T23:17:18.337+0000] {logging_mixin.py:190} INFO - Escrito el xml del canal "Mitele comedia"
[2024-12-06T23:17:20.013+0000] {logging_mixin.py:190} INFO - Archivo actualizado correctamente.
[2024-12-06T23:17:20.014+0000] {logging_mixin.py:190} INFO - Generando XML para el canal Mitele top series
[2024-12-06T23:17:20.017+0000] {logging_mixin.py:190} INFO - Escrito el xml del canal "Mitele top series"
[2024-12-06T23:17:21.730+0000] {logging_mixin.py:190} INFO - Archivo actualizado correctamente.
[2024-12-06T23:17:21.731+0000] {logging_mixin.py:190} INFO - Generando XML para el canal Divinity
[2024-12-06T23:17:21.734+0000] {logging_mixin.py:190} INFO - Escrito el xml del canal "Divinity"
[2024-12-06T23:17:23.613+0000] {logging_mixin.py:190} INFO - Archivo actualizado correctamente.
[2024-12-06T23:17:23.614+0000] {logging_mixin.py:190} INFO - Generando XML para el canal Fdf
[2024-12-06T23:17:23.618+0000] {logging_mixin.py:190} INFO - Escrito el xml del canal "Fdf"
[2024-12-06T23:17:25.539+0000] {logging_mixin.py:190} INFO - Archivo actualizado correctamente.
[2024-12-06T23:17:25.540+0000] {logging_mixin.py:190} INFO - Generando XML para el canal Energy
[2024-12-06T23:17:25.545+0000] {logging_mixin.py:190} INFO - Escrito el xml del canal "Energy"
[2024-12-06T23:17:27.347+0000] {logging_mixin.py:190} INFO - Archivo actualizado correctamente.
[2024-12-06T23:17:27.348+0000] {logging_mixin.py:190} INFO - Generando XML para el canal Bemad
[2024-12-06T23:17:27.351+0000] {logging_mixin.py:190} INFO - Escrito el xml del canal "Bemad"
[2024-12-06T23:17:29.061+0000] {logging_mixin.py:190} INFO - Archivo actualizado correctamente.
[2024-12-06T23:17:29.062+0000] {logging_mixin.py:190} INFO - Generando XML para el canal Boing
[2024-12-06T23:17:29.066+0000] {logging_mixin.py:190} INFO - Escrito el xml del canal "Boing"
[2024-12-06T23:17:31.061+0000] {logging_mixin.py:190} INFO - Archivo actualizado correctamente.
[2024-12-06T23:17:31.062+0000] {logging_mixin.py:190} INFO - Generando XML para el canal Acontraplus
[2024-12-06T23:17:31.066+0000] {logging_mixin.py:190} INFO - Escrito el xml del canal "Acontraplus"
[2024-12-06T23:17:32.999+0000] {logging_mixin.py:190} INFO - Archivo actualizado correctamente.
[2024-12-06T23:17:32.999+0000] {logging_mixin.py:190} INFO - Generando XML para el canal Fight sports
[2024-12-06T23:17:33.002+0000] {logging_mixin.py:190} INFO - Escrito el xml del canal "Fight sports"
[2024-12-06T23:17:34.693+0000] {logging_mixin.py:190} INFO - Archivo actualizado correctamente.
[2024-12-06T23:17:34.694+0000] {logging_mixin.py:190} INFO - Generando XML para el canal Mtmad 24h
[2024-12-06T23:17:34.696+0000] {logging_mixin.py:190} INFO - Escrito el xml del canal "Mtmad 24h"
[2024-12-06T23:17:36.395+0000] {logging_mixin.py:190} INFO - Archivo actualizado correctamente.
[2024-12-06T23:17:36.396+0000] {python.py:240} INFO - Done. Returned value was: None
[2024-12-06T23:17:36.402+0000] {taskinstance.py:340} INFO - ::group::Post task execution logs
[2024-12-06T23:17:36.402+0000] {taskinstance.py:352} INFO - Marking task as SUCCESS. dag_id=mediaset_schedule_scraper, task_id=scrape_mediaset_schedule, run_id=scheduled__2024-12-05T23:00:00+00:00, execution_date=20241205T230000, start_date=20241206T231705, end_date=20241206T231736
[2024-12-06T23:17:36.438+0000] {local_task_job_runner.py:266} INFO - Task exited with return code 0
[2024-12-06T23:17:36.452+0000] {taskinstance.py:3895} INFO - 1 downstream tasks scheduled from follow-on schedule check
[2024-12-06T23:17:36.453+0000] {local_task_job_runner.py:245} INFO - ::endgroup::
