[2024-12-12T05:30:02.513+0000] {local_task_job_runner.py:123} INFO - ::group::Pre task execution logs
[2024-12-12T05:30:02.533+0000] {taskinstance.py:2613} INFO - Dependencies all met for dep_context=non-requeueable deps ti=<TaskInstance: mediaset_schedule_scraper.scrape_mediaset_schedule scheduled__2024-12-11T23:30:00+00:00 [queued]>
[2024-12-12T05:30:02.540+0000] {taskinstance.py:2613} INFO - Dependencies all met for dep_context=requeueable deps ti=<TaskInstance: mediaset_schedule_scraper.scrape_mediaset_schedule scheduled__2024-12-11T23:30:00+00:00 [queued]>
[2024-12-12T05:30:02.540+0000] {taskinstance.py:2866} INFO - Starting attempt 1 of 5
[2024-12-12T05:30:02.555+0000] {taskinstance.py:2889} INFO - Executing <Task(_PythonDecoratedOperator): scrape_mediaset_schedule> on 2024-12-11 23:30:00+00:00
[2024-12-12T05:30:02.568+0000] {warnings.py:112} WARNING - /home/***/.local/lib/python3.12/site-packages/***/task/task_runner/standard_task_runner.py:70: DeprecationWarning: This process (pid=11930) is multi-threaded, use of fork() may lead to deadlocks in the child.
  pid = os.fork()

[2024-12-12T05:30:02.572+0000] {standard_task_runner.py:72} INFO - Started process 11939 to run task
[2024-12-12T05:30:02.571+0000] {standard_task_runner.py:104} INFO - Running: ['***', 'tasks', 'run', 'mediaset_schedule_scraper', 'scrape_mediaset_schedule', 'scheduled__2024-12-11T23:30:00+00:00', '--job-id', '2345', '--raw', '--subdir', 'DAGS_FOLDER/dag_mediaset.py', '--cfg-path', '/tmp/tmp1ruduxol']
[2024-12-12T05:30:02.574+0000] {standard_task_runner.py:105} INFO - Job 2345: Subtask scrape_mediaset_schedule
[2024-12-12T05:30:02.620+0000] {task_command.py:467} INFO - Running <TaskInstance: mediaset_schedule_scraper.scrape_mediaset_schedule scheduled__2024-12-11T23:30:00+00:00 [running]> on host b605548c7b8b
[2024-12-12T05:30:02.711+0000] {taskinstance.py:3132} INFO - Exporting env vars: AIRFLOW_CTX_DAG_OWNER='***' AIRFLOW_CTX_DAG_ID='mediaset_schedule_scraper' AIRFLOW_CTX_TASK_ID='scrape_mediaset_schedule' AIRFLOW_CTX_EXECUTION_DATE='2024-12-11T23:30:00+00:00' AIRFLOW_CTX_TRY_NUMBER='1' AIRFLOW_CTX_DAG_RUN_ID='scheduled__2024-12-11T23:30:00+00:00'
[2024-12-12T05:30:02.713+0000] {taskinstance.py:731} INFO - ::endgroup::
[2024-12-12T05:30:13.543+0000] {logging_mixin.py:190} INFO - Generando XML para el canal Telecinco
[2024-12-12T05:30:13.554+0000] {logging_mixin.py:190} INFO - Escrito el xml del canal "Telecinco"
[2024-12-12T05:30:16.619+0000] {logging_mixin.py:190} INFO - Error: 422 {"message": "Invalid request.\n\n\"sha\" wasn't supplied.", "documentation_url": "https://docs.github.com/rest/repos/contents#create-or-update-file-contents", "status": "422"}
[2024-12-12T05:30:16.620+0000] {logging_mixin.py:190} INFO - Generando XML para el canal Cuatro
[2024-12-12T05:30:16.623+0000] {logging_mixin.py:190} INFO - Escrito el xml del canal "Cuatro"
[2024-12-12T05:30:19.771+0000] {logging_mixin.py:190} INFO - Error: 422 {"message": "Invalid request.\n\n\"sha\" wasn't supplied.", "documentation_url": "https://docs.github.com/rest/repos/contents#create-or-update-file-contents", "status": "422"}
[2024-12-12T05:30:19.772+0000] {logging_mixin.py:190} INFO - Generando XML para el canal Gh 24h plus
[2024-12-12T05:30:19.775+0000] {logging_mixin.py:190} INFO - Escrito el xml del canal "Gh 24h plus"
[2024-12-12T05:30:21.392+0000] {logging_mixin.py:190} INFO - Archivo actualizado correctamente.
[2024-12-12T05:30:21.393+0000] {logging_mixin.py:190} INFO - Generando XML para el canal Gh 24h
[2024-12-12T05:30:21.395+0000] {logging_mixin.py:190} INFO - Escrito el xml del canal "Gh 24h"
[2024-12-12T05:30:23.033+0000] {logging_mixin.py:190} INFO - Archivo actualizado correctamente.
[2024-12-12T05:30:23.034+0000] {logging_mixin.py:190} INFO - Generando XML para el canal Mitele en la calle
[2024-12-12T05:30:23.037+0000] {logging_mixin.py:190} INFO - Escrito el xml del canal "Mitele en la calle"
[2024-12-12T05:30:24.836+0000] {logging_mixin.py:190} INFO - Archivo actualizado correctamente.
[2024-12-12T05:30:24.837+0000] {logging_mixin.py:190} INFO - Generando XML para el canal Mitele viajes
[2024-12-12T05:30:24.841+0000] {logging_mixin.py:190} INFO - Escrito el xml del canal "Mitele viajes"
[2024-12-12T05:30:26.570+0000] {logging_mixin.py:190} INFO - Archivo actualizado correctamente.
[2024-12-12T05:30:26.571+0000] {logging_mixin.py:190} INFO - Generando XML para el canal Mitele plus lqsa
[2024-12-12T05:30:26.575+0000] {logging_mixin.py:190} INFO - Escrito el xml del canal "Mitele plus lqsa"
[2024-12-12T05:30:28.300+0000] {logging_mixin.py:190} INFO - Archivo actualizado correctamente.
[2024-12-12T05:30:28.301+0000] {logging_mixin.py:190} INFO - Generando XML para el canal Mitele comedia
[2024-12-12T05:30:28.306+0000] {logging_mixin.py:190} INFO - Escrito el xml del canal "Mitele comedia"
[2024-12-12T05:30:30.167+0000] {logging_mixin.py:190} INFO - Archivo actualizado correctamente.
[2024-12-12T05:30:30.168+0000] {logging_mixin.py:190} INFO - Generando XML para el canal Mitele top series
[2024-12-12T05:30:30.171+0000] {logging_mixin.py:190} INFO - Escrito el xml del canal "Mitele top series"
[2024-12-12T05:30:33.262+0000] {logging_mixin.py:190} INFO - Error: 422 {"message": "Invalid request.\n\n\"sha\" wasn't supplied.", "documentation_url": "https://docs.github.com/rest/repos/contents#create-or-update-file-contents", "status": "422"}
[2024-12-12T05:30:33.262+0000] {logging_mixin.py:190} INFO - Generando XML para el canal Divinity
[2024-12-12T05:30:33.267+0000] {logging_mixin.py:190} INFO - Escrito el xml del canal "Divinity"
[2024-12-12T05:30:35.045+0000] {logging_mixin.py:190} INFO - Archivo actualizado correctamente.
[2024-12-12T05:30:35.046+0000] {logging_mixin.py:190} INFO - Generando XML para el canal Fdf
[2024-12-12T05:30:35.050+0000] {logging_mixin.py:190} INFO - Escrito el xml del canal "Fdf"
[2024-12-12T05:30:36.704+0000] {logging_mixin.py:190} INFO - Archivo actualizado correctamente.
[2024-12-12T05:30:36.704+0000] {logging_mixin.py:190} INFO - Generando XML para el canal Energy
[2024-12-12T05:30:36.709+0000] {logging_mixin.py:190} INFO - Escrito el xml del canal "Energy"
[2024-12-12T05:30:38.549+0000] {logging_mixin.py:190} INFO - Archivo actualizado correctamente.
[2024-12-12T05:30:38.550+0000] {logging_mixin.py:190} INFO - Generando XML para el canal Bemad
[2024-12-12T05:30:38.552+0000] {logging_mixin.py:190} INFO - Escrito el xml del canal "Bemad"
[2024-12-12T05:30:40.272+0000] {logging_mixin.py:190} INFO - Archivo actualizado correctamente.
[2024-12-12T05:30:40.273+0000] {logging_mixin.py:190} INFO - Generando XML para el canal Boing
[2024-12-12T05:30:40.279+0000] {logging_mixin.py:190} INFO - Escrito el xml del canal "Boing"
[2024-12-12T05:30:42.132+0000] {logging_mixin.py:190} INFO - Archivo actualizado correctamente.
[2024-12-12T05:30:42.133+0000] {logging_mixin.py:190} INFO - Generando XML para el canal Acontraplus
[2024-12-12T05:30:42.137+0000] {logging_mixin.py:190} INFO - Escrito el xml del canal "Acontraplus"
[2024-12-12T05:30:43.892+0000] {logging_mixin.py:190} INFO - Archivo actualizado correctamente.
[2024-12-12T05:30:43.893+0000] {logging_mixin.py:190} INFO - Generando XML para el canal Fight sports
[2024-12-12T05:30:43.897+0000] {logging_mixin.py:190} INFO - Escrito el xml del canal "Fight sports"
[2024-12-12T05:30:45.638+0000] {logging_mixin.py:190} INFO - Archivo actualizado correctamente.
[2024-12-12T05:30:45.638+0000] {logging_mixin.py:190} INFO - Generando XML para el canal Mtmad 24h
[2024-12-12T05:30:45.642+0000] {logging_mixin.py:190} INFO - Escrito el xml del canal "Mtmad 24h"
[2024-12-12T05:30:47.279+0000] {logging_mixin.py:190} INFO - Archivo actualizado correctamente.
[2024-12-12T05:30:47.281+0000] {python.py:240} INFO - Done. Returned value was: None
[2024-12-12T05:30:47.291+0000] {taskinstance.py:340} INFO - ::group::Post task execution logs
[2024-12-12T05:30:47.292+0000] {taskinstance.py:352} INFO - Marking task as SUCCESS. dag_id=mediaset_schedule_scraper, task_id=scrape_mediaset_schedule, run_id=scheduled__2024-12-11T23:30:00+00:00, execution_date=20241211T233000, start_date=20241212T053002, end_date=20241212T053047
[2024-12-12T05:30:47.327+0000] {local_task_job_runner.py:266} INFO - Task exited with return code 0
[2024-12-12T05:30:47.344+0000] {taskinstance.py:3895} INFO - 1 downstream tasks scheduled from follow-on schedule check
[2024-12-12T05:30:47.345+0000] {local_task_job_runner.py:245} INFO - ::endgroup::
