[2024-12-06T16:35:58.155+0000] {local_task_job_runner.py:123} INFO - ::group::Pre task execution logs
[2024-12-06T16:35:58.165+0000] {taskinstance.py:2613} INFO - Dependencies all met for dep_context=non-requeueable deps ti=<TaskInstance: telemadrid_schedule_scraper_v2.scrape_telemadrid_schedule scheduled__2024-12-05T14:49:00+00:00 [queued]>
[2024-12-06T16:35:58.169+0000] {taskinstance.py:2613} INFO - Dependencies all met for dep_context=requeueable deps ti=<TaskInstance: telemadrid_schedule_scraper_v2.scrape_telemadrid_schedule scheduled__2024-12-05T14:49:00+00:00 [queued]>
[2024-12-06T16:35:58.170+0000] {taskinstance.py:2866} INFO - Starting attempt 1 of 5
[2024-12-06T16:35:58.177+0000] {taskinstance.py:2889} INFO - Executing <Task(_PythonDecoratedOperator): scrape_telemadrid_schedule> on 2024-12-05 14:49:00+00:00
[2024-12-06T16:35:58.180+0000] {warnings.py:112} WARNING - /home/***/.local/lib/python3.12/site-packages/***/task/task_runner/standard_task_runner.py:70: DeprecationWarning: This process (pid=294) is multi-threaded, use of fork() may lead to deadlocks in the child.
  pid = os.fork()

[2024-12-06T16:35:58.181+0000] {standard_task_runner.py:72} INFO - Started process 295 to run task
[2024-12-06T16:35:58.181+0000] {standard_task_runner.py:104} INFO - Running: ['***', 'tasks', 'run', 'telemadrid_schedule_scraper_v2', 'scrape_telemadrid_schedule', 'scheduled__2024-12-05T14:49:00+00:00', '--job-id', '1937', '--raw', '--subdir', 'DAGS_FOLDER/dag_telemadrid_v2.py', '--cfg-path', '/tmp/tmpg9l5r_l7']
[2024-12-06T16:35:58.183+0000] {standard_task_runner.py:105} INFO - Job 1937: Subtask scrape_telemadrid_schedule
[2024-12-06T16:35:58.207+0000] {task_command.py:467} INFO - Running <TaskInstance: telemadrid_schedule_scraper_v2.scrape_telemadrid_schedule scheduled__2024-12-05T14:49:00+00:00 [running]> on host b605548c7b8b
[2024-12-06T16:35:58.246+0000] {taskinstance.py:3132} INFO - Exporting env vars: AIRFLOW_CTX_DAG_OWNER='***' AIRFLOW_CTX_DAG_ID='telemadrid_schedule_scraper_v2' AIRFLOW_CTX_TASK_ID='scrape_telemadrid_schedule' AIRFLOW_CTX_EXECUTION_DATE='2024-12-05T14:49:00+00:00' AIRFLOW_CTX_TRY_NUMBER='1' AIRFLOW_CTX_DAG_RUN_ID='scheduled__2024-12-05T14:49:00+00:00'
[2024-12-06T16:35:58.247+0000] {taskinstance.py:731} INFO - ::endgroup::
[2024-12-06T16:36:05.552+0000] {logging_mixin.py:190} INFO - Escrito el xmltv del canal "Telemadrid"
[2024-12-06T16:36:07.488+0000] {logging_mixin.py:190} INFO - Archivo actualizado correctamente.
[2024-12-06T16:36:07.489+0000] {python.py:240} INFO - Done. Returned value was: None
[2024-12-06T16:36:07.495+0000] {taskinstance.py:340} INFO - ::group::Post task execution logs
[2024-12-06T16:36:07.495+0000] {taskinstance.py:352} INFO - Marking task as SUCCESS. dag_id=telemadrid_schedule_scraper_v2, task_id=scrape_telemadrid_schedule, run_id=scheduled__2024-12-05T14:49:00+00:00, execution_date=20241205T144900, start_date=20241206T163558, end_date=20241206T163607
[2024-12-06T16:36:07.525+0000] {local_task_job_runner.py:266} INFO - Task exited with return code 0
[2024-12-06T16:36:07.536+0000] {taskinstance.py:3895} INFO - 1 downstream tasks scheduled from follow-on schedule check
[2024-12-06T16:36:07.537+0000] {local_task_job_runner.py:245} INFO - ::endgroup::
