[2024-12-06T17:00:26.609+0000] {local_task_job_runner.py:123} INFO - ::group::Pre task execution logs
[2024-12-06T17:00:26.617+0000] {taskinstance.py:2613} INFO - Dependencies all met for dep_context=non-requeueable deps ti=<TaskInstance: a3media_schedule_scraper.MergeAllXML scheduled__2024-12-05T16:41:00+00:00 [queued]>
[2024-12-06T17:00:26.622+0000] {taskinstance.py:2613} INFO - Dependencies all met for dep_context=requeueable deps ti=<TaskInstance: a3media_schedule_scraper.MergeAllXML scheduled__2024-12-05T16:41:00+00:00 [queued]>
[2024-12-06T17:00:26.622+0000] {taskinstance.py:2866} INFO - Starting attempt 1 of 5
[2024-12-06T17:00:26.629+0000] {taskinstance.py:2889} INFO - Executing <Task(_PythonDecoratedOperator): MergeAllXML> on 2024-12-05 16:41:00+00:00
[2024-12-06T17:00:26.632+0000] {warnings.py:112} WARNING - /home/***/.local/lib/python3.12/site-packages/***/task/task_runner/standard_task_runner.py:70: DeprecationWarning: This process (pid=454) is multi-threaded, use of fork() may lead to deadlocks in the child.
  pid = os.fork()

[2024-12-06T17:00:26.633+0000] {standard_task_runner.py:72} INFO - Started process 455 to run task
[2024-12-06T17:00:26.634+0000] {standard_task_runner.py:104} INFO - Running: ['***', 'tasks', 'run', 'a3media_schedule_scraper', 'MergeAllXML', 'scheduled__2024-12-05T16:41:00+00:00', '--job-id', '1960', '--raw', '--subdir', 'DAGS_FOLDER/dag_atresmedia.py', '--cfg-path', '/tmp/tmpozegqzpj']
[2024-12-06T17:00:26.635+0000] {standard_task_runner.py:105} INFO - Job 1960: Subtask MergeAllXML
[2024-12-06T17:00:26.660+0000] {task_command.py:467} INFO - Running <TaskInstance: a3media_schedule_scraper.MergeAllXML scheduled__2024-12-05T16:41:00+00:00 [running]> on host b605548c7b8b
[2024-12-06T17:00:26.698+0000] {taskinstance.py:3132} INFO - Exporting env vars: AIRFLOW_CTX_DAG_OWNER='***' AIRFLOW_CTX_DAG_ID='a3media_schedule_scraper' AIRFLOW_CTX_TASK_ID='MergeAllXML' AIRFLOW_CTX_EXECUTION_DATE='2024-12-05T16:41:00+00:00' AIRFLOW_CTX_TRY_NUMBER='1' AIRFLOW_CTX_DAG_RUN_ID='scheduled__2024-12-05T16:41:00+00:00'
[2024-12-06T17:00:26.699+0000] {taskinstance.py:731} INFO - ::endgroup::
[2024-12-06T17:00:26.812+0000] {logging_mixin.py:190} INFO - [INFO] Generado el archivo "all_in_one.xml"
[2024-12-06T17:00:26.813+0000] {python.py:240} INFO - Done. Returned value was: None
[2024-12-06T17:00:26.819+0000] {taskinstance.py:340} INFO - ::group::Post task execution logs
[2024-12-06T17:00:26.819+0000] {taskinstance.py:352} INFO - Marking task as SUCCESS. dag_id=a3media_schedule_scraper, task_id=MergeAllXML, run_id=scheduled__2024-12-05T16:41:00+00:00, execution_date=20241205T164100, start_date=20241206T170026, end_date=20241206T170026
[2024-12-06T17:00:26.927+0000] {local_task_job_runner.py:266} INFO - Task exited with return code 0
[2024-12-06T17:00:26.937+0000] {taskinstance.py:3895} INFO - 1 downstream tasks scheduled from follow-on schedule check
[2024-12-06T17:00:26.939+0000] {local_task_job_runner.py:245} INFO - ::endgroup::
