[2024-12-08T00:24:56.548+0000] {local_task_job_runner.py:123} INFO - ::group::Pre task execution logs
[2024-12-08T00:24:56.558+0000] {taskinstance.py:2613} INFO - Dependencies all met for dep_context=non-requeueable deps ti=<TaskInstance: telemadrid_schedule_scraper.MergeAllXML manual__2024-12-08T00:24:49.759556+00:00 [queued]>
[2024-12-08T00:24:56.563+0000] {taskinstance.py:2613} INFO - Dependencies all met for dep_context=requeueable deps ti=<TaskInstance: telemadrid_schedule_scraper.MergeAllXML manual__2024-12-08T00:24:49.759556+00:00 [queued]>
[2024-12-08T00:24:56.563+0000] {taskinstance.py:2866} INFO - Starting attempt 1 of 4
[2024-12-08T00:24:56.570+0000] {taskinstance.py:2889} INFO - Executing <Task(_PythonDecoratedOperator): MergeAllXML> on 2024-12-08 00:24:49.759556+00:00
[2024-12-08T00:24:56.574+0000] {warnings.py:112} WARNING - /home/***/.local/lib/python3.12/site-packages/***/task/task_runner/standard_task_runner.py:70: DeprecationWarning: This process (pid=10592) is multi-threaded, use of fork() may lead to deadlocks in the child.
  pid = os.fork()

[2024-12-08T00:24:56.575+0000] {standard_task_runner.py:72} INFO - Started process 10593 to run task
[2024-12-08T00:24:56.575+0000] {standard_task_runner.py:104} INFO - Running: ['***', 'tasks', 'run', 'telemadrid_schedule_scraper', 'MergeAllXML', 'manual__2024-12-08T00:24:49.759556+00:00', '--job-id', '2095', '--raw', '--subdir', 'DAGS_FOLDER/dag_telemadrid.py', '--cfg-path', '/tmp/tmppkywx5k6']
[2024-12-08T00:24:56.577+0000] {standard_task_runner.py:105} INFO - Job 2095: Subtask MergeAllXML
[2024-12-08T00:24:56.598+0000] {task_command.py:467} INFO - Running <TaskInstance: telemadrid_schedule_scraper.MergeAllXML manual__2024-12-08T00:24:49.759556+00:00 [running]> on host b605548c7b8b
[2024-12-08T00:24:56.639+0000] {taskinstance.py:3132} INFO - Exporting env vars: AIRFLOW_CTX_DAG_OWNER='***' AIRFLOW_CTX_DAG_ID='telemadrid_schedule_scraper' AIRFLOW_CTX_TASK_ID='MergeAllXML' AIRFLOW_CTX_EXECUTION_DATE='2024-12-08T00:24:49.759556+00:00' AIRFLOW_CTX_TRY_NUMBER='1' AIRFLOW_CTX_DAG_RUN_ID='manual__2024-12-08T00:24:49.759556+00:00'
[2024-12-08T00:24:56.639+0000] {taskinstance.py:731} INFO - ::endgroup::
[2024-12-08T00:24:56.749+0000] {logging_mixin.py:190} INFO - [INFO] Generado el archivo "all_in_one.xml"
[2024-12-08T00:24:56.751+0000] {python.py:240} INFO - Done. Returned value was: None
[2024-12-08T00:24:56.756+0000] {taskinstance.py:340} INFO - ::group::Post task execution logs
[2024-12-08T00:24:56.757+0000] {taskinstance.py:352} INFO - Marking task as SUCCESS. dag_id=telemadrid_schedule_scraper, task_id=MergeAllXML, run_id=manual__2024-12-08T00:24:49.759556+00:00, execution_date=20241208T002449, start_date=20241208T002456, end_date=20241208T002456
[2024-12-08T00:24:56.789+0000] {local_task_job_runner.py:266} INFO - Task exited with return code 0
[2024-12-08T00:24:56.799+0000] {taskinstance.py:3895} INFO - 1 downstream tasks scheduled from follow-on schedule check
[2024-12-08T00:24:56.800+0000] {local_task_job_runner.py:245} INFO - ::endgroup::
