[2024-12-23T09:57:44.964+0000] {local_task_job_runner.py:123} INFO - ::group::Pre task execution logs
[2024-12-23T09:57:44.972+0000] {taskinstance.py:2613} INFO - Dependencies all met for dep_context=non-requeueable deps ti=<TaskInstance: a3media_schedule_scraper.merge_all_xml manual__2024-12-23T09:57:31.529832+00:00 [queued]>
[2024-12-23T09:57:44.976+0000] {taskinstance.py:2613} INFO - Dependencies all met for dep_context=requeueable deps ti=<TaskInstance: a3media_schedule_scraper.merge_all_xml manual__2024-12-23T09:57:31.529832+00:00 [queued]>
[2024-12-23T09:57:44.977+0000] {taskinstance.py:2866} INFO - Starting attempt 1 of 5
[2024-12-23T09:57:45.162+0000] {taskinstance.py:2889} INFO - Executing <Task(_PythonDecoratedOperator): merge_all_xml> on 2024-12-23 09:57:31.529832+00:00
[2024-12-23T09:57:45.166+0000] {warnings.py:112} WARNING - /home/***/.local/lib/python3.12/site-packages/***/task/task_runner/standard_task_runner.py:70: DeprecationWarning: This process (pid=280) is multi-threaded, use of fork() may lead to deadlocks in the child.
  pid = os.fork()

[2024-12-23T09:57:45.166+0000] {standard_task_runner.py:72} INFO - Started process 281 to run task
[2024-12-23T09:57:45.167+0000] {standard_task_runner.py:104} INFO - Running: ['***', 'tasks', 'run', 'a3media_schedule_scraper', 'merge_all_xml', 'manual__2024-12-23T09:57:31.529832+00:00', '--job-id', '2653', '--raw', '--subdir', 'DAGS_FOLDER/dag_atresmedia.py', '--cfg-path', '/tmp/tmp83ncz4pa']
[2024-12-23T09:57:45.168+0000] {standard_task_runner.py:105} INFO - Job 2653: Subtask merge_all_xml
[2024-12-23T09:57:45.191+0000] {task_command.py:467} INFO - Running <TaskInstance: a3media_schedule_scraper.merge_all_xml manual__2024-12-23T09:57:31.529832+00:00 [running]> on host b605548c7b8b
[2024-12-23T09:57:45.232+0000] {taskinstance.py:3132} INFO - Exporting env vars: AIRFLOW_CTX_DAG_OWNER='***' AIRFLOW_CTX_DAG_ID='a3media_schedule_scraper' AIRFLOW_CTX_TASK_ID='merge_all_xml' AIRFLOW_CTX_EXECUTION_DATE='2024-12-23T09:57:31.529832+00:00' AIRFLOW_CTX_TRY_NUMBER='1' AIRFLOW_CTX_DAG_RUN_ID='manual__2024-12-23T09:57:31.529832+00:00'
[2024-12-23T09:57:45.233+0000] {taskinstance.py:731} INFO - ::endgroup::
[2024-12-23T09:57:45.349+0000] {logging_mixin.py:190} INFO - [INFO] Generado el archivo "all_in_one.xml"
[2024-12-23T09:57:45.350+0000] {python.py:240} INFO - Done. Returned value was: None
[2024-12-23T09:57:45.355+0000] {taskinstance.py:340} INFO - ::group::Post task execution logs
[2024-12-23T09:57:45.356+0000] {taskinstance.py:352} INFO - Marking task as SUCCESS. dag_id=a3media_schedule_scraper, task_id=merge_all_xml, run_id=manual__2024-12-23T09:57:31.529832+00:00, execution_date=20241223T095731, start_date=20241223T095744, end_date=20241223T095745
[2024-12-23T09:57:45.500+0000] {local_task_job_runner.py:266} INFO - Task exited with return code 0
[2024-12-23T09:57:45.511+0000] {taskinstance.py:3895} INFO - 1 downstream tasks scheduled from follow-on schedule check
[2024-12-23T09:57:45.512+0000] {local_task_job_runner.py:245} INFO - ::endgroup::
