[2024-12-06T12:50:44.255+0000] {local_task_job_runner.py:123} INFO - ::group::Pre task execution logs
[2024-12-06T12:50:44.266+0000] {taskinstance.py:2613} INFO - Dependencies all met for dep_context=non-requeueable deps ti=<TaskInstance: telemadrid_schedule_scraper_v2.scrape_telemadrid_schedule scheduled__2024-01-14T12:00:00+00:00 [queued]>
[2024-12-06T12:50:44.271+0000] {taskinstance.py:2613} INFO - Dependencies all met for dep_context=requeueable deps ti=<TaskInstance: telemadrid_schedule_scraper_v2.scrape_telemadrid_schedule scheduled__2024-01-14T12:00:00+00:00 [queued]>
[2024-12-06T12:50:44.272+0000] {taskinstance.py:2866} INFO - Starting attempt 1 of 5
[2024-12-06T12:50:44.280+0000] {taskinstance.py:2889} INFO - Executing <Task(_PythonDecoratedOperator): scrape_telemadrid_schedule> on 2024-01-14 12:00:00+00:00
[2024-12-06T12:50:44.283+0000] {warnings.py:112} WARNING - /home/***/.local/lib/python3.12/site-packages/***/task/task_runner/standard_task_runner.py:70: DeprecationWarning: This process (pid=193) is multi-threaded, use of fork() may lead to deadlocks in the child.
  pid = os.fork()

[2024-12-06T12:50:44.284+0000] {standard_task_runner.py:72} INFO - Started process 202 to run task
[2024-12-06T12:50:44.284+0000] {standard_task_runner.py:104} INFO - Running: ['***', 'tasks', 'run', 'telemadrid_schedule_scraper_v2', 'scrape_telemadrid_schedule', 'scheduled__2024-01-14T12:00:00+00:00', '--job-id', '971', '--raw', '--subdir', 'DAGS_FOLDER/dag_telemadrid_v2.py', '--cfg-path', '/tmp/tmprzyd3qem']
[2024-12-06T12:50:44.286+0000] {standard_task_runner.py:105} INFO - Job 971: Subtask scrape_telemadrid_schedule
[2024-12-06T12:50:44.320+0000] {task_command.py:467} INFO - Running <TaskInstance: telemadrid_schedule_scraper_v2.scrape_telemadrid_schedule scheduled__2024-01-14T12:00:00+00:00 [running]> on host 01ebcafa06b4
[2024-12-06T12:50:44.365+0000] {taskinstance.py:3132} INFO - Exporting env vars: AIRFLOW_CTX_DAG_OWNER='***' AIRFLOW_CTX_DAG_ID='telemadrid_schedule_scraper_v2' AIRFLOW_CTX_TASK_ID='scrape_telemadrid_schedule' AIRFLOW_CTX_EXECUTION_DATE='2024-01-14T12:00:00+00:00' AIRFLOW_CTX_TRY_NUMBER='1' AIRFLOW_CTX_DAG_RUN_ID='scheduled__2024-01-14T12:00:00+00:00'
[2024-12-06T12:50:44.366+0000] {taskinstance.py:731} INFO - ::endgroup::
[2024-12-06T12:50:44.582+0000] {logging_mixin.py:190} INFO - Escrito el xmltv del canal "Telemadrid"
[2024-12-06T12:50:47.359+0000] {logging_mixin.py:190} INFO - Archivo actualizado correctamente.
[2024-12-06T12:50:47.359+0000] {python.py:240} INFO - Done. Returned value was: None
[2024-12-06T12:50:47.365+0000] {taskinstance.py:340} INFO - ::group::Post task execution logs
[2024-12-06T12:50:47.365+0000] {taskinstance.py:352} INFO - Marking task as SUCCESS. dag_id=telemadrid_schedule_scraper_v2, task_id=scrape_telemadrid_schedule, run_id=scheduled__2024-01-14T12:00:00+00:00, execution_date=20240114T120000, start_date=20241206T125044, end_date=20241206T125047
[2024-12-06T12:50:47.386+0000] {local_task_job_runner.py:266} INFO - Task exited with return code 0
[2024-12-06T12:50:47.399+0000] {taskinstance.py:3895} INFO - 1 downstream tasks scheduled from follow-on schedule check
[2024-12-06T12:50:47.400+0000] {local_task_job_runner.py:245} INFO - ::endgroup::
