[2024-12-05T10:14:21.000+0000] {local_task_job_runner.py:123} INFO - ::group::Pre task execution logs
[2024-12-05T10:14:21.014+0000] {taskinstance.py:2613} INFO - Dependencies all met for dep_context=non-requeueable deps ti=<TaskInstance: rtve_canarias_schedule_scraper.scrape_canarias_rtve_schedule manual__2024-12-05T10:14:18.886892+00:00 [queued]>
[2024-12-05T10:14:21.021+0000] {taskinstance.py:2613} INFO - Dependencies all met for dep_context=requeueable deps ti=<TaskInstance: rtve_canarias_schedule_scraper.scrape_canarias_rtve_schedule manual__2024-12-05T10:14:18.886892+00:00 [queued]>
[2024-12-05T10:14:21.022+0000] {taskinstance.py:2866} INFO - Starting attempt 1 of 2
[2024-12-05T10:14:21.031+0000] {taskinstance.py:2889} INFO - Executing <Task(PythonOperator): scrape_canarias_rtve_schedule> on 2024-12-05 10:14:18.886892+00:00
[2024-12-05T10:14:21.037+0000] {warnings.py:112} WARNING - /home/***/.local/lib/python3.12/site-packages/***/task/task_runner/standard_task_runner.py:70: DeprecationWarning: This process (pid=7878) is multi-threaded, use of fork() may lead to deadlocks in the child.
  pid = os.fork()

[2024-12-05T10:14:21.039+0000] {standard_task_runner.py:72} INFO - Started process 7880 to run task
[2024-12-05T10:14:21.038+0000] {standard_task_runner.py:104} INFO - Running: ['***', 'tasks', 'run', 'rtve_canarias_schedule_scraper', 'scrape_canarias_rtve_schedule', 'manual__2024-12-05T10:14:18.886892+00:00', '--job-id', '578', '--raw', '--subdir', 'DAGS_FOLDER/dag_rtve_canarias_selenium.py', '--cfg-path', '/tmp/tmprl7yrlpb']
[2024-12-05T10:14:21.040+0000] {standard_task_runner.py:105} INFO - Job 578: Subtask scrape_canarias_rtve_schedule
[2024-12-05T10:14:21.067+0000] {task_command.py:467} INFO - Running <TaskInstance: rtve_canarias_schedule_scraper.scrape_canarias_rtve_schedule manual__2024-12-05T10:14:18.886892+00:00 [running]> on host d88abb179e8d
[2024-12-05T10:14:21.111+0000] {taskinstance.py:3132} INFO - Exporting env vars: AIRFLOW_CTX_DAG_OWNER='***' AIRFLOW_CTX_DAG_ID='rtve_canarias_schedule_scraper' AIRFLOW_CTX_TASK_ID='scrape_canarias_rtve_schedule' AIRFLOW_CTX_EXECUTION_DATE='2024-12-05T10:14:18.886892+00:00' AIRFLOW_CTX_TRY_NUMBER='1' AIRFLOW_CTX_DAG_RUN_ID='manual__2024-12-05T10:14:18.886892+00:00'
[2024-12-05T10:14:21.113+0000] {taskinstance.py:731} INFO - ::endgroup::
[2024-12-05T10:14:30.738+0000] {logging_mixin.py:190} INFO - Error: 422 {"message": "Invalid request.\n\n\"sha\" wasn't supplied.", "documentation_url": "https://docs.github.com/rest/repos/contents#create-or-update-file-contents", "status": "422"}
[2024-12-05T10:14:30.739+0000] {logging_mixin.py:190} INFO - Escrito el xmltv del canal "La 1 Canarias"
[2024-12-05T10:14:33.360+0000] {logging_mixin.py:190} INFO - Archivo actualizado correctamente.
[2024-12-05T10:14:33.361+0000] {logging_mixin.py:190} INFO - Escrito el xmltv del canal "La 2 Canarias"
[2024-12-05T10:14:35.695+0000] {logging_mixin.py:190} INFO - Archivo actualizado correctamente.
[2024-12-05T10:14:35.695+0000] {logging_mixin.py:190} INFO - Escrito el xmltv del canal "24 horas Canarias"
[2024-12-05T10:14:35.772+0000] {python.py:240} INFO - Done. Returned value was: None
[2024-12-05T10:14:35.778+0000] {taskinstance.py:340} INFO - ::group::Post task execution logs
[2024-12-05T10:14:35.779+0000] {taskinstance.py:352} INFO - Marking task as SUCCESS. dag_id=rtve_canarias_schedule_scraper, task_id=scrape_canarias_rtve_schedule, run_id=manual__2024-12-05T10:14:18.886892+00:00, execution_date=20241205T101418, start_date=20241205T101421, end_date=20241205T101435
[2024-12-05T10:14:35.824+0000] {local_task_job_runner.py:266} INFO - Task exited with return code 0
[2024-12-05T10:14:35.840+0000] {taskinstance.py:3895} INFO - 1 downstream tasks scheduled from follow-on schedule check
[2024-12-05T10:14:35.841+0000] {local_task_job_runner.py:245} INFO - ::endgroup::
