[2024-12-23T09:57:32.008+0000] {local_task_job_runner.py:123} INFO - ::group::Pre task execution logs
[2024-12-23T09:57:32.017+0000] {taskinstance.py:2613} INFO - Dependencies all met for dep_context=non-requeueable deps ti=<TaskInstance: a3media_schedule_scraper.scrape_a3media_task manual__2024-12-23T09:57:31.529832+00:00 [queued]>
[2024-12-23T09:57:32.022+0000] {taskinstance.py:2613} INFO - Dependencies all met for dep_context=requeueable deps ti=<TaskInstance: a3media_schedule_scraper.scrape_a3media_task manual__2024-12-23T09:57:31.529832+00:00 [queued]>
[2024-12-23T09:57:32.022+0000] {taskinstance.py:2866} INFO - Starting attempt 1 of 5
[2024-12-23T09:57:32.030+0000] {taskinstance.py:2889} INFO - Executing <Task(_PythonDecoratedOperator): scrape_a3media_task> on 2024-12-23 09:57:31.529832+00:00
[2024-12-23T09:57:32.033+0000] {warnings.py:112} WARNING - /home/***/.local/lib/python3.12/site-packages/***/task/task_runner/standard_task_runner.py:70: DeprecationWarning: This process (pid=277) is multi-threaded, use of fork() may lead to deadlocks in the child.
  pid = os.fork()

[2024-12-23T09:57:32.034+0000] {standard_task_runner.py:72} INFO - Started process 278 to run task
[2024-12-23T09:57:32.034+0000] {standard_task_runner.py:104} INFO - Running: ['***', 'tasks', 'run', 'a3media_schedule_scraper', 'scrape_a3media_task', 'manual__2024-12-23T09:57:31.529832+00:00', '--job-id', '2652', '--raw', '--subdir', 'DAGS_FOLDER/dag_atresmedia.py', '--cfg-path', '/tmp/tmpwt8h5i2u']
[2024-12-23T09:57:32.036+0000] {standard_task_runner.py:105} INFO - Job 2652: Subtask scrape_a3media_task
[2024-12-23T09:57:32.059+0000] {task_command.py:467} INFO - Running <TaskInstance: a3media_schedule_scraper.scrape_a3media_task manual__2024-12-23T09:57:31.529832+00:00 [running]> on host b605548c7b8b
[2024-12-23T09:57:32.107+0000] {taskinstance.py:3132} INFO - Exporting env vars: AIRFLOW_CTX_DAG_OWNER='***' AIRFLOW_CTX_DAG_ID='a3media_schedule_scraper' AIRFLOW_CTX_TASK_ID='scrape_a3media_task' AIRFLOW_CTX_EXECUTION_DATE='2024-12-23T09:57:31.529832+00:00' AIRFLOW_CTX_TRY_NUMBER='1' AIRFLOW_CTX_DAG_RUN_ID='manual__2024-12-23T09:57:31.529832+00:00'
[2024-12-23T09:57:32.108+0000] {taskinstance.py:731} INFO - ::endgroup::
[2024-12-23T09:57:32.193+0000] {logging_mixin.py:190} INFO - https://api.atresplayer.com/client/v1/row/programming/5a6a165a7ed1a834493ebf6a?date=22-12-2024
[2024-12-23T09:57:32.232+0000] {logging_mixin.py:190} INFO - https://api.atresplayer.com/client/v1/row/programming/5a6a165a7ed1a834493ebf6a?date=23-12-2024
[2024-12-23T09:57:32.264+0000] {logging_mixin.py:190} INFO - https://api.atresplayer.com/client/v1/row/programming/5a6a165a7ed1a834493ebf6a?date=24-12-2024
[2024-12-23T09:57:32.302+0000] {logging_mixin.py:190} INFO - Escrito el xmltv del canal "Antena 3"
[2024-12-23T09:57:33.956+0000] {logging_mixin.py:190} INFO - Archivo actualizado correctamente.
[2024-12-23T09:57:33.957+0000] {logging_mixin.py:190} INFO - https://api.atresplayer.com/client/v1/row/programming/5a6a172c7ed1a834493ebf6b?date=22-12-2024
[2024-12-23T09:57:33.991+0000] {logging_mixin.py:190} INFO - https://api.atresplayer.com/client/v1/row/programming/5a6a172c7ed1a834493ebf6b?date=23-12-2024
[2024-12-23T09:57:34.025+0000] {logging_mixin.py:190} INFO - https://api.atresplayer.com/client/v1/row/programming/5a6a172c7ed1a834493ebf6b?date=24-12-2024
[2024-12-23T09:57:34.066+0000] {logging_mixin.py:190} INFO - Escrito el xmltv del canal "laSexta"
[2024-12-23T09:57:35.764+0000] {logging_mixin.py:190} INFO - Archivo actualizado correctamente.
[2024-12-23T09:57:35.764+0000] {logging_mixin.py:190} INFO - https://api.atresplayer.com/client/v1/row/programming/5a6a17da7ed1a834493ebf6d?date=22-12-2024
[2024-12-23T09:57:35.798+0000] {logging_mixin.py:190} INFO - https://api.atresplayer.com/client/v1/row/programming/5a6a17da7ed1a834493ebf6d?date=23-12-2024
[2024-12-23T09:57:35.833+0000] {logging_mixin.py:190} INFO - https://api.atresplayer.com/client/v1/row/programming/5a6a17da7ed1a834493ebf6d?date=24-12-2024
[2024-12-23T09:57:35.870+0000] {logging_mixin.py:190} INFO - Escrito el xmltv del canal "Neox"
[2024-12-23T09:57:37.799+0000] {logging_mixin.py:190} INFO - Archivo actualizado correctamente.
[2024-12-23T09:57:37.800+0000] {logging_mixin.py:190} INFO - https://api.atresplayer.com/client/v1/row/programming/5a6a180b7ed1a834493ebf6e?date=22-12-2024
[2024-12-23T09:57:37.833+0000] {logging_mixin.py:190} INFO - https://api.atresplayer.com/client/v1/row/programming/5a6a180b7ed1a834493ebf6e?date=23-12-2024
[2024-12-23T09:57:37.868+0000] {logging_mixin.py:190} INFO - https://api.atresplayer.com/client/v1/row/programming/5a6a180b7ed1a834493ebf6e?date=24-12-2024
[2024-12-23T09:57:37.904+0000] {logging_mixin.py:190} INFO - Escrito el xmltv del canal "Nova"
[2024-12-23T09:57:39.694+0000] {logging_mixin.py:190} INFO - Archivo actualizado correctamente.
[2024-12-23T09:57:39.695+0000] {logging_mixin.py:190} INFO - https://api.atresplayer.com/client/v1/row/programming/5a6a18357ed1a834493ebf6f?date=22-12-2024
[2024-12-23T09:57:39.729+0000] {logging_mixin.py:190} INFO - https://api.atresplayer.com/client/v1/row/programming/5a6a18357ed1a834493ebf6f?date=23-12-2024
[2024-12-23T09:57:39.765+0000] {logging_mixin.py:190} INFO - https://api.atresplayer.com/client/v1/row/programming/5a6a18357ed1a834493ebf6f?date=24-12-2024
[2024-12-23T09:57:39.808+0000] {logging_mixin.py:190} INFO - Escrito el xmltv del canal "Mega"
[2024-12-23T09:57:41.914+0000] {logging_mixin.py:190} INFO - Archivo actualizado correctamente.
[2024-12-23T09:57:41.915+0000] {logging_mixin.py:190} INFO - https://api.atresplayer.com/client/v1/row/programming/5a6a189a7ed1a834493ebf70?date=22-12-2024
[2024-12-23T09:57:41.950+0000] {logging_mixin.py:190} INFO - https://api.atresplayer.com/client/v1/row/programming/5a6a189a7ed1a834493ebf70?date=23-12-2024
[2024-12-23T09:57:41.984+0000] {logging_mixin.py:190} INFO - https://api.atresplayer.com/client/v1/row/programming/5a6a189a7ed1a834493ebf70?date=24-12-2024
[2024-12-23T09:57:42.021+0000] {logging_mixin.py:190} INFO - Escrito el xmltv del canal "Atreseries"
[2024-12-23T09:57:43.874+0000] {logging_mixin.py:190} INFO - Archivo actualizado correctamente.
[2024-12-23T09:57:43.875+0000] {python.py:240} INFO - Done. Returned value was: None
[2024-12-23T09:57:43.881+0000] {taskinstance.py:340} INFO - ::group::Post task execution logs
[2024-12-23T09:57:43.881+0000] {taskinstance.py:352} INFO - Marking task as SUCCESS. dag_id=a3media_schedule_scraper, task_id=scrape_a3media_task, run_id=manual__2024-12-23T09:57:31.529832+00:00, execution_date=20241223T095731, start_date=20241223T095732, end_date=20241223T095743
[2024-12-23T09:57:43.927+0000] {local_task_job_runner.py:266} INFO - Task exited with return code 0
[2024-12-23T09:57:43.940+0000] {taskinstance.py:3895} INFO - 1 downstream tasks scheduled from follow-on schedule check
[2024-12-23T09:57:43.941+0000] {local_task_job_runner.py:245} INFO - ::endgroup::
