[2024-12-22T23:30:20.812+0000] {local_task_job_runner.py:123} INFO - ::group::Pre task execution logs
[2024-12-22T23:30:20.820+0000] {taskinstance.py:2613} INFO - Dependencies all met for dep_context=non-requeueable deps ti=<TaskInstance: rtve_canarias_schedule_scraper.merge_all_xml scheduled__2024-12-22T17:30:00+00:00 [queued]>
[2024-12-22T23:30:20.824+0000] {taskinstance.py:2613} INFO - Dependencies all met for dep_context=requeueable deps ti=<TaskInstance: rtve_canarias_schedule_scraper.merge_all_xml scheduled__2024-12-22T17:30:00+00:00 [queued]>
[2024-12-22T23:30:20.825+0000] {taskinstance.py:2866} INFO - Starting attempt 1 of 5
[2024-12-22T23:30:20.832+0000] {taskinstance.py:2889} INFO - Executing <Task(_PythonDecoratedOperator): merge_all_xml> on 2024-12-22 17:30:00+00:00
[2024-12-22T23:30:20.836+0000] {warnings.py:112} WARNING - /home/***/.local/lib/python3.12/site-packages/***/task/task_runner/standard_task_runner.py:70: DeprecationWarning: This process (pid=1218) is multi-threaded, use of fork() may lead to deadlocks in the child.
  pid = os.fork()

[2024-12-22T23:30:20.836+0000] {standard_task_runner.py:72} INFO - Started process 1219 to run task
[2024-12-22T23:30:20.837+0000] {standard_task_runner.py:104} INFO - Running: ['***', 'tasks', 'run', 'rtve_canarias_schedule_scraper', 'merge_all_xml', 'scheduled__2024-12-22T17:30:00+00:00', '--job-id', '2625', '--raw', '--subdir', 'DAGS_FOLDER/dag_rtve_canarias_selenium.py', '--cfg-path', '/tmp/tmphnvjekuz']
[2024-12-22T23:30:20.838+0000] {standard_task_runner.py:105} INFO - Job 2625: Subtask merge_all_xml
[2024-12-22T23:30:20.866+0000] {task_command.py:467} INFO - Running <TaskInstance: rtve_canarias_schedule_scraper.merge_all_xml scheduled__2024-12-22T17:30:00+00:00 [running]> on host b605548c7b8b
[2024-12-22T23:30:20.910+0000] {taskinstance.py:3132} INFO - Exporting env vars: AIRFLOW_CTX_DAG_OWNER='***' AIRFLOW_CTX_DAG_ID='rtve_canarias_schedule_scraper' AIRFLOW_CTX_TASK_ID='merge_all_xml' AIRFLOW_CTX_EXECUTION_DATE='2024-12-22T17:30:00+00:00' AIRFLOW_CTX_TRY_NUMBER='1' AIRFLOW_CTX_DAG_RUN_ID='scheduled__2024-12-22T17:30:00+00:00'
[2024-12-22T23:30:20.911+0000] {taskinstance.py:731} INFO - ::endgroup::
[2024-12-22T23:30:21.140+0000] {logging_mixin.py:190} INFO - [INFO] Generado el archivo "all_in_one.xml"
[2024-12-22T23:30:21.142+0000] {python.py:240} INFO - Done. Returned value was: None
[2024-12-22T23:30:21.148+0000] {taskinstance.py:340} INFO - ::group::Post task execution logs
[2024-12-22T23:30:21.148+0000] {taskinstance.py:352} INFO - Marking task as SUCCESS. dag_id=rtve_canarias_schedule_scraper, task_id=merge_all_xml, run_id=scheduled__2024-12-22T17:30:00+00:00, execution_date=20241222T173000, start_date=20241222T233020, end_date=20241222T233021
[2024-12-22T23:30:21.170+0000] {local_task_job_runner.py:266} INFO - Task exited with return code 0
[2024-12-22T23:30:21.183+0000] {taskinstance.py:3895} INFO - 1 downstream tasks scheduled from follow-on schedule check
[2024-12-22T23:30:21.185+0000] {local_task_job_runner.py:245} INFO - ::endgroup::
