[2024-12-24T00:00:03.384+0000] {processor.py:186} INFO - Started process (PID=25312) to work on /opt/airflow/dags/tasks/push_all_in_one.py
[2024-12-24T00:00:03.385+0000] {processor.py:914} INFO - Processing file /opt/airflow/dags/tasks/push_all_in_one.py for tasks to queue
[2024-12-24T00:00:03.386+0000] {logging_mixin.py:190} INFO - [2024-12-24T00:00:03.386+0000] {dagbag.py:588} INFO - Filling up the DagBag from /opt/airflow/dags/tasks/push_all_in_one.py
[2024-12-24T00:00:03.449+0000] {processor.py:927} WARNING - No viable dags retrieved from /opt/airflow/dags/tasks/push_all_in_one.py
[2024-12-24T00:00:03.461+0000] {processor.py:208} INFO - Processing /opt/airflow/dags/tasks/push_all_in_one.py took 0.082 seconds
[2024-12-24T00:00:34.518+0000] {processor.py:186} INFO - Started process (PID=25327) to work on /opt/airflow/dags/tasks/push_all_in_one.py
[2024-12-24T00:00:34.519+0000] {processor.py:914} INFO - Processing file /opt/airflow/dags/tasks/push_all_in_one.py for tasks to queue
[2024-12-24T00:00:34.521+0000] {logging_mixin.py:190} INFO - [2024-12-24T00:00:34.521+0000] {dagbag.py:588} INFO - Filling up the DagBag from /opt/airflow/dags/tasks/push_all_in_one.py
[2024-12-24T00:00:34.578+0000] {processor.py:927} WARNING - No viable dags retrieved from /opt/airflow/dags/tasks/push_all_in_one.py
[2024-12-24T00:00:34.588+0000] {processor.py:208} INFO - Processing /opt/airflow/dags/tasks/push_all_in_one.py took 0.074 seconds
[2024-12-24T00:01:05.631+0000] {processor.py:186} INFO - Started process (PID=25342) to work on /opt/airflow/dags/tasks/push_all_in_one.py
[2024-12-24T00:01:05.632+0000] {processor.py:914} INFO - Processing file /opt/airflow/dags/tasks/push_all_in_one.py for tasks to queue
[2024-12-24T00:01:05.634+0000] {logging_mixin.py:190} INFO - [2024-12-24T00:01:05.634+0000] {dagbag.py:588} INFO - Filling up the DagBag from /opt/airflow/dags/tasks/push_all_in_one.py
[2024-12-24T00:01:05.687+0000] {processor.py:927} WARNING - No viable dags retrieved from /opt/airflow/dags/tasks/push_all_in_one.py
[2024-12-24T00:01:05.699+0000] {processor.py:208} INFO - Processing /opt/airflow/dags/tasks/push_all_in_one.py took 0.072 seconds
[2024-12-24T00:01:36.754+0000] {processor.py:186} INFO - Started process (PID=25357) to work on /opt/airflow/dags/tasks/push_all_in_one.py
[2024-12-24T00:01:36.755+0000] {processor.py:914} INFO - Processing file /opt/airflow/dags/tasks/push_all_in_one.py for tasks to queue
[2024-12-24T00:01:36.758+0000] {logging_mixin.py:190} INFO - [2024-12-24T00:01:36.757+0000] {dagbag.py:588} INFO - Filling up the DagBag from /opt/airflow/dags/tasks/push_all_in_one.py
[2024-12-24T00:01:36.819+0000] {processor.py:927} WARNING - No viable dags retrieved from /opt/airflow/dags/tasks/push_all_in_one.py
[2024-12-24T00:01:36.829+0000] {processor.py:208} INFO - Processing /opt/airflow/dags/tasks/push_all_in_one.py took 0.079 seconds
[2024-12-24T00:02:07.893+0000] {processor.py:186} INFO - Started process (PID=25372) to work on /opt/airflow/dags/tasks/push_all_in_one.py
[2024-12-24T00:02:07.894+0000] {processor.py:914} INFO - Processing file /opt/airflow/dags/tasks/push_all_in_one.py for tasks to queue
[2024-12-24T00:02:07.897+0000] {logging_mixin.py:190} INFO - [2024-12-24T00:02:07.897+0000] {dagbag.py:588} INFO - Filling up the DagBag from /opt/airflow/dags/tasks/push_all_in_one.py
[2024-12-24T00:02:07.958+0000] {processor.py:927} WARNING - No viable dags retrieved from /opt/airflow/dags/tasks/push_all_in_one.py
[2024-12-24T00:02:07.968+0000] {processor.py:208} INFO - Processing /opt/airflow/dags/tasks/push_all_in_one.py took 0.079 seconds
[2024-12-24T00:02:39.031+0000] {processor.py:186} INFO - Started process (PID=25387) to work on /opt/airflow/dags/tasks/push_all_in_one.py
[2024-12-24T00:02:39.032+0000] {processor.py:914} INFO - Processing file /opt/airflow/dags/tasks/push_all_in_one.py for tasks to queue
[2024-12-24T00:02:39.035+0000] {logging_mixin.py:190} INFO - [2024-12-24T00:02:39.034+0000] {dagbag.py:588} INFO - Filling up the DagBag from /opt/airflow/dags/tasks/push_all_in_one.py
[2024-12-24T00:02:39.091+0000] {processor.py:927} WARNING - No viable dags retrieved from /opt/airflow/dags/tasks/push_all_in_one.py
[2024-12-24T00:02:39.100+0000] {processor.py:208} INFO - Processing /opt/airflow/dags/tasks/push_all_in_one.py took 0.074 seconds
[2024-12-24T00:03:10.080+0000] {processor.py:186} INFO - Started process (PID=25402) to work on /opt/airflow/dags/tasks/push_all_in_one.py
[2024-12-24T00:03:10.081+0000] {processor.py:914} INFO - Processing file /opt/airflow/dags/tasks/push_all_in_one.py for tasks to queue
[2024-12-24T00:03:10.083+0000] {logging_mixin.py:190} INFO - [2024-12-24T00:03:10.082+0000] {dagbag.py:588} INFO - Filling up the DagBag from /opt/airflow/dags/tasks/push_all_in_one.py
[2024-12-24T00:03:10.134+0000] {processor.py:927} WARNING - No viable dags retrieved from /opt/airflow/dags/tasks/push_all_in_one.py
[2024-12-24T00:03:10.142+0000] {processor.py:208} INFO - Processing /opt/airflow/dags/tasks/push_all_in_one.py took 0.066 seconds
[2024-12-24T00:03:40.936+0000] {processor.py:186} INFO - Started process (PID=25417) to work on /opt/airflow/dags/tasks/push_all_in_one.py
[2024-12-24T00:03:40.936+0000] {processor.py:914} INFO - Processing file /opt/airflow/dags/tasks/push_all_in_one.py for tasks to queue
[2024-12-24T00:03:40.938+0000] {logging_mixin.py:190} INFO - [2024-12-24T00:03:40.938+0000] {dagbag.py:588} INFO - Filling up the DagBag from /opt/airflow/dags/tasks/push_all_in_one.py
[2024-12-24T00:03:40.983+0000] {processor.py:927} WARNING - No viable dags retrieved from /opt/airflow/dags/tasks/push_all_in_one.py
[2024-12-24T00:03:40.990+0000] {processor.py:208} INFO - Processing /opt/airflow/dags/tasks/push_all_in_one.py took 0.058 seconds
[2024-12-24T00:04:11.781+0000] {processor.py:186} INFO - Started process (PID=25432) to work on /opt/airflow/dags/tasks/push_all_in_one.py
[2024-12-24T00:04:11.782+0000] {processor.py:914} INFO - Processing file /opt/airflow/dags/tasks/push_all_in_one.py for tasks to queue
[2024-12-24T00:04:11.783+0000] {logging_mixin.py:190} INFO - [2024-12-24T00:04:11.783+0000] {dagbag.py:588} INFO - Filling up the DagBag from /opt/airflow/dags/tasks/push_all_in_one.py
[2024-12-24T00:04:11.827+0000] {processor.py:927} WARNING - No viable dags retrieved from /opt/airflow/dags/tasks/push_all_in_one.py
[2024-12-24T00:04:11.835+0000] {processor.py:208} INFO - Processing /opt/airflow/dags/tasks/push_all_in_one.py took 0.057 seconds
[2024-12-24T00:04:42.771+0000] {processor.py:186} INFO - Started process (PID=25447) to work on /opt/airflow/dags/tasks/push_all_in_one.py
[2024-12-24T00:04:42.772+0000] {processor.py:914} INFO - Processing file /opt/airflow/dags/tasks/push_all_in_one.py for tasks to queue
[2024-12-24T00:04:42.773+0000] {logging_mixin.py:190} INFO - [2024-12-24T00:04:42.773+0000] {dagbag.py:588} INFO - Filling up the DagBag from /opt/airflow/dags/tasks/push_all_in_one.py
[2024-12-24T00:04:42.820+0000] {processor.py:927} WARNING - No viable dags retrieved from /opt/airflow/dags/tasks/push_all_in_one.py
[2024-12-24T00:04:42.828+0000] {processor.py:208} INFO - Processing /opt/airflow/dags/tasks/push_all_in_one.py took 0.061 seconds
[2024-12-24T00:05:13.834+0000] {processor.py:186} INFO - Started process (PID=25462) to work on /opt/airflow/dags/tasks/push_all_in_one.py
[2024-12-24T00:05:13.835+0000] {processor.py:914} INFO - Processing file /opt/airflow/dags/tasks/push_all_in_one.py for tasks to queue
[2024-12-24T00:05:13.837+0000] {logging_mixin.py:190} INFO - [2024-12-24T00:05:13.836+0000] {dagbag.py:588} INFO - Filling up the DagBag from /opt/airflow/dags/tasks/push_all_in_one.py
[2024-12-24T00:05:13.892+0000] {processor.py:927} WARNING - No viable dags retrieved from /opt/airflow/dags/tasks/push_all_in_one.py
[2024-12-24T00:05:13.904+0000] {processor.py:208} INFO - Processing /opt/airflow/dags/tasks/push_all_in_one.py took 0.074 seconds
[2024-12-24T00:05:44.739+0000] {processor.py:186} INFO - Started process (PID=25477) to work on /opt/airflow/dags/tasks/push_all_in_one.py
[2024-12-24T00:05:44.739+0000] {processor.py:914} INFO - Processing file /opt/airflow/dags/tasks/push_all_in_one.py for tasks to queue
[2024-12-24T00:05:44.741+0000] {logging_mixin.py:190} INFO - [2024-12-24T00:05:44.741+0000] {dagbag.py:588} INFO - Filling up the DagBag from /opt/airflow/dags/tasks/push_all_in_one.py
[2024-12-24T00:05:44.786+0000] {processor.py:927} WARNING - No viable dags retrieved from /opt/airflow/dags/tasks/push_all_in_one.py
[2024-12-24T00:05:44.793+0000] {processor.py:208} INFO - Processing /opt/airflow/dags/tasks/push_all_in_one.py took 0.058 seconds
[2024-12-24T00:06:15.569+0000] {processor.py:186} INFO - Started process (PID=25492) to work on /opt/airflow/dags/tasks/push_all_in_one.py
[2024-12-24T00:06:15.569+0000] {processor.py:914} INFO - Processing file /opt/airflow/dags/tasks/push_all_in_one.py for tasks to queue
[2024-12-24T00:06:15.571+0000] {logging_mixin.py:190} INFO - [2024-12-24T00:06:15.571+0000] {dagbag.py:588} INFO - Filling up the DagBag from /opt/airflow/dags/tasks/push_all_in_one.py
[2024-12-24T00:06:15.616+0000] {processor.py:927} WARNING - No viable dags retrieved from /opt/airflow/dags/tasks/push_all_in_one.py
[2024-12-24T00:06:15.624+0000] {processor.py:208} INFO - Processing /opt/airflow/dags/tasks/push_all_in_one.py took 0.059 seconds
[2024-12-24T00:06:46.430+0000] {processor.py:186} INFO - Started process (PID=25507) to work on /opt/airflow/dags/tasks/push_all_in_one.py
[2024-12-24T00:06:46.430+0000] {processor.py:914} INFO - Processing file /opt/airflow/dags/tasks/push_all_in_one.py for tasks to queue
[2024-12-24T00:06:46.432+0000] {logging_mixin.py:190} INFO - [2024-12-24T00:06:46.432+0000] {dagbag.py:588} INFO - Filling up the DagBag from /opt/airflow/dags/tasks/push_all_in_one.py
[2024-12-24T00:06:46.477+0000] {processor.py:927} WARNING - No viable dags retrieved from /opt/airflow/dags/tasks/push_all_in_one.py
[2024-12-24T00:06:46.485+0000] {processor.py:208} INFO - Processing /opt/airflow/dags/tasks/push_all_in_one.py took 0.059 seconds
[2024-12-24T00:07:17.278+0000] {processor.py:186} INFO - Started process (PID=25522) to work on /opt/airflow/dags/tasks/push_all_in_one.py
[2024-12-24T00:07:17.279+0000] {processor.py:914} INFO - Processing file /opt/airflow/dags/tasks/push_all_in_one.py for tasks to queue
[2024-12-24T00:07:17.280+0000] {logging_mixin.py:190} INFO - [2024-12-24T00:07:17.280+0000] {dagbag.py:588} INFO - Filling up the DagBag from /opt/airflow/dags/tasks/push_all_in_one.py
[2024-12-24T00:07:17.325+0000] {processor.py:927} WARNING - No viable dags retrieved from /opt/airflow/dags/tasks/push_all_in_one.py
[2024-12-24T00:07:17.333+0000] {processor.py:208} INFO - Processing /opt/airflow/dags/tasks/push_all_in_one.py took 0.059 seconds
[2024-12-24T00:07:48.159+0000] {processor.py:186} INFO - Started process (PID=25537) to work on /opt/airflow/dags/tasks/push_all_in_one.py
[2024-12-24T00:07:48.159+0000] {processor.py:914} INFO - Processing file /opt/airflow/dags/tasks/push_all_in_one.py for tasks to queue
[2024-12-24T00:07:48.161+0000] {logging_mixin.py:190} INFO - [2024-12-24T00:07:48.161+0000] {dagbag.py:588} INFO - Filling up the DagBag from /opt/airflow/dags/tasks/push_all_in_one.py
[2024-12-24T00:07:48.205+0000] {processor.py:927} WARNING - No viable dags retrieved from /opt/airflow/dags/tasks/push_all_in_one.py
[2024-12-24T00:07:48.213+0000] {processor.py:208} INFO - Processing /opt/airflow/dags/tasks/push_all_in_one.py took 0.058 seconds
[2024-12-24T00:08:19.003+0000] {processor.py:186} INFO - Started process (PID=25559) to work on /opt/airflow/dags/tasks/push_all_in_one.py
[2024-12-24T00:08:19.004+0000] {processor.py:914} INFO - Processing file /opt/airflow/dags/tasks/push_all_in_one.py for tasks to queue
[2024-12-24T00:08:19.006+0000] {logging_mixin.py:190} INFO - [2024-12-24T00:08:19.006+0000] {dagbag.py:588} INFO - Filling up the DagBag from /opt/airflow/dags/tasks/push_all_in_one.py
[2024-12-24T00:08:19.051+0000] {processor.py:927} WARNING - No viable dags retrieved from /opt/airflow/dags/tasks/push_all_in_one.py
[2024-12-24T00:08:19.058+0000] {processor.py:208} INFO - Processing /opt/airflow/dags/tasks/push_all_in_one.py took 0.058 seconds
[2024-12-24T00:08:49.845+0000] {processor.py:186} INFO - Started process (PID=25574) to work on /opt/airflow/dags/tasks/push_all_in_one.py
[2024-12-24T00:08:49.845+0000] {processor.py:914} INFO - Processing file /opt/airflow/dags/tasks/push_all_in_one.py for tasks to queue
[2024-12-24T00:08:49.847+0000] {logging_mixin.py:190} INFO - [2024-12-24T00:08:49.847+0000] {dagbag.py:588} INFO - Filling up the DagBag from /opt/airflow/dags/tasks/push_all_in_one.py
[2024-12-24T00:08:49.896+0000] {processor.py:927} WARNING - No viable dags retrieved from /opt/airflow/dags/tasks/push_all_in_one.py
[2024-12-24T00:08:49.905+0000] {processor.py:208} INFO - Processing /opt/airflow/dags/tasks/push_all_in_one.py took 0.064 seconds
[2024-12-24T00:09:20.702+0000] {processor.py:186} INFO - Started process (PID=25589) to work on /opt/airflow/dags/tasks/push_all_in_one.py
[2024-12-24T00:09:20.703+0000] {processor.py:914} INFO - Processing file /opt/airflow/dags/tasks/push_all_in_one.py for tasks to queue
[2024-12-24T00:09:20.705+0000] {logging_mixin.py:190} INFO - [2024-12-24T00:09:20.704+0000] {dagbag.py:588} INFO - Filling up the DagBag from /opt/airflow/dags/tasks/push_all_in_one.py
[2024-12-24T00:09:20.750+0000] {processor.py:927} WARNING - No viable dags retrieved from /opt/airflow/dags/tasks/push_all_in_one.py
[2024-12-24T00:09:20.758+0000] {processor.py:208} INFO - Processing /opt/airflow/dags/tasks/push_all_in_one.py took 0.060 seconds
[2024-12-24T00:09:51.705+0000] {processor.py:186} INFO - Started process (PID=25604) to work on /opt/airflow/dags/tasks/push_all_in_one.py
[2024-12-24T00:09:51.706+0000] {processor.py:914} INFO - Processing file /opt/airflow/dags/tasks/push_all_in_one.py for tasks to queue
[2024-12-24T00:09:51.707+0000] {logging_mixin.py:190} INFO - [2024-12-24T00:09:51.707+0000] {dagbag.py:588} INFO - Filling up the DagBag from /opt/airflow/dags/tasks/push_all_in_one.py
[2024-12-24T00:09:51.752+0000] {processor.py:927} WARNING - No viable dags retrieved from /opt/airflow/dags/tasks/push_all_in_one.py
[2024-12-24T00:09:51.760+0000] {processor.py:208} INFO - Processing /opt/airflow/dags/tasks/push_all_in_one.py took 0.059 seconds
[2024-12-24T00:10:22.546+0000] {processor.py:186} INFO - Started process (PID=25619) to work on /opt/airflow/dags/tasks/push_all_in_one.py
[2024-12-24T00:10:22.546+0000] {processor.py:914} INFO - Processing file /opt/airflow/dags/tasks/push_all_in_one.py for tasks to queue
[2024-12-24T00:10:22.548+0000] {logging_mixin.py:190} INFO - [2024-12-24T00:10:22.548+0000] {dagbag.py:588} INFO - Filling up the DagBag from /opt/airflow/dags/tasks/push_all_in_one.py
[2024-12-24T00:10:22.594+0000] {processor.py:927} WARNING - No viable dags retrieved from /opt/airflow/dags/tasks/push_all_in_one.py
[2024-12-24T00:10:22.603+0000] {processor.py:208} INFO - Processing /opt/airflow/dags/tasks/push_all_in_one.py took 0.061 seconds
[2024-12-24T00:10:53.398+0000] {processor.py:186} INFO - Started process (PID=25634) to work on /opt/airflow/dags/tasks/push_all_in_one.py
[2024-12-24T00:10:53.398+0000] {processor.py:914} INFO - Processing file /opt/airflow/dags/tasks/push_all_in_one.py for tasks to queue
[2024-12-24T00:10:53.400+0000] {logging_mixin.py:190} INFO - [2024-12-24T00:10:53.400+0000] {dagbag.py:588} INFO - Filling up the DagBag from /opt/airflow/dags/tasks/push_all_in_one.py
[2024-12-24T00:10:53.444+0000] {processor.py:927} WARNING - No viable dags retrieved from /opt/airflow/dags/tasks/push_all_in_one.py
[2024-12-24T00:10:53.452+0000] {processor.py:208} INFO - Processing /opt/airflow/dags/tasks/push_all_in_one.py took 0.058 seconds
[2024-12-24T00:11:24.237+0000] {processor.py:186} INFO - Started process (PID=25649) to work on /opt/airflow/dags/tasks/push_all_in_one.py
[2024-12-24T00:11:24.238+0000] {processor.py:914} INFO - Processing file /opt/airflow/dags/tasks/push_all_in_one.py for tasks to queue
[2024-12-24T00:11:24.239+0000] {logging_mixin.py:190} INFO - [2024-12-24T00:11:24.239+0000] {dagbag.py:588} INFO - Filling up the DagBag from /opt/airflow/dags/tasks/push_all_in_one.py
[2024-12-24T00:11:24.285+0000] {processor.py:927} WARNING - No viable dags retrieved from /opt/airflow/dags/tasks/push_all_in_one.py
[2024-12-24T00:11:24.292+0000] {processor.py:208} INFO - Processing /opt/airflow/dags/tasks/push_all_in_one.py took 0.059 seconds
[2024-12-24T00:11:55.286+0000] {processor.py:186} INFO - Started process (PID=25665) to work on /opt/airflow/dags/tasks/push_all_in_one.py
[2024-12-24T00:11:55.287+0000] {processor.py:914} INFO - Processing file /opt/airflow/dags/tasks/push_all_in_one.py for tasks to queue
[2024-12-24T00:11:55.289+0000] {logging_mixin.py:190} INFO - [2024-12-24T00:11:55.289+0000] {dagbag.py:588} INFO - Filling up the DagBag from /opt/airflow/dags/tasks/push_all_in_one.py
[2024-12-24T00:11:55.355+0000] {processor.py:927} WARNING - No viable dags retrieved from /opt/airflow/dags/tasks/push_all_in_one.py
[2024-12-24T00:11:55.366+0000] {processor.py:208} INFO - Processing /opt/airflow/dags/tasks/push_all_in_one.py took 0.084 seconds
[2024-12-24T00:12:26.229+0000] {processor.py:186} INFO - Started process (PID=25680) to work on /opt/airflow/dags/tasks/push_all_in_one.py
[2024-12-24T00:12:26.230+0000] {processor.py:914} INFO - Processing file /opt/airflow/dags/tasks/push_all_in_one.py for tasks to queue
[2024-12-24T00:12:26.231+0000] {logging_mixin.py:190} INFO - [2024-12-24T00:12:26.231+0000] {dagbag.py:588} INFO - Filling up the DagBag from /opt/airflow/dags/tasks/push_all_in_one.py
[2024-12-24T00:12:26.274+0000] {processor.py:927} WARNING - No viable dags retrieved from /opt/airflow/dags/tasks/push_all_in_one.py
[2024-12-24T00:12:26.281+0000] {processor.py:208} INFO - Processing /opt/airflow/dags/tasks/push_all_in_one.py took 0.055 seconds
[2024-12-24T00:12:57.101+0000] {processor.py:186} INFO - Started process (PID=25695) to work on /opt/airflow/dags/tasks/push_all_in_one.py
[2024-12-24T00:12:57.102+0000] {processor.py:914} INFO - Processing file /opt/airflow/dags/tasks/push_all_in_one.py for tasks to queue
[2024-12-24T00:12:57.103+0000] {logging_mixin.py:190} INFO - [2024-12-24T00:12:57.103+0000] {dagbag.py:588} INFO - Filling up the DagBag from /opt/airflow/dags/tasks/push_all_in_one.py
[2024-12-24T00:12:57.147+0000] {processor.py:927} WARNING - No viable dags retrieved from /opt/airflow/dags/tasks/push_all_in_one.py
[2024-12-24T00:12:57.154+0000] {processor.py:208} INFO - Processing /opt/airflow/dags/tasks/push_all_in_one.py took 0.056 seconds
[2024-12-24T00:13:27.984+0000] {processor.py:186} INFO - Started process (PID=25710) to work on /opt/airflow/dags/tasks/push_all_in_one.py
[2024-12-24T00:13:27.985+0000] {processor.py:914} INFO - Processing file /opt/airflow/dags/tasks/push_all_in_one.py for tasks to queue
[2024-12-24T00:13:27.986+0000] {logging_mixin.py:190} INFO - [2024-12-24T00:13:27.986+0000] {dagbag.py:588} INFO - Filling up the DagBag from /opt/airflow/dags/tasks/push_all_in_one.py
[2024-12-24T00:13:28.030+0000] {processor.py:927} WARNING - No viable dags retrieved from /opt/airflow/dags/tasks/push_all_in_one.py
[2024-12-24T00:13:28.038+0000] {processor.py:208} INFO - Processing /opt/airflow/dags/tasks/push_all_in_one.py took 0.058 seconds
[2024-12-24T00:13:58.853+0000] {processor.py:186} INFO - Started process (PID=25725) to work on /opt/airflow/dags/tasks/push_all_in_one.py
[2024-12-24T00:13:58.853+0000] {processor.py:914} INFO - Processing file /opt/airflow/dags/tasks/push_all_in_one.py for tasks to queue
[2024-12-24T00:13:58.854+0000] {logging_mixin.py:190} INFO - [2024-12-24T00:13:58.854+0000] {dagbag.py:588} INFO - Filling up the DagBag from /opt/airflow/dags/tasks/push_all_in_one.py
[2024-12-24T00:13:58.896+0000] {processor.py:927} WARNING - No viable dags retrieved from /opt/airflow/dags/tasks/push_all_in_one.py
[2024-12-24T00:13:58.903+0000] {processor.py:208} INFO - Processing /opt/airflow/dags/tasks/push_all_in_one.py took 0.054 seconds
[2024-12-24T00:14:29.721+0000] {processor.py:186} INFO - Started process (PID=25740) to work on /opt/airflow/dags/tasks/push_all_in_one.py
[2024-12-24T00:14:29.721+0000] {processor.py:914} INFO - Processing file /opt/airflow/dags/tasks/push_all_in_one.py for tasks to queue
[2024-12-24T00:14:29.734+0000] {logging_mixin.py:190} INFO - [2024-12-24T00:14:29.733+0000] {dagbag.py:588} INFO - Filling up the DagBag from /opt/airflow/dags/tasks/push_all_in_one.py
[2024-12-24T00:14:29.776+0000] {processor.py:927} WARNING - No viable dags retrieved from /opt/airflow/dags/tasks/push_all_in_one.py
[2024-12-24T00:14:29.783+0000] {processor.py:208} INFO - Processing /opt/airflow/dags/tasks/push_all_in_one.py took 0.066 seconds
[2024-12-24T00:15:00.610+0000] {processor.py:186} INFO - Started process (PID=25755) to work on /opt/airflow/dags/tasks/push_all_in_one.py
[2024-12-24T00:15:00.611+0000] {processor.py:914} INFO - Processing file /opt/airflow/dags/tasks/push_all_in_one.py for tasks to queue
[2024-12-24T00:15:00.612+0000] {logging_mixin.py:190} INFO - [2024-12-24T00:15:00.612+0000] {dagbag.py:588} INFO - Filling up the DagBag from /opt/airflow/dags/tasks/push_all_in_one.py
[2024-12-24T00:15:00.654+0000] {processor.py:927} WARNING - No viable dags retrieved from /opt/airflow/dags/tasks/push_all_in_one.py
[2024-12-24T00:15:00.661+0000] {processor.py:208} INFO - Processing /opt/airflow/dags/tasks/push_all_in_one.py took 0.054 seconds
[2024-12-24T00:15:31.484+0000] {processor.py:186} INFO - Started process (PID=25770) to work on /opt/airflow/dags/tasks/push_all_in_one.py
[2024-12-24T00:15:31.484+0000] {processor.py:914} INFO - Processing file /opt/airflow/dags/tasks/push_all_in_one.py for tasks to queue
[2024-12-24T00:15:31.486+0000] {logging_mixin.py:190} INFO - [2024-12-24T00:15:31.485+0000] {dagbag.py:588} INFO - Filling up the DagBag from /opt/airflow/dags/tasks/push_all_in_one.py
[2024-12-24T00:15:31.526+0000] {processor.py:927} WARNING - No viable dags retrieved from /opt/airflow/dags/tasks/push_all_in_one.py
[2024-12-24T00:15:31.534+0000] {processor.py:208} INFO - Processing /opt/airflow/dags/tasks/push_all_in_one.py took 0.054 seconds
[2024-12-24T00:16:02.378+0000] {processor.py:186} INFO - Started process (PID=25785) to work on /opt/airflow/dags/tasks/push_all_in_one.py
[2024-12-24T00:16:02.378+0000] {processor.py:914} INFO - Processing file /opt/airflow/dags/tasks/push_all_in_one.py for tasks to queue
[2024-12-24T00:16:02.380+0000] {logging_mixin.py:190} INFO - [2024-12-24T00:16:02.379+0000] {dagbag.py:588} INFO - Filling up the DagBag from /opt/airflow/dags/tasks/push_all_in_one.py
[2024-12-24T00:16:02.422+0000] {processor.py:927} WARNING - No viable dags retrieved from /opt/airflow/dags/tasks/push_all_in_one.py
[2024-12-24T00:16:02.430+0000] {processor.py:208} INFO - Processing /opt/airflow/dags/tasks/push_all_in_one.py took 0.055 seconds
[2024-12-24T00:16:33.276+0000] {processor.py:186} INFO - Started process (PID=25800) to work on /opt/airflow/dags/tasks/push_all_in_one.py
[2024-12-24T00:16:33.277+0000] {processor.py:914} INFO - Processing file /opt/airflow/dags/tasks/push_all_in_one.py for tasks to queue
[2024-12-24T00:16:33.278+0000] {logging_mixin.py:190} INFO - [2024-12-24T00:16:33.278+0000] {dagbag.py:588} INFO - Filling up the DagBag from /opt/airflow/dags/tasks/push_all_in_one.py
[2024-12-24T00:16:33.320+0000] {processor.py:927} WARNING - No viable dags retrieved from /opt/airflow/dags/tasks/push_all_in_one.py
[2024-12-24T00:16:33.327+0000] {processor.py:208} INFO - Processing /opt/airflow/dags/tasks/push_all_in_one.py took 0.054 seconds
[2024-12-24T00:17:04.192+0000] {processor.py:186} INFO - Started process (PID=25815) to work on /opt/airflow/dags/tasks/push_all_in_one.py
[2024-12-24T00:17:04.193+0000] {processor.py:914} INFO - Processing file /opt/airflow/dags/tasks/push_all_in_one.py for tasks to queue
[2024-12-24T00:17:04.194+0000] {logging_mixin.py:190} INFO - [2024-12-24T00:17:04.194+0000] {dagbag.py:588} INFO - Filling up the DagBag from /opt/airflow/dags/tasks/push_all_in_one.py
[2024-12-24T00:17:04.235+0000] {processor.py:927} WARNING - No viable dags retrieved from /opt/airflow/dags/tasks/push_all_in_one.py
[2024-12-24T00:17:04.242+0000] {processor.py:208} INFO - Processing /opt/airflow/dags/tasks/push_all_in_one.py took 0.053 seconds
[2024-12-24T00:17:35.102+0000] {processor.py:186} INFO - Started process (PID=25830) to work on /opt/airflow/dags/tasks/push_all_in_one.py
[2024-12-24T00:17:35.102+0000] {processor.py:914} INFO - Processing file /opt/airflow/dags/tasks/push_all_in_one.py for tasks to queue
[2024-12-24T00:17:35.104+0000] {logging_mixin.py:190} INFO - [2024-12-24T00:17:35.104+0000] {dagbag.py:588} INFO - Filling up the DagBag from /opt/airflow/dags/tasks/push_all_in_one.py
[2024-12-24T00:17:35.146+0000] {processor.py:927} WARNING - No viable dags retrieved from /opt/airflow/dags/tasks/push_all_in_one.py
[2024-12-24T00:17:35.153+0000] {processor.py:208} INFO - Processing /opt/airflow/dags/tasks/push_all_in_one.py took 0.055 seconds
[2024-12-24T00:18:05.962+0000] {processor.py:186} INFO - Started process (PID=25845) to work on /opt/airflow/dags/tasks/push_all_in_one.py
[2024-12-24T00:18:05.962+0000] {processor.py:914} INFO - Processing file /opt/airflow/dags/tasks/push_all_in_one.py for tasks to queue
[2024-12-24T00:18:05.964+0000] {logging_mixin.py:190} INFO - [2024-12-24T00:18:05.964+0000] {dagbag.py:588} INFO - Filling up the DagBag from /opt/airflow/dags/tasks/push_all_in_one.py
[2024-12-24T00:18:06.005+0000] {processor.py:927} WARNING - No viable dags retrieved from /opt/airflow/dags/tasks/push_all_in_one.py
[2024-12-24T00:18:06.012+0000] {processor.py:208} INFO - Processing /opt/airflow/dags/tasks/push_all_in_one.py took 0.054 seconds
[2024-12-24T00:18:36.812+0000] {processor.py:186} INFO - Started process (PID=25860) to work on /opt/airflow/dags/tasks/push_all_in_one.py
[2024-12-24T00:18:36.812+0000] {processor.py:914} INFO - Processing file /opt/airflow/dags/tasks/push_all_in_one.py for tasks to queue
[2024-12-24T00:18:36.814+0000] {logging_mixin.py:190} INFO - [2024-12-24T00:18:36.814+0000] {dagbag.py:588} INFO - Filling up the DagBag from /opt/airflow/dags/tasks/push_all_in_one.py
[2024-12-24T00:18:36.856+0000] {processor.py:927} WARNING - No viable dags retrieved from /opt/airflow/dags/tasks/push_all_in_one.py
[2024-12-24T00:18:36.867+0000] {processor.py:208} INFO - Processing /opt/airflow/dags/tasks/push_all_in_one.py took 0.059 seconds
[2024-12-24T00:19:07.692+0000] {processor.py:186} INFO - Started process (PID=25875) to work on /opt/airflow/dags/tasks/push_all_in_one.py
[2024-12-24T00:19:07.692+0000] {processor.py:914} INFO - Processing file /opt/airflow/dags/tasks/push_all_in_one.py for tasks to queue
[2024-12-24T00:19:07.694+0000] {logging_mixin.py:190} INFO - [2024-12-24T00:19:07.694+0000] {dagbag.py:588} INFO - Filling up the DagBag from /opt/airflow/dags/tasks/push_all_in_one.py
[2024-12-24T00:19:07.735+0000] {processor.py:927} WARNING - No viable dags retrieved from /opt/airflow/dags/tasks/push_all_in_one.py
[2024-12-24T00:19:07.742+0000] {processor.py:208} INFO - Processing /opt/airflow/dags/tasks/push_all_in_one.py took 0.054 seconds
[2024-12-24T00:19:38.701+0000] {processor.py:186} INFO - Started process (PID=25890) to work on /opt/airflow/dags/tasks/push_all_in_one.py
[2024-12-24T00:19:38.701+0000] {processor.py:914} INFO - Processing file /opt/airflow/dags/tasks/push_all_in_one.py for tasks to queue
[2024-12-24T00:19:38.703+0000] {logging_mixin.py:190} INFO - [2024-12-24T00:19:38.703+0000] {dagbag.py:588} INFO - Filling up the DagBag from /opt/airflow/dags/tasks/push_all_in_one.py
[2024-12-24T00:19:38.748+0000] {processor.py:927} WARNING - No viable dags retrieved from /opt/airflow/dags/tasks/push_all_in_one.py
[2024-12-24T00:19:38.755+0000] {processor.py:208} INFO - Processing /opt/airflow/dags/tasks/push_all_in_one.py took 0.058 seconds
[2024-12-24T00:20:09.557+0000] {processor.py:186} INFO - Started process (PID=25905) to work on /opt/airflow/dags/tasks/push_all_in_one.py
[2024-12-24T00:20:09.557+0000] {processor.py:914} INFO - Processing file /opt/airflow/dags/tasks/push_all_in_one.py for tasks to queue
[2024-12-24T00:20:09.559+0000] {logging_mixin.py:190} INFO - [2024-12-24T00:20:09.559+0000] {dagbag.py:588} INFO - Filling up the DagBag from /opt/airflow/dags/tasks/push_all_in_one.py
[2024-12-24T00:20:09.601+0000] {processor.py:927} WARNING - No viable dags retrieved from /opt/airflow/dags/tasks/push_all_in_one.py
[2024-12-24T00:20:09.608+0000] {processor.py:208} INFO - Processing /opt/airflow/dags/tasks/push_all_in_one.py took 0.055 seconds
[2024-12-24T00:20:40.458+0000] {processor.py:186} INFO - Started process (PID=25920) to work on /opt/airflow/dags/tasks/push_all_in_one.py
[2024-12-24T00:20:40.458+0000] {processor.py:914} INFO - Processing file /opt/airflow/dags/tasks/push_all_in_one.py for tasks to queue
[2024-12-24T00:20:40.460+0000] {logging_mixin.py:190} INFO - [2024-12-24T00:20:40.460+0000] {dagbag.py:588} INFO - Filling up the DagBag from /opt/airflow/dags/tasks/push_all_in_one.py
[2024-12-24T00:20:40.505+0000] {processor.py:927} WARNING - No viable dags retrieved from /opt/airflow/dags/tasks/push_all_in_one.py
[2024-12-24T00:20:40.513+0000] {processor.py:208} INFO - Processing /opt/airflow/dags/tasks/push_all_in_one.py took 0.059 seconds
[2024-12-24T00:21:11.328+0000] {processor.py:186} INFO - Started process (PID=25935) to work on /opt/airflow/dags/tasks/push_all_in_one.py
[2024-12-24T00:21:11.328+0000] {processor.py:914} INFO - Processing file /opt/airflow/dags/tasks/push_all_in_one.py for tasks to queue
[2024-12-24T00:21:11.330+0000] {logging_mixin.py:190} INFO - [2024-12-24T00:21:11.329+0000] {dagbag.py:588} INFO - Filling up the DagBag from /opt/airflow/dags/tasks/push_all_in_one.py
[2024-12-24T00:21:11.371+0000] {processor.py:927} WARNING - No viable dags retrieved from /opt/airflow/dags/tasks/push_all_in_one.py
[2024-12-24T00:21:11.378+0000] {processor.py:208} INFO - Processing /opt/airflow/dags/tasks/push_all_in_one.py took 0.054 seconds
[2024-12-24T00:21:42.188+0000] {processor.py:186} INFO - Started process (PID=25950) to work on /opt/airflow/dags/tasks/push_all_in_one.py
[2024-12-24T00:21:42.188+0000] {processor.py:914} INFO - Processing file /opt/airflow/dags/tasks/push_all_in_one.py for tasks to queue
[2024-12-24T00:21:42.190+0000] {logging_mixin.py:190} INFO - [2024-12-24T00:21:42.190+0000] {dagbag.py:588} INFO - Filling up the DagBag from /opt/airflow/dags/tasks/push_all_in_one.py
[2024-12-24T00:21:42.233+0000] {processor.py:927} WARNING - No viable dags retrieved from /opt/airflow/dags/tasks/push_all_in_one.py
[2024-12-24T00:21:42.240+0000] {processor.py:208} INFO - Processing /opt/airflow/dags/tasks/push_all_in_one.py took 0.056 seconds
[2024-12-24T00:22:13.075+0000] {processor.py:186} INFO - Started process (PID=25965) to work on /opt/airflow/dags/tasks/push_all_in_one.py
[2024-12-24T00:22:13.076+0000] {processor.py:914} INFO - Processing file /opt/airflow/dags/tasks/push_all_in_one.py for tasks to queue
[2024-12-24T00:22:13.077+0000] {logging_mixin.py:190} INFO - [2024-12-24T00:22:13.077+0000] {dagbag.py:588} INFO - Filling up the DagBag from /opt/airflow/dags/tasks/push_all_in_one.py
[2024-12-24T00:22:13.120+0000] {processor.py:927} WARNING - No viable dags retrieved from /opt/airflow/dags/tasks/push_all_in_one.py
[2024-12-24T00:22:13.127+0000] {processor.py:208} INFO - Processing /opt/airflow/dags/tasks/push_all_in_one.py took 0.056 seconds
[2024-12-24T00:22:44.152+0000] {processor.py:186} INFO - Started process (PID=25980) to work on /opt/airflow/dags/tasks/push_all_in_one.py
[2024-12-24T00:22:44.153+0000] {processor.py:914} INFO - Processing file /opt/airflow/dags/tasks/push_all_in_one.py for tasks to queue
[2024-12-24T00:22:44.155+0000] {logging_mixin.py:190} INFO - [2024-12-24T00:22:44.154+0000] {dagbag.py:588} INFO - Filling up the DagBag from /opt/airflow/dags/tasks/push_all_in_one.py
[2024-12-24T00:22:44.201+0000] {processor.py:927} WARNING - No viable dags retrieved from /opt/airflow/dags/tasks/push_all_in_one.py
[2024-12-24T00:22:44.208+0000] {processor.py:208} INFO - Processing /opt/airflow/dags/tasks/push_all_in_one.py took 0.060 seconds
[2024-12-24T00:23:15.374+0000] {processor.py:186} INFO - Started process (PID=25995) to work on /opt/airflow/dags/tasks/push_all_in_one.py
[2024-12-24T00:23:15.375+0000] {processor.py:914} INFO - Processing file /opt/airflow/dags/tasks/push_all_in_one.py for tasks to queue
[2024-12-24T00:23:15.377+0000] {logging_mixin.py:190} INFO - [2024-12-24T00:23:15.377+0000] {dagbag.py:588} INFO - Filling up the DagBag from /opt/airflow/dags/tasks/push_all_in_one.py
[2024-12-24T00:23:15.451+0000] {processor.py:927} WARNING - No viable dags retrieved from /opt/airflow/dags/tasks/push_all_in_one.py
[2024-12-24T00:23:15.461+0000] {processor.py:208} INFO - Processing /opt/airflow/dags/tasks/push_all_in_one.py took 0.093 seconds
[2024-12-24T00:23:46.287+0000] {processor.py:186} INFO - Started process (PID=26010) to work on /opt/airflow/dags/tasks/push_all_in_one.py
[2024-12-24T00:23:46.288+0000] {processor.py:914} INFO - Processing file /opt/airflow/dags/tasks/push_all_in_one.py for tasks to queue
[2024-12-24T00:23:46.289+0000] {logging_mixin.py:190} INFO - [2024-12-24T00:23:46.289+0000] {dagbag.py:588} INFO - Filling up the DagBag from /opt/airflow/dags/tasks/push_all_in_one.py
[2024-12-24T00:23:46.336+0000] {processor.py:927} WARNING - No viable dags retrieved from /opt/airflow/dags/tasks/push_all_in_one.py
[2024-12-24T00:23:46.344+0000] {processor.py:208} INFO - Processing /opt/airflow/dags/tasks/push_all_in_one.py took 0.061 seconds
[2024-12-24T00:24:17.160+0000] {processor.py:186} INFO - Started process (PID=26025) to work on /opt/airflow/dags/tasks/push_all_in_one.py
[2024-12-24T00:24:17.160+0000] {processor.py:914} INFO - Processing file /opt/airflow/dags/tasks/push_all_in_one.py for tasks to queue
[2024-12-24T00:24:17.162+0000] {logging_mixin.py:190} INFO - [2024-12-24T00:24:17.162+0000] {dagbag.py:588} INFO - Filling up the DagBag from /opt/airflow/dags/tasks/push_all_in_one.py
[2024-12-24T00:24:17.203+0000] {processor.py:927} WARNING - No viable dags retrieved from /opt/airflow/dags/tasks/push_all_in_one.py
[2024-12-24T00:24:17.213+0000] {processor.py:208} INFO - Processing /opt/airflow/dags/tasks/push_all_in_one.py took 0.056 seconds
[2024-12-24T00:24:48.295+0000] {processor.py:186} INFO - Started process (PID=26040) to work on /opt/airflow/dags/tasks/push_all_in_one.py
[2024-12-24T00:24:48.296+0000] {processor.py:914} INFO - Processing file /opt/airflow/dags/tasks/push_all_in_one.py for tasks to queue
[2024-12-24T00:24:48.298+0000] {logging_mixin.py:190} INFO - [2024-12-24T00:24:48.298+0000] {dagbag.py:588} INFO - Filling up the DagBag from /opt/airflow/dags/tasks/push_all_in_one.py
[2024-12-24T00:24:48.360+0000] {processor.py:927} WARNING - No viable dags retrieved from /opt/airflow/dags/tasks/push_all_in_one.py
[2024-12-24T00:24:48.372+0000] {processor.py:208} INFO - Processing /opt/airflow/dags/tasks/push_all_in_one.py took 0.083 seconds
[2024-12-24T00:25:19.235+0000] {processor.py:186} INFO - Started process (PID=26055) to work on /opt/airflow/dags/tasks/push_all_in_one.py
[2024-12-24T00:25:19.236+0000] {processor.py:914} INFO - Processing file /opt/airflow/dags/tasks/push_all_in_one.py for tasks to queue
[2024-12-24T00:25:19.238+0000] {logging_mixin.py:190} INFO - [2024-12-24T00:25:19.238+0000] {dagbag.py:588} INFO - Filling up the DagBag from /opt/airflow/dags/tasks/push_all_in_one.py
[2024-12-24T00:25:19.285+0000] {processor.py:927} WARNING - No viable dags retrieved from /opt/airflow/dags/tasks/push_all_in_one.py
[2024-12-24T00:25:19.291+0000] {processor.py:208} INFO - Processing /opt/airflow/dags/tasks/push_all_in_one.py took 0.060 seconds
[2024-12-24T00:25:50.232+0000] {processor.py:186} INFO - Started process (PID=26076) to work on /opt/airflow/dags/tasks/push_all_in_one.py
[2024-12-24T00:25:50.233+0000] {processor.py:914} INFO - Processing file /opt/airflow/dags/tasks/push_all_in_one.py for tasks to queue
[2024-12-24T00:25:50.234+0000] {logging_mixin.py:190} INFO - [2024-12-24T00:25:50.234+0000] {dagbag.py:588} INFO - Filling up the DagBag from /opt/airflow/dags/tasks/push_all_in_one.py
[2024-12-24T00:25:50.281+0000] {processor.py:927} WARNING - No viable dags retrieved from /opt/airflow/dags/tasks/push_all_in_one.py
[2024-12-24T00:25:50.289+0000] {processor.py:208} INFO - Processing /opt/airflow/dags/tasks/push_all_in_one.py took 0.061 seconds
[2024-12-24T00:26:21.090+0000] {processor.py:186} INFO - Started process (PID=26091) to work on /opt/airflow/dags/tasks/push_all_in_one.py
[2024-12-24T00:26:21.090+0000] {processor.py:914} INFO - Processing file /opt/airflow/dags/tasks/push_all_in_one.py for tasks to queue
[2024-12-24T00:26:21.092+0000] {logging_mixin.py:190} INFO - [2024-12-24T00:26:21.092+0000] {dagbag.py:588} INFO - Filling up the DagBag from /opt/airflow/dags/tasks/push_all_in_one.py
[2024-12-24T00:26:21.133+0000] {processor.py:927} WARNING - No viable dags retrieved from /opt/airflow/dags/tasks/push_all_in_one.py
[2024-12-24T00:26:21.141+0000] {processor.py:208} INFO - Processing /opt/airflow/dags/tasks/push_all_in_one.py took 0.055 seconds
[2024-12-24T00:26:51.998+0000] {processor.py:186} INFO - Started process (PID=26106) to work on /opt/airflow/dags/tasks/push_all_in_one.py
[2024-12-24T00:26:51.999+0000] {processor.py:914} INFO - Processing file /opt/airflow/dags/tasks/push_all_in_one.py for tasks to queue
[2024-12-24T00:26:52.000+0000] {logging_mixin.py:190} INFO - [2024-12-24T00:26:52.000+0000] {dagbag.py:588} INFO - Filling up the DagBag from /opt/airflow/dags/tasks/push_all_in_one.py
[2024-12-24T00:26:52.042+0000] {processor.py:927} WARNING - No viable dags retrieved from /opt/airflow/dags/tasks/push_all_in_one.py
[2024-12-24T00:26:52.050+0000] {processor.py:208} INFO - Processing /opt/airflow/dags/tasks/push_all_in_one.py took 0.056 seconds
[2024-12-24T00:27:23.139+0000] {processor.py:186} INFO - Started process (PID=26121) to work on /opt/airflow/dags/tasks/push_all_in_one.py
[2024-12-24T00:27:23.140+0000] {processor.py:914} INFO - Processing file /opt/airflow/dags/tasks/push_all_in_one.py for tasks to queue
[2024-12-24T00:27:23.142+0000] {logging_mixin.py:190} INFO - [2024-12-24T00:27:23.142+0000] {dagbag.py:588} INFO - Filling up the DagBag from /opt/airflow/dags/tasks/push_all_in_one.py
[2024-12-24T00:27:23.202+0000] {processor.py:927} WARNING - No viable dags retrieved from /opt/airflow/dags/tasks/push_all_in_one.py
[2024-12-24T00:27:23.214+0000] {processor.py:208} INFO - Processing /opt/airflow/dags/tasks/push_all_in_one.py took 0.080 seconds
[2024-12-24T00:27:54.319+0000] {processor.py:186} INFO - Started process (PID=26136) to work on /opt/airflow/dags/tasks/push_all_in_one.py
[2024-12-24T00:27:54.320+0000] {processor.py:914} INFO - Processing file /opt/airflow/dags/tasks/push_all_in_one.py for tasks to queue
[2024-12-24T00:27:54.323+0000] {logging_mixin.py:190} INFO - [2024-12-24T00:27:54.322+0000] {dagbag.py:588} INFO - Filling up the DagBag from /opt/airflow/dags/tasks/push_all_in_one.py
[2024-12-24T00:27:54.382+0000] {processor.py:927} WARNING - No viable dags retrieved from /opt/airflow/dags/tasks/push_all_in_one.py
[2024-12-24T00:27:54.391+0000] {processor.py:208} INFO - Processing /opt/airflow/dags/tasks/push_all_in_one.py took 0.078 seconds
[2024-12-24T00:28:25.211+0000] {processor.py:186} INFO - Started process (PID=26151) to work on /opt/airflow/dags/tasks/push_all_in_one.py
[2024-12-24T00:28:25.211+0000] {processor.py:914} INFO - Processing file /opt/airflow/dags/tasks/push_all_in_one.py for tasks to queue
[2024-12-24T00:28:25.213+0000] {logging_mixin.py:190} INFO - [2024-12-24T00:28:25.213+0000] {dagbag.py:588} INFO - Filling up the DagBag from /opt/airflow/dags/tasks/push_all_in_one.py
[2024-12-24T00:28:25.257+0000] {processor.py:927} WARNING - No viable dags retrieved from /opt/airflow/dags/tasks/push_all_in_one.py
[2024-12-24T00:28:25.265+0000] {processor.py:208} INFO - Processing /opt/airflow/dags/tasks/push_all_in_one.py took 0.058 seconds
[2024-12-24T00:28:56.031+0000] {processor.py:186} INFO - Started process (PID=26166) to work on /opt/airflow/dags/tasks/push_all_in_one.py
[2024-12-24T00:28:56.032+0000] {processor.py:914} INFO - Processing file /opt/airflow/dags/tasks/push_all_in_one.py for tasks to queue
[2024-12-24T00:28:56.033+0000] {logging_mixin.py:190} INFO - [2024-12-24T00:28:56.033+0000] {dagbag.py:588} INFO - Filling up the DagBag from /opt/airflow/dags/tasks/push_all_in_one.py
[2024-12-24T00:28:56.077+0000] {processor.py:927} WARNING - No viable dags retrieved from /opt/airflow/dags/tasks/push_all_in_one.py
[2024-12-24T00:28:56.084+0000] {processor.py:208} INFO - Processing /opt/airflow/dags/tasks/push_all_in_one.py took 0.057 seconds
[2024-12-24T00:29:26.856+0000] {processor.py:186} INFO - Started process (PID=26181) to work on /opt/airflow/dags/tasks/push_all_in_one.py
[2024-12-24T00:29:26.857+0000] {processor.py:914} INFO - Processing file /opt/airflow/dags/tasks/push_all_in_one.py for tasks to queue
[2024-12-24T00:29:26.859+0000] {logging_mixin.py:190} INFO - [2024-12-24T00:29:26.858+0000] {dagbag.py:588} INFO - Filling up the DagBag from /opt/airflow/dags/tasks/push_all_in_one.py
[2024-12-24T00:29:26.905+0000] {processor.py:927} WARNING - No viable dags retrieved from /opt/airflow/dags/tasks/push_all_in_one.py
[2024-12-24T00:29:26.912+0000] {processor.py:208} INFO - Processing /opt/airflow/dags/tasks/push_all_in_one.py took 0.060 seconds
[2024-12-24T00:29:57.849+0000] {processor.py:186} INFO - Started process (PID=26196) to work on /opt/airflow/dags/tasks/push_all_in_one.py
[2024-12-24T00:29:57.850+0000] {processor.py:914} INFO - Processing file /opt/airflow/dags/tasks/push_all_in_one.py for tasks to queue
[2024-12-24T00:29:57.852+0000] {logging_mixin.py:190} INFO - [2024-12-24T00:29:57.852+0000] {dagbag.py:588} INFO - Filling up the DagBag from /opt/airflow/dags/tasks/push_all_in_one.py
[2024-12-24T00:29:57.896+0000] {processor.py:927} WARNING - No viable dags retrieved from /opt/airflow/dags/tasks/push_all_in_one.py
[2024-12-24T00:29:57.904+0000] {processor.py:208} INFO - Processing /opt/airflow/dags/tasks/push_all_in_one.py took 0.058 seconds
[2024-12-24T00:30:29.002+0000] {processor.py:186} INFO - Started process (PID=26211) to work on /opt/airflow/dags/tasks/push_all_in_one.py
[2024-12-24T00:30:29.003+0000] {processor.py:914} INFO - Processing file /opt/airflow/dags/tasks/push_all_in_one.py for tasks to queue
[2024-12-24T00:30:29.006+0000] {logging_mixin.py:190} INFO - [2024-12-24T00:30:29.005+0000] {dagbag.py:588} INFO - Filling up the DagBag from /opt/airflow/dags/tasks/push_all_in_one.py
[2024-12-24T00:30:29.066+0000] {processor.py:927} WARNING - No viable dags retrieved from /opt/airflow/dags/tasks/push_all_in_one.py
[2024-12-24T00:30:29.078+0000] {processor.py:208} INFO - Processing /opt/airflow/dags/tasks/push_all_in_one.py took 0.080 seconds
[2024-12-24T00:30:59.532+0000] {processor.py:186} INFO - Started process (PID=26226) to work on /opt/airflow/dags/tasks/push_all_in_one.py
[2024-12-24T00:30:59.532+0000] {processor.py:914} INFO - Processing file /opt/airflow/dags/tasks/push_all_in_one.py for tasks to queue
[2024-12-24T00:30:59.534+0000] {logging_mixin.py:190} INFO - [2024-12-24T00:30:59.534+0000] {dagbag.py:588} INFO - Filling up the DagBag from /opt/airflow/dags/tasks/push_all_in_one.py
[2024-12-24T00:30:59.598+0000] {processor.py:927} WARNING - No viable dags retrieved from /opt/airflow/dags/tasks/push_all_in_one.py
[2024-12-24T00:30:59.608+0000] {processor.py:208} INFO - Processing /opt/airflow/dags/tasks/push_all_in_one.py took 0.080 seconds
[2024-12-24T00:31:29.733+0000] {processor.py:186} INFO - Started process (PID=26241) to work on /opt/airflow/dags/tasks/push_all_in_one.py
[2024-12-24T00:31:29.735+0000] {processor.py:914} INFO - Processing file /opt/airflow/dags/tasks/push_all_in_one.py for tasks to queue
[2024-12-24T00:31:29.737+0000] {logging_mixin.py:190} INFO - [2024-12-24T00:31:29.736+0000] {dagbag.py:588} INFO - Filling up the DagBag from /opt/airflow/dags/tasks/push_all_in_one.py
[2024-12-24T00:31:29.800+0000] {processor.py:927} WARNING - No viable dags retrieved from /opt/airflow/dags/tasks/push_all_in_one.py
[2024-12-24T00:31:29.812+0000] {processor.py:208} INFO - Processing /opt/airflow/dags/tasks/push_all_in_one.py took 0.085 seconds
[2024-12-24T00:32:00.096+0000] {processor.py:186} INFO - Started process (PID=26256) to work on /opt/airflow/dags/tasks/push_all_in_one.py
[2024-12-24T00:32:00.097+0000] {processor.py:914} INFO - Processing file /opt/airflow/dags/tasks/push_all_in_one.py for tasks to queue
[2024-12-24T00:32:00.099+0000] {logging_mixin.py:190} INFO - [2024-12-24T00:32:00.098+0000] {dagbag.py:588} INFO - Filling up the DagBag from /opt/airflow/dags/tasks/push_all_in_one.py
[2024-12-24T00:32:00.159+0000] {processor.py:927} WARNING - No viable dags retrieved from /opt/airflow/dags/tasks/push_all_in_one.py
[2024-12-24T00:32:00.171+0000] {processor.py:208} INFO - Processing /opt/airflow/dags/tasks/push_all_in_one.py took 0.079 seconds
[2024-12-24T00:32:31.123+0000] {processor.py:186} INFO - Started process (PID=26271) to work on /opt/airflow/dags/tasks/push_all_in_one.py
[2024-12-24T00:32:31.124+0000] {processor.py:914} INFO - Processing file /opt/airflow/dags/tasks/push_all_in_one.py for tasks to queue
[2024-12-24T00:32:31.126+0000] {logging_mixin.py:190} INFO - [2024-12-24T00:32:31.125+0000] {dagbag.py:588} INFO - Filling up the DagBag from /opt/airflow/dags/tasks/push_all_in_one.py
[2024-12-24T00:32:31.189+0000] {processor.py:927} WARNING - No viable dags retrieved from /opt/airflow/dags/tasks/push_all_in_one.py
[2024-12-24T00:32:31.200+0000] {processor.py:208} INFO - Processing /opt/airflow/dags/tasks/push_all_in_one.py took 0.081 seconds
[2024-12-24T00:33:01.456+0000] {processor.py:186} INFO - Started process (PID=26286) to work on /opt/airflow/dags/tasks/push_all_in_one.py
[2024-12-24T00:33:01.457+0000] {processor.py:914} INFO - Processing file /opt/airflow/dags/tasks/push_all_in_one.py for tasks to queue
[2024-12-24T00:33:01.459+0000] {logging_mixin.py:190} INFO - [2024-12-24T00:33:01.459+0000] {dagbag.py:588} INFO - Filling up the DagBag from /opt/airflow/dags/tasks/push_all_in_one.py
[2024-12-24T00:33:01.531+0000] {processor.py:927} WARNING - No viable dags retrieved from /opt/airflow/dags/tasks/push_all_in_one.py
[2024-12-24T00:33:01.542+0000] {processor.py:208} INFO - Processing /opt/airflow/dags/tasks/push_all_in_one.py took 0.092 seconds
[2024-12-24T00:33:31.799+0000] {processor.py:186} INFO - Started process (PID=26301) to work on /opt/airflow/dags/tasks/push_all_in_one.py
[2024-12-24T00:33:31.800+0000] {processor.py:914} INFO - Processing file /opt/airflow/dags/tasks/push_all_in_one.py for tasks to queue
[2024-12-24T00:33:31.803+0000] {logging_mixin.py:190} INFO - [2024-12-24T00:33:31.802+0000] {dagbag.py:588} INFO - Filling up the DagBag from /opt/airflow/dags/tasks/push_all_in_one.py
[2024-12-24T00:33:31.866+0000] {processor.py:927} WARNING - No viable dags retrieved from /opt/airflow/dags/tasks/push_all_in_one.py
[2024-12-24T00:33:31.876+0000] {processor.py:208} INFO - Processing /opt/airflow/dags/tasks/push_all_in_one.py took 0.083 seconds
[2024-12-24T00:34:02.182+0000] {processor.py:186} INFO - Started process (PID=26316) to work on /opt/airflow/dags/tasks/push_all_in_one.py
[2024-12-24T00:34:02.183+0000] {processor.py:914} INFO - Processing file /opt/airflow/dags/tasks/push_all_in_one.py for tasks to queue
[2024-12-24T00:34:02.186+0000] {logging_mixin.py:190} INFO - [2024-12-24T00:34:02.185+0000] {dagbag.py:588} INFO - Filling up the DagBag from /opt/airflow/dags/tasks/push_all_in_one.py
[2024-12-24T00:34:02.241+0000] {processor.py:927} WARNING - No viable dags retrieved from /opt/airflow/dags/tasks/push_all_in_one.py
[2024-12-24T00:34:02.251+0000] {processor.py:208} INFO - Processing /opt/airflow/dags/tasks/push_all_in_one.py took 0.076 seconds
[2024-12-24T00:34:32.696+0000] {processor.py:186} INFO - Started process (PID=26331) to work on /opt/airflow/dags/tasks/push_all_in_one.py
[2024-12-24T00:34:32.697+0000] {processor.py:914} INFO - Processing file /opt/airflow/dags/tasks/push_all_in_one.py for tasks to queue
[2024-12-24T00:34:32.699+0000] {logging_mixin.py:190} INFO - [2024-12-24T00:34:32.699+0000] {dagbag.py:588} INFO - Filling up the DagBag from /opt/airflow/dags/tasks/push_all_in_one.py
[2024-12-24T00:34:32.768+0000] {processor.py:927} WARNING - No viable dags retrieved from /opt/airflow/dags/tasks/push_all_in_one.py
[2024-12-24T00:34:32.777+0000] {processor.py:208} INFO - Processing /opt/airflow/dags/tasks/push_all_in_one.py took 0.085 seconds
[2024-12-24T00:35:03.015+0000] {processor.py:186} INFO - Started process (PID=26345) to work on /opt/airflow/dags/tasks/push_all_in_one.py
[2024-12-24T00:35:03.016+0000] {processor.py:914} INFO - Processing file /opt/airflow/dags/tasks/push_all_in_one.py for tasks to queue
[2024-12-24T00:35:03.018+0000] {logging_mixin.py:190} INFO - [2024-12-24T00:35:03.018+0000] {dagbag.py:588} INFO - Filling up the DagBag from /opt/airflow/dags/tasks/push_all_in_one.py
[2024-12-24T00:35:03.081+0000] {processor.py:927} WARNING - No viable dags retrieved from /opt/airflow/dags/tasks/push_all_in_one.py
[2024-12-24T00:35:03.092+0000] {processor.py:208} INFO - Processing /opt/airflow/dags/tasks/push_all_in_one.py took 0.082 seconds
[2024-12-24T00:35:33.328+0000] {processor.py:186} INFO - Started process (PID=26361) to work on /opt/airflow/dags/tasks/push_all_in_one.py
[2024-12-24T00:35:33.328+0000] {processor.py:914} INFO - Processing file /opt/airflow/dags/tasks/push_all_in_one.py for tasks to queue
[2024-12-24T00:35:33.330+0000] {logging_mixin.py:190} INFO - [2024-12-24T00:35:33.330+0000] {dagbag.py:588} INFO - Filling up the DagBag from /opt/airflow/dags/tasks/push_all_in_one.py
[2024-12-24T00:35:33.374+0000] {processor.py:927} WARNING - No viable dags retrieved from /opt/airflow/dags/tasks/push_all_in_one.py
[2024-12-24T00:35:33.381+0000] {processor.py:208} INFO - Processing /opt/airflow/dags/tasks/push_all_in_one.py took 0.058 seconds
[2024-12-24T00:36:04.158+0000] {processor.py:186} INFO - Started process (PID=26376) to work on /opt/airflow/dags/tasks/push_all_in_one.py
[2024-12-24T00:36:04.159+0000] {processor.py:914} INFO - Processing file /opt/airflow/dags/tasks/push_all_in_one.py for tasks to queue
[2024-12-24T00:36:04.160+0000] {logging_mixin.py:190} INFO - [2024-12-24T00:36:04.160+0000] {dagbag.py:588} INFO - Filling up the DagBag from /opt/airflow/dags/tasks/push_all_in_one.py
[2024-12-24T00:36:04.204+0000] {processor.py:927} WARNING - No viable dags retrieved from /opt/airflow/dags/tasks/push_all_in_one.py
[2024-12-24T00:36:04.211+0000] {processor.py:208} INFO - Processing /opt/airflow/dags/tasks/push_all_in_one.py took 0.057 seconds
[2024-12-24T00:36:35.089+0000] {processor.py:186} INFO - Started process (PID=26391) to work on /opt/airflow/dags/tasks/push_all_in_one.py
[2024-12-24T00:36:35.090+0000] {processor.py:914} INFO - Processing file /opt/airflow/dags/tasks/push_all_in_one.py for tasks to queue
[2024-12-24T00:36:35.092+0000] {logging_mixin.py:190} INFO - [2024-12-24T00:36:35.092+0000] {dagbag.py:588} INFO - Filling up the DagBag from /opt/airflow/dags/tasks/push_all_in_one.py
[2024-12-24T00:36:35.158+0000] {processor.py:927} WARNING - No viable dags retrieved from /opt/airflow/dags/tasks/push_all_in_one.py
[2024-12-24T00:36:35.169+0000] {processor.py:208} INFO - Processing /opt/airflow/dags/tasks/push_all_in_one.py took 0.086 seconds
[2024-12-24T00:37:06.053+0000] {processor.py:186} INFO - Started process (PID=26406) to work on /opt/airflow/dags/tasks/push_all_in_one.py
[2024-12-24T00:37:06.053+0000] {processor.py:914} INFO - Processing file /opt/airflow/dags/tasks/push_all_in_one.py for tasks to queue
[2024-12-24T00:37:06.055+0000] {logging_mixin.py:190} INFO - [2024-12-24T00:37:06.054+0000] {dagbag.py:588} INFO - Filling up the DagBag from /opt/airflow/dags/tasks/push_all_in_one.py
[2024-12-24T00:37:06.097+0000] {processor.py:927} WARNING - No viable dags retrieved from /opt/airflow/dags/tasks/push_all_in_one.py
[2024-12-24T00:37:06.104+0000] {processor.py:208} INFO - Processing /opt/airflow/dags/tasks/push_all_in_one.py took 0.055 seconds
[2024-12-24T00:37:36.930+0000] {processor.py:186} INFO - Started process (PID=26421) to work on /opt/airflow/dags/tasks/push_all_in_one.py
[2024-12-24T00:37:36.930+0000] {processor.py:914} INFO - Processing file /opt/airflow/dags/tasks/push_all_in_one.py for tasks to queue
[2024-12-24T00:37:36.932+0000] {logging_mixin.py:190} INFO - [2024-12-24T00:37:36.932+0000] {dagbag.py:588} INFO - Filling up the DagBag from /opt/airflow/dags/tasks/push_all_in_one.py
[2024-12-24T00:37:36.976+0000] {processor.py:927} WARNING - No viable dags retrieved from /opt/airflow/dags/tasks/push_all_in_one.py
[2024-12-24T00:37:36.983+0000] {processor.py:208} INFO - Processing /opt/airflow/dags/tasks/push_all_in_one.py took 0.058 seconds
[2024-12-24T00:38:07.762+0000] {processor.py:186} INFO - Started process (PID=26436) to work on /opt/airflow/dags/tasks/push_all_in_one.py
[2024-12-24T00:38:07.763+0000] {processor.py:914} INFO - Processing file /opt/airflow/dags/tasks/push_all_in_one.py for tasks to queue
[2024-12-24T00:38:07.764+0000] {logging_mixin.py:190} INFO - [2024-12-24T00:38:07.764+0000] {dagbag.py:588} INFO - Filling up the DagBag from /opt/airflow/dags/tasks/push_all_in_one.py
[2024-12-24T00:38:07.808+0000] {processor.py:927} WARNING - No viable dags retrieved from /opt/airflow/dags/tasks/push_all_in_one.py
[2024-12-24T00:38:07.816+0000] {processor.py:208} INFO - Processing /opt/airflow/dags/tasks/push_all_in_one.py took 0.058 seconds
[2024-12-24T00:38:38.707+0000] {processor.py:186} INFO - Started process (PID=26451) to work on /opt/airflow/dags/tasks/push_all_in_one.py
[2024-12-24T00:38:38.708+0000] {processor.py:914} INFO - Processing file /opt/airflow/dags/tasks/push_all_in_one.py for tasks to queue
[2024-12-24T00:38:38.709+0000] {logging_mixin.py:190} INFO - [2024-12-24T00:38:38.709+0000] {dagbag.py:588} INFO - Filling up the DagBag from /opt/airflow/dags/tasks/push_all_in_one.py
[2024-12-24T00:38:38.755+0000] {processor.py:927} WARNING - No viable dags retrieved from /opt/airflow/dags/tasks/push_all_in_one.py
[2024-12-24T00:38:38.762+0000] {processor.py:208} INFO - Processing /opt/airflow/dags/tasks/push_all_in_one.py took 0.059 seconds
[2024-12-24T00:39:09.516+0000] {processor.py:186} INFO - Started process (PID=26466) to work on /opt/airflow/dags/tasks/push_all_in_one.py
[2024-12-24T00:39:09.516+0000] {processor.py:914} INFO - Processing file /opt/airflow/dags/tasks/push_all_in_one.py for tasks to queue
[2024-12-24T00:39:09.518+0000] {logging_mixin.py:190} INFO - [2024-12-24T00:39:09.518+0000] {dagbag.py:588} INFO - Filling up the DagBag from /opt/airflow/dags/tasks/push_all_in_one.py
[2024-12-24T00:39:09.562+0000] {processor.py:927} WARNING - No viable dags retrieved from /opt/airflow/dags/tasks/push_all_in_one.py
[2024-12-24T00:39:09.569+0000] {processor.py:208} INFO - Processing /opt/airflow/dags/tasks/push_all_in_one.py took 0.058 seconds
[2024-12-24T00:39:39.839+0000] {processor.py:186} INFO - Started process (PID=26480) to work on /opt/airflow/dags/tasks/push_all_in_one.py
[2024-12-24T00:39:39.839+0000] {processor.py:914} INFO - Processing file /opt/airflow/dags/tasks/push_all_in_one.py for tasks to queue
[2024-12-24T00:39:39.841+0000] {logging_mixin.py:190} INFO - [2024-12-24T00:39:39.840+0000] {dagbag.py:588} INFO - Filling up the DagBag from /opt/airflow/dags/tasks/push_all_in_one.py
[2024-12-24T00:39:39.882+0000] {processor.py:927} WARNING - No viable dags retrieved from /opt/airflow/dags/tasks/push_all_in_one.py
[2024-12-24T00:39:39.889+0000] {processor.py:208} INFO - Processing /opt/airflow/dags/tasks/push_all_in_one.py took 0.054 seconds
[2024-12-24T00:40:11.013+0000] {processor.py:186} INFO - Started process (PID=26496) to work on /opt/airflow/dags/tasks/push_all_in_one.py
[2024-12-24T00:40:11.013+0000] {processor.py:914} INFO - Processing file /opt/airflow/dags/tasks/push_all_in_one.py for tasks to queue
[2024-12-24T00:40:11.016+0000] {logging_mixin.py:190} INFO - [2024-12-24T00:40:11.016+0000] {dagbag.py:588} INFO - Filling up the DagBag from /opt/airflow/dags/tasks/push_all_in_one.py
[2024-12-24T00:40:11.069+0000] {processor.py:927} WARNING - No viable dags retrieved from /opt/airflow/dags/tasks/push_all_in_one.py
[2024-12-24T00:40:11.078+0000] {processor.py:208} INFO - Processing /opt/airflow/dags/tasks/push_all_in_one.py took 0.071 seconds
[2024-12-24T00:40:41.872+0000] {processor.py:186} INFO - Started process (PID=26511) to work on /opt/airflow/dags/tasks/push_all_in_one.py
[2024-12-24T00:40:41.873+0000] {processor.py:914} INFO - Processing file /opt/airflow/dags/tasks/push_all_in_one.py for tasks to queue
[2024-12-24T00:40:41.875+0000] {logging_mixin.py:190} INFO - [2024-12-24T00:40:41.874+0000] {dagbag.py:588} INFO - Filling up the DagBag from /opt/airflow/dags/tasks/push_all_in_one.py
[2024-12-24T00:40:41.920+0000] {processor.py:927} WARNING - No viable dags retrieved from /opt/airflow/dags/tasks/push_all_in_one.py
[2024-12-24T00:40:41.928+0000] {processor.py:208} INFO - Processing /opt/airflow/dags/tasks/push_all_in_one.py took 0.059 seconds
[2024-12-24T00:41:12.832+0000] {processor.py:186} INFO - Started process (PID=26526) to work on /opt/airflow/dags/tasks/push_all_in_one.py
[2024-12-24T00:41:12.833+0000] {processor.py:914} INFO - Processing file /opt/airflow/dags/tasks/push_all_in_one.py for tasks to queue
[2024-12-24T00:41:12.834+0000] {logging_mixin.py:190} INFO - [2024-12-24T00:41:12.834+0000] {dagbag.py:588} INFO - Filling up the DagBag from /opt/airflow/dags/tasks/push_all_in_one.py
[2024-12-24T00:41:12.881+0000] {processor.py:927} WARNING - No viable dags retrieved from /opt/airflow/dags/tasks/push_all_in_one.py
[2024-12-24T00:41:12.888+0000] {processor.py:208} INFO - Processing /opt/airflow/dags/tasks/push_all_in_one.py took 0.060 seconds
[2024-12-24T00:41:43.688+0000] {processor.py:186} INFO - Started process (PID=26541) to work on /opt/airflow/dags/tasks/push_all_in_one.py
[2024-12-24T00:41:43.689+0000] {processor.py:914} INFO - Processing file /opt/airflow/dags/tasks/push_all_in_one.py for tasks to queue
[2024-12-24T00:41:43.690+0000] {logging_mixin.py:190} INFO - [2024-12-24T00:41:43.690+0000] {dagbag.py:588} INFO - Filling up the DagBag from /opt/airflow/dags/tasks/push_all_in_one.py
[2024-12-24T00:41:43.735+0000] {processor.py:927} WARNING - No viable dags retrieved from /opt/airflow/dags/tasks/push_all_in_one.py
[2024-12-24T00:41:43.742+0000] {processor.py:208} INFO - Processing /opt/airflow/dags/tasks/push_all_in_one.py took 0.058 seconds
[2024-12-24T00:42:14.813+0000] {processor.py:186} INFO - Started process (PID=26556) to work on /opt/airflow/dags/tasks/push_all_in_one.py
[2024-12-24T00:42:14.814+0000] {processor.py:914} INFO - Processing file /opt/airflow/dags/tasks/push_all_in_one.py for tasks to queue
[2024-12-24T00:42:14.816+0000] {logging_mixin.py:190} INFO - [2024-12-24T00:42:14.816+0000] {dagbag.py:588} INFO - Filling up the DagBag from /opt/airflow/dags/tasks/push_all_in_one.py
[2024-12-24T00:42:14.877+0000] {processor.py:927} WARNING - No viable dags retrieved from /opt/airflow/dags/tasks/push_all_in_one.py
[2024-12-24T00:42:14.889+0000] {processor.py:208} INFO - Processing /opt/airflow/dags/tasks/push_all_in_one.py took 0.080 seconds
[2024-12-24T00:42:45.332+0000] {processor.py:186} INFO - Started process (PID=26571) to work on /opt/airflow/dags/tasks/push_all_in_one.py
[2024-12-24T00:42:45.332+0000] {processor.py:914} INFO - Processing file /opt/airflow/dags/tasks/push_all_in_one.py for tasks to queue
[2024-12-24T00:42:45.334+0000] {logging_mixin.py:190} INFO - [2024-12-24T00:42:45.334+0000] {dagbag.py:588} INFO - Filling up the DagBag from /opt/airflow/dags/tasks/push_all_in_one.py
[2024-12-24T00:42:45.400+0000] {processor.py:927} WARNING - No viable dags retrieved from /opt/airflow/dags/tasks/push_all_in_one.py
[2024-12-24T00:42:45.412+0000] {processor.py:208} INFO - Processing /opt/airflow/dags/tasks/push_all_in_one.py took 0.084 seconds
[2024-12-24T00:43:15.471+0000] {processor.py:186} INFO - Started process (PID=26585) to work on /opt/airflow/dags/tasks/push_all_in_one.py
[2024-12-24T00:43:15.472+0000] {processor.py:914} INFO - Processing file /opt/airflow/dags/tasks/push_all_in_one.py for tasks to queue
[2024-12-24T00:43:15.474+0000] {logging_mixin.py:190} INFO - [2024-12-24T00:43:15.474+0000] {dagbag.py:588} INFO - Filling up the DagBag from /opt/airflow/dags/tasks/push_all_in_one.py
[2024-12-24T00:43:15.537+0000] {processor.py:927} WARNING - No viable dags retrieved from /opt/airflow/dags/tasks/push_all_in_one.py
[2024-12-24T00:43:15.549+0000] {processor.py:208} INFO - Processing /opt/airflow/dags/tasks/push_all_in_one.py took 0.085 seconds
[2024-12-24T00:43:45.649+0000] {processor.py:186} INFO - Started process (PID=26599) to work on /opt/airflow/dags/tasks/push_all_in_one.py
[2024-12-24T00:43:45.650+0000] {processor.py:914} INFO - Processing file /opt/airflow/dags/tasks/push_all_in_one.py for tasks to queue
[2024-12-24T00:43:45.652+0000] {logging_mixin.py:190} INFO - [2024-12-24T00:43:45.652+0000] {dagbag.py:588} INFO - Filling up the DagBag from /opt/airflow/dags/tasks/push_all_in_one.py
[2024-12-24T00:43:45.716+0000] {processor.py:927} WARNING - No viable dags retrieved from /opt/airflow/dags/tasks/push_all_in_one.py
[2024-12-24T00:43:45.727+0000] {processor.py:208} INFO - Processing /opt/airflow/dags/tasks/push_all_in_one.py took 0.085 seconds
[2024-12-24T00:44:15.859+0000] {processor.py:186} INFO - Started process (PID=26614) to work on /opt/airflow/dags/tasks/push_all_in_one.py
[2024-12-24T00:44:15.859+0000] {processor.py:914} INFO - Processing file /opt/airflow/dags/tasks/push_all_in_one.py for tasks to queue
[2024-12-24T00:44:15.861+0000] {logging_mixin.py:190} INFO - [2024-12-24T00:44:15.861+0000] {dagbag.py:588} INFO - Filling up the DagBag from /opt/airflow/dags/tasks/push_all_in_one.py
[2024-12-24T00:44:15.922+0000] {processor.py:927} WARNING - No viable dags retrieved from /opt/airflow/dags/tasks/push_all_in_one.py
[2024-12-24T00:44:15.932+0000] {processor.py:208} INFO - Processing /opt/airflow/dags/tasks/push_all_in_one.py took 0.078 seconds
[2024-12-24T00:44:46.777+0000] {processor.py:186} INFO - Started process (PID=26630) to work on /opt/airflow/dags/tasks/push_all_in_one.py
[2024-12-24T00:44:46.778+0000] {processor.py:914} INFO - Processing file /opt/airflow/dags/tasks/push_all_in_one.py for tasks to queue
[2024-12-24T00:44:46.781+0000] {logging_mixin.py:190} INFO - [2024-12-24T00:44:46.781+0000] {dagbag.py:588} INFO - Filling up the DagBag from /opt/airflow/dags/tasks/push_all_in_one.py
[2024-12-24T00:44:46.851+0000] {processor.py:927} WARNING - No viable dags retrieved from /opt/airflow/dags/tasks/push_all_in_one.py
[2024-12-24T00:44:46.861+0000] {processor.py:208} INFO - Processing /opt/airflow/dags/tasks/push_all_in_one.py took 0.088 seconds
[2024-12-24T00:45:17.210+0000] {processor.py:186} INFO - Started process (PID=26645) to work on /opt/airflow/dags/tasks/push_all_in_one.py
[2024-12-24T00:45:17.211+0000] {processor.py:914} INFO - Processing file /opt/airflow/dags/tasks/push_all_in_one.py for tasks to queue
[2024-12-24T00:45:17.214+0000] {logging_mixin.py:190} INFO - [2024-12-24T00:45:17.213+0000] {dagbag.py:588} INFO - Filling up the DagBag from /opt/airflow/dags/tasks/push_all_in_one.py
[2024-12-24T00:45:17.270+0000] {processor.py:927} WARNING - No viable dags retrieved from /opt/airflow/dags/tasks/push_all_in_one.py
[2024-12-24T00:45:17.281+0000] {processor.py:208} INFO - Processing /opt/airflow/dags/tasks/push_all_in_one.py took 0.074 seconds
[2024-12-24T00:45:47.682+0000] {processor.py:186} INFO - Started process (PID=26660) to work on /opt/airflow/dags/tasks/push_all_in_one.py
[2024-12-24T00:45:47.683+0000] {processor.py:914} INFO - Processing file /opt/airflow/dags/tasks/push_all_in_one.py for tasks to queue
[2024-12-24T00:45:47.686+0000] {logging_mixin.py:190} INFO - [2024-12-24T00:45:47.685+0000] {dagbag.py:588} INFO - Filling up the DagBag from /opt/airflow/dags/tasks/push_all_in_one.py
[2024-12-24T00:45:47.751+0000] {processor.py:927} WARNING - No viable dags retrieved from /opt/airflow/dags/tasks/push_all_in_one.py
[2024-12-24T00:45:47.762+0000] {processor.py:208} INFO - Processing /opt/airflow/dags/tasks/push_all_in_one.py took 0.087 seconds
[2024-12-24T00:46:18.219+0000] {processor.py:186} INFO - Started process (PID=26675) to work on /opt/airflow/dags/tasks/push_all_in_one.py
[2024-12-24T00:46:18.220+0000] {processor.py:914} INFO - Processing file /opt/airflow/dags/tasks/push_all_in_one.py for tasks to queue
[2024-12-24T00:46:18.222+0000] {logging_mixin.py:190} INFO - [2024-12-24T00:46:18.222+0000] {dagbag.py:588} INFO - Filling up the DagBag from /opt/airflow/dags/tasks/push_all_in_one.py
[2024-12-24T00:46:18.278+0000] {processor.py:927} WARNING - No viable dags retrieved from /opt/airflow/dags/tasks/push_all_in_one.py
[2024-12-24T00:46:18.288+0000] {processor.py:208} INFO - Processing /opt/airflow/dags/tasks/push_all_in_one.py took 0.075 seconds
[2024-12-24T00:46:48.676+0000] {processor.py:186} INFO - Started process (PID=26690) to work on /opt/airflow/dags/tasks/push_all_in_one.py
[2024-12-24T00:46:48.677+0000] {processor.py:914} INFO - Processing file /opt/airflow/dags/tasks/push_all_in_one.py for tasks to queue
[2024-12-24T00:46:48.678+0000] {logging_mixin.py:190} INFO - [2024-12-24T00:46:48.678+0000] {dagbag.py:588} INFO - Filling up the DagBag from /opt/airflow/dags/tasks/push_all_in_one.py
[2024-12-24T00:46:48.742+0000] {processor.py:927} WARNING - No viable dags retrieved from /opt/airflow/dags/tasks/push_all_in_one.py
[2024-12-24T00:46:48.754+0000] {processor.py:208} INFO - Processing /opt/airflow/dags/tasks/push_all_in_one.py took 0.082 seconds
[2024-12-24T00:47:19.935+0000] {processor.py:186} INFO - Started process (PID=26705) to work on /opt/airflow/dags/tasks/push_all_in_one.py
[2024-12-24T00:47:19.936+0000] {processor.py:914} INFO - Processing file /opt/airflow/dags/tasks/push_all_in_one.py for tasks to queue
[2024-12-24T00:47:19.938+0000] {logging_mixin.py:190} INFO - [2024-12-24T00:47:19.938+0000] {dagbag.py:588} INFO - Filling up the DagBag from /opt/airflow/dags/tasks/push_all_in_one.py
[2024-12-24T00:47:20.006+0000] {processor.py:927} WARNING - No viable dags retrieved from /opt/airflow/dags/tasks/push_all_in_one.py
[2024-12-24T00:47:20.014+0000] {processor.py:208} INFO - Processing /opt/airflow/dags/tasks/push_all_in_one.py took 0.083 seconds
[2024-12-24T00:47:50.309+0000] {processor.py:186} INFO - Started process (PID=26726) to work on /opt/airflow/dags/tasks/push_all_in_one.py
[2024-12-24T00:47:50.309+0000] {processor.py:914} INFO - Processing file /opt/airflow/dags/tasks/push_all_in_one.py for tasks to queue
[2024-12-24T00:47:50.312+0000] {logging_mixin.py:190} INFO - [2024-12-24T00:47:50.311+0000] {dagbag.py:588} INFO - Filling up the DagBag from /opt/airflow/dags/tasks/push_all_in_one.py
[2024-12-24T00:47:50.368+0000] {processor.py:927} WARNING - No viable dags retrieved from /opt/airflow/dags/tasks/push_all_in_one.py
[2024-12-24T00:47:50.380+0000] {processor.py:208} INFO - Processing /opt/airflow/dags/tasks/push_all_in_one.py took 0.076 seconds
[2024-12-24T00:48:20.677+0000] {processor.py:186} INFO - Started process (PID=26741) to work on /opt/airflow/dags/tasks/push_all_in_one.py
[2024-12-24T00:48:20.677+0000] {processor.py:914} INFO - Processing file /opt/airflow/dags/tasks/push_all_in_one.py for tasks to queue
[2024-12-24T00:48:20.679+0000] {logging_mixin.py:190} INFO - [2024-12-24T00:48:20.679+0000] {dagbag.py:588} INFO - Filling up the DagBag from /opt/airflow/dags/tasks/push_all_in_one.py
[2024-12-24T00:48:20.724+0000] {processor.py:927} WARNING - No viable dags retrieved from /opt/airflow/dags/tasks/push_all_in_one.py
[2024-12-24T00:48:20.732+0000] {processor.py:208} INFO - Processing /opt/airflow/dags/tasks/push_all_in_one.py took 0.059 seconds
[2024-12-24T00:48:50.904+0000] {processor.py:186} INFO - Started process (PID=26755) to work on /opt/airflow/dags/tasks/push_all_in_one.py
[2024-12-24T00:48:50.905+0000] {processor.py:914} INFO - Processing file /opt/airflow/dags/tasks/push_all_in_one.py for tasks to queue
[2024-12-24T00:48:50.906+0000] {logging_mixin.py:190} INFO - [2024-12-24T00:48:50.906+0000] {dagbag.py:588} INFO - Filling up the DagBag from /opt/airflow/dags/tasks/push_all_in_one.py
[2024-12-24T00:48:50.950+0000] {processor.py:927} WARNING - No viable dags retrieved from /opt/airflow/dags/tasks/push_all_in_one.py
[2024-12-24T00:48:50.958+0000] {processor.py:208} INFO - Processing /opt/airflow/dags/tasks/push_all_in_one.py took 0.057 seconds
[2024-12-24T00:49:21.148+0000] {processor.py:186} INFO - Started process (PID=26770) to work on /opt/airflow/dags/tasks/push_all_in_one.py
[2024-12-24T00:49:21.149+0000] {processor.py:914} INFO - Processing file /opt/airflow/dags/tasks/push_all_in_one.py for tasks to queue
[2024-12-24T00:49:21.150+0000] {logging_mixin.py:190} INFO - [2024-12-24T00:49:21.150+0000] {dagbag.py:588} INFO - Filling up the DagBag from /opt/airflow/dags/tasks/push_all_in_one.py
[2024-12-24T00:49:21.196+0000] {processor.py:927} WARNING - No viable dags retrieved from /opt/airflow/dags/tasks/push_all_in_one.py
[2024-12-24T00:49:21.204+0000] {processor.py:208} INFO - Processing /opt/airflow/dags/tasks/push_all_in_one.py took 0.060 seconds
[2024-12-24T00:49:51.498+0000] {processor.py:186} INFO - Started process (PID=26785) to work on /opt/airflow/dags/tasks/push_all_in_one.py
[2024-12-24T00:49:51.499+0000] {processor.py:914} INFO - Processing file /opt/airflow/dags/tasks/push_all_in_one.py for tasks to queue
[2024-12-24T00:49:51.500+0000] {logging_mixin.py:190} INFO - [2024-12-24T00:49:51.500+0000] {dagbag.py:588} INFO - Filling up the DagBag from /opt/airflow/dags/tasks/push_all_in_one.py
[2024-12-24T00:49:51.546+0000] {processor.py:927} WARNING - No viable dags retrieved from /opt/airflow/dags/tasks/push_all_in_one.py
[2024-12-24T00:49:51.554+0000] {processor.py:208} INFO - Processing /opt/airflow/dags/tasks/push_all_in_one.py took 0.060 seconds
[2024-12-24T00:50:22.446+0000] {processor.py:186} INFO - Started process (PID=26801) to work on /opt/airflow/dags/tasks/push_all_in_one.py
[2024-12-24T00:50:22.447+0000] {processor.py:914} INFO - Processing file /opt/airflow/dags/tasks/push_all_in_one.py for tasks to queue
[2024-12-24T00:50:22.449+0000] {logging_mixin.py:190} INFO - [2024-12-24T00:50:22.449+0000] {dagbag.py:588} INFO - Filling up the DagBag from /opt/airflow/dags/tasks/push_all_in_one.py
[2024-12-24T00:50:22.505+0000] {processor.py:927} WARNING - No viable dags retrieved from /opt/airflow/dags/tasks/push_all_in_one.py
[2024-12-24T00:50:22.515+0000] {processor.py:208} INFO - Processing /opt/airflow/dags/tasks/push_all_in_one.py took 0.075 seconds
[2024-12-24T00:50:52.861+0000] {processor.py:186} INFO - Started process (PID=26816) to work on /opt/airflow/dags/tasks/push_all_in_one.py
[2024-12-24T00:50:52.862+0000] {processor.py:914} INFO - Processing file /opt/airflow/dags/tasks/push_all_in_one.py for tasks to queue
[2024-12-24T00:50:52.863+0000] {logging_mixin.py:190} INFO - [2024-12-24T00:50:52.863+0000] {dagbag.py:588} INFO - Filling up the DagBag from /opt/airflow/dags/tasks/push_all_in_one.py
[2024-12-24T00:50:52.912+0000] {processor.py:927} WARNING - No viable dags retrieved from /opt/airflow/dags/tasks/push_all_in_one.py
[2024-12-24T00:50:52.919+0000] {processor.py:208} INFO - Processing /opt/airflow/dags/tasks/push_all_in_one.py took 0.061 seconds
