[2024-12-12T05:30:21.441+0000] {local_task_job_runner.py:123} INFO - ::group::Pre task execution logs
[2024-12-12T05:30:21.451+0000] {taskinstance.py:2613} INFO - Dependencies all met for dep_context=non-requeueable deps ti=<TaskInstance: a3media_schedule_scraper.push_all_in_one scheduled__2024-12-11T23:30:00+00:00 [queued]>
[2024-12-12T05:30:21.455+0000] {taskinstance.py:2613} INFO - Dependencies all met for dep_context=requeueable deps ti=<TaskInstance: a3media_schedule_scraper.push_all_in_one scheduled__2024-12-11T23:30:00+00:00 [queued]>
[2024-12-12T05:30:21.456+0000] {taskinstance.py:2866} INFO - Starting attempt 1 of 5
[2024-12-12T05:30:21.463+0000] {taskinstance.py:2889} INFO - Executing <Task(_PythonDecoratedOperator): push_all_in_one> on 2024-12-11 23:30:00+00:00
[2024-12-12T05:30:21.467+0000] {warnings.py:112} WARNING - /home/***/.local/lib/python3.12/site-packages/***/task/task_runner/standard_task_runner.py:70: DeprecationWarning: This process (pid=11968) is multi-threaded, use of fork() may lead to deadlocks in the child.
  pid = os.fork()

[2024-12-12T05:30:21.468+0000] {standard_task_runner.py:72} INFO - Started process 11969 to run task
[2024-12-12T05:30:21.468+0000] {standard_task_runner.py:104} INFO - Running: ['***', 'tasks', 'run', 'a3media_schedule_scraper', 'push_all_in_one', 'scheduled__2024-12-11T23:30:00+00:00', '--job-id', '2354', '--raw', '--subdir', 'DAGS_FOLDER/dag_atresmedia.py', '--cfg-path', '/tmp/tmpcww7n98a']
[2024-12-12T05:30:21.469+0000] {standard_task_runner.py:105} INFO - Job 2354: Subtask push_all_in_one
[2024-12-12T05:30:21.495+0000] {task_command.py:467} INFO - Running <TaskInstance: a3media_schedule_scraper.push_all_in_one scheduled__2024-12-11T23:30:00+00:00 [running]> on host b605548c7b8b
[2024-12-12T05:30:21.541+0000] {taskinstance.py:3132} INFO - Exporting env vars: AIRFLOW_CTX_DAG_OWNER='***' AIRFLOW_CTX_DAG_ID='a3media_schedule_scraper' AIRFLOW_CTX_TASK_ID='push_all_in_one' AIRFLOW_CTX_EXECUTION_DATE='2024-12-11T23:30:00+00:00' AIRFLOW_CTX_TRY_NUMBER='1' AIRFLOW_CTX_DAG_RUN_ID='scheduled__2024-12-11T23:30:00+00:00'
[2024-12-12T05:30:21.542+0000] {taskinstance.py:731} INFO - ::endgroup::
[2024-12-12T05:30:24.050+0000] {logging_mixin.py:190} INFO - Archivo actualizado correctamente.
[2024-12-12T05:30:24.051+0000] {python.py:240} INFO - Done. Returned value was: None
[2024-12-12T05:30:24.058+0000] {taskinstance.py:340} INFO - ::group::Post task execution logs
[2024-12-12T05:30:24.058+0000] {taskinstance.py:352} INFO - Marking task as SUCCESS. dag_id=a3media_schedule_scraper, task_id=push_all_in_one, run_id=scheduled__2024-12-11T23:30:00+00:00, execution_date=20241211T233000, start_date=20241212T053021, end_date=20241212T053024
[2024-12-12T05:30:24.089+0000] {local_task_job_runner.py:266} INFO - Task exited with return code 0
[2024-12-12T05:30:24.098+0000] {taskinstance.py:3895} INFO - 0 downstream tasks scheduled from follow-on schedule check
[2024-12-12T05:30:24.099+0000] {local_task_job_runner.py:245} INFO - ::endgroup::
