[2024-12-07T11:40:53.859+0000] {local_task_job_runner.py:123} INFO - ::group::Pre task execution logs
[2024-12-07T11:40:53.867+0000] {taskinstance.py:2613} INFO - Dependencies all met for dep_context=non-requeueable deps ti=<TaskInstance: mediaset_schedule_scraper.scrape_mediaset_schedule scheduled__2024-12-06T23:00:00+00:00 [queued]>
[2024-12-07T11:40:53.871+0000] {taskinstance.py:2613} INFO - Dependencies all met for dep_context=requeueable deps ti=<TaskInstance: mediaset_schedule_scraper.scrape_mediaset_schedule scheduled__2024-12-06T23:00:00+00:00 [queued]>
[2024-12-07T11:40:53.871+0000] {taskinstance.py:2866} INFO - Starting attempt 1 of 5
[2024-12-07T11:40:53.877+0000] {taskinstance.py:2889} INFO - Executing <Task(_PythonDecoratedOperator): scrape_mediaset_schedule> on 2024-12-06 23:00:00+00:00
[2024-12-07T11:40:53.881+0000] {warnings.py:112} WARNING - /home/***/.local/lib/python3.12/site-packages/***/task/task_runner/standard_task_runner.py:70: DeprecationWarning: This process (pid=98) is multi-threaded, use of fork() may lead to deadlocks in the child.
  pid = os.fork()

[2024-12-07T11:40:53.882+0000] {standard_task_runner.py:72} INFO - Started process 99 to run task
[2024-12-07T11:40:53.882+0000] {standard_task_runner.py:104} INFO - Running: ['***', 'tasks', 'run', 'mediaset_schedule_scraper', 'scrape_mediaset_schedule', 'scheduled__2024-12-06T23:00:00+00:00', '--job-id', '2010', '--raw', '--subdir', 'DAGS_FOLDER/dag_mediaset.py', '--cfg-path', '/tmp/tmpa2206k6s']
[2024-12-07T11:40:53.883+0000] {standard_task_runner.py:105} INFO - Job 2010: Subtask scrape_mediaset_schedule
[2024-12-07T11:40:53.905+0000] {task_command.py:467} INFO - Running <TaskInstance: mediaset_schedule_scraper.scrape_mediaset_schedule scheduled__2024-12-06T23:00:00+00:00 [running]> on host b605548c7b8b
[2024-12-07T11:40:53.948+0000] {taskinstance.py:3132} INFO - Exporting env vars: AIRFLOW_CTX_DAG_OWNER='***' AIRFLOW_CTX_DAG_ID='mediaset_schedule_scraper' AIRFLOW_CTX_TASK_ID='scrape_mediaset_schedule' AIRFLOW_CTX_EXECUTION_DATE='2024-12-06T23:00:00+00:00' AIRFLOW_CTX_TRY_NUMBER='1' AIRFLOW_CTX_DAG_RUN_ID='scheduled__2024-12-06T23:00:00+00:00'
[2024-12-07T11:40:53.949+0000] {taskinstance.py:731} INFO - ::endgroup::
[2024-12-07T11:41:04.480+0000] {logging_mixin.py:190} INFO - Generando XML para el canal Telecinco
[2024-12-07T11:41:04.483+0000] {logging_mixin.py:190} INFO - Escrito el xml del canal "Telecinco"
[2024-12-07T11:41:06.281+0000] {logging_mixin.py:190} INFO - Archivo actualizado correctamente.
[2024-12-07T11:41:06.282+0000] {logging_mixin.py:190} INFO - Generando XML para el canal Cuatro
[2024-12-07T11:41:06.288+0000] {logging_mixin.py:190} INFO - Escrito el xml del canal "Cuatro"
[2024-12-07T11:41:08.285+0000] {logging_mixin.py:190} INFO - Archivo actualizado correctamente.
[2024-12-07T11:41:08.286+0000] {logging_mixin.py:190} INFO - Generando XML para el canal Gh 24h plus
[2024-12-07T11:41:08.289+0000] {logging_mixin.py:190} INFO - Escrito el xml del canal "Gh 24h plus"
[2024-12-07T11:41:10.040+0000] {logging_mixin.py:190} INFO - Archivo actualizado correctamente.
[2024-12-07T11:41:10.041+0000] {logging_mixin.py:190} INFO - Generando XML para el canal Gh 24h
[2024-12-07T11:41:10.044+0000] {logging_mixin.py:190} INFO - Escrito el xml del canal "Gh 24h"
[2024-12-07T11:41:11.672+0000] {logging_mixin.py:190} INFO - Archivo actualizado correctamente.
[2024-12-07T11:41:11.673+0000] {logging_mixin.py:190} INFO - Generando XML para el canal Mitele en la calle
[2024-12-07T11:41:11.677+0000] {logging_mixin.py:190} INFO - Escrito el xml del canal "Mitele en la calle"
[2024-12-07T11:41:13.536+0000] {logging_mixin.py:190} INFO - Archivo actualizado correctamente.
[2024-12-07T11:41:13.537+0000] {logging_mixin.py:190} INFO - Generando XML para el canal Mitele viajes
[2024-12-07T11:41:13.540+0000] {logging_mixin.py:190} INFO - Escrito el xml del canal "Mitele viajes"
[2024-12-07T11:41:15.244+0000] {logging_mixin.py:190} INFO - Archivo actualizado correctamente.
[2024-12-07T11:41:15.245+0000] {logging_mixin.py:190} INFO - Generando XML para el canal Mitele plus lqsa
[2024-12-07T11:41:15.249+0000] {logging_mixin.py:190} INFO - Escrito el xml del canal "Mitele plus lqsa"
[2024-12-07T11:41:16.921+0000] {logging_mixin.py:190} INFO - Archivo actualizado correctamente.
[2024-12-07T11:41:16.921+0000] {logging_mixin.py:190} INFO - Generando XML para el canal Mitele comedia
[2024-12-07T11:41:16.924+0000] {logging_mixin.py:190} INFO - Escrito el xml del canal "Mitele comedia"
[2024-12-07T11:41:18.547+0000] {logging_mixin.py:190} INFO - Archivo actualizado correctamente.
[2024-12-07T11:41:18.547+0000] {logging_mixin.py:190} INFO - Generando XML para el canal Mitele top series
[2024-12-07T11:41:18.551+0000] {logging_mixin.py:190} INFO - Escrito el xml del canal "Mitele top series"
[2024-12-07T11:41:20.519+0000] {logging_mixin.py:190} INFO - Archivo actualizado correctamente.
[2024-12-07T11:41:20.519+0000] {logging_mixin.py:190} INFO - Generando XML para el canal Divinity
[2024-12-07T11:41:20.523+0000] {logging_mixin.py:190} INFO - Escrito el xml del canal "Divinity"
[2024-12-07T11:41:22.378+0000] {logging_mixin.py:190} INFO - Archivo actualizado correctamente.
[2024-12-07T11:41:22.379+0000] {logging_mixin.py:190} INFO - Generando XML para el canal Fdf
[2024-12-07T11:41:22.382+0000] {logging_mixin.py:190} INFO - Escrito el xml del canal "Fdf"
[2024-12-07T11:41:24.071+0000] {logging_mixin.py:190} INFO - Archivo actualizado correctamente.
[2024-12-07T11:41:24.072+0000] {logging_mixin.py:190} INFO - Generando XML para el canal Energy
[2024-12-07T11:41:24.076+0000] {logging_mixin.py:190} INFO - Escrito el xml del canal "Energy"
[2024-12-07T11:41:25.851+0000] {logging_mixin.py:190} INFO - Archivo actualizado correctamente.
[2024-12-07T11:41:25.851+0000] {logging_mixin.py:190} INFO - Generando XML para el canal Bemad
[2024-12-07T11:41:25.856+0000] {logging_mixin.py:190} INFO - Escrito el xml del canal "Bemad"
[2024-12-07T11:41:27.527+0000] {logging_mixin.py:190} INFO - Archivo actualizado correctamente.
[2024-12-07T11:41:27.528+0000] {logging_mixin.py:190} INFO - Generando XML para el canal Boing
[2024-12-07T11:41:27.534+0000] {logging_mixin.py:190} INFO - Escrito el xml del canal "Boing"
[2024-12-07T11:41:29.575+0000] {logging_mixin.py:190} INFO - Archivo actualizado correctamente.
[2024-12-07T11:41:29.575+0000] {logging_mixin.py:190} INFO - Generando XML para el canal Acontraplus
[2024-12-07T11:41:29.579+0000] {logging_mixin.py:190} INFO - Escrito el xml del canal "Acontraplus"
[2024-12-07T11:41:31.468+0000] {logging_mixin.py:190} INFO - Archivo actualizado correctamente.
[2024-12-07T11:41:31.469+0000] {logging_mixin.py:190} INFO - Generando XML para el canal Fight sports
[2024-12-07T11:41:31.472+0000] {logging_mixin.py:190} INFO - Escrito el xml del canal "Fight sports"
[2024-12-07T11:41:33.332+0000] {logging_mixin.py:190} INFO - Archivo actualizado correctamente.
[2024-12-07T11:41:33.332+0000] {logging_mixin.py:190} INFO - Generando XML para el canal Mtmad 24h
[2024-12-07T11:41:33.335+0000] {logging_mixin.py:190} INFO - Escrito el xml del canal "Mtmad 24h"
[2024-12-07T11:41:35.037+0000] {logging_mixin.py:190} INFO - Archivo actualizado correctamente.
[2024-12-07T11:41:35.039+0000] {python.py:240} INFO - Done. Returned value was: None
[2024-12-07T11:41:35.049+0000] {taskinstance.py:340} INFO - ::group::Post task execution logs
[2024-12-07T11:41:35.049+0000] {taskinstance.py:352} INFO - Marking task as SUCCESS. dag_id=mediaset_schedule_scraper, task_id=scrape_mediaset_schedule, run_id=scheduled__2024-12-06T23:00:00+00:00, execution_date=20241206T230000, start_date=20241207T114053, end_date=20241207T114135
[2024-12-07T11:41:35.063+0000] {local_task_job_runner.py:266} INFO - Task exited with return code 0
[2024-12-07T11:41:35.075+0000] {taskinstance.py:3895} INFO - 1 downstream tasks scheduled from follow-on schedule check
[2024-12-07T11:41:35.076+0000] {local_task_job_runner.py:245} INFO - ::endgroup::
