[2024-12-12T05:30:02.513+0000] {local_task_job_runner.py:123} INFO - ::group::Pre task execution logs
[2024-12-12T05:30:02.532+0000] {taskinstance.py:2613} INFO - Dependencies all met for dep_context=non-requeueable deps ti=<TaskInstance: a3media_schedule_scraper.scrape_a3media_task scheduled__2024-12-11T23:30:00+00:00 [queued]>
[2024-12-12T05:30:02.539+0000] {taskinstance.py:2613} INFO - Dependencies all met for dep_context=requeueable deps ti=<TaskInstance: a3media_schedule_scraper.scrape_a3media_task scheduled__2024-12-11T23:30:00+00:00 [queued]>
[2024-12-12T05:30:02.540+0000] {taskinstance.py:2866} INFO - Starting attempt 1 of 5
[2024-12-12T05:30:02.553+0000] {taskinstance.py:2889} INFO - Executing <Task(_PythonDecoratedOperator): scrape_a3media_task> on 2024-12-11 23:30:00+00:00
[2024-12-12T05:30:02.564+0000] {standard_task_runner.py:104} INFO - Running: ['***', 'tasks', 'run', 'a3media_schedule_scraper', 'scrape_a3media_task', 'scheduled__2024-12-11T23:30:00+00:00', '--job-id', '2341', '--raw', '--subdir', 'DAGS_FOLDER/dag_atresmedia.py', '--cfg-path', '/tmp/tmpvbn238je']
[2024-12-12T05:30:02.564+0000] {warnings.py:112} WARNING - /home/***/.local/lib/python3.12/site-packages/***/task/task_runner/standard_task_runner.py:70: DeprecationWarning: This process (pid=11929) is multi-threaded, use of fork() may lead to deadlocks in the child.
  pid = os.fork()

[2024-12-12T05:30:02.568+0000] {standard_task_runner.py:105} INFO - Job 2341: Subtask scrape_a3media_task
[2024-12-12T05:30:02.568+0000] {standard_task_runner.py:72} INFO - Started process 11936 to run task
[2024-12-12T05:30:02.616+0000] {task_command.py:467} INFO - Running <TaskInstance: a3media_schedule_scraper.scrape_a3media_task scheduled__2024-12-11T23:30:00+00:00 [running]> on host b605548c7b8b
[2024-12-12T05:30:02.702+0000] {taskinstance.py:3132} INFO - Exporting env vars: AIRFLOW_CTX_DAG_OWNER='***' AIRFLOW_CTX_DAG_ID='a3media_schedule_scraper' AIRFLOW_CTX_TASK_ID='scrape_a3media_task' AIRFLOW_CTX_EXECUTION_DATE='2024-12-11T23:30:00+00:00' AIRFLOW_CTX_TRY_NUMBER='1' AIRFLOW_CTX_DAG_RUN_ID='scheduled__2024-12-11T23:30:00+00:00'
[2024-12-12T05:30:02.704+0000] {taskinstance.py:731} INFO - ::endgroup::
[2024-12-12T05:30:03.211+0000] {logging_mixin.py:190} INFO - Escrito el xmltv del canal "Antena 3"
[2024-12-12T05:30:05.254+0000] {logging_mixin.py:190} INFO - Archivo actualizado correctamente.
[2024-12-12T05:30:05.515+0000] {logging_mixin.py:190} INFO - Escrito el xmltv del canal "laSexta"
[2024-12-12T05:30:07.465+0000] {logging_mixin.py:190} INFO - Archivo actualizado correctamente.
[2024-12-12T05:30:07.780+0000] {logging_mixin.py:190} INFO - Escrito el xmltv del canal "Neox"
[2024-12-12T05:30:09.581+0000] {logging_mixin.py:190} INFO - Archivo actualizado correctamente.
[2024-12-12T05:30:09.809+0000] {logging_mixin.py:190} INFO - Escrito el xmltv del canal "Nova"
[2024-12-12T05:30:13.114+0000] {logging_mixin.py:190} INFO - Error: 422 {"message": "Invalid request.\n\n\"sha\" wasn't supplied.", "documentation_url": "https://docs.github.com/rest/repos/contents#create-or-update-file-contents", "status": "422"}
[2024-12-12T05:30:13.397+0000] {logging_mixin.py:190} INFO - Escrito el xmltv del canal "Mega"
[2024-12-12T05:30:16.483+0000] {logging_mixin.py:190} INFO - Error: 422 {"message": "Invalid request.\n\n\"sha\" wasn't supplied.", "documentation_url": "https://docs.github.com/rest/repos/contents#create-or-update-file-contents", "status": "422"}
[2024-12-12T05:30:16.723+0000] {logging_mixin.py:190} INFO - Escrito el xmltv del canal "Atreseries"
[2024-12-12T05:30:18.464+0000] {logging_mixin.py:190} INFO - Archivo actualizado correctamente.
[2024-12-12T05:30:18.467+0000] {python.py:240} INFO - Done. Returned value was: None
[2024-12-12T05:30:18.502+0000] {taskinstance.py:340} INFO - ::group::Post task execution logs
[2024-12-12T05:30:18.504+0000] {taskinstance.py:352} INFO - Marking task as SUCCESS. dag_id=a3media_schedule_scraper, task_id=scrape_a3media_task, run_id=scheduled__2024-12-11T23:30:00+00:00, execution_date=20241211T233000, start_date=20241212T053002, end_date=20241212T053018
[2024-12-12T05:30:18.560+0000] {local_task_job_runner.py:266} INFO - Task exited with return code 0
[2024-12-12T05:30:18.592+0000] {taskinstance.py:3895} INFO - 1 downstream tasks scheduled from follow-on schedule check
[2024-12-12T05:30:18.593+0000] {local_task_job_runner.py:245} INFO - ::endgroup::
