[2024-12-22T22:16:24.161+0000] {local_task_job_runner.py:123} INFO - ::group::Pre task execution logs
[2024-12-22T22:16:24.173+0000] {taskinstance.py:2613} INFO - Dependencies all met for dep_context=non-requeueable deps ti=<TaskInstance: mediaset_schedule_scraper.scrape_mediaset_schedule scheduled__2024-12-15T23:30:00+00:00 [queued]>
[2024-12-22T22:16:24.182+0000] {taskinstance.py:2613} INFO - Dependencies all met for dep_context=requeueable deps ti=<TaskInstance: mediaset_schedule_scraper.scrape_mediaset_schedule scheduled__2024-12-15T23:30:00+00:00 [queued]>
[2024-12-22T22:16:24.183+0000] {taskinstance.py:2866} INFO - Starting attempt 1 of 5
[2024-12-22T22:16:24.197+0000] {taskinstance.py:2889} INFO - Executing <Task(_PythonDecoratedOperator): scrape_mediaset_schedule> on 2024-12-15 23:30:00+00:00
[2024-12-22T22:16:24.204+0000] {warnings.py:112} WARNING - /home/***/.local/lib/python3.12/site-packages/***/task/task_runner/standard_task_runner.py:70: DeprecationWarning: This process (pid=103) is multi-threaded, use of fork() may lead to deadlocks in the child.
  pid = os.fork()

[2024-12-22T22:16:24.209+0000] {standard_task_runner.py:72} INFO - Started process 111 to run task
[2024-12-22T22:16:24.211+0000] {standard_task_runner.py:104} INFO - Running: ['***', 'tasks', 'run', 'mediaset_schedule_scraper', 'scrape_mediaset_schedule', 'scheduled__2024-12-15T23:30:00+00:00', '--job-id', '2584', '--raw', '--subdir', 'DAGS_FOLDER/dag_mediaset.py', '--cfg-path', '/tmp/tmp_tvyuhd9']
[2024-12-22T22:16:24.218+0000] {standard_task_runner.py:105} INFO - Job 2584: Subtask scrape_mediaset_schedule
[2024-12-22T22:16:24.267+0000] {task_command.py:467} INFO - Running <TaskInstance: mediaset_schedule_scraper.scrape_mediaset_schedule scheduled__2024-12-15T23:30:00+00:00 [running]> on host b605548c7b8b
[2024-12-22T22:16:24.331+0000] {taskinstance.py:3132} INFO - Exporting env vars: AIRFLOW_CTX_DAG_OWNER='***' AIRFLOW_CTX_DAG_ID='mediaset_schedule_scraper' AIRFLOW_CTX_TASK_ID='scrape_mediaset_schedule' AIRFLOW_CTX_EXECUTION_DATE='2024-12-15T23:30:00+00:00' AIRFLOW_CTX_TRY_NUMBER='1' AIRFLOW_CTX_DAG_RUN_ID='scheduled__2024-12-15T23:30:00+00:00'
[2024-12-22T22:16:24.332+0000] {taskinstance.py:731} INFO - ::endgroup::
[2024-12-22T22:16:28.236+0000] {logging_mixin.py:190} INFO - Generando XML para el canal Telecinco
[2024-12-22T22:16:28.238+0000] {logging_mixin.py:190} INFO - Escrito el xml del canal "Telecinco"
[2024-12-22T22:16:31.324+0000] {logging_mixin.py:190} INFO - Error: 422 {"message": "Invalid request.\n\n\"sha\" wasn't supplied.", "documentation_url": "https://docs.github.com/rest/repos/contents#create-or-update-file-contents", "status": "422"}
[2024-12-22T22:16:31.325+0000] {logging_mixin.py:190} INFO - Generando XML para el canal Cuatro
[2024-12-22T22:16:31.329+0000] {logging_mixin.py:190} INFO - Escrito el xml del canal "Cuatro"
[2024-12-22T22:16:34.310+0000] {logging_mixin.py:190} INFO - Error: 422 {"message": "Invalid request.\n\n\"sha\" wasn't supplied.", "documentation_url": "https://docs.github.com/rest/repos/contents#create-or-update-file-contents", "status": "422"}
[2024-12-22T22:16:34.311+0000] {logging_mixin.py:190} INFO - Generando XML para el canal Mitele en la calle
[2024-12-22T22:16:34.313+0000] {logging_mixin.py:190} INFO - Escrito el xml del canal "Mitele en la calle"
[2024-12-22T22:16:36.038+0000] {logging_mixin.py:190} INFO - Archivo actualizado correctamente.
[2024-12-22T22:16:36.039+0000] {logging_mixin.py:190} INFO - Generando XML para el canal Mitele viajes
[2024-12-22T22:16:36.043+0000] {logging_mixin.py:190} INFO - Escrito el xml del canal "Mitele viajes"
[2024-12-22T22:16:37.774+0000] {logging_mixin.py:190} INFO - Archivo actualizado correctamente.
[2024-12-22T22:16:37.774+0000] {logging_mixin.py:190} INFO - Generando XML para el canal Mitele plus lqsa
[2024-12-22T22:16:37.777+0000] {logging_mixin.py:190} INFO - Escrito el xml del canal "Mitele plus lqsa"
[2024-12-22T22:16:39.477+0000] {logging_mixin.py:190} INFO - Archivo actualizado correctamente.
[2024-12-22T22:16:39.478+0000] {logging_mixin.py:190} INFO - Generando XML para el canal Mitele comedia
[2024-12-22T22:16:39.480+0000] {logging_mixin.py:190} INFO - Escrito el xml del canal "Mitele comedia"
[2024-12-22T22:16:42.351+0000] {logging_mixin.py:190} INFO - Error: 422 {"message": "Invalid request.\n\n\"sha\" wasn't supplied.", "documentation_url": "https://docs.github.com/rest/repos/contents#create-or-update-file-contents", "status": "422"}
[2024-12-22T22:16:42.351+0000] {logging_mixin.py:190} INFO - Generando XML para el canal Mitele top series
[2024-12-22T22:16:42.355+0000] {logging_mixin.py:190} INFO - Escrito el xml del canal "Mitele top series"
[2024-12-22T22:16:44.049+0000] {logging_mixin.py:190} INFO - Archivo actualizado correctamente.
[2024-12-22T22:16:44.050+0000] {logging_mixin.py:190} INFO - Generando XML para el canal Divinity
[2024-12-22T22:16:44.055+0000] {logging_mixin.py:190} INFO - Escrito el xml del canal "Divinity"
[2024-12-22T22:16:45.783+0000] {logging_mixin.py:190} INFO - Archivo actualizado correctamente.
[2024-12-22T22:16:45.784+0000] {logging_mixin.py:190} INFO - Generando XML para el canal Fdf
[2024-12-22T22:16:45.787+0000] {logging_mixin.py:190} INFO - Escrito el xml del canal "Fdf"
[2024-12-22T22:16:47.462+0000] {logging_mixin.py:190} INFO - Archivo actualizado correctamente.
[2024-12-22T22:16:47.462+0000] {logging_mixin.py:190} INFO - Generando XML para el canal Energy
[2024-12-22T22:16:47.465+0000] {logging_mixin.py:190} INFO - Escrito el xml del canal "Energy"
[2024-12-22T22:16:49.089+0000] {logging_mixin.py:190} INFO - Archivo actualizado correctamente.
[2024-12-22T22:16:49.089+0000] {logging_mixin.py:190} INFO - Generando XML para el canal Bemad
[2024-12-22T22:16:49.092+0000] {logging_mixin.py:190} INFO - Escrito el xml del canal "Bemad"
[2024-12-22T22:16:50.694+0000] {logging_mixin.py:190} INFO - Archivo actualizado correctamente.
[2024-12-22T22:16:50.695+0000] {logging_mixin.py:190} INFO - Generando XML para el canal Boing
[2024-12-22T22:16:50.701+0000] {logging_mixin.py:190} INFO - Escrito el xml del canal "Boing"
[2024-12-22T22:16:52.468+0000] {logging_mixin.py:190} INFO - Archivo actualizado correctamente.
[2024-12-22T22:16:52.468+0000] {logging_mixin.py:190} INFO - Generando XML para el canal Acontraplus
[2024-12-22T22:16:52.471+0000] {logging_mixin.py:190} INFO - Escrito el xml del canal "Acontraplus"
[2024-12-22T22:16:54.180+0000] {logging_mixin.py:190} INFO - Archivo actualizado correctamente.
[2024-12-22T22:16:54.181+0000] {logging_mixin.py:190} INFO - Generando XML para el canal Fight sports
[2024-12-22T22:16:54.184+0000] {logging_mixin.py:190} INFO - Escrito el xml del canal "Fight sports"
[2024-12-22T22:16:55.766+0000] {logging_mixin.py:190} INFO - Archivo actualizado correctamente.
[2024-12-22T22:16:55.766+0000] {logging_mixin.py:190} INFO - Generando XML para el canal Mtmad 24h
[2024-12-22T22:16:55.768+0000] {logging_mixin.py:190} INFO - Escrito el xml del canal "Mtmad 24h"
[2024-12-22T22:16:57.250+0000] {logging_mixin.py:190} INFO - Archivo actualizado correctamente.
[2024-12-22T22:16:57.251+0000] {python.py:240} INFO - Done. Returned value was: None
[2024-12-22T22:16:57.256+0000] {taskinstance.py:340} INFO - ::group::Post task execution logs
[2024-12-22T22:16:57.257+0000] {taskinstance.py:352} INFO - Marking task as SUCCESS. dag_id=mediaset_schedule_scraper, task_id=scrape_mediaset_schedule, run_id=scheduled__2024-12-15T23:30:00+00:00, execution_date=20241215T233000, start_date=20241222T221624, end_date=20241222T221657
[2024-12-22T22:16:57.273+0000] {local_task_job_runner.py:266} INFO - Task exited with return code 0
[2024-12-22T22:16:57.287+0000] {taskinstance.py:3895} INFO - 1 downstream tasks scheduled from follow-on schedule check
[2024-12-22T22:16:57.288+0000] {local_task_job_runner.py:245} INFO - ::endgroup::
