[2024-12-15T17:30:01.121+0000] {local_task_job_runner.py:123} INFO - ::group::Pre task execution logs
[2024-12-15T17:30:01.133+0000] {taskinstance.py:2613} INFO - Dependencies all met for dep_context=non-requeueable deps ti=<TaskInstance: mediaset_schedule_scraper.scrape_mediaset_schedule scheduled__2024-12-15T11:30:00+00:00 [queued]>
[2024-12-15T17:30:01.138+0000] {taskinstance.py:2613} INFO - Dependencies all met for dep_context=requeueable deps ti=<TaskInstance: mediaset_schedule_scraper.scrape_mediaset_schedule scheduled__2024-12-15T11:30:00+00:00 [queued]>
[2024-12-15T17:30:01.138+0000] {taskinstance.py:2866} INFO - Starting attempt 1 of 5
[2024-12-15T17:30:01.147+0000] {taskinstance.py:2889} INFO - Executing <Task(_PythonDecoratedOperator): scrape_mediaset_schedule> on 2024-12-15 11:30:00+00:00
[2024-12-15T17:30:01.151+0000] {warnings.py:112} WARNING - /home/***/.local/lib/python3.12/site-packages/***/task/task_runner/standard_task_runner.py:70: DeprecationWarning: This process (pid=5646) is multi-threaded, use of fork() may lead to deadlocks in the child.
  pid = os.fork()

[2024-12-15T17:30:01.154+0000] {standard_task_runner.py:72} INFO - Started process 5652 to run task
[2024-12-15T17:30:01.152+0000] {standard_task_runner.py:104} INFO - Running: ['***', 'tasks', 'run', 'mediaset_schedule_scraper', 'scrape_mediaset_schedule', 'scheduled__2024-12-15T11:30:00+00:00', '--job-id', '2538', '--raw', '--subdir', 'DAGS_FOLDER/dag_mediaset.py', '--cfg-path', '/tmp/tmprge7xfwb']
[2024-12-15T17:30:01.155+0000] {standard_task_runner.py:105} INFO - Job 2538: Subtask scrape_mediaset_schedule
[2024-12-15T17:30:01.184+0000] {task_command.py:467} INFO - Running <TaskInstance: mediaset_schedule_scraper.scrape_mediaset_schedule scheduled__2024-12-15T11:30:00+00:00 [running]> on host b605548c7b8b
[2024-12-15T17:30:01.232+0000] {taskinstance.py:3132} INFO - Exporting env vars: AIRFLOW_CTX_DAG_OWNER='***' AIRFLOW_CTX_DAG_ID='mediaset_schedule_scraper' AIRFLOW_CTX_TASK_ID='scrape_mediaset_schedule' AIRFLOW_CTX_EXECUTION_DATE='2024-12-15T11:30:00+00:00' AIRFLOW_CTX_TRY_NUMBER='1' AIRFLOW_CTX_DAG_RUN_ID='scheduled__2024-12-15T11:30:00+00:00'
[2024-12-15T17:30:01.233+0000] {taskinstance.py:731} INFO - ::endgroup::
[2024-12-15T17:30:11.837+0000] {logging_mixin.py:190} INFO - Generando XML para el canal Telecinco
[2024-12-15T17:30:11.840+0000] {logging_mixin.py:190} INFO - Escrito el xml del canal "Telecinco"
[2024-12-15T17:30:13.620+0000] {logging_mixin.py:190} INFO - Archivo actualizado correctamente.
[2024-12-15T17:30:13.620+0000] {logging_mixin.py:190} INFO - Generando XML para el canal Cuatro
[2024-12-15T17:30:13.623+0000] {logging_mixin.py:190} INFO - Escrito el xml del canal "Cuatro"
[2024-12-15T17:30:15.371+0000] {logging_mixin.py:190} INFO - Archivo actualizado correctamente.
[2024-12-15T17:30:15.371+0000] {logging_mixin.py:190} INFO - Generando XML para el canal Gh 24h plus
[2024-12-15T17:30:15.374+0000] {logging_mixin.py:190} INFO - Escrito el xml del canal "Gh 24h plus"
[2024-12-15T17:30:16.988+0000] {logging_mixin.py:190} INFO - Archivo actualizado correctamente.
[2024-12-15T17:30:16.988+0000] {logging_mixin.py:190} INFO - Generando XML para el canal Gh 24h
[2024-12-15T17:30:16.991+0000] {logging_mixin.py:190} INFO - Escrito el xml del canal "Gh 24h"
[2024-12-15T17:30:18.581+0000] {logging_mixin.py:190} INFO - Archivo actualizado correctamente.
[2024-12-15T17:30:18.581+0000] {logging_mixin.py:190} INFO - Generando XML para el canal Mitele en la calle
[2024-12-15T17:30:18.585+0000] {logging_mixin.py:190} INFO - Escrito el xml del canal "Mitele en la calle"
[2024-12-15T17:30:20.301+0000] {logging_mixin.py:190} INFO - Archivo actualizado correctamente.
[2024-12-15T17:30:20.302+0000] {logging_mixin.py:190} INFO - Generando XML para el canal Mitele viajes
[2024-12-15T17:30:20.307+0000] {logging_mixin.py:190} INFO - Escrito el xml del canal "Mitele viajes"
[2024-12-15T17:30:21.944+0000] {logging_mixin.py:190} INFO - Archivo actualizado correctamente.
[2024-12-15T17:30:21.944+0000] {logging_mixin.py:190} INFO - Generando XML para el canal Mitele plus lqsa
[2024-12-15T17:30:21.947+0000] {logging_mixin.py:190} INFO - Escrito el xml del canal "Mitele plus lqsa"
[2024-12-15T17:30:23.601+0000] {logging_mixin.py:190} INFO - Archivo actualizado correctamente.
[2024-12-15T17:30:23.602+0000] {logging_mixin.py:190} INFO - Generando XML para el canal Mitele comedia
[2024-12-15T17:30:23.605+0000] {logging_mixin.py:190} INFO - Escrito el xml del canal "Mitele comedia"
[2024-12-15T17:30:25.318+0000] {logging_mixin.py:190} INFO - Archivo actualizado correctamente.
[2024-12-15T17:30:25.318+0000] {logging_mixin.py:190} INFO - Generando XML para el canal Mitele top series
[2024-12-15T17:30:25.322+0000] {logging_mixin.py:190} INFO - Escrito el xml del canal "Mitele top series"
[2024-12-15T17:30:26.964+0000] {logging_mixin.py:190} INFO - Archivo actualizado correctamente.
[2024-12-15T17:30:26.964+0000] {logging_mixin.py:190} INFO - Generando XML para el canal Divinity
[2024-12-15T17:30:26.968+0000] {logging_mixin.py:190} INFO - Escrito el xml del canal "Divinity"
[2024-12-15T17:30:30.121+0000] {logging_mixin.py:190} INFO - Error: 422 {"message": "Invalid request.\n\n\"sha\" wasn't supplied.", "documentation_url": "https://docs.github.com/rest/repos/contents#create-or-update-file-contents", "status": "422"}
[2024-12-15T17:30:30.122+0000] {logging_mixin.py:190} INFO - Generando XML para el canal Fdf
[2024-12-15T17:30:30.125+0000] {logging_mixin.py:190} INFO - Escrito el xml del canal "Fdf"
[2024-12-15T17:30:31.773+0000] {logging_mixin.py:190} INFO - Archivo actualizado correctamente.
[2024-12-15T17:30:31.774+0000] {logging_mixin.py:190} INFO - Generando XML para el canal Energy
[2024-12-15T17:30:31.777+0000] {logging_mixin.py:190} INFO - Escrito el xml del canal "Energy"
[2024-12-15T17:30:33.527+0000] {logging_mixin.py:190} INFO - Archivo actualizado correctamente.
[2024-12-15T17:30:33.528+0000] {logging_mixin.py:190} INFO - Generando XML para el canal Bemad
[2024-12-15T17:30:33.530+0000] {logging_mixin.py:190} INFO - Escrito el xml del canal "Bemad"
[2024-12-15T17:30:36.477+0000] {logging_mixin.py:190} INFO - Error: 422 {"message": "Invalid request.\n\n\"sha\" wasn't supplied.", "documentation_url": "https://docs.github.com/rest/repos/contents#create-or-update-file-contents", "status": "422"}
[2024-12-15T17:30:36.478+0000] {logging_mixin.py:190} INFO - Generando XML para el canal Boing
[2024-12-15T17:30:36.483+0000] {logging_mixin.py:190} INFO - Escrito el xml del canal "Boing"
[2024-12-15T17:30:38.301+0000] {logging_mixin.py:190} INFO - Archivo actualizado correctamente.
[2024-12-15T17:30:38.302+0000] {logging_mixin.py:190} INFO - Generando XML para el canal Acontraplus
[2024-12-15T17:30:38.305+0000] {logging_mixin.py:190} INFO - Escrito el xml del canal "Acontraplus"
[2024-12-15T17:30:41.202+0000] {logging_mixin.py:190} INFO - Error: 422 {"message": "Invalid request.\n\n\"sha\" wasn't supplied.", "documentation_url": "https://docs.github.com/rest/repos/contents#create-or-update-file-contents", "status": "422"}
[2024-12-15T17:30:41.203+0000] {logging_mixin.py:190} INFO - Generando XML para el canal Fight sports
[2024-12-15T17:30:41.206+0000] {logging_mixin.py:190} INFO - Escrito el xml del canal "Fight sports"
[2024-12-15T17:30:42.820+0000] {logging_mixin.py:190} INFO - Archivo actualizado correctamente.
[2024-12-15T17:30:42.821+0000] {logging_mixin.py:190} INFO - Generando XML para el canal Mtmad 24h
[2024-12-15T17:30:42.824+0000] {logging_mixin.py:190} INFO - Escrito el xml del canal "Mtmad 24h"
[2024-12-15T17:30:44.528+0000] {logging_mixin.py:190} INFO - Archivo actualizado correctamente.
[2024-12-15T17:30:44.529+0000] {python.py:240} INFO - Done. Returned value was: None
[2024-12-15T17:30:44.535+0000] {taskinstance.py:340} INFO - ::group::Post task execution logs
[2024-12-15T17:30:44.535+0000] {taskinstance.py:352} INFO - Marking task as SUCCESS. dag_id=mediaset_schedule_scraper, task_id=scrape_mediaset_schedule, run_id=scheduled__2024-12-15T11:30:00+00:00, execution_date=20241215T113000, start_date=20241215T173001, end_date=20241215T173044
[2024-12-15T17:30:44.563+0000] {local_task_job_runner.py:266} INFO - Task exited with return code 0
[2024-12-15T17:30:44.576+0000] {taskinstance.py:3895} INFO - 1 downstream tasks scheduled from follow-on schedule check
[2024-12-15T17:30:44.577+0000] {local_task_job_runner.py:245} INFO - ::endgroup::
