[2024-12-06T16:59:07.312+0000] {local_task_job_runner.py:123} INFO - ::group::Pre task execution logs
[2024-12-06T16:59:07.321+0000] {taskinstance.py:2613} INFO - Dependencies all met for dep_context=non-requeueable deps ti=<TaskInstance: a3media_schedule_scraper.MergeAllXML manual__2024-12-06T16:58:52.567717+00:00 [queued]>
[2024-12-06T16:59:07.326+0000] {taskinstance.py:2613} INFO - Dependencies all met for dep_context=requeueable deps ti=<TaskInstance: a3media_schedule_scraper.MergeAllXML manual__2024-12-06T16:58:52.567717+00:00 [queued]>
[2024-12-06T16:59:07.326+0000] {taskinstance.py:2866} INFO - Starting attempt 1 of 5
[2024-12-06T16:59:07.333+0000] {taskinstance.py:2889} INFO - Executing <Task(_PythonDecoratedOperator): MergeAllXML> on 2024-12-06 16:58:52.567717+00:00
[2024-12-06T16:59:07.337+0000] {warnings.py:112} WARNING - /home/***/.local/lib/python3.12/site-packages/***/task/task_runner/standard_task_runner.py:70: DeprecationWarning: This process (pid=431) is multi-threaded, use of fork() may lead to deadlocks in the child.
  pid = os.fork()

[2024-12-06T16:59:07.338+0000] {standard_task_runner.py:72} INFO - Started process 432 to run task
[2024-12-06T16:59:07.339+0000] {standard_task_runner.py:104} INFO - Running: ['***', 'tasks', 'run', 'a3media_schedule_scraper', 'MergeAllXML', 'manual__2024-12-06T16:58:52.567717+00:00', '--job-id', '1957', '--raw', '--subdir', 'DAGS_FOLDER/dag_atresmedia copy.py', '--cfg-path', '/tmp/tmp_nwwpaxp']
[2024-12-06T16:59:07.340+0000] {standard_task_runner.py:105} INFO - Job 1957: Subtask MergeAllXML
[2024-12-06T16:59:07.363+0000] {task_command.py:467} INFO - Running <TaskInstance: a3media_schedule_scraper.MergeAllXML manual__2024-12-06T16:58:52.567717+00:00 [running]> on host b605548c7b8b
[2024-12-06T16:59:07.403+0000] {taskinstance.py:3132} INFO - Exporting env vars: AIRFLOW_CTX_DAG_OWNER='***' AIRFLOW_CTX_DAG_ID='a3media_schedule_scraper' AIRFLOW_CTX_TASK_ID='MergeAllXML' AIRFLOW_CTX_EXECUTION_DATE='2024-12-06T16:58:52.567717+00:00' AIRFLOW_CTX_TRY_NUMBER='1' AIRFLOW_CTX_DAG_RUN_ID='manual__2024-12-06T16:58:52.567717+00:00'
[2024-12-06T16:59:07.404+0000] {taskinstance.py:731} INFO - ::endgroup::
[2024-12-06T16:59:07.514+0000] {logging_mixin.py:190} INFO - [INFO] Generado el archivo "all_in_one.xml"
[2024-12-06T16:59:07.515+0000] {python.py:240} INFO - Done. Returned value was: None
[2024-12-06T16:59:07.521+0000] {taskinstance.py:340} INFO - ::group::Post task execution logs
[2024-12-06T16:59:07.521+0000] {taskinstance.py:352} INFO - Marking task as SUCCESS. dag_id=a3media_schedule_scraper, task_id=MergeAllXML, run_id=manual__2024-12-06T16:58:52.567717+00:00, execution_date=20241206T165852, start_date=20241206T165907, end_date=20241206T165907
[2024-12-06T16:59:07.633+0000] {local_task_job_runner.py:266} INFO - Task exited with return code 0
[2024-12-06T16:59:07.644+0000] {taskinstance.py:3895} INFO - 1 downstream tasks scheduled from follow-on schedule check
[2024-12-06T16:59:07.645+0000] {local_task_job_runner.py:245} INFO - ::endgroup::
