[2024-12-23T23:30:31.244+0000] {local_task_job_runner.py:123} INFO - ::group::Pre task execution logs
[2024-12-23T23:30:31.254+0000] {taskinstance.py:2613} INFO - Dependencies all met for dep_context=non-requeueable deps ti=<TaskInstance: mediaset_schedule_scraper.merge_all_xml scheduled__2024-12-23T17:30:00+00:00 [queued]>
[2024-12-23T23:30:31.260+0000] {taskinstance.py:2613} INFO - Dependencies all met for dep_context=requeueable deps ti=<TaskInstance: mediaset_schedule_scraper.merge_all_xml scheduled__2024-12-23T17:30:00+00:00 [queued]>
[2024-12-23T23:30:31.260+0000] {taskinstance.py:2866} INFO - Starting attempt 1 of 5
[2024-12-23T23:30:31.270+0000] {taskinstance.py:2889} INFO - Executing <Task(_PythonDecoratedOperator): merge_all_xml> on 2024-12-23 17:30:00+00:00
[2024-12-23T23:30:31.274+0000] {warnings.py:112} WARNING - /home/***/.local/lib/python3.12/site-packages/***/task/task_runner/standard_task_runner.py:70: DeprecationWarning: This process (pid=11301) is multi-threaded, use of fork() may lead to deadlocks in the child.
  pid = os.fork()

[2024-12-23T23:30:31.275+0000] {standard_task_runner.py:72} INFO - Started process 11302 to run task
[2024-12-23T23:30:31.275+0000] {standard_task_runner.py:104} INFO - Running: ['***', 'tasks', 'run', 'mediaset_schedule_scraper', 'merge_all_xml', 'scheduled__2024-12-23T17:30:00+00:00', '--job-id', '2705', '--raw', '--subdir', 'DAGS_FOLDER/dag_mediaset.py', '--cfg-path', '/tmp/tmp6vbh587t']
[2024-12-23T23:30:31.277+0000] {standard_task_runner.py:105} INFO - Job 2705: Subtask merge_all_xml
[2024-12-23T23:30:31.303+0000] {task_command.py:467} INFO - Running <TaskInstance: mediaset_schedule_scraper.merge_all_xml scheduled__2024-12-23T17:30:00+00:00 [running]> on host b605548c7b8b
[2024-12-23T23:30:31.350+0000] {taskinstance.py:3132} INFO - Exporting env vars: AIRFLOW_CTX_DAG_OWNER='***' AIRFLOW_CTX_DAG_ID='mediaset_schedule_scraper' AIRFLOW_CTX_TASK_ID='merge_all_xml' AIRFLOW_CTX_EXECUTION_DATE='2024-12-23T17:30:00+00:00' AIRFLOW_CTX_TRY_NUMBER='1' AIRFLOW_CTX_DAG_RUN_ID='scheduled__2024-12-23T17:30:00+00:00'
[2024-12-23T23:30:31.351+0000] {taskinstance.py:731} INFO - ::endgroup::
[2024-12-23T23:30:31.797+0000] {logging_mixin.py:190} INFO - [INFO] Generado el archivo "all_in_one.xml"
[2024-12-23T23:30:31.798+0000] {python.py:240} INFO - Done. Returned value was: None
[2024-12-23T23:30:31.805+0000] {taskinstance.py:340} INFO - ::group::Post task execution logs
[2024-12-23T23:30:31.805+0000] {taskinstance.py:352} INFO - Marking task as SUCCESS. dag_id=mediaset_schedule_scraper, task_id=merge_all_xml, run_id=scheduled__2024-12-23T17:30:00+00:00, execution_date=20241223T173000, start_date=20241223T233031, end_date=20241223T233031
[2024-12-23T23:30:31.849+0000] {local_task_job_runner.py:266} INFO - Task exited with return code 0
[2024-12-23T23:30:31.861+0000] {taskinstance.py:3895} INFO - 1 downstream tasks scheduled from follow-on schedule check
[2024-12-23T23:30:31.862+0000] {local_task_job_runner.py:245} INFO - ::endgroup::
