[2024-12-23T11:30:03.946+0000] {local_task_job_runner.py:123} INFO - ::group::Pre task execution logs
[2024-12-23T11:30:04.170+0000] {taskinstance.py:2613} INFO - Dependencies all met for dep_context=non-requeueable deps ti=<TaskInstance: telemadrid_schedule_scraper.merge_all_xml scheduled__2024-12-23T05:30:00+00:00 [queued]>
[2024-12-23T11:30:04.174+0000] {taskinstance.py:2613} INFO - Dependencies all met for dep_context=requeueable deps ti=<TaskInstance: telemadrid_schedule_scraper.merge_all_xml scheduled__2024-12-23T05:30:00+00:00 [queued]>
[2024-12-23T11:30:04.174+0000] {taskinstance.py:2866} INFO - Starting attempt 1 of 4
[2024-12-23T11:30:04.207+0000] {taskinstance.py:2889} INFO - Executing <Task(_PythonDecoratedOperator): merge_all_xml> on 2024-12-23 05:30:00+00:00
[2024-12-23T11:30:04.210+0000] {warnings.py:112} WARNING - /home/***/.local/lib/python3.12/site-packages/***/task/task_runner/standard_task_runner.py:70: DeprecationWarning: This process (pid=1543) is multi-threaded, use of fork() may lead to deadlocks in the child.
  pid = os.fork()

[2024-12-23T11:30:04.211+0000] {standard_task_runner.py:72} INFO - Started process 1544 to run task
[2024-12-23T11:30:04.212+0000] {standard_task_runner.py:104} INFO - Running: ['***', 'tasks', 'run', 'telemadrid_schedule_scraper', 'merge_all_xml', 'scheduled__2024-12-23T05:30:00+00:00', '--job-id', '2661', '--raw', '--subdir', 'DAGS_FOLDER/dag_telemadrid.py', '--cfg-path', '/tmp/tmp6gdd7s11']
[2024-12-23T11:30:04.213+0000] {standard_task_runner.py:105} INFO - Job 2661: Subtask merge_all_xml
[2024-12-23T11:30:04.237+0000] {task_command.py:467} INFO - Running <TaskInstance: telemadrid_schedule_scraper.merge_all_xml scheduled__2024-12-23T05:30:00+00:00 [running]> on host b605548c7b8b
[2024-12-23T11:30:04.282+0000] {taskinstance.py:3132} INFO - Exporting env vars: AIRFLOW_CTX_DAG_OWNER='***' AIRFLOW_CTX_DAG_ID='telemadrid_schedule_scraper' AIRFLOW_CTX_TASK_ID='merge_all_xml' AIRFLOW_CTX_EXECUTION_DATE='2024-12-23T05:30:00+00:00' AIRFLOW_CTX_TRY_NUMBER='1' AIRFLOW_CTX_DAG_RUN_ID='scheduled__2024-12-23T05:30:00+00:00'
[2024-12-23T11:30:04.283+0000] {taskinstance.py:731} INFO - ::endgroup::
[2024-12-23T11:30:04.404+0000] {logging_mixin.py:190} INFO - [INFO] Generado el archivo "all_in_one.xml"
[2024-12-23T11:30:04.405+0000] {python.py:240} INFO - Done. Returned value was: None
[2024-12-23T11:30:04.412+0000] {taskinstance.py:340} INFO - ::group::Post task execution logs
[2024-12-23T11:30:04.413+0000] {taskinstance.py:352} INFO - Marking task as SUCCESS. dag_id=telemadrid_schedule_scraper, task_id=merge_all_xml, run_id=scheduled__2024-12-23T05:30:00+00:00, execution_date=20241223T053000, start_date=20241223T113004, end_date=20241223T113004
[2024-12-23T11:30:04.425+0000] {local_task_job_runner.py:266} INFO - Task exited with return code 0
[2024-12-23T11:30:04.438+0000] {taskinstance.py:3895} INFO - 1 downstream tasks scheduled from follow-on schedule check
[2024-12-23T11:30:04.439+0000] {local_task_job_runner.py:245} INFO - ::endgroup::
