[2024-12-06T14:19:37.314+0000] {local_task_job_runner.py:123} INFO - ::group::Pre task execution logs
[2024-12-06T14:19:37.324+0000] {taskinstance.py:2613} INFO - Dependencies all met for dep_context=non-requeueable deps ti=<TaskInstance: telemadrid_schedule_scraper_v2.MergeAllXML scheduled__2016-07-17T13:14:00+00:00 [queued]>
[2024-12-06T14:19:37.328+0000] {taskinstance.py:2613} INFO - Dependencies all met for dep_context=requeueable deps ti=<TaskInstance: telemadrid_schedule_scraper_v2.MergeAllXML scheduled__2016-07-17T13:14:00+00:00 [queued]>
[2024-12-06T14:19:37.329+0000] {taskinstance.py:2866} INFO - Starting attempt 1 of 5
[2024-12-06T14:19:37.336+0000] {taskinstance.py:2889} INFO - Executing <Task(_PythonDecoratedOperator): MergeAllXML> on 2016-07-17 13:14:00+00:00
[2024-12-06T14:19:37.340+0000] {warnings.py:112} WARNING - /home/***/.local/lib/python3.12/site-packages/***/task/task_runner/standard_task_runner.py:70: DeprecationWarning: This process (pid=1989) is multi-threaded, use of fork() may lead to deadlocks in the child.
  pid = os.fork()

[2024-12-06T14:19:37.341+0000] {standard_task_runner.py:72} INFO - Started process 1994 to run task
[2024-12-06T14:19:37.343+0000] {standard_task_runner.py:104} INFO - Running: ['***', 'tasks', 'run', 'telemadrid_schedule_scraper_v2', 'MergeAllXML', 'scheduled__2016-07-17T13:14:00+00:00', '--job-id', '1806', '--raw', '--subdir', 'DAGS_FOLDER/dag_telemadrid_v2.py', '--cfg-path', '/tmp/tmpygerph_c']
[2024-12-06T14:19:37.344+0000] {standard_task_runner.py:105} INFO - Job 1806: Subtask MergeAllXML
[2024-12-06T14:19:37.368+0000] {task_command.py:467} INFO - Running <TaskInstance: telemadrid_schedule_scraper_v2.MergeAllXML scheduled__2016-07-17T13:14:00+00:00 [running]> on host 6b4257da02f0
[2024-12-06T14:19:37.411+0000] {taskinstance.py:3132} INFO - Exporting env vars: AIRFLOW_CTX_DAG_OWNER='***' AIRFLOW_CTX_DAG_ID='telemadrid_schedule_scraper_v2' AIRFLOW_CTX_TASK_ID='MergeAllXML' AIRFLOW_CTX_EXECUTION_DATE='2016-07-17T13:14:00+00:00' AIRFLOW_CTX_TRY_NUMBER='1' AIRFLOW_CTX_DAG_RUN_ID='scheduled__2016-07-17T13:14:00+00:00'
[2024-12-06T14:19:37.412+0000] {taskinstance.py:731} INFO - ::endgroup::
[2024-12-06T14:19:37.527+0000] {logging_mixin.py:190} INFO - [INFO] Generado el archivo "all_in_one.xml"
[2024-12-06T14:19:37.529+0000] {python.py:240} INFO - Done. Returned value was: None
[2024-12-06T14:19:37.534+0000] {taskinstance.py:340} INFO - ::group::Post task execution logs
[2024-12-06T14:19:37.534+0000] {taskinstance.py:352} INFO - Marking task as SUCCESS. dag_id=telemadrid_schedule_scraper_v2, task_id=MergeAllXML, run_id=scheduled__2016-07-17T13:14:00+00:00, execution_date=20160717T131400, start_date=20241206T141937, end_date=20241206T141937
[2024-12-06T14:19:37.555+0000] {local_task_job_runner.py:266} INFO - Task exited with return code 0
[2024-12-06T14:19:37.566+0000] {taskinstance.py:3895} INFO - 1 downstream tasks scheduled from follow-on schedule check
[2024-12-06T14:19:37.567+0000] {local_task_job_runner.py:245} INFO - ::endgroup::
