[2024-12-05T00:39:23.957+0000] {local_task_job_runner.py:123} INFO - ::group::Pre task execution logs
[2024-12-05T00:39:23.968+0000] {taskinstance.py:2613} INFO - Dependencies all met for dep_context=non-requeueable deps ti=<TaskInstance: mitele_schedule_scraper.push_all_in_one_task manual__2024-12-05T00:36:56.303971+00:00 [queued]>
[2024-12-05T00:39:23.972+0000] {taskinstance.py:2613} INFO - Dependencies all met for dep_context=requeueable deps ti=<TaskInstance: mitele_schedule_scraper.push_all_in_one_task manual__2024-12-05T00:36:56.303971+00:00 [queued]>
[2024-12-05T00:39:23.972+0000] {taskinstance.py:2866} INFO - Starting attempt 1 of 2
[2024-12-05T00:39:23.979+0000] {taskinstance.py:2889} INFO - Executing <Task(PythonOperator): push_all_in_one_task> on 2024-12-05 00:36:56.303971+00:00
[2024-12-05T00:39:23.983+0000] {warnings.py:112} WARNING - /home/***/.local/lib/python3.12/site-packages/***/task/task_runner/standard_task_runner.py:70: DeprecationWarning: This process (pid=113) is multi-threaded, use of fork() may lead to deadlocks in the child.
  pid = os.fork()

[2024-12-05T00:39:23.984+0000] {standard_task_runner.py:72} INFO - Started process 114 to run task
[2024-12-05T00:39:23.984+0000] {standard_task_runner.py:104} INFO - Running: ['***', 'tasks', 'run', 'mitele_schedule_scraper', 'push_all_in_one_task', 'manual__2024-12-05T00:36:56.303971+00:00', '--job-id', '559', '--raw', '--subdir', 'DAGS_FOLDER/dag_mitele.py', '--cfg-path', '/tmp/tmp1ukmpb4b']
[2024-12-05T00:39:23.985+0000] {standard_task_runner.py:105} INFO - Job 559: Subtask push_all_in_one_task
[2024-12-05T00:39:24.010+0000] {task_command.py:467} INFO - Running <TaskInstance: mitele_schedule_scraper.push_all_in_one_task manual__2024-12-05T00:36:56.303971+00:00 [running]> on host d88abb179e8d
[2024-12-05T00:39:24.052+0000] {taskinstance.py:3132} INFO - Exporting env vars: AIRFLOW_CTX_DAG_OWNER='***' AIRFLOW_CTX_DAG_ID='mitele_schedule_scraper' AIRFLOW_CTX_TASK_ID='push_all_in_one_task' AIRFLOW_CTX_EXECUTION_DATE='2024-12-05T00:36:56.303971+00:00' AIRFLOW_CTX_TRY_NUMBER='1' AIRFLOW_CTX_DAG_RUN_ID='manual__2024-12-05T00:36:56.303971+00:00'
[2024-12-05T00:39:24.053+0000] {taskinstance.py:731} INFO - ::endgroup::
[2024-12-05T00:39:26.767+0000] {logging_mixin.py:190} INFO - Archivo actualizado correctamente.
[2024-12-05T00:39:26.768+0000] {python.py:240} INFO - Done. Returned value was: None
[2024-12-05T00:39:26.778+0000] {taskinstance.py:340} INFO - ::group::Post task execution logs
[2024-12-05T00:39:26.778+0000] {taskinstance.py:352} INFO - Marking task as SUCCESS. dag_id=mitele_schedule_scraper, task_id=push_all_in_one_task, run_id=manual__2024-12-05T00:36:56.303971+00:00, execution_date=20241205T003656, start_date=20241205T003923, end_date=20241205T003926
[2024-12-05T00:39:26.805+0000] {local_task_job_runner.py:266} INFO - Task exited with return code 0
[2024-12-05T00:39:26.813+0000] {taskinstance.py:3895} INFO - 0 downstream tasks scheduled from follow-on schedule check
[2024-12-05T00:39:26.815+0000] {local_task_job_runner.py:245} INFO - ::endgroup::
