[2024-12-07T23:30:01.793+0000] {local_task_job_runner.py:123} INFO - ::group::Pre task execution logs
[2024-12-07T23:30:01.804+0000] {taskinstance.py:2613} INFO - Dependencies all met for dep_context=non-requeueable deps ti=<TaskInstance: mediaset_schedule_scraper.scrape_mediaset_schedule scheduled__2024-12-07T17:30:00+00:00 [queued]>
[2024-12-07T23:30:01.809+0000] {taskinstance.py:2613} INFO - Dependencies all met for dep_context=requeueable deps ti=<TaskInstance: mediaset_schedule_scraper.scrape_mediaset_schedule scheduled__2024-12-07T17:30:00+00:00 [queued]>
[2024-12-07T23:30:01.809+0000] {taskinstance.py:2866} INFO - Starting attempt 1 of 5
[2024-12-07T23:30:01.817+0000] {taskinstance.py:2889} INFO - Executing <Task(_PythonDecoratedOperator): scrape_mediaset_schedule> on 2024-12-07 17:30:00+00:00
[2024-12-07T23:30:01.821+0000] {warnings.py:112} WARNING - /home/***/.local/lib/python3.12/site-packages/***/task/task_runner/standard_task_runner.py:70: DeprecationWarning: This process (pid=9766) is multi-threaded, use of fork() may lead to deadlocks in the child.
  pid = os.fork()

[2024-12-07T23:30:01.823+0000] {standard_task_runner.py:72} INFO - Started process 9772 to run task
[2024-12-07T23:30:01.823+0000] {standard_task_runner.py:104} INFO - Running: ['***', 'tasks', 'run', 'mediaset_schedule_scraper', 'scrape_mediaset_schedule', 'scheduled__2024-12-07T17:30:00+00:00', '--job-id', '2065', '--raw', '--subdir', 'DAGS_FOLDER/dag_mediaset.py', '--cfg-path', '/tmp/tmp9vftjnj9']
[2024-12-07T23:30:01.824+0000] {standard_task_runner.py:105} INFO - Job 2065: Subtask scrape_mediaset_schedule
[2024-12-07T23:30:01.855+0000] {task_command.py:467} INFO - Running <TaskInstance: mediaset_schedule_scraper.scrape_mediaset_schedule scheduled__2024-12-07T17:30:00+00:00 [running]> on host b605548c7b8b
[2024-12-07T23:30:01.905+0000] {taskinstance.py:3132} INFO - Exporting env vars: AIRFLOW_CTX_DAG_OWNER='***' AIRFLOW_CTX_DAG_ID='mediaset_schedule_scraper' AIRFLOW_CTX_TASK_ID='scrape_mediaset_schedule' AIRFLOW_CTX_EXECUTION_DATE='2024-12-07T17:30:00+00:00' AIRFLOW_CTX_TRY_NUMBER='1' AIRFLOW_CTX_DAG_RUN_ID='scheduled__2024-12-07T17:30:00+00:00'
[2024-12-07T23:30:01.906+0000] {taskinstance.py:731} INFO - ::endgroup::
[2024-12-07T23:30:02.490+0000] {logging_mixin.py:190} INFO - Generando XML para el canal Telecinco
[2024-12-07T23:30:02.493+0000] {logging_mixin.py:190} INFO - Escrito el xml del canal "Telecinco"
[2024-12-07T23:30:04.200+0000] {logging_mixin.py:190} INFO - Archivo actualizado correctamente.
[2024-12-07T23:30:04.200+0000] {logging_mixin.py:190} INFO - Generando XML para el canal Cuatro
[2024-12-07T23:30:04.204+0000] {logging_mixin.py:190} INFO - Escrito el xml del canal "Cuatro"
[2024-12-07T23:30:06.056+0000] {logging_mixin.py:190} INFO - Archivo actualizado correctamente.
[2024-12-07T23:30:06.057+0000] {logging_mixin.py:190} INFO - Generando XML para el canal Gh 24h plus
[2024-12-07T23:30:06.059+0000] {logging_mixin.py:190} INFO - Escrito el xml del canal "Gh 24h plus"
[2024-12-07T23:30:08.862+0000] {logging_mixin.py:190} INFO - Error: 422 {"message": "Invalid request.\n\n\"sha\" wasn't supplied.", "documentation_url": "https://docs.github.com/rest/repos/contents#create-or-update-file-contents", "status": "422"}
[2024-12-07T23:30:08.863+0000] {logging_mixin.py:190} INFO - Generando XML para el canal Gh 24h
[2024-12-07T23:30:08.866+0000] {logging_mixin.py:190} INFO - Escrito el xml del canal "Gh 24h"
[2024-12-07T23:30:10.510+0000] {logging_mixin.py:190} INFO - Archivo actualizado correctamente.
[2024-12-07T23:30:10.511+0000] {logging_mixin.py:190} INFO - Generando XML para el canal Mitele en la calle
[2024-12-07T23:30:10.514+0000] {logging_mixin.py:190} INFO - Escrito el xml del canal "Mitele en la calle"
[2024-12-07T23:30:12.228+0000] {logging_mixin.py:190} INFO - Archivo actualizado correctamente.
[2024-12-07T23:30:12.228+0000] {logging_mixin.py:190} INFO - Generando XML para el canal Mitele viajes
[2024-12-07T23:30:12.232+0000] {logging_mixin.py:190} INFO - Escrito el xml del canal "Mitele viajes"
[2024-12-07T23:30:13.990+0000] {logging_mixin.py:190} INFO - Archivo actualizado correctamente.
[2024-12-07T23:30:13.992+0000] {logging_mixin.py:190} INFO - Generando XML para el canal Mitele plus lqsa
[2024-12-07T23:30:13.996+0000] {logging_mixin.py:190} INFO - Escrito el xml del canal "Mitele plus lqsa"
[2024-12-07T23:30:15.657+0000] {logging_mixin.py:190} INFO - Archivo actualizado correctamente.
[2024-12-07T23:30:15.658+0000] {logging_mixin.py:190} INFO - Generando XML para el canal Mitele comedia
[2024-12-07T23:30:15.662+0000] {logging_mixin.py:190} INFO - Escrito el xml del canal "Mitele comedia"
[2024-12-07T23:30:17.430+0000] {logging_mixin.py:190} INFO - Archivo actualizado correctamente.
[2024-12-07T23:30:17.431+0000] {logging_mixin.py:190} INFO - Generando XML para el canal Mitele top series
[2024-12-07T23:30:17.437+0000] {logging_mixin.py:190} INFO - Escrito el xml del canal "Mitele top series"
[2024-12-07T23:30:19.179+0000] {logging_mixin.py:190} INFO - Archivo actualizado correctamente.
[2024-12-07T23:30:19.180+0000] {logging_mixin.py:190} INFO - Generando XML para el canal Divinity
[2024-12-07T23:30:19.185+0000] {logging_mixin.py:190} INFO - Escrito el xml del canal "Divinity"
[2024-12-07T23:30:20.939+0000] {logging_mixin.py:190} INFO - Archivo actualizado correctamente.
[2024-12-07T23:30:20.940+0000] {logging_mixin.py:190} INFO - Generando XML para el canal Fdf
[2024-12-07T23:30:20.942+0000] {logging_mixin.py:190} INFO - Escrito el xml del canal "Fdf"
[2024-12-07T23:30:22.643+0000] {logging_mixin.py:190} INFO - Archivo actualizado correctamente.
[2024-12-07T23:30:22.644+0000] {logging_mixin.py:190} INFO - Generando XML para el canal Energy
[2024-12-07T23:30:22.647+0000] {logging_mixin.py:190} INFO - Escrito el xml del canal "Energy"
[2024-12-07T23:30:24.461+0000] {logging_mixin.py:190} INFO - Archivo actualizado correctamente.
[2024-12-07T23:30:24.461+0000] {logging_mixin.py:190} INFO - Generando XML para el canal Bemad
[2024-12-07T23:30:24.465+0000] {logging_mixin.py:190} INFO - Escrito el xml del canal "Bemad"
[2024-12-07T23:30:26.064+0000] {logging_mixin.py:190} INFO - Archivo actualizado correctamente.
[2024-12-07T23:30:26.065+0000] {logging_mixin.py:190} INFO - Generando XML para el canal Boing
[2024-12-07T23:30:26.071+0000] {logging_mixin.py:190} INFO - Escrito el xml del canal "Boing"
[2024-12-07T23:30:27.884+0000] {logging_mixin.py:190} INFO - Archivo actualizado correctamente.
[2024-12-07T23:30:27.885+0000] {logging_mixin.py:190} INFO - Generando XML para el canal Acontraplus
[2024-12-07T23:30:27.888+0000] {logging_mixin.py:190} INFO - Escrito el xml del canal "Acontraplus"
[2024-12-07T23:30:29.597+0000] {logging_mixin.py:190} INFO - Archivo actualizado correctamente.
[2024-12-07T23:30:29.597+0000] {logging_mixin.py:190} INFO - Generando XML para el canal Fight sports
[2024-12-07T23:30:29.601+0000] {logging_mixin.py:190} INFO - Escrito el xml del canal "Fight sports"
[2024-12-07T23:30:31.322+0000] {logging_mixin.py:190} INFO - Archivo actualizado correctamente.
[2024-12-07T23:30:31.322+0000] {logging_mixin.py:190} INFO - Generando XML para el canal Mtmad 24h
[2024-12-07T23:30:31.325+0000] {logging_mixin.py:190} INFO - Escrito el xml del canal "Mtmad 24h"
[2024-12-07T23:30:33.064+0000] {logging_mixin.py:190} INFO - Archivo actualizado correctamente.
[2024-12-07T23:30:33.065+0000] {python.py:240} INFO - Done. Returned value was: None
[2024-12-07T23:30:33.071+0000] {taskinstance.py:340} INFO - ::group::Post task execution logs
[2024-12-07T23:30:33.072+0000] {taskinstance.py:352} INFO - Marking task as SUCCESS. dag_id=mediaset_schedule_scraper, task_id=scrape_mediaset_schedule, run_id=scheduled__2024-12-07T17:30:00+00:00, execution_date=20241207T173000, start_date=20241207T233001, end_date=20241207T233033
[2024-12-07T23:30:33.097+0000] {local_task_job_runner.py:266} INFO - Task exited with return code 0
[2024-12-07T23:30:33.110+0000] {taskinstance.py:3895} INFO - 1 downstream tasks scheduled from follow-on schedule check
[2024-12-07T23:30:33.111+0000] {local_task_job_runner.py:245} INFO - ::endgroup::
