[2024-12-09T15:25:31.764+0000] {local_task_job_runner.py:123} INFO - ::group::Pre task execution logs
[2024-12-09T15:25:31.772+0000] {taskinstance.py:2613} INFO - Dependencies all met for dep_context=non-requeueable deps ti=<TaskInstance: rtve_schedule_scraper.push_all_in_one manual__2024-12-09T15:25:10.507601+00:00 [queued]>
[2024-12-09T15:25:31.776+0000] {taskinstance.py:2613} INFO - Dependencies all met for dep_context=requeueable deps ti=<TaskInstance: rtve_schedule_scraper.push_all_in_one manual__2024-12-09T15:25:10.507601+00:00 [queued]>
[2024-12-09T15:25:31.776+0000] {taskinstance.py:2866} INFO - Starting attempt 1 of 4
[2024-12-09T15:25:31.783+0000] {taskinstance.py:2889} INFO - Executing <Task(_PythonDecoratedOperator): push_all_in_one> on 2024-12-09 15:25:10.507601+00:00
[2024-12-09T15:25:31.788+0000] {warnings.py:112} WARNING - /home/***/.local/lib/python3.12/site-packages/***/task/task_runner/standard_task_runner.py:70: DeprecationWarning: This process (pid=613) is multi-threaded, use of fork() may lead to deadlocks in the child.
  pid = os.fork()

[2024-12-09T15:25:31.788+0000] {standard_task_runner.py:72} INFO - Started process 614 to run task
[2024-12-09T15:25:31.789+0000] {standard_task_runner.py:104} INFO - Running: ['***', 'tasks', 'run', 'rtve_schedule_scraper', 'push_all_in_one', 'manual__2024-12-09T15:25:10.507601+00:00', '--job-id', '2226', '--raw', '--subdir', 'DAGS_FOLDER/dag_rtve_selenium.py', '--cfg-path', '/tmp/tmp_hm7h4_0']
[2024-12-09T15:25:31.790+0000] {standard_task_runner.py:105} INFO - Job 2226: Subtask push_all_in_one
[2024-12-09T15:25:31.813+0000] {task_command.py:467} INFO - Running <TaskInstance: rtve_schedule_scraper.push_all_in_one manual__2024-12-09T15:25:10.507601+00:00 [running]> on host b605548c7b8b
[2024-12-09T15:25:31.853+0000] {taskinstance.py:3132} INFO - Exporting env vars: AIRFLOW_CTX_DAG_OWNER='***' AIRFLOW_CTX_DAG_ID='rtve_schedule_scraper' AIRFLOW_CTX_TASK_ID='push_all_in_one' AIRFLOW_CTX_EXECUTION_DATE='2024-12-09T15:25:10.507601+00:00' AIRFLOW_CTX_TRY_NUMBER='1' AIRFLOW_CTX_DAG_RUN_ID='manual__2024-12-09T15:25:10.507601+00:00'
[2024-12-09T15:25:31.855+0000] {taskinstance.py:731} INFO - ::endgroup::
[2024-12-09T15:25:34.008+0000] {logging_mixin.py:190} INFO - Archivo actualizado correctamente.
[2024-12-09T15:25:34.009+0000] {python.py:240} INFO - Done. Returned value was: None
[2024-12-09T15:25:34.015+0000] {taskinstance.py:340} INFO - ::group::Post task execution logs
[2024-12-09T15:25:34.015+0000] {taskinstance.py:352} INFO - Marking task as SUCCESS. dag_id=rtve_schedule_scraper, task_id=push_all_in_one, run_id=manual__2024-12-09T15:25:10.507601+00:00, execution_date=20241209T152510, start_date=20241209T152531, end_date=20241209T152534
[2024-12-09T15:25:34.048+0000] {local_task_job_runner.py:266} INFO - Task exited with return code 0
[2024-12-09T15:25:34.056+0000] {taskinstance.py:3895} INFO - 0 downstream tasks scheduled from follow-on schedule check
[2024-12-09T15:25:34.057+0000] {local_task_job_runner.py:245} INFO - ::endgroup::
