[2024-12-05T00:28:00.859+0000] {processor.py:186} INFO - Started process (PID=79) to work on /opt/airflow/dags/tasks/merge_all_in_one.py
[2024-12-05T00:28:00.860+0000] {processor.py:914} INFO - Processing file /opt/airflow/dags/tasks/merge_all_in_one.py for tasks to queue
[2024-12-05T00:28:00.862+0000] {logging_mixin.py:190} INFO - [2024-12-05T00:28:00.862+0000] {dagbag.py:588} INFO - Filling up the DagBag from /opt/airflow/dags/tasks/merge_all_in_one.py
[2024-12-05T00:28:00.876+0000] {processor.py:927} WARNING - No viable dags retrieved from /opt/airflow/dags/tasks/merge_all_in_one.py
[2024-12-05T00:28:00.890+0000] {processor.py:208} INFO - Processing /opt/airflow/dags/tasks/merge_all_in_one.py took 0.039 seconds
[2024-12-05T00:28:31.021+0000] {processor.py:186} INFO - Started process (PID=90) to work on /opt/airflow/dags/tasks/merge_all_in_one.py
[2024-12-05T00:28:31.218+0000] {processor.py:914} INFO - Processing file /opt/airflow/dags/tasks/merge_all_in_one.py for tasks to queue
[2024-12-05T00:28:31.220+0000] {logging_mixin.py:190} INFO - [2024-12-05T00:28:31.220+0000] {dagbag.py:588} INFO - Filling up the DagBag from /opt/airflow/dags/tasks/merge_all_in_one.py
[2024-12-05T00:28:31.262+0000] {processor.py:927} WARNING - No viable dags retrieved from /opt/airflow/dags/tasks/merge_all_in_one.py
[2024-12-05T00:28:31.272+0000] {processor.py:208} INFO - Processing /opt/airflow/dags/tasks/merge_all_in_one.py took 0.255 seconds
[2024-12-05T00:29:01.936+0000] {processor.py:186} INFO - Started process (PID=108) to work on /opt/airflow/dags/tasks/merge_all_in_one.py
[2024-12-05T00:29:01.936+0000] {processor.py:914} INFO - Processing file /opt/airflow/dags/tasks/merge_all_in_one.py for tasks to queue
[2024-12-05T00:29:01.937+0000] {logging_mixin.py:190} INFO - [2024-12-05T00:29:01.937+0000] {dagbag.py:588} INFO - Filling up the DagBag from /opt/airflow/dags/tasks/merge_all_in_one.py
[2024-12-05T00:29:01.945+0000] {processor.py:927} WARNING - No viable dags retrieved from /opt/airflow/dags/tasks/merge_all_in_one.py
[2024-12-05T00:29:01.953+0000] {processor.py:208} INFO - Processing /opt/airflow/dags/tasks/merge_all_in_one.py took 0.021 seconds
[2024-12-05T00:29:32.468+0000] {processor.py:186} INFO - Started process (PID=121) to work on /opt/airflow/dags/tasks/merge_all_in_one.py
[2024-12-05T00:29:32.469+0000] {processor.py:914} INFO - Processing file /opt/airflow/dags/tasks/merge_all_in_one.py for tasks to queue
[2024-12-05T00:29:32.470+0000] {logging_mixin.py:190} INFO - [2024-12-05T00:29:32.470+0000] {dagbag.py:588} INFO - Filling up the DagBag from /opt/airflow/dags/tasks/merge_all_in_one.py
[2024-12-05T00:29:32.480+0000] {processor.py:927} WARNING - No viable dags retrieved from /opt/airflow/dags/tasks/merge_all_in_one.py
[2024-12-05T00:29:32.489+0000] {processor.py:208} INFO - Processing /opt/airflow/dags/tasks/merge_all_in_one.py took 0.025 seconds
[2024-12-05T00:30:02.993+0000] {processor.py:186} INFO - Started process (PID=133) to work on /opt/airflow/dags/tasks/merge_all_in_one.py
[2024-12-05T00:30:02.993+0000] {processor.py:914} INFO - Processing file /opt/airflow/dags/tasks/merge_all_in_one.py for tasks to queue
[2024-12-05T00:30:02.994+0000] {logging_mixin.py:190} INFO - [2024-12-05T00:30:02.994+0000] {dagbag.py:588} INFO - Filling up the DagBag from /opt/airflow/dags/tasks/merge_all_in_one.py
[2024-12-05T00:30:03.002+0000] {processor.py:927} WARNING - No viable dags retrieved from /opt/airflow/dags/tasks/merge_all_in_one.py
[2024-12-05T00:30:03.010+0000] {processor.py:208} INFO - Processing /opt/airflow/dags/tasks/merge_all_in_one.py took 0.020 seconds
[2024-12-05T00:30:33.489+0000] {processor.py:186} INFO - Started process (PID=145) to work on /opt/airflow/dags/tasks/merge_all_in_one.py
[2024-12-05T00:30:33.490+0000] {processor.py:914} INFO - Processing file /opt/airflow/dags/tasks/merge_all_in_one.py for tasks to queue
[2024-12-05T00:30:33.492+0000] {logging_mixin.py:190} INFO - [2024-12-05T00:30:33.491+0000] {dagbag.py:588} INFO - Filling up the DagBag from /opt/airflow/dags/tasks/merge_all_in_one.py
[2024-12-05T00:30:33.499+0000] {processor.py:927} WARNING - No viable dags retrieved from /opt/airflow/dags/tasks/merge_all_in_one.py
[2024-12-05T00:30:33.506+0000] {processor.py:208} INFO - Processing /opt/airflow/dags/tasks/merge_all_in_one.py took 0.021 seconds
[2024-12-05T00:31:41.065+0000] {processor.py:186} INFO - Started process (PID=79) to work on /opt/airflow/dags/tasks/merge_all_in_one.py
[2024-12-05T00:31:41.086+0000] {processor.py:914} INFO - Processing file /opt/airflow/dags/tasks/merge_all_in_one.py for tasks to queue
[2024-12-05T00:31:41.088+0000] {logging_mixin.py:190} INFO - [2024-12-05T00:31:41.087+0000] {dagbag.py:588} INFO - Filling up the DagBag from /opt/airflow/dags/tasks/merge_all_in_one.py
[2024-12-05T00:31:41.100+0000] {processor.py:927} WARNING - No viable dags retrieved from /opt/airflow/dags/tasks/merge_all_in_one.py
[2024-12-05T00:31:41.115+0000] {processor.py:208} INFO - Processing /opt/airflow/dags/tasks/merge_all_in_one.py took 0.055 seconds
[2024-12-05T00:32:11.384+0000] {processor.py:186} INFO - Started process (PID=90) to work on /opt/airflow/dags/tasks/merge_all_in_one.py
[2024-12-05T00:32:11.401+0000] {processor.py:914} INFO - Processing file /opt/airflow/dags/tasks/merge_all_in_one.py for tasks to queue
[2024-12-05T00:32:11.405+0000] {logging_mixin.py:190} INFO - [2024-12-05T00:32:11.405+0000] {dagbag.py:588} INFO - Filling up the DagBag from /opt/airflow/dags/tasks/merge_all_in_one.py
[2024-12-05T00:32:11.415+0000] {processor.py:927} WARNING - No viable dags retrieved from /opt/airflow/dags/tasks/merge_all_in_one.py
[2024-12-05T00:32:11.433+0000] {processor.py:208} INFO - Processing /opt/airflow/dags/tasks/merge_all_in_one.py took 0.059 seconds
[2024-12-05T00:32:42.058+0000] {processor.py:186} INFO - Started process (PID=109) to work on /opt/airflow/dags/tasks/merge_all_in_one.py
[2024-12-05T00:32:42.075+0000] {processor.py:914} INFO - Processing file /opt/airflow/dags/tasks/merge_all_in_one.py for tasks to queue
[2024-12-05T00:32:42.076+0000] {logging_mixin.py:190} INFO - [2024-12-05T00:32:42.076+0000] {dagbag.py:588} INFO - Filling up the DagBag from /opt/airflow/dags/tasks/merge_all_in_one.py
[2024-12-05T00:32:42.085+0000] {processor.py:927} WARNING - No viable dags retrieved from /opt/airflow/dags/tasks/merge_all_in_one.py
[2024-12-05T00:32:42.094+0000] {processor.py:208} INFO - Processing /opt/airflow/dags/tasks/merge_all_in_one.py took 0.040 seconds
[2024-12-05T00:33:12.593+0000] {processor.py:186} INFO - Started process (PID=122) to work on /opt/airflow/dags/tasks/merge_all_in_one.py
[2024-12-05T00:33:12.593+0000] {processor.py:914} INFO - Processing file /opt/airflow/dags/tasks/merge_all_in_one.py for tasks to queue
[2024-12-05T00:33:12.594+0000] {logging_mixin.py:190} INFO - [2024-12-05T00:33:12.594+0000] {dagbag.py:588} INFO - Filling up the DagBag from /opt/airflow/dags/tasks/merge_all_in_one.py
[2024-12-05T00:33:12.601+0000] {processor.py:927} WARNING - No viable dags retrieved from /opt/airflow/dags/tasks/merge_all_in_one.py
[2024-12-05T00:33:12.609+0000] {processor.py:208} INFO - Processing /opt/airflow/dags/tasks/merge_all_in_one.py took 0.020 seconds
