[2024-12-05T00:28:00.913+0000] {processor.py:186} INFO - Started process (PID=80) to work on /opt/airflow/dags/tasks/push_all_in_one.py
[2024-12-05T00:28:00.916+0000] {processor.py:914} INFO - Processing file /opt/airflow/dags/tasks/push_all_in_one.py for tasks to queue
[2024-12-05T00:28:00.918+0000] {logging_mixin.py:190} INFO - [2024-12-05T00:28:00.917+0000] {dagbag.py:588} INFO - Filling up the DagBag from /opt/airflow/dags/tasks/push_all_in_one.py
[2024-12-05T00:28:01.170+0000] {processor.py:927} WARNING - No viable dags retrieved from /opt/airflow/dags/tasks/push_all_in_one.py
[2024-12-05T00:28:01.187+0000] {processor.py:208} INFO - Processing /opt/airflow/dags/tasks/push_all_in_one.py took 0.278 seconds
[2024-12-05T00:28:31.263+0000] {processor.py:186} INFO - Started process (PID=91) to work on /opt/airflow/dags/tasks/push_all_in_one.py
[2024-12-05T00:28:31.264+0000] {processor.py:914} INFO - Processing file /opt/airflow/dags/tasks/push_all_in_one.py for tasks to queue
[2024-12-05T00:28:31.266+0000] {logging_mixin.py:190} INFO - [2024-12-05T00:28:31.266+0000] {dagbag.py:588} INFO - Filling up the DagBag from /opt/airflow/dags/tasks/push_all_in_one.py
[2024-12-05T00:28:31.412+0000] {processor.py:927} WARNING - No viable dags retrieved from /opt/airflow/dags/tasks/push_all_in_one.py
[2024-12-05T00:28:31.418+0000] {processor.py:208} INFO - Processing /opt/airflow/dags/tasks/push_all_in_one.py took 0.159 seconds
[2024-12-05T00:29:01.939+0000] {processor.py:186} INFO - Started process (PID=109) to work on /opt/airflow/dags/tasks/push_all_in_one.py
[2024-12-05T00:29:01.940+0000] {processor.py:914} INFO - Processing file /opt/airflow/dags/tasks/push_all_in_one.py for tasks to queue
[2024-12-05T00:29:01.941+0000] {logging_mixin.py:190} INFO - [2024-12-05T00:29:01.941+0000] {dagbag.py:588} INFO - Filling up the DagBag from /opt/airflow/dags/tasks/push_all_in_one.py
[2024-12-05T00:29:01.982+0000] {processor.py:927} WARNING - No viable dags retrieved from /opt/airflow/dags/tasks/push_all_in_one.py
[2024-12-05T00:29:01.989+0000] {processor.py:208} INFO - Processing /opt/airflow/dags/tasks/push_all_in_one.py took 0.052 seconds
[2024-12-05T00:29:32.477+0000] {processor.py:186} INFO - Started process (PID=122) to work on /opt/airflow/dags/tasks/push_all_in_one.py
[2024-12-05T00:29:32.478+0000] {processor.py:914} INFO - Processing file /opt/airflow/dags/tasks/push_all_in_one.py for tasks to queue
[2024-12-05T00:29:32.479+0000] {logging_mixin.py:190} INFO - [2024-12-05T00:29:32.478+0000] {dagbag.py:588} INFO - Filling up the DagBag from /opt/airflow/dags/tasks/push_all_in_one.py
[2024-12-05T00:29:32.520+0000] {processor.py:927} WARNING - No viable dags retrieved from /opt/airflow/dags/tasks/push_all_in_one.py
[2024-12-05T00:29:32.527+0000] {processor.py:208} INFO - Processing /opt/airflow/dags/tasks/push_all_in_one.py took 0.059 seconds
[2024-12-05T00:30:02.999+0000] {processor.py:186} INFO - Started process (PID=134) to work on /opt/airflow/dags/tasks/push_all_in_one.py
[2024-12-05T00:30:02.999+0000] {processor.py:914} INFO - Processing file /opt/airflow/dags/tasks/push_all_in_one.py for tasks to queue
[2024-12-05T00:30:03.000+0000] {logging_mixin.py:190} INFO - [2024-12-05T00:30:03.000+0000] {dagbag.py:588} INFO - Filling up the DagBag from /opt/airflow/dags/tasks/push_all_in_one.py
[2024-12-05T00:30:03.041+0000] {processor.py:927} WARNING - No viable dags retrieved from /opt/airflow/dags/tasks/push_all_in_one.py
[2024-12-05T00:30:03.047+0000] {processor.py:208} INFO - Processing /opt/airflow/dags/tasks/push_all_in_one.py took 0.052 seconds
[2024-12-05T00:30:33.493+0000] {processor.py:186} INFO - Started process (PID=146) to work on /opt/airflow/dags/tasks/push_all_in_one.py
[2024-12-05T00:30:33.493+0000] {processor.py:914} INFO - Processing file /opt/airflow/dags/tasks/push_all_in_one.py for tasks to queue
[2024-12-05T00:30:33.494+0000] {logging_mixin.py:190} INFO - [2024-12-05T00:30:33.494+0000] {dagbag.py:588} INFO - Filling up the DagBag from /opt/airflow/dags/tasks/push_all_in_one.py
[2024-12-05T00:30:33.536+0000] {processor.py:927} WARNING - No viable dags retrieved from /opt/airflow/dags/tasks/push_all_in_one.py
[2024-12-05T00:30:33.543+0000] {processor.py:208} INFO - Processing /opt/airflow/dags/tasks/push_all_in_one.py took 0.053 seconds
[2024-12-05T00:31:41.144+0000] {processor.py:186} INFO - Started process (PID=80) to work on /opt/airflow/dags/tasks/push_all_in_one.py
[2024-12-05T00:31:41.145+0000] {processor.py:914} INFO - Processing file /opt/airflow/dags/tasks/push_all_in_one.py for tasks to queue
[2024-12-05T00:31:41.147+0000] {logging_mixin.py:190} INFO - [2024-12-05T00:31:41.147+0000] {dagbag.py:588} INFO - Filling up the DagBag from /opt/airflow/dags/tasks/push_all_in_one.py
[2024-12-05T00:31:41.529+0000] {processor.py:927} WARNING - No viable dags retrieved from /opt/airflow/dags/tasks/push_all_in_one.py
[2024-12-05T00:31:41.537+0000] {processor.py:208} INFO - Processing /opt/airflow/dags/tasks/push_all_in_one.py took 0.396 seconds
[2024-12-05T00:32:12.402+0000] {processor.py:186} INFO - Started process (PID=98) to work on /opt/airflow/dags/tasks/push_all_in_one.py
[2024-12-05T00:32:12.426+0000] {processor.py:914} INFO - Processing file /opt/airflow/dags/tasks/push_all_in_one.py for tasks to queue
[2024-12-05T00:32:12.428+0000] {logging_mixin.py:190} INFO - [2024-12-05T00:32:12.427+0000] {dagbag.py:588} INFO - Filling up the DagBag from /opt/airflow/dags/tasks/push_all_in_one.py
[2024-12-05T00:32:12.675+0000] {processor.py:927} WARNING - No viable dags retrieved from /opt/airflow/dags/tasks/push_all_in_one.py
[2024-12-05T00:32:12.684+0000] {processor.py:208} INFO - Processing /opt/airflow/dags/tasks/push_all_in_one.py took 0.286 seconds
[2024-12-05T00:32:43.081+0000] {processor.py:186} INFO - Started process (PID=110) to work on /opt/airflow/dags/tasks/push_all_in_one.py
[2024-12-05T00:32:43.082+0000] {processor.py:914} INFO - Processing file /opt/airflow/dags/tasks/push_all_in_one.py for tasks to queue
[2024-12-05T00:32:43.083+0000] {logging_mixin.py:190} INFO - [2024-12-05T00:32:43.083+0000] {dagbag.py:588} INFO - Filling up the DagBag from /opt/airflow/dags/tasks/push_all_in_one.py
[2024-12-05T00:32:43.124+0000] {processor.py:927} WARNING - No viable dags retrieved from /opt/airflow/dags/tasks/push_all_in_one.py
[2024-12-05T00:32:43.131+0000] {processor.py:208} INFO - Processing /opt/airflow/dags/tasks/push_all_in_one.py took 0.053 seconds
