[2024-12-07T15:00:00.968+0000] {local_task_job_runner.py:123} INFO - ::group::Pre task execution logs
[2024-12-07T15:00:00.978+0000] {taskinstance.py:2613} INFO - Dependencies all met for dep_context=non-requeueable deps ti=<TaskInstance: mediaset_schedule_scraper.scrape_mediaset_schedule scheduled__2024-12-07T07:00:00+00:00 [queued]>
[2024-12-07T15:00:00.983+0000] {taskinstance.py:2613} INFO - Dependencies all met for dep_context=requeueable deps ti=<TaskInstance: mediaset_schedule_scraper.scrape_mediaset_schedule scheduled__2024-12-07T07:00:00+00:00 [queued]>
[2024-12-07T15:00:00.983+0000] {taskinstance.py:2866} INFO - Starting attempt 1 of 5
[2024-12-07T15:00:00.990+0000] {taskinstance.py:2889} INFO - Executing <Task(_PythonDecoratedOperator): scrape_mediaset_schedule> on 2024-12-07 07:00:00+00:00
[2024-12-07T15:00:00.994+0000] {warnings.py:112} WARNING - /home/***/.local/lib/python3.12/site-packages/***/task/task_runner/standard_task_runner.py:70: DeprecationWarning: This process (pid=2825) is multi-threaded, use of fork() may lead to deadlocks in the child.
  pid = os.fork()

[2024-12-07T15:00:00.996+0000] {standard_task_runner.py:72} INFO - Started process 2832 to run task
[2024-12-07T15:00:00.996+0000] {standard_task_runner.py:104} INFO - Running: ['***', 'tasks', 'run', 'mediaset_schedule_scraper', 'scrape_mediaset_schedule', 'scheduled__2024-12-07T07:00:00+00:00', '--job-id', '2030', '--raw', '--subdir', 'DAGS_FOLDER/dag_mediaset.py', '--cfg-path', '/tmp/tmpgswebkyr']
[2024-12-07T15:00:00.997+0000] {standard_task_runner.py:105} INFO - Job 2030: Subtask scrape_mediaset_schedule
[2024-12-07T15:00:01.029+0000] {task_command.py:467} INFO - Running <TaskInstance: mediaset_schedule_scraper.scrape_mediaset_schedule scheduled__2024-12-07T07:00:00+00:00 [running]> on host b605548c7b8b
[2024-12-07T15:00:01.075+0000] {taskinstance.py:3132} INFO - Exporting env vars: AIRFLOW_CTX_DAG_OWNER='***' AIRFLOW_CTX_DAG_ID='mediaset_schedule_scraper' AIRFLOW_CTX_TASK_ID='scrape_mediaset_schedule' AIRFLOW_CTX_EXECUTION_DATE='2024-12-07T07:00:00+00:00' AIRFLOW_CTX_TRY_NUMBER='1' AIRFLOW_CTX_DAG_RUN_ID='scheduled__2024-12-07T07:00:00+00:00'
[2024-12-07T15:00:01.075+0000] {taskinstance.py:731} INFO - ::endgroup::
[2024-12-07T15:00:04.696+0000] {logging_mixin.py:190} INFO - Generando XML para el canal Telecinco
[2024-12-07T15:00:04.699+0000] {logging_mixin.py:190} INFO - Escrito el xml del canal "Telecinco"
[2024-12-07T15:00:06.471+0000] {logging_mixin.py:190} INFO - Archivo actualizado correctamente.
[2024-12-07T15:00:06.471+0000] {logging_mixin.py:190} INFO - Generando XML para el canal Cuatro
[2024-12-07T15:00:06.476+0000] {logging_mixin.py:190} INFO - Escrito el xml del canal "Cuatro"
[2024-12-07T15:00:08.334+0000] {logging_mixin.py:190} INFO - Archivo actualizado correctamente.
[2024-12-07T15:00:08.335+0000] {logging_mixin.py:190} INFO - Generando XML para el canal Gh 24h plus
[2024-12-07T15:00:08.336+0000] {logging_mixin.py:190} INFO - Escrito el xml del canal "Gh 24h plus"
[2024-12-07T15:00:09.985+0000] {logging_mixin.py:190} INFO - Archivo actualizado correctamente.
[2024-12-07T15:00:09.986+0000] {logging_mixin.py:190} INFO - Generando XML para el canal Gh 24h
[2024-12-07T15:00:09.988+0000] {logging_mixin.py:190} INFO - Escrito el xml del canal "Gh 24h"
[2024-12-07T15:00:11.714+0000] {logging_mixin.py:190} INFO - Archivo actualizado correctamente.
[2024-12-07T15:00:11.715+0000] {logging_mixin.py:190} INFO - Generando XML para el canal Mitele en la calle
[2024-12-07T15:00:11.719+0000] {logging_mixin.py:190} INFO - Escrito el xml del canal "Mitele en la calle"
[2024-12-07T15:00:13.505+0000] {logging_mixin.py:190} INFO - Archivo actualizado correctamente.
[2024-12-07T15:00:13.506+0000] {logging_mixin.py:190} INFO - Generando XML para el canal Mitele viajes
[2024-12-07T15:00:13.509+0000] {logging_mixin.py:190} INFO - Escrito el xml del canal "Mitele viajes"
[2024-12-07T15:00:15.207+0000] {logging_mixin.py:190} INFO - Archivo actualizado correctamente.
[2024-12-07T15:00:15.208+0000] {logging_mixin.py:190} INFO - Generando XML para el canal Mitele plus lqsa
[2024-12-07T15:00:15.211+0000] {logging_mixin.py:190} INFO - Escrito el xml del canal "Mitele plus lqsa"
[2024-12-07T15:00:18.377+0000] {logging_mixin.py:190} INFO - Error: 422 {"message": "Invalid request.\n\n\"sha\" wasn't supplied.", "documentation_url": "https://docs.github.com/rest/repos/contents#create-or-update-file-contents", "status": "422"}
[2024-12-07T15:00:18.378+0000] {logging_mixin.py:190} INFO - Generando XML para el canal Mitele comedia
[2024-12-07T15:00:18.382+0000] {logging_mixin.py:190} INFO - Escrito el xml del canal "Mitele comedia"
[2024-12-07T15:00:20.342+0000] {logging_mixin.py:190} INFO - Archivo actualizado correctamente.
[2024-12-07T15:00:20.343+0000] {logging_mixin.py:190} INFO - Generando XML para el canal Mitele top series
[2024-12-07T15:00:20.346+0000] {logging_mixin.py:190} INFO - Escrito el xml del canal "Mitele top series"
[2024-12-07T15:00:22.161+0000] {logging_mixin.py:190} INFO - Archivo actualizado correctamente.
[2024-12-07T15:00:22.162+0000] {logging_mixin.py:190} INFO - Generando XML para el canal Divinity
[2024-12-07T15:00:22.165+0000] {logging_mixin.py:190} INFO - Escrito el xml del canal "Divinity"
[2024-12-07T15:00:23.983+0000] {logging_mixin.py:190} INFO - Archivo actualizado correctamente.
[2024-12-07T15:00:23.984+0000] {logging_mixin.py:190} INFO - Generando XML para el canal Fdf
[2024-12-07T15:00:23.988+0000] {logging_mixin.py:190} INFO - Escrito el xml del canal "Fdf"
[2024-12-07T15:00:25.790+0000] {logging_mixin.py:190} INFO - Archivo actualizado correctamente.
[2024-12-07T15:00:25.790+0000] {logging_mixin.py:190} INFO - Generando XML para el canal Energy
[2024-12-07T15:00:25.796+0000] {logging_mixin.py:190} INFO - Escrito el xml del canal "Energy"
[2024-12-07T15:00:27.788+0000] {logging_mixin.py:190} INFO - Archivo actualizado correctamente.
[2024-12-07T15:00:27.789+0000] {logging_mixin.py:190} INFO - Generando XML para el canal Bemad
[2024-12-07T15:00:27.791+0000] {logging_mixin.py:190} INFO - Escrito el xml del canal "Bemad"
[2024-12-07T15:00:30.788+0000] {logging_mixin.py:190} INFO - Error: 422 {"message": "Invalid request.\n\n\"sha\" wasn't supplied.", "documentation_url": "https://docs.github.com/rest/repos/contents#create-or-update-file-contents", "status": "422"}
[2024-12-07T15:00:30.789+0000] {logging_mixin.py:190} INFO - Generando XML para el canal Boing
[2024-12-07T15:00:30.795+0000] {logging_mixin.py:190} INFO - Escrito el xml del canal "Boing"
[2024-12-07T15:00:32.820+0000] {logging_mixin.py:190} INFO - Archivo actualizado correctamente.
[2024-12-07T15:00:32.821+0000] {logging_mixin.py:190} INFO - Generando XML para el canal Acontraplus
[2024-12-07T15:00:32.824+0000] {logging_mixin.py:190} INFO - Escrito el xml del canal "Acontraplus"
[2024-12-07T15:00:34.601+0000] {logging_mixin.py:190} INFO - Archivo actualizado correctamente.
[2024-12-07T15:00:34.602+0000] {logging_mixin.py:190} INFO - Generando XML para el canal Fight sports
[2024-12-07T15:00:34.606+0000] {logging_mixin.py:190} INFO - Escrito el xml del canal "Fight sports"
[2024-12-07T15:00:36.284+0000] {logging_mixin.py:190} INFO - Archivo actualizado correctamente.
[2024-12-07T15:00:36.284+0000] {logging_mixin.py:190} INFO - Generando XML para el canal Mtmad 24h
[2024-12-07T15:00:36.287+0000] {logging_mixin.py:190} INFO - Escrito el xml del canal "Mtmad 24h"
[2024-12-07T15:00:37.963+0000] {logging_mixin.py:190} INFO - Archivo actualizado correctamente.
[2024-12-07T15:00:37.965+0000] {python.py:240} INFO - Done. Returned value was: None
[2024-12-07T15:00:37.970+0000] {taskinstance.py:340} INFO - ::group::Post task execution logs
[2024-12-07T15:00:37.971+0000] {taskinstance.py:352} INFO - Marking task as SUCCESS. dag_id=mediaset_schedule_scraper, task_id=scrape_mediaset_schedule, run_id=scheduled__2024-12-07T07:00:00+00:00, execution_date=20241207T070000, start_date=20241207T150000, end_date=20241207T150037
[2024-12-07T15:00:38.021+0000] {local_task_job_runner.py:266} INFO - Task exited with return code 0
[2024-12-07T15:00:38.034+0000] {taskinstance.py:3895} INFO - 1 downstream tasks scheduled from follow-on schedule check
[2024-12-07T15:00:38.035+0000] {local_task_job_runner.py:245} INFO - ::endgroup::
