[2024-12-05T23:23:17.403+0000] {local_task_job_runner.py:123} INFO - ::group::Pre task execution logs
[2024-12-05T23:23:17.413+0000] {taskinstance.py:2613} INFO - Dependencies all met for dep_context=non-requeueable deps ti=<TaskInstance: a3media_schedule_scraper.push_all_in_one_task manual__2024-12-05T23:22:58.285236+00:00 [queued]>
[2024-12-05T23:23:17.417+0000] {taskinstance.py:2613} INFO - Dependencies all met for dep_context=requeueable deps ti=<TaskInstance: a3media_schedule_scraper.push_all_in_one_task manual__2024-12-05T23:22:58.285236+00:00 [queued]>
[2024-12-05T23:23:17.417+0000] {taskinstance.py:2866} INFO - Starting attempt 1 of 5
[2024-12-05T23:23:17.424+0000] {taskinstance.py:2889} INFO - Executing <Task(PythonOperator): push_all_in_one_task> on 2024-12-05 23:22:58.285236+00:00
[2024-12-05T23:23:17.428+0000] {warnings.py:112} WARNING - /home/***/.local/lib/python3.12/site-packages/***/task/task_runner/standard_task_runner.py:70: DeprecationWarning: This process (pid=229) is multi-threaded, use of fork() may lead to deadlocks in the child.
  pid = os.fork()

[2024-12-05T23:23:17.429+0000] {standard_task_runner.py:72} INFO - Started process 230 to run task
[2024-12-05T23:23:17.429+0000] {standard_task_runner.py:104} INFO - Running: ['***', 'tasks', 'run', 'a3media_schedule_scraper', 'push_all_in_one_task', 'manual__2024-12-05T23:22:58.285236+00:00', '--job-id', '612', '--raw', '--subdir', 'DAGS_FOLDER/dag_atresmedia.py', '--cfg-path', '/tmp/tmpfen_mcn8']
[2024-12-05T23:23:17.430+0000] {standard_task_runner.py:105} INFO - Job 612: Subtask push_all_in_one_task
[2024-12-05T23:23:17.452+0000] {task_command.py:467} INFO - Running <TaskInstance: a3media_schedule_scraper.push_all_in_one_task manual__2024-12-05T23:22:58.285236+00:00 [running]> on host d88abb179e8d
[2024-12-05T23:23:17.491+0000] {taskinstance.py:3132} INFO - Exporting env vars: AIRFLOW_CTX_DAG_OWNER='***' AIRFLOW_CTX_DAG_ID='a3media_schedule_scraper' AIRFLOW_CTX_TASK_ID='push_all_in_one_task' AIRFLOW_CTX_EXECUTION_DATE='2024-12-05T23:22:58.285236+00:00' AIRFLOW_CTX_TRY_NUMBER='1' AIRFLOW_CTX_DAG_RUN_ID='manual__2024-12-05T23:22:58.285236+00:00'
[2024-12-05T23:23:17.491+0000] {taskinstance.py:731} INFO - ::endgroup::
[2024-12-05T23:23:20.261+0000] {logging_mixin.py:190} INFO - Archivo actualizado correctamente.
[2024-12-05T23:23:20.262+0000] {python.py:240} INFO - Done. Returned value was: None
[2024-12-05T23:23:20.267+0000] {taskinstance.py:340} INFO - ::group::Post task execution logs
[2024-12-05T23:23:20.267+0000] {taskinstance.py:352} INFO - Marking task as SUCCESS. dag_id=a3media_schedule_scraper, task_id=push_all_in_one_task, run_id=manual__2024-12-05T23:22:58.285236+00:00, execution_date=20241205T232258, start_date=20241205T232317, end_date=20241205T232320
[2024-12-05T23:23:20.287+0000] {local_task_job_runner.py:266} INFO - Task exited with return code 0
[2024-12-05T23:23:20.296+0000] {taskinstance.py:3895} INFO - 0 downstream tasks scheduled from follow-on schedule check
[2024-12-05T23:23:20.297+0000] {local_task_job_runner.py:245} INFO - ::endgroup::
