[2024-12-08T10:05:52.989+0000] {local_task_job_runner.py:123} INFO - ::group::Pre task execution logs
[2024-12-08T10:05:52.997+0000] {taskinstance.py:2613} INFO - Dependencies all met for dep_context=non-requeueable deps ti=<TaskInstance: telemadrid_schedule_scraper.push_all_in_one manual__2024-12-08T10:05:48.565289+00:00 [queued]>
[2024-12-08T10:05:53.002+0000] {taskinstance.py:2613} INFO - Dependencies all met for dep_context=requeueable deps ti=<TaskInstance: telemadrid_schedule_scraper.push_all_in_one manual__2024-12-08T10:05:48.565289+00:00 [queued]>
[2024-12-08T10:05:53.002+0000] {taskinstance.py:2866} INFO - Starting attempt 1 of 4
[2024-12-08T10:05:53.008+0000] {taskinstance.py:2889} INFO - Executing <Task(_PythonDecoratedOperator): push_all_in_one> on 2024-12-08 10:05:48.565289+00:00
[2024-12-08T10:05:53.012+0000] {warnings.py:112} WARNING - /home/***/.local/lib/python3.12/site-packages/***/task/task_runner/standard_task_runner.py:70: DeprecationWarning: This process (pid=206) is multi-threaded, use of fork() may lead to deadlocks in the child.
  pid = os.fork()

[2024-12-08T10:05:53.013+0000] {standard_task_runner.py:72} INFO - Started process 207 to run task
[2024-12-08T10:05:53.013+0000] {standard_task_runner.py:104} INFO - Running: ['***', 'tasks', 'run', 'telemadrid_schedule_scraper', 'push_all_in_one', 'manual__2024-12-08T10:05:48.565289+00:00', '--job-id', '2125', '--raw', '--subdir', 'DAGS_FOLDER/dag_telemadrid.py', '--cfg-path', '/tmp/tmpywc9e5sn']
[2024-12-08T10:05:53.014+0000] {standard_task_runner.py:105} INFO - Job 2125: Subtask push_all_in_one
[2024-12-08T10:05:53.037+0000] {task_command.py:467} INFO - Running <TaskInstance: telemadrid_schedule_scraper.push_all_in_one manual__2024-12-08T10:05:48.565289+00:00 [running]> on host b605548c7b8b
[2024-12-08T10:05:53.075+0000] {taskinstance.py:3132} INFO - Exporting env vars: AIRFLOW_CTX_DAG_OWNER='***' AIRFLOW_CTX_DAG_ID='telemadrid_schedule_scraper' AIRFLOW_CTX_TASK_ID='push_all_in_one' AIRFLOW_CTX_EXECUTION_DATE='2024-12-08T10:05:48.565289+00:00' AIRFLOW_CTX_TRY_NUMBER='1' AIRFLOW_CTX_DAG_RUN_ID='manual__2024-12-08T10:05:48.565289+00:00'
[2024-12-08T10:05:53.076+0000] {taskinstance.py:731} INFO - ::endgroup::
[2024-12-08T10:05:55.609+0000] {logging_mixin.py:190} INFO - Archivo actualizado correctamente.
[2024-12-08T10:05:55.610+0000] {python.py:240} INFO - Done. Returned value was: None
[2024-12-08T10:05:55.616+0000] {taskinstance.py:340} INFO - ::group::Post task execution logs
[2024-12-08T10:05:55.616+0000] {taskinstance.py:352} INFO - Marking task as SUCCESS. dag_id=telemadrid_schedule_scraper, task_id=push_all_in_one, run_id=manual__2024-12-08T10:05:48.565289+00:00, execution_date=20241208T100548, start_date=20241208T100552, end_date=20241208T100555
[2024-12-08T10:05:55.633+0000] {local_task_job_runner.py:266} INFO - Task exited with return code 0
[2024-12-08T10:05:55.642+0000] {taskinstance.py:3895} INFO - 0 downstream tasks scheduled from follow-on schedule check
[2024-12-08T10:05:55.643+0000] {local_task_job_runner.py:245} INFO - ::endgroup::
