[2024-12-04T18:59:05.748+0000] {local_task_job_runner.py:123} INFO - ::group::Pre task execution logs
[2024-12-04T18:59:05.755+0000] {taskinstance.py:2613} INFO - Dependencies all met for dep_context=non-requeueable deps ti=<TaskInstance: a3media_schedule_scraper.scrape_a3media_schedule manual__2024-12-04T18:59:04.965309+00:00 [queued]>
[2024-12-04T18:59:05.760+0000] {taskinstance.py:2613} INFO - Dependencies all met for dep_context=requeueable deps ti=<TaskInstance: a3media_schedule_scraper.scrape_a3media_schedule manual__2024-12-04T18:59:04.965309+00:00 [queued]>
[2024-12-04T18:59:05.761+0000] {taskinstance.py:2866} INFO - Starting attempt 1 of 2
[2024-12-04T18:59:05.767+0000] {taskinstance.py:2889} INFO - Executing <Task(PythonOperator): scrape_a3media_schedule> on 2024-12-04 18:59:04.965309+00:00
[2024-12-04T18:59:05.771+0000] {warnings.py:112} WARNING - /home/***/.local/lib/python3.12/site-packages/***/task/task_runner/standard_task_runner.py:70: DeprecationWarning: This process (pid=104) is multi-threaded, use of fork() may lead to deadlocks in the child.
  pid = os.fork()

[2024-12-04T18:59:05.772+0000] {standard_task_runner.py:72} INFO - Started process 105 to run task
[2024-12-04T18:59:05.772+0000] {standard_task_runner.py:104} INFO - Running: ['***', 'tasks', 'run', 'a3media_schedule_scraper', 'scrape_a3media_schedule', 'manual__2024-12-04T18:59:04.965309+00:00', '--job-id', '462', '--raw', '--subdir', 'DAGS_FOLDER/dag_atresmedia.py', '--cfg-path', '/tmp/tmpu2nuzrsc']
[2024-12-04T18:59:05.773+0000] {standard_task_runner.py:105} INFO - Job 462: Subtask scrape_a3media_schedule
[2024-12-04T18:59:05.797+0000] {task_command.py:467} INFO - Running <TaskInstance: a3media_schedule_scraper.scrape_a3media_schedule manual__2024-12-04T18:59:04.965309+00:00 [running]> on host d88abb179e8d
[2024-12-04T18:59:05.838+0000] {taskinstance.py:3132} INFO - Exporting env vars: AIRFLOW_CTX_DAG_OWNER='***' AIRFLOW_CTX_DAG_ID='a3media_schedule_scraper' AIRFLOW_CTX_TASK_ID='scrape_a3media_schedule' AIRFLOW_CTX_EXECUTION_DATE='2024-12-04T18:59:04.965309+00:00' AIRFLOW_CTX_TRY_NUMBER='1' AIRFLOW_CTX_DAG_RUN_ID='manual__2024-12-04T18:59:04.965309+00:00'
[2024-12-04T18:59:05.838+0000] {taskinstance.py:731} INFO - ::endgroup::
[2024-12-04T18:59:06.099+0000] {logging_mixin.py:190} INFO - Escrito el xmltv del canal "Antena 3"
[2024-12-04T18:59:13.717+0000] {logging_mixin.py:190} INFO - [INFO] Archivo actualizado correctamente
[2024-12-04T18:59:13.852+0000] {logging_mixin.py:190} INFO - Escrito el xmltv del canal "laSexta"
[2024-12-04T18:59:20.345+0000] {logging_mixin.py:190} INFO - [INFO] Archivo actualizado correctamente
[2024-12-04T18:59:20.487+0000] {logging_mixin.py:190} INFO - Escrito el xmltv del canal "Neox"
[2024-12-04T18:59:34.148+0000] {logging_mixin.py:190} INFO - [INFO] Archivo actualizado correctamente
[2024-12-04T18:59:34.425+0000] {logging_mixin.py:190} INFO - Escrito el xmltv del canal "Nova"
[2024-12-04T18:59:40.727+0000] {logging_mixin.py:190} INFO - [INFO] Archivo actualizado correctamente
[2024-12-04T18:59:41.090+0000] {logging_mixin.py:190} INFO - Escrito el xmltv del canal "Mega"
[2024-12-04T18:59:48.296+0000] {logging_mixin.py:190} INFO - [INFO] Archivo actualizado correctamente
[2024-12-04T18:59:48.605+0000] {logging_mixin.py:190} INFO - Escrito el xmltv del canal "Atreseries"
[2024-12-04T19:00:03.702+0000] {logging_mixin.py:190} INFO - [INFO] Archivo actualizado correctamente
[2024-12-04T19:00:03.702+0000] {python.py:240} INFO - Done. Returned value was: None
[2024-12-04T19:00:03.708+0000] {taskinstance.py:340} INFO - ::group::Post task execution logs
[2024-12-04T19:00:03.708+0000] {taskinstance.py:352} INFO - Marking task as SUCCESS. dag_id=a3media_schedule_scraper, task_id=scrape_a3media_schedule, run_id=manual__2024-12-04T18:59:04.965309+00:00, execution_date=20241204T185904, start_date=20241204T185905, end_date=20241204T190003
[2024-12-04T19:00:03.735+0000] {local_task_job_runner.py:266} INFO - Task exited with return code 0
[2024-12-04T19:00:03.743+0000] {taskinstance.py:3895} INFO - 0 downstream tasks scheduled from follow-on schedule check
[2024-12-04T19:00:03.744+0000] {local_task_job_runner.py:245} INFO - ::endgroup::
