[2024-12-05T00:39:44.092+0000] {local_task_job_runner.py:123} INFO - ::group::Pre task execution logs
[2024-12-05T00:39:44.103+0000] {taskinstance.py:2613} INFO - Dependencies all met for dep_context=non-requeueable deps ti=<TaskInstance: mitele_schedule_scraper.scrape_mitele_schedule manual__2024-12-05T00:39:42.693199+00:00 [queued]>
[2024-12-05T00:39:44.108+0000] {taskinstance.py:2613} INFO - Dependencies all met for dep_context=requeueable deps ti=<TaskInstance: mitele_schedule_scraper.scrape_mitele_schedule manual__2024-12-05T00:39:42.693199+00:00 [queued]>
[2024-12-05T00:39:44.108+0000] {taskinstance.py:2866} INFO - Starting attempt 1 of 2
[2024-12-05T00:39:44.116+0000] {taskinstance.py:2889} INFO - Executing <Task(PythonOperator): scrape_mitele_schedule> on 2024-12-05 00:39:42.693199+00:00
[2024-12-05T00:39:44.121+0000] {warnings.py:112} WARNING - /home/***/.local/lib/python3.12/site-packages/***/task/task_runner/standard_task_runner.py:70: DeprecationWarning: This process (pid=132) is multi-threaded, use of fork() may lead to deadlocks in the child.
  pid = os.fork()

[2024-12-05T00:39:44.122+0000] {standard_task_runner.py:72} INFO - Started process 134 to run task
[2024-12-05T00:39:44.122+0000] {standard_task_runner.py:104} INFO - Running: ['***', 'tasks', 'run', 'mitele_schedule_scraper', 'scrape_mitele_schedule', 'manual__2024-12-05T00:39:42.693199+00:00', '--job-id', '563', '--raw', '--subdir', 'DAGS_FOLDER/dag_mitele.py', '--cfg-path', '/tmp/tmppow4xsio']
[2024-12-05T00:39:44.123+0000] {standard_task_runner.py:105} INFO - Job 563: Subtask scrape_mitele_schedule
[2024-12-05T00:39:44.150+0000] {task_command.py:467} INFO - Running <TaskInstance: mitele_schedule_scraper.scrape_mitele_schedule manual__2024-12-05T00:39:42.693199+00:00 [running]> on host d88abb179e8d
[2024-12-05T00:39:44.196+0000] {taskinstance.py:3132} INFO - Exporting env vars: AIRFLOW_CTX_DAG_OWNER='***' AIRFLOW_CTX_DAG_ID='mitele_schedule_scraper' AIRFLOW_CTX_TASK_ID='scrape_mitele_schedule' AIRFLOW_CTX_EXECUTION_DATE='2024-12-05T00:39:42.693199+00:00' AIRFLOW_CTX_TRY_NUMBER='1' AIRFLOW_CTX_DAG_RUN_ID='manual__2024-12-05T00:39:42.693199+00:00'
[2024-12-05T00:39:44.196+0000] {taskinstance.py:731} INFO - ::endgroup::
[2024-12-05T00:39:44.280+0000] {logging_mixin.py:190} INFO - Generando XML para el canal Telecinco
[2024-12-05T00:39:44.284+0000] {logging_mixin.py:190} INFO - Escrito el xml del canal "Telecinco"
[2024-12-05T00:39:45.980+0000] {logging_mixin.py:190} INFO - Archivo actualizado correctamente.
[2024-12-05T00:39:45.981+0000] {logging_mixin.py:190} INFO - Generando XML para el canal Cuatro
[2024-12-05T00:39:46.002+0000] {logging_mixin.py:190} INFO - Escrito el xml del canal "Cuatro"
[2024-12-05T00:39:47.736+0000] {logging_mixin.py:190} INFO - Archivo actualizado correctamente.
[2024-12-05T00:39:47.737+0000] {logging_mixin.py:190} INFO - Generando XML para el canal Gh 24h plus
[2024-12-05T00:39:47.739+0000] {logging_mixin.py:190} INFO - Escrito el xml del canal "Gh 24h plus"
[2024-12-05T00:39:50.699+0000] {logging_mixin.py:190} INFO - Error: 422 {"message": "Invalid request.\n\n\"sha\" wasn't supplied.", "documentation_url": "https://docs.github.com/rest/repos/contents#create-or-update-file-contents", "status": "422"}
[2024-12-05T00:39:50.700+0000] {logging_mixin.py:190} INFO - Generando XML para el canal Gh 24h
[2024-12-05T00:39:50.701+0000] {logging_mixin.py:190} INFO - Escrito el xml del canal "Gh 24h"
[2024-12-05T00:39:52.984+0000] {logging_mixin.py:190} INFO - Archivo actualizado correctamente.
[2024-12-05T00:39:52.985+0000] {logging_mixin.py:190} INFO - Generando XML para el canal Mitele en la calle
[2024-12-05T00:39:52.988+0000] {logging_mixin.py:190} INFO - Escrito el xml del canal "Mitele en la calle"
[2024-12-05T00:39:54.659+0000] {logging_mixin.py:190} INFO - Archivo actualizado correctamente.
[2024-12-05T00:39:54.659+0000] {logging_mixin.py:190} INFO - Generando XML para el canal Mitele viajes
[2024-12-05T00:39:54.663+0000] {logging_mixin.py:190} INFO - Escrito el xml del canal "Mitele viajes"
[2024-12-05T00:39:56.386+0000] {logging_mixin.py:190} INFO - Archivo actualizado correctamente.
[2024-12-05T00:39:56.387+0000] {logging_mixin.py:190} INFO - Generando XML para el canal Mitele plus lqsa
[2024-12-05T00:39:56.389+0000] {logging_mixin.py:190} INFO - Escrito el xml del canal "Mitele plus lqsa"
[2024-12-05T00:39:58.068+0000] {logging_mixin.py:190} INFO - Archivo actualizado correctamente.
[2024-12-05T00:39:58.069+0000] {logging_mixin.py:190} INFO - Generando XML para el canal Mitele comedia
[2024-12-05T00:39:58.072+0000] {logging_mixin.py:190} INFO - Escrito el xml del canal "Mitele comedia"
[2024-12-05T00:39:59.960+0000] {logging_mixin.py:190} INFO - Archivo actualizado correctamente.
[2024-12-05T00:39:59.961+0000] {logging_mixin.py:190} INFO - Generando XML para el canal Mitele top series
[2024-12-05T00:39:59.964+0000] {logging_mixin.py:190} INFO - Escrito el xml del canal "Mitele top series"
[2024-12-05T00:40:01.754+0000] {logging_mixin.py:190} INFO - Archivo actualizado correctamente.
[2024-12-05T00:40:01.754+0000] {logging_mixin.py:190} INFO - Generando XML para el canal Divinity
[2024-12-05T00:40:01.757+0000] {logging_mixin.py:190} INFO - Escrito el xml del canal "Divinity"
[2024-12-05T00:40:03.600+0000] {logging_mixin.py:190} INFO - Archivo actualizado correctamente.
[2024-12-05T00:40:03.600+0000] {logging_mixin.py:190} INFO - Generando XML para el canal Fdf
[2024-12-05T00:40:03.603+0000] {logging_mixin.py:190} INFO - Escrito el xml del canal "Fdf"
[2024-12-05T00:40:05.371+0000] {logging_mixin.py:190} INFO - Archivo actualizado correctamente.
[2024-12-05T00:40:05.371+0000] {logging_mixin.py:190} INFO - Generando XML para el canal Energy
[2024-12-05T00:40:05.374+0000] {logging_mixin.py:190} INFO - Escrito el xml del canal "Energy"
[2024-12-05T00:40:07.159+0000] {logging_mixin.py:190} INFO - Archivo actualizado correctamente.
[2024-12-05T00:40:07.159+0000] {logging_mixin.py:190} INFO - Generando XML para el canal Bemad
[2024-12-05T00:40:07.163+0000] {logging_mixin.py:190} INFO - Escrito el xml del canal "Bemad"
[2024-12-05T00:40:08.924+0000] {logging_mixin.py:190} INFO - Archivo actualizado correctamente.
[2024-12-05T00:40:08.924+0000] {logging_mixin.py:190} INFO - Generando XML para el canal Boing
[2024-12-05T00:40:08.929+0000] {logging_mixin.py:190} INFO - Escrito el xml del canal "Boing"
[2024-12-05T00:40:10.703+0000] {logging_mixin.py:190} INFO - Archivo actualizado correctamente.
[2024-12-05T00:40:10.704+0000] {logging_mixin.py:190} INFO - Generando XML para el canal Acontraplus
[2024-12-05T00:40:10.706+0000] {logging_mixin.py:190} INFO - Escrito el xml del canal "Acontraplus"
[2024-12-05T00:40:12.738+0000] {logging_mixin.py:190} INFO - Archivo actualizado correctamente.
[2024-12-05T00:40:12.739+0000] {logging_mixin.py:190} INFO - Generando XML para el canal Fight sports
[2024-12-05T00:40:12.742+0000] {logging_mixin.py:190} INFO - Escrito el xml del canal "Fight sports"
[2024-12-05T00:40:14.491+0000] {logging_mixin.py:190} INFO - Archivo actualizado correctamente.
[2024-12-05T00:40:14.492+0000] {logging_mixin.py:190} INFO - Generando XML para el canal Mtmad 24h
[2024-12-05T00:40:14.493+0000] {logging_mixin.py:190} INFO - Escrito el xml del canal "Mtmad 24h"
[2024-12-05T00:40:16.179+0000] {logging_mixin.py:190} INFO - Archivo actualizado correctamente.
[2024-12-05T00:40:16.180+0000] {python.py:240} INFO - Done. Returned value was: None
[2024-12-05T00:40:16.186+0000] {taskinstance.py:340} INFO - ::group::Post task execution logs
[2024-12-05T00:40:16.187+0000] {taskinstance.py:352} INFO - Marking task as SUCCESS. dag_id=mitele_schedule_scraper, task_id=scrape_mitele_schedule, run_id=manual__2024-12-05T00:39:42.693199+00:00, execution_date=20241205T003942, start_date=20241205T003944, end_date=20241205T004016
[2024-12-05T00:40:16.203+0000] {local_task_job_runner.py:266} INFO - Task exited with return code 0
[2024-12-05T00:40:16.216+0000] {taskinstance.py:3895} INFO - 1 downstream tasks scheduled from follow-on schedule check
[2024-12-05T00:40:16.217+0000] {local_task_job_runner.py:245} INFO - ::endgroup::
