[2024-12-05T00:36:57.385+0000] {local_task_job_runner.py:123} INFO - ::group::Pre task execution logs
[2024-12-05T00:36:57.397+0000] {taskinstance.py:2613} INFO - Dependencies all met for dep_context=non-requeueable deps ti=<TaskInstance: mitele_schedule_scraper.scrape_mitele_schedule manual__2024-12-05T00:36:56.303971+00:00 [queued]>
[2024-12-05T00:36:57.403+0000] {taskinstance.py:2613} INFO - Dependencies all met for dep_context=requeueable deps ti=<TaskInstance: mitele_schedule_scraper.scrape_mitele_schedule manual__2024-12-05T00:36:56.303971+00:00 [queued]>
[2024-12-05T00:36:57.404+0000] {taskinstance.py:2866} INFO - Starting attempt 1 of 2
[2024-12-05T00:36:57.413+0000] {taskinstance.py:2889} INFO - Executing <Task(PythonOperator): scrape_mitele_schedule> on 2024-12-05 00:36:56.303971+00:00
[2024-12-05T00:36:57.419+0000] {warnings.py:112} WARNING - /home/***/.local/lib/python3.12/site-packages/***/task/task_runner/standard_task_runner.py:70: DeprecationWarning: This process (pid=107) is multi-threaded, use of fork() may lead to deadlocks in the child.
  pid = os.fork()

[2024-12-05T00:36:57.420+0000] {standard_task_runner.py:72} INFO - Started process 115 to run task
[2024-12-05T00:36:57.420+0000] {standard_task_runner.py:104} INFO - Running: ['***', 'tasks', 'run', 'mitele_schedule_scraper', 'scrape_mitele_schedule', 'manual__2024-12-05T00:36:56.303971+00:00', '--job-id', '551', '--raw', '--subdir', 'DAGS_FOLDER/dag_mitele.py', '--cfg-path', '/tmp/tmpk43tur05']
[2024-12-05T00:36:57.421+0000] {standard_task_runner.py:105} INFO - Job 551: Subtask scrape_mitele_schedule
[2024-12-05T00:36:57.451+0000] {task_command.py:467} INFO - Running <TaskInstance: mitele_schedule_scraper.scrape_mitele_schedule manual__2024-12-05T00:36:56.303971+00:00 [running]> on host d88abb179e8d
[2024-12-05T00:36:57.505+0000] {taskinstance.py:3132} INFO - Exporting env vars: AIRFLOW_CTX_DAG_OWNER='***' AIRFLOW_CTX_DAG_ID='mitele_schedule_scraper' AIRFLOW_CTX_TASK_ID='scrape_mitele_schedule' AIRFLOW_CTX_EXECUTION_DATE='2024-12-05T00:36:56.303971+00:00' AIRFLOW_CTX_TRY_NUMBER='1' AIRFLOW_CTX_DAG_RUN_ID='manual__2024-12-05T00:36:56.303971+00:00'
[2024-12-05T00:36:57.506+0000] {taskinstance.py:731} INFO - ::endgroup::
[2024-12-05T00:37:00.431+0000] {logging_mixin.py:190} INFO - Generando XML para el canal Telecinco
[2024-12-05T00:37:00.434+0000] {logging_mixin.py:190} INFO - Escrito el xml del canal "Telecinco"
[2024-12-05T00:37:00.434+0000] {taskinstance.py:3311} ERROR - Task failed with exception
Traceback (most recent call last):
  File "/home/airflow/.local/lib/python3.12/site-packages/airflow/models/taskinstance.py", line 767, in _execute_task
    result = _execute_callable(context=context, **execute_callable_kwargs)
             ^^^^^^^^^^^^^^^^^^^^^^^^^^^^^^^^^^^^^^^^^^^^^^^^^^^^^^^^^^^^^
  File "/home/airflow/.local/lib/python3.12/site-packages/airflow/models/taskinstance.py", line 733, in _execute_callable
    return ExecutionCallableRunner(
           ^^^^^^^^^^^^^^^^^^^^^^^^
  File "/home/airflow/.local/lib/python3.12/site-packages/airflow/utils/operator_helpers.py", line 252, in run
    return self.func(*args, **kwargs)
           ^^^^^^^^^^^^^^^^^^^^^^^^^^
  File "/home/airflow/.local/lib/python3.12/site-packages/airflow/models/baseoperator.py", line 417, in wrapper
    return func(self, *args, **kwargs)
           ^^^^^^^^^^^^^^^^^^^^^^^^^^^
  File "/home/airflow/.local/lib/python3.12/site-packages/airflow/operators/python.py", line 238, in execute
    return_value = self.execute_callable()
                   ^^^^^^^^^^^^^^^^^^^^^^^
  File "/home/airflow/.local/lib/python3.12/site-packages/airflow/operators/python.py", line 256, in execute_callable
    return runner.run(*self.op_args, **self.op_kwargs)
           ^^^^^^^^^^^^^^^^^^^^^^^^^^^^^^^^^^^^^^^^^^^
  File "/home/airflow/.local/lib/python3.12/site-packages/airflow/utils/operator_helpers.py", line 252, in run
    return self.func(*args, **kwargs)
           ^^^^^^^^^^^^^^^^^^^^^^^^^^
  File "/opt/airflow/dags/dag_mitele.py", line 103, in scrape_mitele_schedule
    push_file_to_github(xmltv_local_path, xmltv_repo_path)
    ^^^^^^^^^^^^^^^^^^^
NameError: name 'push_file_to_github' is not defined. Did you mean: 'push_to_github'?
[2024-12-05T00:37:00.447+0000] {taskinstance.py:1225} INFO - Marking task as UP_FOR_RETRY. dag_id=mitele_schedule_scraper, task_id=scrape_mitele_schedule, run_id=manual__2024-12-05T00:36:56.303971+00:00, execution_date=20241205T003656, start_date=20241205T003657, end_date=20241205T003700
[2024-12-05T00:37:00.457+0000] {taskinstance.py:340} INFO - ::group::Post task execution logs
[2024-12-05T00:37:00.457+0000] {standard_task_runner.py:124} ERROR - Failed to execute job 551 for task scrape_mitele_schedule (name 'push_file_to_github' is not defined; 115)
Traceback (most recent call last):
  File "/home/airflow/.local/lib/python3.12/site-packages/airflow/task/task_runner/standard_task_runner.py", line 117, in _start_by_fork
    ret = args.func(args, dag=self.dag)
          ^^^^^^^^^^^^^^^^^^^^^^^^^^^^^
  File "/home/airflow/.local/lib/python3.12/site-packages/airflow/cli/cli_config.py", line 49, in command
    return func(*args, **kwargs)
           ^^^^^^^^^^^^^^^^^^^^^
  File "/home/airflow/.local/lib/python3.12/site-packages/airflow/utils/cli.py", line 116, in wrapper
    return f(*args, **kwargs)
           ^^^^^^^^^^^^^^^^^^
  File "/home/airflow/.local/lib/python3.12/site-packages/airflow/cli/commands/task_command.py", line 483, in task_run
    task_return_code = _run_task_by_selected_method(args, _dag, ti)
                       ^^^^^^^^^^^^^^^^^^^^^^^^^^^^^^^^^^^^^^^^^^^^
  File "/home/airflow/.local/lib/python3.12/site-packages/airflow/cli/commands/task_command.py", line 256, in _run_task_by_selected_method
    return _run_raw_task(args, ti)
           ^^^^^^^^^^^^^^^^^^^^^^^
  File "/home/airflow/.local/lib/python3.12/site-packages/airflow/cli/commands/task_command.py", line 341, in _run_raw_task
    return ti._run_raw_task(
           ^^^^^^^^^^^^^^^^^
  File "/home/airflow/.local/lib/python3.12/site-packages/airflow/utils/session.py", line 97, in wrapper
    return func(*args, session=session, **kwargs)
           ^^^^^^^^^^^^^^^^^^^^^^^^^^^^^^^^^^^^^^
  File "/home/airflow/.local/lib/python3.12/site-packages/airflow/models/taskinstance.py", line 3005, in _run_raw_task
    return _run_raw_task(
           ^^^^^^^^^^^^^^
  File "/home/airflow/.local/lib/python3.12/site-packages/airflow/models/taskinstance.py", line 273, in _run_raw_task
    TaskInstance._execute_task_with_callbacks(
  File "/home/airflow/.local/lib/python3.12/site-packages/airflow/models/taskinstance.py", line 3159, in _execute_task_with_callbacks
    result = self._execute_task(context, task_orig)
             ^^^^^^^^^^^^^^^^^^^^^^^^^^^^^^^^^^^^^^
  File "/home/airflow/.local/lib/python3.12/site-packages/airflow/models/taskinstance.py", line 3183, in _execute_task
    return _execute_task(self, context, task_orig)
           ^^^^^^^^^^^^^^^^^^^^^^^^^^^^^^^^^^^^^^^
  File "/home/airflow/.local/lib/python3.12/site-packages/airflow/models/taskinstance.py", line 767, in _execute_task
    result = _execute_callable(context=context, **execute_callable_kwargs)
             ^^^^^^^^^^^^^^^^^^^^^^^^^^^^^^^^^^^^^^^^^^^^^^^^^^^^^^^^^^^^^
  File "/home/airflow/.local/lib/python3.12/site-packages/airflow/models/taskinstance.py", line 733, in _execute_callable
    return ExecutionCallableRunner(
           ^^^^^^^^^^^^^^^^^^^^^^^^
  File "/home/airflow/.local/lib/python3.12/site-packages/airflow/utils/operator_helpers.py", line 252, in run
    return self.func(*args, **kwargs)
           ^^^^^^^^^^^^^^^^^^^^^^^^^^
  File "/home/airflow/.local/lib/python3.12/site-packages/airflow/models/baseoperator.py", line 417, in wrapper
    return func(self, *args, **kwargs)
           ^^^^^^^^^^^^^^^^^^^^^^^^^^^
  File "/home/airflow/.local/lib/python3.12/site-packages/airflow/operators/python.py", line 238, in execute
    return_value = self.execute_callable()
                   ^^^^^^^^^^^^^^^^^^^^^^^
  File "/home/airflow/.local/lib/python3.12/site-packages/airflow/operators/python.py", line 256, in execute_callable
    return runner.run(*self.op_args, **self.op_kwargs)
           ^^^^^^^^^^^^^^^^^^^^^^^^^^^^^^^^^^^^^^^^^^^
  File "/home/airflow/.local/lib/python3.12/site-packages/airflow/utils/operator_helpers.py", line 252, in run
    return self.func(*args, **kwargs)
           ^^^^^^^^^^^^^^^^^^^^^^^^^^
  File "/opt/airflow/dags/dag_mitele.py", line 103, in scrape_mitele_schedule
    push_file_to_github(xmltv_local_path, xmltv_repo_path)
    ^^^^^^^^^^^^^^^^^^^
NameError: name 'push_file_to_github' is not defined. Did you mean: 'push_to_github'?
[2024-12-05T00:37:00.482+0000] {local_task_job_runner.py:266} INFO - Task exited with return code 1
[2024-12-05T00:37:00.495+0000] {taskinstance.py:3895} INFO - 0 downstream tasks scheduled from follow-on schedule check
[2024-12-05T00:37:00.496+0000] {local_task_job_runner.py:245} INFO - ::endgroup::
