[2024-12-15T10:38:25.185+0000] {local_task_job_runner.py:123} INFO - ::group::Pre task execution logs
[2024-12-15T10:38:25.194+0000] {taskinstance.py:2613} INFO - Dependencies all met for dep_context=non-requeueable deps ti=<TaskInstance: a3media_schedule_scraper.scrape_a3media_task scheduled__2024-12-14T23:30:00+00:00 [queued]>
[2024-12-15T10:38:25.199+0000] {taskinstance.py:2613} INFO - Dependencies all met for dep_context=requeueable deps ti=<TaskInstance: a3media_schedule_scraper.scrape_a3media_task scheduled__2024-12-14T23:30:00+00:00 [queued]>
[2024-12-15T10:38:25.199+0000] {taskinstance.py:2866} INFO - Starting attempt 1 of 5
[2024-12-15T10:38:25.209+0000] {taskinstance.py:2889} INFO - Executing <Task(_PythonDecoratedOperator): scrape_a3media_task> on 2024-12-14 23:30:00+00:00
[2024-12-15T10:38:25.213+0000] {warnings.py:112} WARNING - /home/***/.local/lib/python3.12/site-packages/***/task/task_runner/standard_task_runner.py:70: DeprecationWarning: This process (pid=99) is multi-threaded, use of fork() may lead to deadlocks in the child.
  pid = os.fork()

[2024-12-15T10:38:25.214+0000] {standard_task_runner.py:72} INFO - Started process 104 to run task
[2024-12-15T10:38:25.214+0000] {standard_task_runner.py:104} INFO - Running: ['***', 'tasks', 'run', 'a3media_schedule_scraper', 'scrape_a3media_task', 'scheduled__2024-12-14T23:30:00+00:00', '--job-id', '2503', '--raw', '--subdir', 'DAGS_FOLDER/dag_atresmedia.py', '--cfg-path', '/tmp/tmpcnyxmcfe']
[2024-12-15T10:38:25.216+0000] {standard_task_runner.py:105} INFO - Job 2503: Subtask scrape_a3media_task
[2024-12-15T10:38:25.251+0000] {task_command.py:467} INFO - Running <TaskInstance: a3media_schedule_scraper.scrape_a3media_task scheduled__2024-12-14T23:30:00+00:00 [running]> on host b605548c7b8b
[2024-12-15T10:38:25.305+0000] {taskinstance.py:3132} INFO - Exporting env vars: AIRFLOW_CTX_DAG_OWNER='***' AIRFLOW_CTX_DAG_ID='a3media_schedule_scraper' AIRFLOW_CTX_TASK_ID='scrape_a3media_task' AIRFLOW_CTX_EXECUTION_DATE='2024-12-14T23:30:00+00:00' AIRFLOW_CTX_TRY_NUMBER='1' AIRFLOW_CTX_DAG_RUN_ID='scheduled__2024-12-14T23:30:00+00:00'
[2024-12-15T10:38:25.306+0000] {taskinstance.py:731} INFO - ::endgroup::
[2024-12-15T10:38:25.413+0000] {logging_mixin.py:190} INFO - https://api.atresplayer.com/client/v1/row/programming/5a6a165a7ed1a834493ebf6a?date=14-12-2024
[2024-12-15T10:38:25.455+0000] {logging_mixin.py:190} INFO - https://api.atresplayer.com/client/v1/row/programming/5a6a165a7ed1a834493ebf6a?date=15-12-2024
[2024-12-15T10:38:25.683+0000] {logging_mixin.py:190} INFO - https://api.atresplayer.com/client/v1/row/programming/5a6a165a7ed1a834493ebf6a?date=16-12-2024
[2024-12-15T10:38:25.739+0000] {logging_mixin.py:190} INFO - Escrito el xmltv del canal "Antena 3"
[2024-12-15T10:38:28.733+0000] {logging_mixin.py:190} INFO - Error: 422 {"message": "Invalid request.\n\n\"sha\" wasn't supplied.", "documentation_url": "https://docs.github.com/rest/repos/contents#create-or-update-file-contents", "status": "422"}
[2024-12-15T10:38:28.734+0000] {logging_mixin.py:190} INFO - https://api.atresplayer.com/client/v1/row/programming/5a6a172c7ed1a834493ebf6b?date=14-12-2024
[2024-12-15T10:38:28.768+0000] {logging_mixin.py:190} INFO - https://api.atresplayer.com/client/v1/row/programming/5a6a172c7ed1a834493ebf6b?date=15-12-2024
[2024-12-15T10:38:28.939+0000] {logging_mixin.py:190} INFO - https://api.atresplayer.com/client/v1/row/programming/5a6a172c7ed1a834493ebf6b?date=16-12-2024
[2024-12-15T10:38:28.976+0000] {logging_mixin.py:190} INFO - Escrito el xmltv del canal "laSexta"
[2024-12-15T10:38:30.683+0000] {logging_mixin.py:190} INFO - Archivo actualizado correctamente.
[2024-12-15T10:38:30.684+0000] {logging_mixin.py:190} INFO - https://api.atresplayer.com/client/v1/row/programming/5a6a17da7ed1a834493ebf6d?date=14-12-2024
[2024-12-15T10:38:30.719+0000] {logging_mixin.py:190} INFO - https://api.atresplayer.com/client/v1/row/programming/5a6a17da7ed1a834493ebf6d?date=15-12-2024
[2024-12-15T10:38:30.885+0000] {logging_mixin.py:190} INFO - https://api.atresplayer.com/client/v1/row/programming/5a6a17da7ed1a834493ebf6d?date=16-12-2024
[2024-12-15T10:38:30.926+0000] {logging_mixin.py:190} INFO - Escrito el xmltv del canal "Neox"
[2024-12-15T10:38:32.674+0000] {logging_mixin.py:190} INFO - Archivo actualizado correctamente.
[2024-12-15T10:38:32.675+0000] {logging_mixin.py:190} INFO - https://api.atresplayer.com/client/v1/row/programming/5a6a180b7ed1a834493ebf6e?date=14-12-2024
[2024-12-15T10:38:32.711+0000] {logging_mixin.py:190} INFO - https://api.atresplayer.com/client/v1/row/programming/5a6a180b7ed1a834493ebf6e?date=15-12-2024
[2024-12-15T10:38:32.749+0000] {logging_mixin.py:190} INFO - https://api.atresplayer.com/client/v1/row/programming/5a6a180b7ed1a834493ebf6e?date=16-12-2024
[2024-12-15T10:38:32.791+0000] {logging_mixin.py:190} INFO - Escrito el xmltv del canal "Nova"
[2024-12-15T10:38:34.510+0000] {logging_mixin.py:190} INFO - Archivo actualizado correctamente.
[2024-12-15T10:38:34.510+0000] {logging_mixin.py:190} INFO - https://api.atresplayer.com/client/v1/row/programming/5a6a18357ed1a834493ebf6f?date=14-12-2024
[2024-12-15T10:38:34.546+0000] {logging_mixin.py:190} INFO - https://api.atresplayer.com/client/v1/row/programming/5a6a18357ed1a834493ebf6f?date=15-12-2024
[2024-12-15T10:38:34.581+0000] {logging_mixin.py:190} INFO - https://api.atresplayer.com/client/v1/row/programming/5a6a18357ed1a834493ebf6f?date=16-12-2024
[2024-12-15T10:38:34.620+0000] {logging_mixin.py:190} INFO - Escrito el xmltv del canal "Mega"
[2024-12-15T10:38:36.401+0000] {logging_mixin.py:190} INFO - Archivo actualizado correctamente.
[2024-12-15T10:38:36.402+0000] {logging_mixin.py:190} INFO - https://api.atresplayer.com/client/v1/row/programming/5a6a189a7ed1a834493ebf70?date=14-12-2024
[2024-12-15T10:38:36.441+0000] {logging_mixin.py:190} INFO - https://api.atresplayer.com/client/v1/row/programming/5a6a189a7ed1a834493ebf70?date=15-12-2024
[2024-12-15T10:38:36.635+0000] {logging_mixin.py:190} INFO - https://api.atresplayer.com/client/v1/row/programming/5a6a189a7ed1a834493ebf70?date=16-12-2024
[2024-12-15T10:38:36.673+0000] {logging_mixin.py:190} INFO - Escrito el xmltv del canal "Atreseries"
[2024-12-15T10:38:38.676+0000] {logging_mixin.py:190} INFO - Archivo actualizado correctamente.
[2024-12-15T10:38:38.676+0000] {python.py:240} INFO - Done. Returned value was: None
[2024-12-15T10:38:38.682+0000] {taskinstance.py:340} INFO - ::group::Post task execution logs
[2024-12-15T10:38:38.682+0000] {taskinstance.py:352} INFO - Marking task as SUCCESS. dag_id=a3media_schedule_scraper, task_id=scrape_a3media_task, run_id=scheduled__2024-12-14T23:30:00+00:00, execution_date=20241214T233000, start_date=20241215T103825, end_date=20241215T103838
[2024-12-15T10:38:38.713+0000] {local_task_job_runner.py:266} INFO - Task exited with return code 0
[2024-12-15T10:38:38.726+0000] {taskinstance.py:3895} INFO - 1 downstream tasks scheduled from follow-on schedule check
[2024-12-15T10:38:38.728+0000] {local_task_job_runner.py:245} INFO - ::endgroup::
