[2024-12-08T11:30:44.726+0000] {local_task_job_runner.py:123} INFO - ::group::Pre task execution logs
[2024-12-08T11:30:44.735+0000] {taskinstance.py:2613} INFO - Dependencies all met for dep_context=non-requeueable deps ti=<TaskInstance: mediaset_schedule_scraper.push_all_in_one scheduled__2024-12-08T05:30:00+00:00 [queued]>
[2024-12-08T11:30:44.740+0000] {taskinstance.py:2613} INFO - Dependencies all met for dep_context=requeueable deps ti=<TaskInstance: mediaset_schedule_scraper.push_all_in_one scheduled__2024-12-08T05:30:00+00:00 [queued]>
[2024-12-08T11:30:44.740+0000] {taskinstance.py:2866} INFO - Starting attempt 1 of 5
[2024-12-08T11:30:44.746+0000] {taskinstance.py:2889} INFO - Executing <Task(_PythonDecoratedOperator): push_all_in_one> on 2024-12-08 05:30:00+00:00
[2024-12-08T11:30:44.751+0000] {warnings.py:112} WARNING - /home/***/.local/lib/python3.12/site-packages/***/task/task_runner/standard_task_runner.py:70: DeprecationWarning: This process (pid=1400) is multi-threaded, use of fork() may lead to deadlocks in the child.
  pid = os.fork()

[2024-12-08T11:30:44.752+0000] {standard_task_runner.py:72} INFO - Started process 1401 to run task
[2024-12-08T11:30:44.752+0000] {standard_task_runner.py:104} INFO - Running: ['***', 'tasks', 'run', 'mediaset_schedule_scraper', 'push_all_in_one', 'scheduled__2024-12-08T05:30:00+00:00', '--job-id', '2143', '--raw', '--subdir', 'DAGS_FOLDER/dag_mediaset.py', '--cfg-path', '/tmp/tmp9kkaxk20']
[2024-12-08T11:30:44.754+0000] {standard_task_runner.py:105} INFO - Job 2143: Subtask push_all_in_one
[2024-12-08T11:30:44.777+0000] {task_command.py:467} INFO - Running <TaskInstance: mediaset_schedule_scraper.push_all_in_one scheduled__2024-12-08T05:30:00+00:00 [running]> on host b605548c7b8b
[2024-12-08T11:30:44.815+0000] {taskinstance.py:3132} INFO - Exporting env vars: AIRFLOW_CTX_DAG_OWNER='***' AIRFLOW_CTX_DAG_ID='mediaset_schedule_scraper' AIRFLOW_CTX_TASK_ID='push_all_in_one' AIRFLOW_CTX_EXECUTION_DATE='2024-12-08T05:30:00+00:00' AIRFLOW_CTX_TRY_NUMBER='1' AIRFLOW_CTX_DAG_RUN_ID='scheduled__2024-12-08T05:30:00+00:00'
[2024-12-08T11:30:44.816+0000] {taskinstance.py:731} INFO - ::endgroup::
[2024-12-08T11:30:47.051+0000] {logging_mixin.py:190} INFO - Archivo actualizado correctamente.
[2024-12-08T11:30:47.052+0000] {python.py:240} INFO - Done. Returned value was: None
[2024-12-08T11:30:47.062+0000] {taskinstance.py:340} INFO - ::group::Post task execution logs
[2024-12-08T11:30:47.062+0000] {taskinstance.py:352} INFO - Marking task as SUCCESS. dag_id=mediaset_schedule_scraper, task_id=push_all_in_one, run_id=scheduled__2024-12-08T05:30:00+00:00, execution_date=20241208T053000, start_date=20241208T113044, end_date=20241208T113047
[2024-12-08T11:30:47.093+0000] {local_task_job_runner.py:266} INFO - Task exited with return code 0
[2024-12-08T11:30:47.103+0000] {taskinstance.py:3895} INFO - 0 downstream tasks scheduled from follow-on schedule check
[2024-12-08T11:30:47.104+0000] {local_task_job_runner.py:245} INFO - ::endgroup::
