[2024-12-05T23:23:12.438+0000] {local_task_job_runner.py:123} INFO - ::group::Pre task execution logs
[2024-12-05T23:23:12.447+0000] {taskinstance.py:2613} INFO - Dependencies all met for dep_context=non-requeueable deps ti=<TaskInstance: rtve_canarias_schedule_scraper.merge_all_xml_task manual__2024-12-05T23:22:59.872545+00:00 [queued]>
[2024-12-05T23:23:12.452+0000] {taskinstance.py:2613} INFO - Dependencies all met for dep_context=requeueable deps ti=<TaskInstance: rtve_canarias_schedule_scraper.merge_all_xml_task manual__2024-12-05T23:22:59.872545+00:00 [queued]>
[2024-12-05T23:23:12.453+0000] {taskinstance.py:2866} INFO - Starting attempt 1 of 2
[2024-12-05T23:23:12.460+0000] {taskinstance.py:2889} INFO - Executing <Task(PythonOperator): merge_all_xml_task> on 2024-12-05 23:22:59.872545+00:00
[2024-12-05T23:23:12.464+0000] {warnings.py:112} WARNING - /home/***/.local/lib/python3.12/site-packages/***/task/task_runner/standard_task_runner.py:70: DeprecationWarning: This process (pid=220) is multi-threaded, use of fork() may lead to deadlocks in the child.
  pid = os.fork()

[2024-12-05T23:23:12.464+0000] {standard_task_runner.py:72} INFO - Started process 221 to run task
[2024-12-05T23:23:12.465+0000] {standard_task_runner.py:104} INFO - Running: ['***', 'tasks', 'run', 'rtve_canarias_schedule_scraper', 'merge_all_xml_task', 'manual__2024-12-05T23:22:59.872545+00:00', '--job-id', '609', '--raw', '--subdir', 'DAGS_FOLDER/dag_rtve_canarias_selenium.py', '--cfg-path', '/tmp/tmp_y_ilwbv']
[2024-12-05T23:23:12.466+0000] {standard_task_runner.py:105} INFO - Job 609: Subtask merge_all_xml_task
[2024-12-05T23:23:12.496+0000] {task_command.py:467} INFO - Running <TaskInstance: rtve_canarias_schedule_scraper.merge_all_xml_task manual__2024-12-05T23:22:59.872545+00:00 [running]> on host d88abb179e8d
[2024-12-05T23:23:12.543+0000] {taskinstance.py:3132} INFO - Exporting env vars: AIRFLOW_CTX_DAG_OWNER='***' AIRFLOW_CTX_DAG_ID='rtve_canarias_schedule_scraper' AIRFLOW_CTX_TASK_ID='merge_all_xml_task' AIRFLOW_CTX_EXECUTION_DATE='2024-12-05T23:22:59.872545+00:00' AIRFLOW_CTX_TRY_NUMBER='1' AIRFLOW_CTX_DAG_RUN_ID='manual__2024-12-05T23:22:59.872545+00:00'
[2024-12-05T23:23:12.544+0000] {taskinstance.py:731} INFO - ::endgroup::
[2024-12-05T23:23:12.789+0000] {logging_mixin.py:190} INFO - [INFO] Generado el archivo "all_in_one.xml"
[2024-12-05T23:23:12.791+0000] {python.py:240} INFO - Done. Returned value was: None
[2024-12-05T23:23:12.796+0000] {taskinstance.py:340} INFO - ::group::Post task execution logs
[2024-12-05T23:23:12.797+0000] {taskinstance.py:352} INFO - Marking task as SUCCESS. dag_id=rtve_canarias_schedule_scraper, task_id=merge_all_xml_task, run_id=manual__2024-12-05T23:22:59.872545+00:00, execution_date=20241205T232259, start_date=20241205T232312, end_date=20241205T232312
[2024-12-05T23:23:12.838+0000] {local_task_job_runner.py:266} INFO - Task exited with return code 0
[2024-12-05T23:23:12.850+0000] {taskinstance.py:3895} INFO - 1 downstream tasks scheduled from follow-on schedule check
[2024-12-05T23:23:12.851+0000] {local_task_job_runner.py:245} INFO - ::endgroup::
