[2024-12-09T14:56:47.454+0000] {local_task_job_runner.py:123} INFO - ::group::Pre task execution logs
[2024-12-09T14:56:47.461+0000] {taskinstance.py:2613} INFO - Dependencies all met for dep_context=non-requeueable deps ti=<TaskInstance: a3media_schedule_scraper.merge_all_xml scheduled__2024-12-09T05:30:00+00:00 [queued]>
[2024-12-09T14:56:47.465+0000] {taskinstance.py:2613} INFO - Dependencies all met for dep_context=requeueable deps ti=<TaskInstance: a3media_schedule_scraper.merge_all_xml scheduled__2024-12-09T05:30:00+00:00 [queued]>
[2024-12-09T14:56:47.466+0000] {taskinstance.py:2866} INFO - Starting attempt 1 of 5
[2024-12-09T14:56:47.472+0000] {taskinstance.py:2889} INFO - Executing <Task(_PythonDecoratedOperator): merge_all_xml> on 2024-12-09 05:30:00+00:00
[2024-12-09T14:56:47.476+0000] {warnings.py:112} WARNING - /home/***/.local/lib/python3.12/site-packages/***/task/task_runner/standard_task_runner.py:70: DeprecationWarning: This process (pid=176) is multi-threaded, use of fork() may lead to deadlocks in the child.
  pid = os.fork()

[2024-12-09T14:56:47.476+0000] {standard_task_runner.py:72} INFO - Started process 177 to run task
[2024-12-09T14:56:47.477+0000] {standard_task_runner.py:104} INFO - Running: ['***', 'tasks', 'run', 'a3media_schedule_scraper', 'merge_all_xml', 'scheduled__2024-12-09T05:30:00+00:00', '--job-id', '2208', '--raw', '--subdir', 'DAGS_FOLDER/dag_atresmedia.py', '--cfg-path', '/tmp/tmpl5ltx7rf']
[2024-12-09T14:56:47.478+0000] {standard_task_runner.py:105} INFO - Job 2208: Subtask merge_all_xml
[2024-12-09T14:56:47.502+0000] {task_command.py:467} INFO - Running <TaskInstance: a3media_schedule_scraper.merge_all_xml scheduled__2024-12-09T05:30:00+00:00 [running]> on host b605548c7b8b
[2024-12-09T14:56:47.543+0000] {taskinstance.py:3132} INFO - Exporting env vars: AIRFLOW_CTX_DAG_OWNER='***' AIRFLOW_CTX_DAG_ID='a3media_schedule_scraper' AIRFLOW_CTX_TASK_ID='merge_all_xml' AIRFLOW_CTX_EXECUTION_DATE='2024-12-09T05:30:00+00:00' AIRFLOW_CTX_TRY_NUMBER='1' AIRFLOW_CTX_DAG_RUN_ID='scheduled__2024-12-09T05:30:00+00:00'
[2024-12-09T14:56:47.544+0000] {taskinstance.py:731} INFO - ::endgroup::
[2024-12-09T14:56:47.657+0000] {logging_mixin.py:190} INFO - [INFO] Generado el archivo "all_in_one.xml"
[2024-12-09T14:56:47.659+0000] {python.py:240} INFO - Done. Returned value was: None
[2024-12-09T14:56:47.664+0000] {taskinstance.py:340} INFO - ::group::Post task execution logs
[2024-12-09T14:56:47.665+0000] {taskinstance.py:352} INFO - Marking task as SUCCESS. dag_id=a3media_schedule_scraper, task_id=merge_all_xml, run_id=scheduled__2024-12-09T05:30:00+00:00, execution_date=20241209T053000, start_date=20241209T145647, end_date=20241209T145647
[2024-12-09T14:56:47.770+0000] {local_task_job_runner.py:266} INFO - Task exited with return code 0
[2024-12-09T14:56:47.781+0000] {taskinstance.py:3895} INFO - 1 downstream tasks scheduled from follow-on schedule check
[2024-12-09T14:56:47.782+0000] {local_task_job_runner.py:245} INFO - ::endgroup::
