[2024-12-23T17:30:00.866+0000] {local_task_job_runner.py:123} INFO - ::group::Pre task execution logs
[2024-12-23T17:30:00.878+0000] {taskinstance.py:2613} INFO - Dependencies all met for dep_context=non-requeueable deps ti=<TaskInstance: a3media_schedule_scraper.scrape_a3media_task scheduled__2024-12-23T11:30:00+00:00 [queued]>
[2024-12-23T17:30:00.884+0000] {taskinstance.py:2613} INFO - Dependencies all met for dep_context=requeueable deps ti=<TaskInstance: a3media_schedule_scraper.scrape_a3media_task scheduled__2024-12-23T11:30:00+00:00 [queued]>
[2024-12-23T17:30:00.884+0000] {taskinstance.py:2866} INFO - Starting attempt 1 of 5
[2024-12-23T17:30:00.892+0000] {taskinstance.py:2889} INFO - Executing <Task(_PythonDecoratedOperator): scrape_a3media_task> on 2024-12-23 11:30:00+00:00
[2024-12-23T17:30:00.897+0000] {warnings.py:112} WARNING - /home/***/.local/lib/python3.12/site-packages/***/task/task_runner/standard_task_runner.py:70: DeprecationWarning: This process (pid=6396) is multi-threaded, use of fork() may lead to deadlocks in the child.
  pid = os.fork()

[2024-12-23T17:30:00.898+0000] {standard_task_runner.py:72} INFO - Started process 6397 to run task
[2024-12-23T17:30:00.898+0000] {standard_task_runner.py:104} INFO - Running: ['***', 'tasks', 'run', 'a3media_schedule_scraper', 'scrape_a3media_task', 'scheduled__2024-12-23T11:30:00+00:00', '--job-id', '2673', '--raw', '--subdir', 'DAGS_FOLDER/dag_atresmedia.py', '--cfg-path', '/tmp/tmpgs156zc_']
[2024-12-23T17:30:00.900+0000] {standard_task_runner.py:105} INFO - Job 2673: Subtask scrape_a3media_task
[2024-12-23T17:30:00.934+0000] {task_command.py:467} INFO - Running <TaskInstance: a3media_schedule_scraper.scrape_a3media_task scheduled__2024-12-23T11:30:00+00:00 [running]> on host b605548c7b8b
[2024-12-23T17:30:01.001+0000] {taskinstance.py:3132} INFO - Exporting env vars: AIRFLOW_CTX_DAG_OWNER='***' AIRFLOW_CTX_DAG_ID='a3media_schedule_scraper' AIRFLOW_CTX_TASK_ID='scrape_a3media_task' AIRFLOW_CTX_EXECUTION_DATE='2024-12-23T11:30:00+00:00' AIRFLOW_CTX_TRY_NUMBER='1' AIRFLOW_CTX_DAG_RUN_ID='scheduled__2024-12-23T11:30:00+00:00'
[2024-12-23T17:30:01.002+0000] {taskinstance.py:731} INFO - ::endgroup::
[2024-12-23T17:30:01.136+0000] {logging_mixin.py:190} INFO - https://api.atresplayer.com/client/v1/row/programming/5a6a165a7ed1a834493ebf6a?date=22-12-2024
[2024-12-23T17:30:01.171+0000] {logging_mixin.py:190} INFO - https://api.atresplayer.com/client/v1/row/programming/5a6a165a7ed1a834493ebf6a?date=23-12-2024
[2024-12-23T17:30:01.207+0000] {logging_mixin.py:190} INFO - https://api.atresplayer.com/client/v1/row/programming/5a6a165a7ed1a834493ebf6a?date=24-12-2024
[2024-12-23T17:30:01.247+0000] {logging_mixin.py:190} INFO - Escrito el xmltv del canal "Antena 3"
[2024-12-23T17:30:03.282+0000] {logging_mixin.py:190} INFO - Archivo actualizado correctamente.
[2024-12-23T17:30:03.283+0000] {logging_mixin.py:190} INFO - https://api.atresplayer.com/client/v1/row/programming/5a6a172c7ed1a834493ebf6b?date=22-12-2024
[2024-12-23T17:30:03.321+0000] {logging_mixin.py:190} INFO - https://api.atresplayer.com/client/v1/row/programming/5a6a172c7ed1a834493ebf6b?date=23-12-2024
[2024-12-23T17:30:03.355+0000] {logging_mixin.py:190} INFO - https://api.atresplayer.com/client/v1/row/programming/5a6a172c7ed1a834493ebf6b?date=24-12-2024
[2024-12-23T17:30:03.395+0000] {logging_mixin.py:190} INFO - Escrito el xmltv del canal "laSexta"
[2024-12-23T17:30:05.219+0000] {logging_mixin.py:190} INFO - Archivo actualizado correctamente.
[2024-12-23T17:30:05.220+0000] {logging_mixin.py:190} INFO - https://api.atresplayer.com/client/v1/row/programming/5a6a17da7ed1a834493ebf6d?date=22-12-2024
[2024-12-23T17:30:05.255+0000] {logging_mixin.py:190} INFO - https://api.atresplayer.com/client/v1/row/programming/5a6a17da7ed1a834493ebf6d?date=23-12-2024
[2024-12-23T17:30:05.292+0000] {logging_mixin.py:190} INFO - https://api.atresplayer.com/client/v1/row/programming/5a6a17da7ed1a834493ebf6d?date=24-12-2024
[2024-12-23T17:30:05.334+0000] {logging_mixin.py:190} INFO - Escrito el xmltv del canal "Neox"
[2024-12-23T17:30:07.183+0000] {logging_mixin.py:190} INFO - Archivo actualizado correctamente.
[2024-12-23T17:30:07.184+0000] {logging_mixin.py:190} INFO - https://api.atresplayer.com/client/v1/row/programming/5a6a180b7ed1a834493ebf6e?date=22-12-2024
[2024-12-23T17:30:07.220+0000] {logging_mixin.py:190} INFO - https://api.atresplayer.com/client/v1/row/programming/5a6a180b7ed1a834493ebf6e?date=23-12-2024
[2024-12-23T17:30:07.255+0000] {logging_mixin.py:190} INFO - https://api.atresplayer.com/client/v1/row/programming/5a6a180b7ed1a834493ebf6e?date=24-12-2024
[2024-12-23T17:30:07.294+0000] {logging_mixin.py:190} INFO - Escrito el xmltv del canal "Nova"
[2024-12-23T17:30:09.289+0000] {logging_mixin.py:190} INFO - Archivo actualizado correctamente.
[2024-12-23T17:30:09.290+0000] {logging_mixin.py:190} INFO - https://api.atresplayer.com/client/v1/row/programming/5a6a18357ed1a834493ebf6f?date=22-12-2024
[2024-12-23T17:30:09.326+0000] {logging_mixin.py:190} INFO - https://api.atresplayer.com/client/v1/row/programming/5a6a18357ed1a834493ebf6f?date=23-12-2024
[2024-12-23T17:30:09.364+0000] {logging_mixin.py:190} INFO - https://api.atresplayer.com/client/v1/row/programming/5a6a18357ed1a834493ebf6f?date=24-12-2024
[2024-12-23T17:30:09.402+0000] {logging_mixin.py:190} INFO - Escrito el xmltv del canal "Mega"
[2024-12-23T17:30:11.335+0000] {logging_mixin.py:190} INFO - Archivo actualizado correctamente.
[2024-12-23T17:30:11.336+0000] {logging_mixin.py:190} INFO - https://api.atresplayer.com/client/v1/row/programming/5a6a189a7ed1a834493ebf70?date=22-12-2024
[2024-12-23T17:30:11.370+0000] {logging_mixin.py:190} INFO - https://api.atresplayer.com/client/v1/row/programming/5a6a189a7ed1a834493ebf70?date=23-12-2024
[2024-12-23T17:30:11.405+0000] {logging_mixin.py:190} INFO - https://api.atresplayer.com/client/v1/row/programming/5a6a189a7ed1a834493ebf70?date=24-12-2024
[2024-12-23T17:30:11.442+0000] {logging_mixin.py:190} INFO - Escrito el xmltv del canal "Atreseries"
[2024-12-23T17:30:13.235+0000] {logging_mixin.py:190} INFO - Archivo actualizado correctamente.
[2024-12-23T17:30:13.238+0000] {python.py:240} INFO - Done. Returned value was: None
[2024-12-23T17:30:13.247+0000] {taskinstance.py:340} INFO - ::group::Post task execution logs
[2024-12-23T17:30:13.248+0000] {taskinstance.py:352} INFO - Marking task as SUCCESS. dag_id=a3media_schedule_scraper, task_id=scrape_a3media_task, run_id=scheduled__2024-12-23T11:30:00+00:00, execution_date=20241223T113000, start_date=20241223T173000, end_date=20241223T173013
[2024-12-23T17:30:13.267+0000] {local_task_job_runner.py:266} INFO - Task exited with return code 0
[2024-12-23T17:30:13.280+0000] {taskinstance.py:3895} INFO - 1 downstream tasks scheduled from follow-on schedule check
[2024-12-23T17:30:13.281+0000] {local_task_job_runner.py:245} INFO - ::endgroup::
