[2024-12-04T23:50:47.072+0000] {processor.py:186} INFO - Started process (PID=84) to work on /opt/airflow/dags/tasks/MergeAllXML.py
[2024-12-04T23:50:47.072+0000] {processor.py:914} INFO - Processing file /opt/airflow/dags/tasks/MergeAllXML.py for tasks to queue
[2024-12-04T23:50:47.076+0000] {logging_mixin.py:190} INFO - [2024-12-04T23:50:47.076+0000] {dagbag.py:588} INFO - Filling up the DagBag from /opt/airflow/dags/tasks/MergeAllXML.py
[2024-12-04T23:50:47.092+0000] {processor.py:927} WARNING - No viable dags retrieved from /opt/airflow/dags/tasks/MergeAllXML.py
[2024-12-04T23:50:47.112+0000] {processor.py:208} INFO - Processing /opt/airflow/dags/tasks/MergeAllXML.py took 0.047 seconds
[2024-12-04T23:51:17.332+0000] {processor.py:186} INFO - Started process (PID=96) to work on /opt/airflow/dags/tasks/MergeAllXML.py
[2024-12-04T23:51:17.348+0000] {processor.py:914} INFO - Processing file /opt/airflow/dags/tasks/MergeAllXML.py for tasks to queue
[2024-12-04T23:51:17.355+0000] {logging_mixin.py:190} INFO - [2024-12-04T23:51:17.350+0000] {dagbag.py:588} INFO - Filling up the DagBag from /opt/airflow/dags/tasks/MergeAllXML.py
[2024-12-04T23:51:17.371+0000] {processor.py:927} WARNING - No viable dags retrieved from /opt/airflow/dags/tasks/MergeAllXML.py
[2024-12-04T23:51:17.387+0000] {processor.py:208} INFO - Processing /opt/airflow/dags/tasks/MergeAllXML.py took 0.063 seconds
[2024-12-04T23:51:48.206+0000] {processor.py:186} INFO - Started process (PID=109) to work on /opt/airflow/dags/tasks/MergeAllXML.py
[2024-12-04T23:51:48.352+0000] {processor.py:914} INFO - Processing file /opt/airflow/dags/tasks/MergeAllXML.py for tasks to queue
[2024-12-04T23:51:48.355+0000] {logging_mixin.py:190} INFO - [2024-12-04T23:51:48.355+0000] {dagbag.py:588} INFO - Filling up the DagBag from /opt/airflow/dags/tasks/MergeAllXML.py
[2024-12-04T23:51:48.387+0000] {processor.py:927} WARNING - No viable dags retrieved from /opt/airflow/dags/tasks/MergeAllXML.py
[2024-12-04T23:51:48.414+0000] {processor.py:208} INFO - Processing /opt/airflow/dags/tasks/MergeAllXML.py took 0.212 seconds
[2024-12-04T23:53:08.586+0000] {processor.py:186} INFO - Started process (PID=85) to work on /opt/airflow/dags/tasks/MergeAllXML.py
[2024-12-04T23:53:08.588+0000] {processor.py:914} INFO - Processing file /opt/airflow/dags/tasks/MergeAllXML.py for tasks to queue
[2024-12-04T23:53:08.593+0000] {logging_mixin.py:190} INFO - [2024-12-04T23:53:08.593+0000] {dagbag.py:588} INFO - Filling up the DagBag from /opt/airflow/dags/tasks/MergeAllXML.py
[2024-12-04T23:53:08.605+0000] {processor.py:927} WARNING - No viable dags retrieved from /opt/airflow/dags/tasks/MergeAllXML.py
[2024-12-04T23:53:08.631+0000] {processor.py:208} INFO - Processing /opt/airflow/dags/tasks/MergeAllXML.py took 0.059 seconds
[2024-12-04T23:53:38.858+0000] {processor.py:186} INFO - Started process (PID=96) to work on /opt/airflow/dags/tasks/MergeAllXML.py
[2024-12-04T23:53:38.904+0000] {processor.py:914} INFO - Processing file /opt/airflow/dags/tasks/MergeAllXML.py for tasks to queue
[2024-12-04T23:53:38.906+0000] {logging_mixin.py:190} INFO - [2024-12-04T23:53:38.906+0000] {dagbag.py:588} INFO - Filling up the DagBag from /opt/airflow/dags/tasks/MergeAllXML.py
[2024-12-04T23:53:38.916+0000] {processor.py:927} WARNING - No viable dags retrieved from /opt/airflow/dags/tasks/MergeAllXML.py
[2024-12-04T23:53:38.928+0000] {processor.py:208} INFO - Processing /opt/airflow/dags/tasks/MergeAllXML.py took 0.077 seconds
[2024-12-04T23:54:41.655+0000] {processor.py:186} INFO - Started process (PID=78) to work on /opt/airflow/dags/tasks/MergeAllXML.py
[2024-12-04T23:54:41.656+0000] {processor.py:914} INFO - Processing file /opt/airflow/dags/tasks/MergeAllXML.py for tasks to queue
[2024-12-04T23:54:41.659+0000] {logging_mixin.py:190} INFO - [2024-12-04T23:54:41.658+0000] {dagbag.py:588} INFO - Filling up the DagBag from /opt/airflow/dags/tasks/MergeAllXML.py
[2024-12-04T23:54:41.673+0000] {processor.py:927} WARNING - No viable dags retrieved from /opt/airflow/dags/tasks/MergeAllXML.py
[2024-12-04T23:54:41.683+0000] {processor.py:208} INFO - Processing /opt/airflow/dags/tasks/MergeAllXML.py took 0.031 seconds
[2024-12-04T23:55:12.779+0000] {processor.py:186} INFO - Started process (PID=90) to work on /opt/airflow/dags/tasks/MergeAllXML.py
[2024-12-04T23:55:12.814+0000] {processor.py:914} INFO - Processing file /opt/airflow/dags/tasks/MergeAllXML.py for tasks to queue
[2024-12-04T23:55:12.816+0000] {logging_mixin.py:190} INFO - [2024-12-04T23:55:12.815+0000] {dagbag.py:588} INFO - Filling up the DagBag from /opt/airflow/dags/tasks/MergeAllXML.py
[2024-12-04T23:55:12.844+0000] {processor.py:927} WARNING - No viable dags retrieved from /opt/airflow/dags/tasks/MergeAllXML.py
[2024-12-04T23:55:12.863+0000] {processor.py:208} INFO - Processing /opt/airflow/dags/tasks/MergeAllXML.py took 0.102 seconds
[2024-12-04T23:56:22.168+0000] {processor.py:186} INFO - Started process (PID=79) to work on /opt/airflow/dags/tasks/MergeAllXML.py
[2024-12-04T23:56:22.169+0000] {processor.py:914} INFO - Processing file /opt/airflow/dags/tasks/MergeAllXML.py for tasks to queue
[2024-12-04T23:56:22.171+0000] {logging_mixin.py:190} INFO - [2024-12-04T23:56:22.171+0000] {dagbag.py:588} INFO - Filling up the DagBag from /opt/airflow/dags/tasks/MergeAllXML.py
[2024-12-04T23:56:22.178+0000] {processor.py:927} WARNING - No viable dags retrieved from /opt/airflow/dags/tasks/MergeAllXML.py
[2024-12-04T23:56:22.187+0000] {processor.py:208} INFO - Processing /opt/airflow/dags/tasks/MergeAllXML.py took 0.023 seconds
[2024-12-04T23:56:53.194+0000] {processor.py:186} INFO - Started process (PID=91) to work on /opt/airflow/dags/tasks/MergeAllXML.py
[2024-12-04T23:56:53.445+0000] {processor.py:914} INFO - Processing file /opt/airflow/dags/tasks/MergeAllXML.py for tasks to queue
[2024-12-04T23:56:53.447+0000] {logging_mixin.py:190} INFO - [2024-12-04T23:56:53.446+0000] {dagbag.py:588} INFO - Filling up the DagBag from /opt/airflow/dags/tasks/MergeAllXML.py
[2024-12-04T23:56:53.453+0000] {processor.py:927} WARNING - No viable dags retrieved from /opt/airflow/dags/tasks/MergeAllXML.py
[2024-12-04T23:56:53.462+0000] {processor.py:208} INFO - Processing /opt/airflow/dags/tasks/MergeAllXML.py took 0.275 seconds
[2024-12-04T23:57:23.770+0000] {processor.py:186} INFO - Started process (PID=102) to work on /opt/airflow/dags/tasks/MergeAllXML.py
[2024-12-04T23:57:23.787+0000] {processor.py:914} INFO - Processing file /opt/airflow/dags/tasks/MergeAllXML.py for tasks to queue
[2024-12-04T23:57:23.790+0000] {logging_mixin.py:190} INFO - [2024-12-04T23:57:23.790+0000] {dagbag.py:588} INFO - Filling up the DagBag from /opt/airflow/dags/tasks/MergeAllXML.py
[2024-12-04T23:57:23.806+0000] {processor.py:927} WARNING - No viable dags retrieved from /opt/airflow/dags/tasks/MergeAllXML.py
[2024-12-04T23:57:23.824+0000] {processor.py:208} INFO - Processing /opt/airflow/dags/tasks/MergeAllXML.py took 0.062 seconds
