[2024-12-25T21:35:05.603+0000] {local_task_job_runner.py:123} INFO - ::group::Pre task execution logs
[2024-12-25T21:35:05.614+0000] {taskinstance.py:2613} INFO - Dependencies all met for dep_context=non-requeueable deps ti=<TaskInstance: mediaset_schedule_scraper.scrape_mediaset_schedule scheduled__2024-12-25T11:30:00+00:00 [queued]>
[2024-12-25T21:35:05.619+0000] {taskinstance.py:2613} INFO - Dependencies all met for dep_context=requeueable deps ti=<TaskInstance: mediaset_schedule_scraper.scrape_mediaset_schedule scheduled__2024-12-25T11:30:00+00:00 [queued]>
[2024-12-25T21:35:05.620+0000] {taskinstance.py:2866} INFO - Starting attempt 1 of 5
[2024-12-25T21:35:05.631+0000] {taskinstance.py:2889} INFO - Executing <Task(_PythonDecoratedOperator): scrape_mediaset_schedule> on 2024-12-25 11:30:00+00:00
[2024-12-25T21:35:05.637+0000] {warnings.py:112} WARNING - /home/***/.local/lib/python3.12/site-packages/***/task/task_runner/standard_task_runner.py:70: DeprecationWarning: This process (pid=97) is multi-threaded, use of fork() may lead to deadlocks in the child.
  pid = os.fork()

[2024-12-25T21:35:05.639+0000] {standard_task_runner.py:72} INFO - Started process 110 to run task
[2024-12-25T21:35:05.638+0000] {standard_task_runner.py:104} INFO - Running: ['***', 'tasks', 'run', 'mediaset_schedule_scraper', 'scrape_mediaset_schedule', 'scheduled__2024-12-25T11:30:00+00:00', '--job-id', '2711', '--raw', '--subdir', 'DAGS_FOLDER/dag_mediaset.py', '--cfg-path', '/tmp/tmpv8ilazbl']
[2024-12-25T21:35:05.640+0000] {standard_task_runner.py:105} INFO - Job 2711: Subtask scrape_mediaset_schedule
[2024-12-25T21:35:05.677+0000] {task_command.py:467} INFO - Running <TaskInstance: mediaset_schedule_scraper.scrape_mediaset_schedule scheduled__2024-12-25T11:30:00+00:00 [running]> on host b605548c7b8b
[2024-12-25T21:35:05.739+0000] {taskinstance.py:3132} INFO - Exporting env vars: AIRFLOW_CTX_DAG_OWNER='***' AIRFLOW_CTX_DAG_ID='mediaset_schedule_scraper' AIRFLOW_CTX_TASK_ID='scrape_mediaset_schedule' AIRFLOW_CTX_EXECUTION_DATE='2024-12-25T11:30:00+00:00' AIRFLOW_CTX_TRY_NUMBER='1' AIRFLOW_CTX_DAG_RUN_ID='scheduled__2024-12-25T11:30:00+00:00'
[2024-12-25T21:35:05.742+0000] {taskinstance.py:731} INFO - ::endgroup::
[2024-12-25T21:35:16.062+0000] {logging_mixin.py:190} INFO - Generando XML para el canal Telecinco
[2024-12-25T21:35:16.065+0000] {logging_mixin.py:190} INFO - Escrito el xml del canal "Telecinco"
[2024-12-25T21:35:17.724+0000] {logging_mixin.py:190} INFO - Archivo actualizado correctamente.
[2024-12-25T21:35:17.725+0000] {logging_mixin.py:190} INFO - Generando XML para el canal Cuatro
[2024-12-25T21:35:17.727+0000] {logging_mixin.py:190} INFO - Escrito el xml del canal "Cuatro"
[2024-12-25T21:35:20.736+0000] {logging_mixin.py:190} INFO - Error: 422 {"message": "Invalid request.\n\n\"sha\" wasn't supplied.", "documentation_url": "https://docs.github.com/rest/repos/contents#create-or-update-file-contents", "status": "422"}
[2024-12-25T21:35:20.737+0000] {logging_mixin.py:190} INFO - Generando XML para el canal Mitele en la calle
[2024-12-25T21:35:20.741+0000] {logging_mixin.py:190} INFO - Escrito el xml del canal "Mitele en la calle"
[2024-12-25T21:35:22.328+0000] {logging_mixin.py:190} INFO - Archivo actualizado correctamente.
[2024-12-25T21:35:22.329+0000] {logging_mixin.py:190} INFO - Generando XML para el canal Mitele viajes
[2024-12-25T21:35:22.332+0000] {logging_mixin.py:190} INFO - Escrito el xml del canal "Mitele viajes"
[2024-12-25T21:35:24.016+0000] {logging_mixin.py:190} INFO - Archivo actualizado correctamente.
[2024-12-25T21:35:24.017+0000] {logging_mixin.py:190} INFO - Generando XML para el canal Mitele plus lqsa
[2024-12-25T21:35:24.020+0000] {logging_mixin.py:190} INFO - Escrito el xml del canal "Mitele plus lqsa"
[2024-12-25T21:35:25.607+0000] {logging_mixin.py:190} INFO - Archivo actualizado correctamente.
[2024-12-25T21:35:25.608+0000] {logging_mixin.py:190} INFO - Generando XML para el canal Mitele comedia
[2024-12-25T21:35:25.612+0000] {logging_mixin.py:190} INFO - Escrito el xml del canal "Mitele comedia"
[2024-12-25T21:35:28.637+0000] {logging_mixin.py:190} INFO - Error: 422 {"message": "Invalid request.\n\n\"sha\" wasn't supplied.", "documentation_url": "https://docs.github.com/rest/repos/contents#create-or-update-file-contents", "status": "422"}
[2024-12-25T21:35:28.638+0000] {logging_mixin.py:190} INFO - Generando XML para el canal Mitele top series
[2024-12-25T21:35:28.641+0000] {logging_mixin.py:190} INFO - Escrito el xml del canal "Mitele top series"
[2024-12-25T21:35:33.561+0000] {logging_mixin.py:190} INFO - Error: 422 {"message": "Invalid request.\n\n\"sha\" wasn't supplied.", "documentation_url": "https://docs.github.com/rest/repos/contents#create-or-update-file-contents", "status": "422"}
[2024-12-25T21:35:33.561+0000] {logging_mixin.py:190} INFO - Generando XML para el canal Divinity
[2024-12-25T21:35:33.564+0000] {logging_mixin.py:190} INFO - Escrito el xml del canal "Divinity"
[2024-12-25T21:35:38.684+0000] {logging_mixin.py:190} INFO - Error: 422 {"message": "Invalid request.\n\n\"sha\" wasn't supplied.", "documentation_url": "https://docs.github.com/rest/repos/contents#create-or-update-file-contents", "status": "422"}
[2024-12-25T21:35:38.685+0000] {logging_mixin.py:190} INFO - Generando XML para el canal Fdf
[2024-12-25T21:35:38.687+0000] {logging_mixin.py:190} INFO - Escrito el xml del canal "Fdf"
[2024-12-25T21:35:40.378+0000] {logging_mixin.py:190} INFO - Archivo actualizado correctamente.
[2024-12-25T21:35:40.378+0000] {logging_mixin.py:190} INFO - Generando XML para el canal Energy
[2024-12-25T21:35:40.383+0000] {logging_mixin.py:190} INFO - Escrito el xml del canal "Energy"
[2024-12-25T21:35:42.303+0000] {logging_mixin.py:190} INFO - Archivo actualizado correctamente.
[2024-12-25T21:35:42.303+0000] {logging_mixin.py:190} INFO - Generando XML para el canal Bemad
[2024-12-25T21:35:42.306+0000] {logging_mixin.py:190} INFO - Escrito el xml del canal "Bemad"
[2024-12-25T21:35:47.368+0000] {logging_mixin.py:190} INFO - Error: 422 {"message": "Invalid request.\n\n\"sha\" wasn't supplied.", "documentation_url": "https://docs.github.com/rest/repos/contents#create-or-update-file-contents", "status": "422"}
[2024-12-25T21:35:47.369+0000] {logging_mixin.py:190} INFO - Generando XML para el canal Boing
[2024-12-25T21:35:47.375+0000] {logging_mixin.py:190} INFO - Escrito el xml del canal "Boing"
[2024-12-25T21:35:49.310+0000] {logging_mixin.py:190} INFO - Archivo actualizado correctamente.
[2024-12-25T21:35:49.310+0000] {logging_mixin.py:190} INFO - Generando XML para el canal Acontraplus
[2024-12-25T21:35:49.313+0000] {logging_mixin.py:190} INFO - Escrito el xml del canal "Acontraplus"
[2024-12-25T21:35:50.918+0000] {logging_mixin.py:190} INFO - Archivo actualizado correctamente.
[2024-12-25T21:35:50.919+0000] {logging_mixin.py:190} INFO - Generando XML para el canal Fight sports
[2024-12-25T21:35:50.922+0000] {logging_mixin.py:190} INFO - Escrito el xml del canal "Fight sports"
[2024-12-25T21:35:55.993+0000] {logging_mixin.py:190} INFO - Error: 422 {"message": "Invalid request.\n\n\"sha\" wasn't supplied.", "documentation_url": "https://docs.github.com/rest/repos/contents#create-or-update-file-contents", "status": "422"}
[2024-12-25T21:35:55.994+0000] {logging_mixin.py:190} INFO - Generando XML para el canal Mtmad 24h
[2024-12-25T21:35:55.995+0000] {logging_mixin.py:190} INFO - Escrito el xml del canal "Mtmad 24h"
[2024-12-25T21:35:57.641+0000] {logging_mixin.py:190} INFO - Archivo actualizado correctamente.
[2024-12-25T21:35:57.643+0000] {python.py:240} INFO - Done. Returned value was: None
[2024-12-25T21:35:57.650+0000] {taskinstance.py:340} INFO - ::group::Post task execution logs
[2024-12-25T21:35:57.650+0000] {taskinstance.py:352} INFO - Marking task as SUCCESS. dag_id=mediaset_schedule_scraper, task_id=scrape_mediaset_schedule, run_id=scheduled__2024-12-25T11:30:00+00:00, execution_date=20241225T113000, start_date=20241225T213505, end_date=20241225T213557
[2024-12-25T21:35:57.669+0000] {local_task_job_runner.py:266} INFO - Task exited with return code 0
[2024-12-25T21:35:57.681+0000] {taskinstance.py:3895} INFO - 1 downstream tasks scheduled from follow-on schedule check
[2024-12-25T21:35:57.682+0000] {local_task_job_runner.py:245} INFO - ::endgroup::
