[2024-12-14T23:04:55.953+0000] {local_task_job_runner.py:123} INFO - ::group::Pre task execution logs
[2024-12-14T23:04:55.962+0000] {taskinstance.py:2613} INFO - Dependencies all met for dep_context=non-requeueable deps ti=<TaskInstance: rtve_canarias_schedule_scraper.scrape_rtve_canarias_task scheduled__2024-12-12T23:30:00+00:00 [queued]>
[2024-12-14T23:04:55.966+0000] {taskinstance.py:2613} INFO - Dependencies all met for dep_context=requeueable deps ti=<TaskInstance: rtve_canarias_schedule_scraper.scrape_rtve_canarias_task scheduled__2024-12-12T23:30:00+00:00 [queued]>
[2024-12-14T23:04:55.966+0000] {taskinstance.py:2866} INFO - Starting attempt 2 of 5
[2024-12-14T23:04:55.973+0000] {taskinstance.py:2889} INFO - Executing <Task(_PythonDecoratedOperator): scrape_rtve_canarias_task> on 2024-12-12 23:30:00+00:00
[2024-12-14T23:04:55.977+0000] {warnings.py:112} WARNING - /home/***/.local/lib/python3.12/site-packages/***/task/task_runner/standard_task_runner.py:70: DeprecationWarning: This process (pid=499) is multi-threaded, use of fork() may lead to deadlocks in the child.
  pid = os.fork()

[2024-12-14T23:04:55.978+0000] {standard_task_runner.py:72} INFO - Started process 500 to run task
[2024-12-14T23:04:55.978+0000] {standard_task_runner.py:104} INFO - Running: ['***', 'tasks', 'run', 'rtve_canarias_schedule_scraper', 'scrape_rtve_canarias_task', 'scheduled__2024-12-12T23:30:00+00:00', '--job-id', '2469', '--raw', '--subdir', 'DAGS_FOLDER/dag_rtve_canarias_selenium.py', '--cfg-path', '/tmp/tmpjaby3cq9']
[2024-12-14T23:04:55.980+0000] {standard_task_runner.py:105} INFO - Job 2469: Subtask scrape_rtve_canarias_task
[2024-12-14T23:04:56.003+0000] {task_command.py:467} INFO - Running <TaskInstance: rtve_canarias_schedule_scraper.scrape_rtve_canarias_task scheduled__2024-12-12T23:30:00+00:00 [running]> on host b605548c7b8b
[2024-12-14T23:04:56.045+0000] {taskinstance.py:3132} INFO - Exporting env vars: AIRFLOW_CTX_DAG_OWNER='***' AIRFLOW_CTX_DAG_ID='rtve_canarias_schedule_scraper' AIRFLOW_CTX_TASK_ID='scrape_rtve_canarias_task' AIRFLOW_CTX_EXECUTION_DATE='2024-12-12T23:30:00+00:00' AIRFLOW_CTX_TRY_NUMBER='2' AIRFLOW_CTX_DAG_RUN_ID='scheduled__2024-12-12T23:30:00+00:00'
[2024-12-14T23:04:56.046+0000] {taskinstance.py:731} INFO - ::endgroup::
[2024-12-14T23:05:00.987+0000] {logging_mixin.py:190} INFO - Archivo actualizado correctamente.
[2024-12-14T23:05:00.988+0000] {logging_mixin.py:190} INFO - Escrito el xmltv del canal "La 1 Canarias"
[2024-12-14T23:05:03.057+0000] {logging_mixin.py:190} INFO - Archivo actualizado correctamente.
[2024-12-14T23:05:03.058+0000] {logging_mixin.py:190} INFO - Escrito el xmltv del canal "La 2 Canarias"
[2024-12-14T23:05:05.073+0000] {logging_mixin.py:190} INFO - Archivo actualizado correctamente.
[2024-12-14T23:05:05.073+0000] {logging_mixin.py:190} INFO - Escrito el xmltv del canal "24 horas Canarias"
[2024-12-14T23:05:05.148+0000] {python.py:240} INFO - Done. Returned value was: None
[2024-12-14T23:05:05.154+0000] {taskinstance.py:340} INFO - ::group::Post task execution logs
[2024-12-14T23:05:05.154+0000] {taskinstance.py:352} INFO - Marking task as SUCCESS. dag_id=rtve_canarias_schedule_scraper, task_id=scrape_rtve_canarias_task, run_id=scheduled__2024-12-12T23:30:00+00:00, execution_date=20241212T233000, start_date=20241214T230455, end_date=20241214T230505
[2024-12-14T23:05:05.199+0000] {local_task_job_runner.py:266} INFO - Task exited with return code 0
[2024-12-14T23:05:05.214+0000] {taskinstance.py:3895} INFO - 1 downstream tasks scheduled from follow-on schedule check
[2024-12-14T23:05:05.215+0000] {local_task_job_runner.py:245} INFO - ::endgroup::
[2024-12-15T22:04:57.938+0000] {local_task_job_runner.py:123} INFO - ::group::Pre task execution logs
[2024-12-15T22:04:57.960+0000] {taskinstance.py:2603} INFO - Dependencies not met for <TaskInstance: rtve_canarias_schedule_scraper.scrape_rtve_canarias_task scheduled__2024-12-12T23:30:00+00:00 [success]>, dependency 'Task Instance State' FAILED: Task is in the 'success' state.
[2024-12-15T22:04:57.967+0000] {local_task_job_runner.py:166} INFO - Task is not able to be run
