[2024-12-06T12:53:07.426+0000] {local_task_job_runner.py:123} INFO - ::group::Pre task execution logs
[2024-12-06T12:53:07.437+0000] {taskinstance.py:2613} INFO - Dependencies all met for dep_context=non-requeueable deps ti=<TaskInstance: telemadrid_schedule_scraper_v2.scrape_telemadrid_schedule scheduled__2024-01-26T12:00:00+00:00 [queued]>
[2024-12-06T12:53:07.442+0000] {taskinstance.py:2613} INFO - Dependencies all met for dep_context=requeueable deps ti=<TaskInstance: telemadrid_schedule_scraper_v2.scrape_telemadrid_schedule scheduled__2024-01-26T12:00:00+00:00 [queued]>
[2024-12-06T12:53:07.442+0000] {taskinstance.py:2866} INFO - Starting attempt 1 of 5
[2024-12-06T12:53:07.510+0000] {taskinstance.py:2889} INFO - Executing <Task(_PythonDecoratedOperator): scrape_telemadrid_schedule> on 2024-01-26 12:00:00+00:00
[2024-12-06T12:53:07.514+0000] {warnings.py:112} WARNING - /home/***/.local/lib/python3.12/site-packages/***/task/task_runner/standard_task_runner.py:70: DeprecationWarning: This process (pid=219) is multi-threaded, use of fork() may lead to deadlocks in the child.
  pid = os.fork()

[2024-12-06T12:53:07.516+0000] {standard_task_runner.py:72} INFO - Started process 231 to run task
[2024-12-06T12:53:07.515+0000] {standard_task_runner.py:104} INFO - Running: ['***', 'tasks', 'run', 'telemadrid_schedule_scraper_v2', 'scrape_telemadrid_schedule', 'scheduled__2024-01-26T12:00:00+00:00', '--job-id', '1017', '--raw', '--subdir', 'DAGS_FOLDER/dag_telemadrid_v2.py', '--cfg-path', '/tmp/tmp18x77m9c']
[2024-12-06T12:53:07.517+0000] {standard_task_runner.py:105} INFO - Job 1017: Subtask scrape_telemadrid_schedule
[2024-12-06T12:53:07.550+0000] {task_command.py:467} INFO - Running <TaskInstance: telemadrid_schedule_scraper_v2.scrape_telemadrid_schedule scheduled__2024-01-26T12:00:00+00:00 [running]> on host 01ebcafa06b4
[2024-12-06T12:53:07.602+0000] {taskinstance.py:3132} INFO - Exporting env vars: AIRFLOW_CTX_DAG_OWNER='***' AIRFLOW_CTX_DAG_ID='telemadrid_schedule_scraper_v2' AIRFLOW_CTX_TASK_ID='scrape_telemadrid_schedule' AIRFLOW_CTX_EXECUTION_DATE='2024-01-26T12:00:00+00:00' AIRFLOW_CTX_TRY_NUMBER='1' AIRFLOW_CTX_DAG_RUN_ID='scheduled__2024-01-26T12:00:00+00:00'
[2024-12-06T12:53:07.603+0000] {taskinstance.py:731} INFO - ::endgroup::
[2024-12-06T12:53:07.822+0000] {logging_mixin.py:190} INFO - Escrito el xmltv del canal "Telemadrid"
[2024-12-06T12:53:09.630+0000] {logging_mixin.py:190} INFO - Archivo actualizado correctamente.
[2024-12-06T12:53:09.631+0000] {python.py:240} INFO - Done. Returned value was: None
[2024-12-06T12:53:09.636+0000] {taskinstance.py:340} INFO - ::group::Post task execution logs
[2024-12-06T12:53:09.636+0000] {taskinstance.py:352} INFO - Marking task as SUCCESS. dag_id=telemadrid_schedule_scraper_v2, task_id=scrape_telemadrid_schedule, run_id=scheduled__2024-01-26T12:00:00+00:00, execution_date=20240126T120000, start_date=20241206T125307, end_date=20241206T125309
[2024-12-06T12:53:09.654+0000] {local_task_job_runner.py:266} INFO - Task exited with return code 0
[2024-12-06T12:53:09.667+0000] {taskinstance.py:3895} INFO - 1 downstream tasks scheduled from follow-on schedule check
[2024-12-06T12:53:09.668+0000] {local_task_job_runner.py:245} INFO - ::endgroup::
