[2024-12-26T00:00:05.470+0000] {processor.py:186} INFO - Started process (PID=4398) to work on /opt/airflow/dags/dag_rtve_selenium.py
[2024-12-26T00:00:05.470+0000] {processor.py:914} INFO - Processing file /opt/airflow/dags/dag_rtve_selenium.py for tasks to queue
[2024-12-26T00:00:05.471+0000] {logging_mixin.py:190} INFO - [2024-12-26T00:00:05.471+0000] {dagbag.py:588} INFO - Filling up the DagBag from /opt/airflow/dags/dag_rtve_selenium.py
[2024-12-26T00:00:05.602+0000] {processor.py:925} INFO - DAG(s) 'rtve_schedule_scraper' retrieved from /opt/airflow/dags/dag_rtve_selenium.py
[2024-12-26T00:00:05.616+0000] {logging_mixin.py:190} INFO - [2024-12-26T00:00:05.616+0000] {dag.py:3239} INFO - Sync 1 DAGs
[2024-12-26T00:00:05.630+0000] {logging_mixin.py:190} INFO - [2024-12-26T00:00:05.630+0000] {dag.py:4180} INFO - Setting next_dagrun for rtve_schedule_scraper to 2024-12-25 23:30:00+00:00, run_after=2024-12-26 05:30:00+00:00
[2024-12-26T00:00:05.639+0000] {processor.py:208} INFO - Processing /opt/airflow/dags/dag_rtve_selenium.py took 0.172 seconds
[2024-12-26T00:00:36.524+0000] {processor.py:186} INFO - Started process (PID=4413) to work on /opt/airflow/dags/dag_rtve_selenium.py
[2024-12-26T00:00:36.524+0000] {processor.py:914} INFO - Processing file /opt/airflow/dags/dag_rtve_selenium.py for tasks to queue
[2024-12-26T00:00:36.526+0000] {logging_mixin.py:190} INFO - [2024-12-26T00:00:36.526+0000] {dagbag.py:588} INFO - Filling up the DagBag from /opt/airflow/dags/dag_rtve_selenium.py
[2024-12-26T00:00:36.654+0000] {processor.py:925} INFO - DAG(s) 'rtve_schedule_scraper' retrieved from /opt/airflow/dags/dag_rtve_selenium.py
[2024-12-26T00:00:36.667+0000] {logging_mixin.py:190} INFO - [2024-12-26T00:00:36.667+0000] {dag.py:3239} INFO - Sync 1 DAGs
[2024-12-26T00:00:36.681+0000] {logging_mixin.py:190} INFO - [2024-12-26T00:00:36.681+0000] {dag.py:4180} INFO - Setting next_dagrun for rtve_schedule_scraper to 2024-12-25 23:30:00+00:00, run_after=2024-12-26 05:30:00+00:00
[2024-12-26T00:00:36.692+0000] {processor.py:208} INFO - Processing /opt/airflow/dags/dag_rtve_selenium.py took 0.171 seconds
[2024-12-26T00:01:07.373+0000] {processor.py:186} INFO - Started process (PID=4428) to work on /opt/airflow/dags/dag_rtve_selenium.py
[2024-12-26T00:01:07.373+0000] {processor.py:914} INFO - Processing file /opt/airflow/dags/dag_rtve_selenium.py for tasks to queue
[2024-12-26T00:01:07.375+0000] {logging_mixin.py:190} INFO - [2024-12-26T00:01:07.374+0000] {dagbag.py:588} INFO - Filling up the DagBag from /opt/airflow/dags/dag_rtve_selenium.py
[2024-12-26T00:01:07.508+0000] {processor.py:925} INFO - DAG(s) 'rtve_schedule_scraper' retrieved from /opt/airflow/dags/dag_rtve_selenium.py
[2024-12-26T00:01:07.522+0000] {logging_mixin.py:190} INFO - [2024-12-26T00:01:07.522+0000] {dag.py:3239} INFO - Sync 1 DAGs
[2024-12-26T00:01:07.538+0000] {logging_mixin.py:190} INFO - [2024-12-26T00:01:07.537+0000] {dag.py:4180} INFO - Setting next_dagrun for rtve_schedule_scraper to 2024-12-25 23:30:00+00:00, run_after=2024-12-26 05:30:00+00:00
[2024-12-26T00:01:07.548+0000] {processor.py:208} INFO - Processing /opt/airflow/dags/dag_rtve_selenium.py took 0.179 seconds
[2024-12-26T00:01:38.262+0000] {processor.py:186} INFO - Started process (PID=4443) to work on /opt/airflow/dags/dag_rtve_selenium.py
[2024-12-26T00:01:38.262+0000] {processor.py:914} INFO - Processing file /opt/airflow/dags/dag_rtve_selenium.py for tasks to queue
[2024-12-26T00:01:38.263+0000] {logging_mixin.py:190} INFO - [2024-12-26T00:01:38.263+0000] {dagbag.py:588} INFO - Filling up the DagBag from /opt/airflow/dags/dag_rtve_selenium.py
[2024-12-26T00:01:38.392+0000] {processor.py:925} INFO - DAG(s) 'rtve_schedule_scraper' retrieved from /opt/airflow/dags/dag_rtve_selenium.py
[2024-12-26T00:01:38.405+0000] {logging_mixin.py:190} INFO - [2024-12-26T00:01:38.404+0000] {dag.py:3239} INFO - Sync 1 DAGs
[2024-12-26T00:01:38.418+0000] {logging_mixin.py:190} INFO - [2024-12-26T00:01:38.418+0000] {dag.py:4180} INFO - Setting next_dagrun for rtve_schedule_scraper to 2024-12-25 23:30:00+00:00, run_after=2024-12-26 05:30:00+00:00
[2024-12-26T00:01:38.428+0000] {processor.py:208} INFO - Processing /opt/airflow/dags/dag_rtve_selenium.py took 0.170 seconds
[2024-12-26T00:02:09.123+0000] {processor.py:186} INFO - Started process (PID=4464) to work on /opt/airflow/dags/dag_rtve_selenium.py
[2024-12-26T00:02:09.124+0000] {processor.py:914} INFO - Processing file /opt/airflow/dags/dag_rtve_selenium.py for tasks to queue
[2024-12-26T00:02:09.125+0000] {logging_mixin.py:190} INFO - [2024-12-26T00:02:09.125+0000] {dagbag.py:588} INFO - Filling up the DagBag from /opt/airflow/dags/dag_rtve_selenium.py
[2024-12-26T00:02:09.253+0000] {processor.py:925} INFO - DAG(s) 'rtve_schedule_scraper' retrieved from /opt/airflow/dags/dag_rtve_selenium.py
[2024-12-26T00:02:09.266+0000] {logging_mixin.py:190} INFO - [2024-12-26T00:02:09.266+0000] {dag.py:3239} INFO - Sync 1 DAGs
[2024-12-26T00:02:09.281+0000] {logging_mixin.py:190} INFO - [2024-12-26T00:02:09.281+0000] {dag.py:4180} INFO - Setting next_dagrun for rtve_schedule_scraper to 2024-12-25 23:30:00+00:00, run_after=2024-12-26 05:30:00+00:00
[2024-12-26T00:02:09.291+0000] {processor.py:208} INFO - Processing /opt/airflow/dags/dag_rtve_selenium.py took 0.171 seconds
[2024-12-26T00:02:40.008+0000] {processor.py:186} INFO - Started process (PID=4479) to work on /opt/airflow/dags/dag_rtve_selenium.py
[2024-12-26T00:02:40.009+0000] {processor.py:914} INFO - Processing file /opt/airflow/dags/dag_rtve_selenium.py for tasks to queue
[2024-12-26T00:02:40.010+0000] {logging_mixin.py:190} INFO - [2024-12-26T00:02:40.010+0000] {dagbag.py:588} INFO - Filling up the DagBag from /opt/airflow/dags/dag_rtve_selenium.py
[2024-12-26T00:02:40.140+0000] {processor.py:925} INFO - DAG(s) 'rtve_schedule_scraper' retrieved from /opt/airflow/dags/dag_rtve_selenium.py
[2024-12-26T00:02:40.153+0000] {logging_mixin.py:190} INFO - [2024-12-26T00:02:40.153+0000] {dag.py:3239} INFO - Sync 1 DAGs
[2024-12-26T00:02:40.166+0000] {logging_mixin.py:190} INFO - [2024-12-26T00:02:40.166+0000] {dag.py:4180} INFO - Setting next_dagrun for rtve_schedule_scraper to 2024-12-25 23:30:00+00:00, run_after=2024-12-26 05:30:00+00:00
[2024-12-26T00:02:40.176+0000] {processor.py:208} INFO - Processing /opt/airflow/dags/dag_rtve_selenium.py took 0.171 seconds
[2024-12-26T00:03:10.883+0000] {processor.py:186} INFO - Started process (PID=4494) to work on /opt/airflow/dags/dag_rtve_selenium.py
[2024-12-26T00:03:10.884+0000] {processor.py:914} INFO - Processing file /opt/airflow/dags/dag_rtve_selenium.py for tasks to queue
[2024-12-26T00:03:10.885+0000] {logging_mixin.py:190} INFO - [2024-12-26T00:03:10.885+0000] {dagbag.py:588} INFO - Filling up the DagBag from /opt/airflow/dags/dag_rtve_selenium.py
[2024-12-26T00:03:11.020+0000] {processor.py:925} INFO - DAG(s) 'rtve_schedule_scraper' retrieved from /opt/airflow/dags/dag_rtve_selenium.py
[2024-12-26T00:03:11.033+0000] {logging_mixin.py:190} INFO - [2024-12-26T00:03:11.032+0000] {dag.py:3239} INFO - Sync 1 DAGs
[2024-12-26T00:03:11.047+0000] {logging_mixin.py:190} INFO - [2024-12-26T00:03:11.047+0000] {dag.py:4180} INFO - Setting next_dagrun for rtve_schedule_scraper to 2024-12-25 23:30:00+00:00, run_after=2024-12-26 05:30:00+00:00
[2024-12-26T00:03:11.059+0000] {processor.py:208} INFO - Processing /opt/airflow/dags/dag_rtve_selenium.py took 0.179 seconds
[2024-12-26T00:03:41.748+0000] {processor.py:186} INFO - Started process (PID=4509) to work on /opt/airflow/dags/dag_rtve_selenium.py
[2024-12-26T00:03:41.749+0000] {processor.py:914} INFO - Processing file /opt/airflow/dags/dag_rtve_selenium.py for tasks to queue
[2024-12-26T00:03:41.750+0000] {logging_mixin.py:190} INFO - [2024-12-26T00:03:41.750+0000] {dagbag.py:588} INFO - Filling up the DagBag from /opt/airflow/dags/dag_rtve_selenium.py
[2024-12-26T00:03:41.879+0000] {processor.py:925} INFO - DAG(s) 'rtve_schedule_scraper' retrieved from /opt/airflow/dags/dag_rtve_selenium.py
[2024-12-26T00:03:41.893+0000] {logging_mixin.py:190} INFO - [2024-12-26T00:03:41.893+0000] {dag.py:3239} INFO - Sync 1 DAGs
[2024-12-26T00:03:41.907+0000] {logging_mixin.py:190} INFO - [2024-12-26T00:03:41.907+0000] {dag.py:4180} INFO - Setting next_dagrun for rtve_schedule_scraper to 2024-12-25 23:30:00+00:00, run_after=2024-12-26 05:30:00+00:00
[2024-12-26T00:03:41.919+0000] {processor.py:208} INFO - Processing /opt/airflow/dags/dag_rtve_selenium.py took 0.174 seconds
[2024-12-26T00:04:12.621+0000] {processor.py:186} INFO - Started process (PID=4524) to work on /opt/airflow/dags/dag_rtve_selenium.py
[2024-12-26T00:04:12.622+0000] {processor.py:914} INFO - Processing file /opt/airflow/dags/dag_rtve_selenium.py for tasks to queue
[2024-12-26T00:04:12.623+0000] {logging_mixin.py:190} INFO - [2024-12-26T00:04:12.623+0000] {dagbag.py:588} INFO - Filling up the DagBag from /opt/airflow/dags/dag_rtve_selenium.py
[2024-12-26T00:04:12.753+0000] {processor.py:925} INFO - DAG(s) 'rtve_schedule_scraper' retrieved from /opt/airflow/dags/dag_rtve_selenium.py
[2024-12-26T00:04:12.767+0000] {logging_mixin.py:190} INFO - [2024-12-26T00:04:12.767+0000] {dag.py:3239} INFO - Sync 1 DAGs
[2024-12-26T00:04:12.782+0000] {logging_mixin.py:190} INFO - [2024-12-26T00:04:12.781+0000] {dag.py:4180} INFO - Setting next_dagrun for rtve_schedule_scraper to 2024-12-25 23:30:00+00:00, run_after=2024-12-26 05:30:00+00:00
[2024-12-26T00:04:12.792+0000] {processor.py:208} INFO - Processing /opt/airflow/dags/dag_rtve_selenium.py took 0.174 seconds
[2024-12-26T00:04:43.523+0000] {processor.py:186} INFO - Started process (PID=4539) to work on /opt/airflow/dags/dag_rtve_selenium.py
[2024-12-26T00:04:43.523+0000] {processor.py:914} INFO - Processing file /opt/airflow/dags/dag_rtve_selenium.py for tasks to queue
[2024-12-26T00:04:43.525+0000] {logging_mixin.py:190} INFO - [2024-12-26T00:04:43.525+0000] {dagbag.py:588} INFO - Filling up the DagBag from /opt/airflow/dags/dag_rtve_selenium.py
[2024-12-26T00:04:43.661+0000] {processor.py:925} INFO - DAG(s) 'rtve_schedule_scraper' retrieved from /opt/airflow/dags/dag_rtve_selenium.py
[2024-12-26T00:04:43.675+0000] {logging_mixin.py:190} INFO - [2024-12-26T00:04:43.674+0000] {dag.py:3239} INFO - Sync 1 DAGs
[2024-12-26T00:04:43.688+0000] {logging_mixin.py:190} INFO - [2024-12-26T00:04:43.688+0000] {dag.py:4180} INFO - Setting next_dagrun for rtve_schedule_scraper to 2024-12-25 23:30:00+00:00, run_after=2024-12-26 05:30:00+00:00
[2024-12-26T00:04:43.698+0000] {processor.py:208} INFO - Processing /opt/airflow/dags/dag_rtve_selenium.py took 0.178 seconds
[2024-12-26T00:05:14.448+0000] {processor.py:186} INFO - Started process (PID=4554) to work on /opt/airflow/dags/dag_rtve_selenium.py
[2024-12-26T00:05:14.449+0000] {processor.py:914} INFO - Processing file /opt/airflow/dags/dag_rtve_selenium.py for tasks to queue
[2024-12-26T00:05:14.450+0000] {logging_mixin.py:190} INFO - [2024-12-26T00:05:14.450+0000] {dagbag.py:588} INFO - Filling up the DagBag from /opt/airflow/dags/dag_rtve_selenium.py
[2024-12-26T00:05:14.584+0000] {processor.py:925} INFO - DAG(s) 'rtve_schedule_scraper' retrieved from /opt/airflow/dags/dag_rtve_selenium.py
[2024-12-26T00:05:14.597+0000] {logging_mixin.py:190} INFO - [2024-12-26T00:05:14.597+0000] {dag.py:3239} INFO - Sync 1 DAGs
[2024-12-26T00:05:14.611+0000] {logging_mixin.py:190} INFO - [2024-12-26T00:05:14.611+0000] {dag.py:4180} INFO - Setting next_dagrun for rtve_schedule_scraper to 2024-12-25 23:30:00+00:00, run_after=2024-12-26 05:30:00+00:00
[2024-12-26T00:05:14.620+0000] {processor.py:208} INFO - Processing /opt/airflow/dags/dag_rtve_selenium.py took 0.175 seconds
[2024-12-26T00:05:45.542+0000] {processor.py:186} INFO - Started process (PID=4569) to work on /opt/airflow/dags/dag_rtve_selenium.py
[2024-12-26T00:05:45.543+0000] {processor.py:914} INFO - Processing file /opt/airflow/dags/dag_rtve_selenium.py for tasks to queue
[2024-12-26T00:05:45.544+0000] {logging_mixin.py:190} INFO - [2024-12-26T00:05:45.544+0000] {dagbag.py:588} INFO - Filling up the DagBag from /opt/airflow/dags/dag_rtve_selenium.py
[2024-12-26T00:05:45.675+0000] {processor.py:925} INFO - DAG(s) 'rtve_schedule_scraper' retrieved from /opt/airflow/dags/dag_rtve_selenium.py
[2024-12-26T00:05:45.687+0000] {logging_mixin.py:190} INFO - [2024-12-26T00:05:45.687+0000] {dag.py:3239} INFO - Sync 1 DAGs
[2024-12-26T00:05:45.701+0000] {logging_mixin.py:190} INFO - [2024-12-26T00:05:45.701+0000] {dag.py:4180} INFO - Setting next_dagrun for rtve_schedule_scraper to 2024-12-25 23:30:00+00:00, run_after=2024-12-26 05:30:00+00:00
[2024-12-26T00:05:45.710+0000] {processor.py:208} INFO - Processing /opt/airflow/dags/dag_rtve_selenium.py took 0.171 seconds
[2024-12-26T00:06:16.399+0000] {processor.py:186} INFO - Started process (PID=4584) to work on /opt/airflow/dags/dag_rtve_selenium.py
[2024-12-26T00:06:16.399+0000] {processor.py:914} INFO - Processing file /opt/airflow/dags/dag_rtve_selenium.py for tasks to queue
[2024-12-26T00:06:16.401+0000] {logging_mixin.py:190} INFO - [2024-12-26T00:06:16.401+0000] {dagbag.py:588} INFO - Filling up the DagBag from /opt/airflow/dags/dag_rtve_selenium.py
[2024-12-26T00:06:16.529+0000] {processor.py:925} INFO - DAG(s) 'rtve_schedule_scraper' retrieved from /opt/airflow/dags/dag_rtve_selenium.py
[2024-12-26T00:06:16.542+0000] {logging_mixin.py:190} INFO - [2024-12-26T00:06:16.542+0000] {dag.py:3239} INFO - Sync 1 DAGs
[2024-12-26T00:06:16.555+0000] {logging_mixin.py:190} INFO - [2024-12-26T00:06:16.555+0000] {dag.py:4180} INFO - Setting next_dagrun for rtve_schedule_scraper to 2024-12-25 23:30:00+00:00, run_after=2024-12-26 05:30:00+00:00
[2024-12-26T00:06:16.565+0000] {processor.py:208} INFO - Processing /opt/airflow/dags/dag_rtve_selenium.py took 0.169 seconds
[2024-12-26T00:06:47.257+0000] {processor.py:186} INFO - Started process (PID=4599) to work on /opt/airflow/dags/dag_rtve_selenium.py
[2024-12-26T00:06:47.258+0000] {processor.py:914} INFO - Processing file /opt/airflow/dags/dag_rtve_selenium.py for tasks to queue
[2024-12-26T00:06:47.259+0000] {logging_mixin.py:190} INFO - [2024-12-26T00:06:47.259+0000] {dagbag.py:588} INFO - Filling up the DagBag from /opt/airflow/dags/dag_rtve_selenium.py
[2024-12-26T00:06:47.391+0000] {processor.py:925} INFO - DAG(s) 'rtve_schedule_scraper' retrieved from /opt/airflow/dags/dag_rtve_selenium.py
[2024-12-26T00:06:47.405+0000] {logging_mixin.py:190} INFO - [2024-12-26T00:06:47.404+0000] {dag.py:3239} INFO - Sync 1 DAGs
[2024-12-26T00:06:47.418+0000] {logging_mixin.py:190} INFO - [2024-12-26T00:06:47.418+0000] {dag.py:4180} INFO - Setting next_dagrun for rtve_schedule_scraper to 2024-12-25 23:30:00+00:00, run_after=2024-12-26 05:30:00+00:00
[2024-12-26T00:06:47.427+0000] {processor.py:208} INFO - Processing /opt/airflow/dags/dag_rtve_selenium.py took 0.173 seconds
[2024-12-26T00:07:18.186+0000] {processor.py:186} INFO - Started process (PID=4614) to work on /opt/airflow/dags/dag_rtve_selenium.py
[2024-12-26T00:07:18.186+0000] {processor.py:914} INFO - Processing file /opt/airflow/dags/dag_rtve_selenium.py for tasks to queue
[2024-12-26T00:07:18.188+0000] {logging_mixin.py:190} INFO - [2024-12-26T00:07:18.188+0000] {dagbag.py:588} INFO - Filling up the DagBag from /opt/airflow/dags/dag_rtve_selenium.py
[2024-12-26T00:07:18.316+0000] {processor.py:925} INFO - DAG(s) 'rtve_schedule_scraper' retrieved from /opt/airflow/dags/dag_rtve_selenium.py
[2024-12-26T00:07:18.329+0000] {logging_mixin.py:190} INFO - [2024-12-26T00:07:18.329+0000] {dag.py:3239} INFO - Sync 1 DAGs
[2024-12-26T00:07:18.343+0000] {logging_mixin.py:190} INFO - [2024-12-26T00:07:18.343+0000] {dag.py:4180} INFO - Setting next_dagrun for rtve_schedule_scraper to 2024-12-25 23:30:00+00:00, run_after=2024-12-26 05:30:00+00:00
[2024-12-26T00:07:18.353+0000] {processor.py:208} INFO - Processing /opt/airflow/dags/dag_rtve_selenium.py took 0.170 seconds
[2024-12-26T00:07:49.071+0000] {processor.py:186} INFO - Started process (PID=4629) to work on /opt/airflow/dags/dag_rtve_selenium.py
[2024-12-26T00:07:49.072+0000] {processor.py:914} INFO - Processing file /opt/airflow/dags/dag_rtve_selenium.py for tasks to queue
[2024-12-26T00:07:49.073+0000] {logging_mixin.py:190} INFO - [2024-12-26T00:07:49.073+0000] {dagbag.py:588} INFO - Filling up the DagBag from /opt/airflow/dags/dag_rtve_selenium.py
[2024-12-26T00:07:49.204+0000] {processor.py:925} INFO - DAG(s) 'rtve_schedule_scraper' retrieved from /opt/airflow/dags/dag_rtve_selenium.py
[2024-12-26T00:07:49.217+0000] {logging_mixin.py:190} INFO - [2024-12-26T00:07:49.217+0000] {dag.py:3239} INFO - Sync 1 DAGs
[2024-12-26T00:07:49.232+0000] {logging_mixin.py:190} INFO - [2024-12-26T00:07:49.232+0000] {dag.py:4180} INFO - Setting next_dagrun for rtve_schedule_scraper to 2024-12-25 23:30:00+00:00, run_after=2024-12-26 05:30:00+00:00
[2024-12-26T00:07:49.242+0000] {processor.py:208} INFO - Processing /opt/airflow/dags/dag_rtve_selenium.py took 0.173 seconds
[2024-12-26T00:08:19.999+0000] {processor.py:186} INFO - Started process (PID=4644) to work on /opt/airflow/dags/dag_rtve_selenium.py
[2024-12-26T00:08:19.999+0000] {processor.py:914} INFO - Processing file /opt/airflow/dags/dag_rtve_selenium.py for tasks to queue
[2024-12-26T00:08:20.000+0000] {logging_mixin.py:190} INFO - [2024-12-26T00:08:20.000+0000] {dagbag.py:588} INFO - Filling up the DagBag from /opt/airflow/dags/dag_rtve_selenium.py
[2024-12-26T00:08:20.131+0000] {processor.py:925} INFO - DAG(s) 'rtve_schedule_scraper' retrieved from /opt/airflow/dags/dag_rtve_selenium.py
[2024-12-26T00:08:20.146+0000] {logging_mixin.py:190} INFO - [2024-12-26T00:08:20.145+0000] {dag.py:3239} INFO - Sync 1 DAGs
[2024-12-26T00:08:20.160+0000] {logging_mixin.py:190} INFO - [2024-12-26T00:08:20.160+0000] {dag.py:4180} INFO - Setting next_dagrun for rtve_schedule_scraper to 2024-12-25 23:30:00+00:00, run_after=2024-12-26 05:30:00+00:00
[2024-12-26T00:08:20.170+0000] {processor.py:208} INFO - Processing /opt/airflow/dags/dag_rtve_selenium.py took 0.174 seconds
[2024-12-26T00:08:50.926+0000] {processor.py:186} INFO - Started process (PID=4659) to work on /opt/airflow/dags/dag_rtve_selenium.py
[2024-12-26T00:08:50.926+0000] {processor.py:914} INFO - Processing file /opt/airflow/dags/dag_rtve_selenium.py for tasks to queue
[2024-12-26T00:08:50.928+0000] {logging_mixin.py:190} INFO - [2024-12-26T00:08:50.927+0000] {dagbag.py:588} INFO - Filling up the DagBag from /opt/airflow/dags/dag_rtve_selenium.py
[2024-12-26T00:08:51.057+0000] {processor.py:925} INFO - DAG(s) 'rtve_schedule_scraper' retrieved from /opt/airflow/dags/dag_rtve_selenium.py
[2024-12-26T00:08:51.072+0000] {logging_mixin.py:190} INFO - [2024-12-26T00:08:51.071+0000] {dag.py:3239} INFO - Sync 1 DAGs
[2024-12-26T00:08:51.087+0000] {logging_mixin.py:190} INFO - [2024-12-26T00:08:51.087+0000] {dag.py:4180} INFO - Setting next_dagrun for rtve_schedule_scraper to 2024-12-25 23:30:00+00:00, run_after=2024-12-26 05:30:00+00:00
[2024-12-26T00:08:51.096+0000] {processor.py:208} INFO - Processing /opt/airflow/dags/dag_rtve_selenium.py took 0.176 seconds
[2024-12-26T00:09:21.843+0000] {processor.py:186} INFO - Started process (PID=4674) to work on /opt/airflow/dags/dag_rtve_selenium.py
[2024-12-26T00:09:21.844+0000] {processor.py:914} INFO - Processing file /opt/airflow/dags/dag_rtve_selenium.py for tasks to queue
[2024-12-26T00:09:21.845+0000] {logging_mixin.py:190} INFO - [2024-12-26T00:09:21.845+0000] {dagbag.py:588} INFO - Filling up the DagBag from /opt/airflow/dags/dag_rtve_selenium.py
[2024-12-26T00:09:21.974+0000] {processor.py:925} INFO - DAG(s) 'rtve_schedule_scraper' retrieved from /opt/airflow/dags/dag_rtve_selenium.py
[2024-12-26T00:09:21.986+0000] {logging_mixin.py:190} INFO - [2024-12-26T00:09:21.986+0000] {dag.py:3239} INFO - Sync 1 DAGs
[2024-12-26T00:09:22.000+0000] {logging_mixin.py:190} INFO - [2024-12-26T00:09:21.999+0000] {dag.py:4180} INFO - Setting next_dagrun for rtve_schedule_scraper to 2024-12-25 23:30:00+00:00, run_after=2024-12-26 05:30:00+00:00
[2024-12-26T00:09:22.009+0000] {processor.py:208} INFO - Processing /opt/airflow/dags/dag_rtve_selenium.py took 0.169 seconds
[2024-12-26T00:09:52.725+0000] {processor.py:186} INFO - Started process (PID=4689) to work on /opt/airflow/dags/dag_rtve_selenium.py
[2024-12-26T00:09:52.725+0000] {processor.py:914} INFO - Processing file /opt/airflow/dags/dag_rtve_selenium.py for tasks to queue
[2024-12-26T00:09:52.727+0000] {logging_mixin.py:190} INFO - [2024-12-26T00:09:52.727+0000] {dagbag.py:588} INFO - Filling up the DagBag from /opt/airflow/dags/dag_rtve_selenium.py
[2024-12-26T00:09:52.853+0000] {processor.py:925} INFO - DAG(s) 'rtve_schedule_scraper' retrieved from /opt/airflow/dags/dag_rtve_selenium.py
[2024-12-26T00:09:52.866+0000] {logging_mixin.py:190} INFO - [2024-12-26T00:09:52.866+0000] {dag.py:3239} INFO - Sync 1 DAGs
[2024-12-26T00:09:52.879+0000] {logging_mixin.py:190} INFO - [2024-12-26T00:09:52.879+0000] {dag.py:4180} INFO - Setting next_dagrun for rtve_schedule_scraper to 2024-12-25 23:30:00+00:00, run_after=2024-12-26 05:30:00+00:00
[2024-12-26T00:09:52.888+0000] {processor.py:208} INFO - Processing /opt/airflow/dags/dag_rtve_selenium.py took 0.166 seconds
[2024-12-26T00:10:23.777+0000] {processor.py:186} INFO - Started process (PID=4704) to work on /opt/airflow/dags/dag_rtve_selenium.py
[2024-12-26T00:10:23.778+0000] {processor.py:914} INFO - Processing file /opt/airflow/dags/dag_rtve_selenium.py for tasks to queue
[2024-12-26T00:10:23.779+0000] {logging_mixin.py:190} INFO - [2024-12-26T00:10:23.779+0000] {dagbag.py:588} INFO - Filling up the DagBag from /opt/airflow/dags/dag_rtve_selenium.py
[2024-12-26T00:10:23.910+0000] {processor.py:925} INFO - DAG(s) 'rtve_schedule_scraper' retrieved from /opt/airflow/dags/dag_rtve_selenium.py
[2024-12-26T00:10:23.923+0000] {logging_mixin.py:190} INFO - [2024-12-26T00:10:23.923+0000] {dag.py:3239} INFO - Sync 1 DAGs
[2024-12-26T00:10:23.937+0000] {logging_mixin.py:190} INFO - [2024-12-26T00:10:23.937+0000] {dag.py:4180} INFO - Setting next_dagrun for rtve_schedule_scraper to 2024-12-25 23:30:00+00:00, run_after=2024-12-26 05:30:00+00:00
[2024-12-26T00:10:23.947+0000] {processor.py:208} INFO - Processing /opt/airflow/dags/dag_rtve_selenium.py took 0.173 seconds
[2024-12-26T00:10:54.659+0000] {processor.py:186} INFO - Started process (PID=4719) to work on /opt/airflow/dags/dag_rtve_selenium.py
[2024-12-26T00:10:54.659+0000] {processor.py:914} INFO - Processing file /opt/airflow/dags/dag_rtve_selenium.py for tasks to queue
[2024-12-26T00:10:54.661+0000] {logging_mixin.py:190} INFO - [2024-12-26T00:10:54.661+0000] {dagbag.py:588} INFO - Filling up the DagBag from /opt/airflow/dags/dag_rtve_selenium.py
[2024-12-26T00:10:54.791+0000] {processor.py:925} INFO - DAG(s) 'rtve_schedule_scraper' retrieved from /opt/airflow/dags/dag_rtve_selenium.py
[2024-12-26T00:10:54.804+0000] {logging_mixin.py:190} INFO - [2024-12-26T00:10:54.804+0000] {dag.py:3239} INFO - Sync 1 DAGs
[2024-12-26T00:10:54.817+0000] {logging_mixin.py:190} INFO - [2024-12-26T00:10:54.817+0000] {dag.py:4180} INFO - Setting next_dagrun for rtve_schedule_scraper to 2024-12-25 23:30:00+00:00, run_after=2024-12-26 05:30:00+00:00
[2024-12-26T00:10:54.826+0000] {processor.py:208} INFO - Processing /opt/airflow/dags/dag_rtve_selenium.py took 0.171 seconds
[2024-12-26T00:11:25.573+0000] {processor.py:186} INFO - Started process (PID=4734) to work on /opt/airflow/dags/dag_rtve_selenium.py
[2024-12-26T00:11:25.573+0000] {processor.py:914} INFO - Processing file /opt/airflow/dags/dag_rtve_selenium.py for tasks to queue
[2024-12-26T00:11:25.575+0000] {logging_mixin.py:190} INFO - [2024-12-26T00:11:25.575+0000] {dagbag.py:588} INFO - Filling up the DagBag from /opt/airflow/dags/dag_rtve_selenium.py
[2024-12-26T00:11:25.704+0000] {processor.py:925} INFO - DAG(s) 'rtve_schedule_scraper' retrieved from /opt/airflow/dags/dag_rtve_selenium.py
[2024-12-26T00:11:25.717+0000] {logging_mixin.py:190} INFO - [2024-12-26T00:11:25.717+0000] {dag.py:3239} INFO - Sync 1 DAGs
[2024-12-26T00:11:25.731+0000] {logging_mixin.py:190} INFO - [2024-12-26T00:11:25.731+0000] {dag.py:4180} INFO - Setting next_dagrun for rtve_schedule_scraper to 2024-12-25 23:30:00+00:00, run_after=2024-12-26 05:30:00+00:00
[2024-12-26T00:11:25.740+0000] {processor.py:208} INFO - Processing /opt/airflow/dags/dag_rtve_selenium.py took 0.170 seconds
[2024-12-26T00:11:56.623+0000] {processor.py:186} INFO - Started process (PID=4749) to work on /opt/airflow/dags/dag_rtve_selenium.py
[2024-12-26T00:11:56.623+0000] {processor.py:914} INFO - Processing file /opt/airflow/dags/dag_rtve_selenium.py for tasks to queue
[2024-12-26T00:11:56.625+0000] {logging_mixin.py:190} INFO - [2024-12-26T00:11:56.625+0000] {dagbag.py:588} INFO - Filling up the DagBag from /opt/airflow/dags/dag_rtve_selenium.py
[2024-12-26T00:11:56.761+0000] {processor.py:925} INFO - DAG(s) 'rtve_schedule_scraper' retrieved from /opt/airflow/dags/dag_rtve_selenium.py
[2024-12-26T00:11:56.775+0000] {logging_mixin.py:190} INFO - [2024-12-26T00:11:56.775+0000] {dag.py:3239} INFO - Sync 1 DAGs
[2024-12-26T00:11:56.790+0000] {logging_mixin.py:190} INFO - [2024-12-26T00:11:56.790+0000] {dag.py:4180} INFO - Setting next_dagrun for rtve_schedule_scraper to 2024-12-25 23:30:00+00:00, run_after=2024-12-26 05:30:00+00:00
[2024-12-26T00:11:56.800+0000] {processor.py:208} INFO - Processing /opt/airflow/dags/dag_rtve_selenium.py took 0.180 seconds
[2024-12-26T00:12:27.498+0000] {processor.py:186} INFO - Started process (PID=4764) to work on /opt/airflow/dags/dag_rtve_selenium.py
[2024-12-26T00:12:27.499+0000] {processor.py:914} INFO - Processing file /opt/airflow/dags/dag_rtve_selenium.py for tasks to queue
[2024-12-26T00:12:27.500+0000] {logging_mixin.py:190} INFO - [2024-12-26T00:12:27.500+0000] {dagbag.py:588} INFO - Filling up the DagBag from /opt/airflow/dags/dag_rtve_selenium.py
[2024-12-26T00:12:27.631+0000] {processor.py:925} INFO - DAG(s) 'rtve_schedule_scraper' retrieved from /opt/airflow/dags/dag_rtve_selenium.py
[2024-12-26T00:12:27.643+0000] {logging_mixin.py:190} INFO - [2024-12-26T00:12:27.643+0000] {dag.py:3239} INFO - Sync 1 DAGs
[2024-12-26T00:12:27.657+0000] {logging_mixin.py:190} INFO - [2024-12-26T00:12:27.657+0000] {dag.py:4180} INFO - Setting next_dagrun for rtve_schedule_scraper to 2024-12-25 23:30:00+00:00, run_after=2024-12-26 05:30:00+00:00
[2024-12-26T00:12:27.666+0000] {processor.py:208} INFO - Processing /opt/airflow/dags/dag_rtve_selenium.py took 0.172 seconds
[2024-12-26T00:12:58.363+0000] {processor.py:186} INFO - Started process (PID=4779) to work on /opt/airflow/dags/dag_rtve_selenium.py
[2024-12-26T00:12:58.363+0000] {processor.py:914} INFO - Processing file /opt/airflow/dags/dag_rtve_selenium.py for tasks to queue
[2024-12-26T00:12:58.365+0000] {logging_mixin.py:190} INFO - [2024-12-26T00:12:58.364+0000] {dagbag.py:588} INFO - Filling up the DagBag from /opt/airflow/dags/dag_rtve_selenium.py
[2024-12-26T00:12:58.494+0000] {processor.py:925} INFO - DAG(s) 'rtve_schedule_scraper' retrieved from /opt/airflow/dags/dag_rtve_selenium.py
[2024-12-26T00:12:58.507+0000] {logging_mixin.py:190} INFO - [2024-12-26T00:12:58.507+0000] {dag.py:3239} INFO - Sync 1 DAGs
[2024-12-26T00:12:58.520+0000] {logging_mixin.py:190} INFO - [2024-12-26T00:12:58.520+0000] {dag.py:4180} INFO - Setting next_dagrun for rtve_schedule_scraper to 2024-12-25 23:30:00+00:00, run_after=2024-12-26 05:30:00+00:00
[2024-12-26T00:12:58.530+0000] {processor.py:208} INFO - Processing /opt/airflow/dags/dag_rtve_selenium.py took 0.171 seconds
[2024-12-26T00:13:29.225+0000] {processor.py:186} INFO - Started process (PID=4794) to work on /opt/airflow/dags/dag_rtve_selenium.py
[2024-12-26T00:13:29.226+0000] {processor.py:914} INFO - Processing file /opt/airflow/dags/dag_rtve_selenium.py for tasks to queue
[2024-12-26T00:13:29.227+0000] {logging_mixin.py:190} INFO - [2024-12-26T00:13:29.227+0000] {dagbag.py:588} INFO - Filling up the DagBag from /opt/airflow/dags/dag_rtve_selenium.py
[2024-12-26T00:13:29.358+0000] {processor.py:925} INFO - DAG(s) 'rtve_schedule_scraper' retrieved from /opt/airflow/dags/dag_rtve_selenium.py
[2024-12-26T00:13:29.371+0000] {logging_mixin.py:190} INFO - [2024-12-26T00:13:29.371+0000] {dag.py:3239} INFO - Sync 1 DAGs
[2024-12-26T00:13:29.384+0000] {logging_mixin.py:190} INFO - [2024-12-26T00:13:29.384+0000] {dag.py:4180} INFO - Setting next_dagrun for rtve_schedule_scraper to 2024-12-25 23:30:00+00:00, run_after=2024-12-26 05:30:00+00:00
[2024-12-26T00:13:29.397+0000] {processor.py:208} INFO - Processing /opt/airflow/dags/dag_rtve_selenium.py took 0.175 seconds
[2024-12-26T00:14:00.104+0000] {processor.py:186} INFO - Started process (PID=4809) to work on /opt/airflow/dags/dag_rtve_selenium.py
[2024-12-26T00:14:00.105+0000] {processor.py:914} INFO - Processing file /opt/airflow/dags/dag_rtve_selenium.py for tasks to queue
[2024-12-26T00:14:00.106+0000] {logging_mixin.py:190} INFO - [2024-12-26T00:14:00.106+0000] {dagbag.py:588} INFO - Filling up the DagBag from /opt/airflow/dags/dag_rtve_selenium.py
[2024-12-26T00:14:00.240+0000] {processor.py:925} INFO - DAG(s) 'rtve_schedule_scraper' retrieved from /opt/airflow/dags/dag_rtve_selenium.py
[2024-12-26T00:14:00.253+0000] {logging_mixin.py:190} INFO - [2024-12-26T00:14:00.253+0000] {dag.py:3239} INFO - Sync 1 DAGs
[2024-12-26T00:14:00.267+0000] {logging_mixin.py:190} INFO - [2024-12-26T00:14:00.267+0000] {dag.py:4180} INFO - Setting next_dagrun for rtve_schedule_scraper to 2024-12-25 23:30:00+00:00, run_after=2024-12-26 05:30:00+00:00
[2024-12-26T00:14:00.276+0000] {processor.py:208} INFO - Processing /opt/airflow/dags/dag_rtve_selenium.py took 0.175 seconds
[2024-12-26T00:14:30.979+0000] {processor.py:186} INFO - Started process (PID=4824) to work on /opt/airflow/dags/dag_rtve_selenium.py
[2024-12-26T00:14:30.979+0000] {processor.py:914} INFO - Processing file /opt/airflow/dags/dag_rtve_selenium.py for tasks to queue
[2024-12-26T00:14:30.981+0000] {logging_mixin.py:190} INFO - [2024-12-26T00:14:30.980+0000] {dagbag.py:588} INFO - Filling up the DagBag from /opt/airflow/dags/dag_rtve_selenium.py
[2024-12-26T00:14:31.114+0000] {processor.py:925} INFO - DAG(s) 'rtve_schedule_scraper' retrieved from /opt/airflow/dags/dag_rtve_selenium.py
[2024-12-26T00:14:31.128+0000] {logging_mixin.py:190} INFO - [2024-12-26T00:14:31.128+0000] {dag.py:3239} INFO - Sync 1 DAGs
[2024-12-26T00:14:31.143+0000] {logging_mixin.py:190} INFO - [2024-12-26T00:14:31.143+0000] {dag.py:4180} INFO - Setting next_dagrun for rtve_schedule_scraper to 2024-12-25 23:30:00+00:00, run_after=2024-12-26 05:30:00+00:00
[2024-12-26T00:14:31.152+0000] {processor.py:208} INFO - Processing /opt/airflow/dags/dag_rtve_selenium.py took 0.177 seconds
[2024-12-26T00:15:01.894+0000] {processor.py:186} INFO - Started process (PID=4839) to work on /opt/airflow/dags/dag_rtve_selenium.py
[2024-12-26T00:15:01.895+0000] {processor.py:914} INFO - Processing file /opt/airflow/dags/dag_rtve_selenium.py for tasks to queue
[2024-12-26T00:15:01.896+0000] {logging_mixin.py:190} INFO - [2024-12-26T00:15:01.896+0000] {dagbag.py:588} INFO - Filling up the DagBag from /opt/airflow/dags/dag_rtve_selenium.py
[2024-12-26T00:15:02.031+0000] {processor.py:925} INFO - DAG(s) 'rtve_schedule_scraper' retrieved from /opt/airflow/dags/dag_rtve_selenium.py
[2024-12-26T00:15:02.045+0000] {logging_mixin.py:190} INFO - [2024-12-26T00:15:02.045+0000] {dag.py:3239} INFO - Sync 1 DAGs
[2024-12-26T00:15:02.060+0000] {logging_mixin.py:190} INFO - [2024-12-26T00:15:02.060+0000] {dag.py:4180} INFO - Setting next_dagrun for rtve_schedule_scraper to 2024-12-25 23:30:00+00:00, run_after=2024-12-26 05:30:00+00:00
[2024-12-26T00:15:02.070+0000] {processor.py:208} INFO - Processing /opt/airflow/dags/dag_rtve_selenium.py took 0.179 seconds
[2024-12-26T00:15:33.054+0000] {processor.py:186} INFO - Started process (PID=4854) to work on /opt/airflow/dags/dag_rtve_selenium.py
[2024-12-26T00:15:33.054+0000] {processor.py:914} INFO - Processing file /opt/airflow/dags/dag_rtve_selenium.py for tasks to queue
[2024-12-26T00:15:33.055+0000] {logging_mixin.py:190} INFO - [2024-12-26T00:15:33.055+0000] {dagbag.py:588} INFO - Filling up the DagBag from /opt/airflow/dags/dag_rtve_selenium.py
[2024-12-26T00:15:33.190+0000] {processor.py:925} INFO - DAG(s) 'rtve_schedule_scraper' retrieved from /opt/airflow/dags/dag_rtve_selenium.py
[2024-12-26T00:15:33.203+0000] {logging_mixin.py:190} INFO - [2024-12-26T00:15:33.203+0000] {dag.py:3239} INFO - Sync 1 DAGs
[2024-12-26T00:15:33.216+0000] {logging_mixin.py:190} INFO - [2024-12-26T00:15:33.216+0000] {dag.py:4180} INFO - Setting next_dagrun for rtve_schedule_scraper to 2024-12-25 23:30:00+00:00, run_after=2024-12-26 05:30:00+00:00
[2024-12-26T00:15:33.225+0000] {processor.py:208} INFO - Processing /opt/airflow/dags/dag_rtve_selenium.py took 0.175 seconds
[2024-12-26T00:16:04.012+0000] {processor.py:186} INFO - Started process (PID=4869) to work on /opt/airflow/dags/dag_rtve_selenium.py
[2024-12-26T00:16:04.012+0000] {processor.py:914} INFO - Processing file /opt/airflow/dags/dag_rtve_selenium.py for tasks to queue
[2024-12-26T00:16:04.013+0000] {logging_mixin.py:190} INFO - [2024-12-26T00:16:04.013+0000] {dagbag.py:588} INFO - Filling up the DagBag from /opt/airflow/dags/dag_rtve_selenium.py
[2024-12-26T00:16:04.143+0000] {processor.py:925} INFO - DAG(s) 'rtve_schedule_scraper' retrieved from /opt/airflow/dags/dag_rtve_selenium.py
[2024-12-26T00:16:04.157+0000] {logging_mixin.py:190} INFO - [2024-12-26T00:16:04.157+0000] {dag.py:3239} INFO - Sync 1 DAGs
[2024-12-26T00:16:04.173+0000] {logging_mixin.py:190} INFO - [2024-12-26T00:16:04.173+0000] {dag.py:4180} INFO - Setting next_dagrun for rtve_schedule_scraper to 2024-12-25 23:30:00+00:00, run_after=2024-12-26 05:30:00+00:00
[2024-12-26T00:16:04.183+0000] {processor.py:208} INFO - Processing /opt/airflow/dags/dag_rtve_selenium.py took 0.175 seconds
[2024-12-26T00:16:34.954+0000] {processor.py:186} INFO - Started process (PID=4884) to work on /opt/airflow/dags/dag_rtve_selenium.py
[2024-12-26T00:16:34.954+0000] {processor.py:914} INFO - Processing file /opt/airflow/dags/dag_rtve_selenium.py for tasks to queue
[2024-12-26T00:16:34.956+0000] {logging_mixin.py:190} INFO - [2024-12-26T00:16:34.955+0000] {dagbag.py:588} INFO - Filling up the DagBag from /opt/airflow/dags/dag_rtve_selenium.py
[2024-12-26T00:16:35.084+0000] {processor.py:925} INFO - DAG(s) 'rtve_schedule_scraper' retrieved from /opt/airflow/dags/dag_rtve_selenium.py
[2024-12-26T00:16:35.097+0000] {logging_mixin.py:190} INFO - [2024-12-26T00:16:35.097+0000] {dag.py:3239} INFO - Sync 1 DAGs
[2024-12-26T00:16:35.111+0000] {logging_mixin.py:190} INFO - [2024-12-26T00:16:35.111+0000] {dag.py:4180} INFO - Setting next_dagrun for rtve_schedule_scraper to 2024-12-25 23:30:00+00:00, run_after=2024-12-26 05:30:00+00:00
[2024-12-26T00:16:35.120+0000] {processor.py:208} INFO - Processing /opt/airflow/dags/dag_rtve_selenium.py took 0.170 seconds
[2024-12-26T00:17:05.868+0000] {processor.py:186} INFO - Started process (PID=4899) to work on /opt/airflow/dags/dag_rtve_selenium.py
[2024-12-26T00:17:05.869+0000] {processor.py:914} INFO - Processing file /opt/airflow/dags/dag_rtve_selenium.py for tasks to queue
[2024-12-26T00:17:05.870+0000] {logging_mixin.py:190} INFO - [2024-12-26T00:17:05.870+0000] {dagbag.py:588} INFO - Filling up the DagBag from /opt/airflow/dags/dag_rtve_selenium.py
[2024-12-26T00:17:06.002+0000] {processor.py:925} INFO - DAG(s) 'rtve_schedule_scraper' retrieved from /opt/airflow/dags/dag_rtve_selenium.py
[2024-12-26T00:17:06.016+0000] {logging_mixin.py:190} INFO - [2024-12-26T00:17:06.016+0000] {dag.py:3239} INFO - Sync 1 DAGs
[2024-12-26T00:17:06.029+0000] {logging_mixin.py:190} INFO - [2024-12-26T00:17:06.029+0000] {dag.py:4180} INFO - Setting next_dagrun for rtve_schedule_scraper to 2024-12-25 23:30:00+00:00, run_after=2024-12-26 05:30:00+00:00
[2024-12-26T00:17:06.040+0000] {processor.py:208} INFO - Processing /opt/airflow/dags/dag_rtve_selenium.py took 0.175 seconds
[2024-12-26T00:17:36.856+0000] {processor.py:186} INFO - Started process (PID=4914) to work on /opt/airflow/dags/dag_rtve_selenium.py
[2024-12-26T00:17:36.856+0000] {processor.py:914} INFO - Processing file /opt/airflow/dags/dag_rtve_selenium.py for tasks to queue
[2024-12-26T00:17:36.858+0000] {logging_mixin.py:190} INFO - [2024-12-26T00:17:36.858+0000] {dagbag.py:588} INFO - Filling up the DagBag from /opt/airflow/dags/dag_rtve_selenium.py
[2024-12-26T00:17:36.987+0000] {processor.py:925} INFO - DAG(s) 'rtve_schedule_scraper' retrieved from /opt/airflow/dags/dag_rtve_selenium.py
[2024-12-26T00:17:37.080+0000] {logging_mixin.py:190} INFO - [2024-12-26T00:17:37.080+0000] {dag.py:3239} INFO - Sync 1 DAGs
[2024-12-26T00:17:37.092+0000] {logging_mixin.py:190} INFO - [2024-12-26T00:17:37.092+0000] {dag.py:4180} INFO - Setting next_dagrun for rtve_schedule_scraper to 2024-12-25 23:30:00+00:00, run_after=2024-12-26 05:30:00+00:00
[2024-12-26T00:17:37.101+0000] {processor.py:208} INFO - Processing /opt/airflow/dags/dag_rtve_selenium.py took 0.248 seconds
[2024-12-26T00:18:07.816+0000] {processor.py:186} INFO - Started process (PID=4929) to work on /opt/airflow/dags/dag_rtve_selenium.py
[2024-12-26T00:18:07.816+0000] {processor.py:914} INFO - Processing file /opt/airflow/dags/dag_rtve_selenium.py for tasks to queue
[2024-12-26T00:18:07.817+0000] {logging_mixin.py:190} INFO - [2024-12-26T00:18:07.817+0000] {dagbag.py:588} INFO - Filling up the DagBag from /opt/airflow/dags/dag_rtve_selenium.py
[2024-12-26T00:18:07.950+0000] {processor.py:925} INFO - DAG(s) 'rtve_schedule_scraper' retrieved from /opt/airflow/dags/dag_rtve_selenium.py
[2024-12-26T00:18:07.964+0000] {logging_mixin.py:190} INFO - [2024-12-26T00:18:07.963+0000] {dag.py:3239} INFO - Sync 1 DAGs
[2024-12-26T00:18:07.978+0000] {logging_mixin.py:190} INFO - [2024-12-26T00:18:07.978+0000] {dag.py:4180} INFO - Setting next_dagrun for rtve_schedule_scraper to 2024-12-25 23:30:00+00:00, run_after=2024-12-26 05:30:00+00:00
[2024-12-26T00:18:07.989+0000] {processor.py:208} INFO - Processing /opt/airflow/dags/dag_rtve_selenium.py took 0.176 seconds
[2024-12-26T00:18:38.737+0000] {processor.py:186} INFO - Started process (PID=4944) to work on /opt/airflow/dags/dag_rtve_selenium.py
[2024-12-26T00:18:38.737+0000] {processor.py:914} INFO - Processing file /opt/airflow/dags/dag_rtve_selenium.py for tasks to queue
[2024-12-26T00:18:38.738+0000] {logging_mixin.py:190} INFO - [2024-12-26T00:18:38.738+0000] {dagbag.py:588} INFO - Filling up the DagBag from /opt/airflow/dags/dag_rtve_selenium.py
[2024-12-26T00:18:38.876+0000] {processor.py:925} INFO - DAG(s) 'rtve_schedule_scraper' retrieved from /opt/airflow/dags/dag_rtve_selenium.py
[2024-12-26T00:18:38.890+0000] {logging_mixin.py:190} INFO - [2024-12-26T00:18:38.890+0000] {dag.py:3239} INFO - Sync 1 DAGs
[2024-12-26T00:18:38.905+0000] {logging_mixin.py:190} INFO - [2024-12-26T00:18:38.905+0000] {dag.py:4180} INFO - Setting next_dagrun for rtve_schedule_scraper to 2024-12-25 23:30:00+00:00, run_after=2024-12-26 05:30:00+00:00
[2024-12-26T00:18:38.917+0000] {processor.py:208} INFO - Processing /opt/airflow/dags/dag_rtve_selenium.py took 0.183 seconds
[2024-12-26T15:07:41.612+0000] {processor.py:186} INFO - Started process (PID=86) to work on /opt/airflow/dags/dag_rtve_selenium.py
[2024-12-26T15:07:41.613+0000] {processor.py:914} INFO - Processing file /opt/airflow/dags/dag_rtve_selenium.py for tasks to queue
[2024-12-26T15:07:41.614+0000] {logging_mixin.py:190} INFO - [2024-12-26T15:07:41.614+0000] {dagbag.py:588} INFO - Filling up the DagBag from /opt/airflow/dags/dag_rtve_selenium.py
[2024-12-26T15:07:41.896+0000] {processor.py:925} INFO - DAG(s) 'rtve_schedule_scraper' retrieved from /opt/airflow/dags/dag_rtve_selenium.py
[2024-12-26T15:07:42.013+0000] {logging_mixin.py:190} INFO - [2024-12-26T15:07:42.013+0000] {override.py:1911} INFO - Created Permission View: can edit on DAG:rtve_schedule_scraper
[2024-12-26T15:07:42.019+0000] {logging_mixin.py:190} INFO - [2024-12-26T15:07:42.019+0000] {override.py:1911} INFO - Created Permission View: can delete on DAG:rtve_schedule_scraper
[2024-12-26T15:07:42.023+0000] {logging_mixin.py:190} INFO - [2024-12-26T15:07:42.023+0000] {override.py:1911} INFO - Created Permission View: can read on DAG:rtve_schedule_scraper
[2024-12-26T15:07:42.027+0000] {logging_mixin.py:190} INFO - [2024-12-26T15:07:42.027+0000] {override.py:1911} INFO - Created Permission View: menu access on DAG Run:rtve_schedule_scraper
[2024-12-26T15:07:42.030+0000] {logging_mixin.py:190} INFO - [2024-12-26T15:07:42.030+0000] {override.py:1911} INFO - Created Permission View: can create on DAG Run:rtve_schedule_scraper
[2024-12-26T15:07:42.034+0000] {logging_mixin.py:190} INFO - [2024-12-26T15:07:42.034+0000] {override.py:1911} INFO - Created Permission View: can delete on DAG Run:rtve_schedule_scraper
[2024-12-26T15:07:42.037+0000] {logging_mixin.py:190} INFO - [2024-12-26T15:07:42.037+0000] {override.py:1911} INFO - Created Permission View: can read on DAG Run:rtve_schedule_scraper
[2024-12-26T15:07:42.038+0000] {logging_mixin.py:190} INFO - [2024-12-26T15:07:42.038+0000] {dag.py:3239} INFO - Sync 1 DAGs
[2024-12-26T15:07:42.044+0000] {logging_mixin.py:190} INFO - [2024-12-26T15:07:42.044+0000] {dag.py:3262} INFO - Creating ORM DAG for rtve_schedule_scraper
[2024-12-26T15:07:42.050+0000] {logging_mixin.py:190} INFO - [2024-12-26T15:07:42.050+0000] {dag.py:4180} INFO - Setting next_dagrun for rtve_schedule_scraper to 2024-12-26 05:30:00+00:00, run_after=2024-12-26 11:30:00+00:00
[2024-12-26T15:07:42.059+0000] {processor.py:208} INFO - Processing /opt/airflow/dags/dag_rtve_selenium.py took 0.450 seconds
[2024-12-26T15:08:12.204+0000] {processor.py:186} INFO - Started process (PID=101) to work on /opt/airflow/dags/dag_rtve_selenium.py
[2024-12-26T15:08:12.205+0000] {processor.py:914} INFO - Processing file /opt/airflow/dags/dag_rtve_selenium.py for tasks to queue
[2024-12-26T15:08:12.206+0000] {logging_mixin.py:190} INFO - [2024-12-26T15:08:12.206+0000] {dagbag.py:588} INFO - Filling up the DagBag from /opt/airflow/dags/dag_rtve_selenium.py
[2024-12-26T15:08:12.441+0000] {processor.py:925} INFO - DAG(s) 'rtve_schedule_scraper' retrieved from /opt/airflow/dags/dag_rtve_selenium.py
[2024-12-26T15:08:12.453+0000] {logging_mixin.py:190} INFO - [2024-12-26T15:08:12.452+0000] {dag.py:3239} INFO - Sync 1 DAGs
[2024-12-26T15:08:12.464+0000] {logging_mixin.py:190} INFO - [2024-12-26T15:08:12.464+0000] {dag.py:4180} INFO - Setting next_dagrun for rtve_schedule_scraper to 2024-12-26 05:30:00+00:00, run_after=2024-12-26 11:30:00+00:00
[2024-12-26T15:08:12.502+0000] {processor.py:208} INFO - Processing /opt/airflow/dags/dag_rtve_selenium.py took 0.301 seconds
[2024-12-26T15:08:42.625+0000] {processor.py:186} INFO - Started process (PID=116) to work on /opt/airflow/dags/dag_rtve_selenium.py
[2024-12-26T15:08:42.625+0000] {processor.py:914} INFO - Processing file /opt/airflow/dags/dag_rtve_selenium.py for tasks to queue
[2024-12-26T15:08:42.627+0000] {logging_mixin.py:190} INFO - [2024-12-26T15:08:42.627+0000] {dagbag.py:588} INFO - Filling up the DagBag from /opt/airflow/dags/dag_rtve_selenium.py
[2024-12-26T15:08:42.762+0000] {processor.py:925} INFO - DAG(s) 'rtve_schedule_scraper' retrieved from /opt/airflow/dags/dag_rtve_selenium.py
[2024-12-26T15:08:42.775+0000] {logging_mixin.py:190} INFO - [2024-12-26T15:08:42.775+0000] {dag.py:3239} INFO - Sync 1 DAGs
[2024-12-26T15:08:42.787+0000] {logging_mixin.py:190} INFO - [2024-12-26T15:08:42.787+0000] {dag.py:4180} INFO - Setting next_dagrun for rtve_schedule_scraper to 2024-12-26 05:30:00+00:00, run_after=2024-12-26 11:30:00+00:00
[2024-12-26T15:08:42.796+0000] {processor.py:208} INFO - Processing /opt/airflow/dags/dag_rtve_selenium.py took 0.175 seconds
