[2024-12-26T00:00:06.055+0000] {processor.py:186} INFO - Started process (PID=4405) to work on /opt/airflow/dags/dag_hello_world.py
[2024-12-26T00:00:06.056+0000] {processor.py:914} INFO - Processing file /opt/airflow/dags/dag_hello_world.py for tasks to queue
[2024-12-26T00:00:06.057+0000] {logging_mixin.py:190} INFO - [2024-12-26T00:00:06.057+0000] {dagbag.py:588} INFO - Filling up the DagBag from /opt/airflow/dags/dag_hello_world.py
[2024-12-26T00:00:06.067+0000] {processor.py:925} INFO - DAG(s) 'example' retrieved from /opt/airflow/dags/dag_hello_world.py
[2024-12-26T00:00:06.080+0000] {logging_mixin.py:190} INFO - [2024-12-26T00:00:06.080+0000] {dag.py:3239} INFO - Sync 1 DAGs
[2024-12-26T00:00:06.093+0000] {logging_mixin.py:190} INFO - [2024-12-26T00:00:06.093+0000] {dag.py:4180} INFO - Setting next_dagrun for example to 2024-12-24 17:12:00+00:00, run_after=2024-12-25 17:12:00+00:00
[2024-12-26T00:00:06.102+0000] {processor.py:208} INFO - Processing /opt/airflow/dags/dag_hello_world.py took 0.050 seconds
[2024-12-26T00:00:37.113+0000] {processor.py:186} INFO - Started process (PID=4420) to work on /opt/airflow/dags/dag_hello_world.py
[2024-12-26T00:00:37.114+0000] {processor.py:914} INFO - Processing file /opt/airflow/dags/dag_hello_world.py for tasks to queue
[2024-12-26T00:00:37.115+0000] {logging_mixin.py:190} INFO - [2024-12-26T00:00:37.115+0000] {dagbag.py:588} INFO - Filling up the DagBag from /opt/airflow/dags/dag_hello_world.py
[2024-12-26T00:00:37.127+0000] {processor.py:925} INFO - DAG(s) 'example' retrieved from /opt/airflow/dags/dag_hello_world.py
[2024-12-26T00:00:37.141+0000] {logging_mixin.py:190} INFO - [2024-12-26T00:00:37.141+0000] {dag.py:3239} INFO - Sync 1 DAGs
[2024-12-26T00:00:37.155+0000] {logging_mixin.py:190} INFO - [2024-12-26T00:00:37.155+0000] {dag.py:4180} INFO - Setting next_dagrun for example to 2024-12-24 17:12:00+00:00, run_after=2024-12-25 17:12:00+00:00
[2024-12-26T00:00:37.165+0000] {processor.py:208} INFO - Processing /opt/airflow/dags/dag_hello_world.py took 0.055 seconds
[2024-12-26T00:01:07.957+0000] {processor.py:186} INFO - Started process (PID=4435) to work on /opt/airflow/dags/dag_hello_world.py
[2024-12-26T00:01:07.958+0000] {processor.py:914} INFO - Processing file /opt/airflow/dags/dag_hello_world.py for tasks to queue
[2024-12-26T00:01:07.959+0000] {logging_mixin.py:190} INFO - [2024-12-26T00:01:07.959+0000] {dagbag.py:588} INFO - Filling up the DagBag from /opt/airflow/dags/dag_hello_world.py
[2024-12-26T00:01:07.969+0000] {processor.py:925} INFO - DAG(s) 'example' retrieved from /opt/airflow/dags/dag_hello_world.py
[2024-12-26T00:01:07.983+0000] {logging_mixin.py:190} INFO - [2024-12-26T00:01:07.982+0000] {dag.py:3239} INFO - Sync 1 DAGs
[2024-12-26T00:01:07.996+0000] {logging_mixin.py:190} INFO - [2024-12-26T00:01:07.996+0000] {dag.py:4180} INFO - Setting next_dagrun for example to 2024-12-24 17:12:00+00:00, run_after=2024-12-25 17:12:00+00:00
[2024-12-26T00:01:08.005+0000] {processor.py:208} INFO - Processing /opt/airflow/dags/dag_hello_world.py took 0.052 seconds
[2024-12-26T00:01:38.843+0000] {processor.py:186} INFO - Started process (PID=4456) to work on /opt/airflow/dags/dag_hello_world.py
[2024-12-26T00:01:38.843+0000] {processor.py:914} INFO - Processing file /opt/airflow/dags/dag_hello_world.py for tasks to queue
[2024-12-26T00:01:38.844+0000] {logging_mixin.py:190} INFO - [2024-12-26T00:01:38.844+0000] {dagbag.py:588} INFO - Filling up the DagBag from /opt/airflow/dags/dag_hello_world.py
[2024-12-26T00:01:38.854+0000] {processor.py:925} INFO - DAG(s) 'example' retrieved from /opt/airflow/dags/dag_hello_world.py
[2024-12-26T00:01:38.868+0000] {logging_mixin.py:190} INFO - [2024-12-26T00:01:38.867+0000] {dag.py:3239} INFO - Sync 1 DAGs
[2024-12-26T00:01:38.880+0000] {logging_mixin.py:190} INFO - [2024-12-26T00:01:38.880+0000] {dag.py:4180} INFO - Setting next_dagrun for example to 2024-12-24 17:12:00+00:00, run_after=2024-12-25 17:12:00+00:00
[2024-12-26T00:01:38.890+0000] {processor.py:208} INFO - Processing /opt/airflow/dags/dag_hello_world.py took 0.050 seconds
[2024-12-26T00:02:09.694+0000] {processor.py:186} INFO - Started process (PID=4471) to work on /opt/airflow/dags/dag_hello_world.py
[2024-12-26T00:02:09.695+0000] {processor.py:914} INFO - Processing file /opt/airflow/dags/dag_hello_world.py for tasks to queue
[2024-12-26T00:02:09.696+0000] {logging_mixin.py:190} INFO - [2024-12-26T00:02:09.696+0000] {dagbag.py:588} INFO - Filling up the DagBag from /opt/airflow/dags/dag_hello_world.py
[2024-12-26T00:02:09.706+0000] {processor.py:925} INFO - DAG(s) 'example' retrieved from /opt/airflow/dags/dag_hello_world.py
[2024-12-26T00:02:09.720+0000] {logging_mixin.py:190} INFO - [2024-12-26T00:02:09.720+0000] {dag.py:3239} INFO - Sync 1 DAGs
[2024-12-26T00:02:09.733+0000] {logging_mixin.py:190} INFO - [2024-12-26T00:02:09.733+0000] {dag.py:4180} INFO - Setting next_dagrun for example to 2024-12-24 17:12:00+00:00, run_after=2024-12-25 17:12:00+00:00
[2024-12-26T00:02:09.743+0000] {processor.py:208} INFO - Processing /opt/airflow/dags/dag_hello_world.py took 0.052 seconds
[2024-12-26T00:02:40.594+0000] {processor.py:186} INFO - Started process (PID=4486) to work on /opt/airflow/dags/dag_hello_world.py
[2024-12-26T00:02:40.594+0000] {processor.py:914} INFO - Processing file /opt/airflow/dags/dag_hello_world.py for tasks to queue
[2024-12-26T00:02:40.595+0000] {logging_mixin.py:190} INFO - [2024-12-26T00:02:40.595+0000] {dagbag.py:588} INFO - Filling up the DagBag from /opt/airflow/dags/dag_hello_world.py
[2024-12-26T00:02:40.606+0000] {processor.py:925} INFO - DAG(s) 'example' retrieved from /opt/airflow/dags/dag_hello_world.py
[2024-12-26T00:02:40.619+0000] {logging_mixin.py:190} INFO - [2024-12-26T00:02:40.619+0000] {dag.py:3239} INFO - Sync 1 DAGs
[2024-12-26T00:02:40.632+0000] {logging_mixin.py:190} INFO - [2024-12-26T00:02:40.632+0000] {dag.py:4180} INFO - Setting next_dagrun for example to 2024-12-24 17:12:00+00:00, run_after=2024-12-25 17:12:00+00:00
[2024-12-26T00:02:40.642+0000] {processor.py:208} INFO - Processing /opt/airflow/dags/dag_hello_world.py took 0.052 seconds
[2024-12-26T00:03:11.478+0000] {processor.py:186} INFO - Started process (PID=4501) to work on /opt/airflow/dags/dag_hello_world.py
[2024-12-26T00:03:11.479+0000] {processor.py:914} INFO - Processing file /opt/airflow/dags/dag_hello_world.py for tasks to queue
[2024-12-26T00:03:11.480+0000] {logging_mixin.py:190} INFO - [2024-12-26T00:03:11.480+0000] {dagbag.py:588} INFO - Filling up the DagBag from /opt/airflow/dags/dag_hello_world.py
[2024-12-26T00:03:11.490+0000] {processor.py:925} INFO - DAG(s) 'example' retrieved from /opt/airflow/dags/dag_hello_world.py
[2024-12-26T00:03:11.505+0000] {logging_mixin.py:190} INFO - [2024-12-26T00:03:11.505+0000] {dag.py:3239} INFO - Sync 1 DAGs
[2024-12-26T00:03:11.518+0000] {logging_mixin.py:190} INFO - [2024-12-26T00:03:11.518+0000] {dag.py:4180} INFO - Setting next_dagrun for example to 2024-12-24 17:12:00+00:00, run_after=2024-12-25 17:12:00+00:00
[2024-12-26T00:03:11.528+0000] {processor.py:208} INFO - Processing /opt/airflow/dags/dag_hello_world.py took 0.053 seconds
[2024-12-26T00:03:42.333+0000] {processor.py:186} INFO - Started process (PID=4516) to work on /opt/airflow/dags/dag_hello_world.py
[2024-12-26T00:03:42.334+0000] {processor.py:914} INFO - Processing file /opt/airflow/dags/dag_hello_world.py for tasks to queue
[2024-12-26T00:03:42.335+0000] {logging_mixin.py:190} INFO - [2024-12-26T00:03:42.335+0000] {dagbag.py:588} INFO - Filling up the DagBag from /opt/airflow/dags/dag_hello_world.py
[2024-12-26T00:03:42.345+0000] {processor.py:925} INFO - DAG(s) 'example' retrieved from /opt/airflow/dags/dag_hello_world.py
[2024-12-26T00:03:42.359+0000] {logging_mixin.py:190} INFO - [2024-12-26T00:03:42.358+0000] {dag.py:3239} INFO - Sync 1 DAGs
[2024-12-26T00:03:42.372+0000] {logging_mixin.py:190} INFO - [2024-12-26T00:03:42.372+0000] {dag.py:4180} INFO - Setting next_dagrun for example to 2024-12-24 17:12:00+00:00, run_after=2024-12-25 17:12:00+00:00
[2024-12-26T00:03:42.381+0000] {processor.py:208} INFO - Processing /opt/airflow/dags/dag_hello_world.py took 0.051 seconds
[2024-12-26T00:04:13.193+0000] {processor.py:186} INFO - Started process (PID=4531) to work on /opt/airflow/dags/dag_hello_world.py
[2024-12-26T00:04:13.193+0000] {processor.py:914} INFO - Processing file /opt/airflow/dags/dag_hello_world.py for tasks to queue
[2024-12-26T00:04:13.195+0000] {logging_mixin.py:190} INFO - [2024-12-26T00:04:13.195+0000] {dagbag.py:588} INFO - Filling up the DagBag from /opt/airflow/dags/dag_hello_world.py
[2024-12-26T00:04:13.204+0000] {processor.py:925} INFO - DAG(s) 'example' retrieved from /opt/airflow/dags/dag_hello_world.py
[2024-12-26T00:04:13.218+0000] {logging_mixin.py:190} INFO - [2024-12-26T00:04:13.218+0000] {dag.py:3239} INFO - Sync 1 DAGs
[2024-12-26T00:04:13.231+0000] {logging_mixin.py:190} INFO - [2024-12-26T00:04:13.231+0000] {dag.py:4180} INFO - Setting next_dagrun for example to 2024-12-24 17:12:00+00:00, run_after=2024-12-25 17:12:00+00:00
[2024-12-26T00:04:13.241+0000] {processor.py:208} INFO - Processing /opt/airflow/dags/dag_hello_world.py took 0.051 seconds
[2024-12-26T00:04:44.103+0000] {processor.py:186} INFO - Started process (PID=4546) to work on /opt/airflow/dags/dag_hello_world.py
[2024-12-26T00:04:44.104+0000] {processor.py:914} INFO - Processing file /opt/airflow/dags/dag_hello_world.py for tasks to queue
[2024-12-26T00:04:44.105+0000] {logging_mixin.py:190} INFO - [2024-12-26T00:04:44.105+0000] {dagbag.py:588} INFO - Filling up the DagBag from /opt/airflow/dags/dag_hello_world.py
[2024-12-26T00:04:44.117+0000] {processor.py:925} INFO - DAG(s) 'example' retrieved from /opt/airflow/dags/dag_hello_world.py
[2024-12-26T00:04:44.131+0000] {logging_mixin.py:190} INFO - [2024-12-26T00:04:44.131+0000] {dag.py:3239} INFO - Sync 1 DAGs
[2024-12-26T00:04:44.144+0000] {logging_mixin.py:190} INFO - [2024-12-26T00:04:44.143+0000] {dag.py:4180} INFO - Setting next_dagrun for example to 2024-12-24 17:12:00+00:00, run_after=2024-12-25 17:12:00+00:00
[2024-12-26T00:04:44.153+0000] {processor.py:208} INFO - Processing /opt/airflow/dags/dag_hello_world.py took 0.053 seconds
[2024-12-26T00:05:15.026+0000] {processor.py:186} INFO - Started process (PID=4561) to work on /opt/airflow/dags/dag_hello_world.py
[2024-12-26T00:05:15.027+0000] {processor.py:914} INFO - Processing file /opt/airflow/dags/dag_hello_world.py for tasks to queue
[2024-12-26T00:05:15.028+0000] {logging_mixin.py:190} INFO - [2024-12-26T00:05:15.028+0000] {dagbag.py:588} INFO - Filling up the DagBag from /opt/airflow/dags/dag_hello_world.py
[2024-12-26T00:05:15.038+0000] {processor.py:925} INFO - DAG(s) 'example' retrieved from /opt/airflow/dags/dag_hello_world.py
[2024-12-26T00:05:15.051+0000] {logging_mixin.py:190} INFO - [2024-12-26T00:05:15.051+0000] {dag.py:3239} INFO - Sync 1 DAGs
[2024-12-26T00:05:15.064+0000] {logging_mixin.py:190} INFO - [2024-12-26T00:05:15.064+0000] {dag.py:4180} INFO - Setting next_dagrun for example to 2024-12-24 17:12:00+00:00, run_after=2024-12-25 17:12:00+00:00
[2024-12-26T00:05:15.073+0000] {processor.py:208} INFO - Processing /opt/airflow/dags/dag_hello_world.py took 0.051 seconds
[2024-12-26T00:05:46.121+0000] {processor.py:186} INFO - Started process (PID=4576) to work on /opt/airflow/dags/dag_hello_world.py
[2024-12-26T00:05:46.121+0000] {processor.py:914} INFO - Processing file /opt/airflow/dags/dag_hello_world.py for tasks to queue
[2024-12-26T00:05:46.123+0000] {logging_mixin.py:190} INFO - [2024-12-26T00:05:46.122+0000] {dagbag.py:588} INFO - Filling up the DagBag from /opt/airflow/dags/dag_hello_world.py
[2024-12-26T00:05:46.133+0000] {processor.py:925} INFO - DAG(s) 'example' retrieved from /opt/airflow/dags/dag_hello_world.py
[2024-12-26T00:05:46.146+0000] {logging_mixin.py:190} INFO - [2024-12-26T00:05:46.146+0000] {dag.py:3239} INFO - Sync 1 DAGs
[2024-12-26T00:05:46.159+0000] {logging_mixin.py:190} INFO - [2024-12-26T00:05:46.159+0000] {dag.py:4180} INFO - Setting next_dagrun for example to 2024-12-24 17:12:00+00:00, run_after=2024-12-25 17:12:00+00:00
[2024-12-26T00:05:46.168+0000] {processor.py:208} INFO - Processing /opt/airflow/dags/dag_hello_world.py took 0.051 seconds
[2024-12-26T00:06:16.981+0000] {processor.py:186} INFO - Started process (PID=4591) to work on /opt/airflow/dags/dag_hello_world.py
[2024-12-26T00:06:16.982+0000] {processor.py:914} INFO - Processing file /opt/airflow/dags/dag_hello_world.py for tasks to queue
[2024-12-26T00:06:16.983+0000] {logging_mixin.py:190} INFO - [2024-12-26T00:06:16.983+0000] {dagbag.py:588} INFO - Filling up the DagBag from /opt/airflow/dags/dag_hello_world.py
[2024-12-26T00:06:16.993+0000] {processor.py:925} INFO - DAG(s) 'example' retrieved from /opt/airflow/dags/dag_hello_world.py
[2024-12-26T00:06:17.006+0000] {logging_mixin.py:190} INFO - [2024-12-26T00:06:17.006+0000] {dag.py:3239} INFO - Sync 1 DAGs
[2024-12-26T00:06:17.019+0000] {logging_mixin.py:190} INFO - [2024-12-26T00:06:17.019+0000] {dag.py:4180} INFO - Setting next_dagrun for example to 2024-12-24 17:12:00+00:00, run_after=2024-12-25 17:12:00+00:00
[2024-12-26T00:06:17.029+0000] {processor.py:208} INFO - Processing /opt/airflow/dags/dag_hello_world.py took 0.051 seconds
[2024-12-26T00:06:47.828+0000] {processor.py:186} INFO - Started process (PID=4606) to work on /opt/airflow/dags/dag_hello_world.py
[2024-12-26T00:06:47.829+0000] {processor.py:914} INFO - Processing file /opt/airflow/dags/dag_hello_world.py for tasks to queue
[2024-12-26T00:06:47.830+0000] {logging_mixin.py:190} INFO - [2024-12-26T00:06:47.830+0000] {dagbag.py:588} INFO - Filling up the DagBag from /opt/airflow/dags/dag_hello_world.py
[2024-12-26T00:06:47.840+0000] {processor.py:925} INFO - DAG(s) 'example' retrieved from /opt/airflow/dags/dag_hello_world.py
[2024-12-26T00:06:47.854+0000] {logging_mixin.py:190} INFO - [2024-12-26T00:06:47.854+0000] {dag.py:3239} INFO - Sync 1 DAGs
[2024-12-26T00:06:47.867+0000] {logging_mixin.py:190} INFO - [2024-12-26T00:06:47.867+0000] {dag.py:4180} INFO - Setting next_dagrun for example to 2024-12-24 17:12:00+00:00, run_after=2024-12-25 17:12:00+00:00
[2024-12-26T00:06:47.876+0000] {processor.py:208} INFO - Processing /opt/airflow/dags/dag_hello_world.py took 0.052 seconds
[2024-12-26T00:07:18.768+0000] {processor.py:186} INFO - Started process (PID=4621) to work on /opt/airflow/dags/dag_hello_world.py
[2024-12-26T00:07:18.768+0000] {processor.py:914} INFO - Processing file /opt/airflow/dags/dag_hello_world.py for tasks to queue
[2024-12-26T00:07:18.770+0000] {logging_mixin.py:190} INFO - [2024-12-26T00:07:18.770+0000] {dagbag.py:588} INFO - Filling up the DagBag from /opt/airflow/dags/dag_hello_world.py
[2024-12-26T00:07:18.780+0000] {processor.py:925} INFO - DAG(s) 'example' retrieved from /opt/airflow/dags/dag_hello_world.py
[2024-12-26T00:07:18.794+0000] {logging_mixin.py:190} INFO - [2024-12-26T00:07:18.794+0000] {dag.py:3239} INFO - Sync 1 DAGs
[2024-12-26T00:07:18.807+0000] {logging_mixin.py:190} INFO - [2024-12-26T00:07:18.807+0000] {dag.py:4180} INFO - Setting next_dagrun for example to 2024-12-24 17:12:00+00:00, run_after=2024-12-25 17:12:00+00:00
[2024-12-26T00:07:18.817+0000] {processor.py:208} INFO - Processing /opt/airflow/dags/dag_hello_world.py took 0.052 seconds
[2024-12-26T00:07:49.646+0000] {processor.py:186} INFO - Started process (PID=4636) to work on /opt/airflow/dags/dag_hello_world.py
[2024-12-26T00:07:49.646+0000] {processor.py:914} INFO - Processing file /opt/airflow/dags/dag_hello_world.py for tasks to queue
[2024-12-26T00:07:49.648+0000] {logging_mixin.py:190} INFO - [2024-12-26T00:07:49.648+0000] {dagbag.py:588} INFO - Filling up the DagBag from /opt/airflow/dags/dag_hello_world.py
[2024-12-26T00:07:49.658+0000] {processor.py:925} INFO - DAG(s) 'example' retrieved from /opt/airflow/dags/dag_hello_world.py
[2024-12-26T00:07:49.671+0000] {logging_mixin.py:190} INFO - [2024-12-26T00:07:49.671+0000] {dag.py:3239} INFO - Sync 1 DAGs
[2024-12-26T00:07:49.684+0000] {logging_mixin.py:190} INFO - [2024-12-26T00:07:49.684+0000] {dag.py:4180} INFO - Setting next_dagrun for example to 2024-12-24 17:12:00+00:00, run_after=2024-12-25 17:12:00+00:00
[2024-12-26T00:07:49.693+0000] {processor.py:208} INFO - Processing /opt/airflow/dags/dag_hello_world.py took 0.051 seconds
[2024-12-26T00:08:20.568+0000] {processor.py:186} INFO - Started process (PID=4651) to work on /opt/airflow/dags/dag_hello_world.py
[2024-12-26T00:08:20.568+0000] {processor.py:914} INFO - Processing file /opt/airflow/dags/dag_hello_world.py for tasks to queue
[2024-12-26T00:08:20.570+0000] {logging_mixin.py:190} INFO - [2024-12-26T00:08:20.570+0000] {dagbag.py:588} INFO - Filling up the DagBag from /opt/airflow/dags/dag_hello_world.py
[2024-12-26T00:08:20.579+0000] {processor.py:925} INFO - DAG(s) 'example' retrieved from /opt/airflow/dags/dag_hello_world.py
[2024-12-26T00:08:20.593+0000] {logging_mixin.py:190} INFO - [2024-12-26T00:08:20.593+0000] {dag.py:3239} INFO - Sync 1 DAGs
[2024-12-26T00:08:20.606+0000] {logging_mixin.py:190} INFO - [2024-12-26T00:08:20.606+0000] {dag.py:4180} INFO - Setting next_dagrun for example to 2024-12-24 17:12:00+00:00, run_after=2024-12-25 17:12:00+00:00
[2024-12-26T00:08:20.615+0000] {processor.py:208} INFO - Processing /opt/airflow/dags/dag_hello_world.py took 0.051 seconds
[2024-12-26T00:08:51.515+0000] {processor.py:186} INFO - Started process (PID=4666) to work on /opt/airflow/dags/dag_hello_world.py
[2024-12-26T00:08:51.516+0000] {processor.py:914} INFO - Processing file /opt/airflow/dags/dag_hello_world.py for tasks to queue
[2024-12-26T00:08:51.517+0000] {logging_mixin.py:190} INFO - [2024-12-26T00:08:51.517+0000] {dagbag.py:588} INFO - Filling up the DagBag from /opt/airflow/dags/dag_hello_world.py
[2024-12-26T00:08:51.527+0000] {processor.py:925} INFO - DAG(s) 'example' retrieved from /opt/airflow/dags/dag_hello_world.py
[2024-12-26T00:08:51.540+0000] {logging_mixin.py:190} INFO - [2024-12-26T00:08:51.540+0000] {dag.py:3239} INFO - Sync 1 DAGs
[2024-12-26T00:08:51.555+0000] {logging_mixin.py:190} INFO - [2024-12-26T00:08:51.554+0000] {dag.py:4180} INFO - Setting next_dagrun for example to 2024-12-24 17:12:00+00:00, run_after=2024-12-25 17:12:00+00:00
[2024-12-26T00:08:51.564+0000] {processor.py:208} INFO - Processing /opt/airflow/dags/dag_hello_world.py took 0.052 seconds
[2024-12-26T00:09:22.425+0000] {processor.py:186} INFO - Started process (PID=4681) to work on /opt/airflow/dags/dag_hello_world.py
[2024-12-26T00:09:22.425+0000] {processor.py:914} INFO - Processing file /opt/airflow/dags/dag_hello_world.py for tasks to queue
[2024-12-26T00:09:22.427+0000] {logging_mixin.py:190} INFO - [2024-12-26T00:09:22.426+0000] {dagbag.py:588} INFO - Filling up the DagBag from /opt/airflow/dags/dag_hello_world.py
[2024-12-26T00:09:22.437+0000] {processor.py:925} INFO - DAG(s) 'example' retrieved from /opt/airflow/dags/dag_hello_world.py
[2024-12-26T00:09:22.451+0000] {logging_mixin.py:190} INFO - [2024-12-26T00:09:22.451+0000] {dag.py:3239} INFO - Sync 1 DAGs
[2024-12-26T00:09:22.464+0000] {logging_mixin.py:190} INFO - [2024-12-26T00:09:22.464+0000] {dag.py:4180} INFO - Setting next_dagrun for example to 2024-12-24 17:12:00+00:00, run_after=2024-12-25 17:12:00+00:00
[2024-12-26T00:09:22.475+0000] {processor.py:208} INFO - Processing /opt/airflow/dags/dag_hello_world.py took 0.054 seconds
[2024-12-26T00:09:53.301+0000] {processor.py:186} INFO - Started process (PID=4696) to work on /opt/airflow/dags/dag_hello_world.py
[2024-12-26T00:09:53.301+0000] {processor.py:914} INFO - Processing file /opt/airflow/dags/dag_hello_world.py for tasks to queue
[2024-12-26T00:09:53.303+0000] {logging_mixin.py:190} INFO - [2024-12-26T00:09:53.303+0000] {dagbag.py:588} INFO - Filling up the DagBag from /opt/airflow/dags/dag_hello_world.py
[2024-12-26T00:09:53.313+0000] {processor.py:925} INFO - DAG(s) 'example' retrieved from /opt/airflow/dags/dag_hello_world.py
[2024-12-26T00:09:53.327+0000] {logging_mixin.py:190} INFO - [2024-12-26T00:09:53.327+0000] {dag.py:3239} INFO - Sync 1 DAGs
[2024-12-26T00:09:53.341+0000] {logging_mixin.py:190} INFO - [2024-12-26T00:09:53.341+0000] {dag.py:4180} INFO - Setting next_dagrun for example to 2024-12-24 17:12:00+00:00, run_after=2024-12-25 17:12:00+00:00
[2024-12-26T00:09:53.351+0000] {processor.py:208} INFO - Processing /opt/airflow/dags/dag_hello_world.py took 0.054 seconds
[2024-12-26T00:10:24.359+0000] {processor.py:186} INFO - Started process (PID=4711) to work on /opt/airflow/dags/dag_hello_world.py
[2024-12-26T00:10:24.360+0000] {processor.py:914} INFO - Processing file /opt/airflow/dags/dag_hello_world.py for tasks to queue
[2024-12-26T00:10:24.361+0000] {logging_mixin.py:190} INFO - [2024-12-26T00:10:24.361+0000] {dagbag.py:588} INFO - Filling up the DagBag from /opt/airflow/dags/dag_hello_world.py
[2024-12-26T00:10:24.371+0000] {processor.py:925} INFO - DAG(s) 'example' retrieved from /opt/airflow/dags/dag_hello_world.py
[2024-12-26T00:10:24.384+0000] {logging_mixin.py:190} INFO - [2024-12-26T00:10:24.384+0000] {dag.py:3239} INFO - Sync 1 DAGs
[2024-12-26T00:10:24.398+0000] {logging_mixin.py:190} INFO - [2024-12-26T00:10:24.398+0000] {dag.py:4180} INFO - Setting next_dagrun for example to 2024-12-24 17:12:00+00:00, run_after=2024-12-25 17:12:00+00:00
[2024-12-26T00:10:24.407+0000] {processor.py:208} INFO - Processing /opt/airflow/dags/dag_hello_world.py took 0.051 seconds
[2024-12-26T00:10:55.242+0000] {processor.py:186} INFO - Started process (PID=4726) to work on /opt/airflow/dags/dag_hello_world.py
[2024-12-26T00:10:55.243+0000] {processor.py:914} INFO - Processing file /opt/airflow/dags/dag_hello_world.py for tasks to queue
[2024-12-26T00:10:55.244+0000] {logging_mixin.py:190} INFO - [2024-12-26T00:10:55.244+0000] {dagbag.py:588} INFO - Filling up the DagBag from /opt/airflow/dags/dag_hello_world.py
[2024-12-26T00:10:55.254+0000] {processor.py:925} INFO - DAG(s) 'example' retrieved from /opt/airflow/dags/dag_hello_world.py
[2024-12-26T00:10:55.268+0000] {logging_mixin.py:190} INFO - [2024-12-26T00:10:55.267+0000] {dag.py:3239} INFO - Sync 1 DAGs
[2024-12-26T00:10:55.281+0000] {logging_mixin.py:190} INFO - [2024-12-26T00:10:55.281+0000] {dag.py:4180} INFO - Setting next_dagrun for example to 2024-12-24 17:12:00+00:00, run_after=2024-12-25 17:12:00+00:00
[2024-12-26T00:10:55.291+0000] {processor.py:208} INFO - Processing /opt/airflow/dags/dag_hello_world.py took 0.052 seconds
[2024-12-26T00:11:26.288+0000] {processor.py:186} INFO - Started process (PID=4741) to work on /opt/airflow/dags/dag_hello_world.py
[2024-12-26T00:11:26.288+0000] {processor.py:914} INFO - Processing file /opt/airflow/dags/dag_hello_world.py for tasks to queue
[2024-12-26T00:11:26.290+0000] {logging_mixin.py:190} INFO - [2024-12-26T00:11:26.290+0000] {dagbag.py:588} INFO - Filling up the DagBag from /opt/airflow/dags/dag_hello_world.py
[2024-12-26T00:11:26.300+0000] {processor.py:925} INFO - DAG(s) 'example' retrieved from /opt/airflow/dags/dag_hello_world.py
[2024-12-26T00:11:26.313+0000] {logging_mixin.py:190} INFO - [2024-12-26T00:11:26.313+0000] {dag.py:3239} INFO - Sync 1 DAGs
[2024-12-26T00:11:26.326+0000] {logging_mixin.py:190} INFO - [2024-12-26T00:11:26.326+0000] {dag.py:4180} INFO - Setting next_dagrun for example to 2024-12-24 17:12:00+00:00, run_after=2024-12-25 17:12:00+00:00
[2024-12-26T00:11:26.335+0000] {processor.py:208} INFO - Processing /opt/airflow/dags/dag_hello_world.py took 0.051 seconds
[2024-12-26T00:11:57.214+0000] {processor.py:186} INFO - Started process (PID=4756) to work on /opt/airflow/dags/dag_hello_world.py
[2024-12-26T00:11:57.214+0000] {processor.py:914} INFO - Processing file /opt/airflow/dags/dag_hello_world.py for tasks to queue
[2024-12-26T00:11:57.216+0000] {logging_mixin.py:190} INFO - [2024-12-26T00:11:57.215+0000] {dagbag.py:588} INFO - Filling up the DagBag from /opt/airflow/dags/dag_hello_world.py
[2024-12-26T00:11:57.227+0000] {processor.py:925} INFO - DAG(s) 'example' retrieved from /opt/airflow/dags/dag_hello_world.py
[2024-12-26T00:11:57.241+0000] {logging_mixin.py:190} INFO - [2024-12-26T00:11:57.241+0000] {dag.py:3239} INFO - Sync 1 DAGs
[2024-12-26T00:11:57.256+0000] {logging_mixin.py:190} INFO - [2024-12-26T00:11:57.255+0000] {dag.py:4180} INFO - Setting next_dagrun for example to 2024-12-24 17:12:00+00:00, run_after=2024-12-25 17:12:00+00:00
[2024-12-26T00:11:57.266+0000] {processor.py:208} INFO - Processing /opt/airflow/dags/dag_hello_world.py took 0.055 seconds
[2024-12-26T00:12:28.077+0000] {processor.py:186} INFO - Started process (PID=4771) to work on /opt/airflow/dags/dag_hello_world.py
[2024-12-26T00:12:28.078+0000] {processor.py:914} INFO - Processing file /opt/airflow/dags/dag_hello_world.py for tasks to queue
[2024-12-26T00:12:28.079+0000] {logging_mixin.py:190} INFO - [2024-12-26T00:12:28.079+0000] {dagbag.py:588} INFO - Filling up the DagBag from /opt/airflow/dags/dag_hello_world.py
[2024-12-26T00:12:28.090+0000] {processor.py:925} INFO - DAG(s) 'example' retrieved from /opt/airflow/dags/dag_hello_world.py
[2024-12-26T00:12:28.103+0000] {logging_mixin.py:190} INFO - [2024-12-26T00:12:28.103+0000] {dag.py:3239} INFO - Sync 1 DAGs
[2024-12-26T00:12:28.116+0000] {logging_mixin.py:190} INFO - [2024-12-26T00:12:28.116+0000] {dag.py:4180} INFO - Setting next_dagrun for example to 2024-12-24 17:12:00+00:00, run_after=2024-12-25 17:12:00+00:00
[2024-12-26T00:12:28.126+0000] {processor.py:208} INFO - Processing /opt/airflow/dags/dag_hello_world.py took 0.052 seconds
[2024-12-26T00:12:58.938+0000] {processor.py:186} INFO - Started process (PID=4786) to work on /opt/airflow/dags/dag_hello_world.py
[2024-12-26T00:12:58.939+0000] {processor.py:914} INFO - Processing file /opt/airflow/dags/dag_hello_world.py for tasks to queue
[2024-12-26T00:12:58.940+0000] {logging_mixin.py:190} INFO - [2024-12-26T00:12:58.940+0000] {dagbag.py:588} INFO - Filling up the DagBag from /opt/airflow/dags/dag_hello_world.py
[2024-12-26T00:12:58.950+0000] {processor.py:925} INFO - DAG(s) 'example' retrieved from /opt/airflow/dags/dag_hello_world.py
[2024-12-26T00:12:58.964+0000] {logging_mixin.py:190} INFO - [2024-12-26T00:12:58.964+0000] {dag.py:3239} INFO - Sync 1 DAGs
[2024-12-26T00:12:58.977+0000] {logging_mixin.py:190} INFO - [2024-12-26T00:12:58.977+0000] {dag.py:4180} INFO - Setting next_dagrun for example to 2024-12-24 17:12:00+00:00, run_after=2024-12-25 17:12:00+00:00
[2024-12-26T00:12:58.986+0000] {processor.py:208} INFO - Processing /opt/airflow/dags/dag_hello_world.py took 0.052 seconds
[2024-12-26T00:13:29.807+0000] {processor.py:186} INFO - Started process (PID=4801) to work on /opt/airflow/dags/dag_hello_world.py
[2024-12-26T00:13:29.807+0000] {processor.py:914} INFO - Processing file /opt/airflow/dags/dag_hello_world.py for tasks to queue
[2024-12-26T00:13:29.809+0000] {logging_mixin.py:190} INFO - [2024-12-26T00:13:29.808+0000] {dagbag.py:588} INFO - Filling up the DagBag from /opt/airflow/dags/dag_hello_world.py
[2024-12-26T00:13:29.819+0000] {processor.py:925} INFO - DAG(s) 'example' retrieved from /opt/airflow/dags/dag_hello_world.py
[2024-12-26T00:13:29.832+0000] {logging_mixin.py:190} INFO - [2024-12-26T00:13:29.832+0000] {dag.py:3239} INFO - Sync 1 DAGs
[2024-12-26T00:13:29.845+0000] {logging_mixin.py:190} INFO - [2024-12-26T00:13:29.845+0000] {dag.py:4180} INFO - Setting next_dagrun for example to 2024-12-24 17:12:00+00:00, run_after=2024-12-25 17:12:00+00:00
[2024-12-26T00:13:29.855+0000] {processor.py:208} INFO - Processing /opt/airflow/dags/dag_hello_world.py took 0.052 seconds
[2024-12-26T00:14:00.689+0000] {processor.py:186} INFO - Started process (PID=4816) to work on /opt/airflow/dags/dag_hello_world.py
[2024-12-26T00:14:00.690+0000] {processor.py:914} INFO - Processing file /opt/airflow/dags/dag_hello_world.py for tasks to queue
[2024-12-26T00:14:00.691+0000] {logging_mixin.py:190} INFO - [2024-12-26T00:14:00.691+0000] {dagbag.py:588} INFO - Filling up the DagBag from /opt/airflow/dags/dag_hello_world.py
[2024-12-26T00:14:00.701+0000] {processor.py:925} INFO - DAG(s) 'example' retrieved from /opt/airflow/dags/dag_hello_world.py
[2024-12-26T00:14:00.714+0000] {logging_mixin.py:190} INFO - [2024-12-26T00:14:00.714+0000] {dag.py:3239} INFO - Sync 1 DAGs
[2024-12-26T00:14:00.727+0000] {logging_mixin.py:190} INFO - [2024-12-26T00:14:00.727+0000] {dag.py:4180} INFO - Setting next_dagrun for example to 2024-12-24 17:12:00+00:00, run_after=2024-12-25 17:12:00+00:00
[2024-12-26T00:14:00.737+0000] {processor.py:208} INFO - Processing /opt/airflow/dags/dag_hello_world.py took 0.051 seconds
[2024-12-26T00:14:31.562+0000] {processor.py:186} INFO - Started process (PID=4831) to work on /opt/airflow/dags/dag_hello_world.py
[2024-12-26T00:14:31.562+0000] {processor.py:914} INFO - Processing file /opt/airflow/dags/dag_hello_world.py for tasks to queue
[2024-12-26T00:14:31.564+0000] {logging_mixin.py:190} INFO - [2024-12-26T00:14:31.563+0000] {dagbag.py:588} INFO - Filling up the DagBag from /opt/airflow/dags/dag_hello_world.py
[2024-12-26T00:14:31.574+0000] {processor.py:925} INFO - DAG(s) 'example' retrieved from /opt/airflow/dags/dag_hello_world.py
[2024-12-26T00:14:31.588+0000] {logging_mixin.py:190} INFO - [2024-12-26T00:14:31.587+0000] {dag.py:3239} INFO - Sync 1 DAGs
[2024-12-26T00:14:31.601+0000] {logging_mixin.py:190} INFO - [2024-12-26T00:14:31.601+0000] {dag.py:4180} INFO - Setting next_dagrun for example to 2024-12-24 17:12:00+00:00, run_after=2024-12-25 17:12:00+00:00
[2024-12-26T00:14:31.611+0000] {processor.py:208} INFO - Processing /opt/airflow/dags/dag_hello_world.py took 0.053 seconds
[2024-12-26T00:15:02.565+0000] {processor.py:186} INFO - Started process (PID=4846) to work on /opt/airflow/dags/dag_hello_world.py
[2024-12-26T00:15:02.565+0000] {processor.py:914} INFO - Processing file /opt/airflow/dags/dag_hello_world.py for tasks to queue
[2024-12-26T00:15:02.567+0000] {logging_mixin.py:190} INFO - [2024-12-26T00:15:02.567+0000] {dagbag.py:588} INFO - Filling up the DagBag from /opt/airflow/dags/dag_hello_world.py
[2024-12-26T00:15:02.579+0000] {processor.py:925} INFO - DAG(s) 'example' retrieved from /opt/airflow/dags/dag_hello_world.py
[2024-12-26T00:15:02.593+0000] {logging_mixin.py:190} INFO - [2024-12-26T00:15:02.592+0000] {dag.py:3239} INFO - Sync 1 DAGs
[2024-12-26T00:15:02.606+0000] {logging_mixin.py:190} INFO - [2024-12-26T00:15:02.606+0000] {dag.py:4180} INFO - Setting next_dagrun for example to 2024-12-24 17:12:00+00:00, run_after=2024-12-25 17:12:00+00:00
[2024-12-26T00:15:02.615+0000] {processor.py:208} INFO - Processing /opt/airflow/dags/dag_hello_world.py took 0.054 seconds
[2024-12-26T00:15:33.714+0000] {processor.py:186} INFO - Started process (PID=4861) to work on /opt/airflow/dags/dag_hello_world.py
[2024-12-26T00:15:33.715+0000] {processor.py:914} INFO - Processing file /opt/airflow/dags/dag_hello_world.py for tasks to queue
[2024-12-26T00:15:33.716+0000] {logging_mixin.py:190} INFO - [2024-12-26T00:15:33.716+0000] {dagbag.py:588} INFO - Filling up the DagBag from /opt/airflow/dags/dag_hello_world.py
[2024-12-26T00:15:33.727+0000] {processor.py:925} INFO - DAG(s) 'example' retrieved from /opt/airflow/dags/dag_hello_world.py
[2024-12-26T00:15:33.741+0000] {logging_mixin.py:190} INFO - [2024-12-26T00:15:33.741+0000] {dag.py:3239} INFO - Sync 1 DAGs
[2024-12-26T00:15:33.755+0000] {logging_mixin.py:190} INFO - [2024-12-26T00:15:33.755+0000] {dag.py:4180} INFO - Setting next_dagrun for example to 2024-12-24 17:12:00+00:00, run_after=2024-12-25 17:12:00+00:00
[2024-12-26T00:15:33.765+0000] {processor.py:208} INFO - Processing /opt/airflow/dags/dag_hello_world.py took 0.054 seconds
[2024-12-26T00:16:04.644+0000] {processor.py:186} INFO - Started process (PID=4876) to work on /opt/airflow/dags/dag_hello_world.py
[2024-12-26T00:16:04.645+0000] {processor.py:914} INFO - Processing file /opt/airflow/dags/dag_hello_world.py for tasks to queue
[2024-12-26T00:16:04.646+0000] {logging_mixin.py:190} INFO - [2024-12-26T00:16:04.646+0000] {dagbag.py:588} INFO - Filling up the DagBag from /opt/airflow/dags/dag_hello_world.py
[2024-12-26T00:16:04.657+0000] {processor.py:925} INFO - DAG(s) 'example' retrieved from /opt/airflow/dags/dag_hello_world.py
[2024-12-26T00:16:04.670+0000] {logging_mixin.py:190} INFO - [2024-12-26T00:16:04.670+0000] {dag.py:3239} INFO - Sync 1 DAGs
[2024-12-26T00:16:04.683+0000] {logging_mixin.py:190} INFO - [2024-12-26T00:16:04.682+0000] {dag.py:4180} INFO - Setting next_dagrun for example to 2024-12-24 17:12:00+00:00, run_after=2024-12-25 17:12:00+00:00
[2024-12-26T00:16:04.691+0000] {processor.py:208} INFO - Processing /opt/airflow/dags/dag_hello_world.py took 0.051 seconds
[2024-12-26T00:16:35.597+0000] {processor.py:186} INFO - Started process (PID=4891) to work on /opt/airflow/dags/dag_hello_world.py
[2024-12-26T00:16:35.598+0000] {processor.py:914} INFO - Processing file /opt/airflow/dags/dag_hello_world.py for tasks to queue
[2024-12-26T00:16:35.599+0000] {logging_mixin.py:190} INFO - [2024-12-26T00:16:35.599+0000] {dagbag.py:588} INFO - Filling up the DagBag from /opt/airflow/dags/dag_hello_world.py
[2024-12-26T00:16:35.609+0000] {processor.py:925} INFO - DAG(s) 'example' retrieved from /opt/airflow/dags/dag_hello_world.py
[2024-12-26T00:16:35.622+0000] {logging_mixin.py:190} INFO - [2024-12-26T00:16:35.622+0000] {dag.py:3239} INFO - Sync 1 DAGs
[2024-12-26T00:16:35.635+0000] {logging_mixin.py:190} INFO - [2024-12-26T00:16:35.635+0000] {dag.py:4180} INFO - Setting next_dagrun for example to 2024-12-24 17:12:00+00:00, run_after=2024-12-25 17:12:00+00:00
[2024-12-26T00:16:35.644+0000] {processor.py:208} INFO - Processing /opt/airflow/dags/dag_hello_world.py took 0.050 seconds
[2024-12-26T00:17:06.540+0000] {processor.py:186} INFO - Started process (PID=4906) to work on /opt/airflow/dags/dag_hello_world.py
[2024-12-26T00:17:06.541+0000] {processor.py:914} INFO - Processing file /opt/airflow/dags/dag_hello_world.py for tasks to queue
[2024-12-26T00:17:06.543+0000] {logging_mixin.py:190} INFO - [2024-12-26T00:17:06.542+0000] {dagbag.py:588} INFO - Filling up the DagBag from /opt/airflow/dags/dag_hello_world.py
[2024-12-26T00:17:06.553+0000] {processor.py:925} INFO - DAG(s) 'example' retrieved from /opt/airflow/dags/dag_hello_world.py
[2024-12-26T00:17:06.569+0000] {logging_mixin.py:190} INFO - [2024-12-26T00:17:06.569+0000] {dag.py:3239} INFO - Sync 1 DAGs
[2024-12-26T00:17:06.583+0000] {logging_mixin.py:190} INFO - [2024-12-26T00:17:06.583+0000] {dag.py:4180} INFO - Setting next_dagrun for example to 2024-12-24 17:12:00+00:00, run_after=2024-12-25 17:12:00+00:00
[2024-12-26T00:17:06.593+0000] {processor.py:208} INFO - Processing /opt/airflow/dags/dag_hello_world.py took 0.056 seconds
[2024-12-26T00:17:37.509+0000] {processor.py:186} INFO - Started process (PID=4921) to work on /opt/airflow/dags/dag_hello_world.py
[2024-12-26T00:17:37.510+0000] {processor.py:914} INFO - Processing file /opt/airflow/dags/dag_hello_world.py for tasks to queue
[2024-12-26T00:17:37.511+0000] {logging_mixin.py:190} INFO - [2024-12-26T00:17:37.511+0000] {dagbag.py:588} INFO - Filling up the DagBag from /opt/airflow/dags/dag_hello_world.py
[2024-12-26T00:17:37.521+0000] {processor.py:925} INFO - DAG(s) 'example' retrieved from /opt/airflow/dags/dag_hello_world.py
[2024-12-26T00:17:37.534+0000] {logging_mixin.py:190} INFO - [2024-12-26T00:17:37.534+0000] {dag.py:3239} INFO - Sync 1 DAGs
[2024-12-26T00:17:37.547+0000] {logging_mixin.py:190} INFO - [2024-12-26T00:17:37.547+0000] {dag.py:4180} INFO - Setting next_dagrun for example to 2024-12-24 17:12:00+00:00, run_after=2024-12-25 17:12:00+00:00
[2024-12-26T00:17:37.556+0000] {processor.py:208} INFO - Processing /opt/airflow/dags/dag_hello_world.py took 0.051 seconds
[2024-12-26T00:18:08.462+0000] {processor.py:186} INFO - Started process (PID=4936) to work on /opt/airflow/dags/dag_hello_world.py
[2024-12-26T00:18:08.463+0000] {processor.py:914} INFO - Processing file /opt/airflow/dags/dag_hello_world.py for tasks to queue
[2024-12-26T00:18:08.464+0000] {logging_mixin.py:190} INFO - [2024-12-26T00:18:08.464+0000] {dagbag.py:588} INFO - Filling up the DagBag from /opt/airflow/dags/dag_hello_world.py
[2024-12-26T00:18:08.474+0000] {processor.py:925} INFO - DAG(s) 'example' retrieved from /opt/airflow/dags/dag_hello_world.py
[2024-12-26T00:18:08.486+0000] {logging_mixin.py:190} INFO - [2024-12-26T00:18:08.486+0000] {dag.py:3239} INFO - Sync 1 DAGs
[2024-12-26T00:18:08.499+0000] {logging_mixin.py:190} INFO - [2024-12-26T00:18:08.499+0000] {dag.py:4180} INFO - Setting next_dagrun for example to 2024-12-24 17:12:00+00:00, run_after=2024-12-25 17:12:00+00:00
[2024-12-26T00:18:08.508+0000] {processor.py:208} INFO - Processing /opt/airflow/dags/dag_hello_world.py took 0.049 seconds
[2024-12-26T00:18:39.531+0000] {processor.py:186} INFO - Started process (PID=4957) to work on /opt/airflow/dags/dag_hello_world.py
[2024-12-26T00:18:39.531+0000] {processor.py:914} INFO - Processing file /opt/airflow/dags/dag_hello_world.py for tasks to queue
[2024-12-26T00:18:39.533+0000] {logging_mixin.py:190} INFO - [2024-12-26T00:18:39.533+0000] {dagbag.py:588} INFO - Filling up the DagBag from /opt/airflow/dags/dag_hello_world.py
[2024-12-26T00:18:39.544+0000] {processor.py:925} INFO - DAG(s) 'example' retrieved from /opt/airflow/dags/dag_hello_world.py
[2024-12-26T00:18:39.558+0000] {logging_mixin.py:190} INFO - [2024-12-26T00:18:39.558+0000] {dag.py:3239} INFO - Sync 1 DAGs
[2024-12-26T00:18:39.572+0000] {logging_mixin.py:190} INFO - [2024-12-26T00:18:39.571+0000] {dag.py:4180} INFO - Setting next_dagrun for example to 2024-12-24 17:12:00+00:00, run_after=2024-12-25 17:12:00+00:00
[2024-12-26T00:18:39.582+0000] {processor.py:208} INFO - Processing /opt/airflow/dags/dag_hello_world.py took 0.055 seconds
[2024-12-26T15:07:42.770+0000] {processor.py:186} INFO - Started process (PID=93) to work on /opt/airflow/dags/dag_hello_world.py
[2024-12-26T15:07:42.771+0000] {processor.py:914} INFO - Processing file /opt/airflow/dags/dag_hello_world.py for tasks to queue
[2024-12-26T15:07:42.772+0000] {logging_mixin.py:190} INFO - [2024-12-26T15:07:42.772+0000] {dagbag.py:588} INFO - Filling up the DagBag from /opt/airflow/dags/dag_hello_world.py
[2024-12-26T15:07:42.782+0000] {processor.py:925} INFO - DAG(s) 'example' retrieved from /opt/airflow/dags/dag_hello_world.py
[2024-12-26T15:07:42.917+0000] {logging_mixin.py:190} INFO - [2024-12-26T15:07:42.916+0000] {override.py:1911} INFO - Created Permission View: can edit on DAG:example
[2024-12-26T15:07:42.921+0000] {logging_mixin.py:190} INFO - [2024-12-26T15:07:42.921+0000] {override.py:1911} INFO - Created Permission View: can delete on DAG:example
[2024-12-26T15:07:42.925+0000] {logging_mixin.py:190} INFO - [2024-12-26T15:07:42.925+0000] {override.py:1911} INFO - Created Permission View: can read on DAG:example
[2024-12-26T15:07:42.928+0000] {logging_mixin.py:190} INFO - [2024-12-26T15:07:42.928+0000] {override.py:1911} INFO - Created Permission View: menu access on DAG Run:example
[2024-12-26T15:07:42.932+0000] {logging_mixin.py:190} INFO - [2024-12-26T15:07:42.931+0000] {override.py:1911} INFO - Created Permission View: can create on DAG Run:example
[2024-12-26T15:07:42.935+0000] {logging_mixin.py:190} INFO - [2024-12-26T15:07:42.935+0000] {override.py:1911} INFO - Created Permission View: can delete on DAG Run:example
[2024-12-26T15:07:42.937+0000] {logging_mixin.py:190} INFO - [2024-12-26T15:07:42.937+0000] {override.py:1911} INFO - Created Permission View: can read on DAG Run:example
[2024-12-26T15:07:42.938+0000] {logging_mixin.py:190} INFO - [2024-12-26T15:07:42.938+0000] {dag.py:3239} INFO - Sync 1 DAGs
[2024-12-26T15:07:42.944+0000] {logging_mixin.py:190} INFO - [2024-12-26T15:07:42.944+0000] {dag.py:3262} INFO - Creating ORM DAG for example
[2024-12-26T15:07:42.949+0000] {logging_mixin.py:190} INFO - [2024-12-26T15:07:42.949+0000] {dag.py:4180} INFO - Setting next_dagrun for example to 2024-12-24 17:12:00+00:00, run_after=2024-12-25 17:12:00+00:00
[2024-12-26T15:07:42.958+0000] {processor.py:208} INFO - Processing /opt/airflow/dags/dag_hello_world.py took 0.191 seconds
[2024-12-26T15:08:13.210+0000] {processor.py:186} INFO - Started process (PID=108) to work on /opt/airflow/dags/dag_hello_world.py
[2024-12-26T15:08:13.211+0000] {processor.py:914} INFO - Processing file /opt/airflow/dags/dag_hello_world.py for tasks to queue
[2024-12-26T15:08:13.212+0000] {logging_mixin.py:190} INFO - [2024-12-26T15:08:13.212+0000] {dagbag.py:588} INFO - Filling up the DagBag from /opt/airflow/dags/dag_hello_world.py
[2024-12-26T15:08:13.222+0000] {processor.py:925} INFO - DAG(s) 'example' retrieved from /opt/airflow/dags/dag_hello_world.py
[2024-12-26T15:08:13.315+0000] {logging_mixin.py:190} INFO - [2024-12-26T15:08:13.315+0000] {dag.py:3239} INFO - Sync 1 DAGs
[2024-12-26T15:08:13.327+0000] {logging_mixin.py:190} INFO - [2024-12-26T15:08:13.327+0000] {dag.py:4180} INFO - Setting next_dagrun for example to 2024-12-24 17:12:00+00:00, run_after=2024-12-25 17:12:00+00:00
[2024-12-26T15:08:13.340+0000] {processor.py:208} INFO - Processing /opt/airflow/dags/dag_hello_world.py took 0.133 seconds
[2024-12-26T15:08:43.411+0000] {processor.py:186} INFO - Started process (PID=129) to work on /opt/airflow/dags/dag_hello_world.py
[2024-12-26T15:08:43.411+0000] {processor.py:914} INFO - Processing file /opt/airflow/dags/dag_hello_world.py for tasks to queue
[2024-12-26T15:08:43.413+0000] {logging_mixin.py:190} INFO - [2024-12-26T15:08:43.413+0000] {dagbag.py:588} INFO - Filling up the DagBag from /opt/airflow/dags/dag_hello_world.py
[2024-12-26T15:08:43.422+0000] {processor.py:925} INFO - DAG(s) 'example' retrieved from /opt/airflow/dags/dag_hello_world.py
[2024-12-26T15:08:43.438+0000] {logging_mixin.py:190} INFO - [2024-12-26T15:08:43.438+0000] {dag.py:3239} INFO - Sync 1 DAGs
[2024-12-26T15:08:43.452+0000] {logging_mixin.py:190} INFO - [2024-12-26T15:08:43.452+0000] {dag.py:4180} INFO - Setting next_dagrun for example to 2024-12-24 17:12:00+00:00, run_after=2024-12-25 17:12:00+00:00
[2024-12-26T15:08:43.461+0000] {processor.py:208} INFO - Processing /opt/airflow/dags/dag_hello_world.py took 0.054 seconds
