[2024-12-26T00:00:05.465+0000] {processor.py:186} INFO - Started process (PID=4397) to work on /opt/airflow/dags/dag_atresmedia.py
[2024-12-26T00:00:05.466+0000] {processor.py:914} INFO - Processing file /opt/airflow/dags/dag_atresmedia.py for tasks to queue
[2024-12-26T00:00:05.467+0000] {logging_mixin.py:190} INFO - [2024-12-26T00:00:05.467+0000] {dagbag.py:588} INFO - Filling up the DagBag from /opt/airflow/dags/dag_atresmedia.py
[2024-12-26T00:00:05.581+0000] {processor.py:925} INFO - DAG(s) 'a3media_schedule_scraper' retrieved from /opt/airflow/dags/dag_atresmedia.py
[2024-12-26T00:00:05.594+0000] {logging_mixin.py:190} INFO - [2024-12-26T00:00:05.594+0000] {dag.py:3239} INFO - Sync 1 DAGs
[2024-12-26T00:00:05.607+0000] {logging_mixin.py:190} INFO - [2024-12-26T00:00:05.607+0000] {dag.py:4180} INFO - Setting next_dagrun for a3media_schedule_scraper to 2024-12-25 23:30:00+00:00, run_after=2024-12-26 05:30:00+00:00
[2024-12-26T00:00:05.617+0000] {processor.py:208} INFO - Processing /opt/airflow/dags/dag_atresmedia.py took 0.155 seconds
[2024-12-26T00:00:36.520+0000] {processor.py:186} INFO - Started process (PID=4412) to work on /opt/airflow/dags/dag_atresmedia.py
[2024-12-26T00:00:36.520+0000] {processor.py:914} INFO - Processing file /opt/airflow/dags/dag_atresmedia.py for tasks to queue
[2024-12-26T00:00:36.522+0000] {logging_mixin.py:190} INFO - [2024-12-26T00:00:36.522+0000] {dagbag.py:588} INFO - Filling up the DagBag from /opt/airflow/dags/dag_atresmedia.py
[2024-12-26T00:00:36.636+0000] {processor.py:925} INFO - DAG(s) 'a3media_schedule_scraper' retrieved from /opt/airflow/dags/dag_atresmedia.py
[2024-12-26T00:00:36.650+0000] {logging_mixin.py:190} INFO - [2024-12-26T00:00:36.650+0000] {dag.py:3239} INFO - Sync 1 DAGs
[2024-12-26T00:00:36.664+0000] {logging_mixin.py:190} INFO - [2024-12-26T00:00:36.664+0000] {dag.py:4180} INFO - Setting next_dagrun for a3media_schedule_scraper to 2024-12-25 23:30:00+00:00, run_after=2024-12-26 05:30:00+00:00
[2024-12-26T00:00:36.676+0000] {processor.py:208} INFO - Processing /opt/airflow/dags/dag_atresmedia.py took 0.161 seconds
[2024-12-26T00:01:07.368+0000] {processor.py:186} INFO - Started process (PID=4427) to work on /opt/airflow/dags/dag_atresmedia.py
[2024-12-26T00:01:07.369+0000] {processor.py:914} INFO - Processing file /opt/airflow/dags/dag_atresmedia.py for tasks to queue
[2024-12-26T00:01:07.370+0000] {logging_mixin.py:190} INFO - [2024-12-26T00:01:07.370+0000] {dagbag.py:588} INFO - Filling up the DagBag from /opt/airflow/dags/dag_atresmedia.py
[2024-12-26T00:01:07.479+0000] {processor.py:925} INFO - DAG(s) 'a3media_schedule_scraper' retrieved from /opt/airflow/dags/dag_atresmedia.py
[2024-12-26T00:01:07.494+0000] {logging_mixin.py:190} INFO - [2024-12-26T00:01:07.494+0000] {dag.py:3239} INFO - Sync 1 DAGs
[2024-12-26T00:01:07.509+0000] {logging_mixin.py:190} INFO - [2024-12-26T00:01:07.509+0000] {dag.py:4180} INFO - Setting next_dagrun for a3media_schedule_scraper to 2024-12-25 23:30:00+00:00, run_after=2024-12-26 05:30:00+00:00
[2024-12-26T00:01:07.519+0000] {processor.py:208} INFO - Processing /opt/airflow/dags/dag_atresmedia.py took 0.154 seconds
[2024-12-26T00:01:38.257+0000] {processor.py:186} INFO - Started process (PID=4442) to work on /opt/airflow/dags/dag_atresmedia.py
[2024-12-26T00:01:38.257+0000] {processor.py:914} INFO - Processing file /opt/airflow/dags/dag_atresmedia.py for tasks to queue
[2024-12-26T00:01:38.259+0000] {logging_mixin.py:190} INFO - [2024-12-26T00:01:38.259+0000] {dagbag.py:588} INFO - Filling up the DagBag from /opt/airflow/dags/dag_atresmedia.py
[2024-12-26T00:01:38.367+0000] {processor.py:925} INFO - DAG(s) 'a3media_schedule_scraper' retrieved from /opt/airflow/dags/dag_atresmedia.py
[2024-12-26T00:01:38.381+0000] {logging_mixin.py:190} INFO - [2024-12-26T00:01:38.380+0000] {dag.py:3239} INFO - Sync 1 DAGs
[2024-12-26T00:01:38.394+0000] {logging_mixin.py:190} INFO - [2024-12-26T00:01:38.393+0000] {dag.py:4180} INFO - Setting next_dagrun for a3media_schedule_scraper to 2024-12-25 23:30:00+00:00, run_after=2024-12-26 05:30:00+00:00
[2024-12-26T00:01:38.404+0000] {processor.py:208} INFO - Processing /opt/airflow/dags/dag_atresmedia.py took 0.151 seconds
[2024-12-26T00:02:09.118+0000] {processor.py:186} INFO - Started process (PID=4463) to work on /opt/airflow/dags/dag_atresmedia.py
[2024-12-26T00:02:09.119+0000] {processor.py:914} INFO - Processing file /opt/airflow/dags/dag_atresmedia.py for tasks to queue
[2024-12-26T00:02:09.120+0000] {logging_mixin.py:190} INFO - [2024-12-26T00:02:09.120+0000] {dagbag.py:588} INFO - Filling up the DagBag from /opt/airflow/dags/dag_atresmedia.py
[2024-12-26T00:02:09.226+0000] {processor.py:925} INFO - DAG(s) 'a3media_schedule_scraper' retrieved from /opt/airflow/dags/dag_atresmedia.py
[2024-12-26T00:02:09.239+0000] {logging_mixin.py:190} INFO - [2024-12-26T00:02:09.239+0000] {dag.py:3239} INFO - Sync 1 DAGs
[2024-12-26T00:02:09.252+0000] {logging_mixin.py:190} INFO - [2024-12-26T00:02:09.252+0000] {dag.py:4180} INFO - Setting next_dagrun for a3media_schedule_scraper to 2024-12-25 23:30:00+00:00, run_after=2024-12-26 05:30:00+00:00
[2024-12-26T00:02:09.262+0000] {processor.py:208} INFO - Processing /opt/airflow/dags/dag_atresmedia.py took 0.148 seconds
[2024-12-26T00:02:40.003+0000] {processor.py:186} INFO - Started process (PID=4478) to work on /opt/airflow/dags/dag_atresmedia.py
[2024-12-26T00:02:40.004+0000] {processor.py:914} INFO - Processing file /opt/airflow/dags/dag_atresmedia.py for tasks to queue
[2024-12-26T00:02:40.005+0000] {logging_mixin.py:190} INFO - [2024-12-26T00:02:40.005+0000] {dagbag.py:588} INFO - Filling up the DagBag from /opt/airflow/dags/dag_atresmedia.py
[2024-12-26T00:02:40.114+0000] {processor.py:925} INFO - DAG(s) 'a3media_schedule_scraper' retrieved from /opt/airflow/dags/dag_atresmedia.py
[2024-12-26T00:02:40.129+0000] {logging_mixin.py:190} INFO - [2024-12-26T00:02:40.129+0000] {dag.py:3239} INFO - Sync 1 DAGs
[2024-12-26T00:02:40.144+0000] {logging_mixin.py:190} INFO - [2024-12-26T00:02:40.144+0000] {dag.py:4180} INFO - Setting next_dagrun for a3media_schedule_scraper to 2024-12-25 23:30:00+00:00, run_after=2024-12-26 05:30:00+00:00
[2024-12-26T00:02:40.154+0000] {processor.py:208} INFO - Processing /opt/airflow/dags/dag_atresmedia.py took 0.154 seconds
[2024-12-26T00:03:10.876+0000] {processor.py:186} INFO - Started process (PID=4493) to work on /opt/airflow/dags/dag_atresmedia.py
[2024-12-26T00:03:10.877+0000] {processor.py:914} INFO - Processing file /opt/airflow/dags/dag_atresmedia.py for tasks to queue
[2024-12-26T00:03:10.878+0000] {logging_mixin.py:190} INFO - [2024-12-26T00:03:10.878+0000] {dagbag.py:588} INFO - Filling up the DagBag from /opt/airflow/dags/dag_atresmedia.py
[2024-12-26T00:03:10.998+0000] {processor.py:925} INFO - DAG(s) 'a3media_schedule_scraper' retrieved from /opt/airflow/dags/dag_atresmedia.py
[2024-12-26T00:03:11.012+0000] {logging_mixin.py:190} INFO - [2024-12-26T00:03:11.011+0000] {dag.py:3239} INFO - Sync 1 DAGs
[2024-12-26T00:03:11.025+0000] {logging_mixin.py:190} INFO - [2024-12-26T00:03:11.025+0000] {dag.py:4180} INFO - Setting next_dagrun for a3media_schedule_scraper to 2024-12-25 23:30:00+00:00, run_after=2024-12-26 05:30:00+00:00
[2024-12-26T00:03:11.036+0000] {processor.py:208} INFO - Processing /opt/airflow/dags/dag_atresmedia.py took 0.164 seconds
[2024-12-26T00:03:41.743+0000] {processor.py:186} INFO - Started process (PID=4508) to work on /opt/airflow/dags/dag_atresmedia.py
[2024-12-26T00:03:41.744+0000] {processor.py:914} INFO - Processing file /opt/airflow/dags/dag_atresmedia.py for tasks to queue
[2024-12-26T00:03:41.745+0000] {logging_mixin.py:190} INFO - [2024-12-26T00:03:41.745+0000] {dagbag.py:588} INFO - Filling up the DagBag from /opt/airflow/dags/dag_atresmedia.py
[2024-12-26T00:03:41.854+0000] {processor.py:925} INFO - DAG(s) 'a3media_schedule_scraper' retrieved from /opt/airflow/dags/dag_atresmedia.py
[2024-12-26T00:03:41.868+0000] {logging_mixin.py:190} INFO - [2024-12-26T00:03:41.868+0000] {dag.py:3239} INFO - Sync 1 DAGs
[2024-12-26T00:03:41.881+0000] {logging_mixin.py:190} INFO - [2024-12-26T00:03:41.881+0000] {dag.py:4180} INFO - Setting next_dagrun for a3media_schedule_scraper to 2024-12-25 23:30:00+00:00, run_after=2024-12-26 05:30:00+00:00
[2024-12-26T00:03:41.891+0000] {processor.py:208} INFO - Processing /opt/airflow/dags/dag_atresmedia.py took 0.153 seconds
[2024-12-26T00:04:12.616+0000] {processor.py:186} INFO - Started process (PID=4523) to work on /opt/airflow/dags/dag_atresmedia.py
[2024-12-26T00:04:12.617+0000] {processor.py:914} INFO - Processing file /opt/airflow/dags/dag_atresmedia.py for tasks to queue
[2024-12-26T00:04:12.618+0000] {logging_mixin.py:190} INFO - [2024-12-26T00:04:12.618+0000] {dagbag.py:588} INFO - Filling up the DagBag from /opt/airflow/dags/dag_atresmedia.py
[2024-12-26T00:04:12.725+0000] {processor.py:925} INFO - DAG(s) 'a3media_schedule_scraper' retrieved from /opt/airflow/dags/dag_atresmedia.py
[2024-12-26T00:04:12.739+0000] {logging_mixin.py:190} INFO - [2024-12-26T00:04:12.738+0000] {dag.py:3239} INFO - Sync 1 DAGs
[2024-12-26T00:04:12.752+0000] {logging_mixin.py:190} INFO - [2024-12-26T00:04:12.752+0000] {dag.py:4180} INFO - Setting next_dagrun for a3media_schedule_scraper to 2024-12-25 23:30:00+00:00, run_after=2024-12-26 05:30:00+00:00
[2024-12-26T00:04:12.761+0000] {processor.py:208} INFO - Processing /opt/airflow/dags/dag_atresmedia.py took 0.150 seconds
[2024-12-26T00:04:43.518+0000] {processor.py:186} INFO - Started process (PID=4538) to work on /opt/airflow/dags/dag_atresmedia.py
[2024-12-26T00:04:43.518+0000] {processor.py:914} INFO - Processing file /opt/airflow/dags/dag_atresmedia.py for tasks to queue
[2024-12-26T00:04:43.520+0000] {logging_mixin.py:190} INFO - [2024-12-26T00:04:43.519+0000] {dagbag.py:588} INFO - Filling up the DagBag from /opt/airflow/dags/dag_atresmedia.py
[2024-12-26T00:04:43.630+0000] {processor.py:925} INFO - DAG(s) 'a3media_schedule_scraper' retrieved from /opt/airflow/dags/dag_atresmedia.py
[2024-12-26T00:04:43.644+0000] {logging_mixin.py:190} INFO - [2024-12-26T00:04:43.643+0000] {dag.py:3239} INFO - Sync 1 DAGs
[2024-12-26T00:04:43.657+0000] {logging_mixin.py:190} INFO - [2024-12-26T00:04:43.657+0000] {dag.py:4180} INFO - Setting next_dagrun for a3media_schedule_scraper to 2024-12-25 23:30:00+00:00, run_after=2024-12-26 05:30:00+00:00
[2024-12-26T00:04:43.668+0000] {processor.py:208} INFO - Processing /opt/airflow/dags/dag_atresmedia.py took 0.154 seconds
[2024-12-26T00:05:14.443+0000] {processor.py:186} INFO - Started process (PID=4553) to work on /opt/airflow/dags/dag_atresmedia.py
[2024-12-26T00:05:14.444+0000] {processor.py:914} INFO - Processing file /opt/airflow/dags/dag_atresmedia.py for tasks to queue
[2024-12-26T00:05:14.445+0000] {logging_mixin.py:190} INFO - [2024-12-26T00:05:14.445+0000] {dagbag.py:588} INFO - Filling up the DagBag from /opt/airflow/dags/dag_atresmedia.py
[2024-12-26T00:05:14.553+0000] {processor.py:925} INFO - DAG(s) 'a3media_schedule_scraper' retrieved from /opt/airflow/dags/dag_atresmedia.py
[2024-12-26T00:05:14.567+0000] {logging_mixin.py:190} INFO - [2024-12-26T00:05:14.567+0000] {dag.py:3239} INFO - Sync 1 DAGs
[2024-12-26T00:05:14.580+0000] {logging_mixin.py:190} INFO - [2024-12-26T00:05:14.580+0000] {dag.py:4180} INFO - Setting next_dagrun for a3media_schedule_scraper to 2024-12-25 23:30:00+00:00, run_after=2024-12-26 05:30:00+00:00
[2024-12-26T00:05:14.590+0000] {processor.py:208} INFO - Processing /opt/airflow/dags/dag_atresmedia.py took 0.151 seconds
[2024-12-26T00:05:45.539+0000] {processor.py:186} INFO - Started process (PID=4568) to work on /opt/airflow/dags/dag_atresmedia.py
[2024-12-26T00:05:45.539+0000] {processor.py:914} INFO - Processing file /opt/airflow/dags/dag_atresmedia.py for tasks to queue
[2024-12-26T00:05:45.541+0000] {logging_mixin.py:190} INFO - [2024-12-26T00:05:45.540+0000] {dagbag.py:588} INFO - Filling up the DagBag from /opt/airflow/dags/dag_atresmedia.py
[2024-12-26T00:05:45.650+0000] {processor.py:925} INFO - DAG(s) 'a3media_schedule_scraper' retrieved from /opt/airflow/dags/dag_atresmedia.py
[2024-12-26T00:05:45.665+0000] {logging_mixin.py:190} INFO - [2024-12-26T00:05:45.665+0000] {dag.py:3239} INFO - Sync 1 DAGs
[2024-12-26T00:05:45.679+0000] {logging_mixin.py:190} INFO - [2024-12-26T00:05:45.679+0000] {dag.py:4180} INFO - Setting next_dagrun for a3media_schedule_scraper to 2024-12-25 23:30:00+00:00, run_after=2024-12-26 05:30:00+00:00
[2024-12-26T00:05:45.688+0000] {processor.py:208} INFO - Processing /opt/airflow/dags/dag_atresmedia.py took 0.155 seconds
[2024-12-26T00:06:16.394+0000] {processor.py:186} INFO - Started process (PID=4583) to work on /opt/airflow/dags/dag_atresmedia.py
[2024-12-26T00:06:16.395+0000] {processor.py:914} INFO - Processing file /opt/airflow/dags/dag_atresmedia.py for tasks to queue
[2024-12-26T00:06:16.396+0000] {logging_mixin.py:190} INFO - [2024-12-26T00:06:16.396+0000] {dagbag.py:588} INFO - Filling up the DagBag from /opt/airflow/dags/dag_atresmedia.py
[2024-12-26T00:06:16.503+0000] {processor.py:925} INFO - DAG(s) 'a3media_schedule_scraper' retrieved from /opt/airflow/dags/dag_atresmedia.py
[2024-12-26T00:06:16.516+0000] {logging_mixin.py:190} INFO - [2024-12-26T00:06:16.516+0000] {dag.py:3239} INFO - Sync 1 DAGs
[2024-12-26T00:06:16.529+0000] {logging_mixin.py:190} INFO - [2024-12-26T00:06:16.529+0000] {dag.py:4180} INFO - Setting next_dagrun for a3media_schedule_scraper to 2024-12-25 23:30:00+00:00, run_after=2024-12-26 05:30:00+00:00
[2024-12-26T00:06:16.539+0000] {processor.py:208} INFO - Processing /opt/airflow/dags/dag_atresmedia.py took 0.150 seconds
[2024-12-26T00:06:47.252+0000] {processor.py:186} INFO - Started process (PID=4598) to work on /opt/airflow/dags/dag_atresmedia.py
[2024-12-26T00:06:47.253+0000] {processor.py:914} INFO - Processing file /opt/airflow/dags/dag_atresmedia.py for tasks to queue
[2024-12-26T00:06:47.254+0000] {logging_mixin.py:190} INFO - [2024-12-26T00:06:47.254+0000] {dagbag.py:588} INFO - Filling up the DagBag from /opt/airflow/dags/dag_atresmedia.py
[2024-12-26T00:06:47.360+0000] {processor.py:925} INFO - DAG(s) 'a3media_schedule_scraper' retrieved from /opt/airflow/dags/dag_atresmedia.py
[2024-12-26T00:06:47.373+0000] {logging_mixin.py:190} INFO - [2024-12-26T00:06:47.373+0000] {dag.py:3239} INFO - Sync 1 DAGs
[2024-12-26T00:06:47.386+0000] {logging_mixin.py:190} INFO - [2024-12-26T00:06:47.386+0000] {dag.py:4180} INFO - Setting next_dagrun for a3media_schedule_scraper to 2024-12-25 23:30:00+00:00, run_after=2024-12-26 05:30:00+00:00
[2024-12-26T00:06:47.395+0000] {processor.py:208} INFO - Processing /opt/airflow/dags/dag_atresmedia.py took 0.147 seconds
[2024-12-26T00:07:18.181+0000] {processor.py:186} INFO - Started process (PID=4613) to work on /opt/airflow/dags/dag_atresmedia.py
[2024-12-26T00:07:18.182+0000] {processor.py:914} INFO - Processing file /opt/airflow/dags/dag_atresmedia.py for tasks to queue
[2024-12-26T00:07:18.183+0000] {logging_mixin.py:190} INFO - [2024-12-26T00:07:18.183+0000] {dagbag.py:588} INFO - Filling up the DagBag from /opt/airflow/dags/dag_atresmedia.py
[2024-12-26T00:07:18.291+0000] {processor.py:925} INFO - DAG(s) 'a3media_schedule_scraper' retrieved from /opt/airflow/dags/dag_atresmedia.py
[2024-12-26T00:07:18.305+0000] {logging_mixin.py:190} INFO - [2024-12-26T00:07:18.304+0000] {dag.py:3239} INFO - Sync 1 DAGs
[2024-12-26T00:07:18.319+0000] {logging_mixin.py:190} INFO - [2024-12-26T00:07:18.319+0000] {dag.py:4180} INFO - Setting next_dagrun for a3media_schedule_scraper to 2024-12-25 23:30:00+00:00, run_after=2024-12-26 05:30:00+00:00
[2024-12-26T00:07:18.329+0000] {processor.py:208} INFO - Processing /opt/airflow/dags/dag_atresmedia.py took 0.152 seconds
[2024-12-26T00:07:49.066+0000] {processor.py:186} INFO - Started process (PID=4628) to work on /opt/airflow/dags/dag_atresmedia.py
[2024-12-26T00:07:49.067+0000] {processor.py:914} INFO - Processing file /opt/airflow/dags/dag_atresmedia.py for tasks to queue
[2024-12-26T00:07:49.068+0000] {logging_mixin.py:190} INFO - [2024-12-26T00:07:49.068+0000] {dagbag.py:588} INFO - Filling up the DagBag from /opt/airflow/dags/dag_atresmedia.py
[2024-12-26T00:07:49.175+0000] {processor.py:925} INFO - DAG(s) 'a3media_schedule_scraper' retrieved from /opt/airflow/dags/dag_atresmedia.py
[2024-12-26T00:07:49.189+0000] {logging_mixin.py:190} INFO - [2024-12-26T00:07:49.189+0000] {dag.py:3239} INFO - Sync 1 DAGs
[2024-12-26T00:07:49.203+0000] {logging_mixin.py:190} INFO - [2024-12-26T00:07:49.203+0000] {dag.py:4180} INFO - Setting next_dagrun for a3media_schedule_scraper to 2024-12-25 23:30:00+00:00, run_after=2024-12-26 05:30:00+00:00
[2024-12-26T00:07:49.213+0000] {processor.py:208} INFO - Processing /opt/airflow/dags/dag_atresmedia.py took 0.151 seconds
[2024-12-26T00:08:19.994+0000] {processor.py:186} INFO - Started process (PID=4643) to work on /opt/airflow/dags/dag_atresmedia.py
[2024-12-26T00:08:19.994+0000] {processor.py:914} INFO - Processing file /opt/airflow/dags/dag_atresmedia.py for tasks to queue
[2024-12-26T00:08:19.996+0000] {logging_mixin.py:190} INFO - [2024-12-26T00:08:19.995+0000] {dagbag.py:588} INFO - Filling up the DagBag from /opt/airflow/dags/dag_atresmedia.py
[2024-12-26T00:08:20.104+0000] {processor.py:925} INFO - DAG(s) 'a3media_schedule_scraper' retrieved from /opt/airflow/dags/dag_atresmedia.py
[2024-12-26T00:08:20.117+0000] {logging_mixin.py:190} INFO - [2024-12-26T00:08:20.117+0000] {dag.py:3239} INFO - Sync 1 DAGs
[2024-12-26T00:08:20.129+0000] {logging_mixin.py:190} INFO - [2024-12-26T00:08:20.129+0000] {dag.py:4180} INFO - Setting next_dagrun for a3media_schedule_scraper to 2024-12-25 23:30:00+00:00, run_after=2024-12-26 05:30:00+00:00
[2024-12-26T00:08:20.138+0000] {processor.py:208} INFO - Processing /opt/airflow/dags/dag_atresmedia.py took 0.149 seconds
[2024-12-26T00:08:50.921+0000] {processor.py:186} INFO - Started process (PID=4658) to work on /opt/airflow/dags/dag_atresmedia.py
[2024-12-26T00:08:50.922+0000] {processor.py:914} INFO - Processing file /opt/airflow/dags/dag_atresmedia.py for tasks to queue
[2024-12-26T00:08:50.924+0000] {logging_mixin.py:190} INFO - [2024-12-26T00:08:50.923+0000] {dagbag.py:588} INFO - Filling up the DagBag from /opt/airflow/dags/dag_atresmedia.py
[2024-12-26T00:08:51.031+0000] {processor.py:925} INFO - DAG(s) 'a3media_schedule_scraper' retrieved from /opt/airflow/dags/dag_atresmedia.py
[2024-12-26T00:08:51.044+0000] {logging_mixin.py:190} INFO - [2024-12-26T00:08:51.044+0000] {dag.py:3239} INFO - Sync 1 DAGs
[2024-12-26T00:08:51.057+0000] {logging_mixin.py:190} INFO - [2024-12-26T00:08:51.057+0000] {dag.py:4180} INFO - Setting next_dagrun for a3media_schedule_scraper to 2024-12-25 23:30:00+00:00, run_after=2024-12-26 05:30:00+00:00
[2024-12-26T00:08:51.066+0000] {processor.py:208} INFO - Processing /opt/airflow/dags/dag_atresmedia.py took 0.151 seconds
[2024-12-26T00:09:21.839+0000] {processor.py:186} INFO - Started process (PID=4673) to work on /opt/airflow/dags/dag_atresmedia.py
[2024-12-26T00:09:21.839+0000] {processor.py:914} INFO - Processing file /opt/airflow/dags/dag_atresmedia.py for tasks to queue
[2024-12-26T00:09:21.841+0000] {logging_mixin.py:190} INFO - [2024-12-26T00:09:21.840+0000] {dagbag.py:588} INFO - Filling up the DagBag from /opt/airflow/dags/dag_atresmedia.py
[2024-12-26T00:09:21.947+0000] {processor.py:925} INFO - DAG(s) 'a3media_schedule_scraper' retrieved from /opt/airflow/dags/dag_atresmedia.py
[2024-12-26T00:09:21.962+0000] {logging_mixin.py:190} INFO - [2024-12-26T00:09:21.962+0000] {dag.py:3239} INFO - Sync 1 DAGs
[2024-12-26T00:09:21.976+0000] {logging_mixin.py:190} INFO - [2024-12-26T00:09:21.976+0000] {dag.py:4180} INFO - Setting next_dagrun for a3media_schedule_scraper to 2024-12-25 23:30:00+00:00, run_after=2024-12-26 05:30:00+00:00
[2024-12-26T00:09:21.986+0000] {processor.py:208} INFO - Processing /opt/airflow/dags/dag_atresmedia.py took 0.152 seconds
[2024-12-26T00:09:52.720+0000] {processor.py:186} INFO - Started process (PID=4688) to work on /opt/airflow/dags/dag_atresmedia.py
[2024-12-26T00:09:52.721+0000] {processor.py:914} INFO - Processing file /opt/airflow/dags/dag_atresmedia.py for tasks to queue
[2024-12-26T00:09:52.723+0000] {logging_mixin.py:190} INFO - [2024-12-26T00:09:52.722+0000] {dagbag.py:588} INFO - Filling up the DagBag from /opt/airflow/dags/dag_atresmedia.py
[2024-12-26T00:09:52.830+0000] {processor.py:925} INFO - DAG(s) 'a3media_schedule_scraper' retrieved from /opt/airflow/dags/dag_atresmedia.py
[2024-12-26T00:09:52.843+0000] {logging_mixin.py:190} INFO - [2024-12-26T00:09:52.843+0000] {dag.py:3239} INFO - Sync 1 DAGs
[2024-12-26T00:09:52.856+0000] {logging_mixin.py:190} INFO - [2024-12-26T00:09:52.856+0000] {dag.py:4180} INFO - Setting next_dagrun for a3media_schedule_scraper to 2024-12-25 23:30:00+00:00, run_after=2024-12-26 05:30:00+00:00
[2024-12-26T00:09:52.865+0000] {processor.py:208} INFO - Processing /opt/airflow/dags/dag_atresmedia.py took 0.149 seconds
[2024-12-26T00:10:23.772+0000] {processor.py:186} INFO - Started process (PID=4703) to work on /opt/airflow/dags/dag_atresmedia.py
[2024-12-26T00:10:23.773+0000] {processor.py:914} INFO - Processing file /opt/airflow/dags/dag_atresmedia.py for tasks to queue
[2024-12-26T00:10:23.774+0000] {logging_mixin.py:190} INFO - [2024-12-26T00:10:23.774+0000] {dagbag.py:588} INFO - Filling up the DagBag from /opt/airflow/dags/dag_atresmedia.py
[2024-12-26T00:10:23.887+0000] {processor.py:925} INFO - DAG(s) 'a3media_schedule_scraper' retrieved from /opt/airflow/dags/dag_atresmedia.py
[2024-12-26T00:10:23.901+0000] {logging_mixin.py:190} INFO - [2024-12-26T00:10:23.901+0000] {dag.py:3239} INFO - Sync 1 DAGs
[2024-12-26T00:10:23.916+0000] {logging_mixin.py:190} INFO - [2024-12-26T00:10:23.916+0000] {dag.py:4180} INFO - Setting next_dagrun for a3media_schedule_scraper to 2024-12-25 23:30:00+00:00, run_after=2024-12-26 05:30:00+00:00
[2024-12-26T00:10:23.926+0000] {processor.py:208} INFO - Processing /opt/airflow/dags/dag_atresmedia.py took 0.158 seconds
[2024-12-26T00:10:54.652+0000] {processor.py:186} INFO - Started process (PID=4718) to work on /opt/airflow/dags/dag_atresmedia.py
[2024-12-26T00:10:54.652+0000] {processor.py:914} INFO - Processing file /opt/airflow/dags/dag_atresmedia.py for tasks to queue
[2024-12-26T00:10:54.654+0000] {logging_mixin.py:190} INFO - [2024-12-26T00:10:54.654+0000] {dagbag.py:588} INFO - Filling up the DagBag from /opt/airflow/dags/dag_atresmedia.py
[2024-12-26T00:10:54.760+0000] {processor.py:925} INFO - DAG(s) 'a3media_schedule_scraper' retrieved from /opt/airflow/dags/dag_atresmedia.py
[2024-12-26T00:10:54.774+0000] {logging_mixin.py:190} INFO - [2024-12-26T00:10:54.773+0000] {dag.py:3239} INFO - Sync 1 DAGs
[2024-12-26T00:10:54.787+0000] {logging_mixin.py:190} INFO - [2024-12-26T00:10:54.786+0000] {dag.py:4180} INFO - Setting next_dagrun for a3media_schedule_scraper to 2024-12-25 23:30:00+00:00, run_after=2024-12-26 05:30:00+00:00
[2024-12-26T00:10:54.798+0000] {processor.py:208} INFO - Processing /opt/airflow/dags/dag_atresmedia.py took 0.149 seconds
[2024-12-26T00:11:25.566+0000] {processor.py:186} INFO - Started process (PID=4733) to work on /opt/airflow/dags/dag_atresmedia.py
[2024-12-26T00:11:25.566+0000] {processor.py:914} INFO - Processing file /opt/airflow/dags/dag_atresmedia.py for tasks to queue
[2024-12-26T00:11:25.568+0000] {logging_mixin.py:190} INFO - [2024-12-26T00:11:25.568+0000] {dagbag.py:588} INFO - Filling up the DagBag from /opt/airflow/dags/dag_atresmedia.py
[2024-12-26T00:11:25.677+0000] {processor.py:925} INFO - DAG(s) 'a3media_schedule_scraper' retrieved from /opt/airflow/dags/dag_atresmedia.py
[2024-12-26T00:11:25.690+0000] {logging_mixin.py:190} INFO - [2024-12-26T00:11:25.690+0000] {dag.py:3239} INFO - Sync 1 DAGs
[2024-12-26T00:11:25.703+0000] {logging_mixin.py:190} INFO - [2024-12-26T00:11:25.702+0000] {dag.py:4180} INFO - Setting next_dagrun for a3media_schedule_scraper to 2024-12-25 23:30:00+00:00, run_after=2024-12-26 05:30:00+00:00
[2024-12-26T00:11:25.712+0000] {processor.py:208} INFO - Processing /opt/airflow/dags/dag_atresmedia.py took 0.150 seconds
[2024-12-26T00:11:56.616+0000] {processor.py:186} INFO - Started process (PID=4748) to work on /opt/airflow/dags/dag_atresmedia.py
[2024-12-26T00:11:56.616+0000] {processor.py:914} INFO - Processing file /opt/airflow/dags/dag_atresmedia.py for tasks to queue
[2024-12-26T00:11:56.618+0000] {logging_mixin.py:190} INFO - [2024-12-26T00:11:56.618+0000] {dagbag.py:588} INFO - Filling up the DagBag from /opt/airflow/dags/dag_atresmedia.py
[2024-12-26T00:11:56.729+0000] {processor.py:925} INFO - DAG(s) 'a3media_schedule_scraper' retrieved from /opt/airflow/dags/dag_atresmedia.py
[2024-12-26T00:11:56.743+0000] {logging_mixin.py:190} INFO - [2024-12-26T00:11:56.743+0000] {dag.py:3239} INFO - Sync 1 DAGs
[2024-12-26T00:11:56.757+0000] {logging_mixin.py:190} INFO - [2024-12-26T00:11:56.757+0000] {dag.py:4180} INFO - Setting next_dagrun for a3media_schedule_scraper to 2024-12-25 23:30:00+00:00, run_after=2024-12-26 05:30:00+00:00
[2024-12-26T00:11:56.767+0000] {processor.py:208} INFO - Processing /opt/airflow/dags/dag_atresmedia.py took 0.155 seconds
[2024-12-26T00:12:27.493+0000] {processor.py:186} INFO - Started process (PID=4763) to work on /opt/airflow/dags/dag_atresmedia.py
[2024-12-26T00:12:27.494+0000] {processor.py:914} INFO - Processing file /opt/airflow/dags/dag_atresmedia.py for tasks to queue
[2024-12-26T00:12:27.495+0000] {logging_mixin.py:190} INFO - [2024-12-26T00:12:27.495+0000] {dagbag.py:588} INFO - Filling up the DagBag from /opt/airflow/dags/dag_atresmedia.py
[2024-12-26T00:12:27.610+0000] {processor.py:925} INFO - DAG(s) 'a3media_schedule_scraper' retrieved from /opt/airflow/dags/dag_atresmedia.py
[2024-12-26T00:12:27.625+0000] {logging_mixin.py:190} INFO - [2024-12-26T00:12:27.625+0000] {dag.py:3239} INFO - Sync 1 DAGs
[2024-12-26T00:12:27.639+0000] {logging_mixin.py:190} INFO - [2024-12-26T00:12:27.639+0000] {dag.py:4180} INFO - Setting next_dagrun for a3media_schedule_scraper to 2024-12-25 23:30:00+00:00, run_after=2024-12-26 05:30:00+00:00
[2024-12-26T00:12:27.650+0000] {processor.py:208} INFO - Processing /opt/airflow/dags/dag_atresmedia.py took 0.161 seconds
[2024-12-26T00:12:58.359+0000] {processor.py:186} INFO - Started process (PID=4778) to work on /opt/airflow/dags/dag_atresmedia.py
[2024-12-26T00:12:58.360+0000] {processor.py:914} INFO - Processing file /opt/airflow/dags/dag_atresmedia.py for tasks to queue
[2024-12-26T00:12:58.362+0000] {logging_mixin.py:190} INFO - [2024-12-26T00:12:58.362+0000] {dagbag.py:588} INFO - Filling up the DagBag from /opt/airflow/dags/dag_atresmedia.py
[2024-12-26T00:12:58.472+0000] {processor.py:925} INFO - DAG(s) 'a3media_schedule_scraper' retrieved from /opt/airflow/dags/dag_atresmedia.py
[2024-12-26T00:12:58.486+0000] {logging_mixin.py:190} INFO - [2024-12-26T00:12:58.485+0000] {dag.py:3239} INFO - Sync 1 DAGs
[2024-12-26T00:12:58.499+0000] {logging_mixin.py:190} INFO - [2024-12-26T00:12:58.498+0000] {dag.py:4180} INFO - Setting next_dagrun for a3media_schedule_scraper to 2024-12-25 23:30:00+00:00, run_after=2024-12-26 05:30:00+00:00
[2024-12-26T00:12:58.507+0000] {processor.py:208} INFO - Processing /opt/airflow/dags/dag_atresmedia.py took 0.153 seconds
[2024-12-26T00:13:29.221+0000] {processor.py:186} INFO - Started process (PID=4793) to work on /opt/airflow/dags/dag_atresmedia.py
[2024-12-26T00:13:29.221+0000] {processor.py:914} INFO - Processing file /opt/airflow/dags/dag_atresmedia.py for tasks to queue
[2024-12-26T00:13:29.223+0000] {logging_mixin.py:190} INFO - [2024-12-26T00:13:29.223+0000] {dagbag.py:588} INFO - Filling up the DagBag from /opt/airflow/dags/dag_atresmedia.py
[2024-12-26T00:13:29.337+0000] {processor.py:925} INFO - DAG(s) 'a3media_schedule_scraper' retrieved from /opt/airflow/dags/dag_atresmedia.py
[2024-12-26T00:13:29.352+0000] {logging_mixin.py:190} INFO - [2024-12-26T00:13:29.351+0000] {dag.py:3239} INFO - Sync 1 DAGs
[2024-12-26T00:13:29.367+0000] {logging_mixin.py:190} INFO - [2024-12-26T00:13:29.366+0000] {dag.py:4180} INFO - Setting next_dagrun for a3media_schedule_scraper to 2024-12-25 23:30:00+00:00, run_after=2024-12-26 05:30:00+00:00
[2024-12-26T00:13:29.376+0000] {processor.py:208} INFO - Processing /opt/airflow/dags/dag_atresmedia.py took 0.160 seconds
[2024-12-26T00:14:00.098+0000] {processor.py:186} INFO - Started process (PID=4808) to work on /opt/airflow/dags/dag_atresmedia.py
[2024-12-26T00:14:00.099+0000] {processor.py:914} INFO - Processing file /opt/airflow/dags/dag_atresmedia.py for tasks to queue
[2024-12-26T00:14:00.100+0000] {logging_mixin.py:190} INFO - [2024-12-26T00:14:00.100+0000] {dagbag.py:588} INFO - Filling up the DagBag from /opt/airflow/dags/dag_atresmedia.py
[2024-12-26T00:14:00.206+0000] {processor.py:925} INFO - DAG(s) 'a3media_schedule_scraper' retrieved from /opt/airflow/dags/dag_atresmedia.py
[2024-12-26T00:14:00.221+0000] {logging_mixin.py:190} INFO - [2024-12-26T00:14:00.221+0000] {dag.py:3239} INFO - Sync 1 DAGs
[2024-12-26T00:14:00.235+0000] {logging_mixin.py:190} INFO - [2024-12-26T00:14:00.235+0000] {dag.py:4180} INFO - Setting next_dagrun for a3media_schedule_scraper to 2024-12-25 23:30:00+00:00, run_after=2024-12-26 05:30:00+00:00
[2024-12-26T00:14:00.245+0000] {processor.py:208} INFO - Processing /opt/airflow/dags/dag_atresmedia.py took 0.151 seconds
[2024-12-26T00:14:30.972+0000] {processor.py:186} INFO - Started process (PID=4823) to work on /opt/airflow/dags/dag_atresmedia.py
[2024-12-26T00:14:30.973+0000] {processor.py:914} INFO - Processing file /opt/airflow/dags/dag_atresmedia.py for tasks to queue
[2024-12-26T00:14:30.974+0000] {logging_mixin.py:190} INFO - [2024-12-26T00:14:30.974+0000] {dagbag.py:588} INFO - Filling up the DagBag from /opt/airflow/dags/dag_atresmedia.py
[2024-12-26T00:14:31.088+0000] {processor.py:925} INFO - DAG(s) 'a3media_schedule_scraper' retrieved from /opt/airflow/dags/dag_atresmedia.py
[2024-12-26T00:14:31.101+0000] {logging_mixin.py:190} INFO - [2024-12-26T00:14:31.101+0000] {dag.py:3239} INFO - Sync 1 DAGs
[2024-12-26T00:14:31.114+0000] {logging_mixin.py:190} INFO - [2024-12-26T00:14:31.114+0000] {dag.py:4180} INFO - Setting next_dagrun for a3media_schedule_scraper to 2024-12-25 23:30:00+00:00, run_after=2024-12-26 05:30:00+00:00
[2024-12-26T00:14:31.124+0000] {processor.py:208} INFO - Processing /opt/airflow/dags/dag_atresmedia.py took 0.155 seconds
[2024-12-26T00:15:01.890+0000] {processor.py:186} INFO - Started process (PID=4838) to work on /opt/airflow/dags/dag_atresmedia.py
[2024-12-26T00:15:01.891+0000] {processor.py:914} INFO - Processing file /opt/airflow/dags/dag_atresmedia.py for tasks to queue
[2024-12-26T00:15:01.892+0000] {logging_mixin.py:190} INFO - [2024-12-26T00:15:01.892+0000] {dagbag.py:588} INFO - Filling up the DagBag from /opt/airflow/dags/dag_atresmedia.py
[2024-12-26T00:15:02.001+0000] {processor.py:925} INFO - DAG(s) 'a3media_schedule_scraper' retrieved from /opt/airflow/dags/dag_atresmedia.py
[2024-12-26T00:15:02.016+0000] {logging_mixin.py:190} INFO - [2024-12-26T00:15:02.015+0000] {dag.py:3239} INFO - Sync 1 DAGs
[2024-12-26T00:15:02.030+0000] {logging_mixin.py:190} INFO - [2024-12-26T00:15:02.030+0000] {dag.py:4180} INFO - Setting next_dagrun for a3media_schedule_scraper to 2024-12-25 23:30:00+00:00, run_after=2024-12-26 05:30:00+00:00
[2024-12-26T00:15:02.041+0000] {processor.py:208} INFO - Processing /opt/airflow/dags/dag_atresmedia.py took 0.155 seconds
[2024-12-26T00:15:33.049+0000] {processor.py:186} INFO - Started process (PID=4853) to work on /opt/airflow/dags/dag_atresmedia.py
[2024-12-26T00:15:33.050+0000] {processor.py:914} INFO - Processing file /opt/airflow/dags/dag_atresmedia.py for tasks to queue
[2024-12-26T00:15:33.051+0000] {logging_mixin.py:190} INFO - [2024-12-26T00:15:33.051+0000] {dagbag.py:588} INFO - Filling up the DagBag from /opt/airflow/dags/dag_atresmedia.py
[2024-12-26T00:15:33.163+0000] {processor.py:925} INFO - DAG(s) 'a3media_schedule_scraper' retrieved from /opt/airflow/dags/dag_atresmedia.py
[2024-12-26T00:15:33.178+0000] {logging_mixin.py:190} INFO - [2024-12-26T00:15:33.178+0000] {dag.py:3239} INFO - Sync 1 DAGs
[2024-12-26T00:15:33.192+0000] {logging_mixin.py:190} INFO - [2024-12-26T00:15:33.192+0000] {dag.py:4180} INFO - Setting next_dagrun for a3media_schedule_scraper to 2024-12-25 23:30:00+00:00, run_after=2024-12-26 05:30:00+00:00
[2024-12-26T00:15:33.201+0000] {processor.py:208} INFO - Processing /opt/airflow/dags/dag_atresmedia.py took 0.157 seconds
[2024-12-26T00:16:04.007+0000] {processor.py:186} INFO - Started process (PID=4868) to work on /opt/airflow/dags/dag_atresmedia.py
[2024-12-26T00:16:04.008+0000] {processor.py:914} INFO - Processing file /opt/airflow/dags/dag_atresmedia.py for tasks to queue
[2024-12-26T00:16:04.009+0000] {logging_mixin.py:190} INFO - [2024-12-26T00:16:04.009+0000] {dagbag.py:588} INFO - Filling up the DagBag from /opt/airflow/dags/dag_atresmedia.py
[2024-12-26T00:16:04.116+0000] {processor.py:925} INFO - DAG(s) 'a3media_schedule_scraper' retrieved from /opt/airflow/dags/dag_atresmedia.py
[2024-12-26T00:16:04.129+0000] {logging_mixin.py:190} INFO - [2024-12-26T00:16:04.129+0000] {dag.py:3239} INFO - Sync 1 DAGs
[2024-12-26T00:16:04.142+0000] {logging_mixin.py:190} INFO - [2024-12-26T00:16:04.142+0000] {dag.py:4180} INFO - Setting next_dagrun for a3media_schedule_scraper to 2024-12-25 23:30:00+00:00, run_after=2024-12-26 05:30:00+00:00
[2024-12-26T00:16:04.152+0000] {processor.py:208} INFO - Processing /opt/airflow/dags/dag_atresmedia.py took 0.149 seconds
[2024-12-26T00:16:34.948+0000] {processor.py:186} INFO - Started process (PID=4883) to work on /opt/airflow/dags/dag_atresmedia.py
[2024-12-26T00:16:34.949+0000] {processor.py:914} INFO - Processing file /opt/airflow/dags/dag_atresmedia.py for tasks to queue
[2024-12-26T00:16:34.950+0000] {logging_mixin.py:190} INFO - [2024-12-26T00:16:34.950+0000] {dagbag.py:588} INFO - Filling up the DagBag from /opt/airflow/dags/dag_atresmedia.py
[2024-12-26T00:16:35.058+0000] {processor.py:925} INFO - DAG(s) 'a3media_schedule_scraper' retrieved from /opt/airflow/dags/dag_atresmedia.py
[2024-12-26T00:16:35.072+0000] {logging_mixin.py:190} INFO - [2024-12-26T00:16:35.072+0000] {dag.py:3239} INFO - Sync 1 DAGs
[2024-12-26T00:16:35.085+0000] {logging_mixin.py:190} INFO - [2024-12-26T00:16:35.085+0000] {dag.py:4180} INFO - Setting next_dagrun for a3media_schedule_scraper to 2024-12-25 23:30:00+00:00, run_after=2024-12-26 05:30:00+00:00
[2024-12-26T00:16:35.095+0000] {processor.py:208} INFO - Processing /opt/airflow/dags/dag_atresmedia.py took 0.150 seconds
[2024-12-26T00:17:05.862+0000] {processor.py:186} INFO - Started process (PID=4898) to work on /opt/airflow/dags/dag_atresmedia.py
[2024-12-26T00:17:05.863+0000] {processor.py:914} INFO - Processing file /opt/airflow/dags/dag_atresmedia.py for tasks to queue
[2024-12-26T00:17:05.864+0000] {logging_mixin.py:190} INFO - [2024-12-26T00:17:05.864+0000] {dagbag.py:588} INFO - Filling up the DagBag from /opt/airflow/dags/dag_atresmedia.py
[2024-12-26T00:17:05.972+0000] {processor.py:925} INFO - DAG(s) 'a3media_schedule_scraper' retrieved from /opt/airflow/dags/dag_atresmedia.py
[2024-12-26T00:17:05.985+0000] {logging_mixin.py:190} INFO - [2024-12-26T00:17:05.985+0000] {dag.py:3239} INFO - Sync 1 DAGs
[2024-12-26T00:17:05.999+0000] {logging_mixin.py:190} INFO - [2024-12-26T00:17:05.999+0000] {dag.py:4180} INFO - Setting next_dagrun for a3media_schedule_scraper to 2024-12-25 23:30:00+00:00, run_after=2024-12-26 05:30:00+00:00
[2024-12-26T00:17:06.089+0000] {processor.py:208} INFO - Processing /opt/airflow/dags/dag_atresmedia.py took 0.230 seconds
[2024-12-26T00:17:36.850+0000] {processor.py:186} INFO - Started process (PID=4913) to work on /opt/airflow/dags/dag_atresmedia.py
[2024-12-26T00:17:36.851+0000] {processor.py:914} INFO - Processing file /opt/airflow/dags/dag_atresmedia.py for tasks to queue
[2024-12-26T00:17:36.853+0000] {logging_mixin.py:190} INFO - [2024-12-26T00:17:36.852+0000] {dagbag.py:588} INFO - Filling up the DagBag from /opt/airflow/dags/dag_atresmedia.py
[2024-12-26T00:17:36.960+0000] {processor.py:925} INFO - DAG(s) 'a3media_schedule_scraper' retrieved from /opt/airflow/dags/dag_atresmedia.py
[2024-12-26T00:17:36.974+0000] {logging_mixin.py:190} INFO - [2024-12-26T00:17:36.973+0000] {dag.py:3239} INFO - Sync 1 DAGs
[2024-12-26T00:17:36.987+0000] {logging_mixin.py:190} INFO - [2024-12-26T00:17:36.987+0000] {dag.py:4180} INFO - Setting next_dagrun for a3media_schedule_scraper to 2024-12-25 23:30:00+00:00, run_after=2024-12-26 05:30:00+00:00
[2024-12-26T00:17:36.996+0000] {processor.py:208} INFO - Processing /opt/airflow/dags/dag_atresmedia.py took 0.149 seconds
[2024-12-26T00:18:07.810+0000] {processor.py:186} INFO - Started process (PID=4928) to work on /opt/airflow/dags/dag_atresmedia.py
[2024-12-26T00:18:07.811+0000] {processor.py:914} INFO - Processing file /opt/airflow/dags/dag_atresmedia.py for tasks to queue
[2024-12-26T00:18:07.812+0000] {logging_mixin.py:190} INFO - [2024-12-26T00:18:07.812+0000] {dagbag.py:588} INFO - Filling up the DagBag from /opt/airflow/dags/dag_atresmedia.py
[2024-12-26T00:18:07.919+0000] {processor.py:925} INFO - DAG(s) 'a3media_schedule_scraper' retrieved from /opt/airflow/dags/dag_atresmedia.py
[2024-12-26T00:18:07.935+0000] {logging_mixin.py:190} INFO - [2024-12-26T00:18:07.935+0000] {dag.py:3239} INFO - Sync 1 DAGs
[2024-12-26T00:18:07.950+0000] {logging_mixin.py:190} INFO - [2024-12-26T00:18:07.950+0000] {dag.py:4180} INFO - Setting next_dagrun for a3media_schedule_scraper to 2024-12-25 23:30:00+00:00, run_after=2024-12-26 05:30:00+00:00
[2024-12-26T00:18:07.961+0000] {processor.py:208} INFO - Processing /opt/airflow/dags/dag_atresmedia.py took 0.154 seconds
[2024-12-26T00:18:38.732+0000] {processor.py:186} INFO - Started process (PID=4943) to work on /opt/airflow/dags/dag_atresmedia.py
[2024-12-26T00:18:38.733+0000] {processor.py:914} INFO - Processing file /opt/airflow/dags/dag_atresmedia.py for tasks to queue
[2024-12-26T00:18:38.734+0000] {logging_mixin.py:190} INFO - [2024-12-26T00:18:38.734+0000] {dagbag.py:588} INFO - Filling up the DagBag from /opt/airflow/dags/dag_atresmedia.py
[2024-12-26T00:18:38.845+0000] {processor.py:925} INFO - DAG(s) 'a3media_schedule_scraper' retrieved from /opt/airflow/dags/dag_atresmedia.py
[2024-12-26T00:18:38.860+0000] {logging_mixin.py:190} INFO - [2024-12-26T00:18:38.859+0000] {dag.py:3239} INFO - Sync 1 DAGs
[2024-12-26T00:18:38.874+0000] {logging_mixin.py:190} INFO - [2024-12-26T00:18:38.874+0000] {dag.py:4180} INFO - Setting next_dagrun for a3media_schedule_scraper to 2024-12-25 23:30:00+00:00, run_after=2024-12-26 05:30:00+00:00
[2024-12-26T00:18:38.974+0000] {processor.py:208} INFO - Processing /opt/airflow/dags/dag_atresmedia.py took 0.247 seconds
[2024-12-26T15:07:41.606+0000] {processor.py:186} INFO - Started process (PID=85) to work on /opt/airflow/dags/dag_atresmedia.py
[2024-12-26T15:07:41.607+0000] {processor.py:914} INFO - Processing file /opt/airflow/dags/dag_atresmedia.py for tasks to queue
[2024-12-26T15:07:41.608+0000] {logging_mixin.py:190} INFO - [2024-12-26T15:07:41.608+0000] {dagbag.py:588} INFO - Filling up the DagBag from /opt/airflow/dags/dag_atresmedia.py
[2024-12-26T15:07:41.896+0000] {processor.py:925} INFO - DAG(s) 'a3media_schedule_scraper' retrieved from /opt/airflow/dags/dag_atresmedia.py
[2024-12-26T15:07:42.015+0000] {logging_mixin.py:190} INFO - [2024-12-26T15:07:42.014+0000] {override.py:1911} INFO - Created Permission View: can edit on DAG:a3media_schedule_scraper
[2024-12-26T15:07:42.020+0000] {logging_mixin.py:190} INFO - [2024-12-26T15:07:42.020+0000] {override.py:1911} INFO - Created Permission View: can delete on DAG:a3media_schedule_scraper
[2024-12-26T15:07:42.023+0000] {logging_mixin.py:190} INFO - [2024-12-26T15:07:42.023+0000] {override.py:1911} INFO - Created Permission View: can read on DAG:a3media_schedule_scraper
[2024-12-26T15:07:42.027+0000] {logging_mixin.py:190} INFO - [2024-12-26T15:07:42.027+0000] {override.py:1911} INFO - Created Permission View: menu access on DAG Run:a3media_schedule_scraper
[2024-12-26T15:07:42.031+0000] {logging_mixin.py:190} INFO - [2024-12-26T15:07:42.030+0000] {override.py:1911} INFO - Created Permission View: can create on DAG Run:a3media_schedule_scraper
[2024-12-26T15:07:42.034+0000] {logging_mixin.py:190} INFO - [2024-12-26T15:07:42.034+0000] {override.py:1911} INFO - Created Permission View: can delete on DAG Run:a3media_schedule_scraper
[2024-12-26T15:07:42.038+0000] {logging_mixin.py:190} INFO - [2024-12-26T15:07:42.038+0000] {override.py:1911} INFO - Created Permission View: can read on DAG Run:a3media_schedule_scraper
[2024-12-26T15:07:42.038+0000] {logging_mixin.py:190} INFO - [2024-12-26T15:07:42.038+0000] {dag.py:3239} INFO - Sync 1 DAGs
[2024-12-26T15:07:42.044+0000] {logging_mixin.py:190} INFO - [2024-12-26T15:07:42.044+0000] {dag.py:3262} INFO - Creating ORM DAG for a3media_schedule_scraper
[2024-12-26T15:07:42.050+0000] {logging_mixin.py:190} INFO - [2024-12-26T15:07:42.050+0000] {dag.py:4180} INFO - Setting next_dagrun for a3media_schedule_scraper to 2024-12-26 05:30:00+00:00, run_after=2024-12-26 11:30:00+00:00
[2024-12-26T15:07:42.059+0000] {processor.py:208} INFO - Processing /opt/airflow/dags/dag_atresmedia.py took 0.457 seconds
[2024-12-26T15:08:12.201+0000] {processor.py:186} INFO - Started process (PID=100) to work on /opt/airflow/dags/dag_atresmedia.py
[2024-12-26T15:08:12.202+0000] {processor.py:914} INFO - Processing file /opt/airflow/dags/dag_atresmedia.py for tasks to queue
[2024-12-26T15:08:12.204+0000] {logging_mixin.py:190} INFO - [2024-12-26T15:08:12.204+0000] {dagbag.py:588} INFO - Filling up the DagBag from /opt/airflow/dags/dag_atresmedia.py
[2024-12-26T15:08:12.413+0000] {processor.py:925} INFO - DAG(s) 'a3media_schedule_scraper' retrieved from /opt/airflow/dags/dag_atresmedia.py
[2024-12-26T15:08:12.425+0000] {logging_mixin.py:190} INFO - [2024-12-26T15:08:12.425+0000] {dag.py:3239} INFO - Sync 1 DAGs
[2024-12-26T15:08:12.437+0000] {logging_mixin.py:190} INFO - [2024-12-26T15:08:12.437+0000] {dag.py:4180} INFO - Setting next_dagrun for a3media_schedule_scraper to 2024-12-26 05:30:00+00:00, run_after=2024-12-26 11:30:00+00:00
[2024-12-26T15:08:12.447+0000] {processor.py:208} INFO - Processing /opt/airflow/dags/dag_atresmedia.py took 0.252 seconds
[2024-12-26T15:08:42.583+0000] {processor.py:186} INFO - Started process (PID=115) to work on /opt/airflow/dags/dag_atresmedia.py
[2024-12-26T15:08:42.584+0000] {processor.py:914} INFO - Processing file /opt/airflow/dags/dag_atresmedia.py for tasks to queue
[2024-12-26T15:08:42.585+0000] {logging_mixin.py:190} INFO - [2024-12-26T15:08:42.585+0000] {dagbag.py:588} INFO - Filling up the DagBag from /opt/airflow/dags/dag_atresmedia.py
[2024-12-26T15:08:42.694+0000] {processor.py:925} INFO - DAG(s) 'a3media_schedule_scraper' retrieved from /opt/airflow/dags/dag_atresmedia.py
[2024-12-26T15:08:42.707+0000] {logging_mixin.py:190} INFO - [2024-12-26T15:08:42.707+0000] {dag.py:3239} INFO - Sync 1 DAGs
[2024-12-26T15:08:42.720+0000] {logging_mixin.py:190} INFO - [2024-12-26T15:08:42.720+0000] {dag.py:4180} INFO - Setting next_dagrun for a3media_schedule_scraper to 2024-12-26 05:30:00+00:00, run_after=2024-12-26 11:30:00+00:00
[2024-12-26T15:08:42.729+0000] {processor.py:208} INFO - Processing /opt/airflow/dags/dag_atresmedia.py took 0.150 seconds
