[2024-12-26T00:00:05.806+0000] {processor.py:186} INFO - Started process (PID=4401) to work on /opt/airflow/dags/dag_mediaset.py
[2024-12-26T00:00:05.806+0000] {processor.py:914} INFO - Processing file /opt/airflow/dags/dag_mediaset.py for tasks to queue
[2024-12-26T00:00:05.808+0000] {logging_mixin.py:190} INFO - [2024-12-26T00:00:05.808+0000] {dagbag.py:588} INFO - Filling up the DagBag from /opt/airflow/dags/dag_mediaset.py
[2024-12-26T00:00:05.915+0000] {processor.py:925} INFO - DAG(s) 'mediaset_schedule_scraper' retrieved from /opt/airflow/dags/dag_mediaset.py
[2024-12-26T00:00:05.973+0000] {logging_mixin.py:190} INFO - [2024-12-26T00:00:05.973+0000] {dag.py:3239} INFO - Sync 1 DAGs
[2024-12-26T00:00:05.985+0000] {logging_mixin.py:190} INFO - [2024-12-26T00:00:05.985+0000] {dag.py:4180} INFO - Setting next_dagrun for mediaset_schedule_scraper to 2024-12-25 23:30:00+00:00, run_after=2024-12-26 05:30:00+00:00
[2024-12-26T00:00:05.995+0000] {processor.py:208} INFO - Processing /opt/airflow/dags/dag_mediaset.py took 0.192 seconds
[2024-12-26T00:00:36.866+0000] {processor.py:186} INFO - Started process (PID=4416) to work on /opt/airflow/dags/dag_mediaset.py
[2024-12-26T00:00:36.867+0000] {processor.py:914} INFO - Processing file /opt/airflow/dags/dag_mediaset.py for tasks to queue
[2024-12-26T00:00:36.868+0000] {logging_mixin.py:190} INFO - [2024-12-26T00:00:36.868+0000] {dagbag.py:588} INFO - Filling up the DagBag from /opt/airflow/dags/dag_mediaset.py
[2024-12-26T00:00:36.971+0000] {processor.py:925} INFO - DAG(s) 'mediaset_schedule_scraper' retrieved from /opt/airflow/dags/dag_mediaset.py
[2024-12-26T00:00:37.028+0000] {logging_mixin.py:190} INFO - [2024-12-26T00:00:37.028+0000] {dag.py:3239} INFO - Sync 1 DAGs
[2024-12-26T00:00:37.041+0000] {logging_mixin.py:190} INFO - [2024-12-26T00:00:37.041+0000] {dag.py:4180} INFO - Setting next_dagrun for mediaset_schedule_scraper to 2024-12-25 23:30:00+00:00, run_after=2024-12-26 05:30:00+00:00
[2024-12-26T00:00:37.052+0000] {processor.py:208} INFO - Processing /opt/airflow/dags/dag_mediaset.py took 0.189 seconds
[2024-12-26T00:01:07.708+0000] {processor.py:186} INFO - Started process (PID=4431) to work on /opt/airflow/dags/dag_mediaset.py
[2024-12-26T00:01:07.709+0000] {processor.py:914} INFO - Processing file /opt/airflow/dags/dag_mediaset.py for tasks to queue
[2024-12-26T00:01:07.710+0000] {logging_mixin.py:190} INFO - [2024-12-26T00:01:07.710+0000] {dagbag.py:588} INFO - Filling up the DagBag from /opt/airflow/dags/dag_mediaset.py
[2024-12-26T00:01:07.815+0000] {processor.py:925} INFO - DAG(s) 'mediaset_schedule_scraper' retrieved from /opt/airflow/dags/dag_mediaset.py
[2024-12-26T00:01:07.874+0000] {logging_mixin.py:190} INFO - [2024-12-26T00:01:07.874+0000] {dag.py:3239} INFO - Sync 1 DAGs
[2024-12-26T00:01:07.886+0000] {logging_mixin.py:190} INFO - [2024-12-26T00:01:07.886+0000] {dag.py:4180} INFO - Setting next_dagrun for mediaset_schedule_scraper to 2024-12-25 23:30:00+00:00, run_after=2024-12-26 05:30:00+00:00
[2024-12-26T00:01:07.897+0000] {processor.py:208} INFO - Processing /opt/airflow/dags/dag_mediaset.py took 0.192 seconds
[2024-12-26T00:01:38.589+0000] {processor.py:186} INFO - Started process (PID=4446) to work on /opt/airflow/dags/dag_mediaset.py
[2024-12-26T00:01:38.589+0000] {processor.py:914} INFO - Processing file /opt/airflow/dags/dag_mediaset.py for tasks to queue
[2024-12-26T00:01:38.591+0000] {logging_mixin.py:190} INFO - [2024-12-26T00:01:38.590+0000] {dagbag.py:588} INFO - Filling up the DagBag from /opt/airflow/dags/dag_mediaset.py
[2024-12-26T00:01:38.698+0000] {processor.py:925} INFO - DAG(s) 'mediaset_schedule_scraper' retrieved from /opt/airflow/dags/dag_mediaset.py
[2024-12-26T00:01:38.758+0000] {logging_mixin.py:190} INFO - [2024-12-26T00:01:38.758+0000] {dag.py:3239} INFO - Sync 1 DAGs
[2024-12-26T00:01:38.771+0000] {logging_mixin.py:190} INFO - [2024-12-26T00:01:38.771+0000] {dag.py:4180} INFO - Setting next_dagrun for mediaset_schedule_scraper to 2024-12-25 23:30:00+00:00, run_after=2024-12-26 05:30:00+00:00
[2024-12-26T00:01:38.781+0000] {processor.py:208} INFO - Processing /opt/airflow/dags/dag_mediaset.py took 0.196 seconds
[2024-12-26T00:02:09.444+0000] {processor.py:186} INFO - Started process (PID=4467) to work on /opt/airflow/dags/dag_mediaset.py
[2024-12-26T00:02:09.445+0000] {processor.py:914} INFO - Processing file /opt/airflow/dags/dag_mediaset.py for tasks to queue
[2024-12-26T00:02:09.446+0000] {logging_mixin.py:190} INFO - [2024-12-26T00:02:09.446+0000] {dagbag.py:588} INFO - Filling up the DagBag from /opt/airflow/dags/dag_mediaset.py
[2024-12-26T00:02:09.554+0000] {processor.py:925} INFO - DAG(s) 'mediaset_schedule_scraper' retrieved from /opt/airflow/dags/dag_mediaset.py
[2024-12-26T00:02:09.615+0000] {logging_mixin.py:190} INFO - [2024-12-26T00:02:09.615+0000] {dag.py:3239} INFO - Sync 1 DAGs
[2024-12-26T00:02:09.629+0000] {logging_mixin.py:190} INFO - [2024-12-26T00:02:09.628+0000] {dag.py:4180} INFO - Setting next_dagrun for mediaset_schedule_scraper to 2024-12-25 23:30:00+00:00, run_after=2024-12-26 05:30:00+00:00
[2024-12-26T00:02:09.639+0000] {processor.py:208} INFO - Processing /opt/airflow/dags/dag_mediaset.py took 0.198 seconds
[2024-12-26T00:02:40.337+0000] {processor.py:186} INFO - Started process (PID=4482) to work on /opt/airflow/dags/dag_mediaset.py
[2024-12-26T00:02:40.337+0000] {processor.py:914} INFO - Processing file /opt/airflow/dags/dag_mediaset.py for tasks to queue
[2024-12-26T00:02:40.339+0000] {logging_mixin.py:190} INFO - [2024-12-26T00:02:40.338+0000] {dagbag.py:588} INFO - Filling up the DagBag from /opt/airflow/dags/dag_mediaset.py
[2024-12-26T00:02:40.447+0000] {processor.py:925} INFO - DAG(s) 'mediaset_schedule_scraper' retrieved from /opt/airflow/dags/dag_mediaset.py
[2024-12-26T00:02:40.508+0000] {logging_mixin.py:190} INFO - [2024-12-26T00:02:40.508+0000] {dag.py:3239} INFO - Sync 1 DAGs
[2024-12-26T00:02:40.520+0000] {logging_mixin.py:190} INFO - [2024-12-26T00:02:40.520+0000] {dag.py:4180} INFO - Setting next_dagrun for mediaset_schedule_scraper to 2024-12-25 23:30:00+00:00, run_after=2024-12-26 05:30:00+00:00
[2024-12-26T00:02:40.530+0000] {processor.py:208} INFO - Processing /opt/airflow/dags/dag_mediaset.py took 0.197 seconds
[2024-12-26T00:03:11.235+0000] {processor.py:186} INFO - Started process (PID=4497) to work on /opt/airflow/dags/dag_mediaset.py
[2024-12-26T00:03:11.236+0000] {processor.py:914} INFO - Processing file /opt/airflow/dags/dag_mediaset.py for tasks to queue
[2024-12-26T00:03:11.237+0000] {logging_mixin.py:190} INFO - [2024-12-26T00:03:11.237+0000] {dagbag.py:588} INFO - Filling up the DagBag from /opt/airflow/dags/dag_mediaset.py
[2024-12-26T00:03:11.339+0000] {processor.py:925} INFO - DAG(s) 'mediaset_schedule_scraper' retrieved from /opt/airflow/dags/dag_mediaset.py
[2024-12-26T00:03:11.397+0000] {logging_mixin.py:190} INFO - [2024-12-26T00:03:11.397+0000] {dag.py:3239} INFO - Sync 1 DAGs
[2024-12-26T00:03:11.409+0000] {logging_mixin.py:190} INFO - [2024-12-26T00:03:11.409+0000] {dag.py:4180} INFO - Setting next_dagrun for mediaset_schedule_scraper to 2024-12-25 23:30:00+00:00, run_after=2024-12-26 05:30:00+00:00
[2024-12-26T00:03:11.418+0000] {processor.py:208} INFO - Processing /opt/airflow/dags/dag_mediaset.py took 0.186 seconds
[2024-12-26T00:03:42.084+0000] {processor.py:186} INFO - Started process (PID=4512) to work on /opt/airflow/dags/dag_mediaset.py
[2024-12-26T00:03:42.084+0000] {processor.py:914} INFO - Processing file /opt/airflow/dags/dag_mediaset.py for tasks to queue
[2024-12-26T00:03:42.086+0000] {logging_mixin.py:190} INFO - [2024-12-26T00:03:42.086+0000] {dagbag.py:588} INFO - Filling up the DagBag from /opt/airflow/dags/dag_mediaset.py
[2024-12-26T00:03:42.192+0000] {processor.py:925} INFO - DAG(s) 'mediaset_schedule_scraper' retrieved from /opt/airflow/dags/dag_mediaset.py
[2024-12-26T00:03:42.249+0000] {logging_mixin.py:190} INFO - [2024-12-26T00:03:42.248+0000] {dag.py:3239} INFO - Sync 1 DAGs
[2024-12-26T00:03:42.261+0000] {logging_mixin.py:190} INFO - [2024-12-26T00:03:42.261+0000] {dag.py:4180} INFO - Setting next_dagrun for mediaset_schedule_scraper to 2024-12-25 23:30:00+00:00, run_after=2024-12-26 05:30:00+00:00
[2024-12-26T00:03:42.271+0000] {processor.py:208} INFO - Processing /opt/airflow/dags/dag_mediaset.py took 0.191 seconds
[2024-12-26T00:04:12.944+0000] {processor.py:186} INFO - Started process (PID=4527) to work on /opt/airflow/dags/dag_mediaset.py
[2024-12-26T00:04:12.945+0000] {processor.py:914} INFO - Processing file /opt/airflow/dags/dag_mediaset.py for tasks to queue
[2024-12-26T00:04:12.946+0000] {logging_mixin.py:190} INFO - [2024-12-26T00:04:12.946+0000] {dagbag.py:588} INFO - Filling up the DagBag from /opt/airflow/dags/dag_mediaset.py
[2024-12-26T00:04:13.056+0000] {processor.py:925} INFO - DAG(s) 'mediaset_schedule_scraper' retrieved from /opt/airflow/dags/dag_mediaset.py
[2024-12-26T00:04:13.113+0000] {logging_mixin.py:190} INFO - [2024-12-26T00:04:13.113+0000] {dag.py:3239} INFO - Sync 1 DAGs
[2024-12-26T00:04:13.125+0000] {logging_mixin.py:190} INFO - [2024-12-26T00:04:13.125+0000] {dag.py:4180} INFO - Setting next_dagrun for mediaset_schedule_scraper to 2024-12-25 23:30:00+00:00, run_after=2024-12-26 05:30:00+00:00
[2024-12-26T00:04:13.134+0000] {processor.py:208} INFO - Processing /opt/airflow/dags/dag_mediaset.py took 0.193 seconds
[2024-12-26T00:04:43.854+0000] {processor.py:186} INFO - Started process (PID=4542) to work on /opt/airflow/dags/dag_mediaset.py
[2024-12-26T00:04:43.854+0000] {processor.py:914} INFO - Processing file /opt/airflow/dags/dag_mediaset.py for tasks to queue
[2024-12-26T00:04:43.856+0000] {logging_mixin.py:190} INFO - [2024-12-26T00:04:43.855+0000] {dagbag.py:588} INFO - Filling up the DagBag from /opt/airflow/dags/dag_mediaset.py
[2024-12-26T00:04:43.963+0000] {processor.py:925} INFO - DAG(s) 'mediaset_schedule_scraper' retrieved from /opt/airflow/dags/dag_mediaset.py
[2024-12-26T00:04:44.023+0000] {logging_mixin.py:190} INFO - [2024-12-26T00:04:44.023+0000] {dag.py:3239} INFO - Sync 1 DAGs
[2024-12-26T00:04:44.035+0000] {logging_mixin.py:190} INFO - [2024-12-26T00:04:44.035+0000] {dag.py:4180} INFO - Setting next_dagrun for mediaset_schedule_scraper to 2024-12-25 23:30:00+00:00, run_after=2024-12-26 05:30:00+00:00
[2024-12-26T00:04:44.044+0000] {processor.py:208} INFO - Processing /opt/airflow/dags/dag_mediaset.py took 0.195 seconds
[2024-12-26T00:05:14.775+0000] {processor.py:186} INFO - Started process (PID=4557) to work on /opt/airflow/dags/dag_mediaset.py
[2024-12-26T00:05:14.776+0000] {processor.py:914} INFO - Processing file /opt/airflow/dags/dag_mediaset.py for tasks to queue
[2024-12-26T00:05:14.777+0000] {logging_mixin.py:190} INFO - [2024-12-26T00:05:14.777+0000] {dagbag.py:588} INFO - Filling up the DagBag from /opt/airflow/dags/dag_mediaset.py
[2024-12-26T00:05:14.890+0000] {processor.py:925} INFO - DAG(s) 'mediaset_schedule_scraper' retrieved from /opt/airflow/dags/dag_mediaset.py
[2024-12-26T00:05:14.950+0000] {logging_mixin.py:190} INFO - [2024-12-26T00:05:14.949+0000] {dag.py:3239} INFO - Sync 1 DAGs
[2024-12-26T00:05:14.962+0000] {logging_mixin.py:190} INFO - [2024-12-26T00:05:14.962+0000] {dag.py:4180} INFO - Setting next_dagrun for mediaset_schedule_scraper to 2024-12-25 23:30:00+00:00, run_after=2024-12-26 05:30:00+00:00
[2024-12-26T00:05:14.972+0000] {processor.py:208} INFO - Processing /opt/airflow/dags/dag_mediaset.py took 0.200 seconds
[2024-12-26T00:05:45.872+0000] {processor.py:186} INFO - Started process (PID=4572) to work on /opt/airflow/dags/dag_mediaset.py
[2024-12-26T00:05:45.873+0000] {processor.py:914} INFO - Processing file /opt/airflow/dags/dag_mediaset.py for tasks to queue
[2024-12-26T00:05:45.874+0000] {logging_mixin.py:190} INFO - [2024-12-26T00:05:45.874+0000] {dagbag.py:588} INFO - Filling up the DagBag from /opt/airflow/dags/dag_mediaset.py
[2024-12-26T00:05:45.979+0000] {processor.py:925} INFO - DAG(s) 'mediaset_schedule_scraper' retrieved from /opt/airflow/dags/dag_mediaset.py
[2024-12-26T00:05:46.038+0000] {logging_mixin.py:190} INFO - [2024-12-26T00:05:46.038+0000] {dag.py:3239} INFO - Sync 1 DAGs
[2024-12-26T00:05:46.050+0000] {logging_mixin.py:190} INFO - [2024-12-26T00:05:46.050+0000] {dag.py:4180} INFO - Setting next_dagrun for mediaset_schedule_scraper to 2024-12-25 23:30:00+00:00, run_after=2024-12-26 05:30:00+00:00
[2024-12-26T00:05:46.060+0000] {processor.py:208} INFO - Processing /opt/airflow/dags/dag_mediaset.py took 0.191 seconds
[2024-12-26T00:06:16.726+0000] {processor.py:186} INFO - Started process (PID=4587) to work on /opt/airflow/dags/dag_mediaset.py
[2024-12-26T00:06:16.727+0000] {processor.py:914} INFO - Processing file /opt/airflow/dags/dag_mediaset.py for tasks to queue
[2024-12-26T00:06:16.728+0000] {logging_mixin.py:190} INFO - [2024-12-26T00:06:16.728+0000] {dagbag.py:588} INFO - Filling up the DagBag from /opt/airflow/dags/dag_mediaset.py
[2024-12-26T00:06:16.840+0000] {processor.py:925} INFO - DAG(s) 'mediaset_schedule_scraper' retrieved from /opt/airflow/dags/dag_mediaset.py
[2024-12-26T00:06:16.899+0000] {logging_mixin.py:190} INFO - [2024-12-26T00:06:16.899+0000] {dag.py:3239} INFO - Sync 1 DAGs
[2024-12-26T00:06:16.911+0000] {logging_mixin.py:190} INFO - [2024-12-26T00:06:16.911+0000] {dag.py:4180} INFO - Setting next_dagrun for mediaset_schedule_scraper to 2024-12-25 23:30:00+00:00, run_after=2024-12-26 05:30:00+00:00
[2024-12-26T00:06:16.921+0000] {processor.py:208} INFO - Processing /opt/airflow/dags/dag_mediaset.py took 0.198 seconds
[2024-12-26T00:06:47.579+0000] {processor.py:186} INFO - Started process (PID=4602) to work on /opt/airflow/dags/dag_mediaset.py
[2024-12-26T00:06:47.579+0000] {processor.py:914} INFO - Processing file /opt/airflow/dags/dag_mediaset.py for tasks to queue
[2024-12-26T00:06:47.581+0000] {logging_mixin.py:190} INFO - [2024-12-26T00:06:47.580+0000] {dagbag.py:588} INFO - Filling up the DagBag from /opt/airflow/dags/dag_mediaset.py
[2024-12-26T00:06:47.687+0000] {processor.py:925} INFO - DAG(s) 'mediaset_schedule_scraper' retrieved from /opt/airflow/dags/dag_mediaset.py
[2024-12-26T00:06:47.745+0000] {logging_mixin.py:190} INFO - [2024-12-26T00:06:47.745+0000] {dag.py:3239} INFO - Sync 1 DAGs
[2024-12-26T00:06:47.758+0000] {logging_mixin.py:190} INFO - [2024-12-26T00:06:47.758+0000] {dag.py:4180} INFO - Setting next_dagrun for mediaset_schedule_scraper to 2024-12-25 23:30:00+00:00, run_after=2024-12-26 05:30:00+00:00
[2024-12-26T00:06:47.768+0000] {processor.py:208} INFO - Processing /opt/airflow/dags/dag_mediaset.py took 0.193 seconds
[2024-12-26T00:07:18.517+0000] {processor.py:186} INFO - Started process (PID=4617) to work on /opt/airflow/dags/dag_mediaset.py
[2024-12-26T00:07:18.517+0000] {processor.py:914} INFO - Processing file /opt/airflow/dags/dag_mediaset.py for tasks to queue
[2024-12-26T00:07:18.518+0000] {logging_mixin.py:190} INFO - [2024-12-26T00:07:18.518+0000] {dagbag.py:588} INFO - Filling up the DagBag from /opt/airflow/dags/dag_mediaset.py
[2024-12-26T00:07:18.623+0000] {processor.py:925} INFO - DAG(s) 'mediaset_schedule_scraper' retrieved from /opt/airflow/dags/dag_mediaset.py
[2024-12-26T00:07:18.682+0000] {logging_mixin.py:190} INFO - [2024-12-26T00:07:18.682+0000] {dag.py:3239} INFO - Sync 1 DAGs
[2024-12-26T00:07:18.695+0000] {logging_mixin.py:190} INFO - [2024-12-26T00:07:18.695+0000] {dag.py:4180} INFO - Setting next_dagrun for mediaset_schedule_scraper to 2024-12-25 23:30:00+00:00, run_after=2024-12-26 05:30:00+00:00
[2024-12-26T00:07:18.706+0000] {processor.py:208} INFO - Processing /opt/airflow/dags/dag_mediaset.py took 0.192 seconds
[2024-12-26T00:07:49.395+0000] {processor.py:186} INFO - Started process (PID=4632) to work on /opt/airflow/dags/dag_mediaset.py
[2024-12-26T00:07:49.396+0000] {processor.py:914} INFO - Processing file /opt/airflow/dags/dag_mediaset.py for tasks to queue
[2024-12-26T00:07:49.397+0000] {logging_mixin.py:190} INFO - [2024-12-26T00:07:49.397+0000] {dagbag.py:588} INFO - Filling up the DagBag from /opt/airflow/dags/dag_mediaset.py
[2024-12-26T00:07:49.503+0000] {processor.py:925} INFO - DAG(s) 'mediaset_schedule_scraper' retrieved from /opt/airflow/dags/dag_mediaset.py
[2024-12-26T00:07:49.565+0000] {logging_mixin.py:190} INFO - [2024-12-26T00:07:49.564+0000] {dag.py:3239} INFO - Sync 1 DAGs
[2024-12-26T00:07:49.577+0000] {logging_mixin.py:190} INFO - [2024-12-26T00:07:49.577+0000] {dag.py:4180} INFO - Setting next_dagrun for mediaset_schedule_scraper to 2024-12-25 23:30:00+00:00, run_after=2024-12-26 05:30:00+00:00
[2024-12-26T00:07:49.587+0000] {processor.py:208} INFO - Processing /opt/airflow/dags/dag_mediaset.py took 0.196 seconds
[2024-12-26T00:08:20.322+0000] {processor.py:186} INFO - Started process (PID=4647) to work on /opt/airflow/dags/dag_mediaset.py
[2024-12-26T00:08:20.322+0000] {processor.py:914} INFO - Processing file /opt/airflow/dags/dag_mediaset.py for tasks to queue
[2024-12-26T00:08:20.324+0000] {logging_mixin.py:190} INFO - [2024-12-26T00:08:20.324+0000] {dagbag.py:588} INFO - Filling up the DagBag from /opt/airflow/dags/dag_mediaset.py
[2024-12-26T00:08:20.431+0000] {processor.py:925} INFO - DAG(s) 'mediaset_schedule_scraper' retrieved from /opt/airflow/dags/dag_mediaset.py
[2024-12-26T00:08:20.489+0000] {logging_mixin.py:190} INFO - [2024-12-26T00:08:20.489+0000] {dag.py:3239} INFO - Sync 1 DAGs
[2024-12-26T00:08:20.501+0000] {logging_mixin.py:190} INFO - [2024-12-26T00:08:20.501+0000] {dag.py:4180} INFO - Setting next_dagrun for mediaset_schedule_scraper to 2024-12-25 23:30:00+00:00, run_after=2024-12-26 05:30:00+00:00
[2024-12-26T00:08:20.511+0000] {processor.py:208} INFO - Processing /opt/airflow/dags/dag_mediaset.py took 0.192 seconds
[2024-12-26T00:08:51.266+0000] {processor.py:186} INFO - Started process (PID=4662) to work on /opt/airflow/dags/dag_mediaset.py
[2024-12-26T00:08:51.266+0000] {processor.py:914} INFO - Processing file /opt/airflow/dags/dag_mediaset.py for tasks to queue
[2024-12-26T00:08:51.268+0000] {logging_mixin.py:190} INFO - [2024-12-26T00:08:51.267+0000] {dagbag.py:588} INFO - Filling up the DagBag from /opt/airflow/dags/dag_mediaset.py
[2024-12-26T00:08:51.378+0000] {processor.py:925} INFO - DAG(s) 'mediaset_schedule_scraper' retrieved from /opt/airflow/dags/dag_mediaset.py
[2024-12-26T00:08:51.436+0000] {logging_mixin.py:190} INFO - [2024-12-26T00:08:51.436+0000] {dag.py:3239} INFO - Sync 1 DAGs
[2024-12-26T00:08:51.448+0000] {logging_mixin.py:190} INFO - [2024-12-26T00:08:51.448+0000] {dag.py:4180} INFO - Setting next_dagrun for mediaset_schedule_scraper to 2024-12-25 23:30:00+00:00, run_after=2024-12-26 05:30:00+00:00
[2024-12-26T00:08:51.457+0000] {processor.py:208} INFO - Processing /opt/airflow/dags/dag_mediaset.py took 0.195 seconds
[2024-12-26T00:09:22.174+0000] {processor.py:186} INFO - Started process (PID=4677) to work on /opt/airflow/dags/dag_mediaset.py
[2024-12-26T00:09:22.174+0000] {processor.py:914} INFO - Processing file /opt/airflow/dags/dag_mediaset.py for tasks to queue
[2024-12-26T00:09:22.176+0000] {logging_mixin.py:190} INFO - [2024-12-26T00:09:22.175+0000] {dagbag.py:588} INFO - Filling up the DagBag from /opt/airflow/dags/dag_mediaset.py
[2024-12-26T00:09:22.285+0000] {processor.py:925} INFO - DAG(s) 'mediaset_schedule_scraper' retrieved from /opt/airflow/dags/dag_mediaset.py
[2024-12-26T00:09:22.345+0000] {logging_mixin.py:190} INFO - [2024-12-26T00:09:22.345+0000] {dag.py:3239} INFO - Sync 1 DAGs
[2024-12-26T00:09:22.357+0000] {logging_mixin.py:190} INFO - [2024-12-26T00:09:22.357+0000] {dag.py:4180} INFO - Setting next_dagrun for mediaset_schedule_scraper to 2024-12-25 23:30:00+00:00, run_after=2024-12-26 05:30:00+00:00
[2024-12-26T00:09:22.367+0000] {processor.py:208} INFO - Processing /opt/airflow/dags/dag_mediaset.py took 0.197 seconds
[2024-12-26T00:09:53.045+0000] {processor.py:186} INFO - Started process (PID=4692) to work on /opt/airflow/dags/dag_mediaset.py
[2024-12-26T00:09:53.046+0000] {processor.py:914} INFO - Processing file /opt/airflow/dags/dag_mediaset.py for tasks to queue
[2024-12-26T00:09:53.047+0000] {logging_mixin.py:190} INFO - [2024-12-26T00:09:53.047+0000] {dagbag.py:588} INFO - Filling up the DagBag from /opt/airflow/dags/dag_mediaset.py
[2024-12-26T00:09:53.152+0000] {processor.py:925} INFO - DAG(s) 'mediaset_schedule_scraper' retrieved from /opt/airflow/dags/dag_mediaset.py
[2024-12-26T00:09:53.214+0000] {logging_mixin.py:190} INFO - [2024-12-26T00:09:53.213+0000] {dag.py:3239} INFO - Sync 1 DAGs
[2024-12-26T00:09:53.226+0000] {logging_mixin.py:190} INFO - [2024-12-26T00:09:53.226+0000] {dag.py:4180} INFO - Setting next_dagrun for mediaset_schedule_scraper to 2024-12-25 23:30:00+00:00, run_after=2024-12-26 05:30:00+00:00
[2024-12-26T00:09:53.236+0000] {processor.py:208} INFO - Processing /opt/airflow/dags/dag_mediaset.py took 0.194 seconds
[2024-12-26T00:10:24.111+0000] {processor.py:186} INFO - Started process (PID=4707) to work on /opt/airflow/dags/dag_mediaset.py
[2024-12-26T00:10:24.111+0000] {processor.py:914} INFO - Processing file /opt/airflow/dags/dag_mediaset.py for tasks to queue
[2024-12-26T00:10:24.113+0000] {logging_mixin.py:190} INFO - [2024-12-26T00:10:24.113+0000] {dagbag.py:588} INFO - Filling up the DagBag from /opt/airflow/dags/dag_mediaset.py
[2024-12-26T00:10:24.220+0000] {processor.py:925} INFO - DAG(s) 'mediaset_schedule_scraper' retrieved from /opt/airflow/dags/dag_mediaset.py
[2024-12-26T00:10:24.277+0000] {logging_mixin.py:190} INFO - [2024-12-26T00:10:24.277+0000] {dag.py:3239} INFO - Sync 1 DAGs
[2024-12-26T00:10:24.289+0000] {logging_mixin.py:190} INFO - [2024-12-26T00:10:24.289+0000] {dag.py:4180} INFO - Setting next_dagrun for mediaset_schedule_scraper to 2024-12-25 23:30:00+00:00, run_after=2024-12-26 05:30:00+00:00
[2024-12-26T00:10:24.298+0000] {processor.py:208} INFO - Processing /opt/airflow/dags/dag_mediaset.py took 0.191 seconds
[2024-12-26T00:10:54.992+0000] {processor.py:186} INFO - Started process (PID=4722) to work on /opt/airflow/dags/dag_mediaset.py
[2024-12-26T00:10:54.992+0000] {processor.py:914} INFO - Processing file /opt/airflow/dags/dag_mediaset.py for tasks to queue
[2024-12-26T00:10:54.994+0000] {logging_mixin.py:190} INFO - [2024-12-26T00:10:54.993+0000] {dagbag.py:588} INFO - Filling up the DagBag from /opt/airflow/dags/dag_mediaset.py
[2024-12-26T00:10:55.100+0000] {processor.py:925} INFO - DAG(s) 'mediaset_schedule_scraper' retrieved from /opt/airflow/dags/dag_mediaset.py
[2024-12-26T00:10:55.161+0000] {logging_mixin.py:190} INFO - [2024-12-26T00:10:55.160+0000] {dag.py:3239} INFO - Sync 1 DAGs
[2024-12-26T00:10:55.173+0000] {logging_mixin.py:190} INFO - [2024-12-26T00:10:55.172+0000] {dag.py:4180} INFO - Setting next_dagrun for mediaset_schedule_scraper to 2024-12-25 23:30:00+00:00, run_after=2024-12-26 05:30:00+00:00
[2024-12-26T00:10:55.182+0000] {processor.py:208} INFO - Processing /opt/airflow/dags/dag_mediaset.py took 0.194 seconds
[2024-12-26T00:11:25.901+0000] {processor.py:186} INFO - Started process (PID=4737) to work on /opt/airflow/dags/dag_mediaset.py
[2024-12-26T00:11:25.902+0000] {processor.py:914} INFO - Processing file /opt/airflow/dags/dag_mediaset.py for tasks to queue
[2024-12-26T00:11:25.903+0000] {logging_mixin.py:190} INFO - [2024-12-26T00:11:25.903+0000] {dagbag.py:588} INFO - Filling up the DagBag from /opt/airflow/dags/dag_mediaset.py
[2024-12-26T00:11:26.007+0000] {processor.py:925} INFO - DAG(s) 'mediaset_schedule_scraper' retrieved from /opt/airflow/dags/dag_mediaset.py
[2024-12-26T00:11:26.065+0000] {logging_mixin.py:190} INFO - [2024-12-26T00:11:26.065+0000] {dag.py:3239} INFO - Sync 1 DAGs
[2024-12-26T00:11:26.078+0000] {logging_mixin.py:190} INFO - [2024-12-26T00:11:26.078+0000] {dag.py:4180} INFO - Setting next_dagrun for mediaset_schedule_scraper to 2024-12-25 23:30:00+00:00, run_after=2024-12-26 05:30:00+00:00
[2024-12-26T00:11:26.088+0000] {processor.py:208} INFO - Processing /opt/airflow/dags/dag_mediaset.py took 0.190 seconds
[2024-12-26T00:11:56.952+0000] {processor.py:186} INFO - Started process (PID=4752) to work on /opt/airflow/dags/dag_mediaset.py
[2024-12-26T00:11:56.953+0000] {processor.py:914} INFO - Processing file /opt/airflow/dags/dag_mediaset.py for tasks to queue
[2024-12-26T00:11:56.954+0000] {logging_mixin.py:190} INFO - [2024-12-26T00:11:56.954+0000] {dagbag.py:588} INFO - Filling up the DagBag from /opt/airflow/dags/dag_mediaset.py
[2024-12-26T00:11:57.062+0000] {processor.py:925} INFO - DAG(s) 'mediaset_schedule_scraper' retrieved from /opt/airflow/dags/dag_mediaset.py
[2024-12-26T00:11:57.125+0000] {logging_mixin.py:190} INFO - [2024-12-26T00:11:57.125+0000] {dag.py:3239} INFO - Sync 1 DAGs
[2024-12-26T00:11:57.139+0000] {logging_mixin.py:190} INFO - [2024-12-26T00:11:57.139+0000] {dag.py:4180} INFO - Setting next_dagrun for mediaset_schedule_scraper to 2024-12-25 23:30:00+00:00, run_after=2024-12-26 05:30:00+00:00
[2024-12-26T00:11:57.149+0000] {processor.py:208} INFO - Processing /opt/airflow/dags/dag_mediaset.py took 0.200 seconds
[2024-12-26T00:12:27.839+0000] {processor.py:186} INFO - Started process (PID=4767) to work on /opt/airflow/dags/dag_mediaset.py
[2024-12-26T00:12:27.840+0000] {processor.py:914} INFO - Processing file /opt/airflow/dags/dag_mediaset.py for tasks to queue
[2024-12-26T00:12:27.841+0000] {logging_mixin.py:190} INFO - [2024-12-26T00:12:27.841+0000] {dagbag.py:588} INFO - Filling up the DagBag from /opt/airflow/dags/dag_mediaset.py
[2024-12-26T00:12:27.942+0000] {processor.py:925} INFO - DAG(s) 'mediaset_schedule_scraper' retrieved from /opt/airflow/dags/dag_mediaset.py
[2024-12-26T00:12:27.999+0000] {logging_mixin.py:190} INFO - [2024-12-26T00:12:27.998+0000] {dag.py:3239} INFO - Sync 1 DAGs
[2024-12-26T00:12:28.010+0000] {logging_mixin.py:190} INFO - [2024-12-26T00:12:28.010+0000] {dag.py:4180} INFO - Setting next_dagrun for mediaset_schedule_scraper to 2024-12-25 23:30:00+00:00, run_after=2024-12-26 05:30:00+00:00
[2024-12-26T00:12:28.020+0000] {processor.py:208} INFO - Processing /opt/airflow/dags/dag_mediaset.py took 0.184 seconds
[2024-12-26T00:12:58.691+0000] {processor.py:186} INFO - Started process (PID=4782) to work on /opt/airflow/dags/dag_mediaset.py
[2024-12-26T00:12:58.691+0000] {processor.py:914} INFO - Processing file /opt/airflow/dags/dag_mediaset.py for tasks to queue
[2024-12-26T00:12:58.693+0000] {logging_mixin.py:190} INFO - [2024-12-26T00:12:58.692+0000] {dagbag.py:588} INFO - Filling up the DagBag from /opt/airflow/dags/dag_mediaset.py
[2024-12-26T00:12:58.795+0000] {processor.py:925} INFO - DAG(s) 'mediaset_schedule_scraper' retrieved from /opt/airflow/dags/dag_mediaset.py
[2024-12-26T00:12:58.852+0000] {logging_mixin.py:190} INFO - [2024-12-26T00:12:58.852+0000] {dag.py:3239} INFO - Sync 1 DAGs
[2024-12-26T00:12:58.865+0000] {logging_mixin.py:190} INFO - [2024-12-26T00:12:58.865+0000] {dag.py:4180} INFO - Setting next_dagrun for mediaset_schedule_scraper to 2024-12-25 23:30:00+00:00, run_after=2024-12-26 05:30:00+00:00
[2024-12-26T00:12:58.875+0000] {processor.py:208} INFO - Processing /opt/airflow/dags/dag_mediaset.py took 0.188 seconds
[2024-12-26T00:13:29.564+0000] {processor.py:186} INFO - Started process (PID=4797) to work on /opt/airflow/dags/dag_mediaset.py
[2024-12-26T00:13:29.565+0000] {processor.py:914} INFO - Processing file /opt/airflow/dags/dag_mediaset.py for tasks to queue
[2024-12-26T00:13:29.566+0000] {logging_mixin.py:190} INFO - [2024-12-26T00:13:29.566+0000] {dagbag.py:588} INFO - Filling up the DagBag from /opt/airflow/dags/dag_mediaset.py
[2024-12-26T00:13:29.669+0000] {processor.py:925} INFO - DAG(s) 'mediaset_schedule_scraper' retrieved from /opt/airflow/dags/dag_mediaset.py
[2024-12-26T00:13:29.725+0000] {logging_mixin.py:190} INFO - [2024-12-26T00:13:29.725+0000] {dag.py:3239} INFO - Sync 1 DAGs
[2024-12-26T00:13:29.736+0000] {logging_mixin.py:190} INFO - [2024-12-26T00:13:29.736+0000] {dag.py:4180} INFO - Setting next_dagrun for mediaset_schedule_scraper to 2024-12-25 23:30:00+00:00, run_after=2024-12-26 05:30:00+00:00
[2024-12-26T00:13:29.746+0000] {processor.py:208} INFO - Processing /opt/airflow/dags/dag_mediaset.py took 0.186 seconds
[2024-12-26T00:14:00.436+0000] {processor.py:186} INFO - Started process (PID=4812) to work on /opt/airflow/dags/dag_mediaset.py
[2024-12-26T00:14:00.436+0000] {processor.py:914} INFO - Processing file /opt/airflow/dags/dag_mediaset.py for tasks to queue
[2024-12-26T00:14:00.438+0000] {logging_mixin.py:190} INFO - [2024-12-26T00:14:00.438+0000] {dagbag.py:588} INFO - Filling up the DagBag from /opt/airflow/dags/dag_mediaset.py
[2024-12-26T00:14:00.544+0000] {processor.py:925} INFO - DAG(s) 'mediaset_schedule_scraper' retrieved from /opt/airflow/dags/dag_mediaset.py
[2024-12-26T00:14:00.605+0000] {logging_mixin.py:190} INFO - [2024-12-26T00:14:00.604+0000] {dag.py:3239} INFO - Sync 1 DAGs
[2024-12-26T00:14:00.617+0000] {logging_mixin.py:190} INFO - [2024-12-26T00:14:00.617+0000] {dag.py:4180} INFO - Setting next_dagrun for mediaset_schedule_scraper to 2024-12-25 23:30:00+00:00, run_after=2024-12-26 05:30:00+00:00
[2024-12-26T00:14:00.627+0000] {processor.py:208} INFO - Processing /opt/airflow/dags/dag_mediaset.py took 0.195 seconds
[2024-12-26T00:14:31.304+0000] {processor.py:186} INFO - Started process (PID=4827) to work on /opt/airflow/dags/dag_mediaset.py
[2024-12-26T00:14:31.305+0000] {processor.py:914} INFO - Processing file /opt/airflow/dags/dag_mediaset.py for tasks to queue
[2024-12-26T00:14:31.306+0000] {logging_mixin.py:190} INFO - [2024-12-26T00:14:31.306+0000] {dagbag.py:588} INFO - Filling up the DagBag from /opt/airflow/dags/dag_mediaset.py
[2024-12-26T00:14:31.410+0000] {processor.py:925} INFO - DAG(s) 'mediaset_schedule_scraper' retrieved from /opt/airflow/dags/dag_mediaset.py
[2024-12-26T00:14:31.472+0000] {logging_mixin.py:190} INFO - [2024-12-26T00:14:31.472+0000] {dag.py:3239} INFO - Sync 1 DAGs
[2024-12-26T00:14:31.487+0000] {logging_mixin.py:190} INFO - [2024-12-26T00:14:31.487+0000] {dag.py:4180} INFO - Setting next_dagrun for mediaset_schedule_scraper to 2024-12-25 23:30:00+00:00, run_after=2024-12-26 05:30:00+00:00
[2024-12-26T00:14:31.499+0000] {processor.py:208} INFO - Processing /opt/airflow/dags/dag_mediaset.py took 0.198 seconds
[2024-12-26T00:15:02.232+0000] {processor.py:186} INFO - Started process (PID=4842) to work on /opt/airflow/dags/dag_mediaset.py
[2024-12-26T00:15:02.232+0000] {processor.py:914} INFO - Processing file /opt/airflow/dags/dag_mediaset.py for tasks to queue
[2024-12-26T00:15:02.234+0000] {logging_mixin.py:190} INFO - [2024-12-26T00:15:02.234+0000] {dagbag.py:588} INFO - Filling up the DagBag from /opt/airflow/dags/dag_mediaset.py
[2024-12-26T00:15:02.346+0000] {processor.py:925} INFO - DAG(s) 'mediaset_schedule_scraper' retrieved from /opt/airflow/dags/dag_mediaset.py
[2024-12-26T00:15:02.407+0000] {logging_mixin.py:190} INFO - [2024-12-26T00:15:02.407+0000] {dag.py:3239} INFO - Sync 1 DAGs
[2024-12-26T00:15:02.419+0000] {logging_mixin.py:190} INFO - [2024-12-26T00:15:02.419+0000] {dag.py:4180} INFO - Setting next_dagrun for mediaset_schedule_scraper to 2024-12-25 23:30:00+00:00, run_after=2024-12-26 05:30:00+00:00
[2024-12-26T00:15:02.429+0000] {processor.py:208} INFO - Processing /opt/airflow/dags/dag_mediaset.py took 0.201 seconds
[2024-12-26T00:15:33.393+0000] {processor.py:186} INFO - Started process (PID=4857) to work on /opt/airflow/dags/dag_mediaset.py
[2024-12-26T00:15:33.393+0000] {processor.py:914} INFO - Processing file /opt/airflow/dags/dag_mediaset.py for tasks to queue
[2024-12-26T00:15:33.395+0000] {logging_mixin.py:190} INFO - [2024-12-26T00:15:33.395+0000] {dagbag.py:588} INFO - Filling up the DagBag from /opt/airflow/dags/dag_mediaset.py
[2024-12-26T00:15:33.503+0000] {processor.py:925} INFO - DAG(s) 'mediaset_schedule_scraper' retrieved from /opt/airflow/dags/dag_mediaset.py
[2024-12-26T00:15:33.673+0000] {logging_mixin.py:190} INFO - [2024-12-26T00:15:33.672+0000] {dag.py:3239} INFO - Sync 1 DAGs
[2024-12-26T00:15:33.684+0000] {logging_mixin.py:190} INFO - [2024-12-26T00:15:33.684+0000] {dag.py:4180} INFO - Setting next_dagrun for mediaset_schedule_scraper to 2024-12-25 23:30:00+00:00, run_after=2024-12-26 05:30:00+00:00
[2024-12-26T00:15:33.693+0000] {processor.py:208} INFO - Processing /opt/airflow/dags/dag_mediaset.py took 0.303 seconds
[2024-12-26T00:16:04.345+0000] {processor.py:186} INFO - Started process (PID=4872) to work on /opt/airflow/dags/dag_mediaset.py
[2024-12-26T00:16:04.346+0000] {processor.py:914} INFO - Processing file /opt/airflow/dags/dag_mediaset.py for tasks to queue
[2024-12-26T00:16:04.347+0000] {logging_mixin.py:190} INFO - [2024-12-26T00:16:04.347+0000] {dagbag.py:588} INFO - Filling up the DagBag from /opt/airflow/dags/dag_mediaset.py
[2024-12-26T00:16:04.451+0000] {processor.py:925} INFO - DAG(s) 'mediaset_schedule_scraper' retrieved from /opt/airflow/dags/dag_mediaset.py
[2024-12-26T00:16:04.510+0000] {logging_mixin.py:190} INFO - [2024-12-26T00:16:04.510+0000] {dag.py:3239} INFO - Sync 1 DAGs
[2024-12-26T00:16:04.613+0000] {logging_mixin.py:190} INFO - [2024-12-26T00:16:04.613+0000] {dag.py:4180} INFO - Setting next_dagrun for mediaset_schedule_scraper to 2024-12-25 23:30:00+00:00, run_after=2024-12-26 05:30:00+00:00
[2024-12-26T00:16:04.623+0000] {processor.py:208} INFO - Processing /opt/airflow/dags/dag_mediaset.py took 0.281 seconds
[2024-12-26T00:16:35.285+0000] {processor.py:186} INFO - Started process (PID=4887) to work on /opt/airflow/dags/dag_mediaset.py
[2024-12-26T00:16:35.285+0000] {processor.py:914} INFO - Processing file /opt/airflow/dags/dag_mediaset.py for tasks to queue
[2024-12-26T00:16:35.287+0000] {logging_mixin.py:190} INFO - [2024-12-26T00:16:35.287+0000] {dagbag.py:588} INFO - Filling up the DagBag from /opt/airflow/dags/dag_mediaset.py
[2024-12-26T00:16:35.394+0000] {processor.py:925} INFO - DAG(s) 'mediaset_schedule_scraper' retrieved from /opt/airflow/dags/dag_mediaset.py
[2024-12-26T00:16:35.456+0000] {logging_mixin.py:190} INFO - [2024-12-26T00:16:35.456+0000] {dag.py:3239} INFO - Sync 1 DAGs
[2024-12-26T00:16:35.467+0000] {logging_mixin.py:190} INFO - [2024-12-26T00:16:35.467+0000] {dag.py:4180} INFO - Setting next_dagrun for mediaset_schedule_scraper to 2024-12-25 23:30:00+00:00, run_after=2024-12-26 05:30:00+00:00
[2024-12-26T00:16:35.477+0000] {processor.py:208} INFO - Processing /opt/airflow/dags/dag_mediaset.py took 0.196 seconds
[2024-12-26T00:17:06.233+0000] {processor.py:186} INFO - Started process (PID=4902) to work on /opt/airflow/dags/dag_mediaset.py
[2024-12-26T00:17:06.233+0000] {processor.py:914} INFO - Processing file /opt/airflow/dags/dag_mediaset.py for tasks to queue
[2024-12-26T00:17:06.235+0000] {logging_mixin.py:190} INFO - [2024-12-26T00:17:06.235+0000] {dagbag.py:588} INFO - Filling up the DagBag from /opt/airflow/dags/dag_mediaset.py
[2024-12-26T00:17:06.345+0000] {processor.py:925} INFO - DAG(s) 'mediaset_schedule_scraper' retrieved from /opt/airflow/dags/dag_mediaset.py
[2024-12-26T00:17:06.497+0000] {logging_mixin.py:190} INFO - [2024-12-26T00:17:06.497+0000] {dag.py:3239} INFO - Sync 1 DAGs
[2024-12-26T00:17:06.509+0000] {logging_mixin.py:190} INFO - [2024-12-26T00:17:06.509+0000] {dag.py:4180} INFO - Setting next_dagrun for mediaset_schedule_scraper to 2024-12-25 23:30:00+00:00, run_after=2024-12-26 05:30:00+00:00
[2024-12-26T00:17:06.519+0000] {processor.py:208} INFO - Processing /opt/airflow/dags/dag_mediaset.py took 0.290 seconds
[2024-12-26T00:17:37.182+0000] {processor.py:186} INFO - Started process (PID=4917) to work on /opt/airflow/dags/dag_mediaset.py
[2024-12-26T00:17:37.183+0000] {processor.py:914} INFO - Processing file /opt/airflow/dags/dag_mediaset.py for tasks to queue
[2024-12-26T00:17:37.184+0000] {logging_mixin.py:190} INFO - [2024-12-26T00:17:37.184+0000] {dagbag.py:588} INFO - Filling up the DagBag from /opt/airflow/dags/dag_mediaset.py
[2024-12-26T00:17:37.290+0000] {processor.py:925} INFO - DAG(s) 'mediaset_schedule_scraper' retrieved from /opt/airflow/dags/dag_mediaset.py
[2024-12-26T00:17:37.431+0000] {logging_mixin.py:190} INFO - [2024-12-26T00:17:37.431+0000] {dag.py:3239} INFO - Sync 1 DAGs
[2024-12-26T00:17:37.443+0000] {logging_mixin.py:190} INFO - [2024-12-26T00:17:37.443+0000] {dag.py:4180} INFO - Setting next_dagrun for mediaset_schedule_scraper to 2024-12-25 23:30:00+00:00, run_after=2024-12-26 05:30:00+00:00
[2024-12-26T00:17:37.452+0000] {processor.py:208} INFO - Processing /opt/airflow/dags/dag_mediaset.py took 0.274 seconds
[2024-12-26T00:18:08.148+0000] {processor.py:186} INFO - Started process (PID=4932) to work on /opt/airflow/dags/dag_mediaset.py
[2024-12-26T00:18:08.149+0000] {processor.py:914} INFO - Processing file /opt/airflow/dags/dag_mediaset.py for tasks to queue
[2024-12-26T00:18:08.150+0000] {logging_mixin.py:190} INFO - [2024-12-26T00:18:08.150+0000] {dagbag.py:588} INFO - Filling up the DagBag from /opt/airflow/dags/dag_mediaset.py
[2024-12-26T00:18:08.258+0000] {processor.py:925} INFO - DAG(s) 'mediaset_schedule_scraper' retrieved from /opt/airflow/dags/dag_mediaset.py
[2024-12-26T00:18:08.316+0000] {logging_mixin.py:190} INFO - [2024-12-26T00:18:08.316+0000] {dag.py:3239} INFO - Sync 1 DAGs
[2024-12-26T00:18:08.328+0000] {logging_mixin.py:190} INFO - [2024-12-26T00:18:08.328+0000] {dag.py:4180} INFO - Setting next_dagrun for mediaset_schedule_scraper to 2024-12-25 23:30:00+00:00, run_after=2024-12-26 05:30:00+00:00
[2024-12-26T00:18:08.338+0000] {processor.py:208} INFO - Processing /opt/airflow/dags/dag_mediaset.py took 0.193 seconds
[2024-12-26T00:18:39.107+0000] {processor.py:186} INFO - Started process (PID=4947) to work on /opt/airflow/dags/dag_mediaset.py
[2024-12-26T00:18:39.108+0000] {processor.py:914} INFO - Processing file /opt/airflow/dags/dag_mediaset.py for tasks to queue
[2024-12-26T00:18:39.109+0000] {logging_mixin.py:190} INFO - [2024-12-26T00:18:39.109+0000] {dagbag.py:588} INFO - Filling up the DagBag from /opt/airflow/dags/dag_mediaset.py
[2024-12-26T00:18:39.219+0000] {processor.py:925} INFO - DAG(s) 'mediaset_schedule_scraper' retrieved from /opt/airflow/dags/dag_mediaset.py
[2024-12-26T00:18:39.377+0000] {logging_mixin.py:190} INFO - [2024-12-26T00:18:39.377+0000] {dag.py:3239} INFO - Sync 1 DAGs
[2024-12-26T00:18:39.388+0000] {logging_mixin.py:190} INFO - [2024-12-26T00:18:39.388+0000] {dag.py:4180} INFO - Setting next_dagrun for mediaset_schedule_scraper to 2024-12-25 23:30:00+00:00, run_after=2024-12-26 05:30:00+00:00
[2024-12-26T00:18:39.397+0000] {processor.py:208} INFO - Processing /opt/airflow/dags/dag_mediaset.py took 0.293 seconds
[2024-12-26T15:07:42.401+0000] {processor.py:186} INFO - Started process (PID=89) to work on /opt/airflow/dags/dag_mediaset.py
[2024-12-26T15:07:42.401+0000] {processor.py:914} INFO - Processing file /opt/airflow/dags/dag_mediaset.py for tasks to queue
[2024-12-26T15:07:42.402+0000] {logging_mixin.py:190} INFO - [2024-12-26T15:07:42.402+0000] {dagbag.py:588} INFO - Filling up the DagBag from /opt/airflow/dags/dag_mediaset.py
[2024-12-26T15:07:42.598+0000] {processor.py:925} INFO - DAG(s) 'mediaset_schedule_scraper' retrieved from /opt/airflow/dags/dag_mediaset.py
[2024-12-26T15:07:42.648+0000] {logging_mixin.py:190} INFO - [2024-12-26T15:07:42.648+0000] {override.py:1911} INFO - Created Permission View: can edit on DAG:mediaset_schedule_scraper
[2024-12-26T15:07:42.653+0000] {logging_mixin.py:190} INFO - [2024-12-26T15:07:42.653+0000] {override.py:1911} INFO - Created Permission View: can delete on DAG:mediaset_schedule_scraper
[2024-12-26T15:07:42.657+0000] {logging_mixin.py:190} INFO - [2024-12-26T15:07:42.657+0000] {override.py:1911} INFO - Created Permission View: can read on DAG:mediaset_schedule_scraper
[2024-12-26T15:07:42.660+0000] {logging_mixin.py:190} INFO - [2024-12-26T15:07:42.660+0000] {override.py:1911} INFO - Created Permission View: menu access on DAG Run:mediaset_schedule_scraper
[2024-12-26T15:07:42.663+0000] {logging_mixin.py:190} INFO - [2024-12-26T15:07:42.663+0000] {override.py:1911} INFO - Created Permission View: can create on DAG Run:mediaset_schedule_scraper
[2024-12-26T15:07:42.666+0000] {logging_mixin.py:190} INFO - [2024-12-26T15:07:42.666+0000] {override.py:1911} INFO - Created Permission View: can delete on DAG Run:mediaset_schedule_scraper
[2024-12-26T15:07:42.669+0000] {logging_mixin.py:190} INFO - [2024-12-26T15:07:42.669+0000] {override.py:1911} INFO - Created Permission View: can read on DAG Run:mediaset_schedule_scraper
[2024-12-26T15:07:42.669+0000] {logging_mixin.py:190} INFO - [2024-12-26T15:07:42.669+0000] {dag.py:3239} INFO - Sync 1 DAGs
[2024-12-26T15:07:42.676+0000] {logging_mixin.py:190} INFO - [2024-12-26T15:07:42.675+0000] {dag.py:3262} INFO - Creating ORM DAG for mediaset_schedule_scraper
[2024-12-26T15:07:42.681+0000] {logging_mixin.py:190} INFO - [2024-12-26T15:07:42.681+0000] {dag.py:4180} INFO - Setting next_dagrun for mediaset_schedule_scraper to 2024-12-26 05:30:00+00:00, run_after=2024-12-26 11:30:00+00:00
[2024-12-26T15:07:42.691+0000] {processor.py:208} INFO - Processing /opt/airflow/dags/dag_mediaset.py took 0.294 seconds
[2024-12-26T15:08:12.728+0000] {processor.py:186} INFO - Started process (PID=104) to work on /opt/airflow/dags/dag_mediaset.py
[2024-12-26T15:08:12.729+0000] {processor.py:914} INFO - Processing file /opt/airflow/dags/dag_mediaset.py for tasks to queue
[2024-12-26T15:08:12.730+0000] {logging_mixin.py:190} INFO - [2024-12-26T15:08:12.730+0000] {dagbag.py:588} INFO - Filling up the DagBag from /opt/airflow/dags/dag_mediaset.py
[2024-12-26T15:08:12.919+0000] {processor.py:925} INFO - DAG(s) 'mediaset_schedule_scraper' retrieved from /opt/airflow/dags/dag_mediaset.py
[2024-12-26T15:08:12.971+0000] {logging_mixin.py:190} INFO - [2024-12-26T15:08:12.971+0000] {dag.py:3239} INFO - Sync 1 DAGs
[2024-12-26T15:08:12.981+0000] {logging_mixin.py:190} INFO - [2024-12-26T15:08:12.981+0000] {dag.py:4180} INFO - Setting next_dagrun for mediaset_schedule_scraper to 2024-12-26 05:30:00+00:00, run_after=2024-12-26 11:30:00+00:00
[2024-12-26T15:08:12.990+0000] {processor.py:208} INFO - Processing /opt/airflow/dags/dag_mediaset.py took 0.266 seconds
[2024-12-26T15:08:43.017+0000] {processor.py:186} INFO - Started process (PID=119) to work on /opt/airflow/dags/dag_mediaset.py
[2024-12-26T15:08:43.018+0000] {processor.py:914} INFO - Processing file /opt/airflow/dags/dag_mediaset.py for tasks to queue
[2024-12-26T15:08:43.019+0000] {logging_mixin.py:190} INFO - [2024-12-26T15:08:43.019+0000] {dagbag.py:588} INFO - Filling up the DagBag from /opt/airflow/dags/dag_mediaset.py
[2024-12-26T15:08:43.135+0000] {processor.py:925} INFO - DAG(s) 'mediaset_schedule_scraper' retrieved from /opt/airflow/dags/dag_mediaset.py
[2024-12-26T15:08:43.195+0000] {logging_mixin.py:190} INFO - [2024-12-26T15:08:43.195+0000] {dag.py:3239} INFO - Sync 1 DAGs
[2024-12-26T15:08:43.207+0000] {logging_mixin.py:190} INFO - [2024-12-26T15:08:43.207+0000] {dag.py:4180} INFO - Setting next_dagrun for mediaset_schedule_scraper to 2024-12-26 05:30:00+00:00, run_after=2024-12-26 11:30:00+00:00
[2024-12-26T15:08:43.217+0000] {processor.py:208} INFO - Processing /opt/airflow/dags/dag_mediaset.py took 0.204 seconds
