[2024-12-15T23:30:01.713+0000] {local_task_job_runner.py:123} INFO - ::group::Pre task execution logs
[2024-12-15T23:30:01.724+0000] {taskinstance.py:2613} INFO - Dependencies all met for dep_context=non-requeueable deps ti=<TaskInstance: a3media_schedule_scraper.scrape_a3media_task scheduled__2024-12-15T17:30:00+00:00 [queued]>
[2024-12-15T23:30:01.732+0000] {taskinstance.py:2613} INFO - Dependencies all met for dep_context=requeueable deps ti=<TaskInstance: a3media_schedule_scraper.scrape_a3media_task scheduled__2024-12-15T17:30:00+00:00 [queued]>
[2024-12-15T23:30:01.733+0000] {taskinstance.py:2866} INFO - Starting attempt 1 of 5
[2024-12-15T23:30:01.749+0000] {taskinstance.py:2889} INFO - Executing <Task(_PythonDecoratedOperator): scrape_a3media_task> on 2024-12-15 17:30:00+00:00
[2024-12-15T23:30:01.753+0000] {warnings.py:112} WARNING - /home/***/.local/lib/python3.12/site-packages/***/task/task_runner/standard_task_runner.py:70: DeprecationWarning: This process (pid=10515) is multi-threaded, use of fork() may lead to deadlocks in the child.
  pid = os.fork()

[2024-12-15T23:30:01.756+0000] {standard_task_runner.py:72} INFO - Started process 10519 to run task
[2024-12-15T23:30:01.755+0000] {standard_task_runner.py:104} INFO - Running: ['***', 'tasks', 'run', 'a3media_schedule_scraper', 'scrape_a3media_task', 'scheduled__2024-12-15T17:30:00+00:00', '--job-id', '2560', '--raw', '--subdir', 'DAGS_FOLDER/dag_atresmedia.py', '--cfg-path', '/tmp/tmp_dfi22ip']
[2024-12-15T23:30:01.757+0000] {standard_task_runner.py:105} INFO - Job 2560: Subtask scrape_a3media_task
[2024-12-15T23:30:01.801+0000] {task_command.py:467} INFO - Running <TaskInstance: a3media_schedule_scraper.scrape_a3media_task scheduled__2024-12-15T17:30:00+00:00 [running]> on host b605548c7b8b
[2024-12-15T23:30:01.874+0000] {taskinstance.py:3132} INFO - Exporting env vars: AIRFLOW_CTX_DAG_OWNER='***' AIRFLOW_CTX_DAG_ID='a3media_schedule_scraper' AIRFLOW_CTX_TASK_ID='scrape_a3media_task' AIRFLOW_CTX_EXECUTION_DATE='2024-12-15T17:30:00+00:00' AIRFLOW_CTX_TRY_NUMBER='1' AIRFLOW_CTX_DAG_RUN_ID='scheduled__2024-12-15T17:30:00+00:00'
[2024-12-15T23:30:01.875+0000] {taskinstance.py:731} INFO - ::endgroup::
[2024-12-15T23:30:02.043+0000] {logging_mixin.py:190} INFO - https://api.atresplayer.com/client/v1/row/programming/5a6a165a7ed1a834493ebf6a?date=14-12-2024
[2024-12-15T23:30:02.281+0000] {logging_mixin.py:190} INFO - https://api.atresplayer.com/client/v1/row/programming/5a6a165a7ed1a834493ebf6a?date=15-12-2024
[2024-12-15T23:30:02.339+0000] {logging_mixin.py:190} INFO - https://api.atresplayer.com/client/v1/row/programming/5a6a165a7ed1a834493ebf6a?date=16-12-2024
[2024-12-15T23:30:02.381+0000] {logging_mixin.py:190} INFO - Escrito el xmltv del canal "Antena 3"
[2024-12-15T23:30:04.077+0000] {logging_mixin.py:190} INFO - Archivo actualizado correctamente.
[2024-12-15T23:30:04.079+0000] {logging_mixin.py:190} INFO - https://api.atresplayer.com/client/v1/row/programming/5a6a172c7ed1a834493ebf6b?date=14-12-2024
[2024-12-15T23:30:04.288+0000] {logging_mixin.py:190} INFO - https://api.atresplayer.com/client/v1/row/programming/5a6a172c7ed1a834493ebf6b?date=15-12-2024
[2024-12-15T23:30:04.322+0000] {logging_mixin.py:190} INFO - https://api.atresplayer.com/client/v1/row/programming/5a6a172c7ed1a834493ebf6b?date=16-12-2024
[2024-12-15T23:30:04.365+0000] {logging_mixin.py:190} INFO - Escrito el xmltv del canal "laSexta"
[2024-12-15T23:30:06.201+0000] {logging_mixin.py:190} INFO - Archivo actualizado correctamente.
[2024-12-15T23:30:06.202+0000] {logging_mixin.py:190} INFO - https://api.atresplayer.com/client/v1/row/programming/5a6a17da7ed1a834493ebf6d?date=14-12-2024
[2024-12-15T23:30:06.387+0000] {logging_mixin.py:190} INFO - https://api.atresplayer.com/client/v1/row/programming/5a6a17da7ed1a834493ebf6d?date=15-12-2024
[2024-12-15T23:30:06.421+0000] {logging_mixin.py:190} INFO - https://api.atresplayer.com/client/v1/row/programming/5a6a17da7ed1a834493ebf6d?date=16-12-2024
[2024-12-15T23:30:06.459+0000] {logging_mixin.py:190} INFO - Escrito el xmltv del canal "Neox"
[2024-12-15T23:30:09.548+0000] {logging_mixin.py:190} INFO - Error: 422 {"message": "Invalid request.\n\n\"sha\" wasn't supplied.", "documentation_url": "https://docs.github.com/rest/repos/contents#create-or-update-file-contents", "status": "422"}
[2024-12-15T23:30:09.549+0000] {logging_mixin.py:190} INFO - https://api.atresplayer.com/client/v1/row/programming/5a6a180b7ed1a834493ebf6e?date=14-12-2024
[2024-12-15T23:30:09.754+0000] {logging_mixin.py:190} INFO - https://api.atresplayer.com/client/v1/row/programming/5a6a180b7ed1a834493ebf6e?date=15-12-2024
[2024-12-15T23:30:09.787+0000] {logging_mixin.py:190} INFO - https://api.atresplayer.com/client/v1/row/programming/5a6a180b7ed1a834493ebf6e?date=16-12-2024
[2024-12-15T23:30:09.824+0000] {logging_mixin.py:190} INFO - Escrito el xmltv del canal "Nova"
[2024-12-15T23:30:11.607+0000] {logging_mixin.py:190} INFO - Archivo actualizado correctamente.
[2024-12-15T23:30:11.608+0000] {logging_mixin.py:190} INFO - https://api.atresplayer.com/client/v1/row/programming/5a6a18357ed1a834493ebf6f?date=14-12-2024
[2024-12-15T23:30:11.855+0000] {logging_mixin.py:190} INFO - https://api.atresplayer.com/client/v1/row/programming/5a6a18357ed1a834493ebf6f?date=15-12-2024
[2024-12-15T23:30:11.890+0000] {logging_mixin.py:190} INFO - https://api.atresplayer.com/client/v1/row/programming/5a6a18357ed1a834493ebf6f?date=16-12-2024
[2024-12-15T23:30:11.926+0000] {logging_mixin.py:190} INFO - Escrito el xmltv del canal "Mega"
[2024-12-15T23:30:13.971+0000] {logging_mixin.py:190} INFO - Archivo actualizado correctamente.
[2024-12-15T23:30:13.972+0000] {logging_mixin.py:190} INFO - https://api.atresplayer.com/client/v1/row/programming/5a6a189a7ed1a834493ebf70?date=14-12-2024
[2024-12-15T23:30:14.163+0000] {logging_mixin.py:190} INFO - https://api.atresplayer.com/client/v1/row/programming/5a6a189a7ed1a834493ebf70?date=15-12-2024
[2024-12-15T23:30:14.197+0000] {logging_mixin.py:190} INFO - https://api.atresplayer.com/client/v1/row/programming/5a6a189a7ed1a834493ebf70?date=16-12-2024
[2024-12-15T23:30:14.234+0000] {logging_mixin.py:190} INFO - Escrito el xmltv del canal "Atreseries"
[2024-12-15T23:30:16.024+0000] {logging_mixin.py:190} INFO - Archivo actualizado correctamente.
[2024-12-15T23:30:16.024+0000] {python.py:240} INFO - Done. Returned value was: None
[2024-12-15T23:30:16.031+0000] {taskinstance.py:340} INFO - ::group::Post task execution logs
[2024-12-15T23:30:16.032+0000] {taskinstance.py:352} INFO - Marking task as SUCCESS. dag_id=a3media_schedule_scraper, task_id=scrape_a3media_task, run_id=scheduled__2024-12-15T17:30:00+00:00, execution_date=20241215T173000, start_date=20241215T233001, end_date=20241215T233016
[2024-12-15T23:30:16.097+0000] {local_task_job_runner.py:266} INFO - Task exited with return code 0
[2024-12-15T23:30:16.111+0000] {taskinstance.py:3895} INFO - 1 downstream tasks scheduled from follow-on schedule check
[2024-12-15T23:30:16.112+0000] {local_task_job_runner.py:245} INFO - ::endgroup::
