[2024-12-13T00:56:33.920+0000] {local_task_job_runner.py:123} INFO - ::group::Pre task execution logs
[2024-12-13T00:56:33.930+0000] {taskinstance.py:2613} INFO - Dependencies all met for dep_context=non-requeueable deps ti=<TaskInstance: a3media_schedule_scraper.scrape_a3media_task manual__2024-12-13T00:56:32.901268+00:00 [queued]>
[2024-12-13T00:56:33.935+0000] {taskinstance.py:2613} INFO - Dependencies all met for dep_context=requeueable deps ti=<TaskInstance: a3media_schedule_scraper.scrape_a3media_task manual__2024-12-13T00:56:32.901268+00:00 [queued]>
[2024-12-13T00:56:33.935+0000] {taskinstance.py:2866} INFO - Starting attempt 1 of 5
[2024-12-13T00:56:33.946+0000] {taskinstance.py:2889} INFO - Executing <Task(_PythonDecoratedOperator): scrape_a3media_task> on 2024-12-13 00:56:32.901268+00:00
[2024-12-13T00:56:33.950+0000] {warnings.py:112} WARNING - /home/***/.local/lib/python3.12/site-packages/***/task/task_runner/standard_task_runner.py:70: DeprecationWarning: This process (pid=27757) is multi-threaded, use of fork() may lead to deadlocks in the child.
  pid = os.fork()

[2024-12-13T00:56:33.952+0000] {standard_task_runner.py:72} INFO - Started process 27758 to run task
[2024-12-13T00:56:33.952+0000] {standard_task_runner.py:104} INFO - Running: ['***', 'tasks', 'run', 'a3media_schedule_scraper', 'scrape_a3media_task', 'manual__2024-12-13T00:56:32.901268+00:00', '--job-id', '2433', '--raw', '--subdir', 'DAGS_FOLDER/dag_atresmedia.py', '--cfg-path', '/tmp/tmpj8v2xuoz']
[2024-12-13T00:56:33.953+0000] {standard_task_runner.py:105} INFO - Job 2433: Subtask scrape_a3media_task
[2024-12-13T00:56:33.979+0000] {task_command.py:467} INFO - Running <TaskInstance: a3media_schedule_scraper.scrape_a3media_task manual__2024-12-13T00:56:32.901268+00:00 [running]> on host b605548c7b8b
[2024-12-13T00:56:34.021+0000] {taskinstance.py:3132} INFO - Exporting env vars: AIRFLOW_CTX_DAG_OWNER='***' AIRFLOW_CTX_DAG_ID='a3media_schedule_scraper' AIRFLOW_CTX_TASK_ID='scrape_a3media_task' AIRFLOW_CTX_EXECUTION_DATE='2024-12-13T00:56:32.901268+00:00' AIRFLOW_CTX_TRY_NUMBER='1' AIRFLOW_CTX_DAG_RUN_ID='manual__2024-12-13T00:56:32.901268+00:00'
[2024-12-13T00:56:34.022+0000] {taskinstance.py:731} INFO - ::endgroup::
[2024-12-13T00:56:34.095+0000] {logging_mixin.py:190} INFO - https://api.atresplayer.com/client/v1/row/programming/5a6a165a7ed1a834493ebf6a?date=12-12-2024
[2024-12-13T00:56:34.131+0000] {logging_mixin.py:190} INFO - https://api.atresplayer.com/client/v1/row/programming/5a6a165a7ed1a834493ebf6a?date=13-12-2024
[2024-12-13T00:56:34.163+0000] {logging_mixin.py:190} INFO - https://api.atresplayer.com/client/v1/row/programming/5a6a165a7ed1a834493ebf6a?date=14-12-2024
[2024-12-13T00:56:34.200+0000] {logging_mixin.py:190} INFO - Escrito el xmltv del canal "Antena 3"
[2024-12-13T00:56:36.005+0000] {logging_mixin.py:190} INFO - Archivo actualizado correctamente.
[2024-12-13T00:56:36.006+0000] {logging_mixin.py:190} INFO - https://api.atresplayer.com/client/v1/row/programming/5a6a172c7ed1a834493ebf6b?date=12-12-2024
[2024-12-13T00:56:36.038+0000] {logging_mixin.py:190} INFO - https://api.atresplayer.com/client/v1/row/programming/5a6a172c7ed1a834493ebf6b?date=13-12-2024
[2024-12-13T00:56:36.071+0000] {logging_mixin.py:190} INFO - https://api.atresplayer.com/client/v1/row/programming/5a6a172c7ed1a834493ebf6b?date=14-12-2024
[2024-12-13T00:56:36.106+0000] {logging_mixin.py:190} INFO - Escrito el xmltv del canal "laSexta"
[2024-12-13T00:56:37.992+0000] {logging_mixin.py:190} INFO - Archivo actualizado correctamente.
[2024-12-13T00:56:37.993+0000] {logging_mixin.py:190} INFO - https://api.atresplayer.com/client/v1/row/programming/5a6a17da7ed1a834493ebf6d?date=12-12-2024
[2024-12-13T00:56:38.026+0000] {logging_mixin.py:190} INFO - https://api.atresplayer.com/client/v1/row/programming/5a6a17da7ed1a834493ebf6d?date=13-12-2024
[2024-12-13T00:56:38.061+0000] {logging_mixin.py:190} INFO - https://api.atresplayer.com/client/v1/row/programming/5a6a17da7ed1a834493ebf6d?date=14-12-2024
[2024-12-13T00:56:38.098+0000] {logging_mixin.py:190} INFO - Escrito el xmltv del canal "Neox"
[2024-12-13T00:56:39.956+0000] {logging_mixin.py:190} INFO - Archivo actualizado correctamente.
[2024-12-13T00:56:39.957+0000] {logging_mixin.py:190} INFO - https://api.atresplayer.com/client/v1/row/programming/5a6a180b7ed1a834493ebf6e?date=12-12-2024
[2024-12-13T00:56:39.992+0000] {logging_mixin.py:190} INFO - https://api.atresplayer.com/client/v1/row/programming/5a6a180b7ed1a834493ebf6e?date=13-12-2024
[2024-12-13T00:56:40.023+0000] {logging_mixin.py:190} INFO - https://api.atresplayer.com/client/v1/row/programming/5a6a180b7ed1a834493ebf6e?date=14-12-2024
[2024-12-13T00:56:40.060+0000] {logging_mixin.py:190} INFO - Escrito el xmltv del canal "Nova"
[2024-12-13T00:56:42.072+0000] {logging_mixin.py:190} INFO - Archivo actualizado correctamente.
[2024-12-13T00:56:42.072+0000] {logging_mixin.py:190} INFO - https://api.atresplayer.com/client/v1/row/programming/5a6a18357ed1a834493ebf6f?date=12-12-2024
[2024-12-13T00:56:42.290+0000] {logging_mixin.py:190} INFO - https://api.atresplayer.com/client/v1/row/programming/5a6a18357ed1a834493ebf6f?date=13-12-2024
[2024-12-13T00:56:42.336+0000] {logging_mixin.py:190} INFO - https://api.atresplayer.com/client/v1/row/programming/5a6a18357ed1a834493ebf6f?date=14-12-2024
[2024-12-13T00:56:42.374+0000] {logging_mixin.py:190} INFO - Escrito el xmltv del canal "Mega"
[2024-12-13T00:56:44.374+0000] {logging_mixin.py:190} INFO - Archivo actualizado correctamente.
[2024-12-13T00:56:44.375+0000] {logging_mixin.py:190} INFO - https://api.atresplayer.com/client/v1/row/programming/5a6a189a7ed1a834493ebf70?date=12-12-2024
[2024-12-13T00:56:44.407+0000] {logging_mixin.py:190} INFO - https://api.atresplayer.com/client/v1/row/programming/5a6a189a7ed1a834493ebf70?date=13-12-2024
[2024-12-13T00:56:44.440+0000] {logging_mixin.py:190} INFO - https://api.atresplayer.com/client/v1/row/programming/5a6a189a7ed1a834493ebf70?date=14-12-2024
[2024-12-13T00:56:44.475+0000] {logging_mixin.py:190} INFO - Escrito el xmltv del canal "Atreseries"
[2024-12-13T00:56:46.371+0000] {logging_mixin.py:190} INFO - Archivo actualizado correctamente.
[2024-12-13T00:56:46.372+0000] {python.py:240} INFO - Done. Returned value was: None
[2024-12-13T00:56:46.377+0000] {taskinstance.py:340} INFO - ::group::Post task execution logs
[2024-12-13T00:56:46.378+0000] {taskinstance.py:352} INFO - Marking task as SUCCESS. dag_id=a3media_schedule_scraper, task_id=scrape_a3media_task, run_id=manual__2024-12-13T00:56:32.901268+00:00, execution_date=20241213T005632, start_date=20241213T005633, end_date=20241213T005646
[2024-12-13T00:56:46.411+0000] {local_task_job_runner.py:266} INFO - Task exited with return code 0
[2024-12-13T00:56:46.425+0000] {taskinstance.py:3895} INFO - 1 downstream tasks scheduled from follow-on schedule check
[2024-12-13T00:56:46.426+0000] {local_task_job_runner.py:245} INFO - ::endgroup::
