[2024-12-05T00:39:30.002+0000] {local_task_job_runner.py:123} INFO - ::group::Pre task execution logs
[2024-12-05T00:39:30.012+0000] {taskinstance.py:2613} INFO - Dependencies all met for dep_context=non-requeueable deps ti=<TaskInstance: rtve_canarias_schedule_scraper.merge_all_xml_task manual__2024-12-05T00:36:57.278868+00:00 [queued]>
[2024-12-05T00:39:30.016+0000] {taskinstance.py:2613} INFO - Dependencies all met for dep_context=requeueable deps ti=<TaskInstance: rtve_canarias_schedule_scraper.merge_all_xml_task manual__2024-12-05T00:36:57.278868+00:00 [queued]>
[2024-12-05T00:39:30.017+0000] {taskinstance.py:2866} INFO - Starting attempt 1 of 2
[2024-12-05T00:39:30.023+0000] {taskinstance.py:2889} INFO - Executing <Task(PythonOperator): merge_all_xml_task> on 2024-12-05 00:36:57.278868+00:00
[2024-12-05T00:39:30.028+0000] {warnings.py:112} WARNING - /home/***/.local/lib/python3.12/site-packages/***/task/task_runner/standard_task_runner.py:70: DeprecationWarning: This process (pid=123) is multi-threaded, use of fork() may lead to deadlocks in the child.
  pid = os.fork()

[2024-12-05T00:39:30.029+0000] {standard_task_runner.py:72} INFO - Started process 124 to run task
[2024-12-05T00:39:30.029+0000] {standard_task_runner.py:104} INFO - Running: ['***', 'tasks', 'run', 'rtve_canarias_schedule_scraper', 'merge_all_xml_task', 'manual__2024-12-05T00:36:57.278868+00:00', '--job-id', '560', '--raw', '--subdir', 'DAGS_FOLDER/dag_rtve_canarias_selenium.py', '--cfg-path', '/tmp/tmpir8gw8aa']
[2024-12-05T00:39:30.030+0000] {standard_task_runner.py:105} INFO - Job 560: Subtask merge_all_xml_task
[2024-12-05T00:39:30.054+0000] {task_command.py:467} INFO - Running <TaskInstance: rtve_canarias_schedule_scraper.merge_all_xml_task manual__2024-12-05T00:36:57.278868+00:00 [running]> on host d88abb179e8d
[2024-12-05T00:39:30.096+0000] {taskinstance.py:3132} INFO - Exporting env vars: AIRFLOW_CTX_DAG_OWNER='***' AIRFLOW_CTX_DAG_ID='rtve_canarias_schedule_scraper' AIRFLOW_CTX_TASK_ID='merge_all_xml_task' AIRFLOW_CTX_EXECUTION_DATE='2024-12-05T00:36:57.278868+00:00' AIRFLOW_CTX_TRY_NUMBER='1' AIRFLOW_CTX_DAG_RUN_ID='manual__2024-12-05T00:36:57.278868+00:00'
[2024-12-05T00:39:30.097+0000] {taskinstance.py:731} INFO - ::endgroup::
[2024-12-05T00:39:30.353+0000] {logging_mixin.py:190} INFO - [INFO] Generado el archivo "all_in_one.xml"
[2024-12-05T00:39:30.355+0000] {python.py:240} INFO - Done. Returned value was: None
[2024-12-05T00:39:30.362+0000] {taskinstance.py:340} INFO - ::group::Post task execution logs
[2024-12-05T00:39:30.363+0000] {taskinstance.py:352} INFO - Marking task as SUCCESS. dag_id=rtve_canarias_schedule_scraper, task_id=merge_all_xml_task, run_id=manual__2024-12-05T00:36:57.278868+00:00, execution_date=20241205T003657, start_date=20241205T003930, end_date=20241205T003930
[2024-12-05T00:39:30.403+0000] {local_task_job_runner.py:266} INFO - Task exited with return code 0
[2024-12-05T00:39:30.415+0000] {taskinstance.py:3895} INFO - 1 downstream tasks scheduled from follow-on schedule check
[2024-12-05T00:39:30.416+0000] {local_task_job_runner.py:245} INFO - ::endgroup::
