[2024-12-25T21:35:05.678+0000] {local_task_job_runner.py:123} INFO - ::group::Pre task execution logs
[2024-12-25T21:35:05.690+0000] {taskinstance.py:2613} INFO - Dependencies all met for dep_context=non-requeueable deps ti=<TaskInstance: a3media_schedule_scraper.scrape_a3media_task scheduled__2024-12-25T11:30:00+00:00 [queued]>
[2024-12-25T21:35:05.696+0000] {taskinstance.py:2613} INFO - Dependencies all met for dep_context=requeueable deps ti=<TaskInstance: a3media_schedule_scraper.scrape_a3media_task scheduled__2024-12-25T11:30:00+00:00 [queued]>
[2024-12-25T21:35:05.697+0000] {taskinstance.py:2866} INFO - Starting attempt 1 of 5
[2024-12-25T21:35:05.733+0000] {taskinstance.py:2889} INFO - Executing <Task(_PythonDecoratedOperator): scrape_a3media_task> on 2024-12-25 11:30:00+00:00
[2024-12-25T21:35:05.738+0000] {warnings.py:112} WARNING - /home/***/.local/lib/python3.12/site-packages/***/task/task_runner/standard_task_runner.py:70: DeprecationWarning: This process (pid=102) is multi-threaded, use of fork() may lead to deadlocks in the child.
  pid = os.fork()

[2024-12-25T21:35:05.740+0000] {standard_task_runner.py:72} INFO - Started process 129 to run task
[2024-12-25T21:35:05.740+0000] {standard_task_runner.py:104} INFO - Running: ['***', 'tasks', 'run', 'a3media_schedule_scraper', 'scrape_a3media_task', 'scheduled__2024-12-25T11:30:00+00:00', '--job-id', '2722', '--raw', '--subdir', 'DAGS_FOLDER/dag_atresmedia.py', '--cfg-path', '/tmp/tmp90t5hvk8']
[2024-12-25T21:35:05.743+0000] {standard_task_runner.py:105} INFO - Job 2722: Subtask scrape_a3media_task
[2024-12-25T21:35:05.787+0000] {task_command.py:467} INFO - Running <TaskInstance: a3media_schedule_scraper.scrape_a3media_task scheduled__2024-12-25T11:30:00+00:00 [running]> on host b605548c7b8b
[2024-12-25T21:35:05.855+0000] {taskinstance.py:3132} INFO - Exporting env vars: AIRFLOW_CTX_DAG_OWNER='***' AIRFLOW_CTX_DAG_ID='a3media_schedule_scraper' AIRFLOW_CTX_TASK_ID='scrape_a3media_task' AIRFLOW_CTX_EXECUTION_DATE='2024-12-25T11:30:00+00:00' AIRFLOW_CTX_TRY_NUMBER='1' AIRFLOW_CTX_DAG_RUN_ID='scheduled__2024-12-25T11:30:00+00:00'
[2024-12-25T21:35:05.857+0000] {taskinstance.py:731} INFO - ::endgroup::
[2024-12-25T21:35:05.946+0000] {logging_mixin.py:190} INFO - https://api.atresplayer.com/client/v1/row/programming/5a6a165a7ed1a834493ebf6a?date=24-12-2024
[2024-12-25T21:35:05.988+0000] {logging_mixin.py:190} INFO - https://api.atresplayer.com/client/v1/row/programming/5a6a165a7ed1a834493ebf6a?date=25-12-2024
[2024-12-25T21:35:06.026+0000] {logging_mixin.py:190} INFO - https://api.atresplayer.com/client/v1/row/programming/5a6a165a7ed1a834493ebf6a?date=26-12-2024
[2024-12-25T21:35:06.164+0000] {logging_mixin.py:190} INFO - Escrito el xmltv del canal "Antena 3"
[2024-12-25T21:35:07.917+0000] {logging_mixin.py:190} INFO - Archivo actualizado correctamente.
[2024-12-25T21:35:07.918+0000] {logging_mixin.py:190} INFO - https://api.atresplayer.com/client/v1/row/programming/5a6a172c7ed1a834493ebf6b?date=24-12-2024
[2024-12-25T21:35:07.964+0000] {logging_mixin.py:190} INFO - https://api.atresplayer.com/client/v1/row/programming/5a6a172c7ed1a834493ebf6b?date=25-12-2024
[2024-12-25T21:35:07.998+0000] {logging_mixin.py:190} INFO - https://api.atresplayer.com/client/v1/row/programming/5a6a172c7ed1a834493ebf6b?date=26-12-2024
[2024-12-25T21:35:08.224+0000] {logging_mixin.py:190} INFO - Escrito el xmltv del canal "laSexta"
[2024-12-25T21:35:09.962+0000] {logging_mixin.py:190} INFO - Archivo actualizado correctamente.
[2024-12-25T21:35:09.963+0000] {logging_mixin.py:190} INFO - https://api.atresplayer.com/client/v1/row/programming/5a6a17da7ed1a834493ebf6d?date=24-12-2024
[2024-12-25T21:35:10.000+0000] {logging_mixin.py:190} INFO - https://api.atresplayer.com/client/v1/row/programming/5a6a17da7ed1a834493ebf6d?date=25-12-2024
[2024-12-25T21:35:10.036+0000] {logging_mixin.py:190} INFO - https://api.atresplayer.com/client/v1/row/programming/5a6a17da7ed1a834493ebf6d?date=26-12-2024
[2024-12-25T21:35:10.270+0000] {logging_mixin.py:190} INFO - Escrito el xmltv del canal "Neox"
[2024-12-25T21:35:17.595+0000] {logging_mixin.py:190} INFO - Error: 422 {"message": "Invalid request.\n\n\"sha\" wasn't supplied.", "documentation_url": "https://docs.github.com/rest/repos/contents#create-or-update-file-contents", "status": "422"}
[2024-12-25T21:35:17.596+0000] {logging_mixin.py:190} INFO - https://api.atresplayer.com/client/v1/row/programming/5a6a180b7ed1a834493ebf6e?date=24-12-2024
[2024-12-25T21:35:17.632+0000] {logging_mixin.py:190} INFO - https://api.atresplayer.com/client/v1/row/programming/5a6a180b7ed1a834493ebf6e?date=25-12-2024
[2024-12-25T21:35:17.664+0000] {logging_mixin.py:190} INFO - https://api.atresplayer.com/client/v1/row/programming/5a6a180b7ed1a834493ebf6e?date=26-12-2024
[2024-12-25T21:35:17.703+0000] {logging_mixin.py:190} INFO - Escrito el xmltv del canal "Nova"
[2024-12-25T21:35:19.476+0000] {logging_mixin.py:190} INFO - Archivo actualizado correctamente.
[2024-12-25T21:35:19.477+0000] {logging_mixin.py:190} INFO - https://api.atresplayer.com/client/v1/row/programming/5a6a18357ed1a834493ebf6f?date=24-12-2024
[2024-12-25T21:35:19.513+0000] {logging_mixin.py:190} INFO - https://api.atresplayer.com/client/v1/row/programming/5a6a18357ed1a834493ebf6f?date=25-12-2024
[2024-12-25T21:35:19.551+0000] {logging_mixin.py:190} INFO - https://api.atresplayer.com/client/v1/row/programming/5a6a18357ed1a834493ebf6f?date=26-12-2024
[2024-12-25T21:35:19.591+0000] {logging_mixin.py:190} INFO - Escrito el xmltv del canal "Mega"
[2024-12-25T21:35:24.834+0000] {logging_mixin.py:190} INFO - Error: 422 {"message": "Invalid request.\n\n\"sha\" wasn't supplied.", "documentation_url": "https://docs.github.com/rest/repos/contents#create-or-update-file-contents", "status": "422"}
[2024-12-25T21:35:24.835+0000] {logging_mixin.py:190} INFO - https://api.atresplayer.com/client/v1/row/programming/5a6a189a7ed1a834493ebf70?date=24-12-2024
[2024-12-25T21:35:24.871+0000] {logging_mixin.py:190} INFO - https://api.atresplayer.com/client/v1/row/programming/5a6a189a7ed1a834493ebf70?date=25-12-2024
[2024-12-25T21:35:24.905+0000] {logging_mixin.py:190} INFO - https://api.atresplayer.com/client/v1/row/programming/5a6a189a7ed1a834493ebf70?date=26-12-2024
[2024-12-25T21:35:24.946+0000] {logging_mixin.py:190} INFO - Escrito el xmltv del canal "Atreseries"
[2024-12-25T21:35:28.490+0000] {logging_mixin.py:190} INFO - Error: 422 {"message": "Invalid request.\n\n\"sha\" wasn't supplied.", "documentation_url": "https://docs.github.com/rest/repos/contents#create-or-update-file-contents", "status": "422"}
[2024-12-25T21:35:28.491+0000] {python.py:240} INFO - Done. Returned value was: None
[2024-12-25T21:35:28.497+0000] {taskinstance.py:340} INFO - ::group::Post task execution logs
[2024-12-25T21:35:28.497+0000] {taskinstance.py:352} INFO - Marking task as SUCCESS. dag_id=a3media_schedule_scraper, task_id=scrape_a3media_task, run_id=scheduled__2024-12-25T11:30:00+00:00, execution_date=20241225T113000, start_date=20241225T213505, end_date=20241225T213528
[2024-12-25T21:35:28.536+0000] {local_task_job_runner.py:266} INFO - Task exited with return code 0
[2024-12-25T21:35:28.548+0000] {taskinstance.py:3895} INFO - 1 downstream tasks scheduled from follow-on schedule check
[2024-12-25T21:35:28.549+0000] {local_task_job_runner.py:245} INFO - ::endgroup::
