[2024-12-22T23:30:04.245+0000] {local_task_job_runner.py:123} INFO - ::group::Pre task execution logs
[2024-12-22T23:30:04.255+0000] {taskinstance.py:2613} INFO - Dependencies all met for dep_context=non-requeueable deps ti=<TaskInstance: telemadrid_schedule_scraper.merge_all_xml scheduled__2024-12-22T17:30:00+00:00 [queued]>
[2024-12-22T23:30:04.260+0000] {taskinstance.py:2613} INFO - Dependencies all met for dep_context=requeueable deps ti=<TaskInstance: telemadrid_schedule_scraper.merge_all_xml scheduled__2024-12-22T17:30:00+00:00 [queued]>
[2024-12-22T23:30:04.261+0000] {taskinstance.py:2866} INFO - Starting attempt 1 of 4
[2024-12-22T23:30:04.267+0000] {taskinstance.py:2889} INFO - Executing <Task(_PythonDecoratedOperator): merge_all_xml> on 2024-12-22 17:30:00+00:00
[2024-12-22T23:30:04.271+0000] {warnings.py:112} WARNING - /home/***/.local/lib/python3.12/site-packages/***/task/task_runner/standard_task_runner.py:70: DeprecationWarning: This process (pid=1200) is multi-threaded, use of fork() may lead to deadlocks in the child.
  pid = os.fork()

[2024-12-22T23:30:04.272+0000] {standard_task_runner.py:72} INFO - Started process 1201 to run task
[2024-12-22T23:30:04.272+0000] {standard_task_runner.py:104} INFO - Running: ['***', 'tasks', 'run', 'telemadrid_schedule_scraper', 'merge_all_xml', 'scheduled__2024-12-22T17:30:00+00:00', '--job-id', '2619', '--raw', '--subdir', 'DAGS_FOLDER/dag_telemadrid.py', '--cfg-path', '/tmp/tmpmz8kmf07']
[2024-12-22T23:30:04.273+0000] {standard_task_runner.py:105} INFO - Job 2619: Subtask merge_all_xml
[2024-12-22T23:30:04.297+0000] {task_command.py:467} INFO - Running <TaskInstance: telemadrid_schedule_scraper.merge_all_xml scheduled__2024-12-22T17:30:00+00:00 [running]> on host b605548c7b8b
[2024-12-22T23:30:04.339+0000] {taskinstance.py:3132} INFO - Exporting env vars: AIRFLOW_CTX_DAG_OWNER='***' AIRFLOW_CTX_DAG_ID='telemadrid_schedule_scraper' AIRFLOW_CTX_TASK_ID='merge_all_xml' AIRFLOW_CTX_EXECUTION_DATE='2024-12-22T17:30:00+00:00' AIRFLOW_CTX_TRY_NUMBER='1' AIRFLOW_CTX_DAG_RUN_ID='scheduled__2024-12-22T17:30:00+00:00'
[2024-12-22T23:30:04.340+0000] {taskinstance.py:731} INFO - ::endgroup::
[2024-12-22T23:30:04.529+0000] {logging_mixin.py:190} INFO - [INFO] Generado el archivo "all_in_one.xml"
[2024-12-22T23:30:04.531+0000] {python.py:240} INFO - Done. Returned value was: None
[2024-12-22T23:30:04.537+0000] {taskinstance.py:340} INFO - ::group::Post task execution logs
[2024-12-22T23:30:04.537+0000] {taskinstance.py:352} INFO - Marking task as SUCCESS. dag_id=telemadrid_schedule_scraper, task_id=merge_all_xml, run_id=scheduled__2024-12-22T17:30:00+00:00, execution_date=20241222T173000, start_date=20241222T233004, end_date=20241222T233004
[2024-12-22T23:30:04.565+0000] {local_task_job_runner.py:266} INFO - Task exited with return code 0
[2024-12-22T23:30:04.578+0000] {taskinstance.py:3895} INFO - 1 downstream tasks scheduled from follow-on schedule check
[2024-12-22T23:30:04.579+0000] {local_task_job_runner.py:245} INFO - ::endgroup::
