[2024-12-06T11:54:24.223+0000] {local_task_job_runner.py:123} INFO - ::group::Pre task execution logs
[2024-12-06T11:54:24.232+0000] {taskinstance.py:2613} INFO - Dependencies all met for dep_context=non-requeueable deps ti=<TaskInstance: telemadrid_schedule_scraper_v2.MergeAllXML scheduled__2024-12-04T13:00:00+00:00 [queued]>
[2024-12-06T11:54:24.237+0000] {taskinstance.py:2613} INFO - Dependencies all met for dep_context=requeueable deps ti=<TaskInstance: telemadrid_schedule_scraper_v2.MergeAllXML scheduled__2024-12-04T13:00:00+00:00 [queued]>
[2024-12-06T11:54:24.237+0000] {taskinstance.py:2866} INFO - Starting attempt 1 of 5
[2024-12-06T11:54:24.300+0000] {taskinstance.py:2889} INFO - Executing <Task(_PythonDecoratedOperator): MergeAllXML> on 2024-12-04 13:00:00+00:00
[2024-12-06T11:54:24.304+0000] {warnings.py:112} WARNING - /home/***/.local/lib/python3.12/site-packages/***/task/task_runner/standard_task_runner.py:70: DeprecationWarning: This process (pid=107) is multi-threaded, use of fork() may lead to deadlocks in the child.
  pid = os.fork()

[2024-12-06T11:54:24.305+0000] {standard_task_runner.py:72} INFO - Started process 108 to run task
[2024-12-06T11:54:24.305+0000] {standard_task_runner.py:104} INFO - Running: ['***', 'tasks', 'run', 'telemadrid_schedule_scraper_v2', 'MergeAllXML', 'scheduled__2024-12-04T13:00:00+00:00', '--job-id', '920', '--raw', '--subdir', 'DAGS_FOLDER/dag_telemadrid_v2.py', '--cfg-path', '/tmp/tmpt4xu28sl']
[2024-12-06T11:54:24.307+0000] {standard_task_runner.py:105} INFO - Job 920: Subtask MergeAllXML
[2024-12-06T11:54:24.331+0000] {task_command.py:467} INFO - Running <TaskInstance: telemadrid_schedule_scraper_v2.MergeAllXML scheduled__2024-12-04T13:00:00+00:00 [running]> on host d88abb179e8d
[2024-12-06T11:54:24.371+0000] {taskinstance.py:3132} INFO - Exporting env vars: AIRFLOW_CTX_DAG_OWNER='***' AIRFLOW_CTX_DAG_ID='telemadrid_schedule_scraper_v2' AIRFLOW_CTX_TASK_ID='MergeAllXML' AIRFLOW_CTX_EXECUTION_DATE='2024-12-04T13:00:00+00:00' AIRFLOW_CTX_TRY_NUMBER='1' AIRFLOW_CTX_DAG_RUN_ID='scheduled__2024-12-04T13:00:00+00:00'
[2024-12-06T11:54:24.372+0000] {taskinstance.py:731} INFO - ::endgroup::
[2024-12-06T11:54:24.492+0000] {logging_mixin.py:190} INFO - [INFO] Generado el archivo "all_in_one.xml"
[2024-12-06T11:54:24.493+0000] {python.py:240} INFO - Done. Returned value was: None
[2024-12-06T11:54:24.499+0000] {taskinstance.py:340} INFO - ::group::Post task execution logs
[2024-12-06T11:54:24.499+0000] {taskinstance.py:352} INFO - Marking task as SUCCESS. dag_id=telemadrid_schedule_scraper_v2, task_id=MergeAllXML, run_id=scheduled__2024-12-04T13:00:00+00:00, execution_date=20241204T130000, start_date=20241206T115424, end_date=20241206T115424
[2024-12-06T11:54:24.519+0000] {local_task_job_runner.py:266} INFO - Task exited with return code 0
[2024-12-06T11:54:24.530+0000] {taskinstance.py:3895} INFO - 1 downstream tasks scheduled from follow-on schedule check
[2024-12-06T11:54:24.531+0000] {local_task_job_runner.py:245} INFO - ::endgroup::
[2024-12-06T12:08:43.106+0000] {local_task_job_runner.py:123} INFO - ::group::Pre task execution logs
[2024-12-06T12:08:43.115+0000] {taskinstance.py:2613} INFO - Dependencies all met for dep_context=non-requeueable deps ti=<TaskInstance: telemadrid_schedule_scraper_v2.MergeAllXML scheduled__2024-12-04T13:00:00+00:00 [queued]>
[2024-12-06T12:08:43.119+0000] {taskinstance.py:2613} INFO - Dependencies all met for dep_context=requeueable deps ti=<TaskInstance: telemadrid_schedule_scraper_v2.MergeAllXML scheduled__2024-12-04T13:00:00+00:00 [queued]>
[2024-12-06T12:08:43.119+0000] {taskinstance.py:2866} INFO - Starting attempt 1 of 5
[2024-12-06T12:08:43.125+0000] {taskinstance.py:2889} INFO - Executing <Task(_PythonDecoratedOperator): MergeAllXML> on 2024-12-04 13:00:00+00:00
[2024-12-06T12:08:43.129+0000] {warnings.py:112} WARNING - /home/***/.local/lib/python3.12/site-packages/***/task/task_runner/standard_task_runner.py:70: DeprecationWarning: This process (pid=121) is multi-threaded, use of fork() may lead to deadlocks in the child.
  pid = os.fork()

[2024-12-06T12:08:43.130+0000] {standard_task_runner.py:72} INFO - Started process 122 to run task
[2024-12-06T12:08:43.130+0000] {standard_task_runner.py:104} INFO - Running: ['***', 'tasks', 'run', 'telemadrid_schedule_scraper_v2', 'MergeAllXML', 'scheduled__2024-12-04T13:00:00+00:00', '--job-id', '929', '--raw', '--subdir', 'DAGS_FOLDER/dag_telemadrid_v2.py', '--cfg-path', '/tmp/tmp1horr69z']
[2024-12-06T12:08:43.131+0000] {standard_task_runner.py:105} INFO - Job 929: Subtask MergeAllXML
[2024-12-06T12:08:43.155+0000] {task_command.py:467} INFO - Running <TaskInstance: telemadrid_schedule_scraper_v2.MergeAllXML scheduled__2024-12-04T13:00:00+00:00 [running]> on host d88abb179e8d
[2024-12-06T12:08:43.192+0000] {taskinstance.py:3132} INFO - Exporting env vars: AIRFLOW_CTX_DAG_OWNER='***' AIRFLOW_CTX_DAG_ID='telemadrid_schedule_scraper_v2' AIRFLOW_CTX_TASK_ID='MergeAllXML' AIRFLOW_CTX_EXECUTION_DATE='2024-12-04T13:00:00+00:00' AIRFLOW_CTX_TRY_NUMBER='1' AIRFLOW_CTX_DAG_RUN_ID='scheduled__2024-12-04T13:00:00+00:00'
[2024-12-06T12:08:43.193+0000] {taskinstance.py:731} INFO - ::endgroup::
[2024-12-06T12:08:43.301+0000] {logging_mixin.py:190} INFO - [INFO] Generado el archivo "all_in_one.xml"
[2024-12-06T12:08:43.302+0000] {python.py:240} INFO - Done. Returned value was: None
[2024-12-06T12:08:43.309+0000] {taskinstance.py:340} INFO - ::group::Post task execution logs
[2024-12-06T12:08:43.310+0000] {taskinstance.py:352} INFO - Marking task as SUCCESS. dag_id=telemadrid_schedule_scraper_v2, task_id=MergeAllXML, run_id=scheduled__2024-12-04T13:00:00+00:00, execution_date=20241204T130000, start_date=20241206T120843, end_date=20241206T120843
[2024-12-06T12:08:43.343+0000] {local_task_job_runner.py:266} INFO - Task exited with return code 0
[2024-12-06T12:08:43.354+0000] {taskinstance.py:3895} INFO - 1 downstream tasks scheduled from follow-on schedule check
[2024-12-06T12:08:43.355+0000] {local_task_job_runner.py:245} INFO - ::endgroup::
[2024-12-06T12:09:23.368+0000] {local_task_job_runner.py:123} INFO - ::group::Pre task execution logs
[2024-12-06T12:09:23.378+0000] {taskinstance.py:2613} INFO - Dependencies all met for dep_context=non-requeueable deps ti=<TaskInstance: telemadrid_schedule_scraper_v2.MergeAllXML scheduled__2024-12-04T13:00:00+00:00 [queued]>
[2024-12-06T12:09:23.382+0000] {taskinstance.py:2613} INFO - Dependencies all met for dep_context=requeueable deps ti=<TaskInstance: telemadrid_schedule_scraper_v2.MergeAllXML scheduled__2024-12-04T13:00:00+00:00 [queued]>
[2024-12-06T12:09:23.383+0000] {taskinstance.py:2866} INFO - Starting attempt 1 of 5
[2024-12-06T12:09:23.389+0000] {taskinstance.py:2889} INFO - Executing <Task(_PythonDecoratedOperator): MergeAllXML> on 2024-12-04 13:00:00+00:00
[2024-12-06T12:09:23.392+0000] {warnings.py:112} WARNING - /home/***/.local/lib/python3.12/site-packages/***/task/task_runner/standard_task_runner.py:70: DeprecationWarning: This process (pid=137) is multi-threaded, use of fork() may lead to deadlocks in the child.
  pid = os.fork()

[2024-12-06T12:09:23.393+0000] {standard_task_runner.py:72} INFO - Started process 138 to run task
[2024-12-06T12:09:23.393+0000] {standard_task_runner.py:104} INFO - Running: ['***', 'tasks', 'run', 'telemadrid_schedule_scraper_v2', 'MergeAllXML', 'scheduled__2024-12-04T13:00:00+00:00', '--job-id', '932', '--raw', '--subdir', 'DAGS_FOLDER/dag_telemadrid_v2.py', '--cfg-path', '/tmp/tmpkrmk4ry0']
[2024-12-06T12:09:23.394+0000] {standard_task_runner.py:105} INFO - Job 932: Subtask MergeAllXML
[2024-12-06T12:09:23.418+0000] {task_command.py:467} INFO - Running <TaskInstance: telemadrid_schedule_scraper_v2.MergeAllXML scheduled__2024-12-04T13:00:00+00:00 [running]> on host d88abb179e8d
[2024-12-06T12:09:23.454+0000] {taskinstance.py:3132} INFO - Exporting env vars: AIRFLOW_CTX_DAG_OWNER='***' AIRFLOW_CTX_DAG_ID='telemadrid_schedule_scraper_v2' AIRFLOW_CTX_TASK_ID='MergeAllXML' AIRFLOW_CTX_EXECUTION_DATE='2024-12-04T13:00:00+00:00' AIRFLOW_CTX_TRY_NUMBER='1' AIRFLOW_CTX_DAG_RUN_ID='scheduled__2024-12-04T13:00:00+00:00'
[2024-12-06T12:09:23.455+0000] {taskinstance.py:731} INFO - ::endgroup::
[2024-12-06T12:09:23.560+0000] {logging_mixin.py:190} INFO - [INFO] Generado el archivo "all_in_one.xml"
[2024-12-06T12:09:23.562+0000] {python.py:240} INFO - Done. Returned value was: None
[2024-12-06T12:09:23.568+0000] {taskinstance.py:340} INFO - ::group::Post task execution logs
[2024-12-06T12:09:23.568+0000] {taskinstance.py:352} INFO - Marking task as SUCCESS. dag_id=telemadrid_schedule_scraper_v2, task_id=MergeAllXML, run_id=scheduled__2024-12-04T13:00:00+00:00, execution_date=20241204T130000, start_date=20241206T120923, end_date=20241206T120923
[2024-12-06T12:09:23.606+0000] {local_task_job_runner.py:266} INFO - Task exited with return code 0
[2024-12-06T12:09:23.617+0000] {taskinstance.py:3895} INFO - 1 downstream tasks scheduled from follow-on schedule check
[2024-12-06T12:09:23.618+0000] {local_task_job_runner.py:245} INFO - ::endgroup::
[2024-12-06T12:14:11.717+0000] {local_task_job_runner.py:123} INFO - ::group::Pre task execution logs
[2024-12-06T12:14:11.726+0000] {taskinstance.py:2613} INFO - Dependencies all met for dep_context=non-requeueable deps ti=<TaskInstance: telemadrid_schedule_scraper_v2.MergeAllXML scheduled__2024-12-04T13:00:00+00:00 [queued]>
[2024-12-06T12:14:11.730+0000] {taskinstance.py:2613} INFO - Dependencies all met for dep_context=requeueable deps ti=<TaskInstance: telemadrid_schedule_scraper_v2.MergeAllXML scheduled__2024-12-04T13:00:00+00:00 [queued]>
[2024-12-06T12:14:11.730+0000] {taskinstance.py:2866} INFO - Starting attempt 1 of 5
[2024-12-06T12:14:11.736+0000] {taskinstance.py:2889} INFO - Executing <Task(_PythonDecoratedOperator): MergeAllXML> on 2024-12-04 13:00:00+00:00
[2024-12-06T12:14:11.740+0000] {warnings.py:112} WARNING - /home/***/.local/lib/python3.12/site-packages/***/task/task_runner/standard_task_runner.py:70: DeprecationWarning: This process (pid=121) is multi-threaded, use of fork() may lead to deadlocks in the child.
  pid = os.fork()

[2024-12-06T12:14:11.740+0000] {standard_task_runner.py:72} INFO - Started process 122 to run task
[2024-12-06T12:14:11.741+0000] {standard_task_runner.py:104} INFO - Running: ['***', 'tasks', 'run', 'telemadrid_schedule_scraper_v2', 'MergeAllXML', 'scheduled__2024-12-04T13:00:00+00:00', '--job-id', '939', '--raw', '--subdir', 'DAGS_FOLDER/dag_telemadrid_v2.py', '--cfg-path', '/tmp/tmp76qz_9y_']
[2024-12-06T12:14:11.742+0000] {standard_task_runner.py:105} INFO - Job 939: Subtask MergeAllXML
[2024-12-06T12:14:11.765+0000] {task_command.py:467} INFO - Running <TaskInstance: telemadrid_schedule_scraper_v2.MergeAllXML scheduled__2024-12-04T13:00:00+00:00 [running]> on host d88abb179e8d
[2024-12-06T12:14:11.802+0000] {taskinstance.py:3132} INFO - Exporting env vars: AIRFLOW_CTX_DAG_OWNER='***' AIRFLOW_CTX_DAG_ID='telemadrid_schedule_scraper_v2' AIRFLOW_CTX_TASK_ID='MergeAllXML' AIRFLOW_CTX_EXECUTION_DATE='2024-12-04T13:00:00+00:00' AIRFLOW_CTX_TRY_NUMBER='1' AIRFLOW_CTX_DAG_RUN_ID='scheduled__2024-12-04T13:00:00+00:00'
[2024-12-06T12:14:11.803+0000] {taskinstance.py:731} INFO - ::endgroup::
[2024-12-06T12:14:11.918+0000] {logging_mixin.py:190} INFO - [INFO] Generado el archivo "all_in_one.xml"
[2024-12-06T12:14:11.919+0000] {python.py:240} INFO - Done. Returned value was: None
[2024-12-06T12:14:11.926+0000] {taskinstance.py:340} INFO - ::group::Post task execution logs
[2024-12-06T12:14:11.926+0000] {taskinstance.py:352} INFO - Marking task as SUCCESS. dag_id=telemadrid_schedule_scraper_v2, task_id=MergeAllXML, run_id=scheduled__2024-12-04T13:00:00+00:00, execution_date=20241204T130000, start_date=20241206T121411, end_date=20241206T121411
[2024-12-06T12:14:11.954+0000] {local_task_job_runner.py:266} INFO - Task exited with return code 0
[2024-12-06T12:14:11.964+0000] {taskinstance.py:3895} INFO - 1 downstream tasks scheduled from follow-on schedule check
[2024-12-06T12:14:11.965+0000] {local_task_job_runner.py:245} INFO - ::endgroup::
[2024-12-06T12:57:46.396+0000] {local_task_job_runner.py:123} INFO - ::group::Pre task execution logs
[2024-12-06T12:57:46.407+0000] {taskinstance.py:2613} INFO - Dependencies all met for dep_context=non-requeueable deps ti=<TaskInstance: telemadrid_schedule_scraper_v2.MergeAllXML scheduled__2024-12-04T13:00:00+00:00 [queued]>
[2024-12-06T12:57:46.411+0000] {taskinstance.py:2613} INFO - Dependencies all met for dep_context=requeueable deps ti=<TaskInstance: telemadrid_schedule_scraper_v2.MergeAllXML scheduled__2024-12-04T13:00:00+00:00 [queued]>
[2024-12-06T12:57:46.411+0000] {taskinstance.py:2866} INFO - Starting attempt 1 of 5
[2024-12-06T12:57:46.417+0000] {taskinstance.py:2889} INFO - Executing <Task(_PythonDecoratedOperator): MergeAllXML> on 2024-12-04 13:00:00+00:00
[2024-12-06T12:57:46.421+0000] {warnings.py:112} WARNING - /home/***/.local/lib/python3.12/site-packages/***/task/task_runner/standard_task_runner.py:70: DeprecationWarning: This process (pid=128) is multi-threaded, use of fork() may lead to deadlocks in the child.
  pid = os.fork()

[2024-12-06T12:57:46.422+0000] {standard_task_runner.py:72} INFO - Started process 129 to run task
[2024-12-06T12:57:46.422+0000] {standard_task_runner.py:104} INFO - Running: ['***', 'tasks', 'run', 'telemadrid_schedule_scraper_v2', 'MergeAllXML', 'scheduled__2024-12-04T13:00:00+00:00', '--job-id', '1161', '--raw', '--subdir', 'DAGS_FOLDER/dag_telemadrid_v2.py', '--cfg-path', '/tmp/tmpda3zk48x']
[2024-12-06T12:57:46.423+0000] {standard_task_runner.py:105} INFO - Job 1161: Subtask MergeAllXML
[2024-12-06T12:57:46.447+0000] {task_command.py:467} INFO - Running <TaskInstance: telemadrid_schedule_scraper_v2.MergeAllXML scheduled__2024-12-04T13:00:00+00:00 [running]> on host 01ebcafa06b4
[2024-12-06T12:57:46.487+0000] {taskinstance.py:3132} INFO - Exporting env vars: AIRFLOW_CTX_DAG_OWNER='***' AIRFLOW_CTX_DAG_ID='telemadrid_schedule_scraper_v2' AIRFLOW_CTX_TASK_ID='MergeAllXML' AIRFLOW_CTX_EXECUTION_DATE='2024-12-04T13:00:00+00:00' AIRFLOW_CTX_TRY_NUMBER='1' AIRFLOW_CTX_DAG_RUN_ID='scheduled__2024-12-04T13:00:00+00:00'
[2024-12-06T12:57:46.488+0000] {taskinstance.py:731} INFO - ::endgroup::
[2024-12-06T12:57:46.611+0000] {logging_mixin.py:190} INFO - [INFO] Generado el archivo "all_in_one.xml"
[2024-12-06T12:57:46.612+0000] {python.py:240} INFO - Done. Returned value was: None
[2024-12-06T12:57:46.618+0000] {taskinstance.py:340} INFO - ::group::Post task execution logs
[2024-12-06T12:57:46.618+0000] {taskinstance.py:352} INFO - Marking task as SUCCESS. dag_id=telemadrid_schedule_scraper_v2, task_id=MergeAllXML, run_id=scheduled__2024-12-04T13:00:00+00:00, execution_date=20241204T130000, start_date=20241206T125746, end_date=20241206T125746
[2024-12-06T12:57:46.636+0000] {local_task_job_runner.py:266} INFO - Task exited with return code 0
[2024-12-06T12:57:46.647+0000] {taskinstance.py:3895} INFO - 1 downstream tasks scheduled from follow-on schedule check
[2024-12-06T12:57:46.648+0000] {local_task_job_runner.py:245} INFO - ::endgroup::
