[2024-12-06T11:30:59.981+0000] {local_task_job_runner.py:123} INFO - ::group::Pre task execution logs
[2024-12-06T11:30:59.995+0000] {taskinstance.py:2613} INFO - Dependencies all met for dep_context=non-requeueable deps ti=<TaskInstance: telemadrid_schedule_scraper_v2.PushAllInOne scheduled__2024-01-10T11:32:00+00:00 [queued]>
[2024-12-06T11:31:00.002+0000] {taskinstance.py:2613} INFO - Dependencies all met for dep_context=requeueable deps ti=<TaskInstance: telemadrid_schedule_scraper_v2.PushAllInOne scheduled__2024-01-10T11:32:00+00:00 [queued]>
[2024-12-06T11:31:00.003+0000] {taskinstance.py:2866} INFO - Starting attempt 1 of 5
[2024-12-06T11:31:00.013+0000] {taskinstance.py:2889} INFO - Executing <Task(_PythonDecoratedOperator): PushAllInOne> on 2024-01-10 11:32:00+00:00
[2024-12-06T11:31:00.017+0000] {warnings.py:112} WARNING - /home/***/.local/lib/python3.12/site-packages/***/task/task_runner/standard_task_runner.py:70: DeprecationWarning: This process (pid=217) is multi-threaded, use of fork() may lead to deadlocks in the child.
  pid = os.fork()

[2024-12-06T11:31:00.018+0000] {standard_task_runner.py:72} INFO - Started process 232 to run task
[2024-12-06T11:31:00.019+0000] {standard_task_runner.py:104} INFO - Running: ['***', 'tasks', 'run', 'telemadrid_schedule_scraper_v2', 'PushAllInOne', 'scheduled__2024-01-10T11:32:00+00:00', '--job-id', '699', '--raw', '--subdir', 'DAGS_FOLDER/dag_telemadrid_v2.py', '--cfg-path', '/tmp/tmppuovxscy']
[2024-12-06T11:31:00.021+0000] {standard_task_runner.py:105} INFO - Job 699: Subtask PushAllInOne
[2024-12-06T11:31:00.056+0000] {task_command.py:467} INFO - Running <TaskInstance: telemadrid_schedule_scraper_v2.PushAllInOne scheduled__2024-01-10T11:32:00+00:00 [running]> on host d88abb179e8d
[2024-12-06T11:31:00.116+0000] {taskinstance.py:3132} INFO - Exporting env vars: AIRFLOW_CTX_DAG_OWNER='***' AIRFLOW_CTX_DAG_ID='telemadrid_schedule_scraper_v2' AIRFLOW_CTX_TASK_ID='PushAllInOne' AIRFLOW_CTX_EXECUTION_DATE='2024-01-10T11:32:00+00:00' AIRFLOW_CTX_TRY_NUMBER='1' AIRFLOW_CTX_DAG_RUN_ID='scheduled__2024-01-10T11:32:00+00:00'
[2024-12-06T11:31:00.117+0000] {taskinstance.py:731} INFO - ::endgroup::
[2024-12-06T11:31:04.802+0000] {logging_mixin.py:190} INFO - Error: 422 {"message": "Invalid request.\n\n\"sha\" wasn't supplied.", "documentation_url": "https://docs.github.com/rest/repos/contents#create-or-update-file-contents", "status": "422"}
[2024-12-06T11:31:04.802+0000] {python.py:240} INFO - Done. Returned value was: None
[2024-12-06T11:31:04.808+0000] {taskinstance.py:340} INFO - ::group::Post task execution logs
[2024-12-06T11:31:04.809+0000] {taskinstance.py:352} INFO - Marking task as SUCCESS. dag_id=telemadrid_schedule_scraper_v2, task_id=PushAllInOne, run_id=scheduled__2024-01-10T11:32:00+00:00, execution_date=20240110T113200, start_date=20241206T113059, end_date=20241206T113104
[2024-12-06T11:31:04.844+0000] {local_task_job_runner.py:266} INFO - Task exited with return code 0
[2024-12-06T11:31:04.853+0000] {taskinstance.py:3895} INFO - 0 downstream tasks scheduled from follow-on schedule check
[2024-12-06T11:31:04.854+0000] {local_task_job_runner.py:245} INFO - ::endgroup::
