[2024-12-11T17:30:20.822+0000] {local_task_job_runner.py:123} INFO - ::group::Pre task execution logs
[2024-12-11T17:30:20.832+0000] {taskinstance.py:2613} INFO - Dependencies all met for dep_context=non-requeueable deps ti=<TaskInstance: a3media_schedule_scraper.merge_all_xml scheduled__2024-12-11T11:30:00+00:00 [queued]>
[2024-12-11T17:30:20.837+0000] {taskinstance.py:2613} INFO - Dependencies all met for dep_context=requeueable deps ti=<TaskInstance: a3media_schedule_scraper.merge_all_xml scheduled__2024-12-11T11:30:00+00:00 [queued]>
[2024-12-11T17:30:20.837+0000] {taskinstance.py:2866} INFO - Starting attempt 1 of 5
[2024-12-11T17:30:20.844+0000] {taskinstance.py:2889} INFO - Executing <Task(_PythonDecoratedOperator): merge_all_xml> on 2024-12-11 11:30:00+00:00
[2024-12-11T17:30:20.848+0000] {warnings.py:112} WARNING - /home/***/.local/lib/python3.12/site-packages/***/task/task_runner/standard_task_runner.py:70: DeprecationWarning: This process (pid=2351) is multi-threaded, use of fork() may lead to deadlocks in the child.
  pid = os.fork()

[2024-12-11T17:30:20.849+0000] {standard_task_runner.py:72} INFO - Started process 2352 to run task
[2024-12-11T17:30:20.849+0000] {standard_task_runner.py:104} INFO - Running: ['***', 'tasks', 'run', 'a3media_schedule_scraper', 'merge_all_xml', 'scheduled__2024-12-11T11:30:00+00:00', '--job-id', '2317', '--raw', '--subdir', 'DAGS_FOLDER/dag_atresmedia.py', '--cfg-path', '/tmp/tmpj25df4pn']
[2024-12-11T17:30:20.851+0000] {standard_task_runner.py:105} INFO - Job 2317: Subtask merge_all_xml
[2024-12-11T17:30:20.876+0000] {task_command.py:467} INFO - Running <TaskInstance: a3media_schedule_scraper.merge_all_xml scheduled__2024-12-11T11:30:00+00:00 [running]> on host b605548c7b8b
[2024-12-11T17:30:20.926+0000] {taskinstance.py:3132} INFO - Exporting env vars: AIRFLOW_CTX_DAG_OWNER='***' AIRFLOW_CTX_DAG_ID='a3media_schedule_scraper' AIRFLOW_CTX_TASK_ID='merge_all_xml' AIRFLOW_CTX_EXECUTION_DATE='2024-12-11T11:30:00+00:00' AIRFLOW_CTX_TRY_NUMBER='1' AIRFLOW_CTX_DAG_RUN_ID='scheduled__2024-12-11T11:30:00+00:00'
[2024-12-11T17:30:20.928+0000] {taskinstance.py:731} INFO - ::endgroup::
[2024-12-11T17:30:21.244+0000] {logging_mixin.py:190} INFO - [INFO] Generado el archivo "all_in_one.xml"
[2024-12-11T17:30:21.246+0000] {python.py:240} INFO - Done. Returned value was: None
[2024-12-11T17:30:21.254+0000] {taskinstance.py:340} INFO - ::group::Post task execution logs
[2024-12-11T17:30:21.254+0000] {taskinstance.py:352} INFO - Marking task as SUCCESS. dag_id=a3media_schedule_scraper, task_id=merge_all_xml, run_id=scheduled__2024-12-11T11:30:00+00:00, execution_date=20241211T113000, start_date=20241211T173020, end_date=20241211T173021
[2024-12-11T17:30:21.304+0000] {local_task_job_runner.py:266} INFO - Task exited with return code 0
[2024-12-11T17:30:21.319+0000] {taskinstance.py:3895} INFO - 1 downstream tasks scheduled from follow-on schedule check
[2024-12-11T17:30:21.320+0000] {local_task_job_runner.py:245} INFO - ::endgroup::
