[2024-12-15T11:30:03.081+0000] {local_task_job_runner.py:123} INFO - ::group::Pre task execution logs
[2024-12-15T11:30:03.102+0000] {taskinstance.py:2613} INFO - Dependencies all met for dep_context=non-requeueable deps ti=<TaskInstance: mediaset_schedule_scraper.scrape_mediaset_schedule scheduled__2024-12-15T05:30:00+00:00 [queued]>
[2024-12-15T11:30:03.113+0000] {taskinstance.py:2613} INFO - Dependencies all met for dep_context=requeueable deps ti=<TaskInstance: mediaset_schedule_scraper.scrape_mediaset_schedule scheduled__2024-12-15T05:30:00+00:00 [queued]>
[2024-12-15T11:30:03.115+0000] {taskinstance.py:2866} INFO - Starting attempt 1 of 5
[2024-12-15T11:30:03.128+0000] {taskinstance.py:2889} INFO - Executing <Task(_PythonDecoratedOperator): scrape_mediaset_schedule> on 2024-12-15 05:30:00+00:00
[2024-12-15T11:30:03.136+0000] {warnings.py:112} WARNING - /home/***/.local/lib/python3.12/site-packages/***/task/task_runner/standard_task_runner.py:70: DeprecationWarning: This process (pid=835) is multi-threaded, use of fork() may lead to deadlocks in the child.
  pid = os.fork()

[2024-12-15T11:30:03.138+0000] {standard_task_runner.py:72} INFO - Started process 845 to run task
[2024-12-15T11:30:03.139+0000] {standard_task_runner.py:104} INFO - Running: ['***', 'tasks', 'run', 'mediaset_schedule_scraper', 'scrape_mediaset_schedule', 'scheduled__2024-12-15T05:30:00+00:00', '--job-id', '2523', '--raw', '--subdir', 'DAGS_FOLDER/dag_mediaset.py', '--cfg-path', '/tmp/tmpvxlsxc5c']
[2024-12-15T11:30:03.144+0000] {standard_task_runner.py:105} INFO - Job 2523: Subtask scrape_mediaset_schedule
[2024-12-15T11:30:03.199+0000] {task_command.py:467} INFO - Running <TaskInstance: mediaset_schedule_scraper.scrape_mediaset_schedule scheduled__2024-12-15T05:30:00+00:00 [running]> on host b605548c7b8b
[2024-12-15T11:30:03.296+0000] {taskinstance.py:3132} INFO - Exporting env vars: AIRFLOW_CTX_DAG_OWNER='***' AIRFLOW_CTX_DAG_ID='mediaset_schedule_scraper' AIRFLOW_CTX_TASK_ID='scrape_mediaset_schedule' AIRFLOW_CTX_EXECUTION_DATE='2024-12-15T05:30:00+00:00' AIRFLOW_CTX_TRY_NUMBER='1' AIRFLOW_CTX_DAG_RUN_ID='scheduled__2024-12-15T05:30:00+00:00'
[2024-12-15T11:30:03.309+0000] {taskinstance.py:731} INFO - ::endgroup::
[2024-12-15T11:30:12.727+0000] {logging_mixin.py:190} INFO - Generando XML para el canal Telecinco
[2024-12-15T11:30:12.733+0000] {logging_mixin.py:190} INFO - Escrito el xml del canal "Telecinco"
[2024-12-15T11:30:14.346+0000] {logging_mixin.py:190} INFO - Archivo actualizado correctamente.
[2024-12-15T11:30:14.351+0000] {logging_mixin.py:190} INFO - Generando XML para el canal Cuatro
[2024-12-15T11:30:14.387+0000] {logging_mixin.py:190} INFO - Escrito el xml del canal "Cuatro"
[2024-12-15T11:30:16.065+0000] {logging_mixin.py:190} INFO - Archivo actualizado correctamente.
[2024-12-15T11:30:16.066+0000] {logging_mixin.py:190} INFO - Generando XML para el canal Gh 24h plus
[2024-12-15T11:30:16.077+0000] {logging_mixin.py:190} INFO - Escrito el xml del canal "Gh 24h plus"
[2024-12-15T11:30:17.789+0000] {logging_mixin.py:190} INFO - Archivo actualizado correctamente.
[2024-12-15T11:30:17.790+0000] {logging_mixin.py:190} INFO - Generando XML para el canal Gh 24h
[2024-12-15T11:30:17.796+0000] {logging_mixin.py:190} INFO - Escrito el xml del canal "Gh 24h"
[2024-12-15T11:30:19.524+0000] {logging_mixin.py:190} INFO - Archivo actualizado correctamente.
[2024-12-15T11:30:19.525+0000] {logging_mixin.py:190} INFO - Generando XML para el canal Mitele en la calle
[2024-12-15T11:30:19.530+0000] {logging_mixin.py:190} INFO - Escrito el xml del canal "Mitele en la calle"
[2024-12-15T11:30:21.175+0000] {logging_mixin.py:190} INFO - Archivo actualizado correctamente.
[2024-12-15T11:30:21.176+0000] {logging_mixin.py:190} INFO - Generando XML para el canal Mitele viajes
[2024-12-15T11:30:21.181+0000] {logging_mixin.py:190} INFO - Escrito el xml del canal "Mitele viajes"
[2024-12-15T11:30:24.178+0000] {logging_mixin.py:190} INFO - Error: 422 {"message": "Invalid request.\n\n\"sha\" wasn't supplied.", "documentation_url": "https://docs.github.com/rest/repos/contents#create-or-update-file-contents", "status": "422"}
[2024-12-15T11:30:24.179+0000] {logging_mixin.py:190} INFO - Generando XML para el canal Mitele plus lqsa
[2024-12-15T11:30:24.187+0000] {logging_mixin.py:190} INFO - Escrito el xml del canal "Mitele plus lqsa"
[2024-12-15T11:30:25.988+0000] {logging_mixin.py:190} INFO - Archivo actualizado correctamente.
[2024-12-15T11:30:25.989+0000] {logging_mixin.py:190} INFO - Generando XML para el canal Mitele comedia
[2024-12-15T11:30:25.999+0000] {logging_mixin.py:190} INFO - Escrito el xml del canal "Mitele comedia"
[2024-12-15T11:30:27.688+0000] {logging_mixin.py:190} INFO - Archivo actualizado correctamente.
[2024-12-15T11:30:27.689+0000] {logging_mixin.py:190} INFO - Generando XML para el canal Mitele top series
[2024-12-15T11:30:27.700+0000] {logging_mixin.py:190} INFO - Escrito el xml del canal "Mitele top series"
[2024-12-15T11:30:29.434+0000] {logging_mixin.py:190} INFO - Archivo actualizado correctamente.
[2024-12-15T11:30:29.435+0000] {logging_mixin.py:190} INFO - Generando XML para el canal Divinity
[2024-12-15T11:30:29.440+0000] {logging_mixin.py:190} INFO - Escrito el xml del canal "Divinity"
[2024-12-15T11:30:31.285+0000] {logging_mixin.py:190} INFO - Archivo actualizado correctamente.
[2024-12-15T11:30:31.286+0000] {logging_mixin.py:190} INFO - Generando XML para el canal Fdf
[2024-12-15T11:30:31.290+0000] {logging_mixin.py:190} INFO - Escrito el xml del canal "Fdf"
[2024-12-15T11:30:33.107+0000] {logging_mixin.py:190} INFO - Archivo actualizado correctamente.
[2024-12-15T11:30:33.108+0000] {logging_mixin.py:190} INFO - Generando XML para el canal Energy
[2024-12-15T11:30:33.119+0000] {logging_mixin.py:190} INFO - Escrito el xml del canal "Energy"
[2024-12-15T11:30:36.354+0000] {logging_mixin.py:190} INFO - Error: 422 {"message": "Invalid request.\n\n\"sha\" wasn't supplied.", "documentation_url": "https://docs.github.com/rest/repos/contents#create-or-update-file-contents", "status": "422"}
[2024-12-15T11:30:36.379+0000] {logging_mixin.py:190} INFO - Generando XML para el canal Bemad
[2024-12-15T11:30:36.402+0000] {logging_mixin.py:190} INFO - Escrito el xml del canal "Bemad"
[2024-12-15T11:30:38.118+0000] {logging_mixin.py:190} INFO - Archivo actualizado correctamente.
[2024-12-15T11:30:38.121+0000] {logging_mixin.py:190} INFO - Generando XML para el canal Boing
[2024-12-15T11:30:38.138+0000] {logging_mixin.py:190} INFO - Escrito el xml del canal "Boing"
[2024-12-15T11:30:40.102+0000] {logging_mixin.py:190} INFO - Archivo actualizado correctamente.
[2024-12-15T11:30:40.103+0000] {logging_mixin.py:190} INFO - Generando XML para el canal Acontraplus
[2024-12-15T11:30:40.112+0000] {logging_mixin.py:190} INFO - Escrito el xml del canal "Acontraplus"
[2024-12-15T11:30:41.844+0000] {logging_mixin.py:190} INFO - Archivo actualizado correctamente.
[2024-12-15T11:30:41.845+0000] {logging_mixin.py:190} INFO - Generando XML para el canal Fight sports
[2024-12-15T11:30:41.862+0000] {logging_mixin.py:190} INFO - Escrito el xml del canal "Fight sports"
[2024-12-15T11:30:43.803+0000] {logging_mixin.py:190} INFO - Archivo actualizado correctamente.
[2024-12-15T11:30:43.804+0000] {logging_mixin.py:190} INFO - Generando XML para el canal Mtmad 24h
[2024-12-15T11:30:43.806+0000] {logging_mixin.py:190} INFO - Escrito el xml del canal "Mtmad 24h"
[2024-12-15T11:30:45.489+0000] {logging_mixin.py:190} INFO - Archivo actualizado correctamente.
[2024-12-15T11:30:45.490+0000] {python.py:240} INFO - Done. Returned value was: None
[2024-12-15T11:30:45.499+0000] {taskinstance.py:340} INFO - ::group::Post task execution logs
[2024-12-15T11:30:45.499+0000] {taskinstance.py:352} INFO - Marking task as SUCCESS. dag_id=mediaset_schedule_scraper, task_id=scrape_mediaset_schedule, run_id=scheduled__2024-12-15T05:30:00+00:00, execution_date=20241215T053000, start_date=20241215T113003, end_date=20241215T113045
[2024-12-15T11:30:45.547+0000] {local_task_job_runner.py:266} INFO - Task exited with return code 0
[2024-12-15T11:30:45.578+0000] {taskinstance.py:3895} INFO - 1 downstream tasks scheduled from follow-on schedule check
[2024-12-15T11:30:45.579+0000] {local_task_job_runner.py:245} INFO - ::endgroup::
