[2024-12-06T14:17:30.167+0000] {local_task_job_runner.py:123} INFO - ::group::Pre task execution logs
[2024-12-06T14:17:30.179+0000] {taskinstance.py:2613} INFO - Dependencies all met for dep_context=non-requeueable deps ti=<TaskInstance: telemadrid_schedule_scraper_v2.scrape_telemadrid_schedule scheduled__2016-03-27T13:14:00+00:00 [queued]>
[2024-12-06T14:17:30.187+0000] {taskinstance.py:2613} INFO - Dependencies all met for dep_context=requeueable deps ti=<TaskInstance: telemadrid_schedule_scraper_v2.scrape_telemadrid_schedule scheduled__2016-03-27T13:14:00+00:00 [queued]>
[2024-12-06T14:17:30.188+0000] {taskinstance.py:2866} INFO - Starting attempt 1 of 5
[2024-12-06T14:17:30.224+0000] {taskinstance.py:2889} INFO - Executing <Task(_PythonDecoratedOperator): scrape_telemadrid_schedule> on 2016-03-27 13:14:00+00:00
[2024-12-06T14:17:30.228+0000] {warnings.py:112} WARNING - /home/***/.local/lib/python3.12/site-packages/***/task/task_runner/standard_task_runner.py:70: DeprecationWarning: This process (pid=908) is multi-threaded, use of fork() may lead to deadlocks in the child.
  pid = os.fork()

[2024-12-06T14:17:30.230+0000] {standard_task_runner.py:72} INFO - Started process 921 to run task
[2024-12-06T14:17:30.230+0000] {standard_task_runner.py:104} INFO - Running: ['***', 'tasks', 'run', 'telemadrid_schedule_scraper_v2', 'scrape_telemadrid_schedule', 'scheduled__2016-03-27T13:14:00+00:00', '--job-id', '1458', '--raw', '--subdir', 'DAGS_FOLDER/dag_telemadrid_v2.py', '--cfg-path', '/tmp/tmpplj05uq7']
[2024-12-06T14:17:30.231+0000] {standard_task_runner.py:105} INFO - Job 1458: Subtask scrape_telemadrid_schedule
[2024-12-06T14:17:30.264+0000] {task_command.py:467} INFO - Running <TaskInstance: telemadrid_schedule_scraper_v2.scrape_telemadrid_schedule scheduled__2016-03-27T13:14:00+00:00 [running]> on host 6b4257da02f0
[2024-12-06T14:17:30.318+0000] {taskinstance.py:3132} INFO - Exporting env vars: AIRFLOW_CTX_DAG_OWNER='***' AIRFLOW_CTX_DAG_ID='telemadrid_schedule_scraper_v2' AIRFLOW_CTX_TASK_ID='scrape_telemadrid_schedule' AIRFLOW_CTX_EXECUTION_DATE='2016-03-27T13:14:00+00:00' AIRFLOW_CTX_TRY_NUMBER='1' AIRFLOW_CTX_DAG_RUN_ID='scheduled__2016-03-27T13:14:00+00:00'
[2024-12-06T14:17:30.319+0000] {taskinstance.py:731} INFO - ::endgroup::
[2024-12-06T14:17:30.561+0000] {logging_mixin.py:190} INFO - Escrito el xmltv del canal "Telemadrid"
[2024-12-06T14:17:32.357+0000] {logging_mixin.py:190} INFO - Archivo actualizado correctamente.
[2024-12-06T14:17:32.358+0000] {python.py:240} INFO - Done. Returned value was: None
[2024-12-06T14:17:32.365+0000] {taskinstance.py:340} INFO - ::group::Post task execution logs
[2024-12-06T14:17:32.365+0000] {taskinstance.py:352} INFO - Marking task as SUCCESS. dag_id=telemadrid_schedule_scraper_v2, task_id=scrape_telemadrid_schedule, run_id=scheduled__2016-03-27T13:14:00+00:00, execution_date=20160327T131400, start_date=20241206T141730, end_date=20241206T141732
[2024-12-06T14:17:32.409+0000] {local_task_job_runner.py:266} INFO - Task exited with return code 0
[2024-12-06T14:17:32.422+0000] {taskinstance.py:3895} INFO - 1 downstream tasks scheduled from follow-on schedule check
[2024-12-06T14:17:32.423+0000] {local_task_job_runner.py:245} INFO - ::endgroup::
