[2024-12-12T05:30:02.513+0000] {local_task_job_runner.py:123} INFO - ::group::Pre task execution logs
[2024-12-12T05:30:02.532+0000] {taskinstance.py:2613} INFO - Dependencies all met for dep_context=non-requeueable deps ti=<TaskInstance: telemadrid_schedule_scraper.scrape_telemadrid_schedule scheduled__2024-12-11T23:30:00+00:00 [queued]>
[2024-12-12T05:30:02.539+0000] {taskinstance.py:2613} INFO - Dependencies all met for dep_context=requeueable deps ti=<TaskInstance: telemadrid_schedule_scraper.scrape_telemadrid_schedule scheduled__2024-12-11T23:30:00+00:00 [queued]>
[2024-12-12T05:30:02.540+0000] {taskinstance.py:2866} INFO - Starting attempt 1 of 4
[2024-12-12T05:30:02.555+0000] {taskinstance.py:2889} INFO - Executing <Task(_PythonDecoratedOperator): scrape_telemadrid_schedule> on 2024-12-11 23:30:00+00:00
[2024-12-12T05:30:02.566+0000] {warnings.py:112} WARNING - /home/***/.local/lib/python3.12/site-packages/***/task/task_runner/standard_task_runner.py:70: DeprecationWarning: This process (pid=11934) is multi-threaded, use of fork() may lead to deadlocks in the child.
  pid = os.fork()

[2024-12-12T05:30:02.570+0000] {standard_task_runner.py:72} INFO - Started process 11938 to run task
[2024-12-12T05:30:02.568+0000] {standard_task_runner.py:104} INFO - Running: ['***', 'tasks', 'run', 'telemadrid_schedule_scraper', 'scrape_telemadrid_schedule', 'scheduled__2024-12-11T23:30:00+00:00', '--job-id', '2343', '--raw', '--subdir', 'DAGS_FOLDER/dag_telemadrid.py', '--cfg-path', '/tmp/tmpw4j8sw3z']
[2024-12-12T05:30:02.573+0000] {standard_task_runner.py:105} INFO - Job 2343: Subtask scrape_telemadrid_schedule
[2024-12-12T05:30:02.620+0000] {task_command.py:467} INFO - Running <TaskInstance: telemadrid_schedule_scraper.scrape_telemadrid_schedule scheduled__2024-12-11T23:30:00+00:00 [running]> on host b605548c7b8b
[2024-12-12T05:30:02.718+0000] {taskinstance.py:3132} INFO - Exporting env vars: AIRFLOW_CTX_DAG_OWNER='***' AIRFLOW_CTX_DAG_ID='telemadrid_schedule_scraper' AIRFLOW_CTX_TASK_ID='scrape_telemadrid_schedule' AIRFLOW_CTX_EXECUTION_DATE='2024-12-11T23:30:00+00:00' AIRFLOW_CTX_TRY_NUMBER='1' AIRFLOW_CTX_DAG_RUN_ID='scheduled__2024-12-11T23:30:00+00:00'
[2024-12-12T05:30:02.720+0000] {taskinstance.py:731} INFO - ::endgroup::
[2024-12-12T05:30:04.703+0000] {logging_mixin.py:190} INFO - Escrito el xmltv del canal "Telemadrid"
[2024-12-12T05:30:08.182+0000] {logging_mixin.py:190} INFO - Error: 422 {"message": "Invalid request.\n\n\"sha\" wasn't supplied.", "documentation_url": "https://docs.github.com/rest/repos/contents#create-or-update-file-contents", "status": "422"}
[2024-12-12T05:30:08.184+0000] {python.py:240} INFO - Done. Returned value was: None
[2024-12-12T05:30:08.195+0000] {taskinstance.py:340} INFO - ::group::Post task execution logs
[2024-12-12T05:30:08.196+0000] {taskinstance.py:352} INFO - Marking task as SUCCESS. dag_id=telemadrid_schedule_scraper, task_id=scrape_telemadrid_schedule, run_id=scheduled__2024-12-11T23:30:00+00:00, execution_date=20241211T233000, start_date=20241212T053002, end_date=20241212T053008
[2024-12-12T05:30:08.222+0000] {local_task_job_runner.py:266} INFO - Task exited with return code 0
[2024-12-12T05:30:08.233+0000] {local_task_job_runner.py:245} INFO - ::endgroup::
