[2024-12-23T11:30:00.911+0000] {local_task_job_runner.py:123} INFO - ::group::Pre task execution logs
[2024-12-23T11:30:00.922+0000] {taskinstance.py:2613} INFO - Dependencies all met for dep_context=non-requeueable deps ti=<TaskInstance: rtve_schedule_scraper.scrape_rtve_task scheduled__2024-12-23T05:30:00+00:00 [queued]>
[2024-12-23T11:30:00.927+0000] {taskinstance.py:2613} INFO - Dependencies all met for dep_context=requeueable deps ti=<TaskInstance: rtve_schedule_scraper.scrape_rtve_task scheduled__2024-12-23T05:30:00+00:00 [queued]>
[2024-12-23T11:30:00.927+0000] {taskinstance.py:2866} INFO - Starting attempt 1 of 4
[2024-12-23T11:30:00.938+0000] {taskinstance.py:2889} INFO - Executing <Task(_PythonDecoratedOperator): scrape_rtve_task> on 2024-12-23 05:30:00+00:00
[2024-12-23T11:30:00.942+0000] {warnings.py:112} WARNING - /home/***/.local/lib/python3.12/site-packages/***/task/task_runner/standard_task_runner.py:70: DeprecationWarning: This process (pid=1528) is multi-threaded, use of fork() may lead to deadlocks in the child.
  pid = os.fork()

[2024-12-23T11:30:00.943+0000] {standard_task_runner.py:72} INFO - Started process 1540 to run task
[2024-12-23T11:30:00.944+0000] {standard_task_runner.py:104} INFO - Running: ['***', 'tasks', 'run', 'rtve_schedule_scraper', 'scrape_rtve_task', 'scheduled__2024-12-23T05:30:00+00:00', '--job-id', '2659', '--raw', '--subdir', 'DAGS_FOLDER/dag_rtve_selenium.py', '--cfg-path', '/tmp/tmp9q9kyh3b']
[2024-12-23T11:30:00.946+0000] {standard_task_runner.py:105} INFO - Job 2659: Subtask scrape_rtve_task
[2024-12-23T11:30:00.975+0000] {task_command.py:467} INFO - Running <TaskInstance: rtve_schedule_scraper.scrape_rtve_task scheduled__2024-12-23T05:30:00+00:00 [running]> on host b605548c7b8b
[2024-12-23T11:30:01.023+0000] {taskinstance.py:3132} INFO - Exporting env vars: AIRFLOW_CTX_DAG_OWNER='***' AIRFLOW_CTX_DAG_ID='rtve_schedule_scraper' AIRFLOW_CTX_TASK_ID='scrape_rtve_task' AIRFLOW_CTX_EXECUTION_DATE='2024-12-23T05:30:00+00:00' AIRFLOW_CTX_TRY_NUMBER='1' AIRFLOW_CTX_DAG_RUN_ID='scheduled__2024-12-23T05:30:00+00:00'
[2024-12-23T11:30:01.024+0000] {taskinstance.py:731} INFO - ::endgroup::
[2024-12-23T11:30:16.980+0000] {logging_mixin.py:190} INFO - Archivo actualizado correctamente.
[2024-12-23T11:30:16.981+0000] {logging_mixin.py:190} INFO - Escrito el xmltv del canal "La 1"
[2024-12-23T11:30:19.124+0000] {logging_mixin.py:190} INFO - Archivo actualizado correctamente.
[2024-12-23T11:30:19.125+0000] {logging_mixin.py:190} INFO - Escrito el xmltv del canal "La 2"
[2024-12-23T11:30:21.093+0000] {logging_mixin.py:190} INFO - Archivo actualizado correctamente.
[2024-12-23T11:30:21.094+0000] {logging_mixin.py:190} INFO - Escrito el xmltv del canal "Teledeporte"
[2024-12-23T11:30:23.276+0000] {logging_mixin.py:190} INFO - Archivo actualizado correctamente.
[2024-12-23T11:30:23.276+0000] {logging_mixin.py:190} INFO - Escrito el xmltv del canal "24 horas"
[2024-12-23T11:30:25.660+0000] {logging_mixin.py:190} INFO - Archivo actualizado correctamente.
[2024-12-23T11:30:25.661+0000] {logging_mixin.py:190} INFO - Escrito el xmltv del canal "Clan"
[2024-12-23T11:30:25.739+0000] {python.py:240} INFO - Done. Returned value was: None
[2024-12-23T11:30:25.745+0000] {taskinstance.py:340} INFO - ::group::Post task execution logs
[2024-12-23T11:30:25.745+0000] {taskinstance.py:352} INFO - Marking task as SUCCESS. dag_id=rtve_schedule_scraper, task_id=scrape_rtve_task, run_id=scheduled__2024-12-23T05:30:00+00:00, execution_date=20241223T053000, start_date=20241223T113000, end_date=20241223T113025
[2024-12-23T11:30:25.786+0000] {local_task_job_runner.py:266} INFO - Task exited with return code 0
[2024-12-23T11:30:25.798+0000] {taskinstance.py:3895} INFO - 1 downstream tasks scheduled from follow-on schedule check
[2024-12-23T11:30:25.799+0000] {local_task_job_runner.py:245} INFO - ::endgroup::
