[2024-12-08T00:24:50.502+0000] {local_task_job_runner.py:123} INFO - ::group::Pre task execution logs
[2024-12-08T00:24:50.510+0000] {taskinstance.py:2613} INFO - Dependencies all met for dep_context=non-requeueable deps ti=<TaskInstance: telemadrid_schedule_scraper.scrape_telemadrid_schedule manual__2024-12-08T00:24:49.759556+00:00 [queued]>
[2024-12-08T00:24:50.514+0000] {taskinstance.py:2613} INFO - Dependencies all met for dep_context=requeueable deps ti=<TaskInstance: telemadrid_schedule_scraper.scrape_telemadrid_schedule manual__2024-12-08T00:24:49.759556+00:00 [queued]>
[2024-12-08T00:24:50.515+0000] {taskinstance.py:2866} INFO - Starting attempt 1 of 4
[2024-12-08T00:24:50.522+0000] {taskinstance.py:2889} INFO - Executing <Task(_PythonDecoratedOperator): scrape_telemadrid_schedule> on 2024-12-08 00:24:49.759556+00:00
[2024-12-08T00:24:50.525+0000] {warnings.py:112} WARNING - /home/***/.local/lib/python3.12/site-packages/***/task/task_runner/standard_task_runner.py:70: DeprecationWarning: This process (pid=10589) is multi-threaded, use of fork() may lead to deadlocks in the child.
  pid = os.fork()

[2024-12-08T00:24:50.526+0000] {standard_task_runner.py:72} INFO - Started process 10590 to run task
[2024-12-08T00:24:50.527+0000] {standard_task_runner.py:104} INFO - Running: ['***', 'tasks', 'run', 'telemadrid_schedule_scraper', 'scrape_telemadrid_schedule', 'manual__2024-12-08T00:24:49.759556+00:00', '--job-id', '2094', '--raw', '--subdir', 'DAGS_FOLDER/dag_telemadrid.py', '--cfg-path', '/tmp/tmpuuf9e1vs']
[2024-12-08T00:24:50.528+0000] {standard_task_runner.py:105} INFO - Job 2094: Subtask scrape_telemadrid_schedule
[2024-12-08T00:24:50.551+0000] {task_command.py:467} INFO - Running <TaskInstance: telemadrid_schedule_scraper.scrape_telemadrid_schedule manual__2024-12-08T00:24:49.759556+00:00 [running]> on host b605548c7b8b
[2024-12-08T00:24:50.593+0000] {taskinstance.py:3132} INFO - Exporting env vars: AIRFLOW_CTX_DAG_OWNER='***' AIRFLOW_CTX_DAG_ID='telemadrid_schedule_scraper' AIRFLOW_CTX_TASK_ID='scrape_telemadrid_schedule' AIRFLOW_CTX_EXECUTION_DATE='2024-12-08T00:24:49.759556+00:00' AIRFLOW_CTX_TRY_NUMBER='1' AIRFLOW_CTX_DAG_RUN_ID='manual__2024-12-08T00:24:49.759556+00:00'
[2024-12-08T00:24:50.594+0000] {taskinstance.py:731} INFO - ::endgroup::
[2024-12-08T00:24:53.721+0000] {logging_mixin.py:190} INFO - Escrito el xmltv del canal "Telemadrid"
[2024-12-08T00:24:55.526+0000] {logging_mixin.py:190} INFO - Archivo actualizado correctamente.
[2024-12-08T00:24:55.527+0000] {python.py:240} INFO - Done. Returned value was: None
[2024-12-08T00:24:55.534+0000] {taskinstance.py:340} INFO - ::group::Post task execution logs
[2024-12-08T00:24:55.534+0000] {taskinstance.py:352} INFO - Marking task as SUCCESS. dag_id=telemadrid_schedule_scraper, task_id=scrape_telemadrid_schedule, run_id=manual__2024-12-08T00:24:49.759556+00:00, execution_date=20241208T002449, start_date=20241208T002450, end_date=20241208T002455
[2024-12-08T00:24:55.553+0000] {local_task_job_runner.py:266} INFO - Task exited with return code 0
[2024-12-08T00:24:55.566+0000] {taskinstance.py:3895} INFO - 1 downstream tasks scheduled from follow-on schedule check
[2024-12-08T00:24:55.567+0000] {local_task_job_runner.py:245} INFO - ::endgroup::
