[2024-12-05T23:19:09.281+0000] {local_task_job_runner.py:123} INFO - ::group::Pre task execution logs
[2024-12-05T23:19:09.291+0000] {taskinstance.py:2613} INFO - Dependencies all met for dep_context=non-requeueable deps ti=<TaskInstance: telemadrid_schedule_scraper.push_all_in_one_task manual__2024-12-05T23:19:04.673199+00:00 [queued]>
[2024-12-05T23:19:09.296+0000] {taskinstance.py:2613} INFO - Dependencies all met for dep_context=requeueable deps ti=<TaskInstance: telemadrid_schedule_scraper.push_all_in_one_task manual__2024-12-05T23:19:04.673199+00:00 [queued]>
[2024-12-05T23:19:09.296+0000] {taskinstance.py:2866} INFO - Starting attempt 1 of 2
[2024-12-05T23:19:09.303+0000] {taskinstance.py:2889} INFO - Executing <Task(PythonOperator): push_all_in_one_task> on 2024-12-05 23:19:04.673199+00:00
[2024-12-05T23:19:09.307+0000] {warnings.py:112} WARNING - /home/***/.local/lib/python3.12/site-packages/***/task/task_runner/standard_task_runner.py:70: DeprecationWarning: This process (pid=140) is multi-threaded, use of fork() may lead to deadlocks in the child.
  pid = os.fork()

[2024-12-05T23:19:09.308+0000] {standard_task_runner.py:72} INFO - Started process 141 to run task
[2024-12-05T23:19:09.308+0000] {standard_task_runner.py:104} INFO - Running: ['***', 'tasks', 'run', 'telemadrid_schedule_scraper', 'push_all_in_one_task', 'manual__2024-12-05T23:19:04.673199+00:00', '--job-id', '601', '--raw', '--subdir', 'DAGS_FOLDER/dag_telemadrid.py', '--cfg-path', '/tmp/tmpo7t6zjt1']
[2024-12-05T23:19:09.309+0000] {standard_task_runner.py:105} INFO - Job 601: Subtask push_all_in_one_task
[2024-12-05T23:19:09.333+0000] {task_command.py:467} INFO - Running <TaskInstance: telemadrid_schedule_scraper.push_all_in_one_task manual__2024-12-05T23:19:04.673199+00:00 [running]> on host d88abb179e8d
[2024-12-05T23:19:09.370+0000] {taskinstance.py:3132} INFO - Exporting env vars: AIRFLOW_CTX_DAG_OWNER='***' AIRFLOW_CTX_DAG_ID='telemadrid_schedule_scraper' AIRFLOW_CTX_TASK_ID='push_all_in_one_task' AIRFLOW_CTX_EXECUTION_DATE='2024-12-05T23:19:04.673199+00:00' AIRFLOW_CTX_TRY_NUMBER='1' AIRFLOW_CTX_DAG_RUN_ID='manual__2024-12-05T23:19:04.673199+00:00'
[2024-12-05T23:19:09.371+0000] {taskinstance.py:731} INFO - ::endgroup::
[2024-12-05T23:19:12.105+0000] {logging_mixin.py:190} INFO - Archivo actualizado correctamente.
[2024-12-05T23:19:12.106+0000] {python.py:240} INFO - Done. Returned value was: None
[2024-12-05T23:19:12.111+0000] {taskinstance.py:340} INFO - ::group::Post task execution logs
[2024-12-05T23:19:12.112+0000] {taskinstance.py:352} INFO - Marking task as SUCCESS. dag_id=telemadrid_schedule_scraper, task_id=push_all_in_one_task, run_id=manual__2024-12-05T23:19:04.673199+00:00, execution_date=20241205T231904, start_date=20241205T231909, end_date=20241205T231912
[2024-12-05T23:19:12.129+0000] {local_task_job_runner.py:266} INFO - Task exited with return code 0
[2024-12-05T23:19:12.137+0000] {taskinstance.py:3895} INFO - 0 downstream tasks scheduled from follow-on schedule check
[2024-12-05T23:19:12.138+0000] {local_task_job_runner.py:245} INFO - ::endgroup::
