[2024-12-23T17:30:00.878+0000] {local_task_job_runner.py:123} INFO - ::group::Pre task execution logs
[2024-12-23T17:30:00.889+0000] {taskinstance.py:2613} INFO - Dependencies all met for dep_context=non-requeueable deps ti=<TaskInstance: rtve_canarias_schedule_scraper.scrape_rtve_canarias_task scheduled__2024-12-23T11:30:00+00:00 [queued]>
[2024-12-23T17:30:00.893+0000] {taskinstance.py:2613} INFO - Dependencies all met for dep_context=requeueable deps ti=<TaskInstance: rtve_canarias_schedule_scraper.scrape_rtve_canarias_task scheduled__2024-12-23T11:30:00+00:00 [queued]>
[2024-12-23T17:30:00.894+0000] {taskinstance.py:2866} INFO - Starting attempt 1 of 5
[2024-12-23T17:30:00.903+0000] {taskinstance.py:2889} INFO - Executing <Task(_PythonDecoratedOperator): scrape_rtve_canarias_task> on 2024-12-23 11:30:00+00:00
[2024-12-23T17:30:00.909+0000] {warnings.py:112} WARNING - /home/***/.local/lib/python3.12/site-packages/***/task/task_runner/standard_task_runner.py:70: DeprecationWarning: This process (pid=6394) is multi-threaded, use of fork() may lead to deadlocks in the child.
  pid = os.fork()

[2024-12-23T17:30:00.910+0000] {standard_task_runner.py:72} INFO - Started process 6402 to run task
[2024-12-23T17:30:00.910+0000] {standard_task_runner.py:104} INFO - Running: ['***', 'tasks', 'run', 'rtve_canarias_schedule_scraper', 'scrape_rtve_canarias_task', 'scheduled__2024-12-23T11:30:00+00:00', '--job-id', '2677', '--raw', '--subdir', 'DAGS_FOLDER/dag_rtve_canarias_selenium.py', '--cfg-path', '/tmp/tmpwnp0arsg']
[2024-12-23T17:30:00.913+0000] {standard_task_runner.py:105} INFO - Job 2677: Subtask scrape_rtve_canarias_task
[2024-12-23T17:30:00.943+0000] {task_command.py:467} INFO - Running <TaskInstance: rtve_canarias_schedule_scraper.scrape_rtve_canarias_task scheduled__2024-12-23T11:30:00+00:00 [running]> on host b605548c7b8b
[2024-12-23T17:30:01.006+0000] {taskinstance.py:3132} INFO - Exporting env vars: AIRFLOW_CTX_DAG_OWNER='***' AIRFLOW_CTX_DAG_ID='rtve_canarias_schedule_scraper' AIRFLOW_CTX_TASK_ID='scrape_rtve_canarias_task' AIRFLOW_CTX_EXECUTION_DATE='2024-12-23T11:30:00+00:00' AIRFLOW_CTX_TRY_NUMBER='1' AIRFLOW_CTX_DAG_RUN_ID='scheduled__2024-12-23T11:30:00+00:00'
[2024-12-23T17:30:01.007+0000] {taskinstance.py:731} INFO - ::endgroup::
[2024-12-23T17:30:22.760+0000] {logging_mixin.py:190} INFO - Archivo actualizado correctamente.
[2024-12-23T17:30:22.760+0000] {logging_mixin.py:190} INFO - Escrito el xmltv del canal "La 1 Canarias"
[2024-12-23T17:30:24.770+0000] {logging_mixin.py:190} INFO - Archivo actualizado correctamente.
[2024-12-23T17:30:24.771+0000] {logging_mixin.py:190} INFO - Escrito el xmltv del canal "La 2 Canarias"
[2024-12-23T17:30:26.546+0000] {logging_mixin.py:190} INFO - Archivo actualizado correctamente.
[2024-12-23T17:30:26.546+0000] {logging_mixin.py:190} INFO - Escrito el xmltv del canal "24 horas Canarias"
[2024-12-23T17:30:26.619+0000] {python.py:240} INFO - Done. Returned value was: None
[2024-12-23T17:30:26.625+0000] {taskinstance.py:340} INFO - ::group::Post task execution logs
[2024-12-23T17:30:26.625+0000] {taskinstance.py:352} INFO - Marking task as SUCCESS. dag_id=rtve_canarias_schedule_scraper, task_id=scrape_rtve_canarias_task, run_id=scheduled__2024-12-23T11:30:00+00:00, execution_date=20241223T113000, start_date=20241223T173000, end_date=20241223T173026
[2024-12-23T17:30:26.662+0000] {local_task_job_runner.py:266} INFO - Task exited with return code 0
[2024-12-23T17:30:26.674+0000] {taskinstance.py:3895} INFO - 1 downstream tasks scheduled from follow-on schedule check
[2024-12-23T17:30:26.675+0000] {local_task_job_runner.py:245} INFO - ::endgroup::
