[2024-12-07T15:00:00.966+0000] {local_task_job_runner.py:123} INFO - ::group::Pre task execution logs
[2024-12-07T15:00:00.978+0000] {taskinstance.py:2613} INFO - Dependencies all met for dep_context=non-requeueable deps ti=<TaskInstance: a3media_schedule_scraper.scrape_a3media_task scheduled__2024-12-07T07:00:00+00:00 [queued]>
[2024-12-07T15:00:00.982+0000] {taskinstance.py:2613} INFO - Dependencies all met for dep_context=requeueable deps ti=<TaskInstance: a3media_schedule_scraper.scrape_a3media_task scheduled__2024-12-07T07:00:00+00:00 [queued]>
[2024-12-07T15:00:00.983+0000] {taskinstance.py:2866} INFO - Starting attempt 1 of 5
[2024-12-07T15:00:00.990+0000] {taskinstance.py:2889} INFO - Executing <Task(_PythonDecoratedOperator): scrape_a3media_task> on 2024-12-07 07:00:00+00:00
[2024-12-07T15:00:00.994+0000] {warnings.py:112} WARNING - /home/***/.local/lib/python3.12/site-packages/***/task/task_runner/standard_task_runner.py:70: DeprecationWarning: This process (pid=2829) is multi-threaded, use of fork() may lead to deadlocks in the child.
  pid = os.fork()

[2024-12-07T15:00:00.996+0000] {standard_task_runner.py:72} INFO - Started process 2833 to run task
[2024-12-07T15:00:00.996+0000] {standard_task_runner.py:104} INFO - Running: ['***', 'tasks', 'run', 'a3media_schedule_scraper', 'scrape_a3media_task', 'scheduled__2024-12-07T07:00:00+00:00', '--job-id', '2029', '--raw', '--subdir', 'DAGS_FOLDER/dag_atresmedia.py', '--cfg-path', '/tmp/tmpvtrxek5p']
[2024-12-07T15:00:00.998+0000] {standard_task_runner.py:105} INFO - Job 2029: Subtask scrape_a3media_task
[2024-12-07T15:00:01.031+0000] {task_command.py:467} INFO - Running <TaskInstance: a3media_schedule_scraper.scrape_a3media_task scheduled__2024-12-07T07:00:00+00:00 [running]> on host b605548c7b8b
[2024-12-07T15:00:01.078+0000] {taskinstance.py:3132} INFO - Exporting env vars: AIRFLOW_CTX_DAG_OWNER='***' AIRFLOW_CTX_DAG_ID='a3media_schedule_scraper' AIRFLOW_CTX_TASK_ID='scrape_a3media_task' AIRFLOW_CTX_EXECUTION_DATE='2024-12-07T07:00:00+00:00' AIRFLOW_CTX_TRY_NUMBER='1' AIRFLOW_CTX_DAG_RUN_ID='scheduled__2024-12-07T07:00:00+00:00'
[2024-12-07T15:00:01.079+0000] {taskinstance.py:731} INFO - ::endgroup::
[2024-12-07T15:00:01.352+0000] {logging_mixin.py:190} INFO - Escrito el xmltv del canal "Antena 3"
[2024-12-07T15:00:03.261+0000] {logging_mixin.py:190} INFO - Archivo actualizado correctamente.
[2024-12-07T15:00:03.408+0000] {logging_mixin.py:190} INFO - Escrito el xmltv del canal "laSexta"
[2024-12-07T15:00:05.313+0000] {logging_mixin.py:190} INFO - Archivo actualizado correctamente.
[2024-12-07T15:00:05.448+0000] {logging_mixin.py:190} INFO - Escrito el xmltv del canal "Neox"
[2024-12-07T15:00:07.240+0000] {logging_mixin.py:190} INFO - Archivo actualizado correctamente.
[2024-12-07T15:00:07.551+0000] {logging_mixin.py:190} INFO - Escrito el xmltv del canal "Nova"
[2024-12-07T15:00:09.450+0000] {logging_mixin.py:190} INFO - Archivo actualizado correctamente.
[2024-12-07T15:00:09.578+0000] {logging_mixin.py:190} INFO - Escrito el xmltv del canal "Mega"
[2024-12-07T15:00:11.455+0000] {logging_mixin.py:190} INFO - Archivo actualizado correctamente.
[2024-12-07T15:00:11.582+0000] {logging_mixin.py:190} INFO - Escrito el xmltv del canal "Atreseries"
[2024-12-07T15:00:14.792+0000] {logging_mixin.py:190} INFO - Error: 422 {"message": "Invalid request.\n\n\"sha\" wasn't supplied.", "documentation_url": "https://docs.github.com/rest/repos/contents#create-or-update-file-contents", "status": "422"}
[2024-12-07T15:00:14.793+0000] {python.py:240} INFO - Done. Returned value was: None
[2024-12-07T15:00:14.801+0000] {taskinstance.py:340} INFO - ::group::Post task execution logs
[2024-12-07T15:00:14.801+0000] {taskinstance.py:352} INFO - Marking task as SUCCESS. dag_id=a3media_schedule_scraper, task_id=scrape_a3media_task, run_id=scheduled__2024-12-07T07:00:00+00:00, execution_date=20241207T070000, start_date=20241207T150000, end_date=20241207T150014
[2024-12-07T15:00:14.815+0000] {local_task_job_runner.py:266} INFO - Task exited with return code 0
[2024-12-07T15:00:14.828+0000] {taskinstance.py:3895} INFO - 1 downstream tasks scheduled from follow-on schedule check
[2024-12-07T15:00:14.829+0000] {local_task_job_runner.py:245} INFO - ::endgroup::
