[2024-12-13T00:05:56.981+0000] {local_task_job_runner.py:123} INFO - ::group::Pre task execution logs
[2024-12-13T00:05:56.990+0000] {taskinstance.py:2613} INFO - Dependencies all met for dep_context=non-requeueable deps ti=<TaskInstance: a3media_schedule_scraper.scrape_a3media_task manual__2024-12-13T00:05:55.885710+00:00 [queued]>
[2024-12-13T00:05:56.994+0000] {taskinstance.py:2613} INFO - Dependencies all met for dep_context=requeueable deps ti=<TaskInstance: a3media_schedule_scraper.scrape_a3media_task manual__2024-12-13T00:05:55.885710+00:00 [queued]>
[2024-12-13T00:05:56.994+0000] {taskinstance.py:2866} INFO - Starting attempt 1 of 5
[2024-12-13T00:05:57.002+0000] {taskinstance.py:2889} INFO - Executing <Task(_PythonDecoratedOperator): scrape_a3media_task> on 2024-12-13 00:05:55.885710+00:00
[2024-12-13T00:05:57.005+0000] {warnings.py:112} WARNING - /home/***/.local/lib/python3.12/site-packages/***/task/task_runner/standard_task_runner.py:70: DeprecationWarning: This process (pid=27038) is multi-threaded, use of fork() may lead to deadlocks in the child.
  pid = os.fork()

[2024-12-13T00:05:57.006+0000] {standard_task_runner.py:72} INFO - Started process 27039 to run task
[2024-12-13T00:05:57.007+0000] {standard_task_runner.py:104} INFO - Running: ['***', 'tasks', 'run', 'a3media_schedule_scraper', 'scrape_a3media_task', 'manual__2024-12-13T00:05:55.885710+00:00', '--job-id', '2420', '--raw', '--subdir', 'DAGS_FOLDER/dag_atresmedia.py', '--cfg-path', '/tmp/tmpb4r3fx86']
[2024-12-13T00:05:57.008+0000] {standard_task_runner.py:105} INFO - Job 2420: Subtask scrape_a3media_task
[2024-12-13T00:05:57.034+0000] {task_command.py:467} INFO - Running <TaskInstance: a3media_schedule_scraper.scrape_a3media_task manual__2024-12-13T00:05:55.885710+00:00 [running]> on host b605548c7b8b
[2024-12-13T00:05:57.079+0000] {taskinstance.py:3132} INFO - Exporting env vars: AIRFLOW_CTX_DAG_OWNER='***' AIRFLOW_CTX_DAG_ID='a3media_schedule_scraper' AIRFLOW_CTX_TASK_ID='scrape_a3media_task' AIRFLOW_CTX_EXECUTION_DATE='2024-12-13T00:05:55.885710+00:00' AIRFLOW_CTX_TRY_NUMBER='1' AIRFLOW_CTX_DAG_RUN_ID='manual__2024-12-13T00:05:55.885710+00:00'
[2024-12-13T00:05:57.080+0000] {taskinstance.py:731} INFO - ::endgroup::
[2024-12-13T00:05:57.210+0000] {logging_mixin.py:190} INFO - https://api.atresplayer.com/client/v1/row/programming/5a6a165a7ed1a834493ebf6a?date=2024/12/13
[2024-12-13T00:05:57.261+0000] {logging_mixin.py:190} INFO - https://api.atresplayer.com/client/v1/row/programming/5a6a165a7ed1a834493ebf6a?date=2024/12/14
[2024-12-13T00:05:57.311+0000] {logging_mixin.py:190} INFO - https://api.atresplayer.com/client/v1/row/programming/5a6a165a7ed1a834493ebf6a?date=2024/12/15
[2024-12-13T00:05:57.371+0000] {logging_mixin.py:190} INFO - Escrito el xmltv del canal "Antena 3"
[2024-12-13T00:05:59.160+0000] {logging_mixin.py:190} INFO - Archivo actualizado correctamente.
[2024-12-13T00:05:59.160+0000] {logging_mixin.py:190} INFO - https://api.atresplayer.com/client/v1/row/programming/5a6a172c7ed1a834493ebf6b?date=2024/12/13
[2024-12-13T00:05:59.211+0000] {logging_mixin.py:190} INFO - https://api.atresplayer.com/client/v1/row/programming/5a6a172c7ed1a834493ebf6b?date=2024/12/14
[2024-12-13T00:05:59.263+0000] {logging_mixin.py:190} INFO - https://api.atresplayer.com/client/v1/row/programming/5a6a172c7ed1a834493ebf6b?date=2024/12/15
[2024-12-13T00:05:59.318+0000] {logging_mixin.py:190} INFO - Escrito el xmltv del canal "laSexta"
[2024-12-13T00:06:01.112+0000] {logging_mixin.py:190} INFO - Archivo actualizado correctamente.
[2024-12-13T00:06:01.113+0000] {logging_mixin.py:190} INFO - https://api.atresplayer.com/client/v1/row/programming/5a6a17da7ed1a834493ebf6d?date=2024/12/13
[2024-12-13T00:06:01.180+0000] {logging_mixin.py:190} INFO - https://api.atresplayer.com/client/v1/row/programming/5a6a17da7ed1a834493ebf6d?date=2024/12/14
[2024-12-13T00:06:01.239+0000] {logging_mixin.py:190} INFO - https://api.atresplayer.com/client/v1/row/programming/5a6a17da7ed1a834493ebf6d?date=2024/12/15
[2024-12-13T00:06:01.312+0000] {logging_mixin.py:190} INFO - Escrito el xmltv del canal "Neox"
[2024-12-13T00:06:03.054+0000] {logging_mixin.py:190} INFO - Archivo actualizado correctamente.
[2024-12-13T00:06:03.054+0000] {logging_mixin.py:190} INFO - https://api.atresplayer.com/client/v1/row/programming/5a6a180b7ed1a834493ebf6e?date=2024/12/13
[2024-12-13T00:06:03.210+0000] {logging_mixin.py:190} INFO - https://api.atresplayer.com/client/v1/row/programming/5a6a180b7ed1a834493ebf6e?date=2024/12/14
[2024-12-13T00:06:03.260+0000] {logging_mixin.py:190} INFO - https://api.atresplayer.com/client/v1/row/programming/5a6a180b7ed1a834493ebf6e?date=2024/12/15
[2024-12-13T00:06:03.314+0000] {logging_mixin.py:190} INFO - Escrito el xmltv del canal "Nova"
[2024-12-13T00:06:05.160+0000] {logging_mixin.py:190} INFO - Archivo actualizado correctamente.
[2024-12-13T00:06:05.161+0000] {logging_mixin.py:190} INFO - https://api.atresplayer.com/client/v1/row/programming/5a6a18357ed1a834493ebf6f?date=2024/12/13
[2024-12-13T00:06:05.398+0000] {logging_mixin.py:190} INFO - https://api.atresplayer.com/client/v1/row/programming/5a6a18357ed1a834493ebf6f?date=2024/12/14
[2024-12-13T00:06:05.456+0000] {logging_mixin.py:190} INFO - https://api.atresplayer.com/client/v1/row/programming/5a6a18357ed1a834493ebf6f?date=2024/12/15
[2024-12-13T00:06:05.520+0000] {logging_mixin.py:190} INFO - Escrito el xmltv del canal "Mega"
[2024-12-13T00:06:07.376+0000] {logging_mixin.py:190} INFO - Archivo actualizado correctamente.
[2024-12-13T00:06:07.377+0000] {logging_mixin.py:190} INFO - https://api.atresplayer.com/client/v1/row/programming/5a6a189a7ed1a834493ebf70?date=2024/12/13
[2024-12-13T00:06:07.539+0000] {logging_mixin.py:190} INFO - https://api.atresplayer.com/client/v1/row/programming/5a6a189a7ed1a834493ebf70?date=2024/12/14
[2024-12-13T00:06:07.592+0000] {logging_mixin.py:190} INFO - https://api.atresplayer.com/client/v1/row/programming/5a6a189a7ed1a834493ebf70?date=2024/12/15
[2024-12-13T00:06:07.644+0000] {logging_mixin.py:190} INFO - Escrito el xmltv del canal "Atreseries"
[2024-12-13T00:06:09.450+0000] {logging_mixin.py:190} INFO - Archivo actualizado correctamente.
[2024-12-13T00:06:09.451+0000] {python.py:240} INFO - Done. Returned value was: None
[2024-12-13T00:06:09.457+0000] {taskinstance.py:340} INFO - ::group::Post task execution logs
[2024-12-13T00:06:09.458+0000] {taskinstance.py:352} INFO - Marking task as SUCCESS. dag_id=a3media_schedule_scraper, task_id=scrape_a3media_task, run_id=manual__2024-12-13T00:05:55.885710+00:00, execution_date=20241213T000555, start_date=20241213T000556, end_date=20241213T000609
[2024-12-13T00:06:09.501+0000] {local_task_job_runner.py:266} INFO - Task exited with return code 0
[2024-12-13T00:06:09.514+0000] {taskinstance.py:3895} INFO - 1 downstream tasks scheduled from follow-on schedule check
[2024-12-13T00:06:09.515+0000] {local_task_job_runner.py:245} INFO - ::endgroup::
