[2024-12-15T11:30:03.012+0000] {local_task_job_runner.py:123} INFO - ::group::Pre task execution logs
[2024-12-15T11:30:03.031+0000] {taskinstance.py:2613} INFO - Dependencies all met for dep_context=non-requeueable deps ti=<TaskInstance: a3media_schedule_scraper.scrape_a3media_task scheduled__2024-12-15T05:30:00+00:00 [queued]>
[2024-12-15T11:30:03.042+0000] {taskinstance.py:2613} INFO - Dependencies all met for dep_context=requeueable deps ti=<TaskInstance: a3media_schedule_scraper.scrape_a3media_task scheduled__2024-12-15T05:30:00+00:00 [queued]>
[2024-12-15T11:30:03.042+0000] {taskinstance.py:2866} INFO - Starting attempt 1 of 5
[2024-12-15T11:30:03.058+0000] {taskinstance.py:2889} INFO - Executing <Task(_PythonDecoratedOperator): scrape_a3media_task> on 2024-12-15 05:30:00+00:00
[2024-12-15T11:30:03.071+0000] {warnings.py:112} WARNING - /home/***/.local/lib/python3.12/site-packages/***/task/task_runner/standard_task_runner.py:70: DeprecationWarning: This process (pid=833) is multi-threaded, use of fork() may lead to deadlocks in the child.
  pid = os.fork()

[2024-12-15T11:30:03.073+0000] {standard_task_runner.py:72} INFO - Started process 838 to run task
[2024-12-15T11:30:03.072+0000] {standard_task_runner.py:104} INFO - Running: ['***', 'tasks', 'run', 'a3media_schedule_scraper', 'scrape_a3media_task', 'scheduled__2024-12-15T05:30:00+00:00', '--job-id', '2519', '--raw', '--subdir', 'DAGS_FOLDER/dag_atresmedia.py', '--cfg-path', '/tmp/tmpoz687o1m']
[2024-12-15T11:30:03.074+0000] {standard_task_runner.py:105} INFO - Job 2519: Subtask scrape_a3media_task
[2024-12-15T11:30:03.122+0000] {task_command.py:467} INFO - Running <TaskInstance: a3media_schedule_scraper.scrape_a3media_task scheduled__2024-12-15T05:30:00+00:00 [running]> on host b605548c7b8b
[2024-12-15T11:30:03.223+0000] {taskinstance.py:3132} INFO - Exporting env vars: AIRFLOW_CTX_DAG_OWNER='***' AIRFLOW_CTX_DAG_ID='a3media_schedule_scraper' AIRFLOW_CTX_TASK_ID='scrape_a3media_task' AIRFLOW_CTX_EXECUTION_DATE='2024-12-15T05:30:00+00:00' AIRFLOW_CTX_TRY_NUMBER='1' AIRFLOW_CTX_DAG_RUN_ID='scheduled__2024-12-15T05:30:00+00:00'
[2024-12-15T11:30:03.226+0000] {taskinstance.py:731} INFO - ::endgroup::
[2024-12-15T11:30:03.432+0000] {logging_mixin.py:190} INFO - https://api.atresplayer.com/client/v1/row/programming/5a6a165a7ed1a834493ebf6a?date=14-12-2024
[2024-12-15T11:30:03.547+0000] {logging_mixin.py:190} INFO - https://api.atresplayer.com/client/v1/row/programming/5a6a165a7ed1a834493ebf6a?date=15-12-2024
[2024-12-15T11:30:03.591+0000] {logging_mixin.py:190} INFO - https://api.atresplayer.com/client/v1/row/programming/5a6a165a7ed1a834493ebf6a?date=16-12-2024
[2024-12-15T11:30:03.635+0000] {logging_mixin.py:190} INFO - Escrito el xmltv del canal "Antena 3"
[2024-12-15T11:30:05.512+0000] {logging_mixin.py:190} INFO - Archivo actualizado correctamente.
[2024-12-15T11:30:05.539+0000] {logging_mixin.py:190} INFO - https://api.atresplayer.com/client/v1/row/programming/5a6a172c7ed1a834493ebf6b?date=14-12-2024
[2024-12-15T11:30:05.667+0000] {logging_mixin.py:190} INFO - https://api.atresplayer.com/client/v1/row/programming/5a6a172c7ed1a834493ebf6b?date=15-12-2024
[2024-12-15T11:30:05.716+0000] {logging_mixin.py:190} INFO - https://api.atresplayer.com/client/v1/row/programming/5a6a172c7ed1a834493ebf6b?date=16-12-2024
[2024-12-15T11:30:05.769+0000] {logging_mixin.py:190} INFO - Escrito el xmltv del canal "laSexta"
[2024-12-15T11:30:07.622+0000] {logging_mixin.py:190} INFO - Archivo actualizado correctamente.
[2024-12-15T11:30:07.624+0000] {logging_mixin.py:190} INFO - https://api.atresplayer.com/client/v1/row/programming/5a6a17da7ed1a834493ebf6d?date=14-12-2024
[2024-12-15T11:30:07.685+0000] {logging_mixin.py:190} INFO - https://api.atresplayer.com/client/v1/row/programming/5a6a17da7ed1a834493ebf6d?date=15-12-2024
[2024-12-15T11:30:07.720+0000] {logging_mixin.py:190} INFO - https://api.atresplayer.com/client/v1/row/programming/5a6a17da7ed1a834493ebf6d?date=16-12-2024
[2024-12-15T11:30:07.771+0000] {logging_mixin.py:190} INFO - Escrito el xmltv del canal "Neox"
[2024-12-15T11:30:09.621+0000] {logging_mixin.py:190} INFO - Archivo actualizado correctamente.
[2024-12-15T11:30:09.622+0000] {logging_mixin.py:190} INFO - https://api.atresplayer.com/client/v1/row/programming/5a6a180b7ed1a834493ebf6e?date=14-12-2024
[2024-12-15T11:30:09.671+0000] {logging_mixin.py:190} INFO - https://api.atresplayer.com/client/v1/row/programming/5a6a180b7ed1a834493ebf6e?date=15-12-2024
[2024-12-15T11:30:09.719+0000] {logging_mixin.py:190} INFO - https://api.atresplayer.com/client/v1/row/programming/5a6a180b7ed1a834493ebf6e?date=16-12-2024
[2024-12-15T11:30:09.804+0000] {logging_mixin.py:190} INFO - Escrito el xmltv del canal "Nova"
[2024-12-15T11:30:11.715+0000] {logging_mixin.py:190} INFO - Archivo actualizado correctamente.
[2024-12-15T11:30:11.724+0000] {logging_mixin.py:190} INFO - https://api.atresplayer.com/client/v1/row/programming/5a6a18357ed1a834493ebf6f?date=14-12-2024
[2024-12-15T11:30:12.079+0000] {logging_mixin.py:190} INFO - https://api.atresplayer.com/client/v1/row/programming/5a6a18357ed1a834493ebf6f?date=15-12-2024
[2024-12-15T11:30:12.162+0000] {logging_mixin.py:190} INFO - https://api.atresplayer.com/client/v1/row/programming/5a6a18357ed1a834493ebf6f?date=16-12-2024
[2024-12-15T11:30:12.232+0000] {logging_mixin.py:190} INFO - Escrito el xmltv del canal "Mega"
[2024-12-15T11:30:14.135+0000] {logging_mixin.py:190} INFO - Archivo actualizado correctamente.
[2024-12-15T11:30:14.136+0000] {logging_mixin.py:190} INFO - https://api.atresplayer.com/client/v1/row/programming/5a6a189a7ed1a834493ebf70?date=14-12-2024
[2024-12-15T11:30:14.385+0000] {logging_mixin.py:190} INFO - https://api.atresplayer.com/client/v1/row/programming/5a6a189a7ed1a834493ebf70?date=15-12-2024
[2024-12-15T11:30:14.601+0000] {logging_mixin.py:190} INFO - https://api.atresplayer.com/client/v1/row/programming/5a6a189a7ed1a834493ebf70?date=16-12-2024
[2024-12-15T11:30:14.687+0000] {logging_mixin.py:190} INFO - Escrito el xmltv del canal "Atreseries"
[2024-12-15T11:30:16.509+0000] {logging_mixin.py:190} INFO - Archivo actualizado correctamente.
[2024-12-15T11:30:16.526+0000] {python.py:240} INFO - Done. Returned value was: None
[2024-12-15T11:30:16.535+0000] {taskinstance.py:340} INFO - ::group::Post task execution logs
[2024-12-15T11:30:16.536+0000] {taskinstance.py:352} INFO - Marking task as SUCCESS. dag_id=a3media_schedule_scraper, task_id=scrape_a3media_task, run_id=scheduled__2024-12-15T05:30:00+00:00, execution_date=20241215T053000, start_date=20241215T113003, end_date=20241215T113016
[2024-12-15T11:30:16.602+0000] {local_task_job_runner.py:266} INFO - Task exited with return code 0
[2024-12-15T11:30:16.633+0000] {taskinstance.py:3895} INFO - 1 downstream tasks scheduled from follow-on schedule check
[2024-12-15T11:30:16.637+0000] {local_task_job_runner.py:245} INFO - ::endgroup::
