[2024-12-06T23:00:01.313+0000] {local_task_job_runner.py:123} INFO - ::group::Pre task execution logs
[2024-12-06T23:00:01.323+0000] {taskinstance.py:2613} INFO - Dependencies all met for dep_context=non-requeueable deps ti=<TaskInstance: a3media_schedule_scraper.scrape_a3media_task scheduled__2024-12-05T23:00:00+00:00 [queued]>
[2024-12-06T23:00:01.328+0000] {taskinstance.py:2613} INFO - Dependencies all met for dep_context=requeueable deps ti=<TaskInstance: a3media_schedule_scraper.scrape_a3media_task scheduled__2024-12-05T23:00:00+00:00 [queued]>
[2024-12-06T23:00:01.328+0000] {taskinstance.py:2866} INFO - Starting attempt 1 of 5
[2024-12-06T23:00:01.335+0000] {taskinstance.py:2889} INFO - Executing <Task(_PythonDecoratedOperator): scrape_a3media_task> on 2024-12-05 23:00:00+00:00
[2024-12-06T23:00:01.339+0000] {warnings.py:112} WARNING - /home/***/.local/lib/python3.12/site-packages/***/task/task_runner/standard_task_runner.py:70: DeprecationWarning: This process (pid=4976) is multi-threaded, use of fork() may lead to deadlocks in the child.
  pid = os.fork()

[2024-12-06T23:00:01.341+0000] {standard_task_runner.py:72} INFO - Started process 4980 to run task
[2024-12-06T23:00:01.341+0000] {standard_task_runner.py:104} INFO - Running: ['***', 'tasks', 'run', 'a3media_schedule_scraper', 'scrape_a3media_task', 'scheduled__2024-12-05T23:00:00+00:00', '--job-id', '1984', '--raw', '--subdir', 'DAGS_FOLDER/dag_atresmedia.py', '--cfg-path', '/tmp/tmphklc6m_i']
[2024-12-06T23:00:01.343+0000] {standard_task_runner.py:105} INFO - Job 1984: Subtask scrape_a3media_task
[2024-12-06T23:00:01.374+0000] {task_command.py:467} INFO - Running <TaskInstance: a3media_schedule_scraper.scrape_a3media_task scheduled__2024-12-05T23:00:00+00:00 [running]> on host b605548c7b8b
[2024-12-06T23:00:01.420+0000] {taskinstance.py:3132} INFO - Exporting env vars: AIRFLOW_CTX_DAG_OWNER='***' AIRFLOW_CTX_DAG_ID='a3media_schedule_scraper' AIRFLOW_CTX_TASK_ID='scrape_a3media_task' AIRFLOW_CTX_EXECUTION_DATE='2024-12-05T23:00:00+00:00' AIRFLOW_CTX_TRY_NUMBER='1' AIRFLOW_CTX_DAG_RUN_ID='scheduled__2024-12-05T23:00:00+00:00'
[2024-12-06T23:00:01.421+0000] {taskinstance.py:731} INFO - ::endgroup::
[2024-12-06T23:00:01.903+0000] {logging_mixin.py:190} INFO - Escrito el xmltv del canal "Antena 3"
[2024-12-06T23:00:05.199+0000] {logging_mixin.py:190} INFO - Error: 422 {"message": "Invalid request.\n\n\"sha\" wasn't supplied.", "documentation_url": "https://docs.github.com/rest/repos/contents#create-or-update-file-contents", "status": "422"}
[2024-12-06T23:00:05.530+0000] {logging_mixin.py:190} INFO - Escrito el xmltv del canal "laSexta"
[2024-12-06T23:00:09.009+0000] {logging_mixin.py:190} INFO - Error: 422 {"message": "Invalid request.\n\n\"sha\" wasn't supplied.", "documentation_url": "https://docs.github.com/rest/repos/contents#create-or-update-file-contents", "status": "422"}
[2024-12-06T23:00:09.344+0000] {logging_mixin.py:190} INFO - Escrito el xmltv del canal "Neox"
[2024-12-06T23:00:11.203+0000] {logging_mixin.py:190} INFO - Archivo actualizado correctamente.
[2024-12-06T23:00:11.461+0000] {logging_mixin.py:190} INFO - Escrito el xmltv del canal "Nova"
[2024-12-06T23:00:13.308+0000] {logging_mixin.py:190} INFO - Archivo actualizado correctamente.
[2024-12-06T23:00:13.710+0000] {logging_mixin.py:190} INFO - Escrito el xmltv del canal "Mega"
[2024-12-06T23:00:15.703+0000] {logging_mixin.py:190} INFO - Archivo actualizado correctamente.
[2024-12-06T23:00:15.839+0000] {logging_mixin.py:190} INFO - Escrito el xmltv del canal "Atreseries"
[2024-12-06T23:00:17.671+0000] {logging_mixin.py:190} INFO - Archivo actualizado correctamente.
[2024-12-06T23:00:17.672+0000] {python.py:240} INFO - Done. Returned value was: None
[2024-12-06T23:00:17.682+0000] {taskinstance.py:340} INFO - ::group::Post task execution logs
[2024-12-06T23:00:17.683+0000] {taskinstance.py:352} INFO - Marking task as SUCCESS. dag_id=a3media_schedule_scraper, task_id=scrape_a3media_task, run_id=scheduled__2024-12-05T23:00:00+00:00, execution_date=20241205T230000, start_date=20241206T230001, end_date=20241206T230017
[2024-12-06T23:00:17.704+0000] {local_task_job_runner.py:266} INFO - Task exited with return code 0
[2024-12-06T23:00:17.717+0000] {taskinstance.py:3895} INFO - 1 downstream tasks scheduled from follow-on schedule check
[2024-12-06T23:00:17.718+0000] {local_task_job_runner.py:245} INFO - ::endgroup::
