[2024-12-04T18:59:57.857+0000] {local_task_job_runner.py:123} INFO - ::group::Pre task execution logs
[2024-12-04T18:59:57.865+0000] {taskinstance.py:2613} INFO - Dependencies all met for dep_context=non-requeueable deps ti=<TaskInstance: mitele_schedule_scraper.scrape_mitele_schedule manual__2024-12-04T18:59:56.527603+00:00 [queued]>
[2024-12-04T18:59:57.870+0000] {taskinstance.py:2613} INFO - Dependencies all met for dep_context=requeueable deps ti=<TaskInstance: mitele_schedule_scraper.scrape_mitele_schedule manual__2024-12-04T18:59:56.527603+00:00 [queued]>
[2024-12-04T18:59:57.870+0000] {taskinstance.py:2866} INFO - Starting attempt 1 of 2
[2024-12-04T18:59:57.877+0000] {taskinstance.py:2889} INFO - Executing <Task(PythonOperator): scrape_mitele_schedule> on 2024-12-04 18:59:56.527603+00:00
[2024-12-04T18:59:57.880+0000] {warnings.py:112} WARNING - /home/***/.local/lib/python3.12/site-packages/***/task/task_runner/standard_task_runner.py:70: DeprecationWarning: This process (pid=114) is multi-threaded, use of fork() may lead to deadlocks in the child.
  pid = os.fork()

[2024-12-04T18:59:57.881+0000] {standard_task_runner.py:72} INFO - Started process 115 to run task
[2024-12-04T18:59:57.881+0000] {standard_task_runner.py:104} INFO - Running: ['***', 'tasks', 'run', 'mitele_schedule_scraper', 'scrape_mitele_schedule', 'manual__2024-12-04T18:59:56.527603+00:00', '--job-id', '463', '--raw', '--subdir', 'DAGS_FOLDER/dag_mitele.py', '--cfg-path', '/tmp/tmpd1iq2j_s']
[2024-12-04T18:59:57.883+0000] {standard_task_runner.py:105} INFO - Job 463: Subtask scrape_mitele_schedule
[2024-12-04T18:59:57.904+0000] {task_command.py:467} INFO - Running <TaskInstance: mitele_schedule_scraper.scrape_mitele_schedule manual__2024-12-04T18:59:56.527603+00:00 [running]> on host d88abb179e8d
[2024-12-04T18:59:57.943+0000] {taskinstance.py:3132} INFO - Exporting env vars: AIRFLOW_CTX_DAG_OWNER='***' AIRFLOW_CTX_DAG_ID='mitele_schedule_scraper' AIRFLOW_CTX_TASK_ID='scrape_mitele_schedule' AIRFLOW_CTX_EXECUTION_DATE='2024-12-04T18:59:56.527603+00:00' AIRFLOW_CTX_TRY_NUMBER='1' AIRFLOW_CTX_DAG_RUN_ID='manual__2024-12-04T18:59:56.527603+00:00'
[2024-12-04T18:59:57.944+0000] {taskinstance.py:731} INFO - ::endgroup::
[2024-12-04T19:00:02.126+0000] {logging_mixin.py:190} INFO - canales: dict_keys(['telecinco', 'cuatro', 'gh-24h-plus', 'gh-24h', 'mitele-en-la-calle', 'mitele-viajes', 'mitele-plus-lqsa', 'mitele-comedia', 'mitele-top-series', 'divinity', 'fdf', 'energy', 'bemad', 'boing', 'acontraplus', 'fight-sports', 'mtmad-24h'])
[2024-12-04T19:00:05.580+0000] {logging_mixin.py:190} INFO - canales: dict_keys(['telecinco', 'cuatro', 'gh-24h-plus', 'gh-24h', 'mitele-en-la-calle', 'mitele-viajes', 'mitele-plus-lqsa', 'mitele-comedia', 'mitele-top-series', 'divinity', 'fdf', 'energy', 'bemad', 'boing', 'acontraplus', 'fight-sports', 'mtmad-24h'])
[2024-12-04T19:00:08.939+0000] {logging_mixin.py:190} INFO - canales: dict_keys(['telecinco', 'cuatro', 'gh-24h-plus', 'gh-24h', 'mitele-en-la-calle', 'mitele-viajes', 'mitele-plus-lqsa', 'mitele-comedia', 'mitele-top-series', 'divinity', 'fdf', 'energy', 'bemad', 'boing', 'acontraplus', 'fight-sports', 'mtmad-24h'])
[2024-12-04T19:00:08.941+0000] {logging_mixin.py:190} INFO - Generando XML para el canal Telecinco
[2024-12-04T19:00:08.945+0000] {logging_mixin.py:190} INFO - Escrito el xmltv del canal "Telecinco"
[2024-12-04T19:00:13.680+0000] {logging_mixin.py:190} INFO - [INFO] Archivo subido correctamente
[2024-12-04T19:00:13.680+0000] {logging_mixin.py:190} INFO - Generando XML para el canal Cuatro
[2024-12-04T19:00:13.683+0000] {logging_mixin.py:190} INFO - Escrito el xmltv del canal "Cuatro"
[2024-12-04T19:00:22.231+0000] {logging_mixin.py:190} INFO - [INFO] Archivo subido correctamente
[2024-12-04T19:00:22.232+0000] {logging_mixin.py:190} INFO - Generando XML para el canal Gh_24h_plus
[2024-12-04T19:00:22.235+0000] {logging_mixin.py:190} INFO - Escrito el xmltv del canal "Gh_24h_plus"
[2024-12-04T19:00:25.735+0000] {logging_mixin.py:190} INFO - [INFO] Archivo subido correctamente
[2024-12-04T19:00:25.735+0000] {logging_mixin.py:190} INFO - Generando XML para el canal Gh_24h
[2024-12-04T19:00:25.738+0000] {logging_mixin.py:190} INFO - Escrito el xmltv del canal "Gh_24h"
[2024-12-04T19:00:36.949+0000] {logging_mixin.py:190} INFO - [INFO] Archivo subido correctamente
[2024-12-04T19:00:36.949+0000] {logging_mixin.py:190} INFO - Generando XML para el canal Mitele_en_la_calle
[2024-12-04T19:00:36.952+0000] {logging_mixin.py:190} INFO - Escrito el xmltv del canal "Mitele_en_la_calle"
[2024-12-04T19:00:45.613+0000] {logging_mixin.py:190} INFO - [INFO] Archivo subido correctamente
[2024-12-04T19:00:45.614+0000] {logging_mixin.py:190} INFO - Generando XML para el canal Mitele_viajes
[2024-12-04T19:00:45.618+0000] {logging_mixin.py:190} INFO - Escrito el xmltv del canal "Mitele_viajes"
[2024-12-04T19:00:49.889+0000] {logging_mixin.py:190} INFO - [INFO] Archivo subido correctamente
[2024-12-04T19:00:49.889+0000] {logging_mixin.py:190} INFO - Generando XML para el canal Mitele_plus_lqsa
[2024-12-04T19:00:49.891+0000] {logging_mixin.py:190} INFO - Escrito el xmltv del canal "Mitele_plus_lqsa"
[2024-12-04T19:00:54.755+0000] {logging_mixin.py:190} INFO - [INFO] Archivo subido correctamente
[2024-12-04T19:00:54.756+0000] {logging_mixin.py:190} INFO - Generando XML para el canal Mitele_comedia
[2024-12-04T19:00:54.760+0000] {logging_mixin.py:190} INFO - Escrito el xmltv del canal "Mitele_comedia"
[2024-12-04T19:00:58.918+0000] {logging_mixin.py:190} INFO - [INFO] Archivo subido correctamente
[2024-12-04T19:00:58.919+0000] {logging_mixin.py:190} INFO - Generando XML para el canal Mitele_top_series
[2024-12-04T19:00:58.922+0000] {logging_mixin.py:190} INFO - Escrito el xmltv del canal "Mitele_top_series"
[2024-12-04T19:01:01.706+0000] {logging_mixin.py:190} INFO - [INFO] Archivo subido correctamente
[2024-12-04T19:01:01.707+0000] {logging_mixin.py:190} INFO - Generando XML para el canal Divinity
[2024-12-04T19:01:01.712+0000] {logging_mixin.py:190} INFO - Escrito el xmltv del canal "Divinity"
[2024-12-04T19:01:04.398+0000] {logging_mixin.py:190} INFO - [INFO] Archivo subido correctamente
[2024-12-04T19:01:04.398+0000] {logging_mixin.py:190} INFO - Generando XML para el canal Fdf
[2024-12-04T19:01:04.402+0000] {logging_mixin.py:190} INFO - Escrito el xmltv del canal "Fdf"
[2024-12-04T19:01:14.342+0000] {logging_mixin.py:190} INFO - [INFO] Archivo subido correctamente
[2024-12-04T19:01:14.343+0000] {logging_mixin.py:190} INFO - Generando XML para el canal Energy
[2024-12-04T19:01:14.346+0000] {logging_mixin.py:190} INFO - Escrito el xmltv del canal "Energy"
[2024-12-04T19:01:28.644+0000] {logging_mixin.py:190} INFO - [INFO] Archivo subido correctamente
[2024-12-04T19:01:28.644+0000] {logging_mixin.py:190} INFO - Generando XML para el canal Bemad
[2024-12-04T19:01:28.646+0000] {logging_mixin.py:190} INFO - Escrito el xmltv del canal "Bemad"
[2024-12-04T19:01:40.112+0000] {logging_mixin.py:190} INFO - [INFO] Archivo subido correctamente
[2024-12-04T19:01:40.113+0000] {logging_mixin.py:190} INFO - Generando XML para el canal Boing
[2024-12-04T19:01:40.119+0000] {logging_mixin.py:190} INFO - Escrito el xmltv del canal "Boing"
[2024-12-04T19:01:46.275+0000] {logging_mixin.py:190} INFO - [INFO] Archivo subido correctamente
[2024-12-04T19:01:46.276+0000] {logging_mixin.py:190} INFO - Generando XML para el canal Acontraplus
[2024-12-04T19:01:46.279+0000] {logging_mixin.py:190} INFO - Escrito el xmltv del canal "Acontraplus"
[2024-12-04T19:01:49.382+0000] {logging_mixin.py:190} INFO - [INFO] Archivo subido correctamente
[2024-12-04T19:01:49.382+0000] {logging_mixin.py:190} INFO - Generando XML para el canal Fight_sports
[2024-12-04T19:01:49.387+0000] {logging_mixin.py:190} INFO - Escrito el xmltv del canal "Fight_sports"
[2024-12-04T19:01:57.748+0000] {logging_mixin.py:190} INFO - [INFO] Archivo subido correctamente
[2024-12-04T19:01:57.748+0000] {logging_mixin.py:190} INFO - Generando XML para el canal Mtmad_24h
[2024-12-04T19:01:57.752+0000] {logging_mixin.py:190} INFO - Escrito el xmltv del canal "Mtmad_24h"
[2024-12-04T19:02:01.207+0000] {logging_mixin.py:190} INFO - [INFO] Archivo subido correctamente
[2024-12-04T19:02:01.208+0000] {python.py:240} INFO - Done. Returned value was: None
[2024-12-04T19:02:01.213+0000] {taskinstance.py:340} INFO - ::group::Post task execution logs
[2024-12-04T19:02:01.214+0000] {taskinstance.py:352} INFO - Marking task as SUCCESS. dag_id=mitele_schedule_scraper, task_id=scrape_mitele_schedule, run_id=manual__2024-12-04T18:59:56.527603+00:00, execution_date=20241204T185956, start_date=20241204T185957, end_date=20241204T190201
[2024-12-04T19:02:01.239+0000] {local_task_job_runner.py:266} INFO - Task exited with return code 0
[2024-12-04T19:02:01.247+0000] {taskinstance.py:3895} INFO - 0 downstream tasks scheduled from follow-on schedule check
[2024-12-04T19:02:01.248+0000] {local_task_job_runner.py:245} INFO - ::endgroup::
