[2024-12-04T12:38:26.087+0000] {local_task_job_runner.py:123} INFO - ::group::Pre task execution logs
[2024-12-04T12:38:26.096+0000] {taskinstance.py:2613} INFO - Dependencies all met for dep_context=non-requeueable deps ti=<TaskInstance: rtve_schedule_scraper_v2.scrape_rtve_schedule_v2 manual__2024-12-04T12:38:24.832606+00:00 [queued]>
[2024-12-04T12:38:26.101+0000] {taskinstance.py:2613} INFO - Dependencies all met for dep_context=requeueable deps ti=<TaskInstance: rtve_schedule_scraper_v2.scrape_rtve_schedule_v2 manual__2024-12-04T12:38:24.832606+00:00 [queued]>
[2024-12-04T12:38:26.101+0000] {taskinstance.py:2866} INFO - Starting attempt 1 of 2
[2024-12-04T12:38:26.108+0000] {taskinstance.py:2889} INFO - Executing <Task(PythonOperator): scrape_rtve_schedule_v2> on 2024-12-04 12:38:24.832606+00:00
[2024-12-04T12:38:26.112+0000] {warnings.py:112} WARNING - /home/***/.local/lib/python3.12/site-packages/***/task/task_runner/standard_task_runner.py:70: DeprecationWarning: This process (pid=115) is multi-threaded, use of fork() may lead to deadlocks in the child.
  pid = os.fork()

[2024-12-04T12:38:26.113+0000] {standard_task_runner.py:72} INFO - Started process 118 to run task
[2024-12-04T12:38:26.113+0000] {standard_task_runner.py:104} INFO - Running: ['***', 'tasks', 'run', 'rtve_schedule_scraper_v2', 'scrape_rtve_schedule_v2', 'manual__2024-12-04T12:38:24.832606+00:00', '--job-id', '405', '--raw', '--subdir', 'DAGS_FOLDER/dag_rtvev2.py', '--cfg-path', '/tmp/tmp5527_9q6']
[2024-12-04T12:38:26.114+0000] {standard_task_runner.py:105} INFO - Job 405: Subtask scrape_rtve_schedule_v2
[2024-12-04T12:38:26.142+0000] {task_command.py:467} INFO - Running <TaskInstance: rtve_schedule_scraper_v2.scrape_rtve_schedule_v2 manual__2024-12-04T12:38:24.832606+00:00 [running]> on host d88abb179e8d
[2024-12-04T12:38:26.191+0000] {taskinstance.py:3132} INFO - Exporting env vars: AIRFLOW_CTX_DAG_OWNER='***' AIRFLOW_CTX_DAG_ID='rtve_schedule_scraper_v2' AIRFLOW_CTX_TASK_ID='scrape_rtve_schedule_v2' AIRFLOW_CTX_EXECUTION_DATE='2024-12-04T12:38:24.832606+00:00' AIRFLOW_CTX_TRY_NUMBER='1' AIRFLOW_CTX_DAG_RUN_ID='manual__2024-12-04T12:38:24.832606+00:00'
[2024-12-04T12:38:26.192+0000] {taskinstance.py:731} INFO - ::endgroup::
[2024-12-04T12:38:28.127+0000] {logging_mixin.py:190} INFO - Archivo actualizado correctamente. {'commit': Commit(sha="74db1dbd7446d7e0d24e782d87ec2a5d9f92deed"), 'content': ContentFile(path="channels/La 1.xml")}
[2024-12-04T12:38:28.128+0000] {logging_mixin.py:190} INFO - Escrito el xmltv del canal "La 1"
[2024-12-04T12:38:29.921+0000] {logging_mixin.py:190} INFO - Archivo actualizado correctamente. {'commit': Commit(sha="795873fb8c2a65ce2f70e26ab5d5d2a4bba88a58"), 'content': ContentFile(path="channels/La 2.xml")}
[2024-12-04T12:38:29.921+0000] {logging_mixin.py:190} INFO - Escrito el xmltv del canal "La 2"
[2024-12-04T12:38:31.863+0000] {logging_mixin.py:190} INFO - Archivo actualizado correctamente. {'commit': Commit(sha="d526f5b1158188dfead379844a839c3cbf3a77f1"), 'content': ContentFile(path="channels/Teledeporte.xml")}
[2024-12-04T12:38:31.864+0000] {logging_mixin.py:190} INFO - Escrito el xmltv del canal "Teledeporte"
[2024-12-04T12:38:33.704+0000] {logging_mixin.py:190} INFO - Archivo actualizado correctamente. {'commit': Commit(sha="43eefe89083ea817446f33d9b3809fb183ccd71e"), 'content': ContentFile(path="channels/24 horas.xml")}
[2024-12-04T12:38:33.704+0000] {logging_mixin.py:190} INFO - Escrito el xmltv del canal "24 horas"
[2024-12-04T12:38:35.598+0000] {logging_mixin.py:190} INFO - Archivo actualizado correctamente. {'commit': Commit(sha="251f42a862647b89e562476663f290886ef6e96d"), 'content': ContentFile(path="channels/Clan.xml")}
[2024-12-04T12:38:35.599+0000] {logging_mixin.py:190} INFO - Escrito el xmltv del canal "Clan"
[2024-12-04T12:38:35.599+0000] {taskinstance.py:3311} ERROR - Task failed with exception
Traceback (most recent call last):
  File "/home/airflow/.local/lib/python3.12/site-packages/airflow/models/taskinstance.py", line 767, in _execute_task
    result = _execute_callable(context=context, **execute_callable_kwargs)
             ^^^^^^^^^^^^^^^^^^^^^^^^^^^^^^^^^^^^^^^^^^^^^^^^^^^^^^^^^^^^^
  File "/home/airflow/.local/lib/python3.12/site-packages/airflow/models/taskinstance.py", line 733, in _execute_callable
    return ExecutionCallableRunner(
           ^^^^^^^^^^^^^^^^^^^^^^^^
  File "/home/airflow/.local/lib/python3.12/site-packages/airflow/utils/operator_helpers.py", line 252, in run
    return self.func(*args, **kwargs)
           ^^^^^^^^^^^^^^^^^^^^^^^^^^
  File "/home/airflow/.local/lib/python3.12/site-packages/airflow/models/baseoperator.py", line 417, in wrapper
    return func(self, *args, **kwargs)
           ^^^^^^^^^^^^^^^^^^^^^^^^^^^
  File "/home/airflow/.local/lib/python3.12/site-packages/airflow/operators/python.py", line 238, in execute
    return_value = self.execute_callable()
                   ^^^^^^^^^^^^^^^^^^^^^^^
  File "/home/airflow/.local/lib/python3.12/site-packages/airflow/operators/python.py", line 256, in execute_callable
    return runner.run(*self.op_args, **self.op_kwargs)
           ^^^^^^^^^^^^^^^^^^^^^^^^^^^^^^^^^^^^^^^^^^^
  File "/home/airflow/.local/lib/python3.12/site-packages/airflow/utils/operator_helpers.py", line 252, in run
    return self.func(*args, **kwargs)
           ^^^^^^^^^^^^^^^^^^^^^^^^^^
  File "/opt/airflow/dags/dag_rtvev2.py", line 87, in scrape_rtve_schedule
    driver.quit()
    ^^^^^^
NameError: name 'driver' is not defined
[2024-12-04T12:38:35.611+0000] {taskinstance.py:1225} INFO - Marking task as UP_FOR_RETRY. dag_id=rtve_schedule_scraper_v2, task_id=scrape_rtve_schedule_v2, run_id=manual__2024-12-04T12:38:24.832606+00:00, execution_date=20241204T123824, start_date=20241204T123826, end_date=20241204T123835
[2024-12-04T12:38:35.621+0000] {taskinstance.py:340} INFO - ::group::Post task execution logs
[2024-12-04T12:38:35.622+0000] {standard_task_runner.py:124} ERROR - Failed to execute job 405 for task scrape_rtve_schedule_v2 (name 'driver' is not defined; 118)
Traceback (most recent call last):
  File "/home/airflow/.local/lib/python3.12/site-packages/airflow/task/task_runner/standard_task_runner.py", line 117, in _start_by_fork
    ret = args.func(args, dag=self.dag)
          ^^^^^^^^^^^^^^^^^^^^^^^^^^^^^
  File "/home/airflow/.local/lib/python3.12/site-packages/airflow/cli/cli_config.py", line 49, in command
    return func(*args, **kwargs)
           ^^^^^^^^^^^^^^^^^^^^^
  File "/home/airflow/.local/lib/python3.12/site-packages/airflow/utils/cli.py", line 116, in wrapper
    return f(*args, **kwargs)
           ^^^^^^^^^^^^^^^^^^
  File "/home/airflow/.local/lib/python3.12/site-packages/airflow/cli/commands/task_command.py", line 483, in task_run
    task_return_code = _run_task_by_selected_method(args, _dag, ti)
                       ^^^^^^^^^^^^^^^^^^^^^^^^^^^^^^^^^^^^^^^^^^^^
  File "/home/airflow/.local/lib/python3.12/site-packages/airflow/cli/commands/task_command.py", line 256, in _run_task_by_selected_method
    return _run_raw_task(args, ti)
           ^^^^^^^^^^^^^^^^^^^^^^^
  File "/home/airflow/.local/lib/python3.12/site-packages/airflow/cli/commands/task_command.py", line 341, in _run_raw_task
    return ti._run_raw_task(
           ^^^^^^^^^^^^^^^^^
  File "/home/airflow/.local/lib/python3.12/site-packages/airflow/utils/session.py", line 97, in wrapper
    return func(*args, session=session, **kwargs)
           ^^^^^^^^^^^^^^^^^^^^^^^^^^^^^^^^^^^^^^
  File "/home/airflow/.local/lib/python3.12/site-packages/airflow/models/taskinstance.py", line 3005, in _run_raw_task
    return _run_raw_task(
           ^^^^^^^^^^^^^^
  File "/home/airflow/.local/lib/python3.12/site-packages/airflow/models/taskinstance.py", line 273, in _run_raw_task
    TaskInstance._execute_task_with_callbacks(
  File "/home/airflow/.local/lib/python3.12/site-packages/airflow/models/taskinstance.py", line 3159, in _execute_task_with_callbacks
    result = self._execute_task(context, task_orig)
             ^^^^^^^^^^^^^^^^^^^^^^^^^^^^^^^^^^^^^^
  File "/home/airflow/.local/lib/python3.12/site-packages/airflow/models/taskinstance.py", line 3183, in _execute_task
    return _execute_task(self, context, task_orig)
           ^^^^^^^^^^^^^^^^^^^^^^^^^^^^^^^^^^^^^^^
  File "/home/airflow/.local/lib/python3.12/site-packages/airflow/models/taskinstance.py", line 767, in _execute_task
    result = _execute_callable(context=context, **execute_callable_kwargs)
             ^^^^^^^^^^^^^^^^^^^^^^^^^^^^^^^^^^^^^^^^^^^^^^^^^^^^^^^^^^^^^
  File "/home/airflow/.local/lib/python3.12/site-packages/airflow/models/taskinstance.py", line 733, in _execute_callable
    return ExecutionCallableRunner(
           ^^^^^^^^^^^^^^^^^^^^^^^^
  File "/home/airflow/.local/lib/python3.12/site-packages/airflow/utils/operator_helpers.py", line 252, in run
    return self.func(*args, **kwargs)
           ^^^^^^^^^^^^^^^^^^^^^^^^^^
  File "/home/airflow/.local/lib/python3.12/site-packages/airflow/models/baseoperator.py", line 417, in wrapper
    return func(self, *args, **kwargs)
           ^^^^^^^^^^^^^^^^^^^^^^^^^^^
  File "/home/airflow/.local/lib/python3.12/site-packages/airflow/operators/python.py", line 238, in execute
    return_value = self.execute_callable()
                   ^^^^^^^^^^^^^^^^^^^^^^^
  File "/home/airflow/.local/lib/python3.12/site-packages/airflow/operators/python.py", line 256, in execute_callable
    return runner.run(*self.op_args, **self.op_kwargs)
           ^^^^^^^^^^^^^^^^^^^^^^^^^^^^^^^^^^^^^^^^^^^
  File "/home/airflow/.local/lib/python3.12/site-packages/airflow/utils/operator_helpers.py", line 252, in run
    return self.func(*args, **kwargs)
           ^^^^^^^^^^^^^^^^^^^^^^^^^^
  File "/opt/airflow/dags/dag_rtvev2.py", line 87, in scrape_rtve_schedule
    driver.quit()
    ^^^^^^
NameError: name 'driver' is not defined
[2024-12-04T12:38:35.656+0000] {local_task_job_runner.py:266} INFO - Task exited with return code 1
[2024-12-04T12:38:35.667+0000] {taskinstance.py:3895} INFO - 0 downstream tasks scheduled from follow-on schedule check
[2024-12-04T12:38:35.668+0000] {local_task_job_runner.py:245} INFO - ::endgroup::
