[2024-12-23T11:30:00.912+0000] {local_task_job_runner.py:123} INFO - ::group::Pre task execution logs
[2024-12-23T11:30:00.921+0000] {taskinstance.py:2613} INFO - Dependencies all met for dep_context=non-requeueable deps ti=<TaskInstance: mediaset_schedule_scraper.scrape_mediaset_schedule scheduled__2024-12-23T05:30:00+00:00 [queued]>
[2024-12-23T11:30:00.926+0000] {taskinstance.py:2613} INFO - Dependencies all met for dep_context=requeueable deps ti=<TaskInstance: mediaset_schedule_scraper.scrape_mediaset_schedule scheduled__2024-12-23T05:30:00+00:00 [queued]>
[2024-12-23T11:30:00.927+0000] {taskinstance.py:2866} INFO - Starting attempt 1 of 5
[2024-12-23T11:30:00.935+0000] {taskinstance.py:2889} INFO - Executing <Task(_PythonDecoratedOperator): scrape_mediaset_schedule> on 2024-12-23 05:30:00+00:00
[2024-12-23T11:30:00.941+0000] {warnings.py:112} WARNING - /home/***/.local/lib/python3.12/site-packages/***/task/task_runner/standard_task_runner.py:70: DeprecationWarning: This process (pid=1530) is multi-threaded, use of fork() may lead to deadlocks in the child.
  pid = os.fork()

[2024-12-23T11:30:00.944+0000] {standard_task_runner.py:72} INFO - Started process 1539 to run task
[2024-12-23T11:30:00.944+0000] {standard_task_runner.py:104} INFO - Running: ['***', 'tasks', 'run', 'mediaset_schedule_scraper', 'scrape_mediaset_schedule', 'scheduled__2024-12-23T05:30:00+00:00', '--job-id', '2660', '--raw', '--subdir', 'DAGS_FOLDER/dag_mediaset.py', '--cfg-path', '/tmp/tmpnvr8evh9']
[2024-12-23T11:30:00.945+0000] {standard_task_runner.py:105} INFO - Job 2660: Subtask scrape_mediaset_schedule
[2024-12-23T11:30:00.975+0000] {task_command.py:467} INFO - Running <TaskInstance: mediaset_schedule_scraper.scrape_mediaset_schedule scheduled__2024-12-23T05:30:00+00:00 [running]> on host b605548c7b8b
[2024-12-23T11:30:01.026+0000] {taskinstance.py:3132} INFO - Exporting env vars: AIRFLOW_CTX_DAG_OWNER='***' AIRFLOW_CTX_DAG_ID='mediaset_schedule_scraper' AIRFLOW_CTX_TASK_ID='scrape_mediaset_schedule' AIRFLOW_CTX_EXECUTION_DATE='2024-12-23T05:30:00+00:00' AIRFLOW_CTX_TRY_NUMBER='1' AIRFLOW_CTX_DAG_RUN_ID='scheduled__2024-12-23T05:30:00+00:00'
[2024-12-23T11:30:01.027+0000] {taskinstance.py:731} INFO - ::endgroup::
[2024-12-23T11:30:07.135+0000] {logging_mixin.py:190} INFO - Generando XML para el canal Telecinco
[2024-12-23T11:30:07.138+0000] {logging_mixin.py:190} INFO - Escrito el xml del canal "Telecinco"
[2024-12-23T11:30:09.075+0000] {logging_mixin.py:190} INFO - Archivo actualizado correctamente.
[2024-12-23T11:30:09.076+0000] {logging_mixin.py:190} INFO - Generando XML para el canal Cuatro
[2024-12-23T11:30:09.079+0000] {logging_mixin.py:190} INFO - Escrito el xml del canal "Cuatro"
[2024-12-23T11:30:10.792+0000] {logging_mixin.py:190} INFO - Archivo actualizado correctamente.
[2024-12-23T11:30:10.793+0000] {logging_mixin.py:190} INFO - Generando XML para el canal Mitele en la calle
[2024-12-23T11:30:10.797+0000] {logging_mixin.py:190} INFO - Escrito el xml del canal "Mitele en la calle"
[2024-12-23T11:30:12.684+0000] {logging_mixin.py:190} INFO - Archivo actualizado correctamente.
[2024-12-23T11:30:12.685+0000] {logging_mixin.py:190} INFO - Generando XML para el canal Mitele viajes
[2024-12-23T11:30:12.688+0000] {logging_mixin.py:190} INFO - Escrito el xml del canal "Mitele viajes"
[2024-12-23T11:30:14.476+0000] {logging_mixin.py:190} INFO - Archivo actualizado correctamente.
[2024-12-23T11:30:14.477+0000] {logging_mixin.py:190} INFO - Generando XML para el canal Mitele plus lqsa
[2024-12-23T11:30:14.484+0000] {logging_mixin.py:190} INFO - Escrito el xml del canal "Mitele plus lqsa"
[2024-12-23T11:30:16.298+0000] {logging_mixin.py:190} INFO - Archivo actualizado correctamente.
[2024-12-23T11:30:16.298+0000] {logging_mixin.py:190} INFO - Generando XML para el canal Mitele comedia
[2024-12-23T11:30:16.301+0000] {logging_mixin.py:190} INFO - Escrito el xml del canal "Mitele comedia"
[2024-12-23T11:30:18.054+0000] {logging_mixin.py:190} INFO - Archivo actualizado correctamente.
[2024-12-23T11:30:18.055+0000] {logging_mixin.py:190} INFO - Generando XML para el canal Mitele top series
[2024-12-23T11:30:18.058+0000] {logging_mixin.py:190} INFO - Escrito el xml del canal "Mitele top series"
[2024-12-23T11:30:19.753+0000] {logging_mixin.py:190} INFO - Archivo actualizado correctamente.
[2024-12-23T11:30:19.753+0000] {logging_mixin.py:190} INFO - Generando XML para el canal Divinity
[2024-12-23T11:30:19.757+0000] {logging_mixin.py:190} INFO - Escrito el xml del canal "Divinity"
[2024-12-23T11:30:21.746+0000] {logging_mixin.py:190} INFO - Archivo actualizado correctamente.
[2024-12-23T11:30:21.747+0000] {logging_mixin.py:190} INFO - Generando XML para el canal Fdf
[2024-12-23T11:30:21.749+0000] {logging_mixin.py:190} INFO - Escrito el xml del canal "Fdf"
[2024-12-23T11:30:23.588+0000] {logging_mixin.py:190} INFO - Archivo actualizado correctamente.
[2024-12-23T11:30:23.589+0000] {logging_mixin.py:190} INFO - Generando XML para el canal Energy
[2024-12-23T11:30:23.592+0000] {logging_mixin.py:190} INFO - Escrito el xml del canal "Energy"
[2024-12-23T11:30:25.291+0000] {logging_mixin.py:190} INFO - Archivo actualizado correctamente.
[2024-12-23T11:30:25.291+0000] {logging_mixin.py:190} INFO - Generando XML para el canal Bemad
[2024-12-23T11:30:25.295+0000] {logging_mixin.py:190} INFO - Escrito el xml del canal "Bemad"
[2024-12-23T11:30:27.076+0000] {logging_mixin.py:190} INFO - Archivo actualizado correctamente.
[2024-12-23T11:30:27.076+0000] {logging_mixin.py:190} INFO - Generando XML para el canal Boing
[2024-12-23T11:30:27.082+0000] {logging_mixin.py:190} INFO - Escrito el xml del canal "Boing"
[2024-12-23T11:30:29.008+0000] {logging_mixin.py:190} INFO - Archivo actualizado correctamente.
[2024-12-23T11:30:29.009+0000] {logging_mixin.py:190} INFO - Generando XML para el canal Acontraplus
[2024-12-23T11:30:29.013+0000] {logging_mixin.py:190} INFO - Escrito el xml del canal "Acontraplus"
[2024-12-23T11:30:30.771+0000] {logging_mixin.py:190} INFO - Archivo actualizado correctamente.
[2024-12-23T11:30:30.772+0000] {logging_mixin.py:190} INFO - Generando XML para el canal Fight sports
[2024-12-23T11:30:30.776+0000] {logging_mixin.py:190} INFO - Escrito el xml del canal "Fight sports"
[2024-12-23T11:30:32.703+0000] {logging_mixin.py:190} INFO - Archivo actualizado correctamente.
[2024-12-23T11:30:32.704+0000] {logging_mixin.py:190} INFO - Generando XML para el canal Mtmad 24h
[2024-12-23T11:30:32.705+0000] {logging_mixin.py:190} INFO - Escrito el xml del canal "Mtmad 24h"
[2024-12-23T11:30:34.411+0000] {logging_mixin.py:190} INFO - Archivo actualizado correctamente.
[2024-12-23T11:30:34.413+0000] {python.py:240} INFO - Done. Returned value was: None
[2024-12-23T11:30:34.423+0000] {taskinstance.py:340} INFO - ::group::Post task execution logs
[2024-12-23T11:30:34.424+0000] {taskinstance.py:352} INFO - Marking task as SUCCESS. dag_id=mediaset_schedule_scraper, task_id=scrape_mediaset_schedule, run_id=scheduled__2024-12-23T05:30:00+00:00, execution_date=20241223T053000, start_date=20241223T113000, end_date=20241223T113034
[2024-12-23T11:30:34.452+0000] {local_task_job_runner.py:266} INFO - Task exited with return code 0
[2024-12-23T11:30:34.464+0000] {taskinstance.py:3895} INFO - 1 downstream tasks scheduled from follow-on schedule check
[2024-12-23T11:30:34.465+0000] {local_task_job_runner.py:245} INFO - ::endgroup::
