[2024-12-02T15:55:34.790+0000] {local_task_job_runner.py:123} INFO - ::group::Pre task execution logs
[2024-12-02T15:55:34.799+0000] {taskinstance.py:2613} INFO - Dependencies all met for dep_context=non-requeueable deps ti=<TaskInstance: tv_schedule_scraper.scrape_tv_schedule manual__2024-12-02T15:50:28.642808+00:00 [queued]>
[2024-12-02T15:55:34.803+0000] {taskinstance.py:2613} INFO - Dependencies all met for dep_context=requeueable deps ti=<TaskInstance: tv_schedule_scraper.scrape_tv_schedule manual__2024-12-02T15:50:28.642808+00:00 [queued]>
[2024-12-02T15:55:34.803+0000] {taskinstance.py:2866} INFO - Starting attempt 2 of 2
[2024-12-02T15:55:34.810+0000] {taskinstance.py:2889} INFO - Executing <Task(PythonOperator): scrape_tv_schedule> on 2024-12-02 15:50:28.642808+00:00
[2024-12-02T15:55:34.813+0000] {warnings.py:112} WARNING - /home/***/.local/lib/python3.12/site-packages/***/task/task_runner/standard_task_runner.py:70: DeprecationWarning: This process (pid=122) is multi-threaded, use of fork() may lead to deadlocks in the child.
  pid = os.fork()

[2024-12-02T15:55:34.814+0000] {standard_task_runner.py:72} INFO - Started process 123 to run task
[2024-12-02T15:55:34.814+0000] {standard_task_runner.py:104} INFO - Running: ['***', 'tasks', 'run', 'tv_schedule_scraper', 'scrape_tv_schedule', 'manual__2024-12-02T15:50:28.642808+00:00', '--job-id', '244', '--raw', '--subdir', 'DAGS_FOLDER/dag_rtve.py', '--cfg-path', '/tmp/tmp8s1g8ahj']
[2024-12-02T15:55:34.816+0000] {standard_task_runner.py:105} INFO - Job 244: Subtask scrape_tv_schedule
[2024-12-02T15:55:34.839+0000] {task_command.py:467} INFO - Running <TaskInstance: tv_schedule_scraper.scrape_tv_schedule manual__2024-12-02T15:50:28.642808+00:00 [running]> on host c2dfb6fa46f1
[2024-12-02T15:55:34.874+0000] {taskinstance.py:3132} INFO - Exporting env vars: AIRFLOW_CTX_DAG_OWNER='***' AIRFLOW_CTX_DAG_ID='tv_schedule_scraper' AIRFLOW_CTX_TASK_ID='scrape_tv_schedule' AIRFLOW_CTX_EXECUTION_DATE='2024-12-02T15:50:28.642808+00:00' AIRFLOW_CTX_TRY_NUMBER='2' AIRFLOW_CTX_DAG_RUN_ID='manual__2024-12-02T15:50:28.642808+00:00'
[2024-12-02T15:55:34.875+0000] {taskinstance.py:731} INFO - ::endgroup::
[2024-12-02T15:55:34.883+0000] {taskinstance.py:3311} ERROR - Task failed with exception
Traceback (most recent call last):
  File "/home/airflow/.local/lib/python3.12/site-packages/airflow/models/taskinstance.py", line 767, in _execute_task
    result = _execute_callable(context=context, **execute_callable_kwargs)
             ^^^^^^^^^^^^^^^^^^^^^^^^^^^^^^^^^^^^^^^^^^^^^^^^^^^^^^^^^^^^^
  File "/home/airflow/.local/lib/python3.12/site-packages/airflow/models/taskinstance.py", line 733, in _execute_callable
    return ExecutionCallableRunner(
           ^^^^^^^^^^^^^^^^^^^^^^^^
  File "/home/airflow/.local/lib/python3.12/site-packages/airflow/utils/operator_helpers.py", line 252, in run
    return self.func(*args, **kwargs)
           ^^^^^^^^^^^^^^^^^^^^^^^^^^
  File "/home/airflow/.local/lib/python3.12/site-packages/airflow/models/baseoperator.py", line 417, in wrapper
    return func(self, *args, **kwargs)
           ^^^^^^^^^^^^^^^^^^^^^^^^^^^
  File "/home/airflow/.local/lib/python3.12/site-packages/airflow/operators/python.py", line 238, in execute
    return_value = self.execute_callable()
                   ^^^^^^^^^^^^^^^^^^^^^^^
  File "/home/airflow/.local/lib/python3.12/site-packages/airflow/operators/python.py", line 256, in execute_callable
    return runner.run(*self.op_args, **self.op_kwargs)
           ^^^^^^^^^^^^^^^^^^^^^^^^^^^^^^^^^^^^^^^^^^^
  File "/home/airflow/.local/lib/python3.12/site-packages/airflow/utils/operator_helpers.py", line 252, in run
    return self.func(*args, **kwargs)
           ^^^^^^^^^^^^^^^^^^^^^^^^^^
  File "/opt/airflow/dags/dag_rtve.py", line 24, in scrape_tv_schedule
    locale.setlocale(locale.LC_TIME, 'es_ES.UTF-8')
  File "/usr/local/lib/python3.12/locale.py", line 615, in setlocale
    return _setlocale(category, locale)
           ^^^^^^^^^^^^^^^^^^^^^^^^^^^^
locale.Error: unsupported locale setting
[2024-12-02T15:55:34.889+0000] {taskinstance.py:1225} INFO - Marking task as FAILED. dag_id=tv_schedule_scraper, task_id=scrape_tv_schedule, run_id=manual__2024-12-02T15:50:28.642808+00:00, execution_date=20241202T155028, start_date=20241202T155534, end_date=20241202T155534
[2024-12-02T15:55:34.894+0000] {taskinstance.py:340} INFO - ::group::Post task execution logs
[2024-12-02T15:55:34.895+0000] {standard_task_runner.py:124} ERROR - Failed to execute job 244 for task scrape_tv_schedule (unsupported locale setting; 123)
Traceback (most recent call last):
  File "/home/airflow/.local/lib/python3.12/site-packages/airflow/task/task_runner/standard_task_runner.py", line 117, in _start_by_fork
    ret = args.func(args, dag=self.dag)
          ^^^^^^^^^^^^^^^^^^^^^^^^^^^^^
  File "/home/airflow/.local/lib/python3.12/site-packages/airflow/cli/cli_config.py", line 49, in command
    return func(*args, **kwargs)
           ^^^^^^^^^^^^^^^^^^^^^
  File "/home/airflow/.local/lib/python3.12/site-packages/airflow/utils/cli.py", line 116, in wrapper
    return f(*args, **kwargs)
           ^^^^^^^^^^^^^^^^^^
  File "/home/airflow/.local/lib/python3.12/site-packages/airflow/cli/commands/task_command.py", line 483, in task_run
    task_return_code = _run_task_by_selected_method(args, _dag, ti)
                       ^^^^^^^^^^^^^^^^^^^^^^^^^^^^^^^^^^^^^^^^^^^^
  File "/home/airflow/.local/lib/python3.12/site-packages/airflow/cli/commands/task_command.py", line 256, in _run_task_by_selected_method
    return _run_raw_task(args, ti)
           ^^^^^^^^^^^^^^^^^^^^^^^
  File "/home/airflow/.local/lib/python3.12/site-packages/airflow/cli/commands/task_command.py", line 341, in _run_raw_task
    return ti._run_raw_task(
           ^^^^^^^^^^^^^^^^^
  File "/home/airflow/.local/lib/python3.12/site-packages/airflow/utils/session.py", line 97, in wrapper
    return func(*args, session=session, **kwargs)
           ^^^^^^^^^^^^^^^^^^^^^^^^^^^^^^^^^^^^^^
  File "/home/airflow/.local/lib/python3.12/site-packages/airflow/models/taskinstance.py", line 3005, in _run_raw_task
    return _run_raw_task(
           ^^^^^^^^^^^^^^
  File "/home/airflow/.local/lib/python3.12/site-packages/airflow/models/taskinstance.py", line 273, in _run_raw_task
    TaskInstance._execute_task_with_callbacks(
  File "/home/airflow/.local/lib/python3.12/site-packages/airflow/models/taskinstance.py", line 3159, in _execute_task_with_callbacks
    result = self._execute_task(context, task_orig)
             ^^^^^^^^^^^^^^^^^^^^^^^^^^^^^^^^^^^^^^
  File "/home/airflow/.local/lib/python3.12/site-packages/airflow/models/taskinstance.py", line 3183, in _execute_task
    return _execute_task(self, context, task_orig)
           ^^^^^^^^^^^^^^^^^^^^^^^^^^^^^^^^^^^^^^^
  File "/home/airflow/.local/lib/python3.12/site-packages/airflow/models/taskinstance.py", line 767, in _execute_task
    result = _execute_callable(context=context, **execute_callable_kwargs)
             ^^^^^^^^^^^^^^^^^^^^^^^^^^^^^^^^^^^^^^^^^^^^^^^^^^^^^^^^^^^^^
  File "/home/airflow/.local/lib/python3.12/site-packages/airflow/models/taskinstance.py", line 733, in _execute_callable
    return ExecutionCallableRunner(
           ^^^^^^^^^^^^^^^^^^^^^^^^
  File "/home/airflow/.local/lib/python3.12/site-packages/airflow/utils/operator_helpers.py", line 252, in run
    return self.func(*args, **kwargs)
           ^^^^^^^^^^^^^^^^^^^^^^^^^^
  File "/home/airflow/.local/lib/python3.12/site-packages/airflow/models/baseoperator.py", line 417, in wrapper
    return func(self, *args, **kwargs)
           ^^^^^^^^^^^^^^^^^^^^^^^^^^^
  File "/home/airflow/.local/lib/python3.12/site-packages/airflow/operators/python.py", line 238, in execute
    return_value = self.execute_callable()
                   ^^^^^^^^^^^^^^^^^^^^^^^
  File "/home/airflow/.local/lib/python3.12/site-packages/airflow/operators/python.py", line 256, in execute_callable
    return runner.run(*self.op_args, **self.op_kwargs)
           ^^^^^^^^^^^^^^^^^^^^^^^^^^^^^^^^^^^^^^^^^^^
  File "/home/airflow/.local/lib/python3.12/site-packages/airflow/utils/operator_helpers.py", line 252, in run
    return self.func(*args, **kwargs)
           ^^^^^^^^^^^^^^^^^^^^^^^^^^
  File "/opt/airflow/dags/dag_rtve.py", line 24, in scrape_tv_schedule
    locale.setlocale(locale.LC_TIME, 'es_ES.UTF-8')
  File "/usr/local/lib/python3.12/locale.py", line 615, in setlocale
    return _setlocale(category, locale)
           ^^^^^^^^^^^^^^^^^^^^^^^^^^^^
locale.Error: unsupported locale setting
[2024-12-02T15:55:34.908+0000] {local_task_job_runner.py:266} INFO - Task exited with return code 1
[2024-12-02T15:55:34.916+0000] {taskinstance.py:3895} INFO - 0 downstream tasks scheduled from follow-on schedule check
[2024-12-02T15:55:34.917+0000] {local_task_job_runner.py:245} INFO - ::endgroup::
