[2024-12-06T13:56:05.286+0000] {local_task_job_runner.py:123} INFO - ::group::Pre task execution logs
[2024-12-06T13:56:05.295+0000] {taskinstance.py:2613} INFO - Dependencies all met for dep_context=non-requeueable deps ti=<TaskInstance: telemadrid_schedule_scraper_v2.PushAllInOne scheduled__2024-12-05T13:56:00+00:00 [queued]>
[2024-12-06T13:56:05.299+0000] {taskinstance.py:2613} INFO - Dependencies all met for dep_context=requeueable deps ti=<TaskInstance: telemadrid_schedule_scraper_v2.PushAllInOne scheduled__2024-12-05T13:56:00+00:00 [queued]>
[2024-12-06T13:56:05.299+0000] {taskinstance.py:2866} INFO - Starting attempt 1 of 5
[2024-12-06T13:56:05.305+0000] {taskinstance.py:2889} INFO - Executing <Task(_PythonDecoratedOperator): PushAllInOne> on 2024-12-05 13:56:00+00:00
[2024-12-06T13:56:05.308+0000] {warnings.py:112} WARNING - /home/***/.local/lib/python3.12/site-packages/***/task/task_runner/standard_task_runner.py:70: DeprecationWarning: This process (pid=126) is multi-threaded, use of fork() may lead to deadlocks in the child.
  pid = os.fork()

[2024-12-06T13:56:05.309+0000] {standard_task_runner.py:72} INFO - Started process 127 to run task
[2024-12-06T13:56:05.310+0000] {standard_task_runner.py:104} INFO - Running: ['***', 'tasks', 'run', 'telemadrid_schedule_scraper_v2', 'PushAllInOne', 'scheduled__2024-12-05T13:56:00+00:00', '--job-id', '1201', '--raw', '--subdir', 'DAGS_FOLDER/dag_telemadrid_v2.py', '--cfg-path', '/tmp/tmp9lxuc8xc']
[2024-12-06T13:56:05.311+0000] {standard_task_runner.py:105} INFO - Job 1201: Subtask PushAllInOne
[2024-12-06T13:56:05.332+0000] {task_command.py:467} INFO - Running <TaskInstance: telemadrid_schedule_scraper_v2.PushAllInOne scheduled__2024-12-05T13:56:00+00:00 [running]> on host 6b4257da02f0
[2024-12-06T13:56:05.372+0000] {taskinstance.py:3132} INFO - Exporting env vars: AIRFLOW_CTX_DAG_OWNER='***' AIRFLOW_CTX_DAG_ID='telemadrid_schedule_scraper_v2' AIRFLOW_CTX_TASK_ID='PushAllInOne' AIRFLOW_CTX_EXECUTION_DATE='2024-12-05T13:56:00+00:00' AIRFLOW_CTX_TRY_NUMBER='1' AIRFLOW_CTX_DAG_RUN_ID='scheduled__2024-12-05T13:56:00+00:00'
[2024-12-06T13:56:05.373+0000] {taskinstance.py:731} INFO - ::endgroup::
[2024-12-06T13:56:07.739+0000] {logging_mixin.py:190} INFO - Archivo actualizado correctamente.
[2024-12-06T13:56:07.740+0000] {python.py:240} INFO - Done. Returned value was: None
[2024-12-06T13:56:07.746+0000] {taskinstance.py:340} INFO - ::group::Post task execution logs
[2024-12-06T13:56:07.746+0000] {taskinstance.py:352} INFO - Marking task as SUCCESS. dag_id=telemadrid_schedule_scraper_v2, task_id=PushAllInOne, run_id=scheduled__2024-12-05T13:56:00+00:00, execution_date=20241205T135600, start_date=20241206T135605, end_date=20241206T135607
[2024-12-06T13:56:07.770+0000] {local_task_job_runner.py:266} INFO - Task exited with return code 0
[2024-12-06T13:56:07.778+0000] {taskinstance.py:3895} INFO - 0 downstream tasks scheduled from follow-on schedule check
[2024-12-06T13:56:07.779+0000] {local_task_job_runner.py:245} INFO - ::endgroup::
