[2024-12-13T00:49:10.869+0000] {local_task_job_runner.py:123} INFO - ::group::Pre task execution logs
[2024-12-13T00:49:10.879+0000] {taskinstance.py:2613} INFO - Dependencies all met for dep_context=non-requeueable deps ti=<TaskInstance: a3media_schedule_scraper.scrape_a3media_task manual__2024-12-13T00:49:10.510166+00:00 [queued]>
[2024-12-13T00:49:10.884+0000] {taskinstance.py:2613} INFO - Dependencies all met for dep_context=requeueable deps ti=<TaskInstance: a3media_schedule_scraper.scrape_a3media_task manual__2024-12-13T00:49:10.510166+00:00 [queued]>
[2024-12-13T00:49:10.884+0000] {taskinstance.py:2866} INFO - Starting attempt 1 of 5
[2024-12-13T00:49:10.891+0000] {taskinstance.py:2889} INFO - Executing <Task(_PythonDecoratedOperator): scrape_a3media_task> on 2024-12-13 00:49:10.510166+00:00
[2024-12-13T00:49:10.895+0000] {warnings.py:112} WARNING - /home/***/.local/lib/python3.12/site-packages/***/task/task_runner/standard_task_runner.py:70: DeprecationWarning: This process (pid=27650) is multi-threaded, use of fork() may lead to deadlocks in the child.
  pid = os.fork()

[2024-12-13T00:49:10.896+0000] {standard_task_runner.py:72} INFO - Started process 27651 to run task
[2024-12-13T00:49:10.896+0000] {standard_task_runner.py:104} INFO - Running: ['***', 'tasks', 'run', 'a3media_schedule_scraper', 'scrape_a3media_task', 'manual__2024-12-13T00:49:10.510166+00:00', '--job-id', '2430', '--raw', '--subdir', 'DAGS_FOLDER/dag_atresmedia.py', '--cfg-path', '/tmp/tmp_ls34ujn']
[2024-12-13T00:49:10.898+0000] {standard_task_runner.py:105} INFO - Job 2430: Subtask scrape_a3media_task
[2024-12-13T00:49:10.922+0000] {task_command.py:467} INFO - Running <TaskInstance: a3media_schedule_scraper.scrape_a3media_task manual__2024-12-13T00:49:10.510166+00:00 [running]> on host b605548c7b8b
[2024-12-13T00:49:10.965+0000] {taskinstance.py:3132} INFO - Exporting env vars: AIRFLOW_CTX_DAG_OWNER='***' AIRFLOW_CTX_DAG_ID='a3media_schedule_scraper' AIRFLOW_CTX_TASK_ID='scrape_a3media_task' AIRFLOW_CTX_EXECUTION_DATE='2024-12-13T00:49:10.510166+00:00' AIRFLOW_CTX_TRY_NUMBER='1' AIRFLOW_CTX_DAG_RUN_ID='manual__2024-12-13T00:49:10.510166+00:00'
[2024-12-13T00:49:10.966+0000] {taskinstance.py:731} INFO - ::endgroup::
[2024-12-13T00:49:11.036+0000] {logging_mixin.py:190} INFO - https://api.atresplayer.com/client/v1/row/programming/5a6a165a7ed1a834493ebf6a?date=12-12-2024
[2024-12-13T00:49:11.073+0000] {logging_mixin.py:190} INFO - https://api.atresplayer.com/client/v1/row/programming/5a6a165a7ed1a834493ebf6a?date=13-12-2024
[2024-12-13T00:49:11.105+0000] {logging_mixin.py:190} INFO - https://api.atresplayer.com/client/v1/row/programming/5a6a165a7ed1a834493ebf6a?date=14-12-2024
[2024-12-13T00:49:11.144+0000] {logging_mixin.py:190} INFO - Escrito el xmltv del canal "Antena 3"
[2024-12-13T00:49:13.009+0000] {logging_mixin.py:190} INFO - Archivo actualizado correctamente.
[2024-12-13T00:49:13.010+0000] {logging_mixin.py:190} INFO - https://api.atresplayer.com/client/v1/row/programming/5a6a172c7ed1a834493ebf6b?date=12-12-2024
[2024-12-13T00:49:13.044+0000] {logging_mixin.py:190} INFO - https://api.atresplayer.com/client/v1/row/programming/5a6a172c7ed1a834493ebf6b?date=13-12-2024
[2024-12-13T00:49:13.077+0000] {logging_mixin.py:190} INFO - https://api.atresplayer.com/client/v1/row/programming/5a6a172c7ed1a834493ebf6b?date=14-12-2024
[2024-12-13T00:49:13.114+0000] {logging_mixin.py:190} INFO - Escrito el xmltv del canal "laSexta"
[2024-12-13T00:49:14.940+0000] {logging_mixin.py:190} INFO - Archivo actualizado correctamente.
[2024-12-13T00:49:14.941+0000] {logging_mixin.py:190} INFO - https://api.atresplayer.com/client/v1/row/programming/5a6a17da7ed1a834493ebf6d?date=12-12-2024
[2024-12-13T00:49:14.975+0000] {logging_mixin.py:190} INFO - https://api.atresplayer.com/client/v1/row/programming/5a6a17da7ed1a834493ebf6d?date=13-12-2024
[2024-12-13T00:49:15.009+0000] {logging_mixin.py:190} INFO - https://api.atresplayer.com/client/v1/row/programming/5a6a17da7ed1a834493ebf6d?date=14-12-2024
[2024-12-13T00:49:15.044+0000] {logging_mixin.py:190} INFO - Escrito el xmltv del canal "Neox"
[2024-12-13T00:49:17.096+0000] {logging_mixin.py:190} INFO - Archivo actualizado correctamente.
[2024-12-13T00:49:17.097+0000] {logging_mixin.py:190} INFO - https://api.atresplayer.com/client/v1/row/programming/5a6a180b7ed1a834493ebf6e?date=12-12-2024
[2024-12-13T00:49:17.129+0000] {logging_mixin.py:190} INFO - https://api.atresplayer.com/client/v1/row/programming/5a6a180b7ed1a834493ebf6e?date=13-12-2024
[2024-12-13T00:49:17.161+0000] {logging_mixin.py:190} INFO - https://api.atresplayer.com/client/v1/row/programming/5a6a180b7ed1a834493ebf6e?date=14-12-2024
[2024-12-13T00:49:17.195+0000] {logging_mixin.py:190} INFO - Escrito el xmltv del canal "Nova"
[2024-12-13T00:49:19.081+0000] {logging_mixin.py:190} INFO - Archivo actualizado correctamente.
[2024-12-13T00:49:19.082+0000] {logging_mixin.py:190} INFO - https://api.atresplayer.com/client/v1/row/programming/5a6a18357ed1a834493ebf6f?date=12-12-2024
[2024-12-13T00:49:19.117+0000] {logging_mixin.py:190} INFO - https://api.atresplayer.com/client/v1/row/programming/5a6a18357ed1a834493ebf6f?date=13-12-2024
[2024-12-13T00:49:19.152+0000] {logging_mixin.py:190} INFO - https://api.atresplayer.com/client/v1/row/programming/5a6a18357ed1a834493ebf6f?date=14-12-2024
[2024-12-13T00:49:19.188+0000] {logging_mixin.py:190} INFO - Escrito el xmltv del canal "Mega"
[2024-12-13T00:49:21.014+0000] {logging_mixin.py:190} INFO - Archivo actualizado correctamente.
[2024-12-13T00:49:21.014+0000] {logging_mixin.py:190} INFO - https://api.atresplayer.com/client/v1/row/programming/5a6a189a7ed1a834493ebf70?date=12-12-2024
[2024-12-13T00:49:21.047+0000] {logging_mixin.py:190} INFO - https://api.atresplayer.com/client/v1/row/programming/5a6a189a7ed1a834493ebf70?date=13-12-2024
[2024-12-13T00:49:21.084+0000] {logging_mixin.py:190} INFO - https://api.atresplayer.com/client/v1/row/programming/5a6a189a7ed1a834493ebf70?date=14-12-2024
[2024-12-13T00:49:21.243+0000] {logging_mixin.py:190} INFO - Escrito el xmltv del canal "Atreseries"
[2024-12-13T00:49:22.983+0000] {logging_mixin.py:190} INFO - Archivo actualizado correctamente.
[2024-12-13T00:49:22.984+0000] {python.py:240} INFO - Done. Returned value was: None
[2024-12-13T00:49:22.989+0000] {taskinstance.py:340} INFO - ::group::Post task execution logs
[2024-12-13T00:49:22.990+0000] {taskinstance.py:352} INFO - Marking task as SUCCESS. dag_id=a3media_schedule_scraper, task_id=scrape_a3media_task, run_id=manual__2024-12-13T00:49:10.510166+00:00, execution_date=20241213T004910, start_date=20241213T004910, end_date=20241213T004922
[2024-12-13T00:49:23.028+0000] {local_task_job_runner.py:266} INFO - Task exited with return code 0
[2024-12-13T00:49:23.041+0000] {taskinstance.py:3895} INFO - 1 downstream tasks scheduled from follow-on schedule check
[2024-12-13T00:49:23.042+0000] {local_task_job_runner.py:245} INFO - ::endgroup::
