[2024-12-06T12:52:56.381+0000] {local_task_job_runner.py:123} INFO - ::group::Pre task execution logs
[2024-12-06T12:52:56.395+0000] {taskinstance.py:2613} INFO - Dependencies all met for dep_context=non-requeueable deps ti=<TaskInstance: telemadrid_schedule_scraper_v2.PushAllInOne scheduled__2024-01-11T12:00:00+00:00 [queued]>
[2024-12-06T12:52:56.402+0000] {taskinstance.py:2613} INFO - Dependencies all met for dep_context=requeueable deps ti=<TaskInstance: telemadrid_schedule_scraper_v2.PushAllInOne scheduled__2024-01-11T12:00:00+00:00 [queued]>
[2024-12-06T12:52:56.403+0000] {taskinstance.py:2866} INFO - Starting attempt 1 of 5
[2024-12-06T12:52:56.413+0000] {taskinstance.py:2889} INFO - Executing <Task(_PythonDecoratedOperator): PushAllInOne> on 2024-01-11 12:00:00+00:00
[2024-12-06T12:52:56.419+0000] {warnings.py:112} WARNING - /home/***/.local/lib/python3.12/site-packages/***/task/task_runner/standard_task_runner.py:70: DeprecationWarning: This process (pid=154) is multi-threaded, use of fork() may lead to deadlocks in the child.
  pid = os.fork()

[2024-12-06T12:52:56.421+0000] {standard_task_runner.py:72} INFO - Started process 177 to run task
[2024-12-06T12:52:56.421+0000] {standard_task_runner.py:104} INFO - Running: ['***', 'tasks', 'run', 'telemadrid_schedule_scraper_v2', 'PushAllInOne', 'scheduled__2024-01-11T12:00:00+00:00', '--job-id', '1001', '--raw', '--subdir', 'DAGS_FOLDER/dag_telemadrid_v2.py', '--cfg-path', '/tmp/tmpls9zq_nf']
[2024-12-06T12:52:56.423+0000] {standard_task_runner.py:105} INFO - Job 1001: Subtask PushAllInOne
[2024-12-06T12:52:56.462+0000] {task_command.py:467} INFO - Running <TaskInstance: telemadrid_schedule_scraper_v2.PushAllInOne scheduled__2024-01-11T12:00:00+00:00 [running]> on host 01ebcafa06b4
[2024-12-06T12:52:56.523+0000] {taskinstance.py:3132} INFO - Exporting env vars: AIRFLOW_CTX_DAG_OWNER='***' AIRFLOW_CTX_DAG_ID='telemadrid_schedule_scraper_v2' AIRFLOW_CTX_TASK_ID='PushAllInOne' AIRFLOW_CTX_EXECUTION_DATE='2024-01-11T12:00:00+00:00' AIRFLOW_CTX_TRY_NUMBER='1' AIRFLOW_CTX_DAG_RUN_ID='scheduled__2024-01-11T12:00:00+00:00'
[2024-12-06T12:52:56.524+0000] {taskinstance.py:731} INFO - ::endgroup::
[2024-12-06T12:53:00.708+0000] {logging_mixin.py:190} INFO - Error: 422 {"message": "Invalid request.\n\n\"sha\" wasn't supplied.", "documentation_url": "https://docs.github.com/rest/repos/contents#create-or-update-file-contents", "status": "422"}
[2024-12-06T12:53:00.709+0000] {python.py:240} INFO - Done. Returned value was: None
[2024-12-06T12:53:00.715+0000] {taskinstance.py:340} INFO - ::group::Post task execution logs
[2024-12-06T12:53:00.715+0000] {taskinstance.py:352} INFO - Marking task as SUCCESS. dag_id=telemadrid_schedule_scraper_v2, task_id=PushAllInOne, run_id=scheduled__2024-01-11T12:00:00+00:00, execution_date=20240111T120000, start_date=20241206T125256, end_date=20241206T125300
[2024-12-06T12:53:00.765+0000] {local_task_job_runner.py:266} INFO - Task exited with return code 0
[2024-12-06T12:53:00.773+0000] {taskinstance.py:3895} INFO - 0 downstream tasks scheduled from follow-on schedule check
[2024-12-06T12:53:00.774+0000] {local_task_job_runner.py:245} INFO - ::endgroup::
