[2024-12-12T05:30:02.517+0000] {local_task_job_runner.py:123} INFO - ::group::Pre task execution logs
[2024-12-12T05:30:02.533+0000] {taskinstance.py:2613} INFO - Dependencies all met for dep_context=non-requeueable deps ti=<TaskInstance: rtve_schedule_scraper.scrape_rtve_task scheduled__2024-12-11T23:30:00+00:00 [queued]>
[2024-12-12T05:30:02.539+0000] {taskinstance.py:2613} INFO - Dependencies all met for dep_context=requeueable deps ti=<TaskInstance: rtve_schedule_scraper.scrape_rtve_task scheduled__2024-12-11T23:30:00+00:00 [queued]>
[2024-12-12T05:30:02.539+0000] {taskinstance.py:2866} INFO - Starting attempt 1 of 4
[2024-12-12T05:30:02.555+0000] {taskinstance.py:2889} INFO - Executing <Task(_PythonDecoratedOperator): scrape_rtve_task> on 2024-12-11 23:30:00+00:00
[2024-12-12T05:30:02.564+0000] {warnings.py:112} WARNING - /home/***/.local/lib/python3.12/site-packages/***/task/task_runner/standard_task_runner.py:70: DeprecationWarning: This process (pid=11933) is multi-threaded, use of fork() may lead to deadlocks in the child.
  pid = os.fork()

[2024-12-12T05:30:02.565+0000] {standard_task_runner.py:104} INFO - Running: ['***', 'tasks', 'run', 'rtve_schedule_scraper', 'scrape_rtve_task', 'scheduled__2024-12-11T23:30:00+00:00', '--job-id', '2346', '--raw', '--subdir', 'DAGS_FOLDER/dag_rtve_selenium.py', '--cfg-path', '/tmp/tmprqvfpmnq']
[2024-12-12T05:30:02.568+0000] {standard_task_runner.py:72} INFO - Started process 11935 to run task
[2024-12-12T05:30:02.568+0000] {standard_task_runner.py:105} INFO - Job 2346: Subtask scrape_rtve_task
[2024-12-12T05:30:02.615+0000] {task_command.py:467} INFO - Running <TaskInstance: rtve_schedule_scraper.scrape_rtve_task scheduled__2024-12-11T23:30:00+00:00 [running]> on host b605548c7b8b
[2024-12-12T05:30:02.700+0000] {taskinstance.py:3132} INFO - Exporting env vars: AIRFLOW_CTX_DAG_OWNER='***' AIRFLOW_CTX_DAG_ID='rtve_schedule_scraper' AIRFLOW_CTX_TASK_ID='scrape_rtve_task' AIRFLOW_CTX_EXECUTION_DATE='2024-12-11T23:30:00+00:00' AIRFLOW_CTX_TRY_NUMBER='1' AIRFLOW_CTX_DAG_RUN_ID='scheduled__2024-12-11T23:30:00+00:00'
[2024-12-12T05:30:02.706+0000] {taskinstance.py:731} INFO - ::endgroup::
[2024-12-12T05:30:24.609+0000] {logging_mixin.py:190} INFO - Error: 422 {"message": "Invalid request.\n\n\"sha\" wasn't supplied.", "documentation_url": "https://docs.github.com/rest/repos/contents#create-or-update-file-contents", "status": "422"}
[2024-12-12T05:30:24.610+0000] {logging_mixin.py:190} INFO - Escrito el xmltv del canal "La 1"
[2024-12-12T05:30:28.071+0000] {logging_mixin.py:190} INFO - Error: 422 {"message": "Invalid request.\n\n\"sha\" wasn't supplied.", "documentation_url": "https://docs.github.com/rest/repos/contents#create-or-update-file-contents", "status": "422"}
[2024-12-12T05:30:28.072+0000] {logging_mixin.py:190} INFO - Escrito el xmltv del canal "La 2"
[2024-12-12T05:30:29.896+0000] {logging_mixin.py:190} INFO - Archivo actualizado correctamente.
[2024-12-12T05:30:29.897+0000] {logging_mixin.py:190} INFO - Escrito el xmltv del canal "Teledeporte"
[2024-12-12T05:30:31.887+0000] {logging_mixin.py:190} INFO - Archivo actualizado correctamente.
[2024-12-12T05:30:31.887+0000] {logging_mixin.py:190} INFO - Escrito el xmltv del canal "24 horas"
[2024-12-12T05:30:34.331+0000] {logging_mixin.py:190} INFO - Archivo actualizado correctamente.
[2024-12-12T05:30:34.332+0000] {logging_mixin.py:190} INFO - Escrito el xmltv del canal "Clan"
[2024-12-12T05:30:34.413+0000] {python.py:240} INFO - Done. Returned value was: None
[2024-12-12T05:30:34.421+0000] {taskinstance.py:340} INFO - ::group::Post task execution logs
[2024-12-12T05:30:34.421+0000] {taskinstance.py:352} INFO - Marking task as SUCCESS. dag_id=rtve_schedule_scraper, task_id=scrape_rtve_task, run_id=scheduled__2024-12-11T23:30:00+00:00, execution_date=20241211T233000, start_date=20241212T053002, end_date=20241212T053034
[2024-12-12T05:30:34.471+0000] {local_task_job_runner.py:266} INFO - Task exited with return code 0
[2024-12-12T05:30:34.495+0000] {taskinstance.py:3895} INFO - 1 downstream tasks scheduled from follow-on schedule check
[2024-12-12T05:30:34.497+0000] {local_task_job_runner.py:245} INFO - ::endgroup::
