[2024-12-06T12:28:07.119+0000] {local_task_job_runner.py:123} INFO - ::group::Pre task execution logs
[2024-12-06T12:28:07.130+0000] {taskinstance.py:2613} INFO - Dependencies all met for dep_context=non-requeueable deps ti=<TaskInstance: telemadrid_schedule_scraper_v2.scrape_telemadrid_schedule manual__2024-12-06T12:28:06.282454+00:00 [queued]>
[2024-12-06T12:28:07.134+0000] {taskinstance.py:2613} INFO - Dependencies all met for dep_context=requeueable deps ti=<TaskInstance: telemadrid_schedule_scraper_v2.scrape_telemadrid_schedule manual__2024-12-06T12:28:06.282454+00:00 [queued]>
[2024-12-06T12:28:07.134+0000] {taskinstance.py:2866} INFO - Starting attempt 1 of 5
[2024-12-06T12:28:07.141+0000] {taskinstance.py:2889} INFO - Executing <Task(_PythonDecoratedOperator): scrape_telemadrid_schedule> on 2024-12-06 12:28:06.282454+00:00
[2024-12-06T12:28:07.145+0000] {warnings.py:112} WARNING - /home/***/.local/lib/python3.12/site-packages/***/task/task_runner/standard_task_runner.py:70: DeprecationWarning: This process (pid=252) is multi-threaded, use of fork() may lead to deadlocks in the child.
  pid = os.fork()

[2024-12-06T12:28:07.146+0000] {standard_task_runner.py:72} INFO - Started process 253 to run task
[2024-12-06T12:28:07.146+0000] {standard_task_runner.py:104} INFO - Running: ['***', 'tasks', 'run', 'telemadrid_schedule_scraper_v2', 'scrape_telemadrid_schedule', 'manual__2024-12-06T12:28:06.282454+00:00', '--job-id', '943', '--raw', '--subdir', 'DAGS_FOLDER/dag_telemadrid_v2.py', '--cfg-path', '/tmp/tmp9dlxir7l']
[2024-12-06T12:28:07.147+0000] {standard_task_runner.py:105} INFO - Job 943: Subtask scrape_telemadrid_schedule
[2024-12-06T12:28:07.171+0000] {task_command.py:467} INFO - Running <TaskInstance: telemadrid_schedule_scraper_v2.scrape_telemadrid_schedule manual__2024-12-06T12:28:06.282454+00:00 [running]> on host d88abb179e8d
[2024-12-06T12:28:07.210+0000] {taskinstance.py:3132} INFO - Exporting env vars: AIRFLOW_CTX_DAG_OWNER='***' AIRFLOW_CTX_DAG_ID='telemadrid_schedule_scraper_v2' AIRFLOW_CTX_TASK_ID='scrape_telemadrid_schedule' AIRFLOW_CTX_EXECUTION_DATE='2024-12-06T12:28:06.282454+00:00' AIRFLOW_CTX_TRY_NUMBER='1' AIRFLOW_CTX_DAG_RUN_ID='manual__2024-12-06T12:28:06.282454+00:00'
[2024-12-06T12:28:07.211+0000] {taskinstance.py:731} INFO - ::endgroup::
[2024-12-06T12:28:07.459+0000] {logging_mixin.py:190} INFO - Escrito el xmltv del canal "Telemadrid"
[2024-12-06T12:28:09.200+0000] {logging_mixin.py:190} INFO - Archivo actualizado correctamente.
[2024-12-06T12:28:09.201+0000] {python.py:240} INFO - Done. Returned value was: None
[2024-12-06T12:28:09.208+0000] {taskinstance.py:340} INFO - ::group::Post task execution logs
[2024-12-06T12:28:09.208+0000] {taskinstance.py:352} INFO - Marking task as SUCCESS. dag_id=telemadrid_schedule_scraper_v2, task_id=scrape_telemadrid_schedule, run_id=manual__2024-12-06T12:28:06.282454+00:00, execution_date=20241206T122806, start_date=20241206T122807, end_date=20241206T122809
[2024-12-06T12:28:09.244+0000] {local_task_job_runner.py:266} INFO - Task exited with return code 0
[2024-12-06T12:28:09.257+0000] {taskinstance.py:3895} INFO - 1 downstream tasks scheduled from follow-on schedule check
[2024-12-06T12:28:09.258+0000] {local_task_job_runner.py:245} INFO - ::endgroup::
