[2024-12-14T22:34:29.721+0000] {local_task_job_runner.py:123} INFO - ::group::Pre task execution logs
[2024-12-14T22:34:29.738+0000] {taskinstance.py:2613} INFO - Dependencies all met for dep_context=non-requeueable deps ti=<TaskInstance: la_otra_schedule_scraper.merge_all_xml scheduled__2024-12-14T11:30:00+00:00 [queued]>
[2024-12-14T22:34:29.747+0000] {taskinstance.py:2613} INFO - Dependencies all met for dep_context=requeueable deps ti=<TaskInstance: la_otra_schedule_scraper.merge_all_xml scheduled__2024-12-14T11:30:00+00:00 [queued]>
[2024-12-14T22:34:29.748+0000] {taskinstance.py:2866} INFO - Starting attempt 1 of 4
[2024-12-14T22:34:29.766+0000] {taskinstance.py:2889} INFO - Executing <Task(_PythonDecoratedOperator): merge_all_xml> on 2024-12-14 11:30:00+00:00
[2024-12-14T22:34:29.771+0000] {warnings.py:112} WARNING - /home/***/.local/lib/python3.12/site-packages/***/task/task_runner/standard_task_runner.py:70: DeprecationWarning: This process (pid=147) is multi-threaded, use of fork() may lead to deadlocks in the child.
  pid = os.fork()

[2024-12-14T22:34:29.773+0000] {standard_task_runner.py:72} INFO - Started process 157 to run task
[2024-12-14T22:34:29.773+0000] {standard_task_runner.py:104} INFO - Running: ['***', 'tasks', 'run', 'la_otra_schedule_scraper', 'merge_all_xml', 'scheduled__2024-12-14T11:30:00+00:00', '--job-id', '2455', '--raw', '--subdir', 'DAGS_FOLDER/dag_la_otra.py', '--cfg-path', '/tmp/tmpbqkibv59']
[2024-12-14T22:34:29.774+0000] {standard_task_runner.py:105} INFO - Job 2455: Subtask merge_all_xml
[2024-12-14T22:34:29.811+0000] {task_command.py:467} INFO - Running <TaskInstance: la_otra_schedule_scraper.merge_all_xml scheduled__2024-12-14T11:30:00+00:00 [running]> on host b605548c7b8b
[2024-12-14T22:34:29.894+0000] {taskinstance.py:3132} INFO - Exporting env vars: AIRFLOW_CTX_DAG_OWNER='***' AIRFLOW_CTX_DAG_ID='la_otra_schedule_scraper' AIRFLOW_CTX_TASK_ID='merge_all_xml' AIRFLOW_CTX_EXECUTION_DATE='2024-12-14T11:30:00+00:00' AIRFLOW_CTX_TRY_NUMBER='1' AIRFLOW_CTX_DAG_RUN_ID='scheduled__2024-12-14T11:30:00+00:00'
[2024-12-14T22:34:29.895+0000] {taskinstance.py:731} INFO - ::endgroup::
[2024-12-14T22:34:30.099+0000] {logging_mixin.py:190} INFO - [INFO] Generado el archivo "all_in_one.xml"
[2024-12-14T22:34:30.103+0000] {python.py:240} INFO - Done. Returned value was: None
[2024-12-14T22:34:30.113+0000] {taskinstance.py:340} INFO - ::group::Post task execution logs
[2024-12-14T22:34:30.113+0000] {taskinstance.py:352} INFO - Marking task as SUCCESS. dag_id=la_otra_schedule_scraper, task_id=merge_all_xml, run_id=scheduled__2024-12-14T11:30:00+00:00, execution_date=20241214T113000, start_date=20241214T223429, end_date=20241214T223430
[2024-12-14T22:34:30.148+0000] {local_task_job_runner.py:266} INFO - Task exited with return code 0
[2024-12-14T22:34:30.168+0000] {taskinstance.py:3895} INFO - 1 downstream tasks scheduled from follow-on schedule check
[2024-12-14T22:34:30.171+0000] {local_task_job_runner.py:245} INFO - ::endgroup::
