[2024-12-25T21:35:05.604+0000] {local_task_job_runner.py:123} INFO - ::group::Pre task execution logs
[2024-12-25T21:35:05.613+0000] {taskinstance.py:2613} INFO - Dependencies all met for dep_context=non-requeueable deps ti=<TaskInstance: mediaset_schedule_scraper.scrape_mediaset_schedule scheduled__2024-12-23T23:30:00+00:00 [queued]>
[2024-12-25T21:35:05.619+0000] {taskinstance.py:2613} INFO - Dependencies all met for dep_context=requeueable deps ti=<TaskInstance: mediaset_schedule_scraper.scrape_mediaset_schedule scheduled__2024-12-23T23:30:00+00:00 [queued]>
[2024-12-25T21:35:05.620+0000] {taskinstance.py:2866} INFO - Starting attempt 1 of 5
[2024-12-25T21:35:05.631+0000] {taskinstance.py:2889} INFO - Executing <Task(_PythonDecoratedOperator): scrape_mediaset_schedule> on 2024-12-23 23:30:00+00:00
[2024-12-25T21:35:05.636+0000] {warnings.py:112} WARNING - /home/***/.local/lib/python3.12/site-packages/***/task/task_runner/standard_task_runner.py:70: DeprecationWarning: This process (pid=104) is multi-threaded, use of fork() may lead to deadlocks in the child.
  pid = os.fork()

[2024-12-25T21:35:05.637+0000] {standard_task_runner.py:72} INFO - Started process 109 to run task
[2024-12-25T21:35:05.637+0000] {standard_task_runner.py:104} INFO - Running: ['***', 'tasks', 'run', 'mediaset_schedule_scraper', 'scrape_mediaset_schedule', 'scheduled__2024-12-23T23:30:00+00:00', '--job-id', '2712', '--raw', '--subdir', 'DAGS_FOLDER/dag_mediaset.py', '--cfg-path', '/tmp/tmpupzp5nuh']
[2024-12-25T21:35:05.638+0000] {standard_task_runner.py:105} INFO - Job 2712: Subtask scrape_mediaset_schedule
[2024-12-25T21:35:05.675+0000] {task_command.py:467} INFO - Running <TaskInstance: mediaset_schedule_scraper.scrape_mediaset_schedule scheduled__2024-12-23T23:30:00+00:00 [running]> on host b605548c7b8b
[2024-12-25T21:35:05.738+0000] {taskinstance.py:3132} INFO - Exporting env vars: AIRFLOW_CTX_DAG_OWNER='***' AIRFLOW_CTX_DAG_ID='mediaset_schedule_scraper' AIRFLOW_CTX_TASK_ID='scrape_mediaset_schedule' AIRFLOW_CTX_EXECUTION_DATE='2024-12-23T23:30:00+00:00' AIRFLOW_CTX_TRY_NUMBER='1' AIRFLOW_CTX_DAG_RUN_ID='scheduled__2024-12-23T23:30:00+00:00'
[2024-12-25T21:35:05.740+0000] {taskinstance.py:731} INFO - ::endgroup::
[2024-12-25T21:35:15.126+0000] {logging_mixin.py:190} INFO - Generando XML para el canal Telecinco
[2024-12-25T21:35:15.129+0000] {logging_mixin.py:190} INFO - Escrito el xml del canal "Telecinco"
[2024-12-25T21:35:16.769+0000] {logging_mixin.py:190} INFO - Archivo actualizado correctamente.
[2024-12-25T21:35:16.770+0000] {logging_mixin.py:190} INFO - Generando XML para el canal Cuatro
[2024-12-25T21:35:16.773+0000] {logging_mixin.py:190} INFO - Escrito el xml del canal "Cuatro"
[2024-12-25T21:35:18.508+0000] {logging_mixin.py:190} INFO - Archivo actualizado correctamente.
[2024-12-25T21:35:18.509+0000] {logging_mixin.py:190} INFO - Generando XML para el canal Mitele en la calle
[2024-12-25T21:35:18.512+0000] {logging_mixin.py:190} INFO - Escrito el xml del canal "Mitele en la calle"
[2024-12-25T21:35:20.332+0000] {logging_mixin.py:190} INFO - Archivo actualizado correctamente.
[2024-12-25T21:35:20.333+0000] {logging_mixin.py:190} INFO - Generando XML para el canal Mitele viajes
[2024-12-25T21:35:20.337+0000] {logging_mixin.py:190} INFO - Escrito el xml del canal "Mitele viajes"
[2024-12-25T21:35:25.359+0000] {logging_mixin.py:190} INFO - Error: 422 {"message": "Invalid request.\n\n\"sha\" wasn't supplied.", "documentation_url": "https://docs.github.com/rest/repos/contents#create-or-update-file-contents", "status": "422"}
[2024-12-25T21:35:25.360+0000] {logging_mixin.py:190} INFO - Generando XML para el canal Mitele plus lqsa
[2024-12-25T21:35:25.362+0000] {logging_mixin.py:190} INFO - Escrito el xml del canal "Mitele plus lqsa"
[2024-12-25T21:35:27.312+0000] {logging_mixin.py:190} INFO - Archivo actualizado correctamente.
[2024-12-25T21:35:27.313+0000] {logging_mixin.py:190} INFO - Generando XML para el canal Mitele comedia
[2024-12-25T21:35:27.315+0000] {logging_mixin.py:190} INFO - Escrito el xml del canal "Mitele comedia"
[2024-12-25T21:35:29.016+0000] {logging_mixin.py:190} INFO - Archivo actualizado correctamente.
[2024-12-25T21:35:29.031+0000] {logging_mixin.py:190} INFO - Generando XML para el canal Mitele top series
[2024-12-25T21:35:29.034+0000] {logging_mixin.py:190} INFO - Escrito el xml del canal "Mitele top series"
[2024-12-25T21:35:31.886+0000] {logging_mixin.py:190} INFO - Error: 422 {"message": "Invalid request.\n\n\"sha\" wasn't supplied.", "documentation_url": "https://docs.github.com/rest/repos/contents#create-or-update-file-contents", "status": "422"}
[2024-12-25T21:35:31.887+0000] {logging_mixin.py:190} INFO - Generando XML para el canal Divinity
[2024-12-25T21:35:31.890+0000] {logging_mixin.py:190} INFO - Escrito el xml del canal "Divinity"
[2024-12-25T21:35:33.531+0000] {logging_mixin.py:190} INFO - Archivo actualizado correctamente.
[2024-12-25T21:35:33.532+0000] {logging_mixin.py:190} INFO - Generando XML para el canal Fdf
[2024-12-25T21:35:33.534+0000] {logging_mixin.py:190} INFO - Escrito el xml del canal "Fdf"
[2024-12-25T21:35:35.249+0000] {logging_mixin.py:190} INFO - Archivo actualizado correctamente.
[2024-12-25T21:35:35.250+0000] {logging_mixin.py:190} INFO - Generando XML para el canal Energy
[2024-12-25T21:35:35.255+0000] {logging_mixin.py:190} INFO - Escrito el xml del canal "Energy"
[2024-12-25T21:35:36.959+0000] {logging_mixin.py:190} INFO - Archivo actualizado correctamente.
[2024-12-25T21:35:36.959+0000] {logging_mixin.py:190} INFO - Generando XML para el canal Bemad
[2024-12-25T21:35:36.962+0000] {logging_mixin.py:190} INFO - Escrito el xml del canal "Bemad"
[2024-12-25T21:35:39.070+0000] {logging_mixin.py:190} INFO - Archivo actualizado correctamente.
[2024-12-25T21:35:39.071+0000] {logging_mixin.py:190} INFO - Generando XML para el canal Boing
[2024-12-25T21:35:39.081+0000] {logging_mixin.py:190} INFO - Escrito el xml del canal "Boing"
[2024-12-25T21:35:43.399+0000] {logging_mixin.py:190} INFO - Error: 422 {"message": "Invalid request.\n\n\"sha\" wasn't supplied.", "documentation_url": "https://docs.github.com/rest/repos/contents#create-or-update-file-contents", "status": "422"}
[2024-12-25T21:35:43.400+0000] {logging_mixin.py:190} INFO - Generando XML para el canal Acontraplus
[2024-12-25T21:35:43.444+0000] {logging_mixin.py:190} INFO - Escrito el xml del canal "Acontraplus"
[2024-12-25T21:35:46.437+0000] {logging_mixin.py:190} INFO - Error: 422 {"message": "Invalid request.\n\n\"sha\" wasn't supplied.", "documentation_url": "https://docs.github.com/rest/repos/contents#create-or-update-file-contents", "status": "422"}
[2024-12-25T21:35:46.437+0000] {logging_mixin.py:190} INFO - Generando XML para el canal Fight sports
[2024-12-25T21:35:46.440+0000] {logging_mixin.py:190} INFO - Escrito el xml del canal "Fight sports"
[2024-12-25T21:35:48.276+0000] {logging_mixin.py:190} INFO - Archivo actualizado correctamente.
[2024-12-25T21:35:48.277+0000] {logging_mixin.py:190} INFO - Generando XML para el canal Mtmad 24h
[2024-12-25T21:35:48.279+0000] {logging_mixin.py:190} INFO - Escrito el xml del canal "Mtmad 24h"
[2024-12-25T21:35:49.902+0000] {logging_mixin.py:190} INFO - Archivo actualizado correctamente.
[2024-12-25T21:35:49.903+0000] {python.py:240} INFO - Done. Returned value was: None
[2024-12-25T21:35:49.909+0000] {taskinstance.py:340} INFO - ::group::Post task execution logs
[2024-12-25T21:35:49.909+0000] {taskinstance.py:352} INFO - Marking task as SUCCESS. dag_id=mediaset_schedule_scraper, task_id=scrape_mediaset_schedule, run_id=scheduled__2024-12-23T23:30:00+00:00, execution_date=20241223T233000, start_date=20241225T213505, end_date=20241225T213549
[2024-12-25T21:35:49.933+0000] {local_task_job_runner.py:266} INFO - Task exited with return code 0
[2024-12-25T21:35:49.946+0000] {taskinstance.py:3895} INFO - 1 downstream tasks scheduled from follow-on schedule check
[2024-12-25T21:35:49.947+0000] {local_task_job_runner.py:245} INFO - ::endgroup::
