[2024-12-03T00:00:01.321+0000] {local_task_job_runner.py:123} INFO - ::group::Pre task execution logs
[2024-12-03T00:00:01.333+0000] {taskinstance.py:2613} INFO - Dependencies all met for dep_context=non-requeueable deps ti=<TaskInstance: rtve_schedule_scraper.scrape_rtve_schedule scheduled__2024-12-02T00:00:00+00:00 [queued]>
[2024-12-03T00:00:01.338+0000] {taskinstance.py:2613} INFO - Dependencies all met for dep_context=requeueable deps ti=<TaskInstance: rtve_schedule_scraper.scrape_rtve_schedule scheduled__2024-12-02T00:00:00+00:00 [queued]>
[2024-12-03T00:00:01.338+0000] {taskinstance.py:2866} INFO - Starting attempt 1 of 2
[2024-12-03T00:00:01.346+0000] {taskinstance.py:2889} INFO - Executing <Task(PythonOperator): scrape_rtve_schedule> on 2024-12-02 00:00:00+00:00
[2024-12-03T00:00:01.351+0000] {warnings.py:112} WARNING - /home/***/.local/lib/python3.12/site-packages/***/task/task_runner/standard_task_runner.py:70: DeprecationWarning: This process (pid=1015) is multi-threaded, use of fork() may lead to deadlocks in the child.
  pid = os.fork()

[2024-12-03T00:00:01.351+0000] {standard_task_runner.py:104} INFO - Running: ['***', 'tasks', 'run', 'rtve_schedule_scraper', 'scrape_rtve_schedule', 'scheduled__2024-12-02T00:00:00+00:00', '--job-id', '398', '--raw', '--subdir', 'DAGS_FOLDER/dag_rtve.py', '--cfg-path', '/tmp/tmpqcvh1kt4']
[2024-12-03T00:00:01.353+0000] {standard_task_runner.py:72} INFO - Started process 1016 to run task
[2024-12-03T00:00:01.353+0000] {standard_task_runner.py:105} INFO - Job 398: Subtask scrape_rtve_schedule
[2024-12-03T00:00:01.379+0000] {task_command.py:467} INFO - Running <TaskInstance: rtve_schedule_scraper.scrape_rtve_schedule scheduled__2024-12-02T00:00:00+00:00 [running]> on host d88abb179e8d
[2024-12-03T00:00:01.427+0000] {taskinstance.py:3132} INFO - Exporting env vars: AIRFLOW_CTX_DAG_OWNER='***' AIRFLOW_CTX_DAG_ID='rtve_schedule_scraper' AIRFLOW_CTX_TASK_ID='scrape_rtve_schedule' AIRFLOW_CTX_EXECUTION_DATE='2024-12-02T00:00:00+00:00' AIRFLOW_CTX_TRY_NUMBER='1' AIRFLOW_CTX_DAG_RUN_ID='scheduled__2024-12-02T00:00:00+00:00'
[2024-12-03T00:00:01.428+0000] {taskinstance.py:731} INFO - ::endgroup::
[2024-12-03T00:00:08.778+0000] {logging_mixin.py:190} INFO - Archivo actualizado correctamente. {'commit': Commit(sha="2a90f6c46ee936545b721861c07b69f9f7779fa9"), 'content': ContentFile(path="channels/La 1.xml")}
[2024-12-03T00:00:08.779+0000] {logging_mixin.py:190} INFO - Escrito el xmltv del canal "La 1"
[2024-12-03T00:00:11.093+0000] {logging_mixin.py:190} INFO - Archivo actualizado correctamente. {'commit': Commit(sha="8645169c57c91b6c8f87b616785948151515328d"), 'content': ContentFile(path="channels/La 2.xml")}
[2024-12-03T00:00:11.094+0000] {logging_mixin.py:190} INFO - Escrito el xmltv del canal "La 2"
[2024-12-03T00:00:13.288+0000] {logging_mixin.py:190} INFO - Archivo actualizado correctamente. {'commit': Commit(sha="ca92847e5e0bfb8799bbdf179598636526c8e364"), 'content': ContentFile(path="channels/Teledeporte.xml")}
[2024-12-03T00:00:13.288+0000] {logging_mixin.py:190} INFO - Escrito el xmltv del canal "Teledeporte"
[2024-12-03T00:00:15.379+0000] {logging_mixin.py:190} INFO - Archivo actualizado correctamente. {'commit': Commit(sha="6bd5353f71518360f51998fd0a832a2027482868"), 'content': ContentFile(path="channels/24 horas.xml")}
[2024-12-03T00:00:15.380+0000] {logging_mixin.py:190} INFO - Escrito el xmltv del canal "24 horas"
[2024-12-03T00:00:18.046+0000] {logging_mixin.py:190} INFO - Archivo actualizado correctamente. {'commit': Commit(sha="276b2b5c22d435060dac5e7f66d5ca300a4982f6"), 'content': ContentFile(path="channels/Clan.xml")}
[2024-12-03T00:00:18.046+0000] {logging_mixin.py:190} INFO - Escrito el xmltv del canal "Clan"
[2024-12-03T00:00:18.126+0000] {python.py:240} INFO - Done. Returned value was: None
[2024-12-03T00:00:18.131+0000] {taskinstance.py:340} INFO - ::group::Post task execution logs
[2024-12-03T00:00:18.132+0000] {taskinstance.py:352} INFO - Marking task as SUCCESS. dag_id=rtve_schedule_scraper, task_id=scrape_rtve_schedule, run_id=scheduled__2024-12-02T00:00:00+00:00, execution_date=20241202T000000, start_date=20241203T000001, end_date=20241203T000018
[2024-12-03T00:00:18.162+0000] {local_task_job_runner.py:266} INFO - Task exited with return code 0
[2024-12-03T00:00:18.171+0000] {taskinstance.py:3895} INFO - 0 downstream tasks scheduled from follow-on schedule check
[2024-12-03T00:00:18.172+0000] {local_task_job_runner.py:245} INFO - ::endgroup::
[2024-12-04T15:10:23.753+0000] {local_task_job_runner.py:123} INFO - ::group::Pre task execution logs
[2024-12-04T15:10:23.983+0000] {taskinstance.py:2613} INFO - Dependencies all met for dep_context=non-requeueable deps ti=<TaskInstance: rtve_schedule_scraper.scrape_rtve_schedule scheduled__2024-12-02T00:00:00+00:00 [queued]>
[2024-12-04T15:10:23.988+0000] {taskinstance.py:2613} INFO - Dependencies all met for dep_context=requeueable deps ti=<TaskInstance: rtve_schedule_scraper.scrape_rtve_schedule scheduled__2024-12-02T00:00:00+00:00 [queued]>
[2024-12-04T15:10:23.988+0000] {taskinstance.py:2866} INFO - Starting attempt 1 of 2
[2024-12-04T15:10:23.995+0000] {taskinstance.py:2889} INFO - Executing <Task(PythonOperator): scrape_rtve_schedule> on 2024-12-02 00:00:00+00:00
[2024-12-04T15:10:23.999+0000] {warnings.py:112} WARNING - /home/***/.local/lib/python3.12/site-packages/***/task/task_runner/standard_task_runner.py:70: DeprecationWarning: This process (pid=140) is multi-threaded, use of fork() may lead to deadlocks in the child.
  pid = os.fork()

[2024-12-04T15:10:24.000+0000] {standard_task_runner.py:72} INFO - Started process 146 to run task
[2024-12-04T15:10:24.000+0000] {standard_task_runner.py:104} INFO - Running: ['***', 'tasks', 'run', 'rtve_schedule_scraper', 'scrape_rtve_schedule', 'scheduled__2024-12-02T00:00:00+00:00', '--job-id', '419', '--raw', '--subdir', 'DAGS_FOLDER/dag_rtve.py', '--cfg-path', '/tmp/tmpit4kyvjw']
[2024-12-04T15:10:24.002+0000] {standard_task_runner.py:105} INFO - Job 419: Subtask scrape_rtve_schedule
[2024-12-04T15:10:24.029+0000] {task_command.py:467} INFO - Running <TaskInstance: rtve_schedule_scraper.scrape_rtve_schedule scheduled__2024-12-02T00:00:00+00:00 [running]> on host d88abb179e8d
[2024-12-04T15:10:24.072+0000] {taskinstance.py:3132} INFO - Exporting env vars: AIRFLOW_CTX_DAG_OWNER='***' AIRFLOW_CTX_DAG_ID='rtve_schedule_scraper' AIRFLOW_CTX_TASK_ID='scrape_rtve_schedule' AIRFLOW_CTX_EXECUTION_DATE='2024-12-02T00:00:00+00:00' AIRFLOW_CTX_TRY_NUMBER='1' AIRFLOW_CTX_DAG_RUN_ID='scheduled__2024-12-02T00:00:00+00:00'
[2024-12-04T15:10:24.073+0000] {taskinstance.py:731} INFO - ::endgroup::
[2024-12-04T15:10:27.235+0000] {logging_mixin.py:190} INFO - Error: 422 {"message": "Invalid request.\n\n\"sha\" wasn't supplied.", "documentation_url": "https://docs.github.com/rest/repos/contents#create-or-update-file-contents", "status": "422"}
[2024-12-04T15:10:27.236+0000] {logging_mixin.py:190} INFO - Escrito el xmltv del canal "La 1"
[2024-12-04T15:10:28.964+0000] {logging_mixin.py:190} INFO - Archivo actualizado correctamente. {'commit': Commit(sha="010e8138964cb37ae54575235aa1e8ad1d6d3c47"), 'content': ContentFile(path="channels/La 2.xml")}
[2024-12-04T15:10:28.965+0000] {logging_mixin.py:190} INFO - Escrito el xmltv del canal "La 2"
[2024-12-04T15:10:30.717+0000] {logging_mixin.py:190} INFO - Archivo actualizado correctamente. {'commit': Commit(sha="21d14d66cc281c02f1a5886bae815f00ae8ab4a2"), 'content': ContentFile(path="channels/Teledeporte.xml")}
[2024-12-04T15:10:30.718+0000] {logging_mixin.py:190} INFO - Escrito el xmltv del canal "Teledeporte"
[2024-12-04T15:10:33.891+0000] {logging_mixin.py:190} INFO - Error: 422 {"message": "Invalid request.\n\n\"sha\" wasn't supplied.", "documentation_url": "https://docs.github.com/rest/repos/contents#create-or-update-file-contents", "status": "422"}
[2024-12-04T15:10:33.892+0000] {logging_mixin.py:190} INFO - Escrito el xmltv del canal "24 horas"
[2024-12-04T15:10:35.742+0000] {logging_mixin.py:190} INFO - Archivo actualizado correctamente. {'commit': Commit(sha="233dea4afa8aba2cb02e2305ea0abb4985adc8c5"), 'content': ContentFile(path="channels/Clan.xml")}
[2024-12-04T15:10:35.742+0000] {logging_mixin.py:190} INFO - Escrito el xmltv del canal "Clan"
[2024-12-04T15:10:35.743+0000] {python.py:240} INFO - Done. Returned value was: None
[2024-12-04T15:10:35.748+0000] {taskinstance.py:340} INFO - ::group::Post task execution logs
[2024-12-04T15:10:35.749+0000] {taskinstance.py:352} INFO - Marking task as SUCCESS. dag_id=rtve_schedule_scraper, task_id=scrape_rtve_schedule, run_id=scheduled__2024-12-02T00:00:00+00:00, execution_date=20241202T000000, start_date=20241204T151023, end_date=20241204T151035
[2024-12-04T15:10:35.767+0000] {local_task_job_runner.py:266} INFO - Task exited with return code 0
[2024-12-04T15:10:35.776+0000] {taskinstance.py:3895} INFO - 0 downstream tasks scheduled from follow-on schedule check
[2024-12-04T15:10:35.777+0000] {local_task_job_runner.py:245} INFO - ::endgroup::
[2024-12-04T15:19:45.012+0000] {local_task_job_runner.py:123} INFO - ::group::Pre task execution logs
[2024-12-04T15:19:45.021+0000] {taskinstance.py:2613} INFO - Dependencies all met for dep_context=non-requeueable deps ti=<TaskInstance: rtve_schedule_scraper.scrape_rtve_schedule scheduled__2024-12-02T00:00:00+00:00 [queued]>
[2024-12-04T15:19:45.025+0000] {taskinstance.py:2613} INFO - Dependencies all met for dep_context=requeueable deps ti=<TaskInstance: rtve_schedule_scraper.scrape_rtve_schedule scheduled__2024-12-02T00:00:00+00:00 [queued]>
[2024-12-04T15:19:45.025+0000] {taskinstance.py:2866} INFO - Starting attempt 1 of 2
[2024-12-04T15:19:45.032+0000] {taskinstance.py:2889} INFO - Executing <Task(PythonOperator): scrape_rtve_schedule> on 2024-12-02 00:00:00+00:00
[2024-12-04T15:19:45.035+0000] {warnings.py:112} WARNING - /home/***/.local/lib/python3.12/site-packages/***/task/task_runner/standard_task_runner.py:70: DeprecationWarning: This process (pid=154) is multi-threaded, use of fork() may lead to deadlocks in the child.
  pid = os.fork()

[2024-12-04T15:19:45.036+0000] {standard_task_runner.py:72} INFO - Started process 157 to run task
[2024-12-04T15:19:45.036+0000] {standard_task_runner.py:104} INFO - Running: ['***', 'tasks', 'run', 'rtve_schedule_scraper', 'scrape_rtve_schedule', 'scheduled__2024-12-02T00:00:00+00:00', '--job-id', '424', '--raw', '--subdir', 'DAGS_FOLDER/dag_rtve_selenium.py', '--cfg-path', '/tmp/tmpak05k9od']
[2024-12-04T15:19:45.037+0000] {standard_task_runner.py:105} INFO - Job 424: Subtask scrape_rtve_schedule
[2024-12-04T15:19:45.063+0000] {task_command.py:467} INFO - Running <TaskInstance: rtve_schedule_scraper.scrape_rtve_schedule scheduled__2024-12-02T00:00:00+00:00 [running]> on host d88abb179e8d
[2024-12-04T15:19:45.102+0000] {taskinstance.py:3132} INFO - Exporting env vars: AIRFLOW_CTX_DAG_OWNER='***' AIRFLOW_CTX_DAG_ID='rtve_schedule_scraper' AIRFLOW_CTX_TASK_ID='scrape_rtve_schedule' AIRFLOW_CTX_EXECUTION_DATE='2024-12-02T00:00:00+00:00' AIRFLOW_CTX_TRY_NUMBER='1' AIRFLOW_CTX_DAG_RUN_ID='scheduled__2024-12-02T00:00:00+00:00'
[2024-12-04T15:19:45.103+0000] {taskinstance.py:731} INFO - ::endgroup::
[2024-12-04T15:19:52.643+0000] {logging_mixin.py:190} INFO - Archivo actualizado correctamente. {'commit': Commit(sha="bd6990836285c09a4d3d6bb05f0dcaefb26fff89"), 'content': ContentFile(path="channels/La 1.xml")}
[2024-12-04T15:19:52.644+0000] {logging_mixin.py:190} INFO - Escrito el xmltv del canal "La 1"
[2024-12-04T15:19:54.609+0000] {logging_mixin.py:190} INFO - Archivo actualizado correctamente. {'commit': Commit(sha="e58d4ba73697ac6ac7601ebdb5e9928b500aa809"), 'content': ContentFile(path="channels/La 2.xml")}
[2024-12-04T15:19:54.610+0000] {logging_mixin.py:190} INFO - Escrito el xmltv del canal "La 2"
[2024-12-04T15:19:56.471+0000] {logging_mixin.py:190} INFO - Archivo actualizado correctamente. {'commit': Commit(sha="09d907f8438b8bb7e72cc92373779191cafe90b1"), 'content': ContentFile(path="channels/Teledeporte.xml")}
[2024-12-04T15:19:56.471+0000] {logging_mixin.py:190} INFO - Escrito el xmltv del canal "Teledeporte"
[2024-12-04T15:19:58.544+0000] {logging_mixin.py:190} INFO - Archivo actualizado correctamente. {'commit': Commit(sha="f0d4d1293ca52badb1f158e1b94f3997dcd29097"), 'content': ContentFile(path="channels/24 horas.xml")}
[2024-12-04T15:19:58.545+0000] {logging_mixin.py:190} INFO - Escrito el xmltv del canal "24 horas"
[2024-12-04T15:20:00.781+0000] {logging_mixin.py:190} INFO - Archivo actualizado correctamente. {'commit': Commit(sha="a4167201ef5a3bcbf431f76cc2cb393453650764"), 'content': ContentFile(path="channels/Clan.xml")}
[2024-12-04T15:20:00.782+0000] {logging_mixin.py:190} INFO - Escrito el xmltv del canal "Clan"
[2024-12-04T15:20:00.862+0000] {python.py:240} INFO - Done. Returned value was: None
[2024-12-04T15:20:00.870+0000] {taskinstance.py:340} INFO - ::group::Post task execution logs
[2024-12-04T15:20:00.870+0000] {taskinstance.py:352} INFO - Marking task as SUCCESS. dag_id=rtve_schedule_scraper, task_id=scrape_rtve_schedule, run_id=scheduled__2024-12-02T00:00:00+00:00, execution_date=20241202T000000, start_date=20241204T151945, end_date=20241204T152000
[2024-12-04T15:20:00.921+0000] {local_task_job_runner.py:266} INFO - Task exited with return code 0
[2024-12-04T15:20:00.932+0000] {taskinstance.py:3895} INFO - 0 downstream tasks scheduled from follow-on schedule check
[2024-12-04T15:20:00.933+0000] {local_task_job_runner.py:245} INFO - ::endgroup::
