[2024-12-23T11:30:05.602+0000] {local_task_job_runner.py:123} INFO - ::group::Pre task execution logs
[2024-12-23T11:30:05.612+0000] {taskinstance.py:2613} INFO - Dependencies all met for dep_context=non-requeueable deps ti=<TaskInstance: la_otra_schedule_scraper.merge_all_xml scheduled__2024-12-23T05:30:00+00:00 [queued]>
[2024-12-23T11:30:05.617+0000] {taskinstance.py:2613} INFO - Dependencies all met for dep_context=requeueable deps ti=<TaskInstance: la_otra_schedule_scraper.merge_all_xml scheduled__2024-12-23T05:30:00+00:00 [queued]>
[2024-12-23T11:30:05.617+0000] {taskinstance.py:2866} INFO - Starting attempt 1 of 4
[2024-12-23T11:30:05.624+0000] {taskinstance.py:2889} INFO - Executing <Task(_PythonDecoratedOperator): merge_all_xml> on 2024-12-23 05:30:00+00:00
[2024-12-23T11:30:05.627+0000] {warnings.py:112} WARNING - /home/***/.local/lib/python3.12/site-packages/***/task/task_runner/standard_task_runner.py:70: DeprecationWarning: This process (pid=1549) is multi-threaded, use of fork() may lead to deadlocks in the child.
  pid = os.fork()

[2024-12-23T11:30:05.628+0000] {standard_task_runner.py:72} INFO - Started process 1550 to run task
[2024-12-23T11:30:05.629+0000] {standard_task_runner.py:104} INFO - Running: ['***', 'tasks', 'run', 'la_otra_schedule_scraper', 'merge_all_xml', 'scheduled__2024-12-23T05:30:00+00:00', '--job-id', '2663', '--raw', '--subdir', 'DAGS_FOLDER/dag_la_otra.py', '--cfg-path', '/tmp/tmp6ic8qwbp']
[2024-12-23T11:30:05.630+0000] {standard_task_runner.py:105} INFO - Job 2663: Subtask merge_all_xml
[2024-12-23T11:30:05.652+0000] {task_command.py:467} INFO - Running <TaskInstance: la_otra_schedule_scraper.merge_all_xml scheduled__2024-12-23T05:30:00+00:00 [running]> on host b605548c7b8b
[2024-12-23T11:30:05.692+0000] {taskinstance.py:3132} INFO - Exporting env vars: AIRFLOW_CTX_DAG_OWNER='***' AIRFLOW_CTX_DAG_ID='la_otra_schedule_scraper' AIRFLOW_CTX_TASK_ID='merge_all_xml' AIRFLOW_CTX_EXECUTION_DATE='2024-12-23T05:30:00+00:00' AIRFLOW_CTX_TRY_NUMBER='1' AIRFLOW_CTX_DAG_RUN_ID='scheduled__2024-12-23T05:30:00+00:00'
[2024-12-23T11:30:05.693+0000] {taskinstance.py:731} INFO - ::endgroup::
[2024-12-23T11:30:05.808+0000] {logging_mixin.py:190} INFO - [INFO] Generado el archivo "all_in_one.xml"
[2024-12-23T11:30:05.810+0000] {python.py:240} INFO - Done. Returned value was: None
[2024-12-23T11:30:05.816+0000] {taskinstance.py:340} INFO - ::group::Post task execution logs
[2024-12-23T11:30:05.817+0000] {taskinstance.py:352} INFO - Marking task as SUCCESS. dag_id=la_otra_schedule_scraper, task_id=merge_all_xml, run_id=scheduled__2024-12-23T05:30:00+00:00, execution_date=20241223T053000, start_date=20241223T113005, end_date=20241223T113005
[2024-12-23T11:30:05.842+0000] {local_task_job_runner.py:266} INFO - Task exited with return code 0
[2024-12-23T11:30:05.854+0000] {taskinstance.py:3895} INFO - 1 downstream tasks scheduled from follow-on schedule check
[2024-12-23T11:30:05.856+0000] {local_task_job_runner.py:245} INFO - ::endgroup::
