[2024-11-30T12:31:23.643+0000] {processor.py:186} INFO - Started process (PID=114) to work on /home/airflow/.local/lib/python3.12/site-packages/airflow/example_dags/example_branch_datetime_operator.py
[2024-11-30T12:31:23.643+0000] {processor.py:914} INFO - Processing file /home/airflow/.local/lib/python3.12/site-packages/airflow/example_dags/example_branch_datetime_operator.py for tasks to queue
[2024-11-30T12:31:23.645+0000] {logging_mixin.py:190} INFO - [2024-11-30T12:31:23.645+0000] {dagbag.py:588} INFO - Filling up the DagBag from /home/airflow/.local/lib/python3.12/site-packages/airflow/example_dags/example_branch_datetime_operator.py
[2024-11-30T12:31:23.651+0000] {processor.py:925} INFO - DAG(s) 'example_branch_datetime_operator_3', 'example_branch_datetime_operator', 'example_branch_datetime_operator_2' retrieved from /home/airflow/.local/lib/python3.12/site-packages/airflow/example_dags/example_branch_datetime_operator.py
[2024-11-30T12:31:23.725+0000] {logging_mixin.py:190} INFO - [2024-11-30T12:31:23.725+0000] {dag.py:3239} INFO - Sync 3 DAGs
[2024-11-30T12:31:23.737+0000] {logging_mixin.py:190} INFO - [2024-11-30T12:31:23.737+0000] {dag.py:4180} INFO - Setting next_dagrun for example_branch_datetime_operator to 2024-11-29 00:00:00+00:00, run_after=2024-11-30 00:00:00+00:00
[2024-11-30T12:31:23.739+0000] {logging_mixin.py:190} INFO - [2024-11-30T12:31:23.739+0000] {dag.py:4180} INFO - Setting next_dagrun for example_branch_datetime_operator_2 to 2024-11-29 00:00:00+00:00, run_after=2024-11-30 00:00:00+00:00
[2024-11-30T12:31:23.740+0000] {logging_mixin.py:190} INFO - [2024-11-30T12:31:23.740+0000] {dag.py:4180} INFO - Setting next_dagrun for example_branch_datetime_operator_3 to 2024-11-29 00:00:00+00:00, run_after=2024-11-30 00:00:00+00:00
[2024-11-30T12:31:23.749+0000] {processor.py:208} INFO - Processing /home/airflow/.local/lib/python3.12/site-packages/airflow/example_dags/example_branch_datetime_operator.py took 0.109 seconds
[2024-11-30T12:31:54.431+0000] {processor.py:186} INFO - Started process (PID=177) to work on /home/airflow/.local/lib/python3.12/site-packages/airflow/example_dags/example_branch_datetime_operator.py
[2024-11-30T12:31:54.431+0000] {processor.py:914} INFO - Processing file /home/airflow/.local/lib/python3.12/site-packages/airflow/example_dags/example_branch_datetime_operator.py for tasks to queue
[2024-11-30T12:31:54.433+0000] {logging_mixin.py:190} INFO - [2024-11-30T12:31:54.432+0000] {dagbag.py:588} INFO - Filling up the DagBag from /home/airflow/.local/lib/python3.12/site-packages/airflow/example_dags/example_branch_datetime_operator.py
[2024-11-30T12:31:54.439+0000] {processor.py:925} INFO - DAG(s) 'example_branch_datetime_operator_2', 'example_branch_datetime_operator', 'example_branch_datetime_operator_3' retrieved from /home/airflow/.local/lib/python3.12/site-packages/airflow/example_dags/example_branch_datetime_operator.py
[2024-11-30T12:31:54.452+0000] {logging_mixin.py:190} INFO - [2024-11-30T12:31:54.452+0000] {dag.py:3239} INFO - Sync 3 DAGs
[2024-11-30T12:31:54.464+0000] {logging_mixin.py:190} INFO - [2024-11-30T12:31:54.464+0000] {dag.py:4180} INFO - Setting next_dagrun for example_branch_datetime_operator to 2024-11-29 00:00:00+00:00, run_after=2024-11-30 00:00:00+00:00
[2024-11-30T12:31:54.467+0000] {logging_mixin.py:190} INFO - [2024-11-30T12:31:54.466+0000] {dag.py:4180} INFO - Setting next_dagrun for example_branch_datetime_operator_2 to 2024-11-29 00:00:00+00:00, run_after=2024-11-30 00:00:00+00:00
[2024-11-30T12:31:54.468+0000] {logging_mixin.py:190} INFO - [2024-11-30T12:31:54.468+0000] {dag.py:4180} INFO - Setting next_dagrun for example_branch_datetime_operator_3 to 2024-11-29 00:00:00+00:00, run_after=2024-11-30 00:00:00+00:00
[2024-11-30T12:31:54.476+0000] {processor.py:208} INFO - Processing /home/airflow/.local/lib/python3.12/site-packages/airflow/example_dags/example_branch_datetime_operator.py took 0.048 seconds
[2024-11-30T12:32:25.770+0000] {processor.py:186} INFO - Started process (PID=246) to work on /home/airflow/.local/lib/python3.12/site-packages/airflow/example_dags/example_branch_datetime_operator.py
[2024-11-30T12:32:25.771+0000] {processor.py:914} INFO - Processing file /home/airflow/.local/lib/python3.12/site-packages/airflow/example_dags/example_branch_datetime_operator.py for tasks to queue
[2024-11-30T12:32:25.772+0000] {logging_mixin.py:190} INFO - [2024-11-30T12:32:25.772+0000] {dagbag.py:588} INFO - Filling up the DagBag from /home/airflow/.local/lib/python3.12/site-packages/airflow/example_dags/example_branch_datetime_operator.py
[2024-11-30T12:32:25.778+0000] {processor.py:925} INFO - DAG(s) 'example_branch_datetime_operator', 'example_branch_datetime_operator_2', 'example_branch_datetime_operator_3' retrieved from /home/airflow/.local/lib/python3.12/site-packages/airflow/example_dags/example_branch_datetime_operator.py
[2024-11-30T12:32:25.792+0000] {logging_mixin.py:190} INFO - [2024-11-30T12:32:25.791+0000] {dag.py:3239} INFO - Sync 3 DAGs
[2024-11-30T12:32:25.805+0000] {logging_mixin.py:190} INFO - [2024-11-30T12:32:25.805+0000] {dag.py:4180} INFO - Setting next_dagrun for example_branch_datetime_operator to 2024-11-29 00:00:00+00:00, run_after=2024-11-30 00:00:00+00:00
[2024-11-30T12:32:25.807+0000] {logging_mixin.py:190} INFO - [2024-11-30T12:32:25.807+0000] {dag.py:4180} INFO - Setting next_dagrun for example_branch_datetime_operator_2 to 2024-11-29 00:00:00+00:00, run_after=2024-11-30 00:00:00+00:00
[2024-11-30T12:32:25.809+0000] {logging_mixin.py:190} INFO - [2024-11-30T12:32:25.809+0000] {dag.py:4180} INFO - Setting next_dagrun for example_branch_datetime_operator_3 to 2024-11-29 00:00:00+00:00, run_after=2024-11-30 00:00:00+00:00
[2024-11-30T12:32:25.817+0000] {processor.py:208} INFO - Processing /home/airflow/.local/lib/python3.12/site-packages/airflow/example_dags/example_branch_datetime_operator.py took 0.050 seconds
