[2024-11-30T12:31:21.640+0000] {processor.py:186} INFO - Started process (PID=87) to work on /home/airflow/.local/lib/python3.12/site-packages/airflow/example_dags/example_dag_decorator.py
[2024-11-30T12:31:21.640+0000] {processor.py:914} INFO - Processing file /home/airflow/.local/lib/python3.12/site-packages/airflow/example_dags/example_dag_decorator.py for tasks to queue
[2024-11-30T12:31:21.642+0000] {logging_mixin.py:190} INFO - [2024-11-30T12:31:21.642+0000] {dagbag.py:588} INFO - Filling up the DagBag from /home/airflow/.local/lib/python3.12/site-packages/airflow/example_dags/example_dag_decorator.py
[2024-11-30T12:31:21.650+0000] {processor.py:925} INFO - DAG(s) 'example_dag_decorator' retrieved from /home/airflow/.local/lib/python3.12/site-packages/airflow/example_dags/example_dag_decorator.py
[2024-11-30T12:31:21.709+0000] {logging_mixin.py:190} INFO - [2024-11-30T12:31:21.709+0000] {dag.py:3239} INFO - Sync 1 DAGs
[2024-11-30T12:31:21.716+0000] {logging_mixin.py:190} INFO - [2024-11-30T12:31:21.716+0000] {dag.py:4180} INFO - Setting next_dagrun for example_dag_decorator to None, run_after=None
[2024-11-30T12:31:21.725+0000] {processor.py:208} INFO - Processing /home/airflow/.local/lib/python3.12/site-packages/airflow/example_dags/example_dag_decorator.py took 0.089 seconds
[2024-11-30T12:31:52.095+0000] {processor.py:186} INFO - Started process (PID=150) to work on /home/airflow/.local/lib/python3.12/site-packages/airflow/example_dags/example_dag_decorator.py
[2024-11-30T12:31:52.096+0000] {processor.py:914} INFO - Processing file /home/airflow/.local/lib/python3.12/site-packages/airflow/example_dags/example_dag_decorator.py for tasks to queue
[2024-11-30T12:31:52.097+0000] {logging_mixin.py:190} INFO - [2024-11-30T12:31:52.097+0000] {dagbag.py:588} INFO - Filling up the DagBag from /home/airflow/.local/lib/python3.12/site-packages/airflow/example_dags/example_dag_decorator.py
[2024-11-30T12:31:52.103+0000] {processor.py:925} INFO - DAG(s) 'example_dag_decorator' retrieved from /home/airflow/.local/lib/python3.12/site-packages/airflow/example_dags/example_dag_decorator.py
[2024-11-30T12:31:52.158+0000] {logging_mixin.py:190} INFO - [2024-11-30T12:31:52.158+0000] {dag.py:3239} INFO - Sync 1 DAGs
[2024-11-30T12:31:52.164+0000] {logging_mixin.py:190} INFO - [2024-11-30T12:31:52.164+0000] {dag.py:4180} INFO - Setting next_dagrun for example_dag_decorator to None, run_after=None
[2024-11-30T12:31:52.172+0000] {processor.py:208} INFO - Processing /home/airflow/.local/lib/python3.12/site-packages/airflow/example_dags/example_dag_decorator.py took 0.081 seconds
[2024-11-30T12:32:22.540+0000] {processor.py:186} INFO - Started process (PID=213) to work on /home/airflow/.local/lib/python3.12/site-packages/airflow/example_dags/example_dag_decorator.py
[2024-11-30T12:32:22.540+0000] {processor.py:914} INFO - Processing file /home/airflow/.local/lib/python3.12/site-packages/airflow/example_dags/example_dag_decorator.py for tasks to queue
[2024-11-30T12:32:22.542+0000] {logging_mixin.py:190} INFO - [2024-11-30T12:32:22.541+0000] {dagbag.py:588} INFO - Filling up the DagBag from /home/airflow/.local/lib/python3.12/site-packages/airflow/example_dags/example_dag_decorator.py
[2024-11-30T12:32:22.548+0000] {processor.py:925} INFO - DAG(s) 'example_dag_decorator' retrieved from /home/airflow/.local/lib/python3.12/site-packages/airflow/example_dags/example_dag_decorator.py
[2024-11-30T12:32:22.601+0000] {logging_mixin.py:190} INFO - [2024-11-30T12:32:22.601+0000] {dag.py:3239} INFO - Sync 1 DAGs
[2024-11-30T12:32:22.607+0000] {logging_mixin.py:190} INFO - [2024-11-30T12:32:22.607+0000] {dag.py:4180} INFO - Setting next_dagrun for example_dag_decorator to None, run_after=None
[2024-11-30T12:32:22.617+0000] {processor.py:208} INFO - Processing /home/airflow/.local/lib/python3.12/site-packages/airflow/example_dags/example_dag_decorator.py took 0.080 seconds
