[2024-11-30T12:31:21.768+0000] {processor.py:186} INFO - Started process (PID=90) to work on /home/airflow/.local/lib/python3.12/site-packages/airflow/example_dags/example_latest_only_with_trigger.py
[2024-11-30T12:31:21.769+0000] {processor.py:914} INFO - Processing file /home/airflow/.local/lib/python3.12/site-packages/airflow/example_dags/example_latest_only_with_trigger.py for tasks to queue
[2024-11-30T12:31:21.770+0000] {logging_mixin.py:190} INFO - [2024-11-30T12:31:21.770+0000] {dagbag.py:588} INFO - Filling up the DagBag from /home/airflow/.local/lib/python3.12/site-packages/airflow/example_dags/example_latest_only_with_trigger.py
[2024-11-30T12:31:21.776+0000] {processor.py:925} INFO - DAG(s) 'latest_only_with_trigger' retrieved from /home/airflow/.local/lib/python3.12/site-packages/airflow/example_dags/example_latest_only_with_trigger.py
[2024-11-30T12:31:21.840+0000] {logging_mixin.py:190} INFO - [2024-11-30T12:31:21.840+0000] {dag.py:3239} INFO - Sync 1 DAGs
[2024-11-30T12:31:21.851+0000] {logging_mixin.py:190} INFO - [2024-11-30T12:31:21.851+0000] {dag.py:4180} INFO - Setting next_dagrun for latest_only_with_trigger to 2024-11-30 08:00:00+00:00, run_after=2024-11-30 12:00:00+00:00
[2024-11-30T12:31:21.861+0000] {processor.py:208} INFO - Processing /home/airflow/.local/lib/python3.12/site-packages/airflow/example_dags/example_latest_only_with_trigger.py took 0.097 seconds
[2024-11-30T12:31:52.248+0000] {processor.py:186} INFO - Started process (PID=153) to work on /home/airflow/.local/lib/python3.12/site-packages/airflow/example_dags/example_latest_only_with_trigger.py
[2024-11-30T12:31:52.249+0000] {processor.py:914} INFO - Processing file /home/airflow/.local/lib/python3.12/site-packages/airflow/example_dags/example_latest_only_with_trigger.py for tasks to queue
[2024-11-30T12:31:52.250+0000] {logging_mixin.py:190} INFO - [2024-11-30T12:31:52.250+0000] {dagbag.py:588} INFO - Filling up the DagBag from /home/airflow/.local/lib/python3.12/site-packages/airflow/example_dags/example_latest_only_with_trigger.py
[2024-11-30T12:31:52.254+0000] {processor.py:925} INFO - DAG(s) 'latest_only_with_trigger' retrieved from /home/airflow/.local/lib/python3.12/site-packages/airflow/example_dags/example_latest_only_with_trigger.py
[2024-11-30T12:31:52.264+0000] {logging_mixin.py:190} INFO - [2024-11-30T12:31:52.264+0000] {dag.py:3239} INFO - Sync 1 DAGs
[2024-11-30T12:31:52.275+0000] {logging_mixin.py:190} INFO - [2024-11-30T12:31:52.275+0000] {dag.py:4180} INFO - Setting next_dagrun for latest_only_with_trigger to 2024-11-30 08:00:00+00:00, run_after=2024-11-30 12:00:00+00:00
[2024-11-30T12:31:52.285+0000] {processor.py:208} INFO - Processing /home/airflow/.local/lib/python3.12/site-packages/airflow/example_dags/example_latest_only_with_trigger.py took 0.039 seconds
[2024-11-30T12:32:22.633+0000] {processor.py:186} INFO - Started process (PID=216) to work on /home/airflow/.local/lib/python3.12/site-packages/airflow/example_dags/example_latest_only_with_trigger.py
[2024-11-30T12:32:22.633+0000] {processor.py:914} INFO - Processing file /home/airflow/.local/lib/python3.12/site-packages/airflow/example_dags/example_latest_only_with_trigger.py for tasks to queue
[2024-11-30T12:32:22.635+0000] {logging_mixin.py:190} INFO - [2024-11-30T12:32:22.635+0000] {dagbag.py:588} INFO - Filling up the DagBag from /home/airflow/.local/lib/python3.12/site-packages/airflow/example_dags/example_latest_only_with_trigger.py
[2024-11-30T12:32:22.639+0000] {processor.py:925} INFO - DAG(s) 'latest_only_with_trigger' retrieved from /home/airflow/.local/lib/python3.12/site-packages/airflow/example_dags/example_latest_only_with_trigger.py
[2024-11-30T12:32:22.649+0000] {logging_mixin.py:190} INFO - [2024-11-30T12:32:22.649+0000] {dag.py:3239} INFO - Sync 1 DAGs
[2024-11-30T12:32:22.661+0000] {logging_mixin.py:190} INFO - [2024-11-30T12:32:22.661+0000] {dag.py:4180} INFO - Setting next_dagrun for latest_only_with_trigger to 2024-11-30 08:00:00+00:00, run_after=2024-11-30 12:00:00+00:00
[2024-11-30T12:32:22.669+0000] {processor.py:208} INFO - Processing /home/airflow/.local/lib/python3.12/site-packages/airflow/example_dags/example_latest_only_with_trigger.py took 0.040 seconds
