[2024-11-30T12:31:22.404+0000] {processor.py:186} INFO - Started process (PID=102) to work on /home/airflow/.local/lib/python3.12/site-packages/airflow/example_dags/example_outlet_event_extra.py
[2024-11-30T12:31:22.405+0000] {processor.py:914} INFO - Processing file /home/airflow/.local/lib/python3.12/site-packages/airflow/example_dags/example_outlet_event_extra.py for tasks to queue
[2024-11-30T12:31:22.406+0000] {logging_mixin.py:190} INFO - [2024-11-30T12:31:22.406+0000] {dagbag.py:588} INFO - Filling up the DagBag from /home/airflow/.local/lib/python3.12/site-packages/airflow/example_dags/example_outlet_event_extra.py
[2024-11-30T12:31:22.734+0000] {processor.py:925} INFO - DAG(s) 'dataset_with_extra_from_classic_operator', 'dataset_with_extra_by_yield', 'dataset_with_extra_by_context' retrieved from /home/airflow/.local/lib/python3.12/site-packages/airflow/example_dags/example_outlet_event_extra.py
[2024-11-30T12:31:22.805+0000] {logging_mixin.py:190} INFO - [2024-11-30T12:31:22.805+0000] {dag.py:3239} INFO - Sync 3 DAGs
[2024-11-30T12:31:22.817+0000] {logging_mixin.py:190} INFO - [2024-11-30T12:31:22.817+0000] {dag.py:4180} INFO - Setting next_dagrun for dataset_with_extra_by_context to 2024-11-29 00:00:00+00:00, run_after=2024-11-30 00:00:00+00:00
[2024-11-30T12:31:22.819+0000] {logging_mixin.py:190} INFO - [2024-11-30T12:31:22.819+0000] {dag.py:4180} INFO - Setting next_dagrun for dataset_with_extra_by_yield to 2024-11-29 00:00:00+00:00, run_after=2024-11-30 00:00:00+00:00
[2024-11-30T12:31:22.821+0000] {logging_mixin.py:190} INFO - [2024-11-30T12:31:22.820+0000] {dag.py:4180} INFO - Setting next_dagrun for dataset_with_extra_from_classic_operator to 2024-11-29 00:00:00+00:00, run_after=2024-11-30 00:00:00+00:00
[2024-11-30T12:31:22.834+0000] {processor.py:208} INFO - Processing /home/airflow/.local/lib/python3.12/site-packages/airflow/example_dags/example_outlet_event_extra.py took 0.432 seconds
[2024-11-30T12:31:53.709+0000] {processor.py:186} INFO - Started process (PID=167) to work on /home/airflow/.local/lib/python3.12/site-packages/airflow/example_dags/example_outlet_event_extra.py
[2024-11-30T12:31:53.710+0000] {processor.py:914} INFO - Processing file /home/airflow/.local/lib/python3.12/site-packages/airflow/example_dags/example_outlet_event_extra.py for tasks to queue
[2024-11-30T12:31:53.711+0000] {logging_mixin.py:190} INFO - [2024-11-30T12:31:53.711+0000] {dagbag.py:588} INFO - Filling up the DagBag from /home/airflow/.local/lib/python3.12/site-packages/airflow/example_dags/example_outlet_event_extra.py
[2024-11-30T12:31:54.029+0000] {processor.py:925} INFO - DAG(s) 'dataset_with_extra_by_context', 'dataset_with_extra_by_yield', 'dataset_with_extra_from_classic_operator' retrieved from /home/airflow/.local/lib/python3.12/site-packages/airflow/example_dags/example_outlet_event_extra.py
[2024-11-30T12:31:54.042+0000] {logging_mixin.py:190} INFO - [2024-11-30T12:31:54.042+0000] {dag.py:3239} INFO - Sync 3 DAGs
[2024-11-30T12:31:54.056+0000] {logging_mixin.py:190} INFO - [2024-11-30T12:31:54.055+0000] {dag.py:4180} INFO - Setting next_dagrun for dataset_with_extra_by_context to 2024-11-29 00:00:00+00:00, run_after=2024-11-30 00:00:00+00:00
[2024-11-30T12:31:54.058+0000] {logging_mixin.py:190} INFO - [2024-11-30T12:31:54.058+0000] {dag.py:4180} INFO - Setting next_dagrun for dataset_with_extra_by_yield to 2024-11-29 00:00:00+00:00, run_after=2024-11-30 00:00:00+00:00
[2024-11-30T12:31:54.060+0000] {logging_mixin.py:190} INFO - [2024-11-30T12:31:54.059+0000] {dag.py:4180} INFO - Setting next_dagrun for dataset_with_extra_from_classic_operator to 2024-11-29 00:00:00+00:00, run_after=2024-11-30 00:00:00+00:00
[2024-11-30T12:31:54.069+0000] {processor.py:208} INFO - Processing /home/airflow/.local/lib/python3.12/site-packages/airflow/example_dags/example_outlet_event_extra.py took 0.364 seconds
[2024-11-30T12:32:25.031+0000] {processor.py:186} INFO - Started process (PID=236) to work on /home/airflow/.local/lib/python3.12/site-packages/airflow/example_dags/example_outlet_event_extra.py
[2024-11-30T12:32:25.032+0000] {processor.py:914} INFO - Processing file /home/airflow/.local/lib/python3.12/site-packages/airflow/example_dags/example_outlet_event_extra.py for tasks to queue
[2024-11-30T12:32:25.033+0000] {logging_mixin.py:190} INFO - [2024-11-30T12:32:25.033+0000] {dagbag.py:588} INFO - Filling up the DagBag from /home/airflow/.local/lib/python3.12/site-packages/airflow/example_dags/example_outlet_event_extra.py
[2024-11-30T12:32:25.350+0000] {processor.py:925} INFO - DAG(s) 'dataset_with_extra_from_classic_operator', 'dataset_with_extra_by_yield', 'dataset_with_extra_by_context' retrieved from /home/airflow/.local/lib/python3.12/site-packages/airflow/example_dags/example_outlet_event_extra.py
[2024-11-30T12:32:25.362+0000] {logging_mixin.py:190} INFO - [2024-11-30T12:32:25.362+0000] {dag.py:3239} INFO - Sync 3 DAGs
[2024-11-30T12:32:25.374+0000] {logging_mixin.py:190} INFO - [2024-11-30T12:32:25.374+0000] {dag.py:4180} INFO - Setting next_dagrun for dataset_with_extra_by_context to 2024-11-29 00:00:00+00:00, run_after=2024-11-30 00:00:00+00:00
[2024-11-30T12:32:25.377+0000] {logging_mixin.py:190} INFO - [2024-11-30T12:32:25.377+0000] {dag.py:4180} INFO - Setting next_dagrun for dataset_with_extra_by_yield to 2024-11-29 00:00:00+00:00, run_after=2024-11-30 00:00:00+00:00
[2024-11-30T12:32:25.378+0000] {logging_mixin.py:190} INFO - [2024-11-30T12:32:25.378+0000] {dag.py:4180} INFO - Setting next_dagrun for dataset_with_extra_from_classic_operator to 2024-11-29 00:00:00+00:00, run_after=2024-11-30 00:00:00+00:00
[2024-11-30T12:32:25.387+0000] {processor.py:208} INFO - Processing /home/airflow/.local/lib/python3.12/site-packages/airflow/example_dags/example_outlet_event_extra.py took 0.359 seconds
