[2024-11-30T12:31:22.854+0000] {processor.py:186} INFO - Started process (PID=106) to work on /home/airflow/.local/lib/python3.12/site-packages/airflow/example_dags/example_xcomargs.py
[2024-11-30T12:31:22.855+0000] {processor.py:914} INFO - Processing file /home/airflow/.local/lib/python3.12/site-packages/airflow/example_dags/example_xcomargs.py for tasks to queue
[2024-11-30T12:31:22.856+0000] {logging_mixin.py:190} INFO - [2024-11-30T12:31:22.856+0000] {dagbag.py:588} INFO - Filling up the DagBag from /home/airflow/.local/lib/python3.12/site-packages/airflow/example_dags/example_xcomargs.py
[2024-11-30T12:31:22.863+0000] {processor.py:925} INFO - DAG(s) 'example_xcom_args_with_operators', 'example_xcom_args' retrieved from /home/airflow/.local/lib/python3.12/site-packages/airflow/example_dags/example_xcomargs.py
[2024-11-30T12:31:22.926+0000] {logging_mixin.py:190} INFO - [2024-11-30T12:31:22.926+0000] {dag.py:3239} INFO - Sync 2 DAGs
[2024-11-30T12:31:22.934+0000] {logging_mixin.py:190} INFO - [2024-11-30T12:31:22.933+0000] {dag.py:4180} INFO - Setting next_dagrun for example_xcom_args to None, run_after=None
[2024-11-30T12:31:22.935+0000] {logging_mixin.py:190} INFO - [2024-11-30T12:31:22.935+0000] {dag.py:4180} INFO - Setting next_dagrun for example_xcom_args_with_operators to None, run_after=None
[2024-11-30T12:31:22.944+0000] {processor.py:208} INFO - Processing /home/airflow/.local/lib/python3.12/site-packages/airflow/example_dags/example_xcomargs.py took 0.093 seconds
[2024-11-30T12:31:54.088+0000] {processor.py:186} INFO - Started process (PID=169) to work on /home/airflow/.local/lib/python3.12/site-packages/airflow/example_dags/example_xcomargs.py
[2024-11-30T12:31:54.089+0000] {processor.py:914} INFO - Processing file /home/airflow/.local/lib/python3.12/site-packages/airflow/example_dags/example_xcomargs.py for tasks to queue
[2024-11-30T12:31:54.090+0000] {logging_mixin.py:190} INFO - [2024-11-30T12:31:54.090+0000] {dagbag.py:588} INFO - Filling up the DagBag from /home/airflow/.local/lib/python3.12/site-packages/airflow/example_dags/example_xcomargs.py
[2024-11-30T12:31:54.096+0000] {processor.py:925} INFO - DAG(s) 'example_xcom_args', 'example_xcom_args_with_operators' retrieved from /home/airflow/.local/lib/python3.12/site-packages/airflow/example_dags/example_xcomargs.py
[2024-11-30T12:31:54.108+0000] {logging_mixin.py:190} INFO - [2024-11-30T12:31:54.108+0000] {dag.py:3239} INFO - Sync 2 DAGs
[2024-11-30T12:31:54.116+0000] {logging_mixin.py:190} INFO - [2024-11-30T12:31:54.116+0000] {dag.py:4180} INFO - Setting next_dagrun for example_xcom_args to None, run_after=None
[2024-11-30T12:31:54.118+0000] {logging_mixin.py:190} INFO - [2024-11-30T12:31:54.118+0000] {dag.py:4180} INFO - Setting next_dagrun for example_xcom_args_with_operators to None, run_after=None
[2024-11-30T12:31:54.126+0000] {processor.py:208} INFO - Processing /home/airflow/.local/lib/python3.12/site-packages/airflow/example_dags/example_xcomargs.py took 0.041 seconds
[2024-11-30T12:32:25.406+0000] {processor.py:186} INFO - Started process (PID=238) to work on /home/airflow/.local/lib/python3.12/site-packages/airflow/example_dags/example_xcomargs.py
[2024-11-30T12:32:25.407+0000] {processor.py:914} INFO - Processing file /home/airflow/.local/lib/python3.12/site-packages/airflow/example_dags/example_xcomargs.py for tasks to queue
[2024-11-30T12:32:25.408+0000] {logging_mixin.py:190} INFO - [2024-11-30T12:32:25.408+0000] {dagbag.py:588} INFO - Filling up the DagBag from /home/airflow/.local/lib/python3.12/site-packages/airflow/example_dags/example_xcomargs.py
[2024-11-30T12:32:25.414+0000] {processor.py:925} INFO - DAG(s) 'example_xcom_args', 'example_xcom_args_with_operators' retrieved from /home/airflow/.local/lib/python3.12/site-packages/airflow/example_dags/example_xcomargs.py
[2024-11-30T12:32:25.427+0000] {logging_mixin.py:190} INFO - [2024-11-30T12:32:25.427+0000] {dag.py:3239} INFO - Sync 2 DAGs
[2024-11-30T12:32:25.435+0000] {logging_mixin.py:190} INFO - [2024-11-30T12:32:25.435+0000] {dag.py:4180} INFO - Setting next_dagrun for example_xcom_args to None, run_after=None
[2024-11-30T12:32:25.437+0000] {logging_mixin.py:190} INFO - [2024-11-30T12:32:25.437+0000] {dag.py:4180} INFO - Setting next_dagrun for example_xcom_args_with_operators to None, run_after=None
[2024-11-30T12:32:25.445+0000] {processor.py:208} INFO - Processing /home/airflow/.local/lib/python3.12/site-packages/airflow/example_dags/example_xcomargs.py took 0.042 seconds
