[2024-11-30T12:31:22.054+0000] {processor.py:186} INFO - Started process (PID=95) to work on /home/airflow/.local/lib/python3.12/site-packages/airflow/example_dags/example_sensors.py
[2024-11-30T12:31:22.054+0000] {processor.py:914} INFO - Processing file /home/airflow/.local/lib/python3.12/site-packages/airflow/example_dags/example_sensors.py for tasks to queue
[2024-11-30T12:31:22.056+0000] {logging_mixin.py:190} INFO - [2024-11-30T12:31:22.055+0000] {dagbag.py:588} INFO - Filling up the DagBag from /home/airflow/.local/lib/python3.12/site-packages/airflow/example_dags/example_sensors.py
[2024-11-30T12:31:22.062+0000] {processor.py:925} INFO - DAG(s) 'example_sensors' retrieved from /home/airflow/.local/lib/python3.12/site-packages/airflow/example_dags/example_sensors.py
[2024-11-30T12:31:22.122+0000] {logging_mixin.py:190} INFO - [2024-11-30T12:31:22.122+0000] {dag.py:3239} INFO - Sync 1 DAGs
[2024-11-30T12:31:22.129+0000] {logging_mixin.py:190} INFO - [2024-11-30T12:31:22.128+0000] {dag.py:4180} INFO - Setting next_dagrun for example_sensors to None, run_after=None
[2024-11-30T12:31:22.138+0000] {processor.py:208} INFO - Processing /home/airflow/.local/lib/python3.12/site-packages/airflow/example_dags/example_sensors.py took 0.088 seconds
[2024-11-30T12:31:52.410+0000] {processor.py:186} INFO - Started process (PID=158) to work on /home/airflow/.local/lib/python3.12/site-packages/airflow/example_dags/example_sensors.py
[2024-11-30T12:31:52.411+0000] {processor.py:914} INFO - Processing file /home/airflow/.local/lib/python3.12/site-packages/airflow/example_dags/example_sensors.py for tasks to queue
[2024-11-30T12:31:52.412+0000] {logging_mixin.py:190} INFO - [2024-11-30T12:31:52.412+0000] {dagbag.py:588} INFO - Filling up the DagBag from /home/airflow/.local/lib/python3.12/site-packages/airflow/example_dags/example_sensors.py
[2024-11-30T12:31:52.418+0000] {processor.py:925} INFO - DAG(s) 'example_sensors' retrieved from /home/airflow/.local/lib/python3.12/site-packages/airflow/example_dags/example_sensors.py
[2024-11-30T12:31:52.431+0000] {logging_mixin.py:190} INFO - [2024-11-30T12:31:52.431+0000] {dag.py:3239} INFO - Sync 1 DAGs
[2024-11-30T12:31:52.438+0000] {logging_mixin.py:190} INFO - [2024-11-30T12:31:52.438+0000] {dag.py:4180} INFO - Setting next_dagrun for example_sensors to None, run_after=None
[2024-11-30T12:31:52.446+0000] {processor.py:208} INFO - Processing /home/airflow/.local/lib/python3.12/site-packages/airflow/example_dags/example_sensors.py took 0.039 seconds
[2024-11-30T12:32:22.767+0000] {processor.py:186} INFO - Started process (PID=221) to work on /home/airflow/.local/lib/python3.12/site-packages/airflow/example_dags/example_sensors.py
[2024-11-30T12:32:22.767+0000] {processor.py:914} INFO - Processing file /home/airflow/.local/lib/python3.12/site-packages/airflow/example_dags/example_sensors.py for tasks to queue
[2024-11-30T12:32:22.768+0000] {logging_mixin.py:190} INFO - [2024-11-30T12:32:22.768+0000] {dagbag.py:588} INFO - Filling up the DagBag from /home/airflow/.local/lib/python3.12/site-packages/airflow/example_dags/example_sensors.py
[2024-11-30T12:32:22.774+0000] {processor.py:925} INFO - DAG(s) 'example_sensors' retrieved from /home/airflow/.local/lib/python3.12/site-packages/airflow/example_dags/example_sensors.py
[2024-11-30T12:32:22.787+0000] {logging_mixin.py:190} INFO - [2024-11-30T12:32:22.787+0000] {dag.py:3239} INFO - Sync 1 DAGs
[2024-11-30T12:32:22.795+0000] {logging_mixin.py:190} INFO - [2024-11-30T12:32:22.794+0000] {dag.py:4180} INFO - Setting next_dagrun for example_sensors to None, run_after=None
[2024-11-30T12:32:22.803+0000] {processor.py:208} INFO - Processing /home/airflow/.local/lib/python3.12/site-packages/airflow/example_dags/example_sensors.py took 0.040 seconds
