[2024-11-30T12:31:21.944+0000] {processor.py:186} INFO - Started process (PID=93) to work on /home/airflow/.local/lib/python3.12/site-packages/airflow/example_dags/example_bash_decorator.py
[2024-11-30T12:31:21.944+0000] {processor.py:914} INFO - Processing file /home/airflow/.local/lib/python3.12/site-packages/airflow/example_dags/example_bash_decorator.py for tasks to queue
[2024-11-30T12:31:21.946+0000] {logging_mixin.py:190} INFO - [2024-11-30T12:31:21.946+0000] {dagbag.py:588} INFO - Filling up the DagBag from /home/airflow/.local/lib/python3.12/site-packages/airflow/example_dags/example_bash_decorator.py
[2024-11-30T12:31:21.954+0000] {processor.py:925} INFO - DAG(s) 'example_bash_decorator' retrieved from /home/airflow/.local/lib/python3.12/site-packages/airflow/example_dags/example_bash_decorator.py
[2024-11-30T12:31:22.014+0000] {logging_mixin.py:190} INFO - [2024-11-30T12:31:22.014+0000] {dag.py:3239} INFO - Sync 1 DAGs
[2024-11-30T12:31:22.021+0000] {logging_mixin.py:190} INFO - [2024-11-30T12:31:22.021+0000] {dag.py:4180} INFO - Setting next_dagrun for example_bash_decorator to None, run_after=None
[2024-11-30T12:31:22.031+0000] {processor.py:208} INFO - Processing /home/airflow/.local/lib/python3.12/site-packages/airflow/example_dags/example_bash_decorator.py took 0.090 seconds
[2024-11-30T12:31:52.357+0000] {processor.py:186} INFO - Started process (PID=156) to work on /home/airflow/.local/lib/python3.12/site-packages/airflow/example_dags/example_bash_decorator.py
[2024-11-30T12:31:52.357+0000] {processor.py:914} INFO - Processing file /home/airflow/.local/lib/python3.12/site-packages/airflow/example_dags/example_bash_decorator.py for tasks to queue
[2024-11-30T12:31:52.358+0000] {logging_mixin.py:190} INFO - [2024-11-30T12:31:52.358+0000] {dagbag.py:588} INFO - Filling up the DagBag from /home/airflow/.local/lib/python3.12/site-packages/airflow/example_dags/example_bash_decorator.py
[2024-11-30T12:31:52.366+0000] {processor.py:925} INFO - DAG(s) 'example_bash_decorator' retrieved from /home/airflow/.local/lib/python3.12/site-packages/airflow/example_dags/example_bash_decorator.py
[2024-11-30T12:31:52.377+0000] {logging_mixin.py:190} INFO - [2024-11-30T12:31:52.377+0000] {dag.py:3239} INFO - Sync 1 DAGs
[2024-11-30T12:31:52.384+0000] {logging_mixin.py:190} INFO - [2024-11-30T12:31:52.384+0000] {dag.py:4180} INFO - Setting next_dagrun for example_bash_decorator to None, run_after=None
[2024-11-30T12:31:52.392+0000] {processor.py:208} INFO - Processing /home/airflow/.local/lib/python3.12/site-packages/airflow/example_dags/example_bash_decorator.py took 0.039 seconds
[2024-11-30T12:32:22.713+0000] {processor.py:186} INFO - Started process (PID=219) to work on /home/airflow/.local/lib/python3.12/site-packages/airflow/example_dags/example_bash_decorator.py
[2024-11-30T12:32:22.713+0000] {processor.py:914} INFO - Processing file /home/airflow/.local/lib/python3.12/site-packages/airflow/example_dags/example_bash_decorator.py for tasks to queue
[2024-11-30T12:32:22.714+0000] {logging_mixin.py:190} INFO - [2024-11-30T12:32:22.714+0000] {dagbag.py:588} INFO - Filling up the DagBag from /home/airflow/.local/lib/python3.12/site-packages/airflow/example_dags/example_bash_decorator.py
[2024-11-30T12:32:22.722+0000] {processor.py:925} INFO - DAG(s) 'example_bash_decorator' retrieved from /home/airflow/.local/lib/python3.12/site-packages/airflow/example_dags/example_bash_decorator.py
[2024-11-30T12:32:22.734+0000] {logging_mixin.py:190} INFO - [2024-11-30T12:32:22.734+0000] {dag.py:3239} INFO - Sync 1 DAGs
[2024-11-30T12:32:22.742+0000] {logging_mixin.py:190} INFO - [2024-11-30T12:32:22.742+0000] {dag.py:4180} INFO - Setting next_dagrun for example_bash_decorator to None, run_after=None
[2024-11-30T12:32:22.751+0000] {processor.py:208} INFO - Processing /home/airflow/.local/lib/python3.12/site-packages/airflow/example_dags/example_bash_decorator.py took 0.041 seconds
