[2024-11-30T12:31:22.582+0000] {processor.py:186} INFO - Started process (PID=104) to work on /home/airflow/.local/lib/python3.12/site-packages/airflow/example_dags/example_sla_dag.py
[2024-11-30T12:31:22.583+0000] {processor.py:914} INFO - Processing file /home/airflow/.local/lib/python3.12/site-packages/airflow/example_dags/example_sla_dag.py for tasks to queue
[2024-11-30T12:31:22.584+0000] {logging_mixin.py:190} INFO - [2024-11-30T12:31:22.584+0000] {dagbag.py:588} INFO - Filling up the DagBag from /home/airflow/.local/lib/python3.12/site-packages/airflow/example_dags/example_sla_dag.py
[2024-11-30T12:31:22.592+0000] {processor.py:925} INFO - DAG(s) 'example_sla_dag' retrieved from /home/airflow/.local/lib/python3.12/site-packages/airflow/example_dags/example_sla_dag.py
[2024-11-30T12:31:22.649+0000] {logging_mixin.py:190} INFO - [2024-11-30T12:31:22.649+0000] {dag.py:3239} INFO - Sync 1 DAGs
[2024-11-30T12:31:22.662+0000] {logging_mixin.py:190} INFO - [2024-11-30T12:31:22.662+0000] {dag.py:4180} INFO - Setting next_dagrun for example_sla_dag to 2024-11-30 12:28:00+00:00, run_after=2024-11-30 12:30:00+00:00
[2024-11-30T12:31:22.671+0000] {processor.py:208} INFO - Processing /home/airflow/.local/lib/python3.12/site-packages/airflow/example_dags/example_sla_dag.py took 0.093 seconds
[2024-11-30T12:31:52.700+0000] {processor.py:186} INFO - Started process (PID=166) to work on /home/airflow/.local/lib/python3.12/site-packages/airflow/example_dags/example_sla_dag.py
[2024-11-30T12:31:52.700+0000] {processor.py:914} INFO - Processing file /home/airflow/.local/lib/python3.12/site-packages/airflow/example_dags/example_sla_dag.py for tasks to queue
[2024-11-30T12:31:52.702+0000] {logging_mixin.py:190} INFO - [2024-11-30T12:31:52.702+0000] {dagbag.py:588} INFO - Filling up the DagBag from /home/airflow/.local/lib/python3.12/site-packages/airflow/example_dags/example_sla_dag.py
[2024-11-30T12:31:52.707+0000] {processor.py:925} INFO - DAG(s) 'example_sla_dag' retrieved from /home/airflow/.local/lib/python3.12/site-packages/airflow/example_dags/example_sla_dag.py
[2024-11-30T12:31:52.716+0000] {logging_mixin.py:190} INFO - [2024-11-30T12:31:52.716+0000] {dag.py:3239} INFO - Sync 1 DAGs
[2024-11-30T12:31:52.729+0000] {logging_mixin.py:190} INFO - [2024-11-30T12:31:52.729+0000] {dag.py:4180} INFO - Setting next_dagrun for example_sla_dag to 2024-11-30 12:28:00+00:00, run_after=2024-11-30 12:30:00+00:00
[2024-11-30T12:31:52.738+0000] {processor.py:208} INFO - Processing /home/airflow/.local/lib/python3.12/site-packages/airflow/example_dags/example_sla_dag.py took 0.041 seconds
[2024-11-30T12:32:22.992+0000] {processor.py:186} INFO - Started process (PID=229) to work on /home/airflow/.local/lib/python3.12/site-packages/airflow/example_dags/example_sla_dag.py
[2024-11-30T12:32:22.993+0000] {processor.py:914} INFO - Processing file /home/airflow/.local/lib/python3.12/site-packages/airflow/example_dags/example_sla_dag.py for tasks to queue
[2024-11-30T12:32:22.994+0000] {logging_mixin.py:190} INFO - [2024-11-30T12:32:22.994+0000] {dagbag.py:588} INFO - Filling up the DagBag from /home/airflow/.local/lib/python3.12/site-packages/airflow/example_dags/example_sla_dag.py
[2024-11-30T12:32:23.000+0000] {processor.py:925} INFO - DAG(s) 'example_sla_dag' retrieved from /home/airflow/.local/lib/python3.12/site-packages/airflow/example_dags/example_sla_dag.py
[2024-11-30T12:32:23.010+0000] {logging_mixin.py:190} INFO - [2024-11-30T12:32:23.010+0000] {dag.py:3239} INFO - Sync 1 DAGs
[2024-11-30T12:32:23.023+0000] {logging_mixin.py:190} INFO - [2024-11-30T12:32:23.023+0000] {dag.py:4180} INFO - Setting next_dagrun for example_sla_dag to 2024-11-30 12:30:00+00:00, run_after=2024-11-30 12:32:00+00:00
[2024-11-30T12:32:23.031+0000] {processor.py:208} INFO - Processing /home/airflow/.local/lib/python3.12/site-packages/airflow/example_dags/example_sla_dag.py took 0.042 seconds
