[2024-11-30T12:31:21.246+0000] {processor.py:186} INFO - Started process (PID=80) to work on /home/airflow/.local/lib/python3.12/site-packages/airflow/example_dags/example_nested_branch_dag.py
[2024-11-30T12:31:21.247+0000] {processor.py:914} INFO - Processing file /home/airflow/.local/lib/python3.12/site-packages/airflow/example_dags/example_nested_branch_dag.py for tasks to queue
[2024-11-30T12:31:21.248+0000] {logging_mixin.py:190} INFO - [2024-11-30T12:31:21.248+0000] {dagbag.py:588} INFO - Filling up the DagBag from /home/airflow/.local/lib/python3.12/site-packages/airflow/example_dags/example_nested_branch_dag.py
[2024-11-30T12:31:21.255+0000] {processor.py:925} INFO - DAG(s) 'example_nested_branch_dag' retrieved from /home/airflow/.local/lib/python3.12/site-packages/airflow/example_dags/example_nested_branch_dag.py
[2024-11-30T12:31:21.312+0000] {logging_mixin.py:190} INFO - [2024-11-30T12:31:21.312+0000] {dag.py:3239} INFO - Sync 1 DAGs
[2024-11-30T12:31:21.323+0000] {logging_mixin.py:190} INFO - [2024-11-30T12:31:21.323+0000] {dag.py:4180} INFO - Setting next_dagrun for example_nested_branch_dag to 2024-11-29 00:00:00+00:00, run_after=2024-11-30 00:00:00+00:00
[2024-11-30T12:31:21.332+0000] {processor.py:208} INFO - Processing /home/airflow/.local/lib/python3.12/site-packages/airflow/example_dags/example_nested_branch_dag.py took 0.089 seconds
[2024-11-30T12:31:51.886+0000] {processor.py:186} INFO - Started process (PID=143) to work on /home/airflow/.local/lib/python3.12/site-packages/airflow/example_dags/example_nested_branch_dag.py
[2024-11-30T12:31:51.887+0000] {processor.py:914} INFO - Processing file /home/airflow/.local/lib/python3.12/site-packages/airflow/example_dags/example_nested_branch_dag.py for tasks to queue
[2024-11-30T12:31:51.888+0000] {logging_mixin.py:190} INFO - [2024-11-30T12:31:51.888+0000] {dagbag.py:588} INFO - Filling up the DagBag from /home/airflow/.local/lib/python3.12/site-packages/airflow/example_dags/example_nested_branch_dag.py
[2024-11-30T12:31:51.894+0000] {processor.py:925} INFO - DAG(s) 'example_nested_branch_dag' retrieved from /home/airflow/.local/lib/python3.12/site-packages/airflow/example_dags/example_nested_branch_dag.py
[2024-11-30T12:31:51.904+0000] {logging_mixin.py:190} INFO - [2024-11-30T12:31:51.904+0000] {dag.py:3239} INFO - Sync 1 DAGs
[2024-11-30T12:31:51.916+0000] {logging_mixin.py:190} INFO - [2024-11-30T12:31:51.916+0000] {dag.py:4180} INFO - Setting next_dagrun for example_nested_branch_dag to 2024-11-29 00:00:00+00:00, run_after=2024-11-30 00:00:00+00:00
[2024-11-30T12:31:51.925+0000] {processor.py:208} INFO - Processing /home/airflow/.local/lib/python3.12/site-packages/airflow/example_dags/example_nested_branch_dag.py took 0.041 seconds
[2024-11-30T12:32:22.334+0000] {processor.py:186} INFO - Started process (PID=206) to work on /home/airflow/.local/lib/python3.12/site-packages/airflow/example_dags/example_nested_branch_dag.py
[2024-11-30T12:32:22.335+0000] {processor.py:914} INFO - Processing file /home/airflow/.local/lib/python3.12/site-packages/airflow/example_dags/example_nested_branch_dag.py for tasks to queue
[2024-11-30T12:32:22.336+0000] {logging_mixin.py:190} INFO - [2024-11-30T12:32:22.336+0000] {dagbag.py:588} INFO - Filling up the DagBag from /home/airflow/.local/lib/python3.12/site-packages/airflow/example_dags/example_nested_branch_dag.py
[2024-11-30T12:32:22.342+0000] {processor.py:925} INFO - DAG(s) 'example_nested_branch_dag' retrieved from /home/airflow/.local/lib/python3.12/site-packages/airflow/example_dags/example_nested_branch_dag.py
[2024-11-30T12:32:22.353+0000] {logging_mixin.py:190} INFO - [2024-11-30T12:32:22.353+0000] {dag.py:3239} INFO - Sync 1 DAGs
[2024-11-30T12:32:22.365+0000] {logging_mixin.py:190} INFO - [2024-11-30T12:32:22.365+0000] {dag.py:4180} INFO - Setting next_dagrun for example_nested_branch_dag to 2024-11-29 00:00:00+00:00, run_after=2024-11-30 00:00:00+00:00
[2024-11-30T12:32:22.374+0000] {processor.py:208} INFO - Processing /home/airflow/.local/lib/python3.12/site-packages/airflow/example_dags/example_nested_branch_dag.py took 0.043 seconds
