[2024-11-30T12:31:23.419+0000] {processor.py:186} INFO - Started process (PID=111) to work on /home/airflow/.local/lib/python3.12/site-packages/airflow/example_dags/example_task_group.py
[2024-11-30T12:31:23.419+0000] {processor.py:914} INFO - Processing file /home/airflow/.local/lib/python3.12/site-packages/airflow/example_dags/example_task_group.py for tasks to queue
[2024-11-30T12:31:23.420+0000] {logging_mixin.py:190} INFO - [2024-11-30T12:31:23.420+0000] {dagbag.py:588} INFO - Filling up the DagBag from /home/airflow/.local/lib/python3.12/site-packages/airflow/example_dags/example_task_group.py
[2024-11-30T12:31:23.426+0000] {processor.py:925} INFO - DAG(s) 'example_task_group' retrieved from /home/airflow/.local/lib/python3.12/site-packages/airflow/example_dags/example_task_group.py
[2024-11-30T12:31:23.479+0000] {logging_mixin.py:190} INFO - [2024-11-30T12:31:23.479+0000] {dag.py:3239} INFO - Sync 1 DAGs
[2024-11-30T12:31:23.486+0000] {logging_mixin.py:190} INFO - [2024-11-30T12:31:23.486+0000] {dag.py:4180} INFO - Setting next_dagrun for example_task_group to None, run_after=None
[2024-11-30T12:31:23.495+0000] {processor.py:208} INFO - Processing /home/airflow/.local/lib/python3.12/site-packages/airflow/example_dags/example_task_group.py took 0.079 seconds
[2024-11-30T12:31:54.267+0000] {processor.py:186} INFO - Started process (PID=174) to work on /home/airflow/.local/lib/python3.12/site-packages/airflow/example_dags/example_task_group.py
[2024-11-30T12:31:54.267+0000] {processor.py:914} INFO - Processing file /home/airflow/.local/lib/python3.12/site-packages/airflow/example_dags/example_task_group.py for tasks to queue
[2024-11-30T12:31:54.268+0000] {logging_mixin.py:190} INFO - [2024-11-30T12:31:54.268+0000] {dagbag.py:588} INFO - Filling up the DagBag from /home/airflow/.local/lib/python3.12/site-packages/airflow/example_dags/example_task_group.py
[2024-11-30T12:31:54.273+0000] {processor.py:925} INFO - DAG(s) 'example_task_group' retrieved from /home/airflow/.local/lib/python3.12/site-packages/airflow/example_dags/example_task_group.py
[2024-11-30T12:31:54.284+0000] {logging_mixin.py:190} INFO - [2024-11-30T12:31:54.284+0000] {dag.py:3239} INFO - Sync 1 DAGs
[2024-11-30T12:31:54.291+0000] {logging_mixin.py:190} INFO - [2024-11-30T12:31:54.291+0000] {dag.py:4180} INFO - Setting next_dagrun for example_task_group to None, run_after=None
[2024-11-30T12:31:54.300+0000] {processor.py:208} INFO - Processing /home/airflow/.local/lib/python3.12/site-packages/airflow/example_dags/example_task_group.py took 0.036 seconds
[2024-11-30T12:32:25.597+0000] {processor.py:186} INFO - Started process (PID=243) to work on /home/airflow/.local/lib/python3.12/site-packages/airflow/example_dags/example_task_group.py
[2024-11-30T12:32:25.598+0000] {processor.py:914} INFO - Processing file /home/airflow/.local/lib/python3.12/site-packages/airflow/example_dags/example_task_group.py for tasks to queue
[2024-11-30T12:32:25.599+0000] {logging_mixin.py:190} INFO - [2024-11-30T12:32:25.599+0000] {dagbag.py:588} INFO - Filling up the DagBag from /home/airflow/.local/lib/python3.12/site-packages/airflow/example_dags/example_task_group.py
[2024-11-30T12:32:25.604+0000] {processor.py:925} INFO - DAG(s) 'example_task_group' retrieved from /home/airflow/.local/lib/python3.12/site-packages/airflow/example_dags/example_task_group.py
[2024-11-30T12:32:25.614+0000] {logging_mixin.py:190} INFO - [2024-11-30T12:32:25.614+0000] {dag.py:3239} INFO - Sync 1 DAGs
[2024-11-30T12:32:25.622+0000] {logging_mixin.py:190} INFO - [2024-11-30T12:32:25.622+0000] {dag.py:4180} INFO - Setting next_dagrun for example_task_group to None, run_after=None
[2024-11-30T12:32:25.631+0000] {processor.py:208} INFO - Processing /home/airflow/.local/lib/python3.12/site-packages/airflow/example_dags/example_task_group.py took 0.037 seconds
