[2024-11-30T12:31:22.690+0000] {processor.py:186} INFO - Started process (PID=105) to work on /home/airflow/.local/lib/python3.12/site-packages/airflow/example_dags/example_datasets.py
[2024-11-30T12:31:22.690+0000] {processor.py:914} INFO - Processing file /home/airflow/.local/lib/python3.12/site-packages/airflow/example_dags/example_datasets.py for tasks to queue
[2024-11-30T12:31:22.692+0000] {logging_mixin.py:190} INFO - [2024-11-30T12:31:22.691+0000] {dagbag.py:588} INFO - Filling up the DagBag from /home/airflow/.local/lib/python3.12/site-packages/airflow/example_dags/example_datasets.py
[2024-11-30T12:31:23.006+0000] {processor.py:925} INFO - DAG(s) 'dataset_consumes_1', 'dataset_consumes_1_and_2', 'dataset_produces_2', 'dataset_produces_1', 'consume_1_and_2_with_dataset_expressions', 'dataset_consumes_1_never_scheduled', 'dataset_consumes_unknown_never_scheduled', 'consume_1_or_both_2_and_3_with_dataset_expressions', 'conditional_dataset_and_time_based_timetable', 'consume_1_or_2_with_dataset_expressions' retrieved from /home/airflow/.local/lib/python3.12/site-packages/airflow/example_dags/example_datasets.py
[2024-11-30T12:31:23.154+0000] {logging_mixin.py:190} INFO - [2024-11-30T12:31:23.153+0000] {dag.py:3239} INFO - Sync 10 DAGs
[2024-11-30T12:31:23.166+0000] {logging_mixin.py:190} INFO - [2024-11-30T12:31:23.166+0000] {dag.py:4180} INFO - Setting next_dagrun for conditional_dataset_and_time_based_timetable to 2024-11-27 01:00:00+00:00, run_after=2024-11-27 01:00:00+00:00
[2024-11-30T12:31:23.168+0000] {logging_mixin.py:190} INFO - [2024-11-30T12:31:23.168+0000] {dag.py:4180} INFO - Setting next_dagrun for consume_1_and_2_with_dataset_expressions to None, run_after=None
[2024-11-30T12:31:23.169+0000] {logging_mixin.py:190} INFO - [2024-11-30T12:31:23.168+0000] {dag.py:4180} INFO - Setting next_dagrun for consume_1_or_2_with_dataset_expressions to None, run_after=None
[2024-11-30T12:31:23.169+0000] {logging_mixin.py:190} INFO - [2024-11-30T12:31:23.169+0000] {dag.py:4180} INFO - Setting next_dagrun for consume_1_or_both_2_and_3_with_dataset_expressions to None, run_after=None
[2024-11-30T12:31:23.170+0000] {logging_mixin.py:190} INFO - [2024-11-30T12:31:23.170+0000] {dag.py:4180} INFO - Setting next_dagrun for dataset_consumes_1 to None, run_after=None
[2024-11-30T12:31:23.171+0000] {logging_mixin.py:190} INFO - [2024-11-30T12:31:23.170+0000] {dag.py:4180} INFO - Setting next_dagrun for dataset_consumes_1_and_2 to None, run_after=None
[2024-11-30T12:31:23.171+0000] {logging_mixin.py:190} INFO - [2024-11-30T12:31:23.171+0000] {dag.py:4180} INFO - Setting next_dagrun for dataset_consumes_1_never_scheduled to None, run_after=None
[2024-11-30T12:31:23.172+0000] {logging_mixin.py:190} INFO - [2024-11-30T12:31:23.172+0000] {dag.py:4180} INFO - Setting next_dagrun for dataset_consumes_unknown_never_scheduled to None, run_after=None
[2024-11-30T12:31:23.173+0000] {logging_mixin.py:190} INFO - [2024-11-30T12:31:23.173+0000] {dag.py:4180} INFO - Setting next_dagrun for dataset_produces_1 to 2024-11-29 00:00:00+00:00, run_after=2024-11-30 00:00:00+00:00
[2024-11-30T12:31:23.174+0000] {logging_mixin.py:190} INFO - [2024-11-30T12:31:23.174+0000] {dag.py:4180} INFO - Setting next_dagrun for dataset_produces_2 to None, run_after=None
[2024-11-30T12:31:23.192+0000] {processor.py:208} INFO - Processing /home/airflow/.local/lib/python3.12/site-packages/airflow/example_dags/example_datasets.py took 0.505 seconds
[2024-11-30T12:31:53.711+0000] {processor.py:186} INFO - Started process (PID=168) to work on /home/airflow/.local/lib/python3.12/site-packages/airflow/example_dags/example_datasets.py
[2024-11-30T12:31:53.712+0000] {processor.py:914} INFO - Processing file /home/airflow/.local/lib/python3.12/site-packages/airflow/example_dags/example_datasets.py for tasks to queue
[2024-11-30T12:31:53.713+0000] {logging_mixin.py:190} INFO - [2024-11-30T12:31:53.713+0000] {dagbag.py:588} INFO - Filling up the DagBag from /home/airflow/.local/lib/python3.12/site-packages/airflow/example_dags/example_datasets.py
[2024-11-30T12:31:54.020+0000] {processor.py:925} INFO - DAG(s) 'dataset_consumes_1_and_2', 'consume_1_or_2_with_dataset_expressions', 'conditional_dataset_and_time_based_timetable', 'dataset_produces_2', 'dataset_consumes_1', 'dataset_produces_1', 'dataset_consumes_unknown_never_scheduled', 'consume_1_and_2_with_dataset_expressions', 'consume_1_or_both_2_and_3_with_dataset_expressions', 'dataset_consumes_1_never_scheduled' retrieved from /home/airflow/.local/lib/python3.12/site-packages/airflow/example_dags/example_datasets.py
[2024-11-30T12:31:54.044+0000] {logging_mixin.py:190} INFO - [2024-11-30T12:31:54.044+0000] {dag.py:3239} INFO - Sync 10 DAGs
[2024-11-30T12:31:54.057+0000] {logging_mixin.py:190} INFO - [2024-11-30T12:31:54.056+0000] {dag.py:4180} INFO - Setting next_dagrun for conditional_dataset_and_time_based_timetable to 2024-11-27 01:00:00+00:00, run_after=2024-11-27 01:00:00+00:00
[2024-11-30T12:31:54.059+0000] {logging_mixin.py:190} INFO - [2024-11-30T12:31:54.059+0000] {dag.py:4180} INFO - Setting next_dagrun for consume_1_and_2_with_dataset_expressions to None, run_after=None
[2024-11-30T12:31:54.059+0000] {logging_mixin.py:190} INFO - [2024-11-30T12:31:54.059+0000] {dag.py:4180} INFO - Setting next_dagrun for consume_1_or_2_with_dataset_expressions to None, run_after=None
[2024-11-30T12:31:54.060+0000] {logging_mixin.py:190} INFO - [2024-11-30T12:31:54.060+0000] {dag.py:4180} INFO - Setting next_dagrun for consume_1_or_both_2_and_3_with_dataset_expressions to None, run_after=None
[2024-11-30T12:31:54.061+0000] {logging_mixin.py:190} INFO - [2024-11-30T12:31:54.060+0000] {dag.py:4180} INFO - Setting next_dagrun for dataset_consumes_1 to None, run_after=None
[2024-11-30T12:31:54.061+0000] {logging_mixin.py:190} INFO - [2024-11-30T12:31:54.061+0000] {dag.py:4180} INFO - Setting next_dagrun for dataset_consumes_1_and_2 to None, run_after=None
[2024-11-30T12:31:54.062+0000] {logging_mixin.py:190} INFO - [2024-11-30T12:31:54.062+0000] {dag.py:4180} INFO - Setting next_dagrun for dataset_consumes_1_never_scheduled to None, run_after=None
[2024-11-30T12:31:54.062+0000] {logging_mixin.py:190} INFO - [2024-11-30T12:31:54.062+0000] {dag.py:4180} INFO - Setting next_dagrun for dataset_consumes_unknown_never_scheduled to None, run_after=None
[2024-11-30T12:31:54.064+0000] {logging_mixin.py:190} INFO - [2024-11-30T12:31:54.063+0000] {dag.py:4180} INFO - Setting next_dagrun for dataset_produces_1 to 2024-11-29 00:00:00+00:00, run_after=2024-11-30 00:00:00+00:00
[2024-11-30T12:31:54.064+0000] {logging_mixin.py:190} INFO - [2024-11-30T12:31:54.064+0000] {dag.py:4180} INFO - Setting next_dagrun for dataset_produces_2 to None, run_after=None
[2024-11-30T12:31:54.081+0000] {processor.py:208} INFO - Processing /home/airflow/.local/lib/python3.12/site-packages/airflow/example_dags/example_datasets.py took 0.373 seconds
[2024-11-30T12:32:25.032+0000] {processor.py:186} INFO - Started process (PID=237) to work on /home/airflow/.local/lib/python3.12/site-packages/airflow/example_dags/example_datasets.py
[2024-11-30T12:32:25.032+0000] {processor.py:914} INFO - Processing file /home/airflow/.local/lib/python3.12/site-packages/airflow/example_dags/example_datasets.py for tasks to queue
[2024-11-30T12:32:25.033+0000] {logging_mixin.py:190} INFO - [2024-11-30T12:32:25.033+0000] {dagbag.py:588} INFO - Filling up the DagBag from /home/airflow/.local/lib/python3.12/site-packages/airflow/example_dags/example_datasets.py
[2024-11-30T12:32:25.351+0000] {processor.py:925} INFO - DAG(s) 'dataset_produces_1', 'dataset_produces_2', 'dataset_consumes_1', 'dataset_consumes_1_never_scheduled', 'conditional_dataset_and_time_based_timetable', 'consume_1_and_2_with_dataset_expressions', 'dataset_consumes_unknown_never_scheduled', 'dataset_consumes_1_and_2', 'consume_1_or_2_with_dataset_expressions', 'consume_1_or_both_2_and_3_with_dataset_expressions' retrieved from /home/airflow/.local/lib/python3.12/site-packages/airflow/example_dags/example_datasets.py
[2024-11-30T12:32:25.370+0000] {logging_mixin.py:190} INFO - [2024-11-30T12:32:25.370+0000] {dag.py:3239} INFO - Sync 10 DAGs
[2024-11-30T12:32:25.382+0000] {logging_mixin.py:190} INFO - [2024-11-30T12:32:25.382+0000] {dag.py:4180} INFO - Setting next_dagrun for conditional_dataset_and_time_based_timetable to 2024-11-27 01:00:00+00:00, run_after=2024-11-27 01:00:00+00:00
[2024-11-30T12:32:25.384+0000] {logging_mixin.py:190} INFO - [2024-11-30T12:32:25.384+0000] {dag.py:4180} INFO - Setting next_dagrun for consume_1_and_2_with_dataset_expressions to None, run_after=None
[2024-11-30T12:32:25.385+0000] {logging_mixin.py:190} INFO - [2024-11-30T12:32:25.385+0000] {dag.py:4180} INFO - Setting next_dagrun for consume_1_or_2_with_dataset_expressions to None, run_after=None
[2024-11-30T12:32:25.386+0000] {logging_mixin.py:190} INFO - [2024-11-30T12:32:25.386+0000] {dag.py:4180} INFO - Setting next_dagrun for consume_1_or_both_2_and_3_with_dataset_expressions to None, run_after=None
[2024-11-30T12:32:25.386+0000] {logging_mixin.py:190} INFO - [2024-11-30T12:32:25.386+0000] {dag.py:4180} INFO - Setting next_dagrun for dataset_consumes_1 to None, run_after=None
[2024-11-30T12:32:25.387+0000] {logging_mixin.py:190} INFO - [2024-11-30T12:32:25.387+0000] {dag.py:4180} INFO - Setting next_dagrun for dataset_consumes_1_and_2 to None, run_after=None
[2024-11-30T12:32:25.388+0000] {logging_mixin.py:190} INFO - [2024-11-30T12:32:25.388+0000] {dag.py:4180} INFO - Setting next_dagrun for dataset_consumes_1_never_scheduled to None, run_after=None
[2024-11-30T12:32:25.389+0000] {logging_mixin.py:190} INFO - [2024-11-30T12:32:25.388+0000] {dag.py:4180} INFO - Setting next_dagrun for dataset_consumes_unknown_never_scheduled to None, run_after=None
[2024-11-30T12:32:25.390+0000] {logging_mixin.py:190} INFO - [2024-11-30T12:32:25.390+0000] {dag.py:4180} INFO - Setting next_dagrun for dataset_produces_1 to 2024-11-29 00:00:00+00:00, run_after=2024-11-30 00:00:00+00:00
[2024-11-30T12:32:25.390+0000] {logging_mixin.py:190} INFO - [2024-11-30T12:32:25.390+0000] {dag.py:4180} INFO - Setting next_dagrun for dataset_produces_2 to None, run_after=None
[2024-11-30T12:32:25.407+0000] {processor.py:208} INFO - Processing /home/airflow/.local/lib/python3.12/site-packages/airflow/example_dags/example_datasets.py took 0.379 seconds
