[2024-11-30T12:31:20.105+0000] {processor.py:186} INFO - Started process (PID=68) to work on /home/airflow/.local/lib/python3.12/site-packages/airflow/example_dags/example_inlet_event_extra.py
[2024-11-30T12:31:20.105+0000] {processor.py:914} INFO - Processing file /home/airflow/.local/lib/python3.12/site-packages/airflow/example_dags/example_inlet_event_extra.py for tasks to queue
[2024-11-30T12:31:20.106+0000] {logging_mixin.py:190} INFO - [2024-11-30T12:31:20.106+0000] {dagbag.py:588} INFO - Filling up the DagBag from /home/airflow/.local/lib/python3.12/site-packages/airflow/example_dags/example_inlet_event_extra.py
[2024-11-30T12:31:21.003+0000] {processor.py:925} INFO - DAG(s) 'read_dataset_event_from_classic', 'read_dataset_event' retrieved from /home/airflow/.local/lib/python3.12/site-packages/airflow/example_dags/example_inlet_event_extra.py
[2024-11-30T12:31:21.066+0000] {logging_mixin.py:190} INFO - [2024-11-30T12:31:21.066+0000] {dag.py:3239} INFO - Sync 2 DAGs
[2024-11-30T12:31:21.078+0000] {logging_mixin.py:190} INFO - [2024-11-30T12:31:21.078+0000] {dag.py:4180} INFO - Setting next_dagrun for read_dataset_event to 2024-11-29 00:00:00+00:00, run_after=2024-11-30 00:00:00+00:00
[2024-11-30T12:31:21.080+0000] {logging_mixin.py:190} INFO - [2024-11-30T12:31:21.080+0000] {dag.py:4180} INFO - Setting next_dagrun for read_dataset_event_from_classic to 2024-11-29 00:00:00+00:00, run_after=2024-11-30 00:00:00+00:00
[2024-11-30T12:31:21.088+0000] {processor.py:208} INFO - Processing /home/airflow/.local/lib/python3.12/site-packages/airflow/example_dags/example_inlet_event_extra.py took 0.987 seconds
[2024-11-30T12:31:51.453+0000] {processor.py:186} INFO - Started process (PID=132) to work on /home/airflow/.local/lib/python3.12/site-packages/airflow/example_dags/example_inlet_event_extra.py
[2024-11-30T12:31:51.453+0000] {processor.py:914} INFO - Processing file /home/airflow/.local/lib/python3.12/site-packages/airflow/example_dags/example_inlet_event_extra.py for tasks to queue
[2024-11-30T12:31:51.456+0000] {logging_mixin.py:190} INFO - [2024-11-30T12:31:51.456+0000] {dagbag.py:588} INFO - Filling up the DagBag from /home/airflow/.local/lib/python3.12/site-packages/airflow/example_dags/example_inlet_event_extra.py
[2024-11-30T12:31:51.761+0000] {processor.py:925} INFO - DAG(s) 'read_dataset_event', 'read_dataset_event_from_classic' retrieved from /home/airflow/.local/lib/python3.12/site-packages/airflow/example_dags/example_inlet_event_extra.py
[2024-11-30T12:31:51.771+0000] {logging_mixin.py:190} INFO - [2024-11-30T12:31:51.771+0000] {dag.py:3239} INFO - Sync 2 DAGs
[2024-11-30T12:31:51.784+0000] {logging_mixin.py:190} INFO - [2024-11-30T12:31:51.784+0000] {dag.py:4180} INFO - Setting next_dagrun for read_dataset_event to 2024-11-29 00:00:00+00:00, run_after=2024-11-30 00:00:00+00:00
[2024-11-30T12:31:51.787+0000] {logging_mixin.py:190} INFO - [2024-11-30T12:31:51.787+0000] {dag.py:4180} INFO - Setting next_dagrun for read_dataset_event_from_classic to 2024-11-29 00:00:00+00:00, run_after=2024-11-30 00:00:00+00:00
[2024-11-30T12:31:51.794+0000] {processor.py:208} INFO - Processing /home/airflow/.local/lib/python3.12/site-packages/airflow/example_dags/example_inlet_event_extra.py took 0.344 seconds
[2024-11-30T12:32:21.901+0000] {processor.py:186} INFO - Started process (PID=195) to work on /home/airflow/.local/lib/python3.12/site-packages/airflow/example_dags/example_inlet_event_extra.py
[2024-11-30T12:32:21.901+0000] {processor.py:914} INFO - Processing file /home/airflow/.local/lib/python3.12/site-packages/airflow/example_dags/example_inlet_event_extra.py for tasks to queue
[2024-11-30T12:32:21.903+0000] {logging_mixin.py:190} INFO - [2024-11-30T12:32:21.903+0000] {dagbag.py:588} INFO - Filling up the DagBag from /home/airflow/.local/lib/python3.12/site-packages/airflow/example_dags/example_inlet_event_extra.py
[2024-11-30T12:32:22.206+0000] {processor.py:925} INFO - DAG(s) 'read_dataset_event', 'read_dataset_event_from_classic' retrieved from /home/airflow/.local/lib/python3.12/site-packages/airflow/example_dags/example_inlet_event_extra.py
[2024-11-30T12:32:22.218+0000] {logging_mixin.py:190} INFO - [2024-11-30T12:32:22.218+0000] {dag.py:3239} INFO - Sync 2 DAGs
[2024-11-30T12:32:22.231+0000] {logging_mixin.py:190} INFO - [2024-11-30T12:32:22.231+0000] {dag.py:4180} INFO - Setting next_dagrun for read_dataset_event to 2024-11-29 00:00:00+00:00, run_after=2024-11-30 00:00:00+00:00
[2024-11-30T12:32:22.233+0000] {logging_mixin.py:190} INFO - [2024-11-30T12:32:22.233+0000] {dag.py:4180} INFO - Setting next_dagrun for read_dataset_event_from_classic to 2024-11-29 00:00:00+00:00, run_after=2024-11-30 00:00:00+00:00
[2024-11-30T12:32:22.240+0000] {processor.py:208} INFO - Processing /home/airflow/.local/lib/python3.12/site-packages/airflow/example_dags/example_inlet_event_extra.py took 0.343 seconds
