[2024-11-30T12:31:20.512+0000] {processor.py:186} INFO - Started process (PID=71) to work on /home/airflow/.local/lib/python3.12/site-packages/airflow/example_dags/tutorial_objectstorage.py
[2024-11-30T12:31:20.513+0000] {processor.py:914} INFO - Processing file /home/airflow/.local/lib/python3.12/site-packages/airflow/example_dags/tutorial_objectstorage.py for tasks to queue
[2024-11-30T12:31:20.514+0000] {logging_mixin.py:190} INFO - [2024-11-30T12:31:20.514+0000] {dagbag.py:588} INFO - Filling up the DagBag from /home/airflow/.local/lib/python3.12/site-packages/airflow/example_dags/tutorial_objectstorage.py
[2024-11-30T12:31:20.523+0000] {processor.py:925} INFO - DAG(s) 'tutorial_objectstorage' retrieved from /home/airflow/.local/lib/python3.12/site-packages/airflow/example_dags/tutorial_objectstorage.py
[2024-11-30T12:31:20.578+0000] {logging_mixin.py:190} INFO - [2024-11-30T12:31:20.578+0000] {dag.py:3239} INFO - Sync 1 DAGs
[2024-11-30T12:31:20.585+0000] {logging_mixin.py:190} INFO - [2024-11-30T12:31:20.584+0000] {dag.py:4180} INFO - Setting next_dagrun for tutorial_objectstorage to None, run_after=None
[2024-11-30T12:31:20.594+0000] {processor.py:208} INFO - Processing /home/airflow/.local/lib/python3.12/site-packages/airflow/example_dags/tutorial_objectstorage.py took 0.086 seconds
[2024-11-30T12:31:51.516+0000] {processor.py:186} INFO - Started process (PID=134) to work on /home/airflow/.local/lib/python3.12/site-packages/airflow/example_dags/tutorial_objectstorage.py
[2024-11-30T12:31:51.516+0000] {processor.py:914} INFO - Processing file /home/airflow/.local/lib/python3.12/site-packages/airflow/example_dags/tutorial_objectstorage.py for tasks to queue
[2024-11-30T12:31:51.518+0000] {logging_mixin.py:190} INFO - [2024-11-30T12:31:51.517+0000] {dagbag.py:588} INFO - Filling up the DagBag from /home/airflow/.local/lib/python3.12/site-packages/airflow/example_dags/tutorial_objectstorage.py
[2024-11-30T12:31:51.522+0000] {processor.py:925} INFO - DAG(s) 'tutorial_objectstorage' retrieved from /home/airflow/.local/lib/python3.12/site-packages/airflow/example_dags/tutorial_objectstorage.py
[2024-11-30T12:31:51.532+0000] {logging_mixin.py:190} INFO - [2024-11-30T12:31:51.532+0000] {dag.py:3239} INFO - Sync 1 DAGs
[2024-11-30T12:31:51.540+0000] {logging_mixin.py:190} INFO - [2024-11-30T12:31:51.540+0000] {dag.py:4180} INFO - Setting next_dagrun for tutorial_objectstorage to None, run_after=None
[2024-11-30T12:31:51.549+0000] {processor.py:208} INFO - Processing /home/airflow/.local/lib/python3.12/site-packages/airflow/example_dags/tutorial_objectstorage.py took 0.036 seconds
[2024-11-30T12:32:21.961+0000] {processor.py:186} INFO - Started process (PID=197) to work on /home/airflow/.local/lib/python3.12/site-packages/airflow/example_dags/tutorial_objectstorage.py
[2024-11-30T12:32:21.962+0000] {processor.py:914} INFO - Processing file /home/airflow/.local/lib/python3.12/site-packages/airflow/example_dags/tutorial_objectstorage.py for tasks to queue
[2024-11-30T12:32:21.963+0000] {logging_mixin.py:190} INFO - [2024-11-30T12:32:21.963+0000] {dagbag.py:588} INFO - Filling up the DagBag from /home/airflow/.local/lib/python3.12/site-packages/airflow/example_dags/tutorial_objectstorage.py
[2024-11-30T12:32:21.968+0000] {processor.py:925} INFO - DAG(s) 'tutorial_objectstorage' retrieved from /home/airflow/.local/lib/python3.12/site-packages/airflow/example_dags/tutorial_objectstorage.py
[2024-11-30T12:32:21.977+0000] {logging_mixin.py:190} INFO - [2024-11-30T12:32:21.977+0000] {dag.py:3239} INFO - Sync 1 DAGs
[2024-11-30T12:32:21.985+0000] {logging_mixin.py:190} INFO - [2024-11-30T12:32:21.985+0000] {dag.py:4180} INFO - Setting next_dagrun for tutorial_objectstorage to None, run_after=None
[2024-11-30T12:32:21.993+0000] {processor.py:208} INFO - Processing /home/airflow/.local/lib/python3.12/site-packages/airflow/example_dags/tutorial_objectstorage.py took 0.035 seconds
