[2024-12-08T23:52:37.008+0000] {local_task_job_runner.py:123} INFO - ::group::Pre task execution logs
[2024-12-08T23:52:37.017+0000] {taskinstance.py:2613} INFO - Dependencies all met for dep_context=non-requeueable deps ti=<TaskInstance: telemadrid_schedule_scraper.merge_all_xml scheduled__2024-12-08T11:30:00+00:00 [queued]>
[2024-12-08T23:52:37.022+0000] {taskinstance.py:2613} INFO - Dependencies all met for dep_context=requeueable deps ti=<TaskInstance: telemadrid_schedule_scraper.merge_all_xml scheduled__2024-12-08T11:30:00+00:00 [queued]>
[2024-12-08T23:52:37.022+0000] {taskinstance.py:2866} INFO - Starting attempt 1 of 4
[2024-12-08T23:52:37.029+0000] {taskinstance.py:2889} INFO - Executing <Task(_PythonDecoratedOperator): merge_all_xml> on 2024-12-08 11:30:00+00:00
[2024-12-08T23:52:37.032+0000] {warnings.py:112} WARNING - /home/***/.local/lib/python3.12/site-packages/***/task/task_runner/standard_task_runner.py:70: DeprecationWarning: This process (pid=133) is multi-threaded, use of fork() may lead to deadlocks in the child.
  pid = os.fork()

[2024-12-08T23:52:37.033+0000] {standard_task_runner.py:72} INFO - Started process 134 to run task
[2024-12-08T23:52:37.033+0000] {standard_task_runner.py:104} INFO - Running: ['***', 'tasks', 'run', 'telemadrid_schedule_scraper', 'merge_all_xml', 'scheduled__2024-12-08T11:30:00+00:00', '--job-id', '2158', '--raw', '--subdir', 'DAGS_FOLDER/dag_telemadrid.py', '--cfg-path', '/tmp/tmp3zoa_xiw']
[2024-12-08T23:52:37.034+0000] {standard_task_runner.py:105} INFO - Job 2158: Subtask merge_all_xml
[2024-12-08T23:52:37.057+0000] {task_command.py:467} INFO - Running <TaskInstance: telemadrid_schedule_scraper.merge_all_xml scheduled__2024-12-08T11:30:00+00:00 [running]> on host b605548c7b8b
[2024-12-08T23:52:37.100+0000] {taskinstance.py:3132} INFO - Exporting env vars: AIRFLOW_CTX_DAG_OWNER='***' AIRFLOW_CTX_DAG_ID='telemadrid_schedule_scraper' AIRFLOW_CTX_TASK_ID='merge_all_xml' AIRFLOW_CTX_EXECUTION_DATE='2024-12-08T11:30:00+00:00' AIRFLOW_CTX_TRY_NUMBER='1' AIRFLOW_CTX_DAG_RUN_ID='scheduled__2024-12-08T11:30:00+00:00'
[2024-12-08T23:52:37.101+0000] {taskinstance.py:731} INFO - ::endgroup::
[2024-12-08T23:52:37.232+0000] {logging_mixin.py:190} INFO - [INFO] Generado el archivo "all_in_one.xml"
[2024-12-08T23:52:37.234+0000] {python.py:240} INFO - Done. Returned value was: None
[2024-12-08T23:52:37.239+0000] {taskinstance.py:340} INFO - ::group::Post task execution logs
[2024-12-08T23:52:37.240+0000] {taskinstance.py:352} INFO - Marking task as SUCCESS. dag_id=telemadrid_schedule_scraper, task_id=merge_all_xml, run_id=scheduled__2024-12-08T11:30:00+00:00, execution_date=20241208T113000, start_date=20241208T235237, end_date=20241208T235237
[2024-12-08T23:52:37.286+0000] {local_task_job_runner.py:266} INFO - Task exited with return code 0
[2024-12-08T23:52:37.297+0000] {taskinstance.py:3895} INFO - 1 downstream tasks scheduled from follow-on schedule check
[2024-12-08T23:52:37.298+0000] {local_task_job_runner.py:245} INFO - ::endgroup::
