[2024-12-23T23:30:27.320+0000] {local_task_job_runner.py:123} INFO - ::group::Pre task execution logs
[2024-12-23T23:30:27.331+0000] {taskinstance.py:2613} INFO - Dependencies all met for dep_context=non-requeueable deps ti=<TaskInstance: rtve_schedule_scraper.merge_all_xml scheduled__2024-12-23T17:30:00+00:00 [queued]>
[2024-12-23T23:30:27.338+0000] {taskinstance.py:2613} INFO - Dependencies all met for dep_context=requeueable deps ti=<TaskInstance: rtve_schedule_scraper.merge_all_xml scheduled__2024-12-23T17:30:00+00:00 [queued]>
[2024-12-23T23:30:27.339+0000] {taskinstance.py:2866} INFO - Starting attempt 1 of 4
[2024-12-23T23:30:27.349+0000] {taskinstance.py:2889} INFO - Executing <Task(_PythonDecoratedOperator): merge_all_xml> on 2024-12-23 17:30:00+00:00
[2024-12-23T23:30:27.353+0000] {warnings.py:112} WARNING - /home/***/.local/lib/python3.12/site-packages/***/task/task_runner/standard_task_runner.py:70: DeprecationWarning: This process (pid=11295) is multi-threaded, use of fork() may lead to deadlocks in the child.
  pid = os.fork()

[2024-12-23T23:30:27.354+0000] {standard_task_runner.py:72} INFO - Started process 11296 to run task
[2024-12-23T23:30:27.354+0000] {standard_task_runner.py:104} INFO - Running: ['***', 'tasks', 'run', 'rtve_schedule_scraper', 'merge_all_xml', 'scheduled__2024-12-23T17:30:00+00:00', '--job-id', '2703', '--raw', '--subdir', 'DAGS_FOLDER/dag_rtve_selenium.py', '--cfg-path', '/tmp/tmp0k2a4_lt']
[2024-12-23T23:30:27.356+0000] {standard_task_runner.py:105} INFO - Job 2703: Subtask merge_all_xml
[2024-12-23T23:30:27.382+0000] {task_command.py:467} INFO - Running <TaskInstance: rtve_schedule_scraper.merge_all_xml scheduled__2024-12-23T17:30:00+00:00 [running]> on host b605548c7b8b
[2024-12-23T23:30:27.433+0000] {taskinstance.py:3132} INFO - Exporting env vars: AIRFLOW_CTX_DAG_OWNER='***' AIRFLOW_CTX_DAG_ID='rtve_schedule_scraper' AIRFLOW_CTX_TASK_ID='merge_all_xml' AIRFLOW_CTX_EXECUTION_DATE='2024-12-23T17:30:00+00:00' AIRFLOW_CTX_TRY_NUMBER='1' AIRFLOW_CTX_DAG_RUN_ID='scheduled__2024-12-23T17:30:00+00:00'
[2024-12-23T23:30:27.435+0000] {taskinstance.py:731} INFO - ::endgroup::
[2024-12-23T23:30:27.668+0000] {logging_mixin.py:190} INFO - [INFO] Generado el archivo "all_in_one.xml"
[2024-12-23T23:30:27.670+0000] {python.py:240} INFO - Done. Returned value was: None
[2024-12-23T23:30:27.677+0000] {taskinstance.py:340} INFO - ::group::Post task execution logs
[2024-12-23T23:30:27.677+0000] {taskinstance.py:352} INFO - Marking task as SUCCESS. dag_id=rtve_schedule_scraper, task_id=merge_all_xml, run_id=scheduled__2024-12-23T17:30:00+00:00, execution_date=20241223T173000, start_date=20241223T233027, end_date=20241223T233027
[2024-12-23T23:30:27.728+0000] {local_task_job_runner.py:266} INFO - Task exited with return code 0
[2024-12-23T23:30:27.740+0000] {taskinstance.py:3895} INFO - 1 downstream tasks scheduled from follow-on schedule check
[2024-12-23T23:30:27.742+0000] {local_task_job_runner.py:245} INFO - ::endgroup::
