[2024-12-11T23:30:01.264+0000] {local_task_job_runner.py:123} INFO - ::group::Pre task execution logs
[2024-12-11T23:30:01.276+0000] {taskinstance.py:2613} INFO - Dependencies all met for dep_context=non-requeueable deps ti=<TaskInstance: mediaset_schedule_scraper.scrape_mediaset_schedule scheduled__2024-12-11T17:30:00+00:00 [queued]>
[2024-12-11T23:30:01.281+0000] {taskinstance.py:2613} INFO - Dependencies all met for dep_context=requeueable deps ti=<TaskInstance: mediaset_schedule_scraper.scrape_mediaset_schedule scheduled__2024-12-11T17:30:00+00:00 [queued]>
[2024-12-11T23:30:01.282+0000] {taskinstance.py:2866} INFO - Starting attempt 1 of 5
[2024-12-11T23:30:01.290+0000] {taskinstance.py:2889} INFO - Executing <Task(_PythonDecoratedOperator): scrape_mediaset_schedule> on 2024-12-11 17:30:00+00:00
[2024-12-11T23:30:01.299+0000] {warnings.py:112} WARNING - /home/***/.local/lib/python3.12/site-packages/***/task/task_runner/standard_task_runner.py:70: DeprecationWarning: This process (pid=7072) is multi-threaded, use of fork() may lead to deadlocks in the child.
  pid = os.fork()

[2024-12-11T23:30:01.301+0000] {standard_task_runner.py:72} INFO - Started process 7081 to run task
[2024-12-11T23:30:01.301+0000] {standard_task_runner.py:104} INFO - Running: ['***', 'tasks', 'run', 'mediaset_schedule_scraper', 'scrape_mediaset_schedule', 'scheduled__2024-12-11T17:30:00+00:00', '--job-id', '2327', '--raw', '--subdir', 'DAGS_FOLDER/dag_mediaset.py', '--cfg-path', '/tmp/tmpja2mi0qm']
[2024-12-11T23:30:01.303+0000] {standard_task_runner.py:105} INFO - Job 2327: Subtask scrape_mediaset_schedule
[2024-12-11T23:30:01.336+0000] {task_command.py:467} INFO - Running <TaskInstance: mediaset_schedule_scraper.scrape_mediaset_schedule scheduled__2024-12-11T17:30:00+00:00 [running]> on host b605548c7b8b
[2024-12-11T23:30:01.388+0000] {taskinstance.py:3132} INFO - Exporting env vars: AIRFLOW_CTX_DAG_OWNER='***' AIRFLOW_CTX_DAG_ID='mediaset_schedule_scraper' AIRFLOW_CTX_TASK_ID='scrape_mediaset_schedule' AIRFLOW_CTX_EXECUTION_DATE='2024-12-11T17:30:00+00:00' AIRFLOW_CTX_TRY_NUMBER='1' AIRFLOW_CTX_DAG_RUN_ID='scheduled__2024-12-11T17:30:00+00:00'
[2024-12-11T23:30:01.389+0000] {taskinstance.py:731} INFO - ::endgroup::
[2024-12-11T23:30:01.828+0000] {logging_mixin.py:190} INFO - Generando XML para el canal Telecinco
[2024-12-11T23:30:01.831+0000] {logging_mixin.py:190} INFO - Escrito el xml del canal "Telecinco"
[2024-12-11T23:30:04.898+0000] {logging_mixin.py:190} INFO - Error: 422 {"message": "Invalid request.\n\n\"sha\" wasn't supplied.", "documentation_url": "https://docs.github.com/rest/repos/contents#create-or-update-file-contents", "status": "422"}
[2024-12-11T23:30:04.899+0000] {logging_mixin.py:190} INFO - Generando XML para el canal Cuatro
[2024-12-11T23:30:04.902+0000] {logging_mixin.py:190} INFO - Escrito el xml del canal "Cuatro"
[2024-12-11T23:30:06.938+0000] {logging_mixin.py:190} INFO - Archivo actualizado correctamente.
[2024-12-11T23:30:06.938+0000] {logging_mixin.py:190} INFO - Generando XML para el canal Gh 24h plus
[2024-12-11T23:30:06.942+0000] {logging_mixin.py:190} INFO - Escrito el xml del canal "Gh 24h plus"
[2024-12-11T23:30:08.575+0000] {logging_mixin.py:190} INFO - Archivo actualizado correctamente.
[2024-12-11T23:30:08.575+0000] {logging_mixin.py:190} INFO - Generando XML para el canal Gh 24h
[2024-12-11T23:30:08.578+0000] {logging_mixin.py:190} INFO - Escrito el xml del canal "Gh 24h"
[2024-12-11T23:30:10.217+0000] {logging_mixin.py:190} INFO - Archivo actualizado correctamente.
[2024-12-11T23:30:10.217+0000] {logging_mixin.py:190} INFO - Generando XML para el canal Mitele en la calle
[2024-12-11T23:30:10.221+0000] {logging_mixin.py:190} INFO - Escrito el xml del canal "Mitele en la calle"
[2024-12-11T23:30:13.544+0000] {logging_mixin.py:190} INFO - Error: 422 {"message": "Invalid request.\n\n\"sha\" wasn't supplied.", "documentation_url": "https://docs.github.com/rest/repos/contents#create-or-update-file-contents", "status": "422"}
[2024-12-11T23:30:13.545+0000] {logging_mixin.py:190} INFO - Generando XML para el canal Mitele viajes
[2024-12-11T23:30:13.548+0000] {logging_mixin.py:190} INFO - Escrito el xml del canal "Mitele viajes"
[2024-12-11T23:30:15.283+0000] {logging_mixin.py:190} INFO - Archivo actualizado correctamente.
[2024-12-11T23:30:15.284+0000] {logging_mixin.py:190} INFO - Generando XML para el canal Mitele plus lqsa
[2024-12-11T23:30:15.287+0000] {logging_mixin.py:190} INFO - Escrito el xml del canal "Mitele plus lqsa"
[2024-12-11T23:30:17.005+0000] {logging_mixin.py:190} INFO - Archivo actualizado correctamente.
[2024-12-11T23:30:17.005+0000] {logging_mixin.py:190} INFO - Generando XML para el canal Mitele comedia
[2024-12-11T23:30:17.009+0000] {logging_mixin.py:190} INFO - Escrito el xml del canal "Mitele comedia"
[2024-12-11T23:30:18.785+0000] {logging_mixin.py:190} INFO - Archivo actualizado correctamente.
[2024-12-11T23:30:18.786+0000] {logging_mixin.py:190} INFO - Generando XML para el canal Mitele top series
[2024-12-11T23:30:18.792+0000] {logging_mixin.py:190} INFO - Escrito el xml del canal "Mitele top series"
[2024-12-11T23:30:20.558+0000] {logging_mixin.py:190} INFO - Archivo actualizado correctamente.
[2024-12-11T23:30:20.559+0000] {logging_mixin.py:190} INFO - Generando XML para el canal Divinity
[2024-12-11T23:30:20.565+0000] {logging_mixin.py:190} INFO - Escrito el xml del canal "Divinity"
[2024-12-11T23:30:22.402+0000] {logging_mixin.py:190} INFO - Archivo actualizado correctamente.
[2024-12-11T23:30:22.402+0000] {logging_mixin.py:190} INFO - Generando XML para el canal Fdf
[2024-12-11T23:30:22.406+0000] {logging_mixin.py:190} INFO - Escrito el xml del canal "Fdf"
[2024-12-11T23:30:24.103+0000] {logging_mixin.py:190} INFO - Archivo actualizado correctamente.
[2024-12-11T23:30:24.104+0000] {logging_mixin.py:190} INFO - Generando XML para el canal Energy
[2024-12-11T23:30:24.108+0000] {logging_mixin.py:190} INFO - Escrito el xml del canal "Energy"
[2024-12-11T23:30:26.403+0000] {logging_mixin.py:190} INFO - Archivo actualizado correctamente.
[2024-12-11T23:30:26.404+0000] {logging_mixin.py:190} INFO - Generando XML para el canal Bemad
[2024-12-11T23:30:26.407+0000] {logging_mixin.py:190} INFO - Escrito el xml del canal "Bemad"
[2024-12-11T23:30:28.252+0000] {logging_mixin.py:190} INFO - Archivo actualizado correctamente.
[2024-12-11T23:30:28.252+0000] {logging_mixin.py:190} INFO - Generando XML para el canal Boing
[2024-12-11T23:30:28.258+0000] {logging_mixin.py:190} INFO - Escrito el xml del canal "Boing"
[2024-12-11T23:30:30.125+0000] {logging_mixin.py:190} INFO - Archivo actualizado correctamente.
[2024-12-11T23:30:30.126+0000] {logging_mixin.py:190} INFO - Generando XML para el canal Acontraplus
[2024-12-11T23:30:30.130+0000] {logging_mixin.py:190} INFO - Escrito el xml del canal "Acontraplus"
[2024-12-11T23:30:31.886+0000] {logging_mixin.py:190} INFO - Archivo actualizado correctamente.
[2024-12-11T23:30:31.887+0000] {logging_mixin.py:190} INFO - Generando XML para el canal Fight sports
[2024-12-11T23:30:31.890+0000] {logging_mixin.py:190} INFO - Escrito el xml del canal "Fight sports"
[2024-12-11T23:30:33.553+0000] {logging_mixin.py:190} INFO - Archivo actualizado correctamente.
[2024-12-11T23:30:33.554+0000] {logging_mixin.py:190} INFO - Generando XML para el canal Mtmad 24h
[2024-12-11T23:30:33.556+0000] {logging_mixin.py:190} INFO - Escrito el xml del canal "Mtmad 24h"
[2024-12-11T23:30:35.157+0000] {logging_mixin.py:190} INFO - Archivo actualizado correctamente.
[2024-12-11T23:30:35.158+0000] {python.py:240} INFO - Done. Returned value was: None
[2024-12-11T23:30:35.164+0000] {taskinstance.py:340} INFO - ::group::Post task execution logs
[2024-12-11T23:30:35.164+0000] {taskinstance.py:352} INFO - Marking task as SUCCESS. dag_id=mediaset_schedule_scraper, task_id=scrape_mediaset_schedule, run_id=scheduled__2024-12-11T17:30:00+00:00, execution_date=20241211T173000, start_date=20241211T233001, end_date=20241211T233035
[2024-12-11T23:30:35.178+0000] {local_task_job_runner.py:266} INFO - Task exited with return code 0
[2024-12-11T23:30:35.192+0000] {taskinstance.py:3895} INFO - 1 downstream tasks scheduled from follow-on schedule check
[2024-12-11T23:30:35.193+0000] {local_task_job_runner.py:245} INFO - ::endgroup::
