[2024-12-06T14:18:56.752+0000] {local_task_job_runner.py:123} INFO - ::group::Pre task execution logs
[2024-12-06T14:18:56.762+0000] {taskinstance.py:2613} INFO - Dependencies all met for dep_context=non-requeueable deps ti=<TaskInstance: telemadrid_schedule_scraper_v2.MergeAllXML scheduled__2016-06-23T13:14:00+00:00 [queued]>
[2024-12-06T14:18:56.767+0000] {taskinstance.py:2613} INFO - Dependencies all met for dep_context=requeueable deps ti=<TaskInstance: telemadrid_schedule_scraper_v2.MergeAllXML scheduled__2016-06-23T13:14:00+00:00 [queued]>
[2024-12-06T14:18:56.767+0000] {taskinstance.py:2866} INFO - Starting attempt 1 of 5
[2024-12-06T14:18:56.775+0000] {taskinstance.py:2889} INFO - Executing <Task(_PythonDecoratedOperator): MergeAllXML> on 2016-06-23 13:14:00+00:00
[2024-12-06T14:18:56.779+0000] {warnings.py:112} WARNING - /home/***/.local/lib/python3.12/site-packages/***/task/task_runner/standard_task_runner.py:70: DeprecationWarning: This process (pid=1677) is multi-threaded, use of fork() may lead to deadlocks in the child.
  pid = os.fork()

[2024-12-06T14:18:56.780+0000] {standard_task_runner.py:72} INFO - Started process 1680 to run task
[2024-12-06T14:18:56.780+0000] {standard_task_runner.py:104} INFO - Running: ['***', 'tasks', 'run', 'telemadrid_schedule_scraper_v2', 'MergeAllXML', 'scheduled__2016-06-23T13:14:00+00:00', '--job-id', '1707', '--raw', '--subdir', 'DAGS_FOLDER/dag_telemadrid_v2.py', '--cfg-path', '/tmp/tmpxulawwb4']
[2024-12-06T14:18:56.782+0000] {standard_task_runner.py:105} INFO - Job 1707: Subtask MergeAllXML
[2024-12-06T14:18:56.810+0000] {task_command.py:467} INFO - Running <TaskInstance: telemadrid_schedule_scraper_v2.MergeAllXML scheduled__2016-06-23T13:14:00+00:00 [running]> on host 6b4257da02f0
[2024-12-06T14:18:56.862+0000] {taskinstance.py:3132} INFO - Exporting env vars: AIRFLOW_CTX_DAG_OWNER='***' AIRFLOW_CTX_DAG_ID='telemadrid_schedule_scraper_v2' AIRFLOW_CTX_TASK_ID='MergeAllXML' AIRFLOW_CTX_EXECUTION_DATE='2016-06-23T13:14:00+00:00' AIRFLOW_CTX_TRY_NUMBER='1' AIRFLOW_CTX_DAG_RUN_ID='scheduled__2016-06-23T13:14:00+00:00'
[2024-12-06T14:18:56.864+0000] {taskinstance.py:731} INFO - ::endgroup::
[2024-12-06T14:18:56.995+0000] {logging_mixin.py:190} INFO - [INFO] Generado el archivo "all_in_one.xml"
[2024-12-06T14:18:56.997+0000] {python.py:240} INFO - Done. Returned value was: None
[2024-12-06T14:18:57.003+0000] {taskinstance.py:340} INFO - ::group::Post task execution logs
[2024-12-06T14:18:57.003+0000] {taskinstance.py:352} INFO - Marking task as SUCCESS. dag_id=telemadrid_schedule_scraper_v2, task_id=MergeAllXML, run_id=scheduled__2016-06-23T13:14:00+00:00, execution_date=20160623T131400, start_date=20241206T141856, end_date=20241206T141857
[2024-12-06T14:18:57.034+0000] {local_task_job_runner.py:266} INFO - Task exited with return code 0
[2024-12-06T14:18:57.046+0000] {taskinstance.py:3895} INFO - 1 downstream tasks scheduled from follow-on schedule check
[2024-12-06T14:18:57.047+0000] {local_task_job_runner.py:245} INFO - ::endgroup::
