[2024-12-05T23:23:46.452+0000] {local_task_job_runner.py:123} INFO - ::group::Pre task execution logs
[2024-12-05T23:23:46.462+0000] {taskinstance.py:2613} INFO - Dependencies all met for dep_context=non-requeueable deps ti=<TaskInstance: mediaset_schedule_scraper.push_all_in_one_task manual__2024-12-05T23:22:59.172644+00:00 [queued]>
[2024-12-05T23:23:46.467+0000] {taskinstance.py:2613} INFO - Dependencies all met for dep_context=requeueable deps ti=<TaskInstance: mediaset_schedule_scraper.push_all_in_one_task manual__2024-12-05T23:22:59.172644+00:00 [queued]>
[2024-12-05T23:23:46.467+0000] {taskinstance.py:2866} INFO - Starting attempt 1 of 2
[2024-12-05T23:23:46.474+0000] {taskinstance.py:2889} INFO - Executing <Task(PythonOperator): push_all_in_one_task> on 2024-12-05 23:22:59.172644+00:00
[2024-12-05T23:23:46.478+0000] {warnings.py:112} WARNING - /home/***/.local/lib/python3.12/site-packages/***/task/task_runner/standard_task_runner.py:70: DeprecationWarning: This process (pid=248) is multi-threaded, use of fork() may lead to deadlocks in the child.
  pid = os.fork()

[2024-12-05T23:23:46.479+0000] {standard_task_runner.py:72} INFO - Started process 249 to run task
[2024-12-05T23:23:46.479+0000] {standard_task_runner.py:104} INFO - Running: ['***', 'tasks', 'run', 'mediaset_schedule_scraper', 'push_all_in_one_task', 'manual__2024-12-05T23:22:59.172644+00:00', '--job-id', '616', '--raw', '--subdir', 'DAGS_FOLDER/dag_mediaset.py', '--cfg-path', '/tmp/tmpjelzdb5_']
[2024-12-05T23:23:46.480+0000] {standard_task_runner.py:105} INFO - Job 616: Subtask push_all_in_one_task
[2024-12-05T23:23:46.504+0000] {task_command.py:467} INFO - Running <TaskInstance: mediaset_schedule_scraper.push_all_in_one_task manual__2024-12-05T23:22:59.172644+00:00 [running]> on host d88abb179e8d
[2024-12-05T23:23:46.543+0000] {taskinstance.py:3132} INFO - Exporting env vars: AIRFLOW_CTX_DAG_OWNER='***' AIRFLOW_CTX_DAG_ID='mediaset_schedule_scraper' AIRFLOW_CTX_TASK_ID='push_all_in_one_task' AIRFLOW_CTX_EXECUTION_DATE='2024-12-05T23:22:59.172644+00:00' AIRFLOW_CTX_TRY_NUMBER='1' AIRFLOW_CTX_DAG_RUN_ID='manual__2024-12-05T23:22:59.172644+00:00'
[2024-12-05T23:23:46.544+0000] {taskinstance.py:731} INFO - ::endgroup::
[2024-12-05T23:23:49.221+0000] {logging_mixin.py:190} INFO - Archivo actualizado correctamente.
[2024-12-05T23:23:49.222+0000] {python.py:240} INFO - Done. Returned value was: None
[2024-12-05T23:23:49.227+0000] {taskinstance.py:340} INFO - ::group::Post task execution logs
[2024-12-05T23:23:49.228+0000] {taskinstance.py:352} INFO - Marking task as SUCCESS. dag_id=mediaset_schedule_scraper, task_id=push_all_in_one_task, run_id=manual__2024-12-05T23:22:59.172644+00:00, execution_date=20241205T232259, start_date=20241205T232346, end_date=20241205T232349
[2024-12-05T23:23:49.258+0000] {local_task_job_runner.py:266} INFO - Task exited with return code 0
[2024-12-05T23:23:49.267+0000] {taskinstance.py:3895} INFO - 0 downstream tasks scheduled from follow-on schedule check
[2024-12-05T23:23:49.268+0000] {local_task_job_runner.py:245} INFO - ::endgroup::
