[2024-12-06T14:15:55.324+0000] {local_task_job_runner.py:123} INFO - ::group::Pre task execution logs
[2024-12-06T14:15:55.336+0000] {taskinstance.py:2613} INFO - Dependencies all met for dep_context=non-requeueable deps ti=<TaskInstance: telemadrid_schedule_scraper_v2.PushAllInOne scheduled__2016-01-08T14:14:00+00:00 [queued]>
[2024-12-06T14:15:55.341+0000] {taskinstance.py:2613} INFO - Dependencies all met for dep_context=requeueable deps ti=<TaskInstance: telemadrid_schedule_scraper_v2.PushAllInOne scheduled__2016-01-08T14:14:00+00:00 [queued]>
[2024-12-06T14:15:55.341+0000] {taskinstance.py:2866} INFO - Starting attempt 1 of 5
[2024-12-06T14:15:55.349+0000] {taskinstance.py:2889} INFO - Executing <Task(_PythonDecoratedOperator): PushAllInOne> on 2016-01-08 14:14:00+00:00
[2024-12-06T14:15:55.353+0000] {warnings.py:112} WARNING - /home/***/.local/lib/python3.12/site-packages/***/task/task_runner/standard_task_runner.py:70: DeprecationWarning: This process (pid=274) is multi-threaded, use of fork() may lead to deadlocks in the child.
  pid = os.fork()

[2024-12-06T14:15:55.354+0000] {standard_task_runner.py:72} INFO - Started process 281 to run task
[2024-12-06T14:15:55.355+0000] {standard_task_runner.py:104} INFO - Running: ['***', 'tasks', 'run', 'telemadrid_schedule_scraper_v2', 'PushAllInOne', 'scheduled__2016-01-08T14:14:00+00:00', '--job-id', '1251', '--raw', '--subdir', 'DAGS_FOLDER/dag_telemadrid_v2.py', '--cfg-path', '/tmp/tmp3ms3k28b']
[2024-12-06T14:15:55.356+0000] {standard_task_runner.py:105} INFO - Job 1251: Subtask PushAllInOne
[2024-12-06T14:15:55.385+0000] {task_command.py:467} INFO - Running <TaskInstance: telemadrid_schedule_scraper_v2.PushAllInOne scheduled__2016-01-08T14:14:00+00:00 [running]> on host 6b4257da02f0
[2024-12-06T14:15:55.436+0000] {taskinstance.py:3132} INFO - Exporting env vars: AIRFLOW_CTX_DAG_OWNER='***' AIRFLOW_CTX_DAG_ID='telemadrid_schedule_scraper_v2' AIRFLOW_CTX_TASK_ID='PushAllInOne' AIRFLOW_CTX_EXECUTION_DATE='2016-01-08T14:14:00+00:00' AIRFLOW_CTX_TRY_NUMBER='1' AIRFLOW_CTX_DAG_RUN_ID='scheduled__2016-01-08T14:14:00+00:00'
[2024-12-06T14:15:55.437+0000] {taskinstance.py:731} INFO - ::endgroup::
[2024-12-06T14:15:59.339+0000] {logging_mixin.py:190} INFO - Archivo actualizado correctamente.
[2024-12-06T14:15:59.340+0000] {python.py:240} INFO - Done. Returned value was: None
[2024-12-06T14:15:59.346+0000] {taskinstance.py:340} INFO - ::group::Post task execution logs
[2024-12-06T14:15:59.346+0000] {taskinstance.py:352} INFO - Marking task as SUCCESS. dag_id=telemadrid_schedule_scraper_v2, task_id=PushAllInOne, run_id=scheduled__2016-01-08T14:14:00+00:00, execution_date=20160108T141400, start_date=20241206T141555, end_date=20241206T141559
[2024-12-06T14:15:59.377+0000] {local_task_job_runner.py:266} INFO - Task exited with return code 0
[2024-12-06T14:15:59.385+0000] {taskinstance.py:3895} INFO - 0 downstream tasks scheduled from follow-on schedule check
[2024-12-06T14:15:59.386+0000] {local_task_job_runner.py:245} INFO - ::endgroup::
