[2024-12-15T17:30:01.121+0000] {local_task_job_runner.py:123} INFO - ::group::Pre task execution logs
[2024-12-15T17:30:01.133+0000] {taskinstance.py:2613} INFO - Dependencies all met for dep_context=non-requeueable deps ti=<TaskInstance: a3media_schedule_scraper.scrape_a3media_task scheduled__2024-12-15T11:30:00+00:00 [queued]>
[2024-12-15T17:30:01.138+0000] {taskinstance.py:2613} INFO - Dependencies all met for dep_context=requeueable deps ti=<TaskInstance: a3media_schedule_scraper.scrape_a3media_task scheduled__2024-12-15T11:30:00+00:00 [queued]>
[2024-12-15T17:30:01.138+0000] {taskinstance.py:2866} INFO - Starting attempt 1 of 5
[2024-12-15T17:30:01.146+0000] {taskinstance.py:2889} INFO - Executing <Task(_PythonDecoratedOperator): scrape_a3media_task> on 2024-12-15 11:30:00+00:00
[2024-12-15T17:30:01.150+0000] {warnings.py:112} WARNING - /home/***/.local/lib/python3.12/site-packages/***/task/task_runner/standard_task_runner.py:70: DeprecationWarning: This process (pid=5643) is multi-threaded, use of fork() may lead to deadlocks in the child.
  pid = os.fork()

[2024-12-15T17:30:01.154+0000] {standard_task_runner.py:72} INFO - Started process 5649 to run task
[2024-12-15T17:30:01.153+0000] {standard_task_runner.py:104} INFO - Running: ['***', 'tasks', 'run', 'a3media_schedule_scraper', 'scrape_a3media_task', 'scheduled__2024-12-15T11:30:00+00:00', '--job-id', '2539', '--raw', '--subdir', 'DAGS_FOLDER/dag_atresmedia.py', '--cfg-path', '/tmp/tmp1cu3fgyl']
[2024-12-15T17:30:01.155+0000] {standard_task_runner.py:105} INFO - Job 2539: Subtask scrape_a3media_task
[2024-12-15T17:30:01.186+0000] {task_command.py:467} INFO - Running <TaskInstance: a3media_schedule_scraper.scrape_a3media_task scheduled__2024-12-15T11:30:00+00:00 [running]> on host b605548c7b8b
[2024-12-15T17:30:01.233+0000] {taskinstance.py:3132} INFO - Exporting env vars: AIRFLOW_CTX_DAG_OWNER='***' AIRFLOW_CTX_DAG_ID='a3media_schedule_scraper' AIRFLOW_CTX_TASK_ID='scrape_a3media_task' AIRFLOW_CTX_EXECUTION_DATE='2024-12-15T11:30:00+00:00' AIRFLOW_CTX_TRY_NUMBER='1' AIRFLOW_CTX_DAG_RUN_ID='scheduled__2024-12-15T11:30:00+00:00'
[2024-12-15T17:30:01.234+0000] {taskinstance.py:731} INFO - ::endgroup::
[2024-12-15T17:30:01.380+0000] {logging_mixin.py:190} INFO - https://api.atresplayer.com/client/v1/row/programming/5a6a165a7ed1a834493ebf6a?date=14-12-2024
[2024-12-15T17:30:01.427+0000] {logging_mixin.py:190} INFO - https://api.atresplayer.com/client/v1/row/programming/5a6a165a7ed1a834493ebf6a?date=15-12-2024
[2024-12-15T17:30:01.464+0000] {logging_mixin.py:190} INFO - https://api.atresplayer.com/client/v1/row/programming/5a6a165a7ed1a834493ebf6a?date=16-12-2024
[2024-12-15T17:30:01.700+0000] {logging_mixin.py:190} INFO - Escrito el xmltv del canal "Antena 3"
[2024-12-15T17:30:03.537+0000] {logging_mixin.py:190} INFO - Archivo actualizado correctamente.
[2024-12-15T17:30:03.538+0000] {logging_mixin.py:190} INFO - https://api.atresplayer.com/client/v1/row/programming/5a6a172c7ed1a834493ebf6b?date=14-12-2024
[2024-12-15T17:30:03.575+0000] {logging_mixin.py:190} INFO - https://api.atresplayer.com/client/v1/row/programming/5a6a172c7ed1a834493ebf6b?date=15-12-2024
[2024-12-15T17:30:03.615+0000] {logging_mixin.py:190} INFO - https://api.atresplayer.com/client/v1/row/programming/5a6a172c7ed1a834493ebf6b?date=16-12-2024
[2024-12-15T17:30:03.813+0000] {logging_mixin.py:190} INFO - Escrito el xmltv del canal "laSexta"
[2024-12-15T17:30:05.546+0000] {logging_mixin.py:190} INFO - Archivo actualizado correctamente.
[2024-12-15T17:30:05.546+0000] {logging_mixin.py:190} INFO - https://api.atresplayer.com/client/v1/row/programming/5a6a17da7ed1a834493ebf6d?date=14-12-2024
[2024-12-15T17:30:05.581+0000] {logging_mixin.py:190} INFO - https://api.atresplayer.com/client/v1/row/programming/5a6a17da7ed1a834493ebf6d?date=15-12-2024
[2024-12-15T17:30:05.613+0000] {logging_mixin.py:190} INFO - https://api.atresplayer.com/client/v1/row/programming/5a6a17da7ed1a834493ebf6d?date=16-12-2024
[2024-12-15T17:30:05.917+0000] {logging_mixin.py:190} INFO - Escrito el xmltv del canal "Neox"
[2024-12-15T17:30:07.615+0000] {logging_mixin.py:190} INFO - Archivo actualizado correctamente.
[2024-12-15T17:30:07.616+0000] {logging_mixin.py:190} INFO - https://api.atresplayer.com/client/v1/row/programming/5a6a180b7ed1a834493ebf6e?date=14-12-2024
[2024-12-15T17:30:07.657+0000] {logging_mixin.py:190} INFO - https://api.atresplayer.com/client/v1/row/programming/5a6a180b7ed1a834493ebf6e?date=15-12-2024
[2024-12-15T17:30:07.895+0000] {logging_mixin.py:190} INFO - https://api.atresplayer.com/client/v1/row/programming/5a6a180b7ed1a834493ebf6e?date=16-12-2024
[2024-12-15T17:30:08.062+0000] {logging_mixin.py:190} INFO - Escrito el xmltv del canal "Nova"
[2024-12-15T17:30:09.836+0000] {logging_mixin.py:190} INFO - Archivo actualizado correctamente.
[2024-12-15T17:30:09.837+0000] {logging_mixin.py:190} INFO - https://api.atresplayer.com/client/v1/row/programming/5a6a18357ed1a834493ebf6f?date=14-12-2024
[2024-12-15T17:30:09.874+0000] {logging_mixin.py:190} INFO - https://api.atresplayer.com/client/v1/row/programming/5a6a18357ed1a834493ebf6f?date=15-12-2024
[2024-12-15T17:30:10.119+0000] {logging_mixin.py:190} INFO - https://api.atresplayer.com/client/v1/row/programming/5a6a18357ed1a834493ebf6f?date=16-12-2024
[2024-12-15T17:30:10.431+0000] {logging_mixin.py:190} INFO - Escrito el xmltv del canal "Mega"
[2024-12-15T17:30:12.394+0000] {logging_mixin.py:190} INFO - Archivo actualizado correctamente.
[2024-12-15T17:30:12.394+0000] {logging_mixin.py:190} INFO - https://api.atresplayer.com/client/v1/row/programming/5a6a189a7ed1a834493ebf70?date=14-12-2024
[2024-12-15T17:30:12.427+0000] {logging_mixin.py:190} INFO - https://api.atresplayer.com/client/v1/row/programming/5a6a189a7ed1a834493ebf70?date=15-12-2024
[2024-12-15T17:30:12.459+0000] {logging_mixin.py:190} INFO - https://api.atresplayer.com/client/v1/row/programming/5a6a189a7ed1a834493ebf70?date=16-12-2024
[2024-12-15T17:30:12.673+0000] {logging_mixin.py:190} INFO - Escrito el xmltv del canal "Atreseries"
[2024-12-15T17:30:14.377+0000] {logging_mixin.py:190} INFO - Archivo actualizado correctamente.
[2024-12-15T17:30:14.378+0000] {python.py:240} INFO - Done. Returned value was: None
[2024-12-15T17:30:14.384+0000] {taskinstance.py:340} INFO - ::group::Post task execution logs
[2024-12-15T17:30:14.385+0000] {taskinstance.py:352} INFO - Marking task as SUCCESS. dag_id=a3media_schedule_scraper, task_id=scrape_a3media_task, run_id=scheduled__2024-12-15T11:30:00+00:00, execution_date=20241215T113000, start_date=20241215T173001, end_date=20241215T173014
[2024-12-15T17:30:14.411+0000] {local_task_job_runner.py:266} INFO - Task exited with return code 0
[2024-12-15T17:30:14.426+0000] {taskinstance.py:3895} INFO - 1 downstream tasks scheduled from follow-on schedule check
[2024-12-15T17:30:14.427+0000] {local_task_job_runner.py:245} INFO - ::endgroup::
