[2024-12-05T00:07:47.221+0000] {local_task_job_runner.py:123} INFO - ::group::Pre task execution logs
[2024-12-05T00:07:47.231+0000] {taskinstance.py:2613} INFO - Dependencies all met for dep_context=non-requeueable deps ti=<TaskInstance: rtve_schedule_scraper.scrape_rtve_schedule manual__2024-12-05T00:07:45.565304+00:00 [queued]>
[2024-12-05T00:07:47.236+0000] {taskinstance.py:2613} INFO - Dependencies all met for dep_context=requeueable deps ti=<TaskInstance: rtve_schedule_scraper.scrape_rtve_schedule manual__2024-12-05T00:07:45.565304+00:00 [queued]>
[2024-12-05T00:07:47.236+0000] {taskinstance.py:2866} INFO - Starting attempt 1 of 2
[2024-12-05T00:07:47.243+0000] {taskinstance.py:2889} INFO - Executing <Task(PythonOperator): scrape_rtve_schedule> on 2024-12-05 00:07:45.565304+00:00
[2024-12-05T00:07:47.247+0000] {warnings.py:112} WARNING - /home/***/.local/lib/python3.12/site-packages/***/task/task_runner/standard_task_runner.py:70: DeprecationWarning: This process (pid=118) is multi-threaded, use of fork() may lead to deadlocks in the child.
  pid = os.fork()

[2024-12-05T00:07:47.249+0000] {standard_task_runner.py:72} INFO - Started process 119 to run task
[2024-12-05T00:07:47.248+0000] {standard_task_runner.py:104} INFO - Running: ['***', 'tasks', 'run', 'rtve_schedule_scraper', 'scrape_rtve_schedule', 'manual__2024-12-05T00:07:45.565304+00:00', '--job-id', '525', '--raw', '--subdir', 'DAGS_FOLDER/dag_rtve_selenium.py', '--cfg-path', '/tmp/tmpkmlpygji']
[2024-12-05T00:07:47.250+0000] {standard_task_runner.py:105} INFO - Job 525: Subtask scrape_rtve_schedule
[2024-12-05T00:07:47.275+0000] {task_command.py:467} INFO - Running <TaskInstance: rtve_schedule_scraper.scrape_rtve_schedule manual__2024-12-05T00:07:45.565304+00:00 [running]> on host d88abb179e8d
[2024-12-05T00:07:47.317+0000] {taskinstance.py:3132} INFO - Exporting env vars: AIRFLOW_CTX_DAG_OWNER='***' AIRFLOW_CTX_DAG_ID='rtve_schedule_scraper' AIRFLOW_CTX_TASK_ID='scrape_rtve_schedule' AIRFLOW_CTX_EXECUTION_DATE='2024-12-05T00:07:45.565304+00:00' AIRFLOW_CTX_TRY_NUMBER='1' AIRFLOW_CTX_DAG_RUN_ID='manual__2024-12-05T00:07:45.565304+00:00'
[2024-12-05T00:07:47.318+0000] {taskinstance.py:731} INFO - ::endgroup::
[2024-12-05T00:07:56.488+0000] {logging_mixin.py:190} INFO - Archivo actualizado correctamente.
[2024-12-05T00:07:56.489+0000] {logging_mixin.py:190} INFO - Escrito el xmltv del canal "La 1"
[2024-12-05T00:07:58.458+0000] {logging_mixin.py:190} INFO - Archivo actualizado correctamente.
[2024-12-05T00:07:58.459+0000] {logging_mixin.py:190} INFO - Escrito el xmltv del canal "La 2"
[2024-12-05T00:08:00.469+0000] {logging_mixin.py:190} INFO - Archivo actualizado correctamente.
[2024-12-05T00:08:00.470+0000] {logging_mixin.py:190} INFO - Escrito el xmltv del canal "Teledeporte"
[2024-12-05T00:08:02.703+0000] {logging_mixin.py:190} INFO - Archivo actualizado correctamente.
[2024-12-05T00:08:02.704+0000] {logging_mixin.py:190} INFO - Escrito el xmltv del canal "24 horas"
[2024-12-05T00:08:04.908+0000] {logging_mixin.py:190} INFO - Archivo actualizado correctamente.
[2024-12-05T00:08:04.909+0000] {logging_mixin.py:190} INFO - Escrito el xmltv del canal "Clan"
[2024-12-05T00:08:04.990+0000] {python.py:240} INFO - Done. Returned value was: None
[2024-12-05T00:08:04.996+0000] {taskinstance.py:340} INFO - ::group::Post task execution logs
[2024-12-05T00:08:04.997+0000] {taskinstance.py:352} INFO - Marking task as SUCCESS. dag_id=rtve_schedule_scraper, task_id=scrape_rtve_schedule, run_id=manual__2024-12-05T00:07:45.565304+00:00, execution_date=20241205T000745, start_date=20241205T000747, end_date=20241205T000804
[2024-12-05T00:08:05.024+0000] {local_task_job_runner.py:266} INFO - Task exited with return code 0
[2024-12-05T00:08:05.035+0000] {taskinstance.py:3895} INFO - 1 downstream tasks scheduled from follow-on schedule check
[2024-12-05T00:08:05.036+0000] {local_task_job_runner.py:245} INFO - ::endgroup::
