[2024-12-05T23:18:48.136+0000] {local_task_job_runner.py:123} INFO - ::group::Pre task execution logs
[2024-12-05T23:18:48.144+0000] {taskinstance.py:2613} INFO - Dependencies all met for dep_context=non-requeueable deps ti=<TaskInstance: rtve_schedule_scraper.push_all_in_one_task manual__2024-12-05T23:18:27.303641+00:00 [queued]>
[2024-12-05T23:18:48.149+0000] {taskinstance.py:2613} INFO - Dependencies all met for dep_context=requeueable deps ti=<TaskInstance: rtve_schedule_scraper.push_all_in_one_task manual__2024-12-05T23:18:27.303641+00:00 [queued]>
[2024-12-05T23:18:48.149+0000] {taskinstance.py:2866} INFO - Starting attempt 1 of 2
[2024-12-05T23:18:48.157+0000] {taskinstance.py:2889} INFO - Executing <Task(PythonOperator): push_all_in_one_task> on 2024-12-05 23:18:27.303641+00:00
[2024-12-05T23:18:48.161+0000] {warnings.py:112} WARNING - /home/***/.local/lib/python3.12/site-packages/***/task/task_runner/standard_task_runner.py:70: DeprecationWarning: This process (pid=124) is multi-threaded, use of fork() may lead to deadlocks in the child.
  pid = os.fork()

[2024-12-05T23:18:48.162+0000] {standard_task_runner.py:72} INFO - Started process 125 to run task
[2024-12-05T23:18:48.162+0000] {standard_task_runner.py:104} INFO - Running: ['***', 'tasks', 'run', 'rtve_schedule_scraper', 'push_all_in_one_task', 'manual__2024-12-05T23:18:27.303641+00:00', '--job-id', '598', '--raw', '--subdir', 'DAGS_FOLDER/dag_rtve_selenium.py', '--cfg-path', '/tmp/tmpzohlpo62']
[2024-12-05T23:18:48.164+0000] {standard_task_runner.py:105} INFO - Job 598: Subtask push_all_in_one_task
[2024-12-05T23:18:48.194+0000] {task_command.py:467} INFO - Running <TaskInstance: rtve_schedule_scraper.push_all_in_one_task manual__2024-12-05T23:18:27.303641+00:00 [running]> on host d88abb179e8d
[2024-12-05T23:18:48.235+0000] {taskinstance.py:3132} INFO - Exporting env vars: AIRFLOW_CTX_DAG_OWNER='***' AIRFLOW_CTX_DAG_ID='rtve_schedule_scraper' AIRFLOW_CTX_TASK_ID='push_all_in_one_task' AIRFLOW_CTX_EXECUTION_DATE='2024-12-05T23:18:27.303641+00:00' AIRFLOW_CTX_TRY_NUMBER='1' AIRFLOW_CTX_DAG_RUN_ID='manual__2024-12-05T23:18:27.303641+00:00'
[2024-12-05T23:18:48.236+0000] {taskinstance.py:731} INFO - ::endgroup::
[2024-12-05T23:18:51.133+0000] {logging_mixin.py:190} INFO - Archivo actualizado correctamente.
[2024-12-05T23:18:51.134+0000] {python.py:240} INFO - Done. Returned value was: None
[2024-12-05T23:18:51.140+0000] {taskinstance.py:340} INFO - ::group::Post task execution logs
[2024-12-05T23:18:51.140+0000] {taskinstance.py:352} INFO - Marking task as SUCCESS. dag_id=rtve_schedule_scraper, task_id=push_all_in_one_task, run_id=manual__2024-12-05T23:18:27.303641+00:00, execution_date=20241205T231827, start_date=20241205T231848, end_date=20241205T231851
[2024-12-05T23:18:51.183+0000] {local_task_job_runner.py:266} INFO - Task exited with return code 0
[2024-12-05T23:18:51.193+0000] {taskinstance.py:3895} INFO - 0 downstream tasks scheduled from follow-on schedule check
[2024-12-05T23:18:51.194+0000] {local_task_job_runner.py:245} INFO - ::endgroup::
