[2024-12-14T22:34:44.933+0000] {local_task_job_runner.py:123} INFO - ::group::Pre task execution logs
[2024-12-14T22:34:44.950+0000] {taskinstance.py:2613} INFO - Dependencies all met for dep_context=non-requeueable deps ti=<TaskInstance: a3media_schedule_scraper.push_all_in_one scheduled__2024-12-14T11:30:00+00:00 [queued]>
[2024-12-14T22:34:44.960+0000] {taskinstance.py:2613} INFO - Dependencies all met for dep_context=requeueable deps ti=<TaskInstance: a3media_schedule_scraper.push_all_in_one scheduled__2024-12-14T11:30:00+00:00 [queued]>
[2024-12-14T22:34:44.960+0000] {taskinstance.py:2866} INFO - Starting attempt 1 of 5
[2024-12-14T22:34:44.977+0000] {taskinstance.py:2889} INFO - Executing <Task(_PythonDecoratedOperator): push_all_in_one> on 2024-12-14 11:30:00+00:00
[2024-12-14T22:34:44.991+0000] {warnings.py:112} WARNING - /home/***/.local/lib/python3.12/site-packages/***/task/task_runner/standard_task_runner.py:70: DeprecationWarning: This process (pid=174) is multi-threaded, use of fork() may lead to deadlocks in the child.
  pid = os.fork()

[2024-12-14T22:34:44.992+0000] {standard_task_runner.py:72} INFO - Started process 175 to run task
[2024-12-14T22:34:44.993+0000] {standard_task_runner.py:104} INFO - Running: ['***', 'tasks', 'run', 'a3media_schedule_scraper', 'push_all_in_one', 'scheduled__2024-12-14T11:30:00+00:00', '--job-id', '2461', '--raw', '--subdir', 'DAGS_FOLDER/dag_atresmedia.py', '--cfg-path', '/tmp/tmpz_hceiyk']
[2024-12-14T22:34:44.994+0000] {standard_task_runner.py:105} INFO - Job 2461: Subtask push_all_in_one
[2024-12-14T22:34:45.046+0000] {task_command.py:467} INFO - Running <TaskInstance: a3media_schedule_scraper.push_all_in_one scheduled__2024-12-14T11:30:00+00:00 [running]> on host b605548c7b8b
[2024-12-14T22:34:45.137+0000] {taskinstance.py:3132} INFO - Exporting env vars: AIRFLOW_CTX_DAG_OWNER='***' AIRFLOW_CTX_DAG_ID='a3media_schedule_scraper' AIRFLOW_CTX_TASK_ID='push_all_in_one' AIRFLOW_CTX_EXECUTION_DATE='2024-12-14T11:30:00+00:00' AIRFLOW_CTX_TRY_NUMBER='1' AIRFLOW_CTX_DAG_RUN_ID='scheduled__2024-12-14T11:30:00+00:00'
[2024-12-14T22:34:45.138+0000] {taskinstance.py:731} INFO - ::endgroup::
[2024-12-14T22:34:48.873+0000] {logging_mixin.py:190} INFO - Error: 422 {"message": "Invalid request.\n\n\"sha\" wasn't supplied.", "documentation_url": "https://docs.github.com/rest/repos/contents#create-or-update-file-contents", "status": "422"}
[2024-12-14T22:34:48.875+0000] {python.py:240} INFO - Done. Returned value was: None
[2024-12-14T22:34:48.885+0000] {taskinstance.py:340} INFO - ::group::Post task execution logs
[2024-12-14T22:34:48.886+0000] {taskinstance.py:352} INFO - Marking task as SUCCESS. dag_id=a3media_schedule_scraper, task_id=push_all_in_one, run_id=scheduled__2024-12-14T11:30:00+00:00, execution_date=20241214T113000, start_date=20241214T223444, end_date=20241214T223448
[2024-12-14T22:34:48.940+0000] {local_task_job_runner.py:266} INFO - Task exited with return code 0
[2024-12-14T22:34:48.959+0000] {taskinstance.py:3895} INFO - 0 downstream tasks scheduled from follow-on schedule check
[2024-12-14T22:34:48.961+0000] {local_task_job_runner.py:245} INFO - ::endgroup::
