[2024-12-06T12:53:07.977+0000] {local_task_job_runner.py:123} INFO - ::group::Pre task execution logs
[2024-12-06T12:53:07.986+0000] {taskinstance.py:2613} INFO - Dependencies all met for dep_context=non-requeueable deps ti=<TaskInstance: telemadrid_schedule_scraper_v2.scrape_telemadrid_schedule scheduled__2024-01-31T12:00:00+00:00 [queued]>
[2024-12-06T12:53:07.990+0000] {taskinstance.py:2613} INFO - Dependencies all met for dep_context=requeueable deps ti=<TaskInstance: telemadrid_schedule_scraper_v2.scrape_telemadrid_schedule scheduled__2024-01-31T12:00:00+00:00 [queued]>
[2024-12-06T12:53:07.991+0000] {taskinstance.py:2866} INFO - Starting attempt 1 of 5
[2024-12-06T12:53:07.997+0000] {taskinstance.py:2889} INFO - Executing <Task(_PythonDecoratedOperator): scrape_telemadrid_schedule> on 2024-01-31 12:00:00+00:00
[2024-12-06T12:53:08.002+0000] {warnings.py:112} WARNING - /home/***/.local/lib/python3.12/site-packages/***/task/task_runner/standard_task_runner.py:70: DeprecationWarning: This process (pid=236) is multi-threaded, use of fork() may lead to deadlocks in the child.
  pid = os.fork()

[2024-12-06T12:53:08.003+0000] {standard_task_runner.py:72} INFO - Started process 244 to run task
[2024-12-06T12:53:08.003+0000] {standard_task_runner.py:104} INFO - Running: ['***', 'tasks', 'run', 'telemadrid_schedule_scraper_v2', 'scrape_telemadrid_schedule', 'scheduled__2024-01-31T12:00:00+00:00', '--job-id', '1022', '--raw', '--subdir', 'DAGS_FOLDER/dag_telemadrid_v2.py', '--cfg-path', '/tmp/tmpruqh_zey']
[2024-12-06T12:53:08.004+0000] {standard_task_runner.py:105} INFO - Job 1022: Subtask scrape_telemadrid_schedule
[2024-12-06T12:53:08.033+0000] {task_command.py:467} INFO - Running <TaskInstance: telemadrid_schedule_scraper_v2.scrape_telemadrid_schedule scheduled__2024-01-31T12:00:00+00:00 [running]> on host 01ebcafa06b4
[2024-12-06T12:53:08.079+0000] {taskinstance.py:3132} INFO - Exporting env vars: AIRFLOW_CTX_DAG_OWNER='***' AIRFLOW_CTX_DAG_ID='telemadrid_schedule_scraper_v2' AIRFLOW_CTX_TASK_ID='scrape_telemadrid_schedule' AIRFLOW_CTX_EXECUTION_DATE='2024-01-31T12:00:00+00:00' AIRFLOW_CTX_TRY_NUMBER='1' AIRFLOW_CTX_DAG_RUN_ID='scheduled__2024-01-31T12:00:00+00:00'
[2024-12-06T12:53:08.080+0000] {taskinstance.py:731} INFO - ::endgroup::
[2024-12-06T12:53:08.287+0000] {logging_mixin.py:190} INFO - Escrito el xmltv del canal "Telemadrid"
[2024-12-06T12:53:11.216+0000] {logging_mixin.py:190} INFO - Error: 422 {"message": "Invalid request.\n\n\"sha\" wasn't supplied.", "documentation_url": "https://docs.github.com/rest/repos/contents#create-or-update-file-contents", "status": "422"}
[2024-12-06T12:53:11.217+0000] {python.py:240} INFO - Done. Returned value was: None
[2024-12-06T12:53:11.222+0000] {taskinstance.py:340} INFO - ::group::Post task execution logs
[2024-12-06T12:53:11.223+0000] {taskinstance.py:352} INFO - Marking task as SUCCESS. dag_id=telemadrid_schedule_scraper_v2, task_id=scrape_telemadrid_schedule, run_id=scheduled__2024-01-31T12:00:00+00:00, execution_date=20240131T120000, start_date=20241206T125307, end_date=20241206T125311
[2024-12-06T12:53:11.264+0000] {local_task_job_runner.py:266} INFO - Task exited with return code 0
[2024-12-06T12:53:11.283+0000] {taskinstance.py:3895} INFO - 1 downstream tasks scheduled from follow-on schedule check
[2024-12-06T12:53:11.284+0000] {local_task_job_runner.py:245} INFO - ::endgroup::
