[2024-12-07T15:00:00.980+0000] {local_task_job_runner.py:123} INFO - ::group::Pre task execution logs
[2024-12-07T15:00:00.988+0000] {taskinstance.py:2613} INFO - Dependencies all met for dep_context=non-requeueable deps ti=<TaskInstance: rtve_schedule_scraper.scrape_rtve_task scheduled__2024-12-07T07:00:00+00:00 [queued]>
[2024-12-07T15:00:00.994+0000] {taskinstance.py:2613} INFO - Dependencies all met for dep_context=requeueable deps ti=<TaskInstance: rtve_schedule_scraper.scrape_rtve_task scheduled__2024-12-07T07:00:00+00:00 [queued]>
[2024-12-07T15:00:00.994+0000] {taskinstance.py:2866} INFO - Starting attempt 1 of 5
[2024-12-07T15:00:01.005+0000] {taskinstance.py:2889} INFO - Executing <Task(_PythonDecoratedOperator): scrape_rtve_task> on 2024-12-07 07:00:00+00:00
[2024-12-07T15:00:01.010+0000] {warnings.py:112} WARNING - /home/***/.local/lib/python3.12/site-packages/***/task/task_runner/standard_task_runner.py:70: DeprecationWarning: This process (pid=2824) is multi-threaded, use of fork() may lead to deadlocks in the child.
  pid = os.fork()

[2024-12-07T15:00:01.011+0000] {standard_task_runner.py:72} INFO - Started process 2840 to run task
[2024-12-07T15:00:01.011+0000] {standard_task_runner.py:104} INFO - Running: ['***', 'tasks', 'run', 'rtve_schedule_scraper', 'scrape_rtve_task', 'scheduled__2024-12-07T07:00:00+00:00', '--job-id', '2033', '--raw', '--subdir', 'DAGS_FOLDER/dag_rtve_selenium.py', '--cfg-path', '/tmp/tmpj0x6n6b6']
[2024-12-07T15:00:01.013+0000] {standard_task_runner.py:105} INFO - Job 2033: Subtask scrape_rtve_task
[2024-12-07T15:00:01.043+0000] {task_command.py:467} INFO - Running <TaskInstance: rtve_schedule_scraper.scrape_rtve_task scheduled__2024-12-07T07:00:00+00:00 [running]> on host b605548c7b8b
[2024-12-07T15:00:01.087+0000] {taskinstance.py:3132} INFO - Exporting env vars: AIRFLOW_CTX_DAG_OWNER='***' AIRFLOW_CTX_DAG_ID='rtve_schedule_scraper' AIRFLOW_CTX_TASK_ID='scrape_rtve_task' AIRFLOW_CTX_EXECUTION_DATE='2024-12-07T07:00:00+00:00' AIRFLOW_CTX_TRY_NUMBER='1' AIRFLOW_CTX_DAG_RUN_ID='scheduled__2024-12-07T07:00:00+00:00'
[2024-12-07T15:00:01.088+0000] {taskinstance.py:731} INFO - ::endgroup::
[2024-12-07T15:00:25.138+0000] {logging_mixin.py:190} INFO - Archivo actualizado correctamente.
[2024-12-07T15:00:25.139+0000] {logging_mixin.py:190} INFO - Escrito el xmltv del canal "La 1"
[2024-12-07T15:00:27.140+0000] {logging_mixin.py:190} INFO - Archivo actualizado correctamente.
[2024-12-07T15:00:27.141+0000] {logging_mixin.py:190} INFO - Escrito el xmltv del canal "La 2"
[2024-12-07T15:00:29.330+0000] {logging_mixin.py:190} INFO - Archivo actualizado correctamente.
[2024-12-07T15:00:29.331+0000] {logging_mixin.py:190} INFO - Escrito el xmltv del canal "Teledeporte"
[2024-12-07T15:00:31.396+0000] {logging_mixin.py:190} INFO - Archivo actualizado correctamente.
[2024-12-07T15:00:31.397+0000] {logging_mixin.py:190} INFO - Escrito el xmltv del canal "24 horas"
[2024-12-07T15:00:33.786+0000] {logging_mixin.py:190} INFO - Archivo actualizado correctamente.
[2024-12-07T15:00:33.787+0000] {logging_mixin.py:190} INFO - Escrito el xmltv del canal "Clan"
[2024-12-07T15:00:33.865+0000] {python.py:240} INFO - Done. Returned value was: None
[2024-12-07T15:00:33.871+0000] {taskinstance.py:340} INFO - ::group::Post task execution logs
[2024-12-07T15:00:33.871+0000] {taskinstance.py:352} INFO - Marking task as SUCCESS. dag_id=rtve_schedule_scraper, task_id=scrape_rtve_task, run_id=scheduled__2024-12-07T07:00:00+00:00, execution_date=20241207T070000, start_date=20241207T150000, end_date=20241207T150033
[2024-12-07T15:00:33.915+0000] {local_task_job_runner.py:266} INFO - Task exited with return code 0
[2024-12-07T15:00:33.927+0000] {taskinstance.py:3895} INFO - 1 downstream tasks scheduled from follow-on schedule check
[2024-12-07T15:00:33.928+0000] {local_task_job_runner.py:245} INFO - ::endgroup::
