[2024-12-06T16:36:09.120+0000] {local_task_job_runner.py:123} INFO - ::group::Pre task execution logs
[2024-12-06T16:36:09.130+0000] {taskinstance.py:2613} INFO - Dependencies all met for dep_context=non-requeueable deps ti=<TaskInstance: telemadrid_schedule_scraper_v2.PushAllInOne scheduled__2024-12-05T14:49:00+00:00 [queued]>
[2024-12-06T16:36:09.134+0000] {taskinstance.py:2613} INFO - Dependencies all met for dep_context=requeueable deps ti=<TaskInstance: telemadrid_schedule_scraper_v2.PushAllInOne scheduled__2024-12-05T14:49:00+00:00 [queued]>
[2024-12-06T16:36:09.135+0000] {taskinstance.py:2866} INFO - Starting attempt 1 of 5
[2024-12-06T16:36:09.141+0000] {taskinstance.py:2889} INFO - Executing <Task(_PythonDecoratedOperator): PushAllInOne> on 2024-12-05 14:49:00+00:00
[2024-12-06T16:36:09.145+0000] {warnings.py:112} WARNING - /home/***/.local/lib/python3.12/site-packages/***/task/task_runner/standard_task_runner.py:70: DeprecationWarning: This process (pid=307) is multi-threaded, use of fork() may lead to deadlocks in the child.
  pid = os.fork()

[2024-12-06T16:36:09.147+0000] {standard_task_runner.py:72} INFO - Started process 308 to run task
[2024-12-06T16:36:09.146+0000] {standard_task_runner.py:104} INFO - Running: ['***', 'tasks', 'run', 'telemadrid_schedule_scraper_v2', 'PushAllInOne', 'scheduled__2024-12-05T14:49:00+00:00', '--job-id', '1939', '--raw', '--subdir', 'DAGS_FOLDER/dag_telemadrid_v2.py', '--cfg-path', '/tmp/tmp2vxh4fk6']
[2024-12-06T16:36:09.148+0000] {standard_task_runner.py:105} INFO - Job 1939: Subtask PushAllInOne
[2024-12-06T16:36:09.172+0000] {task_command.py:467} INFO - Running <TaskInstance: telemadrid_schedule_scraper_v2.PushAllInOne scheduled__2024-12-05T14:49:00+00:00 [running]> on host b605548c7b8b
[2024-12-06T16:36:09.210+0000] {taskinstance.py:3132} INFO - Exporting env vars: AIRFLOW_CTX_DAG_OWNER='***' AIRFLOW_CTX_DAG_ID='telemadrid_schedule_scraper_v2' AIRFLOW_CTX_TASK_ID='PushAllInOne' AIRFLOW_CTX_EXECUTION_DATE='2024-12-05T14:49:00+00:00' AIRFLOW_CTX_TRY_NUMBER='1' AIRFLOW_CTX_DAG_RUN_ID='scheduled__2024-12-05T14:49:00+00:00'
[2024-12-06T16:36:09.211+0000] {taskinstance.py:731} INFO - ::endgroup::
[2024-12-06T16:36:11.617+0000] {logging_mixin.py:190} INFO - Archivo actualizado correctamente.
[2024-12-06T16:36:11.618+0000] {python.py:240} INFO - Done. Returned value was: None
[2024-12-06T16:36:11.625+0000] {taskinstance.py:340} INFO - ::group::Post task execution logs
[2024-12-06T16:36:11.626+0000] {taskinstance.py:352} INFO - Marking task as SUCCESS. dag_id=telemadrid_schedule_scraper_v2, task_id=PushAllInOne, run_id=scheduled__2024-12-05T14:49:00+00:00, execution_date=20241205T144900, start_date=20241206T163609, end_date=20241206T163611
[2024-12-06T16:36:11.647+0000] {local_task_job_runner.py:266} INFO - Task exited with return code 0
[2024-12-06T16:36:11.656+0000] {taskinstance.py:3895} INFO - 0 downstream tasks scheduled from follow-on schedule check
[2024-12-06T16:36:11.657+0000] {local_task_job_runner.py:245} INFO - ::endgroup::
