[2024-12-07T11:46:03.485+0000] {local_task_job_runner.py:123} INFO - ::group::Pre task execution logs
[2024-12-07T11:46:03.493+0000] {taskinstance.py:2613} INFO - Dependencies all met for dep_context=non-requeueable deps ti=<TaskInstance: a3media_schedule_scraper.scrape_a3media_task scheduled__2024-12-06T23:00:00+00:00 [queued]>
[2024-12-07T11:46:03.498+0000] {taskinstance.py:2613} INFO - Dependencies all met for dep_context=requeueable deps ti=<TaskInstance: a3media_schedule_scraper.scrape_a3media_task scheduled__2024-12-06T23:00:00+00:00 [queued]>
[2024-12-07T11:46:03.498+0000] {taskinstance.py:2866} INFO - Starting attempt 1 of 5
[2024-12-07T11:46:03.505+0000] {taskinstance.py:2889} INFO - Executing <Task(_PythonDecoratedOperator): scrape_a3media_task> on 2024-12-06 23:00:00+00:00
[2024-12-07T11:46:03.509+0000] {warnings.py:112} WARNING - /home/***/.local/lib/python3.12/site-packages/***/task/task_runner/standard_task_runner.py:70: DeprecationWarning: This process (pid=177) is multi-threaded, use of fork() may lead to deadlocks in the child.
  pid = os.fork()

[2024-12-07T11:46:03.510+0000] {standard_task_runner.py:72} INFO - Started process 178 to run task
[2024-12-07T11:46:03.510+0000] {standard_task_runner.py:104} INFO - Running: ['***', 'tasks', 'run', 'a3media_schedule_scraper', 'scrape_a3media_task', 'scheduled__2024-12-06T23:00:00+00:00', '--job-id', '2013', '--raw', '--subdir', 'DAGS_FOLDER/dag_atresmedia.py', '--cfg-path', '/tmp/tmp0q7m6p7g']
[2024-12-07T11:46:03.511+0000] {standard_task_runner.py:105} INFO - Job 2013: Subtask scrape_a3media_task
[2024-12-07T11:46:03.533+0000] {task_command.py:467} INFO - Running <TaskInstance: a3media_schedule_scraper.scrape_a3media_task scheduled__2024-12-06T23:00:00+00:00 [running]> on host b605548c7b8b
[2024-12-07T11:46:03.576+0000] {taskinstance.py:3132} INFO - Exporting env vars: AIRFLOW_CTX_DAG_OWNER='***' AIRFLOW_CTX_DAG_ID='a3media_schedule_scraper' AIRFLOW_CTX_TASK_ID='scrape_a3media_task' AIRFLOW_CTX_EXECUTION_DATE='2024-12-06T23:00:00+00:00' AIRFLOW_CTX_TRY_NUMBER='1' AIRFLOW_CTX_DAG_RUN_ID='scheduled__2024-12-06T23:00:00+00:00'
[2024-12-07T11:46:03.576+0000] {taskinstance.py:731} INFO - ::endgroup::
[2024-12-07T11:46:03.822+0000] {logging_mixin.py:190} INFO - Escrito el xmltv del canal "Antena 3"
[2024-12-07T11:46:05.665+0000] {logging_mixin.py:190} INFO - Archivo actualizado correctamente.
[2024-12-07T11:46:05.798+0000] {logging_mixin.py:190} INFO - Escrito el xmltv del canal "laSexta"
[2024-12-07T11:46:07.850+0000] {logging_mixin.py:190} INFO - Archivo actualizado correctamente.
[2024-12-07T11:46:08.133+0000] {logging_mixin.py:190} INFO - Escrito el xmltv del canal "Neox"
[2024-12-07T11:46:10.094+0000] {logging_mixin.py:190} INFO - Archivo actualizado correctamente.
[2024-12-07T11:46:10.391+0000] {logging_mixin.py:190} INFO - Escrito el xmltv del canal "Nova"
[2024-12-07T11:46:13.496+0000] {logging_mixin.py:190} INFO - Error: 422 {"message": "Invalid request.\n\n\"sha\" wasn't supplied.", "documentation_url": "https://docs.github.com/rest/repos/contents#create-or-update-file-contents", "status": "422"}
[2024-12-07T11:46:13.629+0000] {logging_mixin.py:190} INFO - Escrito el xmltv del canal "Mega"
[2024-12-07T11:46:15.673+0000] {logging_mixin.py:190} INFO - Archivo actualizado correctamente.
[2024-12-07T11:46:15.797+0000] {logging_mixin.py:190} INFO - Escrito el xmltv del canal "Atreseries"
[2024-12-07T11:46:18.889+0000] {logging_mixin.py:190} INFO - Error: 422 {"message": "Invalid request.\n\n\"sha\" wasn't supplied.", "documentation_url": "https://docs.github.com/rest/repos/contents#create-or-update-file-contents", "status": "422"}
[2024-12-07T11:46:18.890+0000] {python.py:240} INFO - Done. Returned value was: None
[2024-12-07T11:46:18.895+0000] {taskinstance.py:340} INFO - ::group::Post task execution logs
[2024-12-07T11:46:18.896+0000] {taskinstance.py:352} INFO - Marking task as SUCCESS. dag_id=a3media_schedule_scraper, task_id=scrape_a3media_task, run_id=scheduled__2024-12-06T23:00:00+00:00, execution_date=20241206T230000, start_date=20241207T114603, end_date=20241207T114618
[2024-12-07T11:46:18.909+0000] {local_task_job_runner.py:266} INFO - Task exited with return code 0
[2024-12-07T11:46:18.922+0000] {taskinstance.py:3895} INFO - 1 downstream tasks scheduled from follow-on schedule check
[2024-12-07T11:46:18.923+0000] {local_task_job_runner.py:245} INFO - ::endgroup::
