[2024-12-08T23:52:33.173+0000] {local_task_job_runner.py:123} INFO - ::group::Pre task execution logs
[2024-12-08T23:52:33.185+0000] {taskinstance.py:2613} INFO - Dependencies all met for dep_context=non-requeueable deps ti=<TaskInstance: la_otra_schedule_scraper.scrape_la_otra_schedule scheduled__2024-12-08T17:30:00+00:00 [queued]>
[2024-12-08T23:52:33.191+0000] {taskinstance.py:2613} INFO - Dependencies all met for dep_context=requeueable deps ti=<TaskInstance: la_otra_schedule_scraper.scrape_la_otra_schedule scheduled__2024-12-08T17:30:00+00:00 [queued]>
[2024-12-08T23:52:33.191+0000] {taskinstance.py:2866} INFO - Starting attempt 1 of 4
[2024-12-08T23:52:33.203+0000] {taskinstance.py:2889} INFO - Executing <Task(_PythonDecoratedOperator): scrape_la_otra_schedule> on 2024-12-08 17:30:00+00:00
[2024-12-08T23:52:33.210+0000] {warnings.py:112} WARNING - /home/***/.local/lib/python3.12/site-packages/***/task/task_runner/standard_task_runner.py:70: DeprecationWarning: This process (pid=106) is multi-threaded, use of fork() may lead to deadlocks in the child.
  pid = os.fork()

[2024-12-08T23:52:33.211+0000] {standard_task_runner.py:72} INFO - Started process 131 to run task
[2024-12-08T23:52:33.211+0000] {standard_task_runner.py:104} INFO - Running: ['***', 'tasks', 'run', 'la_otra_schedule_scraper', 'scrape_la_otra_schedule', 'scheduled__2024-12-08T17:30:00+00:00', '--job-id', '2157', '--raw', '--subdir', 'DAGS_FOLDER/dag_la_otra.py', '--cfg-path', '/tmp/tmpryfe3rwl']
[2024-12-08T23:52:33.212+0000] {standard_task_runner.py:105} INFO - Job 2157: Subtask scrape_la_otra_schedule
[2024-12-08T23:52:33.261+0000] {task_command.py:467} INFO - Running <TaskInstance: la_otra_schedule_scraper.scrape_la_otra_schedule scheduled__2024-12-08T17:30:00+00:00 [running]> on host b605548c7b8b
[2024-12-08T23:52:33.328+0000] {taskinstance.py:3132} INFO - Exporting env vars: AIRFLOW_CTX_DAG_OWNER='***' AIRFLOW_CTX_DAG_ID='la_otra_schedule_scraper' AIRFLOW_CTX_TASK_ID='scrape_la_otra_schedule' AIRFLOW_CTX_EXECUTION_DATE='2024-12-08T17:30:00+00:00' AIRFLOW_CTX_TRY_NUMBER='1' AIRFLOW_CTX_DAG_RUN_ID='scheduled__2024-12-08T17:30:00+00:00'
[2024-12-08T23:52:33.329+0000] {taskinstance.py:731} INFO - ::endgroup::
[2024-12-08T23:52:33.802+0000] {logging_mixin.py:190} INFO - Escrito el xmltv del canal "La Otra"
[2024-12-08T23:52:36.821+0000] {logging_mixin.py:190} INFO - Error: 422 {"message": "Invalid request.\n\n\"sha\" wasn't supplied.", "documentation_url": "https://docs.github.com/rest/repos/contents#create-or-update-file-contents", "status": "422"}
[2024-12-08T23:52:36.821+0000] {python.py:240} INFO - Done. Returned value was: None
[2024-12-08T23:52:36.827+0000] {taskinstance.py:340} INFO - ::group::Post task execution logs
[2024-12-08T23:52:36.827+0000] {taskinstance.py:352} INFO - Marking task as SUCCESS. dag_id=la_otra_schedule_scraper, task_id=scrape_la_otra_schedule, run_id=scheduled__2024-12-08T17:30:00+00:00, execution_date=20241208T173000, start_date=20241208T235233, end_date=20241208T235236
[2024-12-08T23:52:36.875+0000] {local_task_job_runner.py:266} INFO - Task exited with return code 0
[2024-12-08T23:52:36.888+0000] {taskinstance.py:3895} INFO - 1 downstream tasks scheduled from follow-on schedule check
[2024-12-08T23:52:36.889+0000] {local_task_job_runner.py:245} INFO - ::endgroup::
