[2024-12-06T14:15:54.002+0000] {local_task_job_runner.py:123} INFO - ::group::Pre task execution logs
[2024-12-06T14:15:54.016+0000] {taskinstance.py:2613} INFO - Dependencies all met for dep_context=non-requeueable deps ti=<TaskInstance: telemadrid_schedule_scraper_v2.PushAllInOne scheduled__2016-01-13T14:14:00+00:00 [queued]>
[2024-12-06T14:15:54.023+0000] {taskinstance.py:2613} INFO - Dependencies all met for dep_context=requeueable deps ti=<TaskInstance: telemadrid_schedule_scraper_v2.PushAllInOne scheduled__2016-01-13T14:14:00+00:00 [queued]>
[2024-12-06T14:15:54.024+0000] {taskinstance.py:2866} INFO - Starting attempt 1 of 5
[2024-12-06T14:15:54.039+0000] {taskinstance.py:2889} INFO - Executing <Task(_PythonDecoratedOperator): PushAllInOne> on 2016-01-13 14:14:00+00:00
[2024-12-06T14:15:54.045+0000] {warnings.py:112} WARNING - /home/***/.local/lib/python3.12/site-packages/***/task/task_runner/standard_task_runner.py:70: DeprecationWarning: This process (pid=235) is multi-threaded, use of fork() may lead to deadlocks in the child.
  pid = os.fork()

[2024-12-06T14:15:54.046+0000] {standard_task_runner.py:72} INFO - Started process 261 to run task
[2024-12-06T14:15:54.046+0000] {standard_task_runner.py:104} INFO - Running: ['***', 'tasks', 'run', 'telemadrid_schedule_scraper_v2', 'PushAllInOne', 'scheduled__2016-01-13T14:14:00+00:00', '--job-id', '1248', '--raw', '--subdir', 'DAGS_FOLDER/dag_telemadrid_v2.py', '--cfg-path', '/tmp/tmpbynj7daz']
[2024-12-06T14:15:54.048+0000] {standard_task_runner.py:105} INFO - Job 1248: Subtask PushAllInOne
[2024-12-06T14:15:54.091+0000] {task_command.py:467} INFO - Running <TaskInstance: telemadrid_schedule_scraper_v2.PushAllInOne scheduled__2016-01-13T14:14:00+00:00 [running]> on host 6b4257da02f0
[2024-12-06T14:15:54.151+0000] {taskinstance.py:3132} INFO - Exporting env vars: AIRFLOW_CTX_DAG_OWNER='***' AIRFLOW_CTX_DAG_ID='telemadrid_schedule_scraper_v2' AIRFLOW_CTX_TASK_ID='PushAllInOne' AIRFLOW_CTX_EXECUTION_DATE='2016-01-13T14:14:00+00:00' AIRFLOW_CTX_TRY_NUMBER='1' AIRFLOW_CTX_DAG_RUN_ID='scheduled__2016-01-13T14:14:00+00:00'
[2024-12-06T14:15:54.152+0000] {taskinstance.py:731} INFO - ::endgroup::
[2024-12-06T14:15:58.056+0000] {logging_mixin.py:190} INFO - Error: 422 {"message": "Invalid request.\n\n\"sha\" wasn't supplied.", "documentation_url": "https://docs.github.com/rest/repos/contents#create-or-update-file-contents", "status": "422"}
[2024-12-06T14:15:58.057+0000] {python.py:240} INFO - Done. Returned value was: None
[2024-12-06T14:15:58.063+0000] {taskinstance.py:340} INFO - ::group::Post task execution logs
[2024-12-06T14:15:58.064+0000] {taskinstance.py:352} INFO - Marking task as SUCCESS. dag_id=telemadrid_schedule_scraper_v2, task_id=PushAllInOne, run_id=scheduled__2016-01-13T14:14:00+00:00, execution_date=20160113T141400, start_date=20241206T141554, end_date=20241206T141558
[2024-12-06T14:15:58.110+0000] {local_task_job_runner.py:266} INFO - Task exited with return code 0
[2024-12-06T14:15:58.119+0000] {taskinstance.py:3895} INFO - 0 downstream tasks scheduled from follow-on schedule check
[2024-12-06T14:15:58.120+0000] {local_task_job_runner.py:245} INFO - ::endgroup::
