[2024-12-06T23:30:01.377+0000] {local_task_job_runner.py:123} INFO - ::group::Pre task execution logs
[2024-12-06T23:30:01.386+0000] {taskinstance.py:2613} INFO - Dependencies all met for dep_context=non-requeueable deps ti=<TaskInstance: mediaset_schedule_scraper.scrape_mediaset_schedule scheduled__2024-12-05T23:30:00+00:00 [queued]>
[2024-12-06T23:30:01.390+0000] {taskinstance.py:2613} INFO - Dependencies all met for dep_context=requeueable deps ti=<TaskInstance: mediaset_schedule_scraper.scrape_mediaset_schedule scheduled__2024-12-05T23:30:00+00:00 [queued]>
[2024-12-06T23:30:01.391+0000] {taskinstance.py:2866} INFO - Starting attempt 1 of 5
[2024-12-06T23:30:01.397+0000] {taskinstance.py:2889} INFO - Executing <Task(_PythonDecoratedOperator): scrape_mediaset_schedule> on 2024-12-05 23:30:00+00:00
[2024-12-06T23:30:01.401+0000] {warnings.py:112} WARNING - /home/***/.local/lib/python3.12/site-packages/***/task/task_runner/standard_task_runner.py:70: DeprecationWarning: This process (pid=5428) is multi-threaded, use of fork() may lead to deadlocks in the child.
  pid = os.fork()

[2024-12-06T23:30:01.402+0000] {standard_task_runner.py:72} INFO - Started process 5429 to run task
[2024-12-06T23:30:01.402+0000] {standard_task_runner.py:104} INFO - Running: ['***', 'tasks', 'run', 'mediaset_schedule_scraper', 'scrape_mediaset_schedule', 'scheduled__2024-12-05T23:30:00+00:00', '--job-id', '2002', '--raw', '--subdir', 'DAGS_FOLDER/dag_mediaset.py', '--cfg-path', '/tmp/tmpz9hlom2c']
[2024-12-06T23:30:01.404+0000] {standard_task_runner.py:105} INFO - Job 2002: Subtask scrape_mediaset_schedule
[2024-12-06T23:30:01.428+0000] {task_command.py:467} INFO - Running <TaskInstance: mediaset_schedule_scraper.scrape_mediaset_schedule scheduled__2024-12-05T23:30:00+00:00 [running]> on host b605548c7b8b
[2024-12-06T23:30:01.469+0000] {taskinstance.py:3132} INFO - Exporting env vars: AIRFLOW_CTX_DAG_OWNER='***' AIRFLOW_CTX_DAG_ID='mediaset_schedule_scraper' AIRFLOW_CTX_TASK_ID='scrape_mediaset_schedule' AIRFLOW_CTX_EXECUTION_DATE='2024-12-05T23:30:00+00:00' AIRFLOW_CTX_TRY_NUMBER='1' AIRFLOW_CTX_DAG_RUN_ID='scheduled__2024-12-05T23:30:00+00:00'
[2024-12-06T23:30:01.469+0000] {taskinstance.py:731} INFO - ::endgroup::
[2024-12-06T23:30:02.285+0000] {logging_mixin.py:190} INFO - Generando XML para el canal Telecinco
[2024-12-06T23:30:02.288+0000] {logging_mixin.py:190} INFO - Escrito el xml del canal "Telecinco"
[2024-12-06T23:30:04.093+0000] {logging_mixin.py:190} INFO - Archivo actualizado correctamente.
[2024-12-06T23:30:04.094+0000] {logging_mixin.py:190} INFO - Generando XML para el canal Cuatro
[2024-12-06T23:30:04.097+0000] {logging_mixin.py:190} INFO - Escrito el xml del canal "Cuatro"
[2024-12-06T23:30:05.909+0000] {logging_mixin.py:190} INFO - Archivo actualizado correctamente.
[2024-12-06T23:30:05.910+0000] {logging_mixin.py:190} INFO - Generando XML para el canal Gh 24h plus
[2024-12-06T23:30:05.912+0000] {logging_mixin.py:190} INFO - Escrito el xml del canal "Gh 24h plus"
[2024-12-06T23:30:07.528+0000] {logging_mixin.py:190} INFO - Archivo actualizado correctamente.
[2024-12-06T23:30:07.529+0000] {logging_mixin.py:190} INFO - Generando XML para el canal Gh 24h
[2024-12-06T23:30:07.532+0000] {logging_mixin.py:190} INFO - Escrito el xml del canal "Gh 24h"
[2024-12-06T23:30:09.207+0000] {logging_mixin.py:190} INFO - Archivo actualizado correctamente.
[2024-12-06T23:30:09.208+0000] {logging_mixin.py:190} INFO - Generando XML para el canal Mitele en la calle
[2024-12-06T23:30:09.211+0000] {logging_mixin.py:190} INFO - Escrito el xml del canal "Mitele en la calle"
[2024-12-06T23:30:10.945+0000] {logging_mixin.py:190} INFO - Archivo actualizado correctamente.
[2024-12-06T23:30:10.945+0000] {logging_mixin.py:190} INFO - Generando XML para el canal Mitele viajes
[2024-12-06T23:30:10.949+0000] {logging_mixin.py:190} INFO - Escrito el xml del canal "Mitele viajes"
[2024-12-06T23:30:12.615+0000] {logging_mixin.py:190} INFO - Archivo actualizado correctamente.
[2024-12-06T23:30:12.615+0000] {logging_mixin.py:190} INFO - Generando XML para el canal Mitele plus lqsa
[2024-12-06T23:30:12.618+0000] {logging_mixin.py:190} INFO - Escrito el xml del canal "Mitele plus lqsa"
[2024-12-06T23:30:14.313+0000] {logging_mixin.py:190} INFO - Archivo actualizado correctamente.
[2024-12-06T23:30:14.314+0000] {logging_mixin.py:190} INFO - Generando XML para el canal Mitele comedia
[2024-12-06T23:30:14.317+0000] {logging_mixin.py:190} INFO - Escrito el xml del canal "Mitele comedia"
[2024-12-06T23:30:15.950+0000] {logging_mixin.py:190} INFO - Archivo actualizado correctamente.
[2024-12-06T23:30:15.951+0000] {logging_mixin.py:190} INFO - Generando XML para el canal Mitele top series
[2024-12-06T23:30:15.955+0000] {logging_mixin.py:190} INFO - Escrito el xml del canal "Mitele top series"
[2024-12-06T23:30:17.750+0000] {logging_mixin.py:190} INFO - Archivo actualizado correctamente.
[2024-12-06T23:30:17.751+0000] {logging_mixin.py:190} INFO - Generando XML para el canal Divinity
[2024-12-06T23:30:17.755+0000] {logging_mixin.py:190} INFO - Escrito el xml del canal "Divinity"
[2024-12-06T23:30:19.610+0000] {logging_mixin.py:190} INFO - Archivo actualizado correctamente.
[2024-12-06T23:30:19.611+0000] {logging_mixin.py:190} INFO - Generando XML para el canal Fdf
[2024-12-06T23:30:19.613+0000] {logging_mixin.py:190} INFO - Escrito el xml del canal "Fdf"
[2024-12-06T23:30:21.268+0000] {logging_mixin.py:190} INFO - Archivo actualizado correctamente.
[2024-12-06T23:30:21.269+0000] {logging_mixin.py:190} INFO - Generando XML para el canal Energy
[2024-12-06T23:30:21.272+0000] {logging_mixin.py:190} INFO - Escrito el xml del canal "Energy"
[2024-12-06T23:30:23.043+0000] {logging_mixin.py:190} INFO - Archivo actualizado correctamente.
[2024-12-06T23:30:23.044+0000] {logging_mixin.py:190} INFO - Generando XML para el canal Bemad
[2024-12-06T23:30:23.047+0000] {logging_mixin.py:190} INFO - Escrito el xml del canal "Bemad"
[2024-12-06T23:30:24.711+0000] {logging_mixin.py:190} INFO - Archivo actualizado correctamente.
[2024-12-06T23:30:24.712+0000] {logging_mixin.py:190} INFO - Generando XML para el canal Boing
[2024-12-06T23:30:24.718+0000] {logging_mixin.py:190} INFO - Escrito el xml del canal "Boing"
[2024-12-06T23:30:26.488+0000] {logging_mixin.py:190} INFO - Archivo actualizado correctamente.
[2024-12-06T23:30:26.489+0000] {logging_mixin.py:190} INFO - Generando XML para el canal Acontraplus
[2024-12-06T23:30:26.492+0000] {logging_mixin.py:190} INFO - Escrito el xml del canal "Acontraplus"
[2024-12-06T23:30:28.196+0000] {logging_mixin.py:190} INFO - Archivo actualizado correctamente.
[2024-12-06T23:30:28.197+0000] {logging_mixin.py:190} INFO - Generando XML para el canal Fight sports
[2024-12-06T23:30:28.200+0000] {logging_mixin.py:190} INFO - Escrito el xml del canal "Fight sports"
[2024-12-06T23:30:30.005+0000] {logging_mixin.py:190} INFO - Archivo actualizado correctamente.
[2024-12-06T23:30:30.005+0000] {logging_mixin.py:190} INFO - Generando XML para el canal Mtmad 24h
[2024-12-06T23:30:30.007+0000] {logging_mixin.py:190} INFO - Escrito el xml del canal "Mtmad 24h"
[2024-12-06T23:30:31.602+0000] {logging_mixin.py:190} INFO - Archivo actualizado correctamente.
[2024-12-06T23:30:31.603+0000] {python.py:240} INFO - Done. Returned value was: None
[2024-12-06T23:30:31.609+0000] {taskinstance.py:340} INFO - ::group::Post task execution logs
[2024-12-06T23:30:31.610+0000] {taskinstance.py:352} INFO - Marking task as SUCCESS. dag_id=mediaset_schedule_scraper, task_id=scrape_mediaset_schedule, run_id=scheduled__2024-12-05T23:30:00+00:00, execution_date=20241205T233000, start_date=20241206T233001, end_date=20241206T233031
[2024-12-06T23:30:31.622+0000] {local_task_job_runner.py:266} INFO - Task exited with return code 0
[2024-12-06T23:30:31.635+0000] {taskinstance.py:3895} INFO - 1 downstream tasks scheduled from follow-on schedule check
[2024-12-06T23:30:31.636+0000] {local_task_job_runner.py:245} INFO - ::endgroup::
