[2024-12-08T11:30:01.442+0000] {local_task_job_runner.py:123} INFO - ::group::Pre task execution logs
[2024-12-08T11:30:01.450+0000] {taskinstance.py:2613} INFO - Dependencies all met for dep_context=non-requeueable deps ti=<TaskInstance: mediaset_schedule_scraper.scrape_mediaset_schedule scheduled__2024-12-08T05:30:00+00:00 [queued]>
[2024-12-08T11:30:01.454+0000] {taskinstance.py:2613} INFO - Dependencies all met for dep_context=requeueable deps ti=<TaskInstance: mediaset_schedule_scraper.scrape_mediaset_schedule scheduled__2024-12-08T05:30:00+00:00 [queued]>
[2024-12-08T11:30:01.455+0000] {taskinstance.py:2866} INFO - Starting attempt 1 of 5
[2024-12-08T11:30:01.461+0000] {taskinstance.py:2889} INFO - Executing <Task(_PythonDecoratedOperator): scrape_mediaset_schedule> on 2024-12-08 05:30:00+00:00
[2024-12-08T11:30:01.466+0000] {warnings.py:112} WARNING - /home/***/.local/lib/python3.12/site-packages/***/task/task_runner/standard_task_runner.py:70: DeprecationWarning: This process (pid=1346) is multi-threaded, use of fork() may lead to deadlocks in the child.
  pid = os.fork()

[2024-12-08T11:30:01.467+0000] {standard_task_runner.py:72} INFO - Started process 1353 to run task
[2024-12-08T11:30:01.467+0000] {standard_task_runner.py:104} INFO - Running: ['***', 'tasks', 'run', 'mediaset_schedule_scraper', 'scrape_mediaset_schedule', 'scheduled__2024-12-08T05:30:00+00:00', '--job-id', '2129', '--raw', '--subdir', 'DAGS_FOLDER/dag_mediaset.py', '--cfg-path', '/tmp/tmp1nmdsfnk']
[2024-12-08T11:30:01.469+0000] {standard_task_runner.py:105} INFO - Job 2129: Subtask scrape_mediaset_schedule
[2024-12-08T11:30:01.497+0000] {task_command.py:467} INFO - Running <TaskInstance: mediaset_schedule_scraper.scrape_mediaset_schedule scheduled__2024-12-08T05:30:00+00:00 [running]> on host b605548c7b8b
[2024-12-08T11:30:01.542+0000] {taskinstance.py:3132} INFO - Exporting env vars: AIRFLOW_CTX_DAG_OWNER='***' AIRFLOW_CTX_DAG_ID='mediaset_schedule_scraper' AIRFLOW_CTX_TASK_ID='scrape_mediaset_schedule' AIRFLOW_CTX_EXECUTION_DATE='2024-12-08T05:30:00+00:00' AIRFLOW_CTX_TRY_NUMBER='1' AIRFLOW_CTX_DAG_RUN_ID='scheduled__2024-12-08T05:30:00+00:00'
[2024-12-08T11:30:01.543+0000] {taskinstance.py:731} INFO - ::endgroup::
[2024-12-08T11:30:11.874+0000] {logging_mixin.py:190} INFO - Generando XML para el canal Telecinco
[2024-12-08T11:30:11.877+0000] {logging_mixin.py:190} INFO - Escrito el xml del canal "Telecinco"
[2024-12-08T11:30:13.609+0000] {logging_mixin.py:190} INFO - Archivo actualizado correctamente.
[2024-12-08T11:30:13.610+0000] {logging_mixin.py:190} INFO - Generando XML para el canal Cuatro
[2024-12-08T11:30:13.613+0000] {logging_mixin.py:190} INFO - Escrito el xml del canal "Cuatro"
[2024-12-08T11:30:15.563+0000] {logging_mixin.py:190} INFO - Archivo actualizado correctamente.
[2024-12-08T11:30:15.564+0000] {logging_mixin.py:190} INFO - Generando XML para el canal Gh 24h plus
[2024-12-08T11:30:15.567+0000] {logging_mixin.py:190} INFO - Escrito el xml del canal "Gh 24h plus"
[2024-12-08T11:30:17.267+0000] {logging_mixin.py:190} INFO - Archivo actualizado correctamente.
[2024-12-08T11:30:17.268+0000] {logging_mixin.py:190} INFO - Generando XML para el canal Gh 24h
[2024-12-08T11:30:17.271+0000] {logging_mixin.py:190} INFO - Escrito el xml del canal "Gh 24h"
[2024-12-08T11:30:20.121+0000] {logging_mixin.py:190} INFO - Error: 422 {"message": "Invalid request.\n\n\"sha\" wasn't supplied.", "documentation_url": "https://docs.github.com/rest/repos/contents#create-or-update-file-contents", "status": "422"}
[2024-12-08T11:30:20.122+0000] {logging_mixin.py:190} INFO - Generando XML para el canal Mitele en la calle
[2024-12-08T11:30:20.127+0000] {logging_mixin.py:190} INFO - Escrito el xml del canal "Mitele en la calle"
[2024-12-08T11:30:21.879+0000] {logging_mixin.py:190} INFO - Archivo actualizado correctamente.
[2024-12-08T11:30:21.879+0000] {logging_mixin.py:190} INFO - Generando XML para el canal Mitele viajes
[2024-12-08T11:30:21.883+0000] {logging_mixin.py:190} INFO - Escrito el xml del canal "Mitele viajes"
[2024-12-08T11:30:23.554+0000] {logging_mixin.py:190} INFO - Archivo actualizado correctamente.
[2024-12-08T11:30:23.555+0000] {logging_mixin.py:190} INFO - Generando XML para el canal Mitele plus lqsa
[2024-12-08T11:30:23.558+0000] {logging_mixin.py:190} INFO - Escrito el xml del canal "Mitele plus lqsa"
[2024-12-08T11:30:25.131+0000] {logging_mixin.py:190} INFO - Archivo actualizado correctamente.
[2024-12-08T11:30:25.132+0000] {logging_mixin.py:190} INFO - Generando XML para el canal Mitele comedia
[2024-12-08T11:30:25.136+0000] {logging_mixin.py:190} INFO - Escrito el xml del canal "Mitele comedia"
[2024-12-08T11:30:26.859+0000] {logging_mixin.py:190} INFO - Archivo actualizado correctamente.
[2024-12-08T11:30:26.859+0000] {logging_mixin.py:190} INFO - Generando XML para el canal Mitele top series
[2024-12-08T11:30:26.863+0000] {logging_mixin.py:190} INFO - Escrito el xml del canal "Mitele top series"
[2024-12-08T11:30:28.586+0000] {logging_mixin.py:190} INFO - Archivo actualizado correctamente.
[2024-12-08T11:30:28.586+0000] {logging_mixin.py:190} INFO - Generando XML para el canal Divinity
[2024-12-08T11:30:28.590+0000] {logging_mixin.py:190} INFO - Escrito el xml del canal "Divinity"
[2024-12-08T11:30:30.363+0000] {logging_mixin.py:190} INFO - Archivo actualizado correctamente.
[2024-12-08T11:30:30.364+0000] {logging_mixin.py:190} INFO - Generando XML para el canal Fdf
[2024-12-08T11:30:30.367+0000] {logging_mixin.py:190} INFO - Escrito el xml del canal "Fdf"
[2024-12-08T11:30:32.076+0000] {logging_mixin.py:190} INFO - Archivo actualizado correctamente.
[2024-12-08T11:30:32.077+0000] {logging_mixin.py:190} INFO - Generando XML para el canal Energy
[2024-12-08T11:30:32.080+0000] {logging_mixin.py:190} INFO - Escrito el xml del canal "Energy"
[2024-12-08T11:30:33.871+0000] {logging_mixin.py:190} INFO - Archivo actualizado correctamente.
[2024-12-08T11:30:33.873+0000] {logging_mixin.py:190} INFO - Generando XML para el canal Bemad
[2024-12-08T11:30:33.877+0000] {logging_mixin.py:190} INFO - Escrito el xml del canal "Bemad"
[2024-12-08T11:30:35.619+0000] {logging_mixin.py:190} INFO - Archivo actualizado correctamente.
[2024-12-08T11:30:35.619+0000] {logging_mixin.py:190} INFO - Generando XML para el canal Boing
[2024-12-08T11:30:35.627+0000] {logging_mixin.py:190} INFO - Escrito el xml del canal "Boing"
[2024-12-08T11:30:37.772+0000] {logging_mixin.py:190} INFO - Archivo actualizado correctamente.
[2024-12-08T11:30:37.773+0000] {logging_mixin.py:190} INFO - Generando XML para el canal Acontraplus
[2024-12-08T11:30:37.776+0000] {logging_mixin.py:190} INFO - Escrito el xml del canal "Acontraplus"
[2024-12-08T11:30:39.479+0000] {logging_mixin.py:190} INFO - Archivo actualizado correctamente.
[2024-12-08T11:30:39.480+0000] {logging_mixin.py:190} INFO - Generando XML para el canal Fight sports
[2024-12-08T11:30:39.485+0000] {logging_mixin.py:190} INFO - Escrito el xml del canal "Fight sports"
[2024-12-08T11:30:41.213+0000] {logging_mixin.py:190} INFO - Archivo actualizado correctamente.
[2024-12-08T11:30:41.214+0000] {logging_mixin.py:190} INFO - Generando XML para el canal Mtmad 24h
[2024-12-08T11:30:41.217+0000] {logging_mixin.py:190} INFO - Escrito el xml del canal "Mtmad 24h"
[2024-12-08T11:30:42.938+0000] {logging_mixin.py:190} INFO - Archivo actualizado correctamente.
[2024-12-08T11:30:42.940+0000] {python.py:240} INFO - Done. Returned value was: None
[2024-12-08T11:30:42.950+0000] {taskinstance.py:340} INFO - ::group::Post task execution logs
[2024-12-08T11:30:42.951+0000] {taskinstance.py:352} INFO - Marking task as SUCCESS. dag_id=mediaset_schedule_scraper, task_id=scrape_mediaset_schedule, run_id=scheduled__2024-12-08T05:30:00+00:00, execution_date=20241208T053000, start_date=20241208T113001, end_date=20241208T113042
[2024-12-08T11:30:42.993+0000] {local_task_job_runner.py:266} INFO - Task exited with return code 0
[2024-12-08T11:30:43.005+0000] {taskinstance.py:3895} INFO - 1 downstream tasks scheduled from follow-on schedule check
[2024-12-08T11:30:43.006+0000] {local_task_job_runner.py:245} INFO - ::endgroup::
