[2024-12-23T17:30:00.878+0000] {local_task_job_runner.py:123} INFO - ::group::Pre task execution logs
[2024-12-23T17:30:00.888+0000] {taskinstance.py:2613} INFO - Dependencies all met for dep_context=non-requeueable deps ti=<TaskInstance: mediaset_schedule_scraper.scrape_mediaset_schedule scheduled__2024-12-23T11:30:00+00:00 [queued]>
[2024-12-23T17:30:00.893+0000] {taskinstance.py:2613} INFO - Dependencies all met for dep_context=requeueable deps ti=<TaskInstance: mediaset_schedule_scraper.scrape_mediaset_schedule scheduled__2024-12-23T11:30:00+00:00 [queued]>
[2024-12-23T17:30:00.893+0000] {taskinstance.py:2866} INFO - Starting attempt 1 of 5
[2024-12-23T17:30:00.901+0000] {taskinstance.py:2889} INFO - Executing <Task(_PythonDecoratedOperator): scrape_mediaset_schedule> on 2024-12-23 11:30:00+00:00
[2024-12-23T17:30:00.906+0000] {warnings.py:112} WARNING - /home/***/.local/lib/python3.12/site-packages/***/task/task_runner/standard_task_runner.py:70: DeprecationWarning: This process (pid=6393) is multi-threaded, use of fork() may lead to deadlocks in the child.
  pid = os.fork()

[2024-12-23T17:30:00.909+0000] {standard_task_runner.py:72} INFO - Started process 6400 to run task
[2024-12-23T17:30:00.908+0000] {standard_task_runner.py:104} INFO - Running: ['***', 'tasks', 'run', 'mediaset_schedule_scraper', 'scrape_mediaset_schedule', 'scheduled__2024-12-23T11:30:00+00:00', '--job-id', '2676', '--raw', '--subdir', 'DAGS_FOLDER/dag_mediaset.py', '--cfg-path', '/tmp/tmpmzrh3apg']
[2024-12-23T17:30:00.910+0000] {standard_task_runner.py:105} INFO - Job 2676: Subtask scrape_mediaset_schedule
[2024-12-23T17:30:00.943+0000] {task_command.py:467} INFO - Running <TaskInstance: mediaset_schedule_scraper.scrape_mediaset_schedule scheduled__2024-12-23T11:30:00+00:00 [running]> on host b605548c7b8b
[2024-12-23T17:30:01.007+0000] {taskinstance.py:3132} INFO - Exporting env vars: AIRFLOW_CTX_DAG_OWNER='***' AIRFLOW_CTX_DAG_ID='mediaset_schedule_scraper' AIRFLOW_CTX_TASK_ID='scrape_mediaset_schedule' AIRFLOW_CTX_EXECUTION_DATE='2024-12-23T11:30:00+00:00' AIRFLOW_CTX_TRY_NUMBER='1' AIRFLOW_CTX_DAG_RUN_ID='scheduled__2024-12-23T11:30:00+00:00'
[2024-12-23T17:30:01.008+0000] {taskinstance.py:731} INFO - ::endgroup::
[2024-12-23T17:30:04.373+0000] {logging_mixin.py:190} INFO - Generando XML para el canal Telecinco
[2024-12-23T17:30:04.376+0000] {logging_mixin.py:190} INFO - Escrito el xml del canal "Telecinco"
[2024-12-23T17:30:06.414+0000] {logging_mixin.py:190} INFO - Archivo actualizado correctamente.
[2024-12-23T17:30:06.414+0000] {logging_mixin.py:190} INFO - Generando XML para el canal Cuatro
[2024-12-23T17:30:06.417+0000] {logging_mixin.py:190} INFO - Escrito el xml del canal "Cuatro"
[2024-12-23T17:30:08.166+0000] {logging_mixin.py:190} INFO - Archivo actualizado correctamente.
[2024-12-23T17:30:08.167+0000] {logging_mixin.py:190} INFO - Generando XML para el canal Mitele en la calle
[2024-12-23T17:30:08.174+0000] {logging_mixin.py:190} INFO - Escrito el xml del canal "Mitele en la calle"
[2024-12-23T17:30:09.961+0000] {logging_mixin.py:190} INFO - Archivo actualizado correctamente.
[2024-12-23T17:30:09.962+0000] {logging_mixin.py:190} INFO - Generando XML para el canal Mitele viajes
[2024-12-23T17:30:09.965+0000] {logging_mixin.py:190} INFO - Escrito el xml del canal "Mitele viajes"
[2024-12-23T17:30:11.869+0000] {logging_mixin.py:190} INFO - Archivo actualizado correctamente.
[2024-12-23T17:30:11.869+0000] {logging_mixin.py:190} INFO - Generando XML para el canal Mitele plus lqsa
[2024-12-23T17:30:11.873+0000] {logging_mixin.py:190} INFO - Escrito el xml del canal "Mitele plus lqsa"
[2024-12-23T17:30:13.679+0000] {logging_mixin.py:190} INFO - Archivo actualizado correctamente.
[2024-12-23T17:30:13.679+0000] {logging_mixin.py:190} INFO - Generando XML para el canal Mitele comedia
[2024-12-23T17:30:13.682+0000] {logging_mixin.py:190} INFO - Escrito el xml del canal "Mitele comedia"
[2024-12-23T17:30:15.374+0000] {logging_mixin.py:190} INFO - Archivo actualizado correctamente.
[2024-12-23T17:30:15.375+0000] {logging_mixin.py:190} INFO - Generando XML para el canal Mitele top series
[2024-12-23T17:30:15.378+0000] {logging_mixin.py:190} INFO - Escrito el xml del canal "Mitele top series"
[2024-12-23T17:30:17.046+0000] {logging_mixin.py:190} INFO - Archivo actualizado correctamente.
[2024-12-23T17:30:17.047+0000] {logging_mixin.py:190} INFO - Generando XML para el canal Divinity
[2024-12-23T17:30:17.051+0000] {logging_mixin.py:190} INFO - Escrito el xml del canal "Divinity"
[2024-12-23T17:30:18.869+0000] {logging_mixin.py:190} INFO - Archivo actualizado correctamente.
[2024-12-23T17:30:18.870+0000] {logging_mixin.py:190} INFO - Generando XML para el canal Fdf
[2024-12-23T17:30:18.873+0000] {logging_mixin.py:190} INFO - Escrito el xml del canal "Fdf"
[2024-12-23T17:30:20.596+0000] {logging_mixin.py:190} INFO - Archivo actualizado correctamente.
[2024-12-23T17:30:20.597+0000] {logging_mixin.py:190} INFO - Generando XML para el canal Energy
[2024-12-23T17:30:20.601+0000] {logging_mixin.py:190} INFO - Escrito el xml del canal "Energy"
[2024-12-23T17:30:22.349+0000] {logging_mixin.py:190} INFO - Archivo actualizado correctamente.
[2024-12-23T17:30:22.350+0000] {logging_mixin.py:190} INFO - Generando XML para el canal Bemad
[2024-12-23T17:30:22.353+0000] {logging_mixin.py:190} INFO - Escrito el xml del canal "Bemad"
[2024-12-23T17:30:24.051+0000] {logging_mixin.py:190} INFO - Archivo actualizado correctamente.
[2024-12-23T17:30:24.051+0000] {logging_mixin.py:190} INFO - Generando XML para el canal Boing
[2024-12-23T17:30:24.057+0000] {logging_mixin.py:190} INFO - Escrito el xml del canal "Boing"
[2024-12-23T17:30:25.847+0000] {logging_mixin.py:190} INFO - Archivo actualizado correctamente.
[2024-12-23T17:30:25.848+0000] {logging_mixin.py:190} INFO - Generando XML para el canal Acontraplus
[2024-12-23T17:30:25.851+0000] {logging_mixin.py:190} INFO - Escrito el xml del canal "Acontraplus"
[2024-12-23T17:30:27.645+0000] {logging_mixin.py:190} INFO - Archivo actualizado correctamente.
[2024-12-23T17:30:27.645+0000] {logging_mixin.py:190} INFO - Generando XML para el canal Fight sports
[2024-12-23T17:30:27.648+0000] {logging_mixin.py:190} INFO - Escrito el xml del canal "Fight sports"
[2024-12-23T17:30:29.623+0000] {logging_mixin.py:190} INFO - Archivo actualizado correctamente.
[2024-12-23T17:30:29.624+0000] {logging_mixin.py:190} INFO - Generando XML para el canal Mtmad 24h
[2024-12-23T17:30:29.626+0000] {logging_mixin.py:190} INFO - Escrito el xml del canal "Mtmad 24h"
[2024-12-23T17:30:31.257+0000] {logging_mixin.py:190} INFO - Archivo actualizado correctamente.
[2024-12-23T17:30:31.258+0000] {python.py:240} INFO - Done. Returned value was: None
[2024-12-23T17:30:31.263+0000] {taskinstance.py:340} INFO - ::group::Post task execution logs
[2024-12-23T17:30:31.264+0000] {taskinstance.py:352} INFO - Marking task as SUCCESS. dag_id=mediaset_schedule_scraper, task_id=scrape_mediaset_schedule, run_id=scheduled__2024-12-23T11:30:00+00:00, execution_date=20241223T113000, start_date=20241223T173000, end_date=20241223T173031
[2024-12-23T17:30:31.291+0000] {local_task_job_runner.py:266} INFO - Task exited with return code 0
[2024-12-23T17:30:31.304+0000] {taskinstance.py:3895} INFO - 1 downstream tasks scheduled from follow-on schedule check
[2024-12-23T17:30:31.305+0000] {local_task_job_runner.py:245} INFO - ::endgroup::
