[2024-12-12T17:30:18.838+0000] {local_task_job_runner.py:123} INFO - ::group::Pre task execution logs
[2024-12-12T17:30:18.850+0000] {taskinstance.py:2613} INFO - Dependencies all met for dep_context=non-requeueable deps ti=<TaskInstance: a3media_schedule_scraper.push_all_in_one scheduled__2024-12-12T11:30:00+00:00 [queued]>
[2024-12-12T17:30:18.856+0000] {taskinstance.py:2613} INFO - Dependencies all met for dep_context=requeueable deps ti=<TaskInstance: a3media_schedule_scraper.push_all_in_one scheduled__2024-12-12T11:30:00+00:00 [queued]>
[2024-12-12T17:30:18.857+0000] {taskinstance.py:2866} INFO - Starting attempt 1 of 5
[2024-12-12T17:30:18.865+0000] {taskinstance.py:2889} INFO - Executing <Task(_PythonDecoratedOperator): push_all_in_one> on 2024-12-12 11:30:00+00:00
[2024-12-12T17:30:18.870+0000] {warnings.py:112} WARNING - /home/***/.local/lib/python3.12/site-packages/***/task/task_runner/standard_task_runner.py:70: DeprecationWarning: This process (pid=21681) is multi-threaded, use of fork() may lead to deadlocks in the child.
  pid = os.fork()

[2024-12-12T17:30:18.871+0000] {standard_task_runner.py:72} INFO - Started process 21682 to run task
[2024-12-12T17:30:18.871+0000] {standard_task_runner.py:104} INFO - Running: ['***', 'tasks', 'run', 'a3media_schedule_scraper', 'push_all_in_one', 'scheduled__2024-12-12T11:30:00+00:00', '--job-id', '2390', '--raw', '--subdir', 'DAGS_FOLDER/dag_atresmedia.py', '--cfg-path', '/tmp/tmprjrt12t3']
[2024-12-12T17:30:18.873+0000] {standard_task_runner.py:105} INFO - Job 2390: Subtask push_all_in_one
[2024-12-12T17:30:18.905+0000] {task_command.py:467} INFO - Running <TaskInstance: a3media_schedule_scraper.push_all_in_one scheduled__2024-12-12T11:30:00+00:00 [running]> on host b605548c7b8b
[2024-12-12T17:30:18.963+0000] {taskinstance.py:3132} INFO - Exporting env vars: AIRFLOW_CTX_DAG_OWNER='***' AIRFLOW_CTX_DAG_ID='a3media_schedule_scraper' AIRFLOW_CTX_TASK_ID='push_all_in_one' AIRFLOW_CTX_EXECUTION_DATE='2024-12-12T11:30:00+00:00' AIRFLOW_CTX_TRY_NUMBER='1' AIRFLOW_CTX_DAG_RUN_ID='scheduled__2024-12-12T11:30:00+00:00'
[2024-12-12T17:30:18.964+0000] {taskinstance.py:731} INFO - ::endgroup::
[2024-12-12T17:30:21.707+0000] {logging_mixin.py:190} INFO - Archivo actualizado correctamente.
[2024-12-12T17:30:21.708+0000] {python.py:240} INFO - Done. Returned value was: None
[2024-12-12T17:30:21.714+0000] {taskinstance.py:340} INFO - ::group::Post task execution logs
[2024-12-12T17:30:21.715+0000] {taskinstance.py:352} INFO - Marking task as SUCCESS. dag_id=a3media_schedule_scraper, task_id=push_all_in_one, run_id=scheduled__2024-12-12T11:30:00+00:00, execution_date=20241212T113000, start_date=20241212T173018, end_date=20241212T173021
[2024-12-12T17:30:21.732+0000] {local_task_job_runner.py:266} INFO - Task exited with return code 0
[2024-12-12T17:30:21.742+0000] {taskinstance.py:3895} INFO - 0 downstream tasks scheduled from follow-on schedule check
[2024-12-12T17:30:21.743+0000] {local_task_job_runner.py:245} INFO - ::endgroup::
