[2024-12-10T00:00:13.564+0000] {processor.py:186} INFO - Started process (PID=16183) to work on /opt/airflow/dags/tasks/merge_all_xml.py
[2024-12-10T00:00:13.565+0000] {processor.py:914} INFO - Processing file /opt/airflow/dags/tasks/merge_all_xml.py for tasks to queue
[2024-12-10T00:00:13.566+0000] {logging_mixin.py:190} INFO - [2024-12-10T00:00:13.566+0000] {dagbag.py:588} INFO - Filling up the DagBag from /opt/airflow/dags/tasks/merge_all_xml.py
[2024-12-10T00:00:13.573+0000] {processor.py:927} WARNING - No viable dags retrieved from /opt/airflow/dags/tasks/merge_all_xml.py
[2024-12-10T00:00:13.580+0000] {processor.py:208} INFO - Processing /opt/airflow/dags/tasks/merge_all_xml.py took 0.020 seconds
[2024-12-10T00:00:44.704+0000] {processor.py:186} INFO - Started process (PID=16197) to work on /opt/airflow/dags/tasks/merge_all_xml.py
[2024-12-10T00:00:44.705+0000] {processor.py:914} INFO - Processing file /opt/airflow/dags/tasks/merge_all_xml.py for tasks to queue
[2024-12-10T00:00:44.706+0000] {logging_mixin.py:190} INFO - [2024-12-10T00:00:44.706+0000] {dagbag.py:588} INFO - Filling up the DagBag from /opt/airflow/dags/tasks/merge_all_xml.py
[2024-12-10T00:00:44.713+0000] {processor.py:927} WARNING - No viable dags retrieved from /opt/airflow/dags/tasks/merge_all_xml.py
[2024-12-10T00:00:44.721+0000] {processor.py:208} INFO - Processing /opt/airflow/dags/tasks/merge_all_xml.py took 0.021 seconds
[2024-12-10T00:01:15.877+0000] {processor.py:186} INFO - Started process (PID=16212) to work on /opt/airflow/dags/tasks/merge_all_xml.py
[2024-12-10T00:01:15.877+0000] {processor.py:914} INFO - Processing file /opt/airflow/dags/tasks/merge_all_xml.py for tasks to queue
[2024-12-10T00:01:15.879+0000] {logging_mixin.py:190} INFO - [2024-12-10T00:01:15.878+0000] {dagbag.py:588} INFO - Filling up the DagBag from /opt/airflow/dags/tasks/merge_all_xml.py
[2024-12-10T00:01:15.885+0000] {processor.py:927} WARNING - No viable dags retrieved from /opt/airflow/dags/tasks/merge_all_xml.py
[2024-12-10T00:01:15.892+0000] {processor.py:208} INFO - Processing /opt/airflow/dags/tasks/merge_all_xml.py took 0.019 seconds
[2024-12-10T00:01:45.943+0000] {processor.py:186} INFO - Started process (PID=16226) to work on /opt/airflow/dags/tasks/merge_all_xml.py
[2024-12-10T00:01:45.943+0000] {processor.py:914} INFO - Processing file /opt/airflow/dags/tasks/merge_all_xml.py for tasks to queue
[2024-12-10T00:01:45.945+0000] {logging_mixin.py:190} INFO - [2024-12-10T00:01:45.944+0000] {dagbag.py:588} INFO - Filling up the DagBag from /opt/airflow/dags/tasks/merge_all_xml.py
[2024-12-10T00:01:45.951+0000] {processor.py:927} WARNING - No viable dags retrieved from /opt/airflow/dags/tasks/merge_all_xml.py
[2024-12-10T00:01:45.958+0000] {processor.py:208} INFO - Processing /opt/airflow/dags/tasks/merge_all_xml.py took 0.019 seconds
[2024-12-10T00:02:16.362+0000] {processor.py:186} INFO - Started process (PID=16240) to work on /opt/airflow/dags/tasks/merge_all_xml.py
[2024-12-10T00:02:16.363+0000] {processor.py:914} INFO - Processing file /opt/airflow/dags/tasks/merge_all_xml.py for tasks to queue
[2024-12-10T00:02:16.364+0000] {logging_mixin.py:190} INFO - [2024-12-10T00:02:16.364+0000] {dagbag.py:588} INFO - Filling up the DagBag from /opt/airflow/dags/tasks/merge_all_xml.py
[2024-12-10T00:02:16.371+0000] {processor.py:927} WARNING - No viable dags retrieved from /opt/airflow/dags/tasks/merge_all_xml.py
[2024-12-10T00:02:16.378+0000] {processor.py:208} INFO - Processing /opt/airflow/dags/tasks/merge_all_xml.py took 0.020 seconds
[2024-12-10T00:02:46.786+0000] {processor.py:186} INFO - Started process (PID=16255) to work on /opt/airflow/dags/tasks/merge_all_xml.py
[2024-12-10T00:02:46.787+0000] {processor.py:914} INFO - Processing file /opt/airflow/dags/tasks/merge_all_xml.py for tasks to queue
[2024-12-10T00:02:46.788+0000] {logging_mixin.py:190} INFO - [2024-12-10T00:02:46.788+0000] {dagbag.py:588} INFO - Filling up the DagBag from /opt/airflow/dags/tasks/merge_all_xml.py
[2024-12-10T00:02:46.795+0000] {processor.py:927} WARNING - No viable dags retrieved from /opt/airflow/dags/tasks/merge_all_xml.py
[2024-12-10T00:02:46.802+0000] {processor.py:208} INFO - Processing /opt/airflow/dags/tasks/merge_all_xml.py took 0.020 seconds
[2024-12-10T00:03:17.130+0000] {processor.py:186} INFO - Started process (PID=16270) to work on /opt/airflow/dags/tasks/merge_all_xml.py
[2024-12-10T00:03:17.130+0000] {processor.py:914} INFO - Processing file /opt/airflow/dags/tasks/merge_all_xml.py for tasks to queue
[2024-12-10T00:03:17.131+0000] {logging_mixin.py:190} INFO - [2024-12-10T00:03:17.131+0000] {dagbag.py:588} INFO - Filling up the DagBag from /opt/airflow/dags/tasks/merge_all_xml.py
[2024-12-10T00:03:17.138+0000] {processor.py:927} WARNING - No viable dags retrieved from /opt/airflow/dags/tasks/merge_all_xml.py
[2024-12-10T00:03:17.146+0000] {processor.py:208} INFO - Processing /opt/airflow/dags/tasks/merge_all_xml.py took 0.020 seconds
[2024-12-10T00:03:47.536+0000] {processor.py:186} INFO - Started process (PID=16285) to work on /opt/airflow/dags/tasks/merge_all_xml.py
[2024-12-10T00:03:47.537+0000] {processor.py:914} INFO - Processing file /opt/airflow/dags/tasks/merge_all_xml.py for tasks to queue
[2024-12-10T00:03:47.538+0000] {logging_mixin.py:190} INFO - [2024-12-10T00:03:47.538+0000] {dagbag.py:588} INFO - Filling up the DagBag from /opt/airflow/dags/tasks/merge_all_xml.py
[2024-12-10T00:03:47.545+0000] {processor.py:927} WARNING - No viable dags retrieved from /opt/airflow/dags/tasks/merge_all_xml.py
[2024-12-10T00:03:47.552+0000] {processor.py:208} INFO - Processing /opt/airflow/dags/tasks/merge_all_xml.py took 0.019 seconds
[2024-12-10T00:04:17.972+0000] {processor.py:186} INFO - Started process (PID=16300) to work on /opt/airflow/dags/tasks/merge_all_xml.py
[2024-12-10T00:04:17.973+0000] {processor.py:914} INFO - Processing file /opt/airflow/dags/tasks/merge_all_xml.py for tasks to queue
[2024-12-10T00:04:17.974+0000] {logging_mixin.py:190} INFO - [2024-12-10T00:04:17.974+0000] {dagbag.py:588} INFO - Filling up the DagBag from /opt/airflow/dags/tasks/merge_all_xml.py
[2024-12-10T00:04:17.982+0000] {processor.py:927} WARNING - No viable dags retrieved from /opt/airflow/dags/tasks/merge_all_xml.py
[2024-12-10T00:04:17.989+0000] {processor.py:208} INFO - Processing /opt/airflow/dags/tasks/merge_all_xml.py took 0.020 seconds
[2024-12-10T00:04:48.288+0000] {processor.py:186} INFO - Started process (PID=16315) to work on /opt/airflow/dags/tasks/merge_all_xml.py
[2024-12-10T00:04:48.289+0000] {processor.py:914} INFO - Processing file /opt/airflow/dags/tasks/merge_all_xml.py for tasks to queue
[2024-12-10T00:04:48.290+0000] {logging_mixin.py:190} INFO - [2024-12-10T00:04:48.290+0000] {dagbag.py:588} INFO - Filling up the DagBag from /opt/airflow/dags/tasks/merge_all_xml.py
[2024-12-10T00:04:48.297+0000] {processor.py:927} WARNING - No viable dags retrieved from /opt/airflow/dags/tasks/merge_all_xml.py
[2024-12-10T00:04:48.306+0000] {processor.py:208} INFO - Processing /opt/airflow/dags/tasks/merge_all_xml.py took 0.021 seconds
[2024-12-10T00:05:18.689+0000] {processor.py:186} INFO - Started process (PID=16330) to work on /opt/airflow/dags/tasks/merge_all_xml.py
[2024-12-10T00:05:18.690+0000] {processor.py:914} INFO - Processing file /opt/airflow/dags/tasks/merge_all_xml.py for tasks to queue
[2024-12-10T00:05:18.691+0000] {logging_mixin.py:190} INFO - [2024-12-10T00:05:18.691+0000] {dagbag.py:588} INFO - Filling up the DagBag from /opt/airflow/dags/tasks/merge_all_xml.py
[2024-12-10T00:05:18.698+0000] {processor.py:927} WARNING - No viable dags retrieved from /opt/airflow/dags/tasks/merge_all_xml.py
[2024-12-10T00:05:18.705+0000] {processor.py:208} INFO - Processing /opt/airflow/dags/tasks/merge_all_xml.py took 0.019 seconds
[2024-12-10T00:05:49.045+0000] {processor.py:186} INFO - Started process (PID=16346) to work on /opt/airflow/dags/tasks/merge_all_xml.py
[2024-12-10T00:05:49.045+0000] {processor.py:914} INFO - Processing file /opt/airflow/dags/tasks/merge_all_xml.py for tasks to queue
[2024-12-10T00:05:49.047+0000] {logging_mixin.py:190} INFO - [2024-12-10T00:05:49.047+0000] {dagbag.py:588} INFO - Filling up the DagBag from /opt/airflow/dags/tasks/merge_all_xml.py
[2024-12-10T00:05:49.054+0000] {processor.py:927} WARNING - No viable dags retrieved from /opt/airflow/dags/tasks/merge_all_xml.py
[2024-12-10T00:05:49.061+0000] {processor.py:208} INFO - Processing /opt/airflow/dags/tasks/merge_all_xml.py took 0.019 seconds
[2024-12-10T00:06:19.421+0000] {processor.py:186} INFO - Started process (PID=16366) to work on /opt/airflow/dags/tasks/merge_all_xml.py
[2024-12-10T00:06:19.421+0000] {processor.py:914} INFO - Processing file /opt/airflow/dags/tasks/merge_all_xml.py for tasks to queue
[2024-12-10T00:06:19.423+0000] {logging_mixin.py:190} INFO - [2024-12-10T00:06:19.422+0000] {dagbag.py:588} INFO - Filling up the DagBag from /opt/airflow/dags/tasks/merge_all_xml.py
[2024-12-10T00:06:19.429+0000] {processor.py:927} WARNING - No viable dags retrieved from /opt/airflow/dags/tasks/merge_all_xml.py
[2024-12-10T00:06:19.436+0000] {processor.py:208} INFO - Processing /opt/airflow/dags/tasks/merge_all_xml.py took 0.019 seconds
[2024-12-10T00:06:49.707+0000] {processor.py:186} INFO - Started process (PID=16381) to work on /opt/airflow/dags/tasks/merge_all_xml.py
[2024-12-10T00:06:49.708+0000] {processor.py:914} INFO - Processing file /opt/airflow/dags/tasks/merge_all_xml.py for tasks to queue
[2024-12-10T00:06:49.709+0000] {logging_mixin.py:190} INFO - [2024-12-10T00:06:49.709+0000] {dagbag.py:588} INFO - Filling up the DagBag from /opt/airflow/dags/tasks/merge_all_xml.py
[2024-12-10T00:06:49.716+0000] {processor.py:927} WARNING - No viable dags retrieved from /opt/airflow/dags/tasks/merge_all_xml.py
[2024-12-10T00:06:49.723+0000] {processor.py:208} INFO - Processing /opt/airflow/dags/tasks/merge_all_xml.py took 0.019 seconds
[2024-12-10T00:07:20.584+0000] {processor.py:186} INFO - Started process (PID=16397) to work on /opt/airflow/dags/tasks/merge_all_xml.py
[2024-12-10T00:07:20.584+0000] {processor.py:914} INFO - Processing file /opt/airflow/dags/tasks/merge_all_xml.py for tasks to queue
[2024-12-10T00:07:20.586+0000] {logging_mixin.py:190} INFO - [2024-12-10T00:07:20.585+0000] {dagbag.py:588} INFO - Filling up the DagBag from /opt/airflow/dags/tasks/merge_all_xml.py
[2024-12-10T00:07:20.594+0000] {processor.py:927} WARNING - No viable dags retrieved from /opt/airflow/dags/tasks/merge_all_xml.py
[2024-12-10T00:07:20.602+0000] {processor.py:208} INFO - Processing /opt/airflow/dags/tasks/merge_all_xml.py took 0.022 seconds
[2024-12-10T00:07:51.508+0000] {processor.py:186} INFO - Started process (PID=16413) to work on /opt/airflow/dags/tasks/merge_all_xml.py
[2024-12-10T00:07:51.509+0000] {processor.py:914} INFO - Processing file /opt/airflow/dags/tasks/merge_all_xml.py for tasks to queue
[2024-12-10T00:07:51.511+0000] {logging_mixin.py:190} INFO - [2024-12-10T00:07:51.510+0000] {dagbag.py:588} INFO - Filling up the DagBag from /opt/airflow/dags/tasks/merge_all_xml.py
[2024-12-10T00:07:51.517+0000] {processor.py:927} WARNING - No viable dags retrieved from /opt/airflow/dags/tasks/merge_all_xml.py
[2024-12-10T00:07:51.525+0000] {processor.py:208} INFO - Processing /opt/airflow/dags/tasks/merge_all_xml.py took 0.021 seconds
[2024-12-10T00:08:22.403+0000] {processor.py:186} INFO - Started process (PID=16428) to work on /opt/airflow/dags/tasks/merge_all_xml.py
[2024-12-10T00:08:22.404+0000] {processor.py:914} INFO - Processing file /opt/airflow/dags/tasks/merge_all_xml.py for tasks to queue
[2024-12-10T00:08:22.405+0000] {logging_mixin.py:190} INFO - [2024-12-10T00:08:22.405+0000] {dagbag.py:588} INFO - Filling up the DagBag from /opt/airflow/dags/tasks/merge_all_xml.py
[2024-12-10T00:08:22.417+0000] {processor.py:927} WARNING - No viable dags retrieved from /opt/airflow/dags/tasks/merge_all_xml.py
[2024-12-10T00:08:22.426+0000] {processor.py:208} INFO - Processing /opt/airflow/dags/tasks/merge_all_xml.py took 0.026 seconds
[2024-12-10T00:08:53.379+0000] {processor.py:186} INFO - Started process (PID=16443) to work on /opt/airflow/dags/tasks/merge_all_xml.py
[2024-12-10T00:08:53.380+0000] {processor.py:914} INFO - Processing file /opt/airflow/dags/tasks/merge_all_xml.py for tasks to queue
[2024-12-10T00:08:53.381+0000] {logging_mixin.py:190} INFO - [2024-12-10T00:08:53.381+0000] {dagbag.py:588} INFO - Filling up the DagBag from /opt/airflow/dags/tasks/merge_all_xml.py
[2024-12-10T00:08:53.389+0000] {processor.py:927} WARNING - No viable dags retrieved from /opt/airflow/dags/tasks/merge_all_xml.py
[2024-12-10T00:08:53.396+0000] {processor.py:208} INFO - Processing /opt/airflow/dags/tasks/merge_all_xml.py took 0.021 seconds
[2024-12-10T00:09:24.258+0000] {processor.py:186} INFO - Started process (PID=16458) to work on /opt/airflow/dags/tasks/merge_all_xml.py
[2024-12-10T00:09:24.258+0000] {processor.py:914} INFO - Processing file /opt/airflow/dags/tasks/merge_all_xml.py for tasks to queue
[2024-12-10T00:09:24.260+0000] {logging_mixin.py:190} INFO - [2024-12-10T00:09:24.259+0000] {dagbag.py:588} INFO - Filling up the DagBag from /opt/airflow/dags/tasks/merge_all_xml.py
[2024-12-10T00:09:24.266+0000] {processor.py:927} WARNING - No viable dags retrieved from /opt/airflow/dags/tasks/merge_all_xml.py
[2024-12-10T00:09:24.273+0000] {processor.py:208} INFO - Processing /opt/airflow/dags/tasks/merge_all_xml.py took 0.019 seconds
[2024-12-10T00:09:55.137+0000] {processor.py:186} INFO - Started process (PID=16473) to work on /opt/airflow/dags/tasks/merge_all_xml.py
[2024-12-10T00:09:55.138+0000] {processor.py:914} INFO - Processing file /opt/airflow/dags/tasks/merge_all_xml.py for tasks to queue
[2024-12-10T00:09:55.139+0000] {logging_mixin.py:190} INFO - [2024-12-10T00:09:55.139+0000] {dagbag.py:588} INFO - Filling up the DagBag from /opt/airflow/dags/tasks/merge_all_xml.py
[2024-12-10T00:09:55.145+0000] {processor.py:927} WARNING - No viable dags retrieved from /opt/airflow/dags/tasks/merge_all_xml.py
[2024-12-10T00:09:55.152+0000] {processor.py:208} INFO - Processing /opt/airflow/dags/tasks/merge_all_xml.py took 0.019 seconds
[2024-12-10T00:10:26.014+0000] {processor.py:186} INFO - Started process (PID=16488) to work on /opt/airflow/dags/tasks/merge_all_xml.py
[2024-12-10T00:10:26.014+0000] {processor.py:914} INFO - Processing file /opt/airflow/dags/tasks/merge_all_xml.py for tasks to queue
[2024-12-10T00:10:26.016+0000] {logging_mixin.py:190} INFO - [2024-12-10T00:10:26.016+0000] {dagbag.py:588} INFO - Filling up the DagBag from /opt/airflow/dags/tasks/merge_all_xml.py
[2024-12-10T00:10:26.022+0000] {processor.py:927} WARNING - No viable dags retrieved from /opt/airflow/dags/tasks/merge_all_xml.py
[2024-12-10T00:10:26.029+0000] {processor.py:208} INFO - Processing /opt/airflow/dags/tasks/merge_all_xml.py took 0.019 seconds
[2024-12-10T00:10:56.891+0000] {processor.py:186} INFO - Started process (PID=16504) to work on /opt/airflow/dags/tasks/merge_all_xml.py
[2024-12-10T00:10:56.891+0000] {processor.py:914} INFO - Processing file /opt/airflow/dags/tasks/merge_all_xml.py for tasks to queue
[2024-12-10T00:10:56.893+0000] {logging_mixin.py:190} INFO - [2024-12-10T00:10:56.893+0000] {dagbag.py:588} INFO - Filling up the DagBag from /opt/airflow/dags/tasks/merge_all_xml.py
[2024-12-10T00:10:56.900+0000] {processor.py:927} WARNING - No viable dags retrieved from /opt/airflow/dags/tasks/merge_all_xml.py
[2024-12-10T00:10:56.907+0000] {processor.py:208} INFO - Processing /opt/airflow/dags/tasks/merge_all_xml.py took 0.020 seconds
[2024-12-10T00:11:27.794+0000] {processor.py:186} INFO - Started process (PID=16518) to work on /opt/airflow/dags/tasks/merge_all_xml.py
[2024-12-10T00:11:27.795+0000] {processor.py:914} INFO - Processing file /opt/airflow/dags/tasks/merge_all_xml.py for tasks to queue
[2024-12-10T00:11:27.796+0000] {logging_mixin.py:190} INFO - [2024-12-10T00:11:27.796+0000] {dagbag.py:588} INFO - Filling up the DagBag from /opt/airflow/dags/tasks/merge_all_xml.py
[2024-12-10T00:11:27.803+0000] {processor.py:927} WARNING - No viable dags retrieved from /opt/airflow/dags/tasks/merge_all_xml.py
[2024-12-10T00:11:27.810+0000] {processor.py:208} INFO - Processing /opt/airflow/dags/tasks/merge_all_xml.py took 0.020 seconds
[2024-12-10T00:11:58.668+0000] {processor.py:186} INFO - Started process (PID=16533) to work on /opt/airflow/dags/tasks/merge_all_xml.py
[2024-12-10T00:11:58.668+0000] {processor.py:914} INFO - Processing file /opt/airflow/dags/tasks/merge_all_xml.py for tasks to queue
[2024-12-10T00:11:58.670+0000] {logging_mixin.py:190} INFO - [2024-12-10T00:11:58.670+0000] {dagbag.py:588} INFO - Filling up the DagBag from /opt/airflow/dags/tasks/merge_all_xml.py
[2024-12-10T00:11:58.677+0000] {processor.py:927} WARNING - No viable dags retrieved from /opt/airflow/dags/tasks/merge_all_xml.py
[2024-12-10T00:11:58.684+0000] {processor.py:208} INFO - Processing /opt/airflow/dags/tasks/merge_all_xml.py took 0.020 seconds
[2024-12-10T00:12:29.707+0000] {processor.py:186} INFO - Started process (PID=16548) to work on /opt/airflow/dags/tasks/merge_all_xml.py
[2024-12-10T00:12:29.707+0000] {processor.py:914} INFO - Processing file /opt/airflow/dags/tasks/merge_all_xml.py for tasks to queue
[2024-12-10T00:12:29.709+0000] {logging_mixin.py:190} INFO - [2024-12-10T00:12:29.708+0000] {dagbag.py:588} INFO - Filling up the DagBag from /opt/airflow/dags/tasks/merge_all_xml.py
[2024-12-10T00:12:29.714+0000] {processor.py:927} WARNING - No viable dags retrieved from /opt/airflow/dags/tasks/merge_all_xml.py
[2024-12-10T00:12:29.722+0000] {processor.py:208} INFO - Processing /opt/airflow/dags/tasks/merge_all_xml.py took 0.019 seconds
[2024-12-10T00:13:00.593+0000] {processor.py:186} INFO - Started process (PID=16563) to work on /opt/airflow/dags/tasks/merge_all_xml.py
[2024-12-10T00:13:00.593+0000] {processor.py:914} INFO - Processing file /opt/airflow/dags/tasks/merge_all_xml.py for tasks to queue
[2024-12-10T00:13:00.594+0000] {logging_mixin.py:190} INFO - [2024-12-10T00:13:00.594+0000] {dagbag.py:588} INFO - Filling up the DagBag from /opt/airflow/dags/tasks/merge_all_xml.py
[2024-12-10T00:13:00.601+0000] {processor.py:927} WARNING - No viable dags retrieved from /opt/airflow/dags/tasks/merge_all_xml.py
[2024-12-10T00:13:00.609+0000] {processor.py:208} INFO - Processing /opt/airflow/dags/tasks/merge_all_xml.py took 0.020 seconds
[2024-12-10T00:13:31.483+0000] {processor.py:186} INFO - Started process (PID=16578) to work on /opt/airflow/dags/tasks/merge_all_xml.py
[2024-12-10T00:13:31.484+0000] {processor.py:914} INFO - Processing file /opt/airflow/dags/tasks/merge_all_xml.py for tasks to queue
[2024-12-10T00:13:31.485+0000] {logging_mixin.py:190} INFO - [2024-12-10T00:13:31.485+0000] {dagbag.py:588} INFO - Filling up the DagBag from /opt/airflow/dags/tasks/merge_all_xml.py
[2024-12-10T00:13:31.492+0000] {processor.py:927} WARNING - No viable dags retrieved from /opt/airflow/dags/tasks/merge_all_xml.py
[2024-12-10T00:13:31.500+0000] {processor.py:208} INFO - Processing /opt/airflow/dags/tasks/merge_all_xml.py took 0.020 seconds
[2024-12-10T00:14:02.385+0000] {processor.py:186} INFO - Started process (PID=16593) to work on /opt/airflow/dags/tasks/merge_all_xml.py
[2024-12-10T00:14:02.385+0000] {processor.py:914} INFO - Processing file /opt/airflow/dags/tasks/merge_all_xml.py for tasks to queue
[2024-12-10T00:14:02.387+0000] {logging_mixin.py:190} INFO - [2024-12-10T00:14:02.387+0000] {dagbag.py:588} INFO - Filling up the DagBag from /opt/airflow/dags/tasks/merge_all_xml.py
[2024-12-10T00:14:02.396+0000] {processor.py:927} WARNING - No viable dags retrieved from /opt/airflow/dags/tasks/merge_all_xml.py
[2024-12-10T00:14:02.404+0000] {processor.py:208} INFO - Processing /opt/airflow/dags/tasks/merge_all_xml.py took 0.023 seconds
[2024-12-10T00:14:33.275+0000] {processor.py:186} INFO - Started process (PID=16608) to work on /opt/airflow/dags/tasks/merge_all_xml.py
[2024-12-10T00:14:33.276+0000] {processor.py:914} INFO - Processing file /opt/airflow/dags/tasks/merge_all_xml.py for tasks to queue
[2024-12-10T00:14:33.277+0000] {logging_mixin.py:190} INFO - [2024-12-10T00:14:33.277+0000] {dagbag.py:588} INFO - Filling up the DagBag from /opt/airflow/dags/tasks/merge_all_xml.py
[2024-12-10T00:14:33.284+0000] {processor.py:927} WARNING - No viable dags retrieved from /opt/airflow/dags/tasks/merge_all_xml.py
[2024-12-10T00:14:33.291+0000] {processor.py:208} INFO - Processing /opt/airflow/dags/tasks/merge_all_xml.py took 0.020 seconds
[2024-12-10T00:15:04.173+0000] {processor.py:186} INFO - Started process (PID=16623) to work on /opt/airflow/dags/tasks/merge_all_xml.py
[2024-12-10T00:15:04.173+0000] {processor.py:914} INFO - Processing file /opt/airflow/dags/tasks/merge_all_xml.py for tasks to queue
[2024-12-10T00:15:04.175+0000] {logging_mixin.py:190} INFO - [2024-12-10T00:15:04.175+0000] {dagbag.py:588} INFO - Filling up the DagBag from /opt/airflow/dags/tasks/merge_all_xml.py
[2024-12-10T00:15:04.181+0000] {processor.py:927} WARNING - No viable dags retrieved from /opt/airflow/dags/tasks/merge_all_xml.py
[2024-12-10T00:15:04.188+0000] {processor.py:208} INFO - Processing /opt/airflow/dags/tasks/merge_all_xml.py took 0.019 seconds
[2024-12-10T00:15:35.052+0000] {processor.py:186} INFO - Started process (PID=16638) to work on /opt/airflow/dags/tasks/merge_all_xml.py
[2024-12-10T00:15:35.053+0000] {processor.py:914} INFO - Processing file /opt/airflow/dags/tasks/merge_all_xml.py for tasks to queue
[2024-12-10T00:15:35.054+0000] {logging_mixin.py:190} INFO - [2024-12-10T00:15:35.054+0000] {dagbag.py:588} INFO - Filling up the DagBag from /opt/airflow/dags/tasks/merge_all_xml.py
[2024-12-10T00:15:35.062+0000] {processor.py:927} WARNING - No viable dags retrieved from /opt/airflow/dags/tasks/merge_all_xml.py
[2024-12-10T00:15:35.068+0000] {processor.py:208} INFO - Processing /opt/airflow/dags/tasks/merge_all_xml.py took 0.020 seconds
[2024-12-10T00:16:05.933+0000] {processor.py:186} INFO - Started process (PID=16653) to work on /opt/airflow/dags/tasks/merge_all_xml.py
[2024-12-10T00:16:05.934+0000] {processor.py:914} INFO - Processing file /opt/airflow/dags/tasks/merge_all_xml.py for tasks to queue
[2024-12-10T00:16:05.935+0000] {logging_mixin.py:190} INFO - [2024-12-10T00:16:05.935+0000] {dagbag.py:588} INFO - Filling up the DagBag from /opt/airflow/dags/tasks/merge_all_xml.py
[2024-12-10T00:16:05.942+0000] {processor.py:927} WARNING - No viable dags retrieved from /opt/airflow/dags/tasks/merge_all_xml.py
[2024-12-10T00:16:05.949+0000] {processor.py:208} INFO - Processing /opt/airflow/dags/tasks/merge_all_xml.py took 0.019 seconds
[2024-12-10T00:16:36.834+0000] {processor.py:186} INFO - Started process (PID=16668) to work on /opt/airflow/dags/tasks/merge_all_xml.py
[2024-12-10T00:16:36.834+0000] {processor.py:914} INFO - Processing file /opt/airflow/dags/tasks/merge_all_xml.py for tasks to queue
[2024-12-10T00:16:36.836+0000] {logging_mixin.py:190} INFO - [2024-12-10T00:16:36.836+0000] {dagbag.py:588} INFO - Filling up the DagBag from /opt/airflow/dags/tasks/merge_all_xml.py
[2024-12-10T00:16:36.842+0000] {processor.py:927} WARNING - No viable dags retrieved from /opt/airflow/dags/tasks/merge_all_xml.py
[2024-12-10T00:16:36.849+0000] {processor.py:208} INFO - Processing /opt/airflow/dags/tasks/merge_all_xml.py took 0.019 seconds
[2024-12-10T00:17:07.721+0000] {processor.py:186} INFO - Started process (PID=16683) to work on /opt/airflow/dags/tasks/merge_all_xml.py
[2024-12-10T00:17:07.722+0000] {processor.py:914} INFO - Processing file /opt/airflow/dags/tasks/merge_all_xml.py for tasks to queue
[2024-12-10T00:17:07.723+0000] {logging_mixin.py:190} INFO - [2024-12-10T00:17:07.723+0000] {dagbag.py:588} INFO - Filling up the DagBag from /opt/airflow/dags/tasks/merge_all_xml.py
[2024-12-10T00:17:07.731+0000] {processor.py:927} WARNING - No viable dags retrieved from /opt/airflow/dags/tasks/merge_all_xml.py
[2024-12-10T00:17:07.740+0000] {processor.py:208} INFO - Processing /opt/airflow/dags/tasks/merge_all_xml.py took 0.023 seconds
[2024-12-10T00:17:38.771+0000] {processor.py:186} INFO - Started process (PID=16698) to work on /opt/airflow/dags/tasks/merge_all_xml.py
[2024-12-10T00:17:38.771+0000] {processor.py:914} INFO - Processing file /opt/airflow/dags/tasks/merge_all_xml.py for tasks to queue
[2024-12-10T00:17:38.773+0000] {logging_mixin.py:190} INFO - [2024-12-10T00:17:38.773+0000] {dagbag.py:588} INFO - Filling up the DagBag from /opt/airflow/dags/tasks/merge_all_xml.py
[2024-12-10T00:17:38.779+0000] {processor.py:927} WARNING - No viable dags retrieved from /opt/airflow/dags/tasks/merge_all_xml.py
[2024-12-10T00:17:38.786+0000] {processor.py:208} INFO - Processing /opt/airflow/dags/tasks/merge_all_xml.py took 0.018 seconds
[2024-12-10T00:18:09.649+0000] {processor.py:186} INFO - Started process (PID=16713) to work on /opt/airflow/dags/tasks/merge_all_xml.py
[2024-12-10T00:18:09.649+0000] {processor.py:914} INFO - Processing file /opt/airflow/dags/tasks/merge_all_xml.py for tasks to queue
[2024-12-10T00:18:09.651+0000] {logging_mixin.py:190} INFO - [2024-12-10T00:18:09.650+0000] {dagbag.py:588} INFO - Filling up the DagBag from /opt/airflow/dags/tasks/merge_all_xml.py
[2024-12-10T00:18:09.657+0000] {processor.py:927} WARNING - No viable dags retrieved from /opt/airflow/dags/tasks/merge_all_xml.py
[2024-12-10T00:18:09.665+0000] {processor.py:208} INFO - Processing /opt/airflow/dags/tasks/merge_all_xml.py took 0.019 seconds
[2024-12-10T00:18:40.589+0000] {processor.py:186} INFO - Started process (PID=16728) to work on /opt/airflow/dags/tasks/merge_all_xml.py
[2024-12-10T00:18:40.589+0000] {processor.py:914} INFO - Processing file /opt/airflow/dags/tasks/merge_all_xml.py for tasks to queue
[2024-12-10T00:18:40.591+0000] {logging_mixin.py:190} INFO - [2024-12-10T00:18:40.591+0000] {dagbag.py:588} INFO - Filling up the DagBag from /opt/airflow/dags/tasks/merge_all_xml.py
[2024-12-10T00:18:40.598+0000] {processor.py:927} WARNING - No viable dags retrieved from /opt/airflow/dags/tasks/merge_all_xml.py
[2024-12-10T00:18:40.607+0000] {processor.py:208} INFO - Processing /opt/airflow/dags/tasks/merge_all_xml.py took 0.022 seconds
[2024-12-10T00:19:11.477+0000] {processor.py:186} INFO - Started process (PID=16743) to work on /opt/airflow/dags/tasks/merge_all_xml.py
[2024-12-10T00:19:11.477+0000] {processor.py:914} INFO - Processing file /opt/airflow/dags/tasks/merge_all_xml.py for tasks to queue
[2024-12-10T00:19:11.479+0000] {logging_mixin.py:190} INFO - [2024-12-10T00:19:11.479+0000] {dagbag.py:588} INFO - Filling up the DagBag from /opt/airflow/dags/tasks/merge_all_xml.py
[2024-12-10T00:19:11.485+0000] {processor.py:927} WARNING - No viable dags retrieved from /opt/airflow/dags/tasks/merge_all_xml.py
[2024-12-10T00:19:11.492+0000] {processor.py:208} INFO - Processing /opt/airflow/dags/tasks/merge_all_xml.py took 0.019 seconds
[2024-12-10T00:19:42.349+0000] {processor.py:186} INFO - Started process (PID=16758) to work on /opt/airflow/dags/tasks/merge_all_xml.py
[2024-12-10T00:19:42.350+0000] {processor.py:914} INFO - Processing file /opt/airflow/dags/tasks/merge_all_xml.py for tasks to queue
[2024-12-10T00:19:42.351+0000] {logging_mixin.py:190} INFO - [2024-12-10T00:19:42.351+0000] {dagbag.py:588} INFO - Filling up the DagBag from /opt/airflow/dags/tasks/merge_all_xml.py
[2024-12-10T00:19:42.358+0000] {processor.py:927} WARNING - No viable dags retrieved from /opt/airflow/dags/tasks/merge_all_xml.py
[2024-12-10T00:19:42.365+0000] {processor.py:208} INFO - Processing /opt/airflow/dags/tasks/merge_all_xml.py took 0.019 seconds
[2024-12-10T00:20:13.252+0000] {processor.py:186} INFO - Started process (PID=16773) to work on /opt/airflow/dags/tasks/merge_all_xml.py
[2024-12-10T00:20:13.253+0000] {processor.py:914} INFO - Processing file /opt/airflow/dags/tasks/merge_all_xml.py for tasks to queue
[2024-12-10T00:20:13.254+0000] {logging_mixin.py:190} INFO - [2024-12-10T00:20:13.254+0000] {dagbag.py:588} INFO - Filling up the DagBag from /opt/airflow/dags/tasks/merge_all_xml.py
[2024-12-10T00:20:13.260+0000] {processor.py:927} WARNING - No viable dags retrieved from /opt/airflow/dags/tasks/merge_all_xml.py
[2024-12-10T00:20:13.267+0000] {processor.py:208} INFO - Processing /opt/airflow/dags/tasks/merge_all_xml.py took 0.019 seconds
[2024-12-10T00:20:44.150+0000] {processor.py:186} INFO - Started process (PID=16788) to work on /opt/airflow/dags/tasks/merge_all_xml.py
[2024-12-10T00:20:44.150+0000] {processor.py:914} INFO - Processing file /opt/airflow/dags/tasks/merge_all_xml.py for tasks to queue
[2024-12-10T00:20:44.152+0000] {logging_mixin.py:190} INFO - [2024-12-10T00:20:44.152+0000] {dagbag.py:588} INFO - Filling up the DagBag from /opt/airflow/dags/tasks/merge_all_xml.py
[2024-12-10T00:20:44.160+0000] {processor.py:927} WARNING - No viable dags retrieved from /opt/airflow/dags/tasks/merge_all_xml.py
[2024-12-10T00:20:44.168+0000] {processor.py:208} INFO - Processing /opt/airflow/dags/tasks/merge_all_xml.py took 0.022 seconds
[2024-12-10T00:21:15.060+0000] {processor.py:186} INFO - Started process (PID=16803) to work on /opt/airflow/dags/tasks/merge_all_xml.py
[2024-12-10T00:21:15.060+0000] {processor.py:914} INFO - Processing file /opt/airflow/dags/tasks/merge_all_xml.py for tasks to queue
[2024-12-10T00:21:15.062+0000] {logging_mixin.py:190} INFO - [2024-12-10T00:21:15.061+0000] {dagbag.py:588} INFO - Filling up the DagBag from /opt/airflow/dags/tasks/merge_all_xml.py
[2024-12-10T00:21:15.070+0000] {processor.py:927} WARNING - No viable dags retrieved from /opt/airflow/dags/tasks/merge_all_xml.py
[2024-12-10T00:21:15.077+0000] {processor.py:208} INFO - Processing /opt/airflow/dags/tasks/merge_all_xml.py took 0.022 seconds
[2024-12-10T00:21:45.935+0000] {processor.py:186} INFO - Started process (PID=16818) to work on /opt/airflow/dags/tasks/merge_all_xml.py
[2024-12-10T00:21:45.935+0000] {processor.py:914} INFO - Processing file /opt/airflow/dags/tasks/merge_all_xml.py for tasks to queue
[2024-12-10T00:21:45.937+0000] {logging_mixin.py:190} INFO - [2024-12-10T00:21:45.937+0000] {dagbag.py:588} INFO - Filling up the DagBag from /opt/airflow/dags/tasks/merge_all_xml.py
[2024-12-10T00:21:45.943+0000] {processor.py:927} WARNING - No viable dags retrieved from /opt/airflow/dags/tasks/merge_all_xml.py
[2024-12-10T00:21:45.950+0000] {processor.py:208} INFO - Processing /opt/airflow/dags/tasks/merge_all_xml.py took 0.019 seconds
[2024-12-10T00:22:16.992+0000] {processor.py:186} INFO - Started process (PID=16833) to work on /opt/airflow/dags/tasks/merge_all_xml.py
[2024-12-10T00:22:16.993+0000] {processor.py:914} INFO - Processing file /opt/airflow/dags/tasks/merge_all_xml.py for tasks to queue
[2024-12-10T00:22:16.994+0000] {logging_mixin.py:190} INFO - [2024-12-10T00:22:16.994+0000] {dagbag.py:588} INFO - Filling up the DagBag from /opt/airflow/dags/tasks/merge_all_xml.py
[2024-12-10T00:22:17.000+0000] {processor.py:927} WARNING - No viable dags retrieved from /opt/airflow/dags/tasks/merge_all_xml.py
[2024-12-10T00:22:17.007+0000] {processor.py:208} INFO - Processing /opt/airflow/dags/tasks/merge_all_xml.py took 0.019 seconds
[2024-12-10T00:22:48.083+0000] {processor.py:186} INFO - Started process (PID=16848) to work on /opt/airflow/dags/tasks/merge_all_xml.py
[2024-12-10T00:22:48.083+0000] {processor.py:914} INFO - Processing file /opt/airflow/dags/tasks/merge_all_xml.py for tasks to queue
[2024-12-10T00:22:48.085+0000] {logging_mixin.py:190} INFO - [2024-12-10T00:22:48.084+0000] {dagbag.py:588} INFO - Filling up the DagBag from /opt/airflow/dags/tasks/merge_all_xml.py
[2024-12-10T00:22:48.091+0000] {processor.py:927} WARNING - No viable dags retrieved from /opt/airflow/dags/tasks/merge_all_xml.py
[2024-12-10T00:22:48.098+0000] {processor.py:208} INFO - Processing /opt/airflow/dags/tasks/merge_all_xml.py took 0.019 seconds
[2024-12-10T00:23:18.963+0000] {processor.py:186} INFO - Started process (PID=16863) to work on /opt/airflow/dags/tasks/merge_all_xml.py
[2024-12-10T00:23:18.963+0000] {processor.py:914} INFO - Processing file /opt/airflow/dags/tasks/merge_all_xml.py for tasks to queue
[2024-12-10T00:23:18.965+0000] {logging_mixin.py:190} INFO - [2024-12-10T00:23:18.964+0000] {dagbag.py:588} INFO - Filling up the DagBag from /opt/airflow/dags/tasks/merge_all_xml.py
[2024-12-10T00:23:18.971+0000] {processor.py:927} WARNING - No viable dags retrieved from /opt/airflow/dags/tasks/merge_all_xml.py
[2024-12-10T00:23:18.978+0000] {processor.py:208} INFO - Processing /opt/airflow/dags/tasks/merge_all_xml.py took 0.018 seconds
[2024-12-10T00:23:49.821+0000] {processor.py:186} INFO - Started process (PID=16884) to work on /opt/airflow/dags/tasks/merge_all_xml.py
[2024-12-10T00:23:49.822+0000] {processor.py:914} INFO - Processing file /opt/airflow/dags/tasks/merge_all_xml.py for tasks to queue
[2024-12-10T00:23:49.823+0000] {logging_mixin.py:190} INFO - [2024-12-10T00:23:49.823+0000] {dagbag.py:588} INFO - Filling up the DagBag from /opt/airflow/dags/tasks/merge_all_xml.py
[2024-12-10T00:23:49.829+0000] {processor.py:927} WARNING - No viable dags retrieved from /opt/airflow/dags/tasks/merge_all_xml.py
[2024-12-10T00:23:49.836+0000] {processor.py:208} INFO - Processing /opt/airflow/dags/tasks/merge_all_xml.py took 0.019 seconds
[2024-12-10T00:24:20.704+0000] {processor.py:186} INFO - Started process (PID=16899) to work on /opt/airflow/dags/tasks/merge_all_xml.py
[2024-12-10T00:24:20.705+0000] {processor.py:914} INFO - Processing file /opt/airflow/dags/tasks/merge_all_xml.py for tasks to queue
[2024-12-10T00:24:20.706+0000] {logging_mixin.py:190} INFO - [2024-12-10T00:24:20.706+0000] {dagbag.py:588} INFO - Filling up the DagBag from /opt/airflow/dags/tasks/merge_all_xml.py
[2024-12-10T00:24:20.712+0000] {processor.py:927} WARNING - No viable dags retrieved from /opt/airflow/dags/tasks/merge_all_xml.py
[2024-12-10T00:24:20.719+0000] {processor.py:208} INFO - Processing /opt/airflow/dags/tasks/merge_all_xml.py took 0.019 seconds
[2024-12-10T00:24:51.590+0000] {processor.py:186} INFO - Started process (PID=16914) to work on /opt/airflow/dags/tasks/merge_all_xml.py
[2024-12-10T00:24:51.590+0000] {processor.py:914} INFO - Processing file /opt/airflow/dags/tasks/merge_all_xml.py for tasks to queue
[2024-12-10T00:24:51.592+0000] {logging_mixin.py:190} INFO - [2024-12-10T00:24:51.591+0000] {dagbag.py:588} INFO - Filling up the DagBag from /opt/airflow/dags/tasks/merge_all_xml.py
[2024-12-10T00:24:51.598+0000] {processor.py:927} WARNING - No viable dags retrieved from /opt/airflow/dags/tasks/merge_all_xml.py
[2024-12-10T00:24:51.605+0000] {processor.py:208} INFO - Processing /opt/airflow/dags/tasks/merge_all_xml.py took 0.018 seconds
[2024-12-10T00:25:22.463+0000] {processor.py:186} INFO - Started process (PID=16929) to work on /opt/airflow/dags/tasks/merge_all_xml.py
[2024-12-10T00:25:22.464+0000] {processor.py:914} INFO - Processing file /opt/airflow/dags/tasks/merge_all_xml.py for tasks to queue
[2024-12-10T00:25:22.465+0000] {logging_mixin.py:190} INFO - [2024-12-10T00:25:22.465+0000] {dagbag.py:588} INFO - Filling up the DagBag from /opt/airflow/dags/tasks/merge_all_xml.py
[2024-12-10T00:25:22.472+0000] {processor.py:927} WARNING - No viable dags retrieved from /opt/airflow/dags/tasks/merge_all_xml.py
[2024-12-10T00:25:22.479+0000] {processor.py:208} INFO - Processing /opt/airflow/dags/tasks/merge_all_xml.py took 0.019 seconds
[2024-12-10T00:25:53.361+0000] {processor.py:186} INFO - Started process (PID=16944) to work on /opt/airflow/dags/tasks/merge_all_xml.py
[2024-12-10T00:25:53.361+0000] {processor.py:914} INFO - Processing file /opt/airflow/dags/tasks/merge_all_xml.py for tasks to queue
[2024-12-10T00:25:53.363+0000] {logging_mixin.py:190} INFO - [2024-12-10T00:25:53.363+0000] {dagbag.py:588} INFO - Filling up the DagBag from /opt/airflow/dags/tasks/merge_all_xml.py
[2024-12-10T00:25:53.370+0000] {processor.py:927} WARNING - No viable dags retrieved from /opt/airflow/dags/tasks/merge_all_xml.py
[2024-12-10T00:25:53.377+0000] {processor.py:208} INFO - Processing /opt/airflow/dags/tasks/merge_all_xml.py took 0.020 seconds
[2024-12-10T00:26:24.255+0000] {processor.py:186} INFO - Started process (PID=16959) to work on /opt/airflow/dags/tasks/merge_all_xml.py
[2024-12-10T00:26:24.256+0000] {processor.py:914} INFO - Processing file /opt/airflow/dags/tasks/merge_all_xml.py for tasks to queue
[2024-12-10T00:26:24.257+0000] {logging_mixin.py:190} INFO - [2024-12-10T00:26:24.257+0000] {dagbag.py:588} INFO - Filling up the DagBag from /opt/airflow/dags/tasks/merge_all_xml.py
[2024-12-10T00:26:24.264+0000] {processor.py:927} WARNING - No viable dags retrieved from /opt/airflow/dags/tasks/merge_all_xml.py
[2024-12-10T00:26:24.271+0000] {processor.py:208} INFO - Processing /opt/airflow/dags/tasks/merge_all_xml.py took 0.019 seconds
[2024-12-10T00:26:55.171+0000] {processor.py:186} INFO - Started process (PID=16974) to work on /opt/airflow/dags/tasks/merge_all_xml.py
[2024-12-10T00:26:55.171+0000] {processor.py:914} INFO - Processing file /opt/airflow/dags/tasks/merge_all_xml.py for tasks to queue
[2024-12-10T00:26:55.173+0000] {logging_mixin.py:190} INFO - [2024-12-10T00:26:55.172+0000] {dagbag.py:588} INFO - Filling up the DagBag from /opt/airflow/dags/tasks/merge_all_xml.py
[2024-12-10T00:26:55.179+0000] {processor.py:927} WARNING - No viable dags retrieved from /opt/airflow/dags/tasks/merge_all_xml.py
[2024-12-10T00:26:55.187+0000] {processor.py:208} INFO - Processing /opt/airflow/dags/tasks/merge_all_xml.py took 0.020 seconds
[2024-12-10T00:27:26.233+0000] {processor.py:186} INFO - Started process (PID=16989) to work on /opt/airflow/dags/tasks/merge_all_xml.py
[2024-12-10T00:27:26.233+0000] {processor.py:914} INFO - Processing file /opt/airflow/dags/tasks/merge_all_xml.py for tasks to queue
[2024-12-10T00:27:26.235+0000] {logging_mixin.py:190} INFO - [2024-12-10T00:27:26.234+0000] {dagbag.py:588} INFO - Filling up the DagBag from /opt/airflow/dags/tasks/merge_all_xml.py
[2024-12-10T00:27:26.241+0000] {processor.py:927} WARNING - No viable dags retrieved from /opt/airflow/dags/tasks/merge_all_xml.py
[2024-12-10T00:27:26.248+0000] {processor.py:208} INFO - Processing /opt/airflow/dags/tasks/merge_all_xml.py took 0.019 seconds
[2024-12-10T00:27:57.148+0000] {processor.py:186} INFO - Started process (PID=17004) to work on /opt/airflow/dags/tasks/merge_all_xml.py
[2024-12-10T00:27:57.148+0000] {processor.py:914} INFO - Processing file /opt/airflow/dags/tasks/merge_all_xml.py for tasks to queue
[2024-12-10T00:27:57.149+0000] {logging_mixin.py:190} INFO - [2024-12-10T00:27:57.149+0000] {dagbag.py:588} INFO - Filling up the DagBag from /opt/airflow/dags/tasks/merge_all_xml.py
[2024-12-10T00:27:57.156+0000] {processor.py:927} WARNING - No viable dags retrieved from /opt/airflow/dags/tasks/merge_all_xml.py
[2024-12-10T00:27:57.163+0000] {processor.py:208} INFO - Processing /opt/airflow/dags/tasks/merge_all_xml.py took 0.019 seconds
[2024-12-10T00:28:28.043+0000] {processor.py:186} INFO - Started process (PID=17019) to work on /opt/airflow/dags/tasks/merge_all_xml.py
[2024-12-10T00:28:28.044+0000] {processor.py:914} INFO - Processing file /opt/airflow/dags/tasks/merge_all_xml.py for tasks to queue
[2024-12-10T00:28:28.045+0000] {logging_mixin.py:190} INFO - [2024-12-10T00:28:28.045+0000] {dagbag.py:588} INFO - Filling up the DagBag from /opt/airflow/dags/tasks/merge_all_xml.py
[2024-12-10T00:28:28.053+0000] {processor.py:927} WARNING - No viable dags retrieved from /opt/airflow/dags/tasks/merge_all_xml.py
[2024-12-10T00:28:28.061+0000] {processor.py:208} INFO - Processing /opt/airflow/dags/tasks/merge_all_xml.py took 0.021 seconds
[2024-12-10T00:28:58.925+0000] {processor.py:186} INFO - Started process (PID=17034) to work on /opt/airflow/dags/tasks/merge_all_xml.py
[2024-12-10T00:28:58.926+0000] {processor.py:914} INFO - Processing file /opt/airflow/dags/tasks/merge_all_xml.py for tasks to queue
[2024-12-10T00:28:58.927+0000] {logging_mixin.py:190} INFO - [2024-12-10T00:28:58.927+0000] {dagbag.py:588} INFO - Filling up the DagBag from /opt/airflow/dags/tasks/merge_all_xml.py
[2024-12-10T00:28:58.934+0000] {processor.py:927} WARNING - No viable dags retrieved from /opt/airflow/dags/tasks/merge_all_xml.py
[2024-12-10T00:28:58.940+0000] {processor.py:208} INFO - Processing /opt/airflow/dags/tasks/merge_all_xml.py took 0.019 seconds
[2024-12-10T00:29:29.803+0000] {processor.py:186} INFO - Started process (PID=17049) to work on /opt/airflow/dags/tasks/merge_all_xml.py
[2024-12-10T00:29:29.803+0000] {processor.py:914} INFO - Processing file /opt/airflow/dags/tasks/merge_all_xml.py for tasks to queue
[2024-12-10T00:29:29.805+0000] {logging_mixin.py:190} INFO - [2024-12-10T00:29:29.804+0000] {dagbag.py:588} INFO - Filling up the DagBag from /opt/airflow/dags/tasks/merge_all_xml.py
[2024-12-10T00:29:29.812+0000] {processor.py:927} WARNING - No viable dags retrieved from /opt/airflow/dags/tasks/merge_all_xml.py
[2024-12-10T00:29:29.819+0000] {processor.py:208} INFO - Processing /opt/airflow/dags/tasks/merge_all_xml.py took 0.020 seconds
