[2024-12-06T16:43:02.235+0000] {local_task_job_runner.py:123} INFO - ::group::Pre task execution logs
[2024-12-06T16:43:02.245+0000] {taskinstance.py:2613} INFO - Dependencies all met for dep_context=non-requeueable deps ti=<TaskInstance: a3media_schedule_scraper.scrape_a3media_schedule scheduled__2024-12-05T16:41:00+00:00 [queued]>
[2024-12-06T16:43:02.249+0000] {taskinstance.py:2613} INFO - Dependencies all met for dep_context=requeueable deps ti=<TaskInstance: a3media_schedule_scraper.scrape_a3media_schedule scheduled__2024-12-05T16:41:00+00:00 [queued]>
[2024-12-06T16:43:02.250+0000] {taskinstance.py:2866} INFO - Starting attempt 1 of 5
[2024-12-06T16:43:02.256+0000] {taskinstance.py:2889} INFO - Executing <Task(PythonOperator): scrape_a3media_schedule> on 2024-12-05 16:41:00+00:00
[2024-12-06T16:43:02.260+0000] {warnings.py:112} WARNING - /home/***/.local/lib/python3.12/site-packages/***/task/task_runner/standard_task_runner.py:70: DeprecationWarning: This process (pid=186) is multi-threaded, use of fork() may lead to deadlocks in the child.
  pid = os.fork()

[2024-12-06T16:43:02.260+0000] {standard_task_runner.py:72} INFO - Started process 187 to run task
[2024-12-06T16:43:02.261+0000] {standard_task_runner.py:104} INFO - Running: ['***', 'tasks', 'run', 'a3media_schedule_scraper', 'scrape_a3media_schedule', 'scheduled__2024-12-05T16:41:00+00:00', '--job-id', '1948', '--raw', '--subdir', 'DAGS_FOLDER/dag_atresmedia.py', '--cfg-path', '/tmp/tmpf4fuyhnm']
[2024-12-06T16:43:02.262+0000] {standard_task_runner.py:105} INFO - Job 1948: Subtask scrape_a3media_schedule
[2024-12-06T16:43:02.287+0000] {task_command.py:467} INFO - Running <TaskInstance: a3media_schedule_scraper.scrape_a3media_schedule scheduled__2024-12-05T16:41:00+00:00 [running]> on host b605548c7b8b
[2024-12-06T16:43:02.325+0000] {taskinstance.py:3132} INFO - Exporting env vars: AIRFLOW_CTX_DAG_OWNER='***' AIRFLOW_CTX_DAG_ID='a3media_schedule_scraper' AIRFLOW_CTX_TASK_ID='scrape_a3media_schedule' AIRFLOW_CTX_EXECUTION_DATE='2024-12-05T16:41:00+00:00' AIRFLOW_CTX_TRY_NUMBER='1' AIRFLOW_CTX_DAG_RUN_ID='scheduled__2024-12-05T16:41:00+00:00'
[2024-12-06T16:43:02.326+0000] {taskinstance.py:731} INFO - ::endgroup::
[2024-12-06T16:43:02.556+0000] {logging_mixin.py:190} INFO - Escrito el xmltv del canal "Antena 3"
[2024-12-06T16:43:04.410+0000] {logging_mixin.py:190} INFO - Archivo actualizado correctamente.
[2024-12-06T16:43:04.552+0000] {logging_mixin.py:190} INFO - Escrito el xmltv del canal "laSexta"
[2024-12-06T16:43:06.474+0000] {logging_mixin.py:190} INFO - Archivo actualizado correctamente.
[2024-12-06T16:43:06.601+0000] {logging_mixin.py:190} INFO - Escrito el xmltv del canal "Neox"
[2024-12-06T16:43:08.580+0000] {logging_mixin.py:190} INFO - Archivo actualizado correctamente.
[2024-12-06T16:43:08.710+0000] {logging_mixin.py:190} INFO - Escrito el xmltv del canal "Nova"
[2024-12-06T16:43:10.645+0000] {logging_mixin.py:190} INFO - Archivo actualizado correctamente.
[2024-12-06T16:43:10.785+0000] {logging_mixin.py:190} INFO - Escrito el xmltv del canal "Mega"
[2024-12-06T16:43:12.596+0000] {logging_mixin.py:190} INFO - Archivo actualizado correctamente.
[2024-12-06T16:43:12.722+0000] {logging_mixin.py:190} INFO - Escrito el xmltv del canal "Atreseries"
[2024-12-06T16:43:14.575+0000] {logging_mixin.py:190} INFO - Archivo actualizado correctamente.
[2024-12-06T16:43:14.576+0000] {python.py:240} INFO - Done. Returned value was: None
[2024-12-06T16:43:14.586+0000] {taskinstance.py:340} INFO - ::group::Post task execution logs
[2024-12-06T16:43:14.587+0000] {taskinstance.py:352} INFO - Marking task as SUCCESS. dag_id=a3media_schedule_scraper, task_id=scrape_a3media_schedule, run_id=scheduled__2024-12-05T16:41:00+00:00, execution_date=20241205T164100, start_date=20241206T164302, end_date=20241206T164314
[2024-12-06T16:43:14.630+0000] {local_task_job_runner.py:266} INFO - Task exited with return code 0
[2024-12-06T16:43:14.643+0000] {taskinstance.py:3895} INFO - 1 downstream tasks scheduled from follow-on schedule check
[2024-12-06T16:43:14.644+0000] {local_task_job_runner.py:245} INFO - ::endgroup::
