[2024-12-05T23:23:02.253+0000] {local_task_job_runner.py:123} INFO - ::group::Pre task execution logs
[2024-12-05T23:23:02.262+0000] {taskinstance.py:2613} INFO - Dependencies all met for dep_context=non-requeueable deps ti=<TaskInstance: telemadrid_schedule_scraper.scrape_telemadrid_schedule manual__2024-12-05T23:23:01.194939+00:00 [queued]>
[2024-12-05T23:23:02.267+0000] {taskinstance.py:2613} INFO - Dependencies all met for dep_context=requeueable deps ti=<TaskInstance: telemadrid_schedule_scraper.scrape_telemadrid_schedule manual__2024-12-05T23:23:01.194939+00:00 [queued]>
[2024-12-05T23:23:02.267+0000] {taskinstance.py:2866} INFO - Starting attempt 1 of 2
[2024-12-05T23:23:02.274+0000] {taskinstance.py:2889} INFO - Executing <Task(PythonOperator): scrape_telemadrid_schedule> on 2024-12-05 23:23:01.194939+00:00
[2024-12-05T23:23:02.278+0000] {warnings.py:112} WARNING - /home/***/.local/lib/python3.12/site-packages/***/task/task_runner/standard_task_runner.py:70: DeprecationWarning: This process (pid=204) is multi-threaded, use of fork() may lead to deadlocks in the child.
  pid = os.fork()

[2024-12-05T23:23:02.279+0000] {standard_task_runner.py:72} INFO - Started process 205 to run task
[2024-12-05T23:23:02.279+0000] {standard_task_runner.py:104} INFO - Running: ['***', 'tasks', 'run', 'telemadrid_schedule_scraper', 'scrape_telemadrid_schedule', 'manual__2024-12-05T23:23:01.194939+00:00', '--job-id', '606', '--raw', '--subdir', 'DAGS_FOLDER/dag_telemadrid.py', '--cfg-path', '/tmp/tmp1za_y7tb']
[2024-12-05T23:23:02.281+0000] {standard_task_runner.py:105} INFO - Job 606: Subtask scrape_telemadrid_schedule
[2024-12-05T23:23:02.304+0000] {task_command.py:467} INFO - Running <TaskInstance: telemadrid_schedule_scraper.scrape_telemadrid_schedule manual__2024-12-05T23:23:01.194939+00:00 [running]> on host d88abb179e8d
[2024-12-05T23:23:02.347+0000] {taskinstance.py:3132} INFO - Exporting env vars: AIRFLOW_CTX_DAG_OWNER='***' AIRFLOW_CTX_DAG_ID='telemadrid_schedule_scraper' AIRFLOW_CTX_TASK_ID='scrape_telemadrid_schedule' AIRFLOW_CTX_EXECUTION_DATE='2024-12-05T23:23:01.194939+00:00' AIRFLOW_CTX_TRY_NUMBER='1' AIRFLOW_CTX_DAG_RUN_ID='manual__2024-12-05T23:23:01.194939+00:00'
[2024-12-05T23:23:02.348+0000] {taskinstance.py:731} INFO - ::endgroup::
[2024-12-05T23:23:02.603+0000] {logging_mixin.py:190} INFO - 20241203064200 +0100
[2024-12-05T23:23:02.604+0000] {logging_mixin.py:190} INFO - 20241203065100 +0100
[2024-12-05T23:23:02.604+0000] {logging_mixin.py:190} INFO - 20241203065100 +0100
[2024-12-05T23:23:02.604+0000] {logging_mixin.py:190} INFO - 20241203070000 +0100
[2024-12-05T23:23:02.605+0000] {logging_mixin.py:190} INFO - 20241203070000 +0100
[2024-12-05T23:23:02.605+0000] {logging_mixin.py:190} INFO - 20241203112000 +0100
[2024-12-05T23:23:02.605+0000] {logging_mixin.py:190} INFO - 20241203112000 +0100
[2024-12-05T23:23:02.605+0000] {logging_mixin.py:190} INFO - 20241203140000 +0100
[2024-12-05T23:23:02.606+0000] {logging_mixin.py:190} INFO - 20241203140000 +0100
[2024-12-05T23:23:02.606+0000] {logging_mixin.py:190} INFO - 20241203145500 +0100
[2024-12-05T23:23:02.606+0000] {logging_mixin.py:190} INFO - 20241203145500 +0100
[2024-12-05T23:23:02.606+0000] {logging_mixin.py:190} INFO - 20241203152100 +0100
[2024-12-05T23:23:02.607+0000] {logging_mixin.py:190} INFO - 20241203152100 +0100
[2024-12-05T23:23:02.607+0000] {logging_mixin.py:190} INFO - 20241203152900 +0100
[2024-12-05T23:23:02.607+0000] {logging_mixin.py:190} INFO - 20241203152900 +0100
[2024-12-05T23:23:02.607+0000] {logging_mixin.py:190} INFO - 20241203175800 +0100
[2024-12-05T23:23:02.608+0000] {logging_mixin.py:190} INFO - 20241203175800 +0100
[2024-12-05T23:23:02.608+0000] {logging_mixin.py:190} INFO - 20241203192800 +0100
[2024-12-05T23:23:02.608+0000] {logging_mixin.py:190} INFO - 20241203192800 +0100
[2024-12-05T23:23:02.609+0000] {logging_mixin.py:190} INFO - 20241203203000 +0100
[2024-12-05T23:23:02.609+0000] {logging_mixin.py:190} INFO - 20241203203000 +0100
[2024-12-05T23:23:02.609+0000] {logging_mixin.py:190} INFO - 20241203211600 +0100
[2024-12-05T23:23:02.609+0000] {logging_mixin.py:190} INFO - 20241203211600 +0100
[2024-12-05T23:23:02.609+0000] {logging_mixin.py:190} INFO - 20241203213000 +0100
[2024-12-05T23:23:02.610+0000] {logging_mixin.py:190} INFO - 20241203213000 +0100
[2024-12-05T23:23:02.610+0000] {logging_mixin.py:190} INFO - 20241203213700 +0100
[2024-12-05T23:23:02.610+0000] {logging_mixin.py:190} INFO - 20241203213700 +0100
[2024-12-05T23:23:02.610+0000] {logging_mixin.py:190} INFO - 20241203225100 +0100
[2024-12-05T23:23:02.610+0000] {logging_mixin.py:190} INFO - 20241203225100 +0100
[2024-12-05T23:23:02.611+0000] {logging_mixin.py:190} INFO - 20241204004800 +0100
[2024-12-05T23:23:02.611+0000] {logging_mixin.py:190} INFO - 20241204004800 +0100
[2024-12-05T23:23:02.611+0000] {logging_mixin.py:190} INFO - 20241204024200 +0100
[2024-12-05T23:23:02.611+0000] {logging_mixin.py:190} INFO - 20241204024200 +0100
[2024-12-05T23:23:02.611+0000] {logging_mixin.py:190} INFO - 20241204033700 +0100
[2024-12-05T23:23:02.612+0000] {logging_mixin.py:190} INFO - 20241204033700 +0100
[2024-12-05T23:23:02.612+0000] {logging_mixin.py:190} INFO - 20241204043300 +0100
[2024-12-05T23:23:02.612+0000] {logging_mixin.py:190} INFO - 20241204043300 +0100
[2024-12-05T23:23:02.612+0000] {logging_mixin.py:190} INFO - 20241204050400 +0100
[2024-12-05T23:23:02.613+0000] {logging_mixin.py:190} INFO - 20241204050400 +0100
[2024-12-05T23:23:02.613+0000] {logging_mixin.py:190} INFO - 20241204060900 +0100
[2024-12-05T23:23:02.613+0000] {logging_mixin.py:190} INFO - 20241204060900 +0100
[2024-12-05T23:23:02.613+0000] {logging_mixin.py:190} INFO - 20241204063000 +0100
[2024-12-05T23:23:02.614+0000] {logging_mixin.py:190} INFO - 20241204064000 +0100
[2024-12-05T23:23:02.615+0000] {logging_mixin.py:190} INFO - 20241204064900 +0100
[2024-12-05T23:23:02.615+0000] {logging_mixin.py:190} INFO - 20241204064900 +0100
[2024-12-05T23:23:02.615+0000] {logging_mixin.py:190} INFO - 20241204070000 +0100
[2024-12-05T23:23:02.616+0000] {logging_mixin.py:190} INFO - 20241204070000 +0100
[2024-12-05T23:23:02.616+0000] {logging_mixin.py:190} INFO - 20241204112000 +0100
[2024-12-05T23:23:02.616+0000] {logging_mixin.py:190} INFO - 20241204112000 +0100
[2024-12-05T23:23:02.617+0000] {logging_mixin.py:190} INFO - 20241204140000 +0100
[2024-12-05T23:23:02.617+0000] {logging_mixin.py:190} INFO - 20241204140000 +0100
[2024-12-05T23:23:02.617+0000] {logging_mixin.py:190} INFO - 20241204145500 +0100
[2024-12-05T23:23:02.617+0000] {logging_mixin.py:190} INFO - 20241204145500 +0100
[2024-12-05T23:23:02.618+0000] {logging_mixin.py:190} INFO - 20241204152200 +0100
[2024-12-05T23:23:02.618+0000] {logging_mixin.py:190} INFO - 20241204152200 +0100
[2024-12-05T23:23:02.618+0000] {logging_mixin.py:190} INFO - 20241204153000 +0100
[2024-12-05T23:23:02.618+0000] {logging_mixin.py:190} INFO - 20241204153000 +0100
[2024-12-05T23:23:02.618+0000] {logging_mixin.py:190} INFO - 20241204174000 +0100
[2024-12-05T23:23:02.619+0000] {logging_mixin.py:190} INFO - 20241204174000 +0100
[2024-12-05T23:23:02.619+0000] {logging_mixin.py:190} INFO - 20241204192600 +0100
[2024-12-05T23:23:02.619+0000] {logging_mixin.py:190} INFO - 20241204192600 +0100
[2024-12-05T23:23:02.619+0000] {logging_mixin.py:190} INFO - 20241204203000 +0100
[2024-12-05T23:23:02.619+0000] {logging_mixin.py:190} INFO - 20241204203000 +0100
[2024-12-05T23:23:02.620+0000] {logging_mixin.py:190} INFO - 20241204211600 +0100
[2024-12-05T23:23:02.620+0000] {logging_mixin.py:190} INFO - 20241204211600 +0100
[2024-12-05T23:23:02.620+0000] {logging_mixin.py:190} INFO - 20241204212900 +0100
[2024-12-05T23:23:02.620+0000] {logging_mixin.py:190} INFO - 20241204212900 +0100
[2024-12-05T23:23:02.620+0000] {logging_mixin.py:190} INFO - 20241204213700 +0100
[2024-12-05T23:23:02.621+0000] {logging_mixin.py:190} INFO - 20241204213700 +0100
[2024-12-05T23:23:02.621+0000] {logging_mixin.py:190} INFO - 20241204225000 +0100
[2024-12-05T23:23:02.621+0000] {logging_mixin.py:190} INFO - 20241204225000 +0100
[2024-12-05T23:23:02.621+0000] {logging_mixin.py:190} INFO - 20241205004500 +0100
[2024-12-05T23:23:02.622+0000] {logging_mixin.py:190} INFO - 20241205004500 +0100
[2024-12-05T23:23:02.622+0000] {logging_mixin.py:190} INFO - 20241205024100 +0100
[2024-12-05T23:23:02.622+0000] {logging_mixin.py:190} INFO - 20241205024100 +0100
[2024-12-05T23:23:02.622+0000] {logging_mixin.py:190} INFO - 20241205034100 +0100
[2024-12-05T23:23:02.623+0000] {logging_mixin.py:190} INFO - 20241205034100 +0100
[2024-12-05T23:23:02.623+0000] {logging_mixin.py:190} INFO - 20241205043900 +0100
[2024-12-05T23:23:02.623+0000] {logging_mixin.py:190} INFO - 20241205043900 +0100
[2024-12-05T23:23:02.623+0000] {logging_mixin.py:190} INFO - 20241205044900 +0100
[2024-12-05T23:23:02.623+0000] {logging_mixin.py:190} INFO - 20241205044900 +0100
[2024-12-05T23:23:02.624+0000] {logging_mixin.py:190} INFO - 20241205060000 +0100
[2024-12-05T23:23:02.624+0000] {logging_mixin.py:190} INFO - 20241205060000 +0100
[2024-12-05T23:23:02.624+0000] {logging_mixin.py:190} INFO - 20241205063000 +0100
[2024-12-05T23:23:02.625+0000] {logging_mixin.py:190} INFO - 20241205064000 +0100
[2024-12-05T23:23:02.625+0000] {logging_mixin.py:190} INFO - 20241205064900 +0100
[2024-12-05T23:23:02.625+0000] {logging_mixin.py:190} INFO - 20241205064900 +0100
[2024-12-05T23:23:02.626+0000] {logging_mixin.py:190} INFO - 20241205070000 +0100
[2024-12-05T23:23:02.626+0000] {logging_mixin.py:190} INFO - 20241205070000 +0100
[2024-12-05T23:23:02.626+0000] {logging_mixin.py:190} INFO - 20241205112000 +0100
[2024-12-05T23:23:02.626+0000] {logging_mixin.py:190} INFO - 20241205112000 +0100
[2024-12-05T23:23:02.626+0000] {logging_mixin.py:190} INFO - 20241205140000 +0100
[2024-12-05T23:23:02.627+0000] {logging_mixin.py:190} INFO - 20241205140000 +0100
[2024-12-05T23:23:02.627+0000] {logging_mixin.py:190} INFO - 20241205145500 +0100
[2024-12-05T23:23:02.627+0000] {logging_mixin.py:190} INFO - 20241205145500 +0100
[2024-12-05T23:23:02.627+0000] {logging_mixin.py:190} INFO - 20241205152100 +0100
[2024-12-05T23:23:02.627+0000] {logging_mixin.py:190} INFO - 20241205152100 +0100
[2024-12-05T23:23:02.628+0000] {logging_mixin.py:190} INFO - 20241205152900 +0100
[2024-12-05T23:23:02.628+0000] {logging_mixin.py:190} INFO - 20241205152900 +0100
[2024-12-05T23:23:02.628+0000] {logging_mixin.py:190} INFO - 20241205171100 +0100
[2024-12-05T23:23:02.628+0000] {logging_mixin.py:190} INFO - 20241205171100 +0100
[2024-12-05T23:23:02.629+0000] {logging_mixin.py:190} INFO - 20241205190600 +0100
[2024-12-05T23:23:02.629+0000] {logging_mixin.py:190} INFO - 20241205190600 +0100
[2024-12-05T23:23:02.629+0000] {logging_mixin.py:190} INFO - 20241205203000 +0100
[2024-12-05T23:23:02.629+0000] {logging_mixin.py:190} INFO - 20241205203000 +0100
[2024-12-05T23:23:02.629+0000] {logging_mixin.py:190} INFO - 20241205211600 +0100
[2024-12-05T23:23:02.630+0000] {logging_mixin.py:190} INFO - 20241205211600 +0100
[2024-12-05T23:23:02.630+0000] {logging_mixin.py:190} INFO - 20241205213000 +0100
[2024-12-05T23:23:02.630+0000] {logging_mixin.py:190} INFO - 20241205213000 +0100
[2024-12-05T23:23:02.630+0000] {logging_mixin.py:190} INFO - 20241205213700 +0100
[2024-12-05T23:23:02.631+0000] {logging_mixin.py:190} INFO - 20241205213700 +0100
[2024-12-05T23:23:02.631+0000] {logging_mixin.py:190} INFO - 20241205223100 +0100
[2024-12-05T23:23:02.631+0000] {logging_mixin.py:190} INFO - 20241205223100 +0100
[2024-12-05T23:23:02.631+0000] {logging_mixin.py:190} INFO - 20241205235100 +0100
[2024-12-05T23:23:02.632+0000] {logging_mixin.py:190} INFO - 20241205235100 +0100
[2024-12-05T23:23:02.632+0000] {logging_mixin.py:190} INFO - 20241205235200 +0100
[2024-12-05T23:23:02.632+0000] {logging_mixin.py:190} INFO - 20241205235200 +0100
[2024-12-05T23:23:02.632+0000] {logging_mixin.py:190} INFO - 20241206002500 +0100
[2024-12-05T23:23:02.633+0000] {logging_mixin.py:190} INFO - 20241206002500 +0100
[2024-12-05T23:23:02.633+0000] {logging_mixin.py:190} INFO - 20241206023100 +0100
[2024-12-05T23:23:02.633+0000] {logging_mixin.py:190} INFO - 20241206023100 +0100
[2024-12-05T23:23:02.633+0000] {logging_mixin.py:190} INFO - 20241206032800 +0100
[2024-12-05T23:23:02.633+0000] {logging_mixin.py:190} INFO - 20241206032800 +0100
[2024-12-05T23:23:02.634+0000] {logging_mixin.py:190} INFO - 20241206042600 +0100
[2024-12-05T23:23:02.634+0000] {logging_mixin.py:190} INFO - 20241206042600 +0100
[2024-12-05T23:23:02.634+0000] {logging_mixin.py:190} INFO - 20241206043600 +0100
[2024-12-05T23:23:02.634+0000] {logging_mixin.py:190} INFO - 20241206043600 +0100
[2024-12-05T23:23:02.634+0000] {logging_mixin.py:190} INFO - 20241206053600 +0100
[2024-12-05T23:23:02.635+0000] {logging_mixin.py:190} INFO - 20241206053600 +0100
[2024-12-05T23:23:02.635+0000] {logging_mixin.py:190} INFO - 20241206061600 +0100
[2024-12-05T23:23:02.635+0000] {logging_mixin.py:190} INFO - 20241206061600 +0100
[2024-12-05T23:23:02.635+0000] {logging_mixin.py:190} INFO - 20241206062300 +0100
[2024-12-05T23:23:02.635+0000] {logging_mixin.py:190} INFO - 20241206062300 +0100
[2024-12-05T23:23:02.636+0000] {logging_mixin.py:190} INFO - 20241206063000 +0100
[2024-12-05T23:23:02.636+0000] {logging_mixin.py:190} INFO - 20241206063000 +0100
[2024-12-05T23:23:02.636+0000] {logging_mixin.py:190} INFO - 20241206072100 +0100
[2024-12-05T23:23:02.637+0000] {logging_mixin.py:190} INFO - 20241206072100 +0100
[2024-12-05T23:23:02.637+0000] {logging_mixin.py:190} INFO - 20241206083000 +0100
[2024-12-05T23:23:02.637+0000] {logging_mixin.py:190} INFO - 20241206083000 +0100
[2024-12-05T23:23:02.637+0000] {logging_mixin.py:190} INFO - 20241206112000 +0100
[2024-12-05T23:23:02.638+0000] {logging_mixin.py:190} INFO - 20241206112000 +0100
[2024-12-05T23:23:02.638+0000] {logging_mixin.py:190} INFO - 20241206140000 +0100
[2024-12-05T23:23:02.638+0000] {logging_mixin.py:190} INFO - 20241206140000 +0100
[2024-12-05T23:23:02.638+0000] {logging_mixin.py:190} INFO - 20241206145500 +0100
[2024-12-05T23:23:02.638+0000] {logging_mixin.py:190} INFO - 20241206145500 +0100
[2024-12-05T23:23:02.638+0000] {logging_mixin.py:190} INFO - 20241206152100 +0100
[2024-12-05T23:23:02.639+0000] {logging_mixin.py:190} INFO - 20241206152100 +0100
[2024-12-05T23:23:02.639+0000] {logging_mixin.py:190} INFO - 20241206152900 +0100
[2024-12-05T23:23:02.639+0000] {logging_mixin.py:190} INFO - 20241206152900 +0100
[2024-12-05T23:23:02.639+0000] {logging_mixin.py:190} INFO - 20241206172700 +0100
[2024-12-05T23:23:02.639+0000] {logging_mixin.py:190} INFO - 20241206172700 +0100
[2024-12-05T23:23:02.640+0000] {logging_mixin.py:190} INFO - 20241206191800 +0100
[2024-12-05T23:23:02.640+0000] {logging_mixin.py:190} INFO - 20241206191800 +0100
[2024-12-05T23:23:02.640+0000] {logging_mixin.py:190} INFO - 20241206203000 +0100
[2024-12-05T23:23:02.640+0000] {logging_mixin.py:190} INFO - 20241206203000 +0100
[2024-12-05T23:23:02.640+0000] {logging_mixin.py:190} INFO - 20241206211600 +0100
[2024-12-05T23:23:02.641+0000] {logging_mixin.py:190} INFO - 20241206211600 +0100
[2024-12-05T23:23:02.641+0000] {logging_mixin.py:190} INFO - 20241206212900 +0100
[2024-12-05T23:23:02.641+0000] {logging_mixin.py:190} INFO - 20241206212900 +0100
[2024-12-05T23:23:02.641+0000] {logging_mixin.py:190} INFO - 20241206213600 +0100
[2024-12-05T23:23:02.641+0000] {logging_mixin.py:190} INFO - 20241206213600 +0100
[2024-12-05T23:23:02.642+0000] {logging_mixin.py:190} INFO - 20241206222900 +0100
[2024-12-05T23:23:02.642+0000] {logging_mixin.py:190} INFO - 20241206222900 +0100
[2024-12-05T23:23:02.642+0000] {logging_mixin.py:190} INFO - 20241207001000 +0100
[2024-12-05T23:23:02.642+0000] {logging_mixin.py:190} INFO - 20241207001000 +0100
[2024-12-05T23:23:02.642+0000] {logging_mixin.py:190} INFO - 20241207021100 +0100
[2024-12-05T23:23:02.643+0000] {logging_mixin.py:190} INFO - 20241207021100 +0100
[2024-12-05T23:23:02.643+0000] {logging_mixin.py:190} INFO - 20241207030600 +0100
[2024-12-05T23:23:02.643+0000] {logging_mixin.py:190} INFO - 20241207030600 +0100
[2024-12-05T23:23:02.643+0000] {logging_mixin.py:190} INFO - 20241207040300 +0100
[2024-12-05T23:23:02.643+0000] {logging_mixin.py:190} INFO - 20241207040300 +0100
[2024-12-05T23:23:02.644+0000] {logging_mixin.py:190} INFO - 20241207043400 +0100
[2024-12-05T23:23:02.644+0000] {logging_mixin.py:190} INFO - 20241207043400 +0100
[2024-12-05T23:23:02.644+0000] {logging_mixin.py:190} INFO - 20241207053900 +0100
[2024-12-05T23:23:02.644+0000] {logging_mixin.py:190} INFO - 20241207053900 +0100
[2024-12-05T23:23:02.644+0000] {logging_mixin.py:190} INFO - 20241207061900 +0100
[2024-12-05T23:23:02.645+0000] {logging_mixin.py:190} INFO - 20241207061900 +0100
[2024-12-05T23:23:02.645+0000] {logging_mixin.py:190} INFO - 20241207062400 +0100
[2024-12-05T23:23:02.645+0000] {logging_mixin.py:190} INFO - 20241207062400 +0100
[2024-12-05T23:23:02.645+0000] {logging_mixin.py:190} INFO - 20241207063000 +0100
[2024-12-05T23:23:02.646+0000] {logging_mixin.py:190} INFO - 20241207063000 +0100
[2024-12-05T23:23:02.646+0000] {logging_mixin.py:190} INFO - 20241207064400 +0100
[2024-12-05T23:23:02.646+0000] {logging_mixin.py:190} INFO - 20241207064400 +0100
[2024-12-05T23:23:02.646+0000] {logging_mixin.py:190} INFO - 20241207075200 +0100
[2024-12-05T23:23:02.647+0000] {logging_mixin.py:190} INFO - 20241207075200 +0100
[2024-12-05T23:23:02.647+0000] {logging_mixin.py:190} INFO - 20241207092300 +0100
[2024-12-05T23:23:02.647+0000] {logging_mixin.py:190} INFO - 20241207092300 +0100
[2024-12-05T23:23:02.648+0000] {logging_mixin.py:190} INFO - 20241207095100 +0100
[2024-12-05T23:23:02.648+0000] {logging_mixin.py:190} INFO - 20241207095100 +0100
[2024-12-05T23:23:02.648+0000] {logging_mixin.py:190} INFO - 20241207114200 +0100
[2024-12-05T23:23:02.648+0000] {logging_mixin.py:190} INFO - 20241207114200 +0100
[2024-12-05T23:23:02.649+0000] {logging_mixin.py:190} INFO - 20241207120800 +0100
[2024-12-05T23:23:02.649+0000] {logging_mixin.py:190} INFO - 20241207120800 +0100
[2024-12-05T23:23:02.649+0000] {logging_mixin.py:190} INFO - 20241207123400 +0100
[2024-12-05T23:23:02.649+0000] {logging_mixin.py:190} INFO - 20241207123400 +0100
[2024-12-05T23:23:02.650+0000] {logging_mixin.py:190} INFO - 20241207140000 +0100
[2024-12-05T23:23:02.650+0000] {logging_mixin.py:190} INFO - 20241207140000 +0100
[2024-12-05T23:23:02.650+0000] {logging_mixin.py:190} INFO - 20241207150700 +0100
[2024-12-05T23:23:02.650+0000] {logging_mixin.py:190} INFO - 20241207150700 +0100
[2024-12-05T23:23:02.651+0000] {logging_mixin.py:190} INFO - 20241207152900 +0100
[2024-12-05T23:23:02.651+0000] {logging_mixin.py:190} INFO - 20241207152900 +0100
[2024-12-05T23:23:02.651+0000] {logging_mixin.py:190} INFO - 20241207154000 +0100
[2024-12-05T23:23:02.651+0000] {logging_mixin.py:190} INFO - 20241207154000 +0100
[2024-12-05T23:23:02.651+0000] {logging_mixin.py:190} INFO - 20241207175200 +0100
[2024-12-05T23:23:02.652+0000] {logging_mixin.py:190} INFO - 20241207175200 +0100
[2024-12-05T23:23:02.652+0000] {logging_mixin.py:190} INFO - 20241207192900 +0100
[2024-12-05T23:23:02.652+0000] {logging_mixin.py:190} INFO - 20241207192900 +0100
[2024-12-05T23:23:02.652+0000] {logging_mixin.py:190} INFO - 20241207203000 +0100
[2024-12-05T23:23:02.653+0000] {logging_mixin.py:190} INFO - 20241207203000 +0100
[2024-12-05T23:23:02.653+0000] {logging_mixin.py:190} INFO - 20241207210000 +0100
[2024-12-05T23:23:02.653+0000] {logging_mixin.py:190} INFO - 20241207210000 +0100
[2024-12-05T23:23:02.653+0000] {logging_mixin.py:190} INFO - 20241207211200 +0100
[2024-12-05T23:23:02.653+0000] {logging_mixin.py:190} INFO - 20241207211200 +0100
[2024-12-05T23:23:02.654+0000] {logging_mixin.py:190} INFO - 20241207211700 +0100
[2024-12-05T23:23:02.654+0000] {logging_mixin.py:190} INFO - 20241207211700 +0100
[2024-12-05T23:23:02.654+0000] {logging_mixin.py:190} INFO - 20241207221200 +0100
[2024-12-05T23:23:02.654+0000] {logging_mixin.py:190} INFO - 20241207221200 +0100
[2024-12-05T23:23:02.654+0000] {logging_mixin.py:190} INFO - 20241207222000 +0100
[2024-12-05T23:23:02.655+0000] {logging_mixin.py:190} INFO - 20241207222000 +0100
[2024-12-05T23:23:02.655+0000] {logging_mixin.py:190} INFO - 20241208002600 +0100
[2024-12-05T23:23:02.655+0000] {logging_mixin.py:190} INFO - 20241208002600 +0100
[2024-12-05T23:23:02.655+0000] {logging_mixin.py:190} INFO - 20241208014300 +0100
[2024-12-05T23:23:02.655+0000] {logging_mixin.py:190} INFO - 20241208014300 +0100
[2024-12-05T23:23:02.656+0000] {logging_mixin.py:190} INFO - 20241208033400 +0100
[2024-12-05T23:23:02.656+0000] {logging_mixin.py:190} INFO - 20241208033400 +0100
[2024-12-05T23:23:02.656+0000] {logging_mixin.py:190} INFO - 20241208044000 +0100
[2024-12-05T23:23:02.656+0000] {logging_mixin.py:190} INFO - 20241208044000 +0100
[2024-12-05T23:23:02.657+0000] {logging_mixin.py:190} INFO - 20241208051300 +0100
[2024-12-05T23:23:02.657+0000] {logging_mixin.py:190} INFO - 20241208051300 +0100
[2024-12-05T23:23:02.657+0000] {logging_mixin.py:190} INFO - 20241208053800 +0100
[2024-12-05T23:23:02.657+0000] {logging_mixin.py:190} INFO - 20241208053800 +0100
[2024-12-05T23:23:02.658+0000] {logging_mixin.py:190} INFO - 20241208060800 +0100
[2024-12-05T23:23:02.658+0000] {logging_mixin.py:190} INFO - 20241208060800 +0100
[2024-12-05T23:23:02.658+0000] {logging_mixin.py:190} INFO - 20241208061800 +0100
[2024-12-05T23:23:02.658+0000] {logging_mixin.py:190} INFO - 20241208061800 +0100
[2024-12-05T23:23:02.659+0000] {logging_mixin.py:190} INFO - 20241208063000 +0100
[2024-12-05T23:23:02.659+0000] {logging_mixin.py:190} INFO - 20241208063000 +0100
[2024-12-05T23:23:02.660+0000] {logging_mixin.py:190} INFO - 20241208072900 +0100
[2024-12-05T23:23:02.660+0000] {logging_mixin.py:190} INFO - 20241208072900 +0100
[2024-12-05T23:23:02.660+0000] {logging_mixin.py:190} INFO - 20241208090000 +0100
[2024-12-05T23:23:02.661+0000] {logging_mixin.py:190} INFO - 20241208090000 +0100
[2024-12-05T23:23:02.661+0000] {logging_mixin.py:190} INFO - 20241208100000 +0100
[2024-12-05T23:23:02.661+0000] {logging_mixin.py:190} INFO - 20241208100000 +0100
[2024-12-05T23:23:02.661+0000] {logging_mixin.py:190} INFO - 20241208104000 +0100
[2024-12-05T23:23:02.662+0000] {logging_mixin.py:190} INFO - 20241208104000 +0100
[2024-12-05T23:23:02.662+0000] {logging_mixin.py:190} INFO - 20241208104300 +0100
[2024-12-05T23:23:02.662+0000] {logging_mixin.py:190} INFO - 20241208104300 +0100
[2024-12-05T23:23:02.662+0000] {logging_mixin.py:190} INFO - 20241208114200 +0100
[2024-12-05T23:23:02.662+0000] {logging_mixin.py:190} INFO - 20241208114200 +0100
[2024-12-05T23:23:02.663+0000] {logging_mixin.py:190} INFO - 20241208120800 +0100
[2024-12-05T23:23:02.663+0000] {logging_mixin.py:190} INFO - 20241208120800 +0100
[2024-12-05T23:23:02.663+0000] {logging_mixin.py:190} INFO - 20241208123500 +0100
[2024-12-05T23:23:02.664+0000] {logging_mixin.py:190} INFO - 20241208123500 +0100
[2024-12-05T23:23:02.664+0000] {logging_mixin.py:190} INFO - 20241208140000 +0100
[2024-12-05T23:23:02.664+0000] {logging_mixin.py:190} INFO - 20241208140000 +0100
[2024-12-05T23:23:02.664+0000] {logging_mixin.py:190} INFO - 20241208150700 +0100
[2024-12-05T23:23:02.665+0000] {logging_mixin.py:190} INFO - 20241208150700 +0100
[2024-12-05T23:23:02.665+0000] {logging_mixin.py:190} INFO - 20241208152900 +0100
[2024-12-05T23:23:02.665+0000] {logging_mixin.py:190} INFO - 20241208152900 +0100
[2024-12-05T23:23:02.665+0000] {logging_mixin.py:190} INFO - 20241208154100 +0100
[2024-12-05T23:23:02.666+0000] {logging_mixin.py:190} INFO - 20241208154100 +0100
[2024-12-05T23:23:02.666+0000] {logging_mixin.py:190} INFO - 20241208173400 +0100
[2024-12-05T23:23:02.666+0000] {logging_mixin.py:190} INFO - 20241208173400 +0100
[2024-12-05T23:23:02.666+0000] {logging_mixin.py:190} INFO - 20241208192900 +0100
[2024-12-05T23:23:02.667+0000] {logging_mixin.py:190} INFO - 20241208192900 +0100
[2024-12-05T23:23:02.667+0000] {logging_mixin.py:190} INFO - 20241208203000 +0100
[2024-12-05T23:23:02.667+0000] {logging_mixin.py:190} INFO - 20241208203000 +0100
[2024-12-05T23:23:02.667+0000] {logging_mixin.py:190} INFO - 20241208210000 +0100
[2024-12-05T23:23:02.668+0000] {logging_mixin.py:190} INFO - 20241208210000 +0100
[2024-12-05T23:23:02.668+0000] {logging_mixin.py:190} INFO - 20241208211200 +0100
[2024-12-05T23:23:02.668+0000] {logging_mixin.py:190} INFO - 20241208211200 +0100
[2024-12-05T23:23:02.668+0000] {logging_mixin.py:190} INFO - 20241208211800 +0100
[2024-12-05T23:23:02.668+0000] {logging_mixin.py:190} INFO - 20241208211800 +0100
[2024-12-05T23:23:02.669+0000] {logging_mixin.py:190} INFO - 20241208214800 +0100
[2024-12-05T23:23:02.669+0000] {logging_mixin.py:190} INFO - 20241208214800 +0100
[2024-12-05T23:23:02.669+0000] {logging_mixin.py:190} INFO - 20241208225300 +0100
[2024-12-05T23:23:02.669+0000] {logging_mixin.py:190} INFO - 20241208225300 +0100
[2024-12-05T23:23:02.669+0000] {logging_mixin.py:190} INFO - 20241209000100 +0100
[2024-12-05T23:23:02.670+0000] {logging_mixin.py:190} INFO - 20241209000100 +0100
[2024-12-05T23:23:02.670+0000] {logging_mixin.py:190} INFO - 20241209005500 +0100
[2024-12-05T23:23:02.670+0000] {logging_mixin.py:190} INFO - 20241209005500 +0100
[2024-12-05T23:23:02.670+0000] {logging_mixin.py:190} INFO - 20241209014600 +0100
[2024-12-05T23:23:02.671+0000] {logging_mixin.py:190} INFO - 20241209014600 +0100
[2024-12-05T23:23:02.671+0000] {logging_mixin.py:190} INFO - 20241209024900 +0100
[2024-12-05T23:23:02.671+0000] {logging_mixin.py:190} INFO - 20241209024900 +0100
[2024-12-05T23:23:02.671+0000] {logging_mixin.py:190} INFO - 20241209042700 +0100
[2024-12-05T23:23:02.671+0000] {logging_mixin.py:190} INFO - 20241209042700 +0100
[2024-12-05T23:23:02.672+0000] {logging_mixin.py:190} INFO - 20241209053700 +0100
[2024-12-05T23:23:02.672+0000] {logging_mixin.py:190} INFO - 20241209053700 +0100
[2024-12-05T23:23:02.672+0000] {logging_mixin.py:190} INFO - 20241209060900 +0100
[2024-12-05T23:23:02.672+0000] {logging_mixin.py:190} INFO - 20241209060900 +0100
[2024-12-05T23:23:02.672+0000] {logging_mixin.py:190} INFO - 20241209062400 +0100
[2024-12-05T23:23:02.673+0000] {logging_mixin.py:190} INFO - 20241209062400 +0100
[2024-12-05T23:23:02.673+0000] {logging_mixin.py:190} INFO - 20241209063000 +0100
[2024-12-05T23:23:02.676+0000] {logging_mixin.py:190} INFO - Escrito el xmltv del canal "Telemadrid"
[2024-12-05T23:23:04.763+0000] {logging_mixin.py:190} INFO - Archivo actualizado correctamente.
[2024-12-05T23:23:04.763+0000] {python.py:240} INFO - Done. Returned value was: None
[2024-12-05T23:23:04.769+0000] {taskinstance.py:340} INFO - ::group::Post task execution logs
[2024-12-05T23:23:04.770+0000] {taskinstance.py:352} INFO - Marking task as SUCCESS. dag_id=telemadrid_schedule_scraper, task_id=scrape_telemadrid_schedule, run_id=manual__2024-12-05T23:23:01.194939+00:00, execution_date=20241205T232301, start_date=20241205T232302, end_date=20241205T232304
[2024-12-05T23:23:04.818+0000] {local_task_job_runner.py:266} INFO - Task exited with return code 0
[2024-12-05T23:23:04.830+0000] {taskinstance.py:3895} INFO - 1 downstream tasks scheduled from follow-on schedule check
[2024-12-05T23:23:04.832+0000] {local_task_job_runner.py:245} INFO - ::endgroup::
