[2024-12-10T00:00:13.072+0000] {processor.py:186} INFO - Started process (PID=16180) to work on /opt/airflow/dags/dag_rtve_selenium.py
[2024-12-10T00:00:13.073+0000] {processor.py:914} INFO - Processing file /opt/airflow/dags/dag_rtve_selenium.py for tasks to queue
[2024-12-10T00:00:13.074+0000] {logging_mixin.py:190} INFO - [2024-12-10T00:00:13.074+0000] {dagbag.py:588} INFO - Filling up the DagBag from /opt/airflow/dags/dag_rtve_selenium.py
[2024-12-10T00:00:13.299+0000] {processor.py:925} INFO - DAG(s) 'rtve_schedule_scraper' retrieved from /opt/airflow/dags/dag_rtve_selenium.py
[2024-12-10T00:00:13.312+0000] {logging_mixin.py:190} INFO - [2024-12-10T00:00:13.312+0000] {dag.py:3239} INFO - Sync 1 DAGs
[2024-12-10T00:00:13.325+0000] {logging_mixin.py:190} INFO - [2024-12-10T00:00:13.324+0000] {dag.py:4180} INFO - Setting next_dagrun for rtve_schedule_scraper to 2024-12-09 23:30:00+00:00, run_after=2024-12-10 05:30:00+00:00
[2024-12-10T00:00:13.334+0000] {processor.py:208} INFO - Processing /opt/airflow/dags/dag_rtve_selenium.py took 0.264 seconds
[2024-12-10T00:00:44.205+0000] {processor.py:186} INFO - Started process (PID=16194) to work on /opt/airflow/dags/dag_rtve_selenium.py
[2024-12-10T00:00:44.206+0000] {processor.py:914} INFO - Processing file /opt/airflow/dags/dag_rtve_selenium.py for tasks to queue
[2024-12-10T00:00:44.207+0000] {logging_mixin.py:190} INFO - [2024-12-10T00:00:44.207+0000] {dagbag.py:588} INFO - Filling up the DagBag from /opt/airflow/dags/dag_rtve_selenium.py
[2024-12-10T00:00:44.424+0000] {processor.py:925} INFO - DAG(s) 'rtve_schedule_scraper' retrieved from /opt/airflow/dags/dag_rtve_selenium.py
[2024-12-10T00:00:44.436+0000] {logging_mixin.py:190} INFO - [2024-12-10T00:00:44.436+0000] {dag.py:3239} INFO - Sync 1 DAGs
[2024-12-10T00:00:44.448+0000] {logging_mixin.py:190} INFO - [2024-12-10T00:00:44.448+0000] {dag.py:4180} INFO - Setting next_dagrun for rtve_schedule_scraper to 2024-12-09 23:30:00+00:00, run_after=2024-12-10 05:30:00+00:00
[2024-12-10T00:00:44.457+0000] {processor.py:208} INFO - Processing /opt/airflow/dags/dag_rtve_selenium.py took 0.255 seconds
[2024-12-10T00:01:15.344+0000] {processor.py:186} INFO - Started process (PID=16209) to work on /opt/airflow/dags/dag_rtve_selenium.py
[2024-12-10T00:01:15.344+0000] {processor.py:914} INFO - Processing file /opt/airflow/dags/dag_rtve_selenium.py for tasks to queue
[2024-12-10T00:01:15.346+0000] {logging_mixin.py:190} INFO - [2024-12-10T00:01:15.345+0000] {dagbag.py:588} INFO - Filling up the DagBag from /opt/airflow/dags/dag_rtve_selenium.py
[2024-12-10T00:01:15.559+0000] {processor.py:925} INFO - DAG(s) 'rtve_schedule_scraper' retrieved from /opt/airflow/dags/dag_rtve_selenium.py
[2024-12-10T00:01:15.571+0000] {logging_mixin.py:190} INFO - [2024-12-10T00:01:15.571+0000] {dag.py:3239} INFO - Sync 1 DAGs
[2024-12-10T00:01:15.584+0000] {logging_mixin.py:190} INFO - [2024-12-10T00:01:15.584+0000] {dag.py:4180} INFO - Setting next_dagrun for rtve_schedule_scraper to 2024-12-09 23:30:00+00:00, run_after=2024-12-10 05:30:00+00:00
[2024-12-10T00:01:15.595+0000] {processor.py:208} INFO - Processing /opt/airflow/dags/dag_rtve_selenium.py took 0.255 seconds
[2024-12-10T00:01:45.666+0000] {processor.py:186} INFO - Started process (PID=16224) to work on /opt/airflow/dags/dag_rtve_selenium.py
[2024-12-10T00:01:45.667+0000] {processor.py:914} INFO - Processing file /opt/airflow/dags/dag_rtve_selenium.py for tasks to queue
[2024-12-10T00:01:45.668+0000] {logging_mixin.py:190} INFO - [2024-12-10T00:01:45.668+0000] {dagbag.py:588} INFO - Filling up the DagBag from /opt/airflow/dags/dag_rtve_selenium.py
[2024-12-10T00:01:45.877+0000] {processor.py:925} INFO - DAG(s) 'rtve_schedule_scraper' retrieved from /opt/airflow/dags/dag_rtve_selenium.py
[2024-12-10T00:01:45.889+0000] {logging_mixin.py:190} INFO - [2024-12-10T00:01:45.889+0000] {dag.py:3239} INFO - Sync 1 DAGs
[2024-12-10T00:01:45.902+0000] {logging_mixin.py:190} INFO - [2024-12-10T00:01:45.901+0000] {dag.py:4180} INFO - Setting next_dagrun for rtve_schedule_scraper to 2024-12-09 23:30:00+00:00, run_after=2024-12-10 05:30:00+00:00
[2024-12-10T00:01:45.914+0000] {processor.py:208} INFO - Processing /opt/airflow/dags/dag_rtve_selenium.py took 0.251 seconds
[2024-12-10T00:02:16.122+0000] {processor.py:186} INFO - Started process (PID=16239) to work on /opt/airflow/dags/dag_rtve_selenium.py
[2024-12-10T00:02:16.122+0000] {processor.py:914} INFO - Processing file /opt/airflow/dags/dag_rtve_selenium.py for tasks to queue
[2024-12-10T00:02:16.124+0000] {logging_mixin.py:190} INFO - [2024-12-10T00:02:16.123+0000] {dagbag.py:588} INFO - Filling up the DagBag from /opt/airflow/dags/dag_rtve_selenium.py
[2024-12-10T00:02:16.353+0000] {processor.py:925} INFO - DAG(s) 'rtve_schedule_scraper' retrieved from /opt/airflow/dags/dag_rtve_selenium.py
[2024-12-10T00:02:16.365+0000] {logging_mixin.py:190} INFO - [2024-12-10T00:02:16.365+0000] {dag.py:3239} INFO - Sync 1 DAGs
[2024-12-10T00:02:16.378+0000] {logging_mixin.py:190} INFO - [2024-12-10T00:02:16.377+0000] {dag.py:4180} INFO - Setting next_dagrun for rtve_schedule_scraper to 2024-12-09 23:30:00+00:00, run_after=2024-12-10 05:30:00+00:00
[2024-12-10T00:02:16.388+0000] {processor.py:208} INFO - Processing /opt/airflow/dags/dag_rtve_selenium.py took 0.270 seconds
[2024-12-10T00:02:46.529+0000] {processor.py:186} INFO - Started process (PID=16254) to work on /opt/airflow/dags/dag_rtve_selenium.py
[2024-12-10T00:02:46.529+0000] {processor.py:914} INFO - Processing file /opt/airflow/dags/dag_rtve_selenium.py for tasks to queue
[2024-12-10T00:02:46.531+0000] {logging_mixin.py:190} INFO - [2024-12-10T00:02:46.531+0000] {dagbag.py:588} INFO - Filling up the DagBag from /opt/airflow/dags/dag_rtve_selenium.py
[2024-12-10T00:02:46.746+0000] {processor.py:925} INFO - DAG(s) 'rtve_schedule_scraper' retrieved from /opt/airflow/dags/dag_rtve_selenium.py
[2024-12-10T00:02:46.758+0000] {logging_mixin.py:190} INFO - [2024-12-10T00:02:46.758+0000] {dag.py:3239} INFO - Sync 1 DAGs
[2024-12-10T00:02:46.771+0000] {logging_mixin.py:190} INFO - [2024-12-10T00:02:46.771+0000] {dag.py:4180} INFO - Setting next_dagrun for rtve_schedule_scraper to 2024-12-09 23:30:00+00:00, run_after=2024-12-10 05:30:00+00:00
[2024-12-10T00:02:46.781+0000] {processor.py:208} INFO - Processing /opt/airflow/dags/dag_rtve_selenium.py took 0.256 seconds
[2024-12-10T00:03:16.881+0000] {processor.py:186} INFO - Started process (PID=16269) to work on /opt/airflow/dags/dag_rtve_selenium.py
[2024-12-10T00:03:16.882+0000] {processor.py:914} INFO - Processing file /opt/airflow/dags/dag_rtve_selenium.py for tasks to queue
[2024-12-10T00:03:16.883+0000] {logging_mixin.py:190} INFO - [2024-12-10T00:03:16.883+0000] {dagbag.py:588} INFO - Filling up the DagBag from /opt/airflow/dags/dag_rtve_selenium.py
[2024-12-10T00:03:17.102+0000] {processor.py:925} INFO - DAG(s) 'rtve_schedule_scraper' retrieved from /opt/airflow/dags/dag_rtve_selenium.py
[2024-12-10T00:03:17.115+0000] {logging_mixin.py:190} INFO - [2024-12-10T00:03:17.115+0000] {dag.py:3239} INFO - Sync 1 DAGs
[2024-12-10T00:03:17.128+0000] {logging_mixin.py:190} INFO - [2024-12-10T00:03:17.128+0000] {dag.py:4180} INFO - Setting next_dagrun for rtve_schedule_scraper to 2024-12-09 23:30:00+00:00, run_after=2024-12-10 05:30:00+00:00
[2024-12-10T00:03:17.137+0000] {processor.py:208} INFO - Processing /opt/airflow/dags/dag_rtve_selenium.py took 0.260 seconds
[2024-12-10T00:03:47.280+0000] {processor.py:186} INFO - Started process (PID=16284) to work on /opt/airflow/dags/dag_rtve_selenium.py
[2024-12-10T00:03:47.281+0000] {processor.py:914} INFO - Processing file /opt/airflow/dags/dag_rtve_selenium.py for tasks to queue
[2024-12-10T00:03:47.282+0000] {logging_mixin.py:190} INFO - [2024-12-10T00:03:47.282+0000] {dagbag.py:588} INFO - Filling up the DagBag from /opt/airflow/dags/dag_rtve_selenium.py
[2024-12-10T00:03:47.511+0000] {processor.py:925} INFO - DAG(s) 'rtve_schedule_scraper' retrieved from /opt/airflow/dags/dag_rtve_selenium.py
[2024-12-10T00:03:47.524+0000] {logging_mixin.py:190} INFO - [2024-12-10T00:03:47.524+0000] {dag.py:3239} INFO - Sync 1 DAGs
[2024-12-10T00:03:47.536+0000] {logging_mixin.py:190} INFO - [2024-12-10T00:03:47.536+0000] {dag.py:4180} INFO - Setting next_dagrun for rtve_schedule_scraper to 2024-12-09 23:30:00+00:00, run_after=2024-12-10 05:30:00+00:00
[2024-12-10T00:03:47.547+0000] {processor.py:208} INFO - Processing /opt/airflow/dags/dag_rtve_selenium.py took 0.270 seconds
[2024-12-10T00:04:17.722+0000] {processor.py:186} INFO - Started process (PID=16299) to work on /opt/airflow/dags/dag_rtve_selenium.py
[2024-12-10T00:04:17.723+0000] {processor.py:914} INFO - Processing file /opt/airflow/dags/dag_rtve_selenium.py for tasks to queue
[2024-12-10T00:04:17.725+0000] {logging_mixin.py:190} INFO - [2024-12-10T00:04:17.724+0000] {dagbag.py:588} INFO - Filling up the DagBag from /opt/airflow/dags/dag_rtve_selenium.py
[2024-12-10T00:04:17.939+0000] {processor.py:925} INFO - DAG(s) 'rtve_schedule_scraper' retrieved from /opt/airflow/dags/dag_rtve_selenium.py
[2024-12-10T00:04:17.950+0000] {logging_mixin.py:190} INFO - [2024-12-10T00:04:17.950+0000] {dag.py:3239} INFO - Sync 1 DAGs
[2024-12-10T00:04:17.964+0000] {logging_mixin.py:190} INFO - [2024-12-10T00:04:17.964+0000] {dag.py:4180} INFO - Setting next_dagrun for rtve_schedule_scraper to 2024-12-09 23:30:00+00:00, run_after=2024-12-10 05:30:00+00:00
[2024-12-10T00:04:17.973+0000] {processor.py:208} INFO - Processing /opt/airflow/dags/dag_rtve_selenium.py took 0.254 seconds
[2024-12-10T00:04:48.047+0000] {processor.py:186} INFO - Started process (PID=16314) to work on /opt/airflow/dags/dag_rtve_selenium.py
[2024-12-10T00:04:48.047+0000] {processor.py:914} INFO - Processing file /opt/airflow/dags/dag_rtve_selenium.py for tasks to queue
[2024-12-10T00:04:48.049+0000] {logging_mixin.py:190} INFO - [2024-12-10T00:04:48.049+0000] {dagbag.py:588} INFO - Filling up the DagBag from /opt/airflow/dags/dag_rtve_selenium.py
[2024-12-10T00:04:48.261+0000] {processor.py:925} INFO - DAG(s) 'rtve_schedule_scraper' retrieved from /opt/airflow/dags/dag_rtve_selenium.py
[2024-12-10T00:04:48.273+0000] {logging_mixin.py:190} INFO - [2024-12-10T00:04:48.272+0000] {dag.py:3239} INFO - Sync 1 DAGs
[2024-12-10T00:04:48.286+0000] {logging_mixin.py:190} INFO - [2024-12-10T00:04:48.286+0000] {dag.py:4180} INFO - Setting next_dagrun for rtve_schedule_scraper to 2024-12-09 23:30:00+00:00, run_after=2024-12-10 05:30:00+00:00
[2024-12-10T00:04:48.295+0000] {processor.py:208} INFO - Processing /opt/airflow/dags/dag_rtve_selenium.py took 0.252 seconds
[2024-12-10T00:05:18.446+0000] {processor.py:186} INFO - Started process (PID=16329) to work on /opt/airflow/dags/dag_rtve_selenium.py
[2024-12-10T00:05:18.447+0000] {processor.py:914} INFO - Processing file /opt/airflow/dags/dag_rtve_selenium.py for tasks to queue
[2024-12-10T00:05:18.448+0000] {logging_mixin.py:190} INFO - [2024-12-10T00:05:18.448+0000] {dagbag.py:588} INFO - Filling up the DagBag from /opt/airflow/dags/dag_rtve_selenium.py
[2024-12-10T00:05:18.656+0000] {processor.py:925} INFO - DAG(s) 'rtve_schedule_scraper' retrieved from /opt/airflow/dags/dag_rtve_selenium.py
[2024-12-10T00:05:18.667+0000] {logging_mixin.py:190} INFO - [2024-12-10T00:05:18.667+0000] {dag.py:3239} INFO - Sync 1 DAGs
[2024-12-10T00:05:18.681+0000] {logging_mixin.py:190} INFO - [2024-12-10T00:05:18.680+0000] {dag.py:4180} INFO - Setting next_dagrun for rtve_schedule_scraper to 2024-12-09 23:30:00+00:00, run_after=2024-12-10 05:30:00+00:00
[2024-12-10T00:05:18.690+0000] {processor.py:208} INFO - Processing /opt/airflow/dags/dag_rtve_selenium.py took 0.248 seconds
[2024-12-10T00:05:48.795+0000] {processor.py:186} INFO - Started process (PID=16344) to work on /opt/airflow/dags/dag_rtve_selenium.py
[2024-12-10T00:05:48.796+0000] {processor.py:914} INFO - Processing file /opt/airflow/dags/dag_rtve_selenium.py for tasks to queue
[2024-12-10T00:05:48.797+0000] {logging_mixin.py:190} INFO - [2024-12-10T00:05:48.797+0000] {dagbag.py:588} INFO - Filling up the DagBag from /opt/airflow/dags/dag_rtve_selenium.py
[2024-12-10T00:05:49.011+0000] {processor.py:925} INFO - DAG(s) 'rtve_schedule_scraper' retrieved from /opt/airflow/dags/dag_rtve_selenium.py
[2024-12-10T00:05:49.025+0000] {logging_mixin.py:190} INFO - [2024-12-10T00:05:49.025+0000] {dag.py:3239} INFO - Sync 1 DAGs
[2024-12-10T00:05:49.041+0000] {logging_mixin.py:190} INFO - [2024-12-10T00:05:49.041+0000] {dag.py:4180} INFO - Setting next_dagrun for rtve_schedule_scraper to 2024-12-09 23:30:00+00:00, run_after=2024-12-10 05:30:00+00:00
[2024-12-10T00:05:49.052+0000] {processor.py:208} INFO - Processing /opt/airflow/dags/dag_rtve_selenium.py took 0.260 seconds
[2024-12-10T00:06:19.178+0000] {processor.py:186} INFO - Started process (PID=16365) to work on /opt/airflow/dags/dag_rtve_selenium.py
[2024-12-10T00:06:19.179+0000] {processor.py:914} INFO - Processing file /opt/airflow/dags/dag_rtve_selenium.py for tasks to queue
[2024-12-10T00:06:19.180+0000] {logging_mixin.py:190} INFO - [2024-12-10T00:06:19.180+0000] {dagbag.py:588} INFO - Filling up the DagBag from /opt/airflow/dags/dag_rtve_selenium.py
[2024-12-10T00:06:19.391+0000] {processor.py:925} INFO - DAG(s) 'rtve_schedule_scraper' retrieved from /opt/airflow/dags/dag_rtve_selenium.py
[2024-12-10T00:06:19.403+0000] {logging_mixin.py:190} INFO - [2024-12-10T00:06:19.402+0000] {dag.py:3239} INFO - Sync 1 DAGs
[2024-12-10T00:06:19.415+0000] {logging_mixin.py:190} INFO - [2024-12-10T00:06:19.415+0000] {dag.py:4180} INFO - Setting next_dagrun for rtve_schedule_scraper to 2024-12-09 23:30:00+00:00, run_after=2024-12-10 05:30:00+00:00
[2024-12-10T00:06:19.424+0000] {processor.py:208} INFO - Processing /opt/airflow/dags/dag_rtve_selenium.py took 0.249 seconds
[2024-12-10T00:06:49.578+0000] {processor.py:186} INFO - Started process (PID=16380) to work on /opt/airflow/dags/dag_rtve_selenium.py
[2024-12-10T00:06:49.579+0000] {processor.py:914} INFO - Processing file /opt/airflow/dags/dag_rtve_selenium.py for tasks to queue
[2024-12-10T00:06:49.580+0000] {logging_mixin.py:190} INFO - [2024-12-10T00:06:49.580+0000] {dagbag.py:588} INFO - Filling up the DagBag from /opt/airflow/dags/dag_rtve_selenium.py
[2024-12-10T00:06:49.792+0000] {processor.py:925} INFO - DAG(s) 'rtve_schedule_scraper' retrieved from /opt/airflow/dags/dag_rtve_selenium.py
[2024-12-10T00:06:49.805+0000] {logging_mixin.py:190} INFO - [2024-12-10T00:06:49.805+0000] {dag.py:3239} INFO - Sync 1 DAGs
[2024-12-10T00:06:49.819+0000] {logging_mixin.py:190} INFO - [2024-12-10T00:06:49.819+0000] {dag.py:4180} INFO - Setting next_dagrun for rtve_schedule_scraper to 2024-12-09 23:30:00+00:00, run_after=2024-12-10 05:30:00+00:00
[2024-12-10T00:06:49.829+0000] {processor.py:208} INFO - Processing /opt/airflow/dags/dag_rtve_selenium.py took 0.254 seconds
[2024-12-10T00:07:20.114+0000] {processor.py:186} INFO - Started process (PID=16395) to work on /opt/airflow/dags/dag_rtve_selenium.py
[2024-12-10T00:07:20.114+0000] {processor.py:914} INFO - Processing file /opt/airflow/dags/dag_rtve_selenium.py for tasks to queue
[2024-12-10T00:07:20.115+0000] {logging_mixin.py:190} INFO - [2024-12-10T00:07:20.115+0000] {dagbag.py:588} INFO - Filling up the DagBag from /opt/airflow/dags/dag_rtve_selenium.py
[2024-12-10T00:07:20.319+0000] {processor.py:925} INFO - DAG(s) 'rtve_schedule_scraper' retrieved from /opt/airflow/dags/dag_rtve_selenium.py
[2024-12-10T00:07:20.331+0000] {logging_mixin.py:190} INFO - [2024-12-10T00:07:20.331+0000] {dag.py:3239} INFO - Sync 1 DAGs
[2024-12-10T00:07:20.344+0000] {logging_mixin.py:190} INFO - [2024-12-10T00:07:20.344+0000] {dag.py:4180} INFO - Setting next_dagrun for rtve_schedule_scraper to 2024-12-09 23:30:00+00:00, run_after=2024-12-10 05:30:00+00:00
[2024-12-10T00:07:20.352+0000] {processor.py:208} INFO - Processing /opt/airflow/dags/dag_rtve_selenium.py took 0.242 seconds
[2024-12-10T00:07:51.188+0000] {processor.py:186} INFO - Started process (PID=16410) to work on /opt/airflow/dags/dag_rtve_selenium.py
[2024-12-10T00:07:51.189+0000] {processor.py:914} INFO - Processing file /opt/airflow/dags/dag_rtve_selenium.py for tasks to queue
[2024-12-10T00:07:51.190+0000] {logging_mixin.py:190} INFO - [2024-12-10T00:07:51.190+0000] {dagbag.py:588} INFO - Filling up the DagBag from /opt/airflow/dags/dag_rtve_selenium.py
[2024-12-10T00:07:51.323+0000] {processor.py:925} INFO - DAG(s) 'rtve_schedule_scraper' retrieved from /opt/airflow/dags/dag_rtve_selenium.py
[2024-12-10T00:07:51.336+0000] {logging_mixin.py:190} INFO - [2024-12-10T00:07:51.336+0000] {dag.py:3239} INFO - Sync 1 DAGs
[2024-12-10T00:07:51.349+0000] {logging_mixin.py:190} INFO - [2024-12-10T00:07:51.349+0000] {dag.py:4180} INFO - Setting next_dagrun for rtve_schedule_scraper to 2024-12-09 23:30:00+00:00, run_after=2024-12-10 05:30:00+00:00
[2024-12-10T00:07:51.360+0000] {processor.py:208} INFO - Processing /opt/airflow/dags/dag_rtve_selenium.py took 0.174 seconds
[2024-12-10T00:08:22.073+0000] {processor.py:186} INFO - Started process (PID=16425) to work on /opt/airflow/dags/dag_rtve_selenium.py
[2024-12-10T00:08:22.073+0000] {processor.py:914} INFO - Processing file /opt/airflow/dags/dag_rtve_selenium.py for tasks to queue
[2024-12-10T00:08:22.075+0000] {logging_mixin.py:190} INFO - [2024-12-10T00:08:22.075+0000] {dagbag.py:588} INFO - Filling up the DagBag from /opt/airflow/dags/dag_rtve_selenium.py
[2024-12-10T00:08:22.209+0000] {processor.py:925} INFO - DAG(s) 'rtve_schedule_scraper' retrieved from /opt/airflow/dags/dag_rtve_selenium.py
[2024-12-10T00:08:22.224+0000] {logging_mixin.py:190} INFO - [2024-12-10T00:08:22.223+0000] {dag.py:3239} INFO - Sync 1 DAGs
[2024-12-10T00:08:22.238+0000] {logging_mixin.py:190} INFO - [2024-12-10T00:08:22.238+0000] {dag.py:4180} INFO - Setting next_dagrun for rtve_schedule_scraper to 2024-12-09 23:30:00+00:00, run_after=2024-12-10 05:30:00+00:00
[2024-12-10T00:08:22.248+0000] {processor.py:208} INFO - Processing /opt/airflow/dags/dag_rtve_selenium.py took 0.178 seconds
[2024-12-10T00:08:52.985+0000] {processor.py:186} INFO - Started process (PID=16440) to work on /opt/airflow/dags/dag_rtve_selenium.py
[2024-12-10T00:08:52.986+0000] {processor.py:914} INFO - Processing file /opt/airflow/dags/dag_rtve_selenium.py for tasks to queue
[2024-12-10T00:08:52.987+0000] {logging_mixin.py:190} INFO - [2024-12-10T00:08:52.987+0000] {dagbag.py:588} INFO - Filling up the DagBag from /opt/airflow/dags/dag_rtve_selenium.py
[2024-12-10T00:08:53.128+0000] {processor.py:925} INFO - DAG(s) 'rtve_schedule_scraper' retrieved from /opt/airflow/dags/dag_rtve_selenium.py
[2024-12-10T00:08:53.168+0000] {logging_mixin.py:190} INFO - [2024-12-10T00:08:53.168+0000] {dag.py:3239} INFO - Sync 1 DAGs
[2024-12-10T00:08:53.189+0000] {logging_mixin.py:190} INFO - [2024-12-10T00:08:53.189+0000] {dag.py:4180} INFO - Setting next_dagrun for rtve_schedule_scraper to 2024-12-09 23:30:00+00:00, run_after=2024-12-10 05:30:00+00:00
[2024-12-10T00:08:53.204+0000] {processor.py:208} INFO - Processing /opt/airflow/dags/dag_rtve_selenium.py took 0.222 seconds
[2024-12-10T00:09:23.917+0000] {processor.py:186} INFO - Started process (PID=16455) to work on /opt/airflow/dags/dag_rtve_selenium.py
[2024-12-10T00:09:23.918+0000] {processor.py:914} INFO - Processing file /opt/airflow/dags/dag_rtve_selenium.py for tasks to queue
[2024-12-10T00:09:23.919+0000] {logging_mixin.py:190} INFO - [2024-12-10T00:09:23.919+0000] {dagbag.py:588} INFO - Filling up the DagBag from /opt/airflow/dags/dag_rtve_selenium.py
[2024-12-10T00:09:24.053+0000] {processor.py:925} INFO - DAG(s) 'rtve_schedule_scraper' retrieved from /opt/airflow/dags/dag_rtve_selenium.py
[2024-12-10T00:09:24.068+0000] {logging_mixin.py:190} INFO - [2024-12-10T00:09:24.068+0000] {dag.py:3239} INFO - Sync 1 DAGs
[2024-12-10T00:09:24.084+0000] {logging_mixin.py:190} INFO - [2024-12-10T00:09:24.084+0000] {dag.py:4180} INFO - Setting next_dagrun for rtve_schedule_scraper to 2024-12-09 23:30:00+00:00, run_after=2024-12-10 05:30:00+00:00
[2024-12-10T00:09:24.094+0000] {processor.py:208} INFO - Processing /opt/airflow/dags/dag_rtve_selenium.py took 0.181 seconds
[2024-12-10T00:09:54.792+0000] {processor.py:186} INFO - Started process (PID=16470) to work on /opt/airflow/dags/dag_rtve_selenium.py
[2024-12-10T00:09:54.793+0000] {processor.py:914} INFO - Processing file /opt/airflow/dags/dag_rtve_selenium.py for tasks to queue
[2024-12-10T00:09:54.794+0000] {logging_mixin.py:190} INFO - [2024-12-10T00:09:54.794+0000] {dagbag.py:588} INFO - Filling up the DagBag from /opt/airflow/dags/dag_rtve_selenium.py
[2024-12-10T00:09:54.926+0000] {processor.py:925} INFO - DAG(s) 'rtve_schedule_scraper' retrieved from /opt/airflow/dags/dag_rtve_selenium.py
[2024-12-10T00:09:54.939+0000] {logging_mixin.py:190} INFO - [2024-12-10T00:09:54.939+0000] {dag.py:3239} INFO - Sync 1 DAGs
[2024-12-10T00:09:54.953+0000] {logging_mixin.py:190} INFO - [2024-12-10T00:09:54.953+0000] {dag.py:4180} INFO - Setting next_dagrun for rtve_schedule_scraper to 2024-12-09 23:30:00+00:00, run_after=2024-12-10 05:30:00+00:00
[2024-12-10T00:09:54.964+0000] {processor.py:208} INFO - Processing /opt/airflow/dags/dag_rtve_selenium.py took 0.175 seconds
[2024-12-10T00:10:25.682+0000] {processor.py:186} INFO - Started process (PID=16485) to work on /opt/airflow/dags/dag_rtve_selenium.py
[2024-12-10T00:10:25.683+0000] {processor.py:914} INFO - Processing file /opt/airflow/dags/dag_rtve_selenium.py for tasks to queue
[2024-12-10T00:10:25.684+0000] {logging_mixin.py:190} INFO - [2024-12-10T00:10:25.684+0000] {dagbag.py:588} INFO - Filling up the DagBag from /opt/airflow/dags/dag_rtve_selenium.py
[2024-12-10T00:10:25.816+0000] {processor.py:925} INFO - DAG(s) 'rtve_schedule_scraper' retrieved from /opt/airflow/dags/dag_rtve_selenium.py
[2024-12-10T00:10:25.829+0000] {logging_mixin.py:190} INFO - [2024-12-10T00:10:25.829+0000] {dag.py:3239} INFO - Sync 1 DAGs
[2024-12-10T00:10:25.844+0000] {logging_mixin.py:190} INFO - [2024-12-10T00:10:25.844+0000] {dag.py:4180} INFO - Setting next_dagrun for rtve_schedule_scraper to 2024-12-09 23:30:00+00:00, run_after=2024-12-10 05:30:00+00:00
[2024-12-10T00:10:25.855+0000] {processor.py:208} INFO - Processing /opt/airflow/dags/dag_rtve_selenium.py took 0.176 seconds
[2024-12-10T00:10:56.567+0000] {processor.py:186} INFO - Started process (PID=16501) to work on /opt/airflow/dags/dag_rtve_selenium.py
[2024-12-10T00:10:56.567+0000] {processor.py:914} INFO - Processing file /opt/airflow/dags/dag_rtve_selenium.py for tasks to queue
[2024-12-10T00:10:56.569+0000] {logging_mixin.py:190} INFO - [2024-12-10T00:10:56.568+0000] {dagbag.py:588} INFO - Filling up the DagBag from /opt/airflow/dags/dag_rtve_selenium.py
[2024-12-10T00:10:56.697+0000] {processor.py:925} INFO - DAG(s) 'rtve_schedule_scraper' retrieved from /opt/airflow/dags/dag_rtve_selenium.py
[2024-12-10T00:10:56.712+0000] {logging_mixin.py:190} INFO - [2024-12-10T00:10:56.712+0000] {dag.py:3239} INFO - Sync 1 DAGs
[2024-12-10T00:10:56.727+0000] {logging_mixin.py:190} INFO - [2024-12-10T00:10:56.726+0000] {dag.py:4180} INFO - Setting next_dagrun for rtve_schedule_scraper to 2024-12-09 23:30:00+00:00, run_after=2024-12-10 05:30:00+00:00
[2024-12-10T00:10:56.737+0000] {processor.py:208} INFO - Processing /opt/airflow/dags/dag_rtve_selenium.py took 0.173 seconds
[2024-12-10T00:11:27.442+0000] {processor.py:186} INFO - Started process (PID=16515) to work on /opt/airflow/dags/dag_rtve_selenium.py
[2024-12-10T00:11:27.442+0000] {processor.py:914} INFO - Processing file /opt/airflow/dags/dag_rtve_selenium.py for tasks to queue
[2024-12-10T00:11:27.444+0000] {logging_mixin.py:190} INFO - [2024-12-10T00:11:27.444+0000] {dagbag.py:588} INFO - Filling up the DagBag from /opt/airflow/dags/dag_rtve_selenium.py
[2024-12-10T00:11:27.579+0000] {processor.py:925} INFO - DAG(s) 'rtve_schedule_scraper' retrieved from /opt/airflow/dags/dag_rtve_selenium.py
[2024-12-10T00:11:27.593+0000] {logging_mixin.py:190} INFO - [2024-12-10T00:11:27.593+0000] {dag.py:3239} INFO - Sync 1 DAGs
[2024-12-10T00:11:27.608+0000] {logging_mixin.py:190} INFO - [2024-12-10T00:11:27.608+0000] {dag.py:4180} INFO - Setting next_dagrun for rtve_schedule_scraper to 2024-12-09 23:30:00+00:00, run_after=2024-12-10 05:30:00+00:00
[2024-12-10T00:11:27.622+0000] {processor.py:208} INFO - Processing /opt/airflow/dags/dag_rtve_selenium.py took 0.184 seconds
[2024-12-10T00:11:58.323+0000] {processor.py:186} INFO - Started process (PID=16530) to work on /opt/airflow/dags/dag_rtve_selenium.py
[2024-12-10T00:11:58.323+0000] {processor.py:914} INFO - Processing file /opt/airflow/dags/dag_rtve_selenium.py for tasks to queue
[2024-12-10T00:11:58.325+0000] {logging_mixin.py:190} INFO - [2024-12-10T00:11:58.325+0000] {dagbag.py:588} INFO - Filling up the DagBag from /opt/airflow/dags/dag_rtve_selenium.py
[2024-12-10T00:11:58.459+0000] {processor.py:925} INFO - DAG(s) 'rtve_schedule_scraper' retrieved from /opt/airflow/dags/dag_rtve_selenium.py
[2024-12-10T00:11:58.475+0000] {logging_mixin.py:190} INFO - [2024-12-10T00:11:58.475+0000] {dag.py:3239} INFO - Sync 1 DAGs
[2024-12-10T00:11:58.490+0000] {logging_mixin.py:190} INFO - [2024-12-10T00:11:58.490+0000] {dag.py:4180} INFO - Setting next_dagrun for rtve_schedule_scraper to 2024-12-09 23:30:00+00:00, run_after=2024-12-10 05:30:00+00:00
[2024-12-10T00:11:58.500+0000] {processor.py:208} INFO - Processing /opt/airflow/dags/dag_rtve_selenium.py took 0.181 seconds
[2024-12-10T00:12:29.384+0000] {processor.py:186} INFO - Started process (PID=16545) to work on /opt/airflow/dags/dag_rtve_selenium.py
[2024-12-10T00:12:29.385+0000] {processor.py:914} INFO - Processing file /opt/airflow/dags/dag_rtve_selenium.py for tasks to queue
[2024-12-10T00:12:29.386+0000] {logging_mixin.py:190} INFO - [2024-12-10T00:12:29.386+0000] {dagbag.py:588} INFO - Filling up the DagBag from /opt/airflow/dags/dag_rtve_selenium.py
[2024-12-10T00:12:29.517+0000] {processor.py:925} INFO - DAG(s) 'rtve_schedule_scraper' retrieved from /opt/airflow/dags/dag_rtve_selenium.py
[2024-12-10T00:12:29.530+0000] {logging_mixin.py:190} INFO - [2024-12-10T00:12:29.530+0000] {dag.py:3239} INFO - Sync 1 DAGs
[2024-12-10T00:12:29.547+0000] {logging_mixin.py:190} INFO - [2024-12-10T00:12:29.546+0000] {dag.py:4180} INFO - Setting next_dagrun for rtve_schedule_scraper to 2024-12-09 23:30:00+00:00, run_after=2024-12-10 05:30:00+00:00
[2024-12-10T00:12:29.556+0000] {processor.py:208} INFO - Processing /opt/airflow/dags/dag_rtve_selenium.py took 0.176 seconds
[2024-12-10T00:13:00.264+0000] {processor.py:186} INFO - Started process (PID=16560) to work on /opt/airflow/dags/dag_rtve_selenium.py
[2024-12-10T00:13:00.265+0000] {processor.py:914} INFO - Processing file /opt/airflow/dags/dag_rtve_selenium.py for tasks to queue
[2024-12-10T00:13:00.266+0000] {logging_mixin.py:190} INFO - [2024-12-10T00:13:00.266+0000] {dagbag.py:588} INFO - Filling up the DagBag from /opt/airflow/dags/dag_rtve_selenium.py
[2024-12-10T00:13:00.393+0000] {processor.py:925} INFO - DAG(s) 'rtve_schedule_scraper' retrieved from /opt/airflow/dags/dag_rtve_selenium.py
[2024-12-10T00:13:00.405+0000] {logging_mixin.py:190} INFO - [2024-12-10T00:13:00.405+0000] {dag.py:3239} INFO - Sync 1 DAGs
[2024-12-10T00:13:00.419+0000] {logging_mixin.py:190} INFO - [2024-12-10T00:13:00.418+0000] {dag.py:4180} INFO - Setting next_dagrun for rtve_schedule_scraper to 2024-12-09 23:30:00+00:00, run_after=2024-12-10 05:30:00+00:00
[2024-12-10T00:13:00.428+0000] {processor.py:208} INFO - Processing /opt/airflow/dags/dag_rtve_selenium.py took 0.167 seconds
[2024-12-10T00:13:31.154+0000] {processor.py:186} INFO - Started process (PID=16575) to work on /opt/airflow/dags/dag_rtve_selenium.py
[2024-12-10T00:13:31.155+0000] {processor.py:914} INFO - Processing file /opt/airflow/dags/dag_rtve_selenium.py for tasks to queue
[2024-12-10T00:13:31.156+0000] {logging_mixin.py:190} INFO - [2024-12-10T00:13:31.156+0000] {dagbag.py:588} INFO - Filling up the DagBag from /opt/airflow/dags/dag_rtve_selenium.py
[2024-12-10T00:13:31.285+0000] {processor.py:925} INFO - DAG(s) 'rtve_schedule_scraper' retrieved from /opt/airflow/dags/dag_rtve_selenium.py
[2024-12-10T00:13:31.299+0000] {logging_mixin.py:190} INFO - [2024-12-10T00:13:31.298+0000] {dag.py:3239} INFO - Sync 1 DAGs
[2024-12-10T00:13:31.313+0000] {logging_mixin.py:190} INFO - [2024-12-10T00:13:31.313+0000] {dag.py:4180} INFO - Setting next_dagrun for rtve_schedule_scraper to 2024-12-09 23:30:00+00:00, run_after=2024-12-10 05:30:00+00:00
[2024-12-10T00:13:31.323+0000] {processor.py:208} INFO - Processing /opt/airflow/dags/dag_rtve_selenium.py took 0.172 seconds
[2024-12-10T00:14:02.060+0000] {processor.py:186} INFO - Started process (PID=16590) to work on /opt/airflow/dags/dag_rtve_selenium.py
[2024-12-10T00:14:02.061+0000] {processor.py:914} INFO - Processing file /opt/airflow/dags/dag_rtve_selenium.py for tasks to queue
[2024-12-10T00:14:02.062+0000] {logging_mixin.py:190} INFO - [2024-12-10T00:14:02.062+0000] {dagbag.py:588} INFO - Filling up the DagBag from /opt/airflow/dags/dag_rtve_selenium.py
[2024-12-10T00:14:02.191+0000] {processor.py:925} INFO - DAG(s) 'rtve_schedule_scraper' retrieved from /opt/airflow/dags/dag_rtve_selenium.py
[2024-12-10T00:14:02.205+0000] {logging_mixin.py:190} INFO - [2024-12-10T00:14:02.205+0000] {dag.py:3239} INFO - Sync 1 DAGs
[2024-12-10T00:14:02.220+0000] {logging_mixin.py:190} INFO - [2024-12-10T00:14:02.220+0000] {dag.py:4180} INFO - Setting next_dagrun for rtve_schedule_scraper to 2024-12-09 23:30:00+00:00, run_after=2024-12-10 05:30:00+00:00
[2024-12-10T00:14:02.231+0000] {processor.py:208} INFO - Processing /opt/airflow/dags/dag_rtve_selenium.py took 0.174 seconds
[2024-12-10T00:14:32.948+0000] {processor.py:186} INFO - Started process (PID=16605) to work on /opt/airflow/dags/dag_rtve_selenium.py
[2024-12-10T00:14:32.949+0000] {processor.py:914} INFO - Processing file /opt/airflow/dags/dag_rtve_selenium.py for tasks to queue
[2024-12-10T00:14:32.950+0000] {logging_mixin.py:190} INFO - [2024-12-10T00:14:32.950+0000] {dagbag.py:588} INFO - Filling up the DagBag from /opt/airflow/dags/dag_rtve_selenium.py
[2024-12-10T00:14:33.077+0000] {processor.py:925} INFO - DAG(s) 'rtve_schedule_scraper' retrieved from /opt/airflow/dags/dag_rtve_selenium.py
[2024-12-10T00:14:33.091+0000] {logging_mixin.py:190} INFO - [2024-12-10T00:14:33.090+0000] {dag.py:3239} INFO - Sync 1 DAGs
[2024-12-10T00:14:33.104+0000] {logging_mixin.py:190} INFO - [2024-12-10T00:14:33.104+0000] {dag.py:4180} INFO - Setting next_dagrun for rtve_schedule_scraper to 2024-12-09 23:30:00+00:00, run_after=2024-12-10 05:30:00+00:00
[2024-12-10T00:14:33.113+0000] {processor.py:208} INFO - Processing /opt/airflow/dags/dag_rtve_selenium.py took 0.168 seconds
[2024-12-10T00:15:03.842+0000] {processor.py:186} INFO - Started process (PID=16620) to work on /opt/airflow/dags/dag_rtve_selenium.py
[2024-12-10T00:15:03.843+0000] {processor.py:914} INFO - Processing file /opt/airflow/dags/dag_rtve_selenium.py for tasks to queue
[2024-12-10T00:15:03.844+0000] {logging_mixin.py:190} INFO - [2024-12-10T00:15:03.844+0000] {dagbag.py:588} INFO - Filling up the DagBag from /opt/airflow/dags/dag_rtve_selenium.py
[2024-12-10T00:15:03.972+0000] {processor.py:925} INFO - DAG(s) 'rtve_schedule_scraper' retrieved from /opt/airflow/dags/dag_rtve_selenium.py
[2024-12-10T00:15:03.985+0000] {logging_mixin.py:190} INFO - [2024-12-10T00:15:03.984+0000] {dag.py:3239} INFO - Sync 1 DAGs
[2024-12-10T00:15:03.999+0000] {logging_mixin.py:190} INFO - [2024-12-10T00:15:03.999+0000] {dag.py:4180} INFO - Setting next_dagrun for rtve_schedule_scraper to 2024-12-09 23:30:00+00:00, run_after=2024-12-10 05:30:00+00:00
[2024-12-10T00:15:04.010+0000] {processor.py:208} INFO - Processing /opt/airflow/dags/dag_rtve_selenium.py took 0.171 seconds
[2024-12-10T00:15:34.724+0000] {processor.py:186} INFO - Started process (PID=16635) to work on /opt/airflow/dags/dag_rtve_selenium.py
[2024-12-10T00:15:34.725+0000] {processor.py:914} INFO - Processing file /opt/airflow/dags/dag_rtve_selenium.py for tasks to queue
[2024-12-10T00:15:34.727+0000] {logging_mixin.py:190} INFO - [2024-12-10T00:15:34.726+0000] {dagbag.py:588} INFO - Filling up the DagBag from /opt/airflow/dags/dag_rtve_selenium.py
[2024-12-10T00:15:34.864+0000] {processor.py:925} INFO - DAG(s) 'rtve_schedule_scraper' retrieved from /opt/airflow/dags/dag_rtve_selenium.py
[2024-12-10T00:15:34.878+0000] {logging_mixin.py:190} INFO - [2024-12-10T00:15:34.877+0000] {dag.py:3239} INFO - Sync 1 DAGs
[2024-12-10T00:15:34.891+0000] {logging_mixin.py:190} INFO - [2024-12-10T00:15:34.891+0000] {dag.py:4180} INFO - Setting next_dagrun for rtve_schedule_scraper to 2024-12-09 23:30:00+00:00, run_after=2024-12-10 05:30:00+00:00
[2024-12-10T00:15:34.901+0000] {processor.py:208} INFO - Processing /opt/airflow/dags/dag_rtve_selenium.py took 0.180 seconds
[2024-12-10T00:16:05.609+0000] {processor.py:186} INFO - Started process (PID=16650) to work on /opt/airflow/dags/dag_rtve_selenium.py
[2024-12-10T00:16:05.609+0000] {processor.py:914} INFO - Processing file /opt/airflow/dags/dag_rtve_selenium.py for tasks to queue
[2024-12-10T00:16:05.610+0000] {logging_mixin.py:190} INFO - [2024-12-10T00:16:05.610+0000] {dagbag.py:588} INFO - Filling up the DagBag from /opt/airflow/dags/dag_rtve_selenium.py
[2024-12-10T00:16:05.741+0000] {processor.py:925} INFO - DAG(s) 'rtve_schedule_scraper' retrieved from /opt/airflow/dags/dag_rtve_selenium.py
[2024-12-10T00:16:05.754+0000] {logging_mixin.py:190} INFO - [2024-12-10T00:16:05.754+0000] {dag.py:3239} INFO - Sync 1 DAGs
[2024-12-10T00:16:05.768+0000] {logging_mixin.py:190} INFO - [2024-12-10T00:16:05.768+0000] {dag.py:4180} INFO - Setting next_dagrun for rtve_schedule_scraper to 2024-12-09 23:30:00+00:00, run_after=2024-12-10 05:30:00+00:00
[2024-12-10T00:16:05.779+0000] {processor.py:208} INFO - Processing /opt/airflow/dags/dag_rtve_selenium.py took 0.174 seconds
[2024-12-10T00:16:36.501+0000] {processor.py:186} INFO - Started process (PID=16665) to work on /opt/airflow/dags/dag_rtve_selenium.py
[2024-12-10T00:16:36.501+0000] {processor.py:914} INFO - Processing file /opt/airflow/dags/dag_rtve_selenium.py for tasks to queue
[2024-12-10T00:16:36.503+0000] {logging_mixin.py:190} INFO - [2024-12-10T00:16:36.502+0000] {dagbag.py:588} INFO - Filling up the DagBag from /opt/airflow/dags/dag_rtve_selenium.py
[2024-12-10T00:16:36.631+0000] {processor.py:925} INFO - DAG(s) 'rtve_schedule_scraper' retrieved from /opt/airflow/dags/dag_rtve_selenium.py
[2024-12-10T00:16:36.644+0000] {logging_mixin.py:190} INFO - [2024-12-10T00:16:36.644+0000] {dag.py:3239} INFO - Sync 1 DAGs
[2024-12-10T00:16:36.658+0000] {logging_mixin.py:190} INFO - [2024-12-10T00:16:36.658+0000] {dag.py:4180} INFO - Setting next_dagrun for rtve_schedule_scraper to 2024-12-09 23:30:00+00:00, run_after=2024-12-10 05:30:00+00:00
[2024-12-10T00:16:36.668+0000] {processor.py:208} INFO - Processing /opt/airflow/dags/dag_rtve_selenium.py took 0.170 seconds
[2024-12-10T00:17:07.400+0000] {processor.py:186} INFO - Started process (PID=16680) to work on /opt/airflow/dags/dag_rtve_selenium.py
[2024-12-10T00:17:07.400+0000] {processor.py:914} INFO - Processing file /opt/airflow/dags/dag_rtve_selenium.py for tasks to queue
[2024-12-10T00:17:07.402+0000] {logging_mixin.py:190} INFO - [2024-12-10T00:17:07.401+0000] {dagbag.py:588} INFO - Filling up the DagBag from /opt/airflow/dags/dag_rtve_selenium.py
[2024-12-10T00:17:07.531+0000] {processor.py:925} INFO - DAG(s) 'rtve_schedule_scraper' retrieved from /opt/airflow/dags/dag_rtve_selenium.py
[2024-12-10T00:17:07.544+0000] {logging_mixin.py:190} INFO - [2024-12-10T00:17:07.544+0000] {dag.py:3239} INFO - Sync 1 DAGs
[2024-12-10T00:17:07.560+0000] {logging_mixin.py:190} INFO - [2024-12-10T00:17:07.560+0000] {dag.py:4180} INFO - Setting next_dagrun for rtve_schedule_scraper to 2024-12-09 23:30:00+00:00, run_after=2024-12-10 05:30:00+00:00
[2024-12-10T00:17:07.569+0000] {processor.py:208} INFO - Processing /opt/airflow/dags/dag_rtve_selenium.py took 0.173 seconds
[2024-12-10T00:17:38.447+0000] {processor.py:186} INFO - Started process (PID=16695) to work on /opt/airflow/dags/dag_rtve_selenium.py
[2024-12-10T00:17:38.448+0000] {processor.py:914} INFO - Processing file /opt/airflow/dags/dag_rtve_selenium.py for tasks to queue
[2024-12-10T00:17:38.449+0000] {logging_mixin.py:190} INFO - [2024-12-10T00:17:38.449+0000] {dagbag.py:588} INFO - Filling up the DagBag from /opt/airflow/dags/dag_rtve_selenium.py
[2024-12-10T00:17:38.583+0000] {processor.py:925} INFO - DAG(s) 'rtve_schedule_scraper' retrieved from /opt/airflow/dags/dag_rtve_selenium.py
[2024-12-10T00:17:38.596+0000] {logging_mixin.py:190} INFO - [2024-12-10T00:17:38.596+0000] {dag.py:3239} INFO - Sync 1 DAGs
[2024-12-10T00:17:38.610+0000] {logging_mixin.py:190} INFO - [2024-12-10T00:17:38.610+0000] {dag.py:4180} INFO - Setting next_dagrun for rtve_schedule_scraper to 2024-12-09 23:30:00+00:00, run_after=2024-12-10 05:30:00+00:00
[2024-12-10T00:17:38.620+0000] {processor.py:208} INFO - Processing /opt/airflow/dags/dag_rtve_selenium.py took 0.176 seconds
[2024-12-10T00:18:09.329+0000] {processor.py:186} INFO - Started process (PID=16710) to work on /opt/airflow/dags/dag_rtve_selenium.py
[2024-12-10T00:18:09.330+0000] {processor.py:914} INFO - Processing file /opt/airflow/dags/dag_rtve_selenium.py for tasks to queue
[2024-12-10T00:18:09.331+0000] {logging_mixin.py:190} INFO - [2024-12-10T00:18:09.331+0000] {dagbag.py:588} INFO - Filling up the DagBag from /opt/airflow/dags/dag_rtve_selenium.py
[2024-12-10T00:18:09.462+0000] {processor.py:925} INFO - DAG(s) 'rtve_schedule_scraper' retrieved from /opt/airflow/dags/dag_rtve_selenium.py
[2024-12-10T00:18:09.476+0000] {logging_mixin.py:190} INFO - [2024-12-10T00:18:09.476+0000] {dag.py:3239} INFO - Sync 1 DAGs
[2024-12-10T00:18:09.491+0000] {logging_mixin.py:190} INFO - [2024-12-10T00:18:09.491+0000] {dag.py:4180} INFO - Setting next_dagrun for rtve_schedule_scraper to 2024-12-09 23:30:00+00:00, run_after=2024-12-10 05:30:00+00:00
[2024-12-10T00:18:09.501+0000] {processor.py:208} INFO - Processing /opt/airflow/dags/dag_rtve_selenium.py took 0.175 seconds
[2024-12-10T00:18:40.263+0000] {processor.py:186} INFO - Started process (PID=16725) to work on /opt/airflow/dags/dag_rtve_selenium.py
[2024-12-10T00:18:40.263+0000] {processor.py:914} INFO - Processing file /opt/airflow/dags/dag_rtve_selenium.py for tasks to queue
[2024-12-10T00:18:40.265+0000] {logging_mixin.py:190} INFO - [2024-12-10T00:18:40.265+0000] {dagbag.py:588} INFO - Filling up the DagBag from /opt/airflow/dags/dag_rtve_selenium.py
[2024-12-10T00:18:40.394+0000] {processor.py:925} INFO - DAG(s) 'rtve_schedule_scraper' retrieved from /opt/airflow/dags/dag_rtve_selenium.py
[2024-12-10T00:18:40.408+0000] {logging_mixin.py:190} INFO - [2024-12-10T00:18:40.408+0000] {dag.py:3239} INFO - Sync 1 DAGs
[2024-12-10T00:18:40.424+0000] {logging_mixin.py:190} INFO - [2024-12-10T00:18:40.424+0000] {dag.py:4180} INFO - Setting next_dagrun for rtve_schedule_scraper to 2024-12-09 23:30:00+00:00, run_after=2024-12-10 05:30:00+00:00
[2024-12-10T00:18:40.434+0000] {processor.py:208} INFO - Processing /opt/airflow/dags/dag_rtve_selenium.py took 0.174 seconds
[2024-12-10T00:19:11.152+0000] {processor.py:186} INFO - Started process (PID=16740) to work on /opt/airflow/dags/dag_rtve_selenium.py
[2024-12-10T00:19:11.153+0000] {processor.py:914} INFO - Processing file /opt/airflow/dags/dag_rtve_selenium.py for tasks to queue
[2024-12-10T00:19:11.154+0000] {logging_mixin.py:190} INFO - [2024-12-10T00:19:11.154+0000] {dagbag.py:588} INFO - Filling up the DagBag from /opt/airflow/dags/dag_rtve_selenium.py
[2024-12-10T00:19:11.282+0000] {processor.py:925} INFO - DAG(s) 'rtve_schedule_scraper' retrieved from /opt/airflow/dags/dag_rtve_selenium.py
[2024-12-10T00:19:11.297+0000] {logging_mixin.py:190} INFO - [2024-12-10T00:19:11.296+0000] {dag.py:3239} INFO - Sync 1 DAGs
[2024-12-10T00:19:11.311+0000] {logging_mixin.py:190} INFO - [2024-12-10T00:19:11.311+0000] {dag.py:4180} INFO - Setting next_dagrun for rtve_schedule_scraper to 2024-12-09 23:30:00+00:00, run_after=2024-12-10 05:30:00+00:00
[2024-12-10T00:19:11.322+0000] {processor.py:208} INFO - Processing /opt/airflow/dags/dag_rtve_selenium.py took 0.172 seconds
[2024-12-10T00:19:42.021+0000] {processor.py:186} INFO - Started process (PID=16755) to work on /opt/airflow/dags/dag_rtve_selenium.py
[2024-12-10T00:19:42.021+0000] {processor.py:914} INFO - Processing file /opt/airflow/dags/dag_rtve_selenium.py for tasks to queue
[2024-12-10T00:19:42.023+0000] {logging_mixin.py:190} INFO - [2024-12-10T00:19:42.022+0000] {dagbag.py:588} INFO - Filling up the DagBag from /opt/airflow/dags/dag_rtve_selenium.py
[2024-12-10T00:19:42.150+0000] {processor.py:925} INFO - DAG(s) 'rtve_schedule_scraper' retrieved from /opt/airflow/dags/dag_rtve_selenium.py
[2024-12-10T00:19:42.164+0000] {logging_mixin.py:190} INFO - [2024-12-10T00:19:42.163+0000] {dag.py:3239} INFO - Sync 1 DAGs
[2024-12-10T00:19:42.179+0000] {logging_mixin.py:190} INFO - [2024-12-10T00:19:42.179+0000] {dag.py:4180} INFO - Setting next_dagrun for rtve_schedule_scraper to 2024-12-09 23:30:00+00:00, run_after=2024-12-10 05:30:00+00:00
[2024-12-10T00:19:42.189+0000] {processor.py:208} INFO - Processing /opt/airflow/dags/dag_rtve_selenium.py took 0.171 seconds
[2024-12-10T00:20:12.910+0000] {processor.py:186} INFO - Started process (PID=16770) to work on /opt/airflow/dags/dag_rtve_selenium.py
[2024-12-10T00:20:12.910+0000] {processor.py:914} INFO - Processing file /opt/airflow/dags/dag_rtve_selenium.py for tasks to queue
[2024-12-10T00:20:12.911+0000] {logging_mixin.py:190} INFO - [2024-12-10T00:20:12.911+0000] {dagbag.py:588} INFO - Filling up the DagBag from /opt/airflow/dags/dag_rtve_selenium.py
[2024-12-10T00:20:13.040+0000] {processor.py:925} INFO - DAG(s) 'rtve_schedule_scraper' retrieved from /opt/airflow/dags/dag_rtve_selenium.py
[2024-12-10T00:20:13.054+0000] {logging_mixin.py:190} INFO - [2024-12-10T00:20:13.054+0000] {dag.py:3239} INFO - Sync 1 DAGs
[2024-12-10T00:20:13.068+0000] {logging_mixin.py:190} INFO - [2024-12-10T00:20:13.068+0000] {dag.py:4180} INFO - Setting next_dagrun for rtve_schedule_scraper to 2024-12-09 23:30:00+00:00, run_after=2024-12-10 05:30:00+00:00
[2024-12-10T00:20:13.080+0000] {processor.py:208} INFO - Processing /opt/airflow/dags/dag_rtve_selenium.py took 0.174 seconds
[2024-12-10T00:20:43.816+0000] {processor.py:186} INFO - Started process (PID=16785) to work on /opt/airflow/dags/dag_rtve_selenium.py
[2024-12-10T00:20:43.816+0000] {processor.py:914} INFO - Processing file /opt/airflow/dags/dag_rtve_selenium.py for tasks to queue
[2024-12-10T00:20:43.817+0000] {logging_mixin.py:190} INFO - [2024-12-10T00:20:43.817+0000] {dagbag.py:588} INFO - Filling up the DagBag from /opt/airflow/dags/dag_rtve_selenium.py
[2024-12-10T00:20:43.947+0000] {processor.py:925} INFO - DAG(s) 'rtve_schedule_scraper' retrieved from /opt/airflow/dags/dag_rtve_selenium.py
[2024-12-10T00:20:43.962+0000] {logging_mixin.py:190} INFO - [2024-12-10T00:20:43.961+0000] {dag.py:3239} INFO - Sync 1 DAGs
[2024-12-10T00:20:43.976+0000] {logging_mixin.py:190} INFO - [2024-12-10T00:20:43.976+0000] {dag.py:4180} INFO - Setting next_dagrun for rtve_schedule_scraper to 2024-12-09 23:30:00+00:00, run_after=2024-12-10 05:30:00+00:00
[2024-12-10T00:20:43.986+0000] {processor.py:208} INFO - Processing /opt/airflow/dags/dag_rtve_selenium.py took 0.174 seconds
[2024-12-10T00:21:14.711+0000] {processor.py:186} INFO - Started process (PID=16800) to work on /opt/airflow/dags/dag_rtve_selenium.py
[2024-12-10T00:21:14.711+0000] {processor.py:914} INFO - Processing file /opt/airflow/dags/dag_rtve_selenium.py for tasks to queue
[2024-12-10T00:21:14.713+0000] {logging_mixin.py:190} INFO - [2024-12-10T00:21:14.713+0000] {dagbag.py:588} INFO - Filling up the DagBag from /opt/airflow/dags/dag_rtve_selenium.py
[2024-12-10T00:21:14.841+0000] {processor.py:925} INFO - DAG(s) 'rtve_schedule_scraper' retrieved from /opt/airflow/dags/dag_rtve_selenium.py
[2024-12-10T00:21:14.855+0000] {logging_mixin.py:190} INFO - [2024-12-10T00:21:14.854+0000] {dag.py:3239} INFO - Sync 1 DAGs
[2024-12-10T00:21:14.871+0000] {logging_mixin.py:190} INFO - [2024-12-10T00:21:14.870+0000] {dag.py:4180} INFO - Setting next_dagrun for rtve_schedule_scraper to 2024-12-09 23:30:00+00:00, run_after=2024-12-10 05:30:00+00:00
[2024-12-10T00:21:14.888+0000] {processor.py:208} INFO - Processing /opt/airflow/dags/dag_rtve_selenium.py took 0.181 seconds
[2024-12-10T00:21:45.604+0000] {processor.py:186} INFO - Started process (PID=16815) to work on /opt/airflow/dags/dag_rtve_selenium.py
[2024-12-10T00:21:45.604+0000] {processor.py:914} INFO - Processing file /opt/airflow/dags/dag_rtve_selenium.py for tasks to queue
[2024-12-10T00:21:45.606+0000] {logging_mixin.py:190} INFO - [2024-12-10T00:21:45.605+0000] {dagbag.py:588} INFO - Filling up the DagBag from /opt/airflow/dags/dag_rtve_selenium.py
[2024-12-10T00:21:45.739+0000] {processor.py:925} INFO - DAG(s) 'rtve_schedule_scraper' retrieved from /opt/airflow/dags/dag_rtve_selenium.py
[2024-12-10T00:21:45.752+0000] {logging_mixin.py:190} INFO - [2024-12-10T00:21:45.751+0000] {dag.py:3239} INFO - Sync 1 DAGs
[2024-12-10T00:21:45.765+0000] {logging_mixin.py:190} INFO - [2024-12-10T00:21:45.765+0000] {dag.py:4180} INFO - Setting next_dagrun for rtve_schedule_scraper to 2024-12-09 23:30:00+00:00, run_after=2024-12-10 05:30:00+00:00
[2024-12-10T00:21:45.775+0000] {processor.py:208} INFO - Processing /opt/airflow/dags/dag_rtve_selenium.py took 0.174 seconds
[2024-12-10T00:22:16.657+0000] {processor.py:186} INFO - Started process (PID=16830) to work on /opt/airflow/dags/dag_rtve_selenium.py
[2024-12-10T00:22:16.657+0000] {processor.py:914} INFO - Processing file /opt/airflow/dags/dag_rtve_selenium.py for tasks to queue
[2024-12-10T00:22:16.659+0000] {logging_mixin.py:190} INFO - [2024-12-10T00:22:16.659+0000] {dagbag.py:588} INFO - Filling up the DagBag from /opt/airflow/dags/dag_rtve_selenium.py
[2024-12-10T00:22:16.789+0000] {processor.py:925} INFO - DAG(s) 'rtve_schedule_scraper' retrieved from /opt/airflow/dags/dag_rtve_selenium.py
[2024-12-10T00:22:16.804+0000] {logging_mixin.py:190} INFO - [2024-12-10T00:22:16.803+0000] {dag.py:3239} INFO - Sync 1 DAGs
[2024-12-10T00:22:16.819+0000] {logging_mixin.py:190} INFO - [2024-12-10T00:22:16.819+0000] {dag.py:4180} INFO - Setting next_dagrun for rtve_schedule_scraper to 2024-12-09 23:30:00+00:00, run_after=2024-12-10 05:30:00+00:00
[2024-12-10T00:22:16.829+0000] {processor.py:208} INFO - Processing /opt/airflow/dags/dag_rtve_selenium.py took 0.175 seconds
[2024-12-10T00:22:47.752+0000] {processor.py:186} INFO - Started process (PID=16845) to work on /opt/airflow/dags/dag_rtve_selenium.py
[2024-12-10T00:22:47.753+0000] {processor.py:914} INFO - Processing file /opt/airflow/dags/dag_rtve_selenium.py for tasks to queue
[2024-12-10T00:22:47.754+0000] {logging_mixin.py:190} INFO - [2024-12-10T00:22:47.754+0000] {dagbag.py:588} INFO - Filling up the DagBag from /opt/airflow/dags/dag_rtve_selenium.py
[2024-12-10T00:22:47.883+0000] {processor.py:925} INFO - DAG(s) 'rtve_schedule_scraper' retrieved from /opt/airflow/dags/dag_rtve_selenium.py
[2024-12-10T00:22:47.897+0000] {logging_mixin.py:190} INFO - [2024-12-10T00:22:47.897+0000] {dag.py:3239} INFO - Sync 1 DAGs
[2024-12-10T00:22:47.911+0000] {logging_mixin.py:190} INFO - [2024-12-10T00:22:47.911+0000] {dag.py:4180} INFO - Setting next_dagrun for rtve_schedule_scraper to 2024-12-09 23:30:00+00:00, run_after=2024-12-10 05:30:00+00:00
[2024-12-10T00:22:47.922+0000] {processor.py:208} INFO - Processing /opt/airflow/dags/dag_rtve_selenium.py took 0.173 seconds
[2024-12-10T00:23:18.635+0000] {processor.py:186} INFO - Started process (PID=16860) to work on /opt/airflow/dags/dag_rtve_selenium.py
[2024-12-10T00:23:18.635+0000] {processor.py:914} INFO - Processing file /opt/airflow/dags/dag_rtve_selenium.py for tasks to queue
[2024-12-10T00:23:18.637+0000] {logging_mixin.py:190} INFO - [2024-12-10T00:23:18.636+0000] {dagbag.py:588} INFO - Filling up the DagBag from /opt/airflow/dags/dag_rtve_selenium.py
[2024-12-10T00:23:18.766+0000] {processor.py:925} INFO - DAG(s) 'rtve_schedule_scraper' retrieved from /opt/airflow/dags/dag_rtve_selenium.py
[2024-12-10T00:23:18.781+0000] {logging_mixin.py:190} INFO - [2024-12-10T00:23:18.781+0000] {dag.py:3239} INFO - Sync 1 DAGs
[2024-12-10T00:23:18.797+0000] {logging_mixin.py:190} INFO - [2024-12-10T00:23:18.797+0000] {dag.py:4180} INFO - Setting next_dagrun for rtve_schedule_scraper to 2024-12-09 23:30:00+00:00, run_after=2024-12-10 05:30:00+00:00
[2024-12-10T00:23:18.807+0000] {processor.py:208} INFO - Processing /opt/airflow/dags/dag_rtve_selenium.py took 0.175 seconds
[2024-12-10T00:23:49.494+0000] {processor.py:186} INFO - Started process (PID=16875) to work on /opt/airflow/dags/dag_rtve_selenium.py
[2024-12-10T00:23:49.494+0000] {processor.py:914} INFO - Processing file /opt/airflow/dags/dag_rtve_selenium.py for tasks to queue
[2024-12-10T00:23:49.496+0000] {logging_mixin.py:190} INFO - [2024-12-10T00:23:49.496+0000] {dagbag.py:588} INFO - Filling up the DagBag from /opt/airflow/dags/dag_rtve_selenium.py
[2024-12-10T00:23:49.623+0000] {processor.py:925} INFO - DAG(s) 'rtve_schedule_scraper' retrieved from /opt/airflow/dags/dag_rtve_selenium.py
[2024-12-10T00:23:49.636+0000] {logging_mixin.py:190} INFO - [2024-12-10T00:23:49.636+0000] {dag.py:3239} INFO - Sync 1 DAGs
[2024-12-10T00:23:49.651+0000] {logging_mixin.py:190} INFO - [2024-12-10T00:23:49.651+0000] {dag.py:4180} INFO - Setting next_dagrun for rtve_schedule_scraper to 2024-12-09 23:30:00+00:00, run_after=2024-12-10 05:30:00+00:00
[2024-12-10T00:23:49.661+0000] {processor.py:208} INFO - Processing /opt/airflow/dags/dag_rtve_selenium.py took 0.170 seconds
[2024-12-10T00:24:20.379+0000] {processor.py:186} INFO - Started process (PID=16896) to work on /opt/airflow/dags/dag_rtve_selenium.py
[2024-12-10T00:24:20.380+0000] {processor.py:914} INFO - Processing file /opt/airflow/dags/dag_rtve_selenium.py for tasks to queue
[2024-12-10T00:24:20.381+0000] {logging_mixin.py:190} INFO - [2024-12-10T00:24:20.381+0000] {dagbag.py:588} INFO - Filling up the DagBag from /opt/airflow/dags/dag_rtve_selenium.py
[2024-12-10T00:24:20.512+0000] {processor.py:925} INFO - DAG(s) 'rtve_schedule_scraper' retrieved from /opt/airflow/dags/dag_rtve_selenium.py
[2024-12-10T00:24:20.526+0000] {logging_mixin.py:190} INFO - [2024-12-10T00:24:20.526+0000] {dag.py:3239} INFO - Sync 1 DAGs
[2024-12-10T00:24:20.540+0000] {logging_mixin.py:190} INFO - [2024-12-10T00:24:20.539+0000] {dag.py:4180} INFO - Setting next_dagrun for rtve_schedule_scraper to 2024-12-09 23:30:00+00:00, run_after=2024-12-10 05:30:00+00:00
[2024-12-10T00:24:20.549+0000] {processor.py:208} INFO - Processing /opt/airflow/dags/dag_rtve_selenium.py took 0.173 seconds
[2024-12-10T00:24:51.263+0000] {processor.py:186} INFO - Started process (PID=16911) to work on /opt/airflow/dags/dag_rtve_selenium.py
[2024-12-10T00:24:51.263+0000] {processor.py:914} INFO - Processing file /opt/airflow/dags/dag_rtve_selenium.py for tasks to queue
[2024-12-10T00:24:51.265+0000] {logging_mixin.py:190} INFO - [2024-12-10T00:24:51.265+0000] {dagbag.py:588} INFO - Filling up the DagBag from /opt/airflow/dags/dag_rtve_selenium.py
[2024-12-10T00:24:51.393+0000] {processor.py:925} INFO - DAG(s) 'rtve_schedule_scraper' retrieved from /opt/airflow/dags/dag_rtve_selenium.py
[2024-12-10T00:24:51.407+0000] {logging_mixin.py:190} INFO - [2024-12-10T00:24:51.407+0000] {dag.py:3239} INFO - Sync 1 DAGs
[2024-12-10T00:24:51.422+0000] {logging_mixin.py:190} INFO - [2024-12-10T00:24:51.422+0000] {dag.py:4180} INFO - Setting next_dagrun for rtve_schedule_scraper to 2024-12-09 23:30:00+00:00, run_after=2024-12-10 05:30:00+00:00
[2024-12-10T00:24:51.432+0000] {processor.py:208} INFO - Processing /opt/airflow/dags/dag_rtve_selenium.py took 0.173 seconds
[2024-12-10T00:25:22.134+0000] {processor.py:186} INFO - Started process (PID=16926) to work on /opt/airflow/dags/dag_rtve_selenium.py
[2024-12-10T00:25:22.134+0000] {processor.py:914} INFO - Processing file /opt/airflow/dags/dag_rtve_selenium.py for tasks to queue
[2024-12-10T00:25:22.135+0000] {logging_mixin.py:190} INFO - [2024-12-10T00:25:22.135+0000] {dagbag.py:588} INFO - Filling up the DagBag from /opt/airflow/dags/dag_rtve_selenium.py
[2024-12-10T00:25:22.264+0000] {processor.py:925} INFO - DAG(s) 'rtve_schedule_scraper' retrieved from /opt/airflow/dags/dag_rtve_selenium.py
[2024-12-10T00:25:22.278+0000] {logging_mixin.py:190} INFO - [2024-12-10T00:25:22.278+0000] {dag.py:3239} INFO - Sync 1 DAGs
[2024-12-10T00:25:22.293+0000] {logging_mixin.py:190} INFO - [2024-12-10T00:25:22.293+0000] {dag.py:4180} INFO - Setting next_dagrun for rtve_schedule_scraper to 2024-12-09 23:30:00+00:00, run_after=2024-12-10 05:30:00+00:00
[2024-12-10T00:25:22.305+0000] {processor.py:208} INFO - Processing /opt/airflow/dags/dag_rtve_selenium.py took 0.175 seconds
[2024-12-10T00:25:53.023+0000] {processor.py:186} INFO - Started process (PID=16941) to work on /opt/airflow/dags/dag_rtve_selenium.py
[2024-12-10T00:25:53.023+0000] {processor.py:914} INFO - Processing file /opt/airflow/dags/dag_rtve_selenium.py for tasks to queue
[2024-12-10T00:25:53.025+0000] {logging_mixin.py:190} INFO - [2024-12-10T00:25:53.025+0000] {dagbag.py:588} INFO - Filling up the DagBag from /opt/airflow/dags/dag_rtve_selenium.py
[2024-12-10T00:25:53.156+0000] {processor.py:925} INFO - DAG(s) 'rtve_schedule_scraper' retrieved from /opt/airflow/dags/dag_rtve_selenium.py
[2024-12-10T00:25:53.170+0000] {logging_mixin.py:190} INFO - [2024-12-10T00:25:53.170+0000] {dag.py:3239} INFO - Sync 1 DAGs
[2024-12-10T00:25:53.184+0000] {logging_mixin.py:190} INFO - [2024-12-10T00:25:53.184+0000] {dag.py:4180} INFO - Setting next_dagrun for rtve_schedule_scraper to 2024-12-09 23:30:00+00:00, run_after=2024-12-10 05:30:00+00:00
[2024-12-10T00:25:53.193+0000] {processor.py:208} INFO - Processing /opt/airflow/dags/dag_rtve_selenium.py took 0.173 seconds
[2024-12-10T00:26:23.925+0000] {processor.py:186} INFO - Started process (PID=16956) to work on /opt/airflow/dags/dag_rtve_selenium.py
[2024-12-10T00:26:23.925+0000] {processor.py:914} INFO - Processing file /opt/airflow/dags/dag_rtve_selenium.py for tasks to queue
[2024-12-10T00:26:23.927+0000] {logging_mixin.py:190} INFO - [2024-12-10T00:26:23.927+0000] {dagbag.py:588} INFO - Filling up the DagBag from /opt/airflow/dags/dag_rtve_selenium.py
[2024-12-10T00:26:24.059+0000] {processor.py:925} INFO - DAG(s) 'rtve_schedule_scraper' retrieved from /opt/airflow/dags/dag_rtve_selenium.py
[2024-12-10T00:26:24.073+0000] {logging_mixin.py:190} INFO - [2024-12-10T00:26:24.073+0000] {dag.py:3239} INFO - Sync 1 DAGs
[2024-12-10T00:26:24.087+0000] {logging_mixin.py:190} INFO - [2024-12-10T00:26:24.087+0000] {dag.py:4180} INFO - Setting next_dagrun for rtve_schedule_scraper to 2024-12-09 23:30:00+00:00, run_after=2024-12-10 05:30:00+00:00
[2024-12-10T00:26:24.098+0000] {processor.py:208} INFO - Processing /opt/airflow/dags/dag_rtve_selenium.py took 0.176 seconds
[2024-12-10T00:26:54.830+0000] {processor.py:186} INFO - Started process (PID=16971) to work on /opt/airflow/dags/dag_rtve_selenium.py
[2024-12-10T00:26:54.831+0000] {processor.py:914} INFO - Processing file /opt/airflow/dags/dag_rtve_selenium.py for tasks to queue
[2024-12-10T00:26:54.832+0000] {logging_mixin.py:190} INFO - [2024-12-10T00:26:54.832+0000] {dagbag.py:588} INFO - Filling up the DagBag from /opt/airflow/dags/dag_rtve_selenium.py
[2024-12-10T00:26:54.963+0000] {processor.py:925} INFO - DAG(s) 'rtve_schedule_scraper' retrieved from /opt/airflow/dags/dag_rtve_selenium.py
[2024-12-10T00:26:54.978+0000] {logging_mixin.py:190} INFO - [2024-12-10T00:26:54.978+0000] {dag.py:3239} INFO - Sync 1 DAGs
[2024-12-10T00:26:54.994+0000] {logging_mixin.py:190} INFO - [2024-12-10T00:26:54.994+0000] {dag.py:4180} INFO - Setting next_dagrun for rtve_schedule_scraper to 2024-12-09 23:30:00+00:00, run_after=2024-12-10 05:30:00+00:00
[2024-12-10T00:26:55.004+0000] {processor.py:208} INFO - Processing /opt/airflow/dags/dag_rtve_selenium.py took 0.177 seconds
[2024-12-10T00:27:25.905+0000] {processor.py:186} INFO - Started process (PID=16986) to work on /opt/airflow/dags/dag_rtve_selenium.py
[2024-12-10T00:27:25.905+0000] {processor.py:914} INFO - Processing file /opt/airflow/dags/dag_rtve_selenium.py for tasks to queue
[2024-12-10T00:27:25.907+0000] {logging_mixin.py:190} INFO - [2024-12-10T00:27:25.907+0000] {dagbag.py:588} INFO - Filling up the DagBag from /opt/airflow/dags/dag_rtve_selenium.py
[2024-12-10T00:27:26.033+0000] {processor.py:925} INFO - DAG(s) 'rtve_schedule_scraper' retrieved from /opt/airflow/dags/dag_rtve_selenium.py
[2024-12-10T00:27:26.047+0000] {logging_mixin.py:190} INFO - [2024-12-10T00:27:26.046+0000] {dag.py:3239} INFO - Sync 1 DAGs
[2024-12-10T00:27:26.061+0000] {logging_mixin.py:190} INFO - [2024-12-10T00:27:26.061+0000] {dag.py:4180} INFO - Setting next_dagrun for rtve_schedule_scraper to 2024-12-09 23:30:00+00:00, run_after=2024-12-10 05:30:00+00:00
[2024-12-10T00:27:26.073+0000] {processor.py:208} INFO - Processing /opt/airflow/dags/dag_rtve_selenium.py took 0.171 seconds
[2024-12-10T00:27:56.806+0000] {processor.py:186} INFO - Started process (PID=17001) to work on /opt/airflow/dags/dag_rtve_selenium.py
[2024-12-10T00:27:56.807+0000] {processor.py:914} INFO - Processing file /opt/airflow/dags/dag_rtve_selenium.py for tasks to queue
[2024-12-10T00:27:56.808+0000] {logging_mixin.py:190} INFO - [2024-12-10T00:27:56.808+0000] {dagbag.py:588} INFO - Filling up the DagBag from /opt/airflow/dags/dag_rtve_selenium.py
[2024-12-10T00:27:56.938+0000] {processor.py:925} INFO - DAG(s) 'rtve_schedule_scraper' retrieved from /opt/airflow/dags/dag_rtve_selenium.py
[2024-12-10T00:27:56.953+0000] {logging_mixin.py:190} INFO - [2024-12-10T00:27:56.953+0000] {dag.py:3239} INFO - Sync 1 DAGs
[2024-12-10T00:27:56.968+0000] {logging_mixin.py:190} INFO - [2024-12-10T00:27:56.968+0000] {dag.py:4180} INFO - Setting next_dagrun for rtve_schedule_scraper to 2024-12-09 23:30:00+00:00, run_after=2024-12-10 05:30:00+00:00
[2024-12-10T00:27:56.981+0000] {processor.py:208} INFO - Processing /opt/airflow/dags/dag_rtve_selenium.py took 0.177 seconds
[2024-12-10T00:28:27.705+0000] {processor.py:186} INFO - Started process (PID=17016) to work on /opt/airflow/dags/dag_rtve_selenium.py
[2024-12-10T00:28:27.706+0000] {processor.py:914} INFO - Processing file /opt/airflow/dags/dag_rtve_selenium.py for tasks to queue
[2024-12-10T00:28:27.707+0000] {logging_mixin.py:190} INFO - [2024-12-10T00:28:27.707+0000] {dagbag.py:588} INFO - Filling up the DagBag from /opt/airflow/dags/dag_rtve_selenium.py
[2024-12-10T00:28:27.836+0000] {processor.py:925} INFO - DAG(s) 'rtve_schedule_scraper' retrieved from /opt/airflow/dags/dag_rtve_selenium.py
[2024-12-10T00:28:27.850+0000] {logging_mixin.py:190} INFO - [2024-12-10T00:28:27.850+0000] {dag.py:3239} INFO - Sync 1 DAGs
[2024-12-10T00:28:27.864+0000] {logging_mixin.py:190} INFO - [2024-12-10T00:28:27.864+0000] {dag.py:4180} INFO - Setting next_dagrun for rtve_schedule_scraper to 2024-12-09 23:30:00+00:00, run_after=2024-12-10 05:30:00+00:00
[2024-12-10T00:28:27.873+0000] {processor.py:208} INFO - Processing /opt/airflow/dags/dag_rtve_selenium.py took 0.171 seconds
[2024-12-10T00:28:58.590+0000] {processor.py:186} INFO - Started process (PID=17031) to work on /opt/airflow/dags/dag_rtve_selenium.py
[2024-12-10T00:28:58.591+0000] {processor.py:914} INFO - Processing file /opt/airflow/dags/dag_rtve_selenium.py for tasks to queue
[2024-12-10T00:28:58.592+0000] {logging_mixin.py:190} INFO - [2024-12-10T00:28:58.592+0000] {dagbag.py:588} INFO - Filling up the DagBag from /opt/airflow/dags/dag_rtve_selenium.py
[2024-12-10T00:28:58.724+0000] {processor.py:925} INFO - DAG(s) 'rtve_schedule_scraper' retrieved from /opt/airflow/dags/dag_rtve_selenium.py
[2024-12-10T00:28:58.737+0000] {logging_mixin.py:190} INFO - [2024-12-10T00:28:58.737+0000] {dag.py:3239} INFO - Sync 1 DAGs
[2024-12-10T00:28:58.751+0000] {logging_mixin.py:190} INFO - [2024-12-10T00:28:58.751+0000] {dag.py:4180} INFO - Setting next_dagrun for rtve_schedule_scraper to 2024-12-09 23:30:00+00:00, run_after=2024-12-10 05:30:00+00:00
[2024-12-10T00:28:58.761+0000] {processor.py:208} INFO - Processing /opt/airflow/dags/dag_rtve_selenium.py took 0.174 seconds
[2024-12-10T00:29:29.476+0000] {processor.py:186} INFO - Started process (PID=17046) to work on /opt/airflow/dags/dag_rtve_selenium.py
[2024-12-10T00:29:29.477+0000] {processor.py:914} INFO - Processing file /opt/airflow/dags/dag_rtve_selenium.py for tasks to queue
[2024-12-10T00:29:29.478+0000] {logging_mixin.py:190} INFO - [2024-12-10T00:29:29.478+0000] {dagbag.py:588} INFO - Filling up the DagBag from /opt/airflow/dags/dag_rtve_selenium.py
[2024-12-10T00:29:29.604+0000] {processor.py:925} INFO - DAG(s) 'rtve_schedule_scraper' retrieved from /opt/airflow/dags/dag_rtve_selenium.py
[2024-12-10T00:29:29.617+0000] {logging_mixin.py:190} INFO - [2024-12-10T00:29:29.617+0000] {dag.py:3239} INFO - Sync 1 DAGs
[2024-12-10T00:29:29.631+0000] {logging_mixin.py:190} INFO - [2024-12-10T00:29:29.631+0000] {dag.py:4180} INFO - Setting next_dagrun for rtve_schedule_scraper to 2024-12-09 23:30:00+00:00, run_after=2024-12-10 05:30:00+00:00
[2024-12-10T00:29:29.641+0000] {processor.py:208} INFO - Processing /opt/airflow/dags/dag_rtve_selenium.py took 0.168 seconds
