[2024-12-10T00:00:13.657+0000] {processor.py:186} INFO - Started process (PID=16185) to work on /opt/airflow/dags/dag_hello_world.py
[2024-12-10T00:00:13.658+0000] {processor.py:914} INFO - Processing file /opt/airflow/dags/dag_hello_world.py for tasks to queue
[2024-12-10T00:00:13.659+0000] {logging_mixin.py:190} INFO - [2024-12-10T00:00:13.659+0000] {dagbag.py:588} INFO - Filling up the DagBag from /opt/airflow/dags/dag_hello_world.py
[2024-12-10T00:00:13.670+0000] {processor.py:925} INFO - DAG(s) 'example' retrieved from /opt/airflow/dags/dag_hello_world.py
[2024-12-10T00:00:13.683+0000] {logging_mixin.py:190} INFO - [2024-12-10T00:00:13.683+0000] {dag.py:3239} INFO - Sync 1 DAGs
[2024-12-10T00:00:13.697+0000] {logging_mixin.py:190} INFO - [2024-12-10T00:00:13.697+0000] {dag.py:4180} INFO - Setting next_dagrun for example to 2024-12-08 17:12:00+00:00, run_after=2024-12-09 17:12:00+00:00
[2024-12-10T00:00:13.706+0000] {processor.py:208} INFO - Processing /opt/airflow/dags/dag_hello_world.py took 0.052 seconds
[2024-12-10T00:00:44.750+0000] {processor.py:186} INFO - Started process (PID=16199) to work on /opt/airflow/dags/dag_hello_world.py
[2024-12-10T00:00:44.751+0000] {processor.py:914} INFO - Processing file /opt/airflow/dags/dag_hello_world.py for tasks to queue
[2024-12-10T00:00:44.752+0000] {logging_mixin.py:190} INFO - [2024-12-10T00:00:44.752+0000] {dagbag.py:588} INFO - Filling up the DagBag from /opt/airflow/dags/dag_hello_world.py
[2024-12-10T00:00:44.761+0000] {processor.py:925} INFO - DAG(s) 'example' retrieved from /opt/airflow/dags/dag_hello_world.py
[2024-12-10T00:00:44.775+0000] {logging_mixin.py:190} INFO - [2024-12-10T00:00:44.775+0000] {dag.py:3239} INFO - Sync 1 DAGs
[2024-12-10T00:00:44.788+0000] {logging_mixin.py:190} INFO - [2024-12-10T00:00:44.788+0000] {dag.py:4180} INFO - Setting next_dagrun for example to 2024-12-08 17:12:00+00:00, run_after=2024-12-09 17:12:00+00:00
[2024-12-10T00:00:44.798+0000] {processor.py:208} INFO - Processing /opt/airflow/dags/dag_hello_world.py took 0.052 seconds
[2024-12-10T00:01:15.986+0000] {processor.py:186} INFO - Started process (PID=16214) to work on /opt/airflow/dags/dag_hello_world.py
[2024-12-10T00:01:15.987+0000] {processor.py:914} INFO - Processing file /opt/airflow/dags/dag_hello_world.py for tasks to queue
[2024-12-10T00:01:15.988+0000] {logging_mixin.py:190} INFO - [2024-12-10T00:01:15.988+0000] {dagbag.py:588} INFO - Filling up the DagBag from /opt/airflow/dags/dag_hello_world.py
[2024-12-10T00:01:15.998+0000] {processor.py:925} INFO - DAG(s) 'example' retrieved from /opt/airflow/dags/dag_hello_world.py
[2024-12-10T00:01:16.012+0000] {logging_mixin.py:190} INFO - [2024-12-10T00:01:16.012+0000] {dag.py:3239} INFO - Sync 1 DAGs
[2024-12-10T00:01:16.026+0000] {logging_mixin.py:190} INFO - [2024-12-10T00:01:16.025+0000] {dag.py:4180} INFO - Setting next_dagrun for example to 2024-12-08 17:12:00+00:00, run_after=2024-12-09 17:12:00+00:00
[2024-12-10T00:01:16.038+0000] {processor.py:208} INFO - Processing /opt/airflow/dags/dag_hello_world.py took 0.055 seconds
[2024-12-10T00:01:46.235+0000] {processor.py:186} INFO - Started process (PID=16229) to work on /opt/airflow/dags/dag_hello_world.py
[2024-12-10T00:01:46.236+0000] {processor.py:914} INFO - Processing file /opt/airflow/dags/dag_hello_world.py for tasks to queue
[2024-12-10T00:01:46.237+0000] {logging_mixin.py:190} INFO - [2024-12-10T00:01:46.237+0000] {dagbag.py:588} INFO - Filling up the DagBag from /opt/airflow/dags/dag_hello_world.py
[2024-12-10T00:01:46.247+0000] {processor.py:925} INFO - DAG(s) 'example' retrieved from /opt/airflow/dags/dag_hello_world.py
[2024-12-10T00:01:46.260+0000] {logging_mixin.py:190} INFO - [2024-12-10T00:01:46.260+0000] {dag.py:3239} INFO - Sync 1 DAGs
[2024-12-10T00:01:46.274+0000] {logging_mixin.py:190} INFO - [2024-12-10T00:01:46.274+0000] {dag.py:4180} INFO - Setting next_dagrun for example to 2024-12-08 17:12:00+00:00, run_after=2024-12-09 17:12:00+00:00
[2024-12-10T00:01:46.284+0000] {processor.py:208} INFO - Processing /opt/airflow/dags/dag_hello_world.py took 0.053 seconds
[2024-12-10T00:02:16.657+0000] {processor.py:186} INFO - Started process (PID=16243) to work on /opt/airflow/dags/dag_hello_world.py
[2024-12-10T00:02:16.658+0000] {processor.py:914} INFO - Processing file /opt/airflow/dags/dag_hello_world.py for tasks to queue
[2024-12-10T00:02:16.659+0000] {logging_mixin.py:190} INFO - [2024-12-10T00:02:16.659+0000] {dagbag.py:588} INFO - Filling up the DagBag from /opt/airflow/dags/dag_hello_world.py
[2024-12-10T00:02:16.669+0000] {processor.py:925} INFO - DAG(s) 'example' retrieved from /opt/airflow/dags/dag_hello_world.py
[2024-12-10T00:02:16.687+0000] {logging_mixin.py:190} INFO - [2024-12-10T00:02:16.686+0000] {dag.py:3239} INFO - Sync 1 DAGs
[2024-12-10T00:02:16.701+0000] {logging_mixin.py:190} INFO - [2024-12-10T00:02:16.701+0000] {dag.py:4180} INFO - Setting next_dagrun for example to 2024-12-08 17:12:00+00:00, run_after=2024-12-09 17:12:00+00:00
[2024-12-10T00:02:16.710+0000] {processor.py:208} INFO - Processing /opt/airflow/dags/dag_hello_world.py took 0.057 seconds
[2024-12-10T00:02:46.980+0000] {processor.py:186} INFO - Started process (PID=16258) to work on /opt/airflow/dags/dag_hello_world.py
[2024-12-10T00:02:46.981+0000] {processor.py:914} INFO - Processing file /opt/airflow/dags/dag_hello_world.py for tasks to queue
[2024-12-10T00:02:46.982+0000] {logging_mixin.py:190} INFO - [2024-12-10T00:02:46.982+0000] {dagbag.py:588} INFO - Filling up the DagBag from /opt/airflow/dags/dag_hello_world.py
[2024-12-10T00:02:46.992+0000] {processor.py:925} INFO - DAG(s) 'example' retrieved from /opt/airflow/dags/dag_hello_world.py
[2024-12-10T00:02:47.007+0000] {logging_mixin.py:190} INFO - [2024-12-10T00:02:47.007+0000] {dag.py:3239} INFO - Sync 1 DAGs
[2024-12-10T00:02:47.020+0000] {logging_mixin.py:190} INFO - [2024-12-10T00:02:47.020+0000] {dag.py:4180} INFO - Setting next_dagrun for example to 2024-12-08 17:12:00+00:00, run_after=2024-12-09 17:12:00+00:00
[2024-12-10T00:02:47.055+0000] {processor.py:208} INFO - Processing /opt/airflow/dags/dag_hello_world.py took 0.078 seconds
[2024-12-10T00:03:17.409+0000] {processor.py:186} INFO - Started process (PID=16273) to work on /opt/airflow/dags/dag_hello_world.py
[2024-12-10T00:03:17.410+0000] {processor.py:914} INFO - Processing file /opt/airflow/dags/dag_hello_world.py for tasks to queue
[2024-12-10T00:03:17.411+0000] {logging_mixin.py:190} INFO - [2024-12-10T00:03:17.411+0000] {dagbag.py:588} INFO - Filling up the DagBag from /opt/airflow/dags/dag_hello_world.py
[2024-12-10T00:03:17.421+0000] {processor.py:925} INFO - DAG(s) 'example' retrieved from /opt/airflow/dags/dag_hello_world.py
[2024-12-10T00:03:17.435+0000] {logging_mixin.py:190} INFO - [2024-12-10T00:03:17.435+0000] {dag.py:3239} INFO - Sync 1 DAGs
[2024-12-10T00:03:17.448+0000] {logging_mixin.py:190} INFO - [2024-12-10T00:03:17.448+0000] {dag.py:4180} INFO - Setting next_dagrun for example to 2024-12-08 17:12:00+00:00, run_after=2024-12-09 17:12:00+00:00
[2024-12-10T00:03:17.538+0000] {processor.py:208} INFO - Processing /opt/airflow/dags/dag_hello_world.py took 0.132 seconds
[2024-12-10T00:03:47.827+0000] {processor.py:186} INFO - Started process (PID=16288) to work on /opt/airflow/dags/dag_hello_world.py
[2024-12-10T00:03:47.828+0000] {processor.py:914} INFO - Processing file /opt/airflow/dags/dag_hello_world.py for tasks to queue
[2024-12-10T00:03:47.830+0000] {logging_mixin.py:190} INFO - [2024-12-10T00:03:47.829+0000] {dagbag.py:588} INFO - Filling up the DagBag from /opt/airflow/dags/dag_hello_world.py
[2024-12-10T00:03:47.843+0000] {processor.py:925} INFO - DAG(s) 'example' retrieved from /opt/airflow/dags/dag_hello_world.py
[2024-12-10T00:03:47.859+0000] {logging_mixin.py:190} INFO - [2024-12-10T00:03:47.859+0000] {dag.py:3239} INFO - Sync 1 DAGs
[2024-12-10T00:03:47.874+0000] {logging_mixin.py:190} INFO - [2024-12-10T00:03:47.874+0000] {dag.py:4180} INFO - Setting next_dagrun for example to 2024-12-08 17:12:00+00:00, run_after=2024-12-09 17:12:00+00:00
[2024-12-10T00:03:47.886+0000] {processor.py:208} INFO - Processing /opt/airflow/dags/dag_hello_world.py took 0.062 seconds
[2024-12-10T00:04:18.088+0000] {processor.py:186} INFO - Started process (PID=16303) to work on /opt/airflow/dags/dag_hello_world.py
[2024-12-10T00:04:18.089+0000] {processor.py:914} INFO - Processing file /opt/airflow/dags/dag_hello_world.py for tasks to queue
[2024-12-10T00:04:18.090+0000] {logging_mixin.py:190} INFO - [2024-12-10T00:04:18.090+0000] {dagbag.py:588} INFO - Filling up the DagBag from /opt/airflow/dags/dag_hello_world.py
[2024-12-10T00:04:18.100+0000] {processor.py:925} INFO - DAG(s) 'example' retrieved from /opt/airflow/dags/dag_hello_world.py
[2024-12-10T00:04:18.114+0000] {logging_mixin.py:190} INFO - [2024-12-10T00:04:18.114+0000] {dag.py:3239} INFO - Sync 1 DAGs
[2024-12-10T00:04:18.208+0000] {logging_mixin.py:190} INFO - [2024-12-10T00:04:18.208+0000] {dag.py:4180} INFO - Setting next_dagrun for example to 2024-12-08 17:12:00+00:00, run_after=2024-12-09 17:12:00+00:00
[2024-12-10T00:04:18.224+0000] {processor.py:208} INFO - Processing /opt/airflow/dags/dag_hello_world.py took 0.139 seconds
[2024-12-10T00:04:48.580+0000] {processor.py:186} INFO - Started process (PID=16318) to work on /opt/airflow/dags/dag_hello_world.py
[2024-12-10T00:04:48.580+0000] {processor.py:914} INFO - Processing file /opt/airflow/dags/dag_hello_world.py for tasks to queue
[2024-12-10T00:04:48.581+0000] {logging_mixin.py:190} INFO - [2024-12-10T00:04:48.581+0000] {dagbag.py:588} INFO - Filling up the DagBag from /opt/airflow/dags/dag_hello_world.py
[2024-12-10T00:04:48.591+0000] {processor.py:925} INFO - DAG(s) 'example' retrieved from /opt/airflow/dags/dag_hello_world.py
[2024-12-10T00:04:48.605+0000] {logging_mixin.py:190} INFO - [2024-12-10T00:04:48.605+0000] {dag.py:3239} INFO - Sync 1 DAGs
[2024-12-10T00:04:48.618+0000] {logging_mixin.py:190} INFO - [2024-12-10T00:04:48.618+0000] {dag.py:4180} INFO - Setting next_dagrun for example to 2024-12-08 17:12:00+00:00, run_after=2024-12-09 17:12:00+00:00
[2024-12-10T00:04:48.628+0000] {processor.py:208} INFO - Processing /opt/airflow/dags/dag_hello_world.py took 0.052 seconds
[2024-12-10T00:05:18.956+0000] {processor.py:186} INFO - Started process (PID=16332) to work on /opt/airflow/dags/dag_hello_world.py
[2024-12-10T00:05:18.957+0000] {processor.py:914} INFO - Processing file /opt/airflow/dags/dag_hello_world.py for tasks to queue
[2024-12-10T00:05:18.958+0000] {logging_mixin.py:190} INFO - [2024-12-10T00:05:18.958+0000] {dagbag.py:588} INFO - Filling up the DagBag from /opt/airflow/dags/dag_hello_world.py
[2024-12-10T00:05:18.969+0000] {processor.py:925} INFO - DAG(s) 'example' retrieved from /opt/airflow/dags/dag_hello_world.py
[2024-12-10T00:05:18.983+0000] {logging_mixin.py:190} INFO - [2024-12-10T00:05:18.983+0000] {dag.py:3239} INFO - Sync 1 DAGs
[2024-12-10T00:05:19.079+0000] {logging_mixin.py:190} INFO - [2024-12-10T00:05:19.079+0000] {dag.py:4180} INFO - Setting next_dagrun for example to 2024-12-08 17:12:00+00:00, run_after=2024-12-09 17:12:00+00:00
[2024-12-10T00:05:19.088+0000] {processor.py:208} INFO - Processing /opt/airflow/dags/dag_hello_world.py took 0.135 seconds
[2024-12-10T00:05:49.328+0000] {processor.py:186} INFO - Started process (PID=16354) to work on /opt/airflow/dags/dag_hello_world.py
[2024-12-10T00:05:49.328+0000] {processor.py:914} INFO - Processing file /opt/airflow/dags/dag_hello_world.py for tasks to queue
[2024-12-10T00:05:49.330+0000] {logging_mixin.py:190} INFO - [2024-12-10T00:05:49.330+0000] {dagbag.py:588} INFO - Filling up the DagBag from /opt/airflow/dags/dag_hello_world.py
[2024-12-10T00:05:49.340+0000] {processor.py:925} INFO - DAG(s) 'example' retrieved from /opt/airflow/dags/dag_hello_world.py
[2024-12-10T00:05:49.354+0000] {logging_mixin.py:190} INFO - [2024-12-10T00:05:49.354+0000] {dag.py:3239} INFO - Sync 1 DAGs
[2024-12-10T00:05:49.367+0000] {logging_mixin.py:190} INFO - [2024-12-10T00:05:49.367+0000] {dag.py:4180} INFO - Setting next_dagrun for example to 2024-12-08 17:12:00+00:00, run_after=2024-12-09 17:12:00+00:00
[2024-12-10T00:05:49.377+0000] {processor.py:208} INFO - Processing /opt/airflow/dags/dag_hello_world.py took 0.053 seconds
[2024-12-10T00:06:19.701+0000] {processor.py:186} INFO - Started process (PID=16368) to work on /opt/airflow/dags/dag_hello_world.py
[2024-12-10T00:06:19.702+0000] {processor.py:914} INFO - Processing file /opt/airflow/dags/dag_hello_world.py for tasks to queue
[2024-12-10T00:06:19.703+0000] {logging_mixin.py:190} INFO - [2024-12-10T00:06:19.703+0000] {dagbag.py:588} INFO - Filling up the DagBag from /opt/airflow/dags/dag_hello_world.py
[2024-12-10T00:06:19.713+0000] {processor.py:925} INFO - DAG(s) 'example' retrieved from /opt/airflow/dags/dag_hello_world.py
[2024-12-10T00:06:19.728+0000] {logging_mixin.py:190} INFO - [2024-12-10T00:06:19.727+0000] {dag.py:3239} INFO - Sync 1 DAGs
[2024-12-10T00:06:19.741+0000] {logging_mixin.py:190} INFO - [2024-12-10T00:06:19.741+0000] {dag.py:4180} INFO - Setting next_dagrun for example to 2024-12-08 17:12:00+00:00, run_after=2024-12-09 17:12:00+00:00
[2024-12-10T00:06:19.751+0000] {processor.py:208} INFO - Processing /opt/airflow/dags/dag_hello_world.py took 0.053 seconds
[2024-12-10T00:06:49.858+0000] {processor.py:186} INFO - Started process (PID=16383) to work on /opt/airflow/dags/dag_hello_world.py
[2024-12-10T00:06:49.858+0000] {processor.py:914} INFO - Processing file /opt/airflow/dags/dag_hello_world.py for tasks to queue
[2024-12-10T00:06:49.860+0000] {logging_mixin.py:190} INFO - [2024-12-10T00:06:49.859+0000] {dagbag.py:588} INFO - Filling up the DagBag from /opt/airflow/dags/dag_hello_world.py
[2024-12-10T00:06:49.871+0000] {processor.py:925} INFO - DAG(s) 'example' retrieved from /opt/airflow/dags/dag_hello_world.py
[2024-12-10T00:06:49.886+0000] {logging_mixin.py:190} INFO - [2024-12-10T00:06:49.885+0000] {dag.py:3239} INFO - Sync 1 DAGs
[2024-12-10T00:06:49.899+0000] {logging_mixin.py:190} INFO - [2024-12-10T00:06:49.899+0000] {dag.py:4180} INFO - Setting next_dagrun for example to 2024-12-08 17:12:00+00:00, run_after=2024-12-09 17:12:00+00:00
[2024-12-10T00:06:49.990+0000] {processor.py:208} INFO - Processing /opt/airflow/dags/dag_hello_world.py took 0.136 seconds
[2024-12-10T00:07:20.587+0000] {processor.py:186} INFO - Started process (PID=16398) to work on /opt/airflow/dags/dag_hello_world.py
[2024-12-10T00:07:20.587+0000] {processor.py:914} INFO - Processing file /opt/airflow/dags/dag_hello_world.py for tasks to queue
[2024-12-10T00:07:20.589+0000] {logging_mixin.py:190} INFO - [2024-12-10T00:07:20.589+0000] {dagbag.py:588} INFO - Filling up the DagBag from /opt/airflow/dags/dag_hello_world.py
[2024-12-10T00:07:20.600+0000] {processor.py:925} INFO - DAG(s) 'example' retrieved from /opt/airflow/dags/dag_hello_world.py
[2024-12-10T00:07:20.615+0000] {logging_mixin.py:190} INFO - [2024-12-10T00:07:20.615+0000] {dag.py:3239} INFO - Sync 1 DAGs
[2024-12-10T00:07:20.628+0000] {logging_mixin.py:190} INFO - [2024-12-10T00:07:20.628+0000] {dag.py:4180} INFO - Setting next_dagrun for example to 2024-12-08 17:12:00+00:00, run_after=2024-12-09 17:12:00+00:00
[2024-12-10T00:07:20.639+0000] {processor.py:208} INFO - Processing /opt/airflow/dags/dag_hello_world.py took 0.056 seconds
[2024-12-10T00:07:51.573+0000] {processor.py:186} INFO - Started process (PID=16415) to work on /opt/airflow/dags/dag_hello_world.py
[2024-12-10T00:07:51.573+0000] {processor.py:914} INFO - Processing file /opt/airflow/dags/dag_hello_world.py for tasks to queue
[2024-12-10T00:07:51.575+0000] {logging_mixin.py:190} INFO - [2024-12-10T00:07:51.575+0000] {dagbag.py:588} INFO - Filling up the DagBag from /opt/airflow/dags/dag_hello_world.py
[2024-12-10T00:07:51.586+0000] {processor.py:925} INFO - DAG(s) 'example' retrieved from /opt/airflow/dags/dag_hello_world.py
[2024-12-10T00:07:51.603+0000] {logging_mixin.py:190} INFO - [2024-12-10T00:07:51.603+0000] {dag.py:3239} INFO - Sync 1 DAGs
[2024-12-10T00:07:51.617+0000] {logging_mixin.py:190} INFO - [2024-12-10T00:07:51.617+0000] {dag.py:4180} INFO - Setting next_dagrun for example to 2024-12-08 17:12:00+00:00, run_after=2024-12-09 17:12:00+00:00
[2024-12-10T00:07:51.626+0000] {processor.py:208} INFO - Processing /opt/airflow/dags/dag_hello_world.py took 0.058 seconds
[2024-12-10T00:08:22.469+0000] {processor.py:186} INFO - Started process (PID=16430) to work on /opt/airflow/dags/dag_hello_world.py
[2024-12-10T00:08:22.469+0000] {processor.py:914} INFO - Processing file /opt/airflow/dags/dag_hello_world.py for tasks to queue
[2024-12-10T00:08:22.471+0000] {logging_mixin.py:190} INFO - [2024-12-10T00:08:22.471+0000] {dagbag.py:588} INFO - Filling up the DagBag from /opt/airflow/dags/dag_hello_world.py
[2024-12-10T00:08:22.482+0000] {processor.py:925} INFO - DAG(s) 'example' retrieved from /opt/airflow/dags/dag_hello_world.py
[2024-12-10T00:08:22.499+0000] {logging_mixin.py:190} INFO - [2024-12-10T00:08:22.498+0000] {dag.py:3239} INFO - Sync 1 DAGs
[2024-12-10T00:08:22.514+0000] {logging_mixin.py:190} INFO - [2024-12-10T00:08:22.514+0000] {dag.py:4180} INFO - Setting next_dagrun for example to 2024-12-08 17:12:00+00:00, run_after=2024-12-09 17:12:00+00:00
[2024-12-10T00:08:22.524+0000] {processor.py:208} INFO - Processing /opt/airflow/dags/dag_hello_world.py took 0.059 seconds
[2024-12-10T00:08:53.442+0000] {processor.py:186} INFO - Started process (PID=16445) to work on /opt/airflow/dags/dag_hello_world.py
[2024-12-10T00:08:53.443+0000] {processor.py:914} INFO - Processing file /opt/airflow/dags/dag_hello_world.py for tasks to queue
[2024-12-10T00:08:53.444+0000] {logging_mixin.py:190} INFO - [2024-12-10T00:08:53.444+0000] {dagbag.py:588} INFO - Filling up the DagBag from /opt/airflow/dags/dag_hello_world.py
[2024-12-10T00:08:53.454+0000] {processor.py:925} INFO - DAG(s) 'example' retrieved from /opt/airflow/dags/dag_hello_world.py
[2024-12-10T00:08:53.470+0000] {logging_mixin.py:190} INFO - [2024-12-10T00:08:53.470+0000] {dag.py:3239} INFO - Sync 1 DAGs
[2024-12-10T00:08:53.483+0000] {logging_mixin.py:190} INFO - [2024-12-10T00:08:53.483+0000] {dag.py:4180} INFO - Setting next_dagrun for example to 2024-12-08 17:12:00+00:00, run_after=2024-12-09 17:12:00+00:00
[2024-12-10T00:08:53.493+0000] {processor.py:208} INFO - Processing /opt/airflow/dags/dag_hello_world.py took 0.054 seconds
[2024-12-10T00:09:24.315+0000] {processor.py:186} INFO - Started process (PID=16460) to work on /opt/airflow/dags/dag_hello_world.py
[2024-12-10T00:09:24.315+0000] {processor.py:914} INFO - Processing file /opt/airflow/dags/dag_hello_world.py for tasks to queue
[2024-12-10T00:09:24.317+0000] {logging_mixin.py:190} INFO - [2024-12-10T00:09:24.316+0000] {dagbag.py:588} INFO - Filling up the DagBag from /opt/airflow/dags/dag_hello_world.py
[2024-12-10T00:09:24.327+0000] {processor.py:925} INFO - DAG(s) 'example' retrieved from /opt/airflow/dags/dag_hello_world.py
[2024-12-10T00:09:24.342+0000] {logging_mixin.py:190} INFO - [2024-12-10T00:09:24.342+0000] {dag.py:3239} INFO - Sync 1 DAGs
[2024-12-10T00:09:24.355+0000] {logging_mixin.py:190} INFO - [2024-12-10T00:09:24.355+0000] {dag.py:4180} INFO - Setting next_dagrun for example to 2024-12-08 17:12:00+00:00, run_after=2024-12-09 17:12:00+00:00
[2024-12-10T00:09:24.366+0000] {processor.py:208} INFO - Processing /opt/airflow/dags/dag_hello_world.py took 0.055 seconds
[2024-12-10T00:09:55.190+0000] {processor.py:186} INFO - Started process (PID=16475) to work on /opt/airflow/dags/dag_hello_world.py
[2024-12-10T00:09:55.190+0000] {processor.py:914} INFO - Processing file /opt/airflow/dags/dag_hello_world.py for tasks to queue
[2024-12-10T00:09:55.192+0000] {logging_mixin.py:190} INFO - [2024-12-10T00:09:55.192+0000] {dagbag.py:588} INFO - Filling up the DagBag from /opt/airflow/dags/dag_hello_world.py
[2024-12-10T00:09:55.201+0000] {processor.py:925} INFO - DAG(s) 'example' retrieved from /opt/airflow/dags/dag_hello_world.py
[2024-12-10T00:09:55.216+0000] {logging_mixin.py:190} INFO - [2024-12-10T00:09:55.216+0000] {dag.py:3239} INFO - Sync 1 DAGs
[2024-12-10T00:09:55.229+0000] {logging_mixin.py:190} INFO - [2024-12-10T00:09:55.229+0000] {dag.py:4180} INFO - Setting next_dagrun for example to 2024-12-08 17:12:00+00:00, run_after=2024-12-09 17:12:00+00:00
[2024-12-10T00:09:55.239+0000] {processor.py:208} INFO - Processing /opt/airflow/dags/dag_hello_world.py took 0.053 seconds
[2024-12-10T00:10:26.074+0000] {processor.py:186} INFO - Started process (PID=16490) to work on /opt/airflow/dags/dag_hello_world.py
[2024-12-10T00:10:26.074+0000] {processor.py:914} INFO - Processing file /opt/airflow/dags/dag_hello_world.py for tasks to queue
[2024-12-10T00:10:26.076+0000] {logging_mixin.py:190} INFO - [2024-12-10T00:10:26.075+0000] {dagbag.py:588} INFO - Filling up the DagBag from /opt/airflow/dags/dag_hello_world.py
[2024-12-10T00:10:26.085+0000] {processor.py:925} INFO - DAG(s) 'example' retrieved from /opt/airflow/dags/dag_hello_world.py
[2024-12-10T00:10:26.099+0000] {logging_mixin.py:190} INFO - [2024-12-10T00:10:26.099+0000] {dag.py:3239} INFO - Sync 1 DAGs
[2024-12-10T00:10:26.112+0000] {logging_mixin.py:190} INFO - [2024-12-10T00:10:26.112+0000] {dag.py:4180} INFO - Setting next_dagrun for example to 2024-12-08 17:12:00+00:00, run_after=2024-12-09 17:12:00+00:00
[2024-12-10T00:10:26.122+0000] {processor.py:208} INFO - Processing /opt/airflow/dags/dag_hello_world.py took 0.052 seconds
[2024-12-10T00:10:56.951+0000] {processor.py:186} INFO - Started process (PID=16506) to work on /opt/airflow/dags/dag_hello_world.py
[2024-12-10T00:10:56.952+0000] {processor.py:914} INFO - Processing file /opt/airflow/dags/dag_hello_world.py for tasks to queue
[2024-12-10T00:10:56.953+0000] {logging_mixin.py:190} INFO - [2024-12-10T00:10:56.953+0000] {dagbag.py:588} INFO - Filling up the DagBag from /opt/airflow/dags/dag_hello_world.py
[2024-12-10T00:10:56.964+0000] {processor.py:925} INFO - DAG(s) 'example' retrieved from /opt/airflow/dags/dag_hello_world.py
[2024-12-10T00:10:56.978+0000] {logging_mixin.py:190} INFO - [2024-12-10T00:10:56.978+0000] {dag.py:3239} INFO - Sync 1 DAGs
[2024-12-10T00:10:56.991+0000] {logging_mixin.py:190} INFO - [2024-12-10T00:10:56.991+0000] {dag.py:4180} INFO - Setting next_dagrun for example to 2024-12-08 17:12:00+00:00, run_after=2024-12-09 17:12:00+00:00
[2024-12-10T00:10:57.002+0000] {processor.py:208} INFO - Processing /opt/airflow/dags/dag_hello_world.py took 0.054 seconds
[2024-12-10T00:11:27.844+0000] {processor.py:186} INFO - Started process (PID=16520) to work on /opt/airflow/dags/dag_hello_world.py
[2024-12-10T00:11:27.845+0000] {processor.py:914} INFO - Processing file /opt/airflow/dags/dag_hello_world.py for tasks to queue
[2024-12-10T00:11:27.846+0000] {logging_mixin.py:190} INFO - [2024-12-10T00:11:27.846+0000] {dagbag.py:588} INFO - Filling up the DagBag from /opt/airflow/dags/dag_hello_world.py
[2024-12-10T00:11:27.856+0000] {processor.py:925} INFO - DAG(s) 'example' retrieved from /opt/airflow/dags/dag_hello_world.py
[2024-12-10T00:11:27.872+0000] {logging_mixin.py:190} INFO - [2024-12-10T00:11:27.871+0000] {dag.py:3239} INFO - Sync 1 DAGs
[2024-12-10T00:11:27.886+0000] {logging_mixin.py:190} INFO - [2024-12-10T00:11:27.886+0000] {dag.py:4180} INFO - Setting next_dagrun for example to 2024-12-08 17:12:00+00:00, run_after=2024-12-09 17:12:00+00:00
[2024-12-10T00:11:27.896+0000] {processor.py:208} INFO - Processing /opt/airflow/dags/dag_hello_world.py took 0.056 seconds
[2024-12-10T00:11:58.777+0000] {processor.py:186} INFO - Started process (PID=16535) to work on /opt/airflow/dags/dag_hello_world.py
[2024-12-10T00:11:58.778+0000] {processor.py:914} INFO - Processing file /opt/airflow/dags/dag_hello_world.py for tasks to queue
[2024-12-10T00:11:58.779+0000] {logging_mixin.py:190} INFO - [2024-12-10T00:11:58.779+0000] {dagbag.py:588} INFO - Filling up the DagBag from /opt/airflow/dags/dag_hello_world.py
[2024-12-10T00:11:58.789+0000] {processor.py:925} INFO - DAG(s) 'example' retrieved from /opt/airflow/dags/dag_hello_world.py
[2024-12-10T00:11:58.803+0000] {logging_mixin.py:190} INFO - [2024-12-10T00:11:58.803+0000] {dag.py:3239} INFO - Sync 1 DAGs
[2024-12-10T00:11:58.818+0000] {logging_mixin.py:190} INFO - [2024-12-10T00:11:58.818+0000] {dag.py:4180} INFO - Setting next_dagrun for example to 2024-12-08 17:12:00+00:00, run_after=2024-12-09 17:12:00+00:00
[2024-12-10T00:11:58.829+0000] {processor.py:208} INFO - Processing /opt/airflow/dags/dag_hello_world.py took 0.055 seconds
[2024-12-10T00:12:29.773+0000] {processor.py:186} INFO - Started process (PID=16550) to work on /opt/airflow/dags/dag_hello_world.py
[2024-12-10T00:12:29.774+0000] {processor.py:914} INFO - Processing file /opt/airflow/dags/dag_hello_world.py for tasks to queue
[2024-12-10T00:12:29.776+0000] {logging_mixin.py:190} INFO - [2024-12-10T00:12:29.775+0000] {dagbag.py:588} INFO - Filling up the DagBag from /opt/airflow/dags/dag_hello_world.py
[2024-12-10T00:12:29.785+0000] {processor.py:925} INFO - DAG(s) 'example' retrieved from /opt/airflow/dags/dag_hello_world.py
[2024-12-10T00:12:29.801+0000] {logging_mixin.py:190} INFO - [2024-12-10T00:12:29.801+0000] {dag.py:3239} INFO - Sync 1 DAGs
[2024-12-10T00:12:29.814+0000] {logging_mixin.py:190} INFO - [2024-12-10T00:12:29.814+0000] {dag.py:4180} INFO - Setting next_dagrun for example to 2024-12-08 17:12:00+00:00, run_after=2024-12-09 17:12:00+00:00
[2024-12-10T00:12:29.825+0000] {processor.py:208} INFO - Processing /opt/airflow/dags/dag_hello_world.py took 0.055 seconds
[2024-12-10T00:13:00.647+0000] {processor.py:186} INFO - Started process (PID=16565) to work on /opt/airflow/dags/dag_hello_world.py
[2024-12-10T00:13:00.647+0000] {processor.py:914} INFO - Processing file /opt/airflow/dags/dag_hello_world.py for tasks to queue
[2024-12-10T00:13:00.648+0000] {logging_mixin.py:190} INFO - [2024-12-10T00:13:00.648+0000] {dagbag.py:588} INFO - Filling up the DagBag from /opt/airflow/dags/dag_hello_world.py
[2024-12-10T00:13:00.658+0000] {processor.py:925} INFO - DAG(s) 'example' retrieved from /opt/airflow/dags/dag_hello_world.py
[2024-12-10T00:13:00.672+0000] {logging_mixin.py:190} INFO - [2024-12-10T00:13:00.672+0000] {dag.py:3239} INFO - Sync 1 DAGs
[2024-12-10T00:13:00.685+0000] {logging_mixin.py:190} INFO - [2024-12-10T00:13:00.685+0000] {dag.py:4180} INFO - Setting next_dagrun for example to 2024-12-08 17:12:00+00:00, run_after=2024-12-09 17:12:00+00:00
[2024-12-10T00:13:00.694+0000] {processor.py:208} INFO - Processing /opt/airflow/dags/dag_hello_world.py took 0.052 seconds
[2024-12-10T00:13:31.543+0000] {processor.py:186} INFO - Started process (PID=16580) to work on /opt/airflow/dags/dag_hello_world.py
[2024-12-10T00:13:31.544+0000] {processor.py:914} INFO - Processing file /opt/airflow/dags/dag_hello_world.py for tasks to queue
[2024-12-10T00:13:31.545+0000] {logging_mixin.py:190} INFO - [2024-12-10T00:13:31.545+0000] {dagbag.py:588} INFO - Filling up the DagBag from /opt/airflow/dags/dag_hello_world.py
[2024-12-10T00:13:31.555+0000] {processor.py:925} INFO - DAG(s) 'example' retrieved from /opt/airflow/dags/dag_hello_world.py
[2024-12-10T00:13:31.569+0000] {logging_mixin.py:190} INFO - [2024-12-10T00:13:31.569+0000] {dag.py:3239} INFO - Sync 1 DAGs
[2024-12-10T00:13:31.583+0000] {logging_mixin.py:190} INFO - [2024-12-10T00:13:31.583+0000] {dag.py:4180} INFO - Setting next_dagrun for example to 2024-12-08 17:12:00+00:00, run_after=2024-12-09 17:12:00+00:00
[2024-12-10T00:13:31.592+0000] {processor.py:208} INFO - Processing /opt/airflow/dags/dag_hello_world.py took 0.053 seconds
[2024-12-10T00:14:02.446+0000] {processor.py:186} INFO - Started process (PID=16595) to work on /opt/airflow/dags/dag_hello_world.py
[2024-12-10T00:14:02.446+0000] {processor.py:914} INFO - Processing file /opt/airflow/dags/dag_hello_world.py for tasks to queue
[2024-12-10T00:14:02.448+0000] {logging_mixin.py:190} INFO - [2024-12-10T00:14:02.448+0000] {dagbag.py:588} INFO - Filling up the DagBag from /opt/airflow/dags/dag_hello_world.py
[2024-12-10T00:14:02.457+0000] {processor.py:925} INFO - DAG(s) 'example' retrieved from /opt/airflow/dags/dag_hello_world.py
[2024-12-10T00:14:02.471+0000] {logging_mixin.py:190} INFO - [2024-12-10T00:14:02.471+0000] {dag.py:3239} INFO - Sync 1 DAGs
[2024-12-10T00:14:02.484+0000] {logging_mixin.py:190} INFO - [2024-12-10T00:14:02.484+0000] {dag.py:4180} INFO - Setting next_dagrun for example to 2024-12-08 17:12:00+00:00, run_after=2024-12-09 17:12:00+00:00
[2024-12-10T00:14:02.494+0000] {processor.py:208} INFO - Processing /opt/airflow/dags/dag_hello_world.py took 0.051 seconds
[2024-12-10T00:14:33.333+0000] {processor.py:186} INFO - Started process (PID=16610) to work on /opt/airflow/dags/dag_hello_world.py
[2024-12-10T00:14:33.333+0000] {processor.py:914} INFO - Processing file /opt/airflow/dags/dag_hello_world.py for tasks to queue
[2024-12-10T00:14:33.335+0000] {logging_mixin.py:190} INFO - [2024-12-10T00:14:33.335+0000] {dagbag.py:588} INFO - Filling up the DagBag from /opt/airflow/dags/dag_hello_world.py
[2024-12-10T00:14:33.345+0000] {processor.py:925} INFO - DAG(s) 'example' retrieved from /opt/airflow/dags/dag_hello_world.py
[2024-12-10T00:14:33.359+0000] {logging_mixin.py:190} INFO - [2024-12-10T00:14:33.359+0000] {dag.py:3239} INFO - Sync 1 DAGs
[2024-12-10T00:14:33.372+0000] {logging_mixin.py:190} INFO - [2024-12-10T00:14:33.372+0000] {dag.py:4180} INFO - Setting next_dagrun for example to 2024-12-08 17:12:00+00:00, run_after=2024-12-09 17:12:00+00:00
[2024-12-10T00:14:33.382+0000] {processor.py:208} INFO - Processing /opt/airflow/dags/dag_hello_world.py took 0.052 seconds
[2024-12-10T00:15:04.219+0000] {processor.py:186} INFO - Started process (PID=16625) to work on /opt/airflow/dags/dag_hello_world.py
[2024-12-10T00:15:04.219+0000] {processor.py:914} INFO - Processing file /opt/airflow/dags/dag_hello_world.py for tasks to queue
[2024-12-10T00:15:04.221+0000] {logging_mixin.py:190} INFO - [2024-12-10T00:15:04.220+0000] {dagbag.py:588} INFO - Filling up the DagBag from /opt/airflow/dags/dag_hello_world.py
[2024-12-10T00:15:04.230+0000] {processor.py:925} INFO - DAG(s) 'example' retrieved from /opt/airflow/dags/dag_hello_world.py
[2024-12-10T00:15:04.244+0000] {logging_mixin.py:190} INFO - [2024-12-10T00:15:04.244+0000] {dag.py:3239} INFO - Sync 1 DAGs
[2024-12-10T00:15:04.257+0000] {logging_mixin.py:190} INFO - [2024-12-10T00:15:04.257+0000] {dag.py:4180} INFO - Setting next_dagrun for example to 2024-12-08 17:12:00+00:00, run_after=2024-12-09 17:12:00+00:00
[2024-12-10T00:15:04.267+0000] {processor.py:208} INFO - Processing /opt/airflow/dags/dag_hello_world.py took 0.052 seconds
[2024-12-10T00:15:35.121+0000] {processor.py:186} INFO - Started process (PID=16640) to work on /opt/airflow/dags/dag_hello_world.py
[2024-12-10T00:15:35.121+0000] {processor.py:914} INFO - Processing file /opt/airflow/dags/dag_hello_world.py for tasks to queue
[2024-12-10T00:15:35.122+0000] {logging_mixin.py:190} INFO - [2024-12-10T00:15:35.122+0000] {dagbag.py:588} INFO - Filling up the DagBag from /opt/airflow/dags/dag_hello_world.py
[2024-12-10T00:15:35.132+0000] {processor.py:925} INFO - DAG(s) 'example' retrieved from /opt/airflow/dags/dag_hello_world.py
[2024-12-10T00:15:35.146+0000] {logging_mixin.py:190} INFO - [2024-12-10T00:15:35.146+0000] {dag.py:3239} INFO - Sync 1 DAGs
[2024-12-10T00:15:35.159+0000] {logging_mixin.py:190} INFO - [2024-12-10T00:15:35.159+0000] {dag.py:4180} INFO - Setting next_dagrun for example to 2024-12-08 17:12:00+00:00, run_after=2024-12-09 17:12:00+00:00
[2024-12-10T00:15:35.168+0000] {processor.py:208} INFO - Processing /opt/airflow/dags/dag_hello_world.py took 0.052 seconds
[2024-12-10T00:16:05.995+0000] {processor.py:186} INFO - Started process (PID=16655) to work on /opt/airflow/dags/dag_hello_world.py
[2024-12-10T00:16:05.995+0000] {processor.py:914} INFO - Processing file /opt/airflow/dags/dag_hello_world.py for tasks to queue
[2024-12-10T00:16:05.997+0000] {logging_mixin.py:190} INFO - [2024-12-10T00:16:05.996+0000] {dagbag.py:588} INFO - Filling up the DagBag from /opt/airflow/dags/dag_hello_world.py
[2024-12-10T00:16:06.007+0000] {processor.py:925} INFO - DAG(s) 'example' retrieved from /opt/airflow/dags/dag_hello_world.py
[2024-12-10T00:16:06.021+0000] {logging_mixin.py:190} INFO - [2024-12-10T00:16:06.021+0000] {dag.py:3239} INFO - Sync 1 DAGs
[2024-12-10T00:16:06.035+0000] {logging_mixin.py:190} INFO - [2024-12-10T00:16:06.034+0000] {dag.py:4180} INFO - Setting next_dagrun for example to 2024-12-08 17:12:00+00:00, run_after=2024-12-09 17:12:00+00:00
[2024-12-10T00:16:06.045+0000] {processor.py:208} INFO - Processing /opt/airflow/dags/dag_hello_world.py took 0.054 seconds
[2024-12-10T00:16:36.886+0000] {processor.py:186} INFO - Started process (PID=16670) to work on /opt/airflow/dags/dag_hello_world.py
[2024-12-10T00:16:36.886+0000] {processor.py:914} INFO - Processing file /opt/airflow/dags/dag_hello_world.py for tasks to queue
[2024-12-10T00:16:36.888+0000] {logging_mixin.py:190} INFO - [2024-12-10T00:16:36.888+0000] {dagbag.py:588} INFO - Filling up the DagBag from /opt/airflow/dags/dag_hello_world.py
[2024-12-10T00:16:36.897+0000] {processor.py:925} INFO - DAG(s) 'example' retrieved from /opt/airflow/dags/dag_hello_world.py
[2024-12-10T00:16:36.911+0000] {logging_mixin.py:190} INFO - [2024-12-10T00:16:36.911+0000] {dag.py:3239} INFO - Sync 1 DAGs
[2024-12-10T00:16:36.924+0000] {logging_mixin.py:190} INFO - [2024-12-10T00:16:36.924+0000] {dag.py:4180} INFO - Setting next_dagrun for example to 2024-12-08 17:12:00+00:00, run_after=2024-12-09 17:12:00+00:00
[2024-12-10T00:16:36.933+0000] {processor.py:208} INFO - Processing /opt/airflow/dags/dag_hello_world.py took 0.051 seconds
[2024-12-10T00:17:07.785+0000] {processor.py:186} INFO - Started process (PID=16685) to work on /opt/airflow/dags/dag_hello_world.py
[2024-12-10T00:17:07.786+0000] {processor.py:914} INFO - Processing file /opt/airflow/dags/dag_hello_world.py for tasks to queue
[2024-12-10T00:17:07.787+0000] {logging_mixin.py:190} INFO - [2024-12-10T00:17:07.787+0000] {dagbag.py:588} INFO - Filling up the DagBag from /opt/airflow/dags/dag_hello_world.py
[2024-12-10T00:17:07.796+0000] {processor.py:925} INFO - DAG(s) 'example' retrieved from /opt/airflow/dags/dag_hello_world.py
[2024-12-10T00:17:07.811+0000] {logging_mixin.py:190} INFO - [2024-12-10T00:17:07.811+0000] {dag.py:3239} INFO - Sync 1 DAGs
[2024-12-10T00:17:07.825+0000] {logging_mixin.py:190} INFO - [2024-12-10T00:17:07.825+0000] {dag.py:4180} INFO - Setting next_dagrun for example to 2024-12-08 17:12:00+00:00, run_after=2024-12-09 17:12:00+00:00
[2024-12-10T00:17:07.834+0000] {processor.py:208} INFO - Processing /opt/airflow/dags/dag_hello_world.py took 0.053 seconds
[2024-12-10T00:17:38.840+0000] {processor.py:186} INFO - Started process (PID=16700) to work on /opt/airflow/dags/dag_hello_world.py
[2024-12-10T00:17:38.840+0000] {processor.py:914} INFO - Processing file /opt/airflow/dags/dag_hello_world.py for tasks to queue
[2024-12-10T00:17:38.842+0000] {logging_mixin.py:190} INFO - [2024-12-10T00:17:38.842+0000] {dagbag.py:588} INFO - Filling up the DagBag from /opt/airflow/dags/dag_hello_world.py
[2024-12-10T00:17:38.852+0000] {processor.py:925} INFO - DAG(s) 'example' retrieved from /opt/airflow/dags/dag_hello_world.py
[2024-12-10T00:17:38.865+0000] {logging_mixin.py:190} INFO - [2024-12-10T00:17:38.865+0000] {dag.py:3239} INFO - Sync 1 DAGs
[2024-12-10T00:17:38.879+0000] {logging_mixin.py:190} INFO - [2024-12-10T00:17:38.879+0000] {dag.py:4180} INFO - Setting next_dagrun for example to 2024-12-08 17:12:00+00:00, run_after=2024-12-09 17:12:00+00:00
[2024-12-10T00:17:38.888+0000] {processor.py:208} INFO - Processing /opt/airflow/dags/dag_hello_world.py took 0.052 seconds
[2024-12-10T00:18:09.713+0000] {processor.py:186} INFO - Started process (PID=16715) to work on /opt/airflow/dags/dag_hello_world.py
[2024-12-10T00:18:09.713+0000] {processor.py:914} INFO - Processing file /opt/airflow/dags/dag_hello_world.py for tasks to queue
[2024-12-10T00:18:09.715+0000] {logging_mixin.py:190} INFO - [2024-12-10T00:18:09.714+0000] {dagbag.py:588} INFO - Filling up the DagBag from /opt/airflow/dags/dag_hello_world.py
[2024-12-10T00:18:09.724+0000] {processor.py:925} INFO - DAG(s) 'example' retrieved from /opt/airflow/dags/dag_hello_world.py
[2024-12-10T00:18:09.739+0000] {logging_mixin.py:190} INFO - [2024-12-10T00:18:09.739+0000] {dag.py:3239} INFO - Sync 1 DAGs
[2024-12-10T00:18:09.752+0000] {logging_mixin.py:190} INFO - [2024-12-10T00:18:09.752+0000] {dag.py:4180} INFO - Setting next_dagrun for example to 2024-12-08 17:12:00+00:00, run_after=2024-12-09 17:12:00+00:00
[2024-12-10T00:18:09.762+0000] {processor.py:208} INFO - Processing /opt/airflow/dags/dag_hello_world.py took 0.053 seconds
[2024-12-10T00:18:40.653+0000] {processor.py:186} INFO - Started process (PID=16730) to work on /opt/airflow/dags/dag_hello_world.py
[2024-12-10T00:18:40.653+0000] {processor.py:914} INFO - Processing file /opt/airflow/dags/dag_hello_world.py for tasks to queue
[2024-12-10T00:18:40.655+0000] {logging_mixin.py:190} INFO - [2024-12-10T00:18:40.654+0000] {dagbag.py:588} INFO - Filling up the DagBag from /opt/airflow/dags/dag_hello_world.py
[2024-12-10T00:18:40.665+0000] {processor.py:925} INFO - DAG(s) 'example' retrieved from /opt/airflow/dags/dag_hello_world.py
[2024-12-10T00:18:40.679+0000] {logging_mixin.py:190} INFO - [2024-12-10T00:18:40.679+0000] {dag.py:3239} INFO - Sync 1 DAGs
[2024-12-10T00:18:40.693+0000] {logging_mixin.py:190} INFO - [2024-12-10T00:18:40.692+0000] {dag.py:4180} INFO - Setting next_dagrun for example to 2024-12-08 17:12:00+00:00, run_after=2024-12-09 17:12:00+00:00
[2024-12-10T00:18:40.703+0000] {processor.py:208} INFO - Processing /opt/airflow/dags/dag_hello_world.py took 0.054 seconds
[2024-12-10T00:19:11.537+0000] {processor.py:186} INFO - Started process (PID=16745) to work on /opt/airflow/dags/dag_hello_world.py
[2024-12-10T00:19:11.538+0000] {processor.py:914} INFO - Processing file /opt/airflow/dags/dag_hello_world.py for tasks to queue
[2024-12-10T00:19:11.539+0000] {logging_mixin.py:190} INFO - [2024-12-10T00:19:11.539+0000] {dagbag.py:588} INFO - Filling up the DagBag from /opt/airflow/dags/dag_hello_world.py
[2024-12-10T00:19:11.548+0000] {processor.py:925} INFO - DAG(s) 'example' retrieved from /opt/airflow/dags/dag_hello_world.py
[2024-12-10T00:19:11.564+0000] {logging_mixin.py:190} INFO - [2024-12-10T00:19:11.564+0000] {dag.py:3239} INFO - Sync 1 DAGs
[2024-12-10T00:19:11.579+0000] {logging_mixin.py:190} INFO - [2024-12-10T00:19:11.579+0000] {dag.py:4180} INFO - Setting next_dagrun for example to 2024-12-08 17:12:00+00:00, run_after=2024-12-09 17:12:00+00:00
[2024-12-10T00:19:11.591+0000] {processor.py:208} INFO - Processing /opt/airflow/dags/dag_hello_world.py took 0.057 seconds
[2024-12-10T00:19:42.400+0000] {processor.py:186} INFO - Started process (PID=16760) to work on /opt/airflow/dags/dag_hello_world.py
[2024-12-10T00:19:42.401+0000] {processor.py:914} INFO - Processing file /opt/airflow/dags/dag_hello_world.py for tasks to queue
[2024-12-10T00:19:42.402+0000] {logging_mixin.py:190} INFO - [2024-12-10T00:19:42.402+0000] {dagbag.py:588} INFO - Filling up the DagBag from /opt/airflow/dags/dag_hello_world.py
[2024-12-10T00:19:42.412+0000] {processor.py:925} INFO - DAG(s) 'example' retrieved from /opt/airflow/dags/dag_hello_world.py
[2024-12-10T00:19:42.427+0000] {logging_mixin.py:190} INFO - [2024-12-10T00:19:42.427+0000] {dag.py:3239} INFO - Sync 1 DAGs
[2024-12-10T00:19:42.443+0000] {logging_mixin.py:190} INFO - [2024-12-10T00:19:42.443+0000] {dag.py:4180} INFO - Setting next_dagrun for example to 2024-12-08 17:12:00+00:00, run_after=2024-12-09 17:12:00+00:00
[2024-12-10T00:19:42.455+0000] {processor.py:208} INFO - Processing /opt/airflow/dags/dag_hello_world.py took 0.059 seconds
[2024-12-10T00:20:13.301+0000] {processor.py:186} INFO - Started process (PID=16775) to work on /opt/airflow/dags/dag_hello_world.py
[2024-12-10T00:20:13.302+0000] {processor.py:914} INFO - Processing file /opt/airflow/dags/dag_hello_world.py for tasks to queue
[2024-12-10T00:20:13.304+0000] {logging_mixin.py:190} INFO - [2024-12-10T00:20:13.303+0000] {dagbag.py:588} INFO - Filling up the DagBag from /opt/airflow/dags/dag_hello_world.py
[2024-12-10T00:20:13.314+0000] {processor.py:925} INFO - DAG(s) 'example' retrieved from /opt/airflow/dags/dag_hello_world.py
[2024-12-10T00:20:13.330+0000] {logging_mixin.py:190} INFO - [2024-12-10T00:20:13.330+0000] {dag.py:3239} INFO - Sync 1 DAGs
[2024-12-10T00:20:13.343+0000] {logging_mixin.py:190} INFO - [2024-12-10T00:20:13.343+0000] {dag.py:4180} INFO - Setting next_dagrun for example to 2024-12-08 17:12:00+00:00, run_after=2024-12-09 17:12:00+00:00
[2024-12-10T00:20:13.353+0000] {processor.py:208} INFO - Processing /opt/airflow/dags/dag_hello_world.py took 0.055 seconds
[2024-12-10T00:20:44.206+0000] {processor.py:186} INFO - Started process (PID=16790) to work on /opt/airflow/dags/dag_hello_world.py
[2024-12-10T00:20:44.206+0000] {processor.py:914} INFO - Processing file /opt/airflow/dags/dag_hello_world.py for tasks to queue
[2024-12-10T00:20:44.208+0000] {logging_mixin.py:190} INFO - [2024-12-10T00:20:44.207+0000] {dagbag.py:588} INFO - Filling up the DagBag from /opt/airflow/dags/dag_hello_world.py
[2024-12-10T00:20:44.217+0000] {processor.py:925} INFO - DAG(s) 'example' retrieved from /opt/airflow/dags/dag_hello_world.py
[2024-12-10T00:20:44.231+0000] {logging_mixin.py:190} INFO - [2024-12-10T00:20:44.231+0000] {dag.py:3239} INFO - Sync 1 DAGs
[2024-12-10T00:20:44.244+0000] {logging_mixin.py:190} INFO - [2024-12-10T00:20:44.244+0000] {dag.py:4180} INFO - Setting next_dagrun for example to 2024-12-08 17:12:00+00:00, run_after=2024-12-09 17:12:00+00:00
[2024-12-10T00:20:44.254+0000] {processor.py:208} INFO - Processing /opt/airflow/dags/dag_hello_world.py took 0.052 seconds
[2024-12-10T00:21:15.125+0000] {processor.py:186} INFO - Started process (PID=16805) to work on /opt/airflow/dags/dag_hello_world.py
[2024-12-10T00:21:15.126+0000] {processor.py:914} INFO - Processing file /opt/airflow/dags/dag_hello_world.py for tasks to queue
[2024-12-10T00:21:15.127+0000] {logging_mixin.py:190} INFO - [2024-12-10T00:21:15.127+0000] {dagbag.py:588} INFO - Filling up the DagBag from /opt/airflow/dags/dag_hello_world.py
[2024-12-10T00:21:15.138+0000] {processor.py:925} INFO - DAG(s) 'example' retrieved from /opt/airflow/dags/dag_hello_world.py
[2024-12-10T00:21:15.152+0000] {logging_mixin.py:190} INFO - [2024-12-10T00:21:15.152+0000] {dag.py:3239} INFO - Sync 1 DAGs
[2024-12-10T00:21:15.166+0000] {logging_mixin.py:190} INFO - [2024-12-10T00:21:15.165+0000] {dag.py:4180} INFO - Setting next_dagrun for example to 2024-12-08 17:12:00+00:00, run_after=2024-12-09 17:12:00+00:00
[2024-12-10T00:21:15.176+0000] {processor.py:208} INFO - Processing /opt/airflow/dags/dag_hello_world.py took 0.055 seconds
[2024-12-10T00:21:45.993+0000] {processor.py:186} INFO - Started process (PID=16820) to work on /opt/airflow/dags/dag_hello_world.py
[2024-12-10T00:21:45.994+0000] {processor.py:914} INFO - Processing file /opt/airflow/dags/dag_hello_world.py for tasks to queue
[2024-12-10T00:21:45.995+0000] {logging_mixin.py:190} INFO - [2024-12-10T00:21:45.995+0000] {dagbag.py:588} INFO - Filling up the DagBag from /opt/airflow/dags/dag_hello_world.py
[2024-12-10T00:21:46.005+0000] {processor.py:925} INFO - DAG(s) 'example' retrieved from /opt/airflow/dags/dag_hello_world.py
[2024-12-10T00:21:46.019+0000] {logging_mixin.py:190} INFO - [2024-12-10T00:21:46.019+0000] {dag.py:3239} INFO - Sync 1 DAGs
[2024-12-10T00:21:46.033+0000] {logging_mixin.py:190} INFO - [2024-12-10T00:21:46.033+0000] {dag.py:4180} INFO - Setting next_dagrun for example to 2024-12-08 17:12:00+00:00, run_after=2024-12-09 17:12:00+00:00
[2024-12-10T00:21:46.042+0000] {processor.py:208} INFO - Processing /opt/airflow/dags/dag_hello_world.py took 0.053 seconds
[2024-12-10T00:22:17.043+0000] {processor.py:186} INFO - Started process (PID=16835) to work on /opt/airflow/dags/dag_hello_world.py
[2024-12-10T00:22:17.044+0000] {processor.py:914} INFO - Processing file /opt/airflow/dags/dag_hello_world.py for tasks to queue
[2024-12-10T00:22:17.045+0000] {logging_mixin.py:190} INFO - [2024-12-10T00:22:17.045+0000] {dagbag.py:588} INFO - Filling up the DagBag from /opt/airflow/dags/dag_hello_world.py
[2024-12-10T00:22:17.054+0000] {processor.py:925} INFO - DAG(s) 'example' retrieved from /opt/airflow/dags/dag_hello_world.py
[2024-12-10T00:22:17.068+0000] {logging_mixin.py:190} INFO - [2024-12-10T00:22:17.068+0000] {dag.py:3239} INFO - Sync 1 DAGs
[2024-12-10T00:22:17.083+0000] {logging_mixin.py:190} INFO - [2024-12-10T00:22:17.082+0000] {dag.py:4180} INFO - Setting next_dagrun for example to 2024-12-08 17:12:00+00:00, run_after=2024-12-09 17:12:00+00:00
[2024-12-10T00:22:17.092+0000] {processor.py:208} INFO - Processing /opt/airflow/dags/dag_hello_world.py took 0.053 seconds
[2024-12-10T00:22:48.135+0000] {processor.py:186} INFO - Started process (PID=16850) to work on /opt/airflow/dags/dag_hello_world.py
[2024-12-10T00:22:48.136+0000] {processor.py:914} INFO - Processing file /opt/airflow/dags/dag_hello_world.py for tasks to queue
[2024-12-10T00:22:48.137+0000] {logging_mixin.py:190} INFO - [2024-12-10T00:22:48.137+0000] {dagbag.py:588} INFO - Filling up the DagBag from /opt/airflow/dags/dag_hello_world.py
[2024-12-10T00:22:48.148+0000] {processor.py:925} INFO - DAG(s) 'example' retrieved from /opt/airflow/dags/dag_hello_world.py
[2024-12-10T00:22:48.163+0000] {logging_mixin.py:190} INFO - [2024-12-10T00:22:48.163+0000] {dag.py:3239} INFO - Sync 1 DAGs
[2024-12-10T00:22:48.177+0000] {logging_mixin.py:190} INFO - [2024-12-10T00:22:48.176+0000] {dag.py:4180} INFO - Setting next_dagrun for example to 2024-12-08 17:12:00+00:00, run_after=2024-12-09 17:12:00+00:00
[2024-12-10T00:22:48.186+0000] {processor.py:208} INFO - Processing /opt/airflow/dags/dag_hello_world.py took 0.054 seconds
[2024-12-10T00:23:19.023+0000] {processor.py:186} INFO - Started process (PID=16865) to work on /opt/airflow/dags/dag_hello_world.py
[2024-12-10T00:23:19.023+0000] {processor.py:914} INFO - Processing file /opt/airflow/dags/dag_hello_world.py for tasks to queue
[2024-12-10T00:23:19.025+0000] {logging_mixin.py:190} INFO - [2024-12-10T00:23:19.024+0000] {dagbag.py:588} INFO - Filling up the DagBag from /opt/airflow/dags/dag_hello_world.py
[2024-12-10T00:23:19.034+0000] {processor.py:925} INFO - DAG(s) 'example' retrieved from /opt/airflow/dags/dag_hello_world.py
[2024-12-10T00:23:19.048+0000] {logging_mixin.py:190} INFO - [2024-12-10T00:23:19.048+0000] {dag.py:3239} INFO - Sync 1 DAGs
[2024-12-10T00:23:19.062+0000] {logging_mixin.py:190} INFO - [2024-12-10T00:23:19.062+0000] {dag.py:4180} INFO - Setting next_dagrun for example to 2024-12-08 17:12:00+00:00, run_after=2024-12-09 17:12:00+00:00
[2024-12-10T00:23:19.072+0000] {processor.py:208} INFO - Processing /opt/airflow/dags/dag_hello_world.py took 0.053 seconds
[2024-12-10T00:23:49.878+0000] {processor.py:186} INFO - Started process (PID=16886) to work on /opt/airflow/dags/dag_hello_world.py
[2024-12-10T00:23:49.879+0000] {processor.py:914} INFO - Processing file /opt/airflow/dags/dag_hello_world.py for tasks to queue
[2024-12-10T00:23:49.880+0000] {logging_mixin.py:190} INFO - [2024-12-10T00:23:49.880+0000] {dagbag.py:588} INFO - Filling up the DagBag from /opt/airflow/dags/dag_hello_world.py
[2024-12-10T00:23:49.889+0000] {processor.py:925} INFO - DAG(s) 'example' retrieved from /opt/airflow/dags/dag_hello_world.py
[2024-12-10T00:23:49.903+0000] {logging_mixin.py:190} INFO - [2024-12-10T00:23:49.903+0000] {dag.py:3239} INFO - Sync 1 DAGs
[2024-12-10T00:23:49.917+0000] {logging_mixin.py:190} INFO - [2024-12-10T00:23:49.917+0000] {dag.py:4180} INFO - Setting next_dagrun for example to 2024-12-08 17:12:00+00:00, run_after=2024-12-09 17:12:00+00:00
[2024-12-10T00:23:49.929+0000] {processor.py:208} INFO - Processing /opt/airflow/dags/dag_hello_world.py took 0.054 seconds
[2024-12-10T00:24:20.761+0000] {processor.py:186} INFO - Started process (PID=16901) to work on /opt/airflow/dags/dag_hello_world.py
[2024-12-10T00:24:20.762+0000] {processor.py:914} INFO - Processing file /opt/airflow/dags/dag_hello_world.py for tasks to queue
[2024-12-10T00:24:20.763+0000] {logging_mixin.py:190} INFO - [2024-12-10T00:24:20.763+0000] {dagbag.py:588} INFO - Filling up the DagBag from /opt/airflow/dags/dag_hello_world.py
[2024-12-10T00:24:20.773+0000] {processor.py:925} INFO - DAG(s) 'example' retrieved from /opt/airflow/dags/dag_hello_world.py
[2024-12-10T00:24:20.786+0000] {logging_mixin.py:190} INFO - [2024-12-10T00:24:20.786+0000] {dag.py:3239} INFO - Sync 1 DAGs
[2024-12-10T00:24:20.800+0000] {logging_mixin.py:190} INFO - [2024-12-10T00:24:20.800+0000] {dag.py:4180} INFO - Setting next_dagrun for example to 2024-12-08 17:12:00+00:00, run_after=2024-12-09 17:12:00+00:00
[2024-12-10T00:24:20.810+0000] {processor.py:208} INFO - Processing /opt/airflow/dags/dag_hello_world.py took 0.052 seconds
[2024-12-10T00:24:51.653+0000] {processor.py:186} INFO - Started process (PID=16916) to work on /opt/airflow/dags/dag_hello_world.py
[2024-12-10T00:24:51.653+0000] {processor.py:914} INFO - Processing file /opt/airflow/dags/dag_hello_world.py for tasks to queue
[2024-12-10T00:24:51.655+0000] {logging_mixin.py:190} INFO - [2024-12-10T00:24:51.654+0000] {dagbag.py:588} INFO - Filling up the DagBag from /opt/airflow/dags/dag_hello_world.py
[2024-12-10T00:24:51.664+0000] {processor.py:925} INFO - DAG(s) 'example' retrieved from /opt/airflow/dags/dag_hello_world.py
[2024-12-10T00:24:51.678+0000] {logging_mixin.py:190} INFO - [2024-12-10T00:24:51.678+0000] {dag.py:3239} INFO - Sync 1 DAGs
[2024-12-10T00:24:51.692+0000] {logging_mixin.py:190} INFO - [2024-12-10T00:24:51.692+0000] {dag.py:4180} INFO - Setting next_dagrun for example to 2024-12-08 17:12:00+00:00, run_after=2024-12-09 17:12:00+00:00
[2024-12-10T00:24:51.701+0000] {processor.py:208} INFO - Processing /opt/airflow/dags/dag_hello_world.py took 0.052 seconds
[2024-12-10T00:25:22.519+0000] {processor.py:186} INFO - Started process (PID=16931) to work on /opt/airflow/dags/dag_hello_world.py
[2024-12-10T00:25:22.520+0000] {processor.py:914} INFO - Processing file /opt/airflow/dags/dag_hello_world.py for tasks to queue
[2024-12-10T00:25:22.521+0000] {logging_mixin.py:190} INFO - [2024-12-10T00:25:22.521+0000] {dagbag.py:588} INFO - Filling up the DagBag from /opt/airflow/dags/dag_hello_world.py
[2024-12-10T00:25:22.531+0000] {processor.py:925} INFO - DAG(s) 'example' retrieved from /opt/airflow/dags/dag_hello_world.py
[2024-12-10T00:25:22.545+0000] {logging_mixin.py:190} INFO - [2024-12-10T00:25:22.545+0000] {dag.py:3239} INFO - Sync 1 DAGs
[2024-12-10T00:25:22.558+0000] {logging_mixin.py:190} INFO - [2024-12-10T00:25:22.558+0000] {dag.py:4180} INFO - Setting next_dagrun for example to 2024-12-08 17:12:00+00:00, run_after=2024-12-09 17:12:00+00:00
[2024-12-10T00:25:22.567+0000] {processor.py:208} INFO - Processing /opt/airflow/dags/dag_hello_world.py took 0.051 seconds
[2024-12-10T00:25:53.473+0000] {processor.py:186} INFO - Started process (PID=16946) to work on /opt/airflow/dags/dag_hello_world.py
[2024-12-10T00:25:53.473+0000] {processor.py:914} INFO - Processing file /opt/airflow/dags/dag_hello_world.py for tasks to queue
[2024-12-10T00:25:53.475+0000] {logging_mixin.py:190} INFO - [2024-12-10T00:25:53.474+0000] {dagbag.py:588} INFO - Filling up the DagBag from /opt/airflow/dags/dag_hello_world.py
[2024-12-10T00:25:53.484+0000] {processor.py:925} INFO - DAG(s) 'example' retrieved from /opt/airflow/dags/dag_hello_world.py
[2024-12-10T00:25:53.499+0000] {logging_mixin.py:190} INFO - [2024-12-10T00:25:53.499+0000] {dag.py:3239} INFO - Sync 1 DAGs
[2024-12-10T00:25:53.512+0000] {logging_mixin.py:190} INFO - [2024-12-10T00:25:53.512+0000] {dag.py:4180} INFO - Setting next_dagrun for example to 2024-12-08 17:12:00+00:00, run_after=2024-12-09 17:12:00+00:00
[2024-12-10T00:25:53.522+0000] {processor.py:208} INFO - Processing /opt/airflow/dags/dag_hello_world.py took 0.053 seconds
[2024-12-10T00:26:24.312+0000] {processor.py:186} INFO - Started process (PID=16961) to work on /opt/airflow/dags/dag_hello_world.py
[2024-12-10T00:26:24.313+0000] {processor.py:914} INFO - Processing file /opt/airflow/dags/dag_hello_world.py for tasks to queue
[2024-12-10T00:26:24.314+0000] {logging_mixin.py:190} INFO - [2024-12-10T00:26:24.314+0000] {dagbag.py:588} INFO - Filling up the DagBag from /opt/airflow/dags/dag_hello_world.py
[2024-12-10T00:26:24.324+0000] {processor.py:925} INFO - DAG(s) 'example' retrieved from /opt/airflow/dags/dag_hello_world.py
[2024-12-10T00:26:24.339+0000] {logging_mixin.py:190} INFO - [2024-12-10T00:26:24.338+0000] {dag.py:3239} INFO - Sync 1 DAGs
[2024-12-10T00:26:24.352+0000] {logging_mixin.py:190} INFO - [2024-12-10T00:26:24.352+0000] {dag.py:4180} INFO - Setting next_dagrun for example to 2024-12-08 17:12:00+00:00, run_after=2024-12-09 17:12:00+00:00
[2024-12-10T00:26:24.362+0000] {processor.py:208} INFO - Processing /opt/airflow/dags/dag_hello_world.py took 0.053 seconds
[2024-12-10T00:26:55.227+0000] {processor.py:186} INFO - Started process (PID=16976) to work on /opt/airflow/dags/dag_hello_world.py
[2024-12-10T00:26:55.227+0000] {processor.py:914} INFO - Processing file /opt/airflow/dags/dag_hello_world.py for tasks to queue
[2024-12-10T00:26:55.229+0000] {logging_mixin.py:190} INFO - [2024-12-10T00:26:55.229+0000] {dagbag.py:588} INFO - Filling up the DagBag from /opt/airflow/dags/dag_hello_world.py
[2024-12-10T00:26:55.241+0000] {processor.py:925} INFO - DAG(s) 'example' retrieved from /opt/airflow/dags/dag_hello_world.py
[2024-12-10T00:26:55.258+0000] {logging_mixin.py:190} INFO - [2024-12-10T00:26:55.257+0000] {dag.py:3239} INFO - Sync 1 DAGs
[2024-12-10T00:26:55.273+0000] {logging_mixin.py:190} INFO - [2024-12-10T00:26:55.273+0000] {dag.py:4180} INFO - Setting next_dagrun for example to 2024-12-08 17:12:00+00:00, run_after=2024-12-09 17:12:00+00:00
[2024-12-10T00:26:55.286+0000] {processor.py:208} INFO - Processing /opt/airflow/dags/dag_hello_world.py took 0.063 seconds
[2024-12-10T00:27:26.289+0000] {processor.py:186} INFO - Started process (PID=16991) to work on /opt/airflow/dags/dag_hello_world.py
[2024-12-10T00:27:26.289+0000] {processor.py:914} INFO - Processing file /opt/airflow/dags/dag_hello_world.py for tasks to queue
[2024-12-10T00:27:26.290+0000] {logging_mixin.py:190} INFO - [2024-12-10T00:27:26.290+0000] {dagbag.py:588} INFO - Filling up the DagBag from /opt/airflow/dags/dag_hello_world.py
[2024-12-10T00:27:26.300+0000] {processor.py:925} INFO - DAG(s) 'example' retrieved from /opt/airflow/dags/dag_hello_world.py
[2024-12-10T00:27:26.314+0000] {logging_mixin.py:190} INFO - [2024-12-10T00:27:26.313+0000] {dag.py:3239} INFO - Sync 1 DAGs
[2024-12-10T00:27:26.328+0000] {logging_mixin.py:190} INFO - [2024-12-10T00:27:26.328+0000] {dag.py:4180} INFO - Setting next_dagrun for example to 2024-12-08 17:12:00+00:00, run_after=2024-12-09 17:12:00+00:00
[2024-12-10T00:27:26.342+0000] {processor.py:208} INFO - Processing /opt/airflow/dags/dag_hello_world.py took 0.057 seconds
[2024-12-10T00:27:57.202+0000] {processor.py:186} INFO - Started process (PID=17006) to work on /opt/airflow/dags/dag_hello_world.py
[2024-12-10T00:27:57.203+0000] {processor.py:914} INFO - Processing file /opt/airflow/dags/dag_hello_world.py for tasks to queue
[2024-12-10T00:27:57.204+0000] {logging_mixin.py:190} INFO - [2024-12-10T00:27:57.204+0000] {dagbag.py:588} INFO - Filling up the DagBag from /opt/airflow/dags/dag_hello_world.py
[2024-12-10T00:27:57.215+0000] {processor.py:925} INFO - DAG(s) 'example' retrieved from /opt/airflow/dags/dag_hello_world.py
[2024-12-10T00:27:57.230+0000] {logging_mixin.py:190} INFO - [2024-12-10T00:27:57.230+0000] {dag.py:3239} INFO - Sync 1 DAGs
[2024-12-10T00:27:57.244+0000] {logging_mixin.py:190} INFO - [2024-12-10T00:27:57.243+0000] {dag.py:4180} INFO - Setting next_dagrun for example to 2024-12-08 17:12:00+00:00, run_after=2024-12-09 17:12:00+00:00
[2024-12-10T00:27:57.257+0000] {processor.py:208} INFO - Processing /opt/airflow/dags/dag_hello_world.py took 0.058 seconds
[2024-12-10T00:28:28.095+0000] {processor.py:186} INFO - Started process (PID=17021) to work on /opt/airflow/dags/dag_hello_world.py
[2024-12-10T00:28:28.096+0000] {processor.py:914} INFO - Processing file /opt/airflow/dags/dag_hello_world.py for tasks to queue
[2024-12-10T00:28:28.097+0000] {logging_mixin.py:190} INFO - [2024-12-10T00:28:28.097+0000] {dagbag.py:588} INFO - Filling up the DagBag from /opt/airflow/dags/dag_hello_world.py
[2024-12-10T00:28:28.107+0000] {processor.py:925} INFO - DAG(s) 'example' retrieved from /opt/airflow/dags/dag_hello_world.py
[2024-12-10T00:28:28.120+0000] {logging_mixin.py:190} INFO - [2024-12-10T00:28:28.120+0000] {dag.py:3239} INFO - Sync 1 DAGs
[2024-12-10T00:28:28.134+0000] {logging_mixin.py:190} INFO - [2024-12-10T00:28:28.134+0000] {dag.py:4180} INFO - Setting next_dagrun for example to 2024-12-08 17:12:00+00:00, run_after=2024-12-09 17:12:00+00:00
[2024-12-10T00:28:28.144+0000] {processor.py:208} INFO - Processing /opt/airflow/dags/dag_hello_world.py took 0.053 seconds
[2024-12-10T00:28:58.976+0000] {processor.py:186} INFO - Started process (PID=17036) to work on /opt/airflow/dags/dag_hello_world.py
[2024-12-10T00:28:58.977+0000] {processor.py:914} INFO - Processing file /opt/airflow/dags/dag_hello_world.py for tasks to queue
[2024-12-10T00:28:58.978+0000] {logging_mixin.py:190} INFO - [2024-12-10T00:28:58.978+0000] {dagbag.py:588} INFO - Filling up the DagBag from /opt/airflow/dags/dag_hello_world.py
[2024-12-10T00:28:58.988+0000] {processor.py:925} INFO - DAG(s) 'example' retrieved from /opt/airflow/dags/dag_hello_world.py
[2024-12-10T00:28:59.001+0000] {logging_mixin.py:190} INFO - [2024-12-10T00:28:59.001+0000] {dag.py:3239} INFO - Sync 1 DAGs
[2024-12-10T00:28:59.015+0000] {logging_mixin.py:190} INFO - [2024-12-10T00:28:59.015+0000] {dag.py:4180} INFO - Setting next_dagrun for example to 2024-12-08 17:12:00+00:00, run_after=2024-12-09 17:12:00+00:00
[2024-12-10T00:28:59.025+0000] {processor.py:208} INFO - Processing /opt/airflow/dags/dag_hello_world.py took 0.053 seconds
[2024-12-10T00:29:29.858+0000] {processor.py:186} INFO - Started process (PID=17051) to work on /opt/airflow/dags/dag_hello_world.py
[2024-12-10T00:29:29.858+0000] {processor.py:914} INFO - Processing file /opt/airflow/dags/dag_hello_world.py for tasks to queue
[2024-12-10T00:29:29.860+0000] {logging_mixin.py:190} INFO - [2024-12-10T00:29:29.860+0000] {dagbag.py:588} INFO - Filling up the DagBag from /opt/airflow/dags/dag_hello_world.py
[2024-12-10T00:29:29.869+0000] {processor.py:925} INFO - DAG(s) 'example' retrieved from /opt/airflow/dags/dag_hello_world.py
[2024-12-10T00:29:29.883+0000] {logging_mixin.py:190} INFO - [2024-12-10T00:29:29.883+0000] {dag.py:3239} INFO - Sync 1 DAGs
[2024-12-10T00:29:29.896+0000] {logging_mixin.py:190} INFO - [2024-12-10T00:29:29.896+0000] {dag.py:4180} INFO - Setting next_dagrun for example to 2024-12-08 17:12:00+00:00, run_after=2024-12-09 17:12:00+00:00
[2024-12-10T00:29:29.906+0000] {processor.py:208} INFO - Processing /opt/airflow/dags/dag_hello_world.py took 0.052 seconds
