[2024-12-10T00:00:13.382+0000] {processor.py:186} INFO - Started process (PID=16182) to work on /opt/airflow/dags/dag_rtve_canarias_selenium.py
[2024-12-10T00:00:13.382+0000] {processor.py:914} INFO - Processing file /opt/airflow/dags/dag_rtve_canarias_selenium.py for tasks to queue
[2024-12-10T00:00:13.384+0000] {logging_mixin.py:190} INFO - [2024-12-10T00:00:13.384+0000] {dagbag.py:588} INFO - Filling up the DagBag from /opt/airflow/dags/dag_rtve_canarias_selenium.py
[2024-12-10T00:00:13.601+0000] {processor.py:925} INFO - DAG(s) 'rtve_canarias_schedule_scraper' retrieved from /opt/airflow/dags/dag_rtve_canarias_selenium.py
[2024-12-10T00:00:13.613+0000] {logging_mixin.py:190} INFO - [2024-12-10T00:00:13.612+0000] {dag.py:3239} INFO - Sync 1 DAGs
[2024-12-10T00:00:13.625+0000] {logging_mixin.py:190} INFO - [2024-12-10T00:00:13.625+0000] {dag.py:4180} INFO - Setting next_dagrun for rtve_canarias_schedule_scraper to 2024-12-09 23:30:00+00:00, run_after=2024-12-10 05:30:00+00:00
[2024-12-10T00:00:13.635+0000] {processor.py:208} INFO - Processing /opt/airflow/dags/dag_rtve_canarias_selenium.py took 0.257 seconds
[2024-12-10T00:00:44.478+0000] {processor.py:186} INFO - Started process (PID=16196) to work on /opt/airflow/dags/dag_rtve_canarias_selenium.py
[2024-12-10T00:00:44.479+0000] {processor.py:914} INFO - Processing file /opt/airflow/dags/dag_rtve_canarias_selenium.py for tasks to queue
[2024-12-10T00:00:44.480+0000] {logging_mixin.py:190} INFO - [2024-12-10T00:00:44.480+0000] {dagbag.py:588} INFO - Filling up the DagBag from /opt/airflow/dags/dag_rtve_canarias_selenium.py
[2024-12-10T00:00:44.692+0000] {processor.py:925} INFO - DAG(s) 'rtve_canarias_schedule_scraper' retrieved from /opt/airflow/dags/dag_rtve_canarias_selenium.py
[2024-12-10T00:00:44.707+0000] {logging_mixin.py:190} INFO - [2024-12-10T00:00:44.707+0000] {dag.py:3239} INFO - Sync 1 DAGs
[2024-12-10T00:00:44.720+0000] {logging_mixin.py:190} INFO - [2024-12-10T00:00:44.719+0000] {dag.py:4180} INFO - Setting next_dagrun for rtve_canarias_schedule_scraper to 2024-12-09 23:30:00+00:00, run_after=2024-12-10 05:30:00+00:00
[2024-12-10T00:00:44.729+0000] {processor.py:208} INFO - Processing /opt/airflow/dags/dag_rtve_canarias_selenium.py took 0.254 seconds
[2024-12-10T00:01:15.870+0000] {processor.py:186} INFO - Started process (PID=16211) to work on /opt/airflow/dags/dag_rtve_canarias_selenium.py
[2024-12-10T00:01:15.870+0000] {processor.py:914} INFO - Processing file /opt/airflow/dags/dag_rtve_canarias_selenium.py for tasks to queue
[2024-12-10T00:01:15.872+0000] {logging_mixin.py:190} INFO - [2024-12-10T00:01:15.872+0000] {dagbag.py:588} INFO - Filling up the DagBag from /opt/airflow/dags/dag_rtve_canarias_selenium.py
[2024-12-10T00:01:16.082+0000] {processor.py:925} INFO - DAG(s) 'rtve_canarias_schedule_scraper' retrieved from /opt/airflow/dags/dag_rtve_canarias_selenium.py
[2024-12-10T00:01:16.094+0000] {logging_mixin.py:190} INFO - [2024-12-10T00:01:16.093+0000] {dag.py:3239} INFO - Sync 1 DAGs
[2024-12-10T00:01:16.108+0000] {logging_mixin.py:190} INFO - [2024-12-10T00:01:16.108+0000] {dag.py:4180} INFO - Setting next_dagrun for rtve_canarias_schedule_scraper to 2024-12-09 23:30:00+00:00, run_after=2024-12-10 05:30:00+00:00
[2024-12-10T00:01:16.121+0000] {processor.py:208} INFO - Processing /opt/airflow/dags/dag_rtve_canarias_selenium.py took 0.256 seconds
[2024-12-10T00:01:46.159+0000] {processor.py:186} INFO - Started process (PID=16227) to work on /opt/airflow/dags/dag_rtve_canarias_selenium.py
[2024-12-10T00:01:46.160+0000] {processor.py:914} INFO - Processing file /opt/airflow/dags/dag_rtve_canarias_selenium.py for tasks to queue
[2024-12-10T00:01:46.161+0000] {logging_mixin.py:190} INFO - [2024-12-10T00:01:46.161+0000] {dagbag.py:588} INFO - Filling up the DagBag from /opt/airflow/dags/dag_rtve_canarias_selenium.py
[2024-12-10T00:01:46.376+0000] {processor.py:925} INFO - DAG(s) 'rtve_canarias_schedule_scraper' retrieved from /opt/airflow/dags/dag_rtve_canarias_selenium.py
[2024-12-10T00:01:46.388+0000] {logging_mixin.py:190} INFO - [2024-12-10T00:01:46.388+0000] {dag.py:3239} INFO - Sync 1 DAGs
[2024-12-10T00:01:46.400+0000] {logging_mixin.py:190} INFO - [2024-12-10T00:01:46.400+0000] {dag.py:4180} INFO - Setting next_dagrun for rtve_canarias_schedule_scraper to 2024-12-09 23:30:00+00:00, run_after=2024-12-10 05:30:00+00:00
[2024-12-10T00:01:46.410+0000] {processor.py:208} INFO - Processing /opt/airflow/dags/dag_rtve_canarias_selenium.py took 0.254 seconds
[2024-12-10T00:02:16.732+0000] {processor.py:186} INFO - Started process (PID=16244) to work on /opt/airflow/dags/dag_rtve_canarias_selenium.py
[2024-12-10T00:02:16.733+0000] {processor.py:914} INFO - Processing file /opt/airflow/dags/dag_rtve_canarias_selenium.py for tasks to queue
[2024-12-10T00:02:16.734+0000] {logging_mixin.py:190} INFO - [2024-12-10T00:02:16.734+0000] {dagbag.py:588} INFO - Filling up the DagBag from /opt/airflow/dags/dag_rtve_canarias_selenium.py
[2024-12-10T00:02:16.945+0000] {processor.py:925} INFO - DAG(s) 'rtve_canarias_schedule_scraper' retrieved from /opt/airflow/dags/dag_rtve_canarias_selenium.py
[2024-12-10T00:02:16.957+0000] {logging_mixin.py:190} INFO - [2024-12-10T00:02:16.957+0000] {dag.py:3239} INFO - Sync 1 DAGs
[2024-12-10T00:02:16.969+0000] {logging_mixin.py:190} INFO - [2024-12-10T00:02:16.969+0000] {dag.py:4180} INFO - Setting next_dagrun for rtve_canarias_schedule_scraper to 2024-12-09 23:30:00+00:00, run_after=2024-12-10 05:30:00+00:00
[2024-12-10T00:02:16.978+0000] {processor.py:208} INFO - Processing /opt/airflow/dags/dag_rtve_canarias_selenium.py took 0.250 seconds
[2024-12-10T00:02:47.058+0000] {processor.py:186} INFO - Started process (PID=16259) to work on /opt/airflow/dags/dag_rtve_canarias_selenium.py
[2024-12-10T00:02:47.059+0000] {processor.py:914} INFO - Processing file /opt/airflow/dags/dag_rtve_canarias_selenium.py for tasks to queue
[2024-12-10T00:02:47.060+0000] {logging_mixin.py:190} INFO - [2024-12-10T00:02:47.060+0000] {dagbag.py:588} INFO - Filling up the DagBag from /opt/airflow/dags/dag_rtve_canarias_selenium.py
[2024-12-10T00:02:47.296+0000] {processor.py:925} INFO - DAG(s) 'rtve_canarias_schedule_scraper' retrieved from /opt/airflow/dags/dag_rtve_canarias_selenium.py
[2024-12-10T00:02:47.308+0000] {logging_mixin.py:190} INFO - [2024-12-10T00:02:47.308+0000] {dag.py:3239} INFO - Sync 1 DAGs
[2024-12-10T00:02:47.321+0000] {logging_mixin.py:190} INFO - [2024-12-10T00:02:47.321+0000] {dag.py:4180} INFO - Setting next_dagrun for rtve_canarias_schedule_scraper to 2024-12-09 23:30:00+00:00, run_after=2024-12-10 05:30:00+00:00
[2024-12-10T00:02:47.330+0000] {processor.py:208} INFO - Processing /opt/airflow/dags/dag_rtve_canarias_selenium.py took 0.276 seconds
[2024-12-10T00:03:17.478+0000] {processor.py:186} INFO - Started process (PID=16274) to work on /opt/airflow/dags/dag_rtve_canarias_selenium.py
[2024-12-10T00:03:17.479+0000] {processor.py:914} INFO - Processing file /opt/airflow/dags/dag_rtve_canarias_selenium.py for tasks to queue
[2024-12-10T00:03:17.480+0000] {logging_mixin.py:190} INFO - [2024-12-10T00:03:17.480+0000] {dagbag.py:588} INFO - Filling up the DagBag from /opt/airflow/dags/dag_rtve_canarias_selenium.py
[2024-12-10T00:03:17.695+0000] {processor.py:925} INFO - DAG(s) 'rtve_canarias_schedule_scraper' retrieved from /opt/airflow/dags/dag_rtve_canarias_selenium.py
[2024-12-10T00:03:17.707+0000] {logging_mixin.py:190} INFO - [2024-12-10T00:03:17.707+0000] {dag.py:3239} INFO - Sync 1 DAGs
[2024-12-10T00:03:17.719+0000] {logging_mixin.py:190} INFO - [2024-12-10T00:03:17.719+0000] {dag.py:4180} INFO - Setting next_dagrun for rtve_canarias_schedule_scraper to 2024-12-09 23:30:00+00:00, run_after=2024-12-10 05:30:00+00:00
[2024-12-10T00:03:17.728+0000] {processor.py:208} INFO - Processing /opt/airflow/dags/dag_rtve_canarias_selenium.py took 0.253 seconds
[2024-12-10T00:03:47.912+0000] {processor.py:186} INFO - Started process (PID=16289) to work on /opt/airflow/dags/dag_rtve_canarias_selenium.py
[2024-12-10T00:03:47.913+0000] {processor.py:914} INFO - Processing file /opt/airflow/dags/dag_rtve_canarias_selenium.py for tasks to queue
[2024-12-10T00:03:47.914+0000] {logging_mixin.py:190} INFO - [2024-12-10T00:03:47.914+0000] {dagbag.py:588} INFO - Filling up the DagBag from /opt/airflow/dags/dag_rtve_canarias_selenium.py
[2024-12-10T00:03:48.126+0000] {processor.py:925} INFO - DAG(s) 'rtve_canarias_schedule_scraper' retrieved from /opt/airflow/dags/dag_rtve_canarias_selenium.py
[2024-12-10T00:03:48.138+0000] {logging_mixin.py:190} INFO - [2024-12-10T00:03:48.138+0000] {dag.py:3239} INFO - Sync 1 DAGs
[2024-12-10T00:03:48.151+0000] {logging_mixin.py:190} INFO - [2024-12-10T00:03:48.151+0000] {dag.py:4180} INFO - Setting next_dagrun for rtve_canarias_schedule_scraper to 2024-12-09 23:30:00+00:00, run_after=2024-12-10 05:30:00+00:00
[2024-12-10T00:03:48.166+0000] {processor.py:208} INFO - Processing /opt/airflow/dags/dag_rtve_canarias_selenium.py took 0.257 seconds
[2024-12-10T00:04:18.249+0000] {processor.py:186} INFO - Started process (PID=16304) to work on /opt/airflow/dags/dag_rtve_canarias_selenium.py
[2024-12-10T00:04:18.250+0000] {processor.py:914} INFO - Processing file /opt/airflow/dags/dag_rtve_canarias_selenium.py for tasks to queue
[2024-12-10T00:04:18.251+0000] {logging_mixin.py:190} INFO - [2024-12-10T00:04:18.251+0000] {dagbag.py:588} INFO - Filling up the DagBag from /opt/airflow/dags/dag_rtve_canarias_selenium.py
[2024-12-10T00:04:18.470+0000] {processor.py:925} INFO - DAG(s) 'rtve_canarias_schedule_scraper' retrieved from /opt/airflow/dags/dag_rtve_canarias_selenium.py
[2024-12-10T00:04:18.483+0000] {logging_mixin.py:190} INFO - [2024-12-10T00:04:18.483+0000] {dag.py:3239} INFO - Sync 1 DAGs
[2024-12-10T00:04:18.496+0000] {logging_mixin.py:190} INFO - [2024-12-10T00:04:18.496+0000] {dag.py:4180} INFO - Setting next_dagrun for rtve_canarias_schedule_scraper to 2024-12-09 23:30:00+00:00, run_after=2024-12-10 05:30:00+00:00
[2024-12-10T00:04:18.507+0000] {processor.py:208} INFO - Processing /opt/airflow/dags/dag_rtve_canarias_selenium.py took 0.261 seconds
[2024-12-10T00:04:48.651+0000] {processor.py:186} INFO - Started process (PID=16319) to work on /opt/airflow/dags/dag_rtve_canarias_selenium.py
[2024-12-10T00:04:48.652+0000] {processor.py:914} INFO - Processing file /opt/airflow/dags/dag_rtve_canarias_selenium.py for tasks to queue
[2024-12-10T00:04:48.653+0000] {logging_mixin.py:190} INFO - [2024-12-10T00:04:48.653+0000] {dagbag.py:588} INFO - Filling up the DagBag from /opt/airflow/dags/dag_rtve_canarias_selenium.py
[2024-12-10T00:04:48.862+0000] {processor.py:925} INFO - DAG(s) 'rtve_canarias_schedule_scraper' retrieved from /opt/airflow/dags/dag_rtve_canarias_selenium.py
[2024-12-10T00:04:48.874+0000] {logging_mixin.py:190} INFO - [2024-12-10T00:04:48.873+0000] {dag.py:3239} INFO - Sync 1 DAGs
[2024-12-10T00:04:48.886+0000] {logging_mixin.py:190} INFO - [2024-12-10T00:04:48.886+0000] {dag.py:4180} INFO - Setting next_dagrun for rtve_canarias_schedule_scraper to 2024-12-09 23:30:00+00:00, run_after=2024-12-10 05:30:00+00:00
[2024-12-10T00:04:48.894+0000] {processor.py:208} INFO - Processing /opt/airflow/dags/dag_rtve_canarias_selenium.py took 0.247 seconds
[2024-12-10T00:05:19.115+0000] {processor.py:186} INFO - Started process (PID=16339) to work on /opt/airflow/dags/dag_rtve_canarias_selenium.py
[2024-12-10T00:05:19.116+0000] {processor.py:914} INFO - Processing file /opt/airflow/dags/dag_rtve_canarias_selenium.py for tasks to queue
[2024-12-10T00:05:19.117+0000] {logging_mixin.py:190} INFO - [2024-12-10T00:05:19.117+0000] {dagbag.py:588} INFO - Filling up the DagBag from /opt/airflow/dags/dag_rtve_canarias_selenium.py
[2024-12-10T00:05:19.326+0000] {processor.py:925} INFO - DAG(s) 'rtve_canarias_schedule_scraper' retrieved from /opt/airflow/dags/dag_rtve_canarias_selenium.py
[2024-12-10T00:05:19.339+0000] {logging_mixin.py:190} INFO - [2024-12-10T00:05:19.339+0000] {dag.py:3239} INFO - Sync 1 DAGs
[2024-12-10T00:05:19.352+0000] {logging_mixin.py:190} INFO - [2024-12-10T00:05:19.352+0000] {dag.py:4180} INFO - Setting next_dagrun for rtve_canarias_schedule_scraper to 2024-12-09 23:30:00+00:00, run_after=2024-12-10 05:30:00+00:00
[2024-12-10T00:05:19.366+0000] {processor.py:208} INFO - Processing /opt/airflow/dags/dag_rtve_canarias_selenium.py took 0.254 seconds
[2024-12-10T00:05:49.404+0000] {processor.py:186} INFO - Started process (PID=16355) to work on /opt/airflow/dags/dag_rtve_canarias_selenium.py
[2024-12-10T00:05:49.405+0000] {processor.py:914} INFO - Processing file /opt/airflow/dags/dag_rtve_canarias_selenium.py for tasks to queue
[2024-12-10T00:05:49.407+0000] {logging_mixin.py:190} INFO - [2024-12-10T00:05:49.406+0000] {dagbag.py:588} INFO - Filling up the DagBag from /opt/airflow/dags/dag_rtve_canarias_selenium.py
[2024-12-10T00:05:49.618+0000] {processor.py:925} INFO - DAG(s) 'rtve_canarias_schedule_scraper' retrieved from /opt/airflow/dags/dag_rtve_canarias_selenium.py
[2024-12-10T00:05:49.631+0000] {logging_mixin.py:190} INFO - [2024-12-10T00:05:49.631+0000] {dag.py:3239} INFO - Sync 1 DAGs
[2024-12-10T00:05:49.643+0000] {logging_mixin.py:190} INFO - [2024-12-10T00:05:49.643+0000] {dag.py:4180} INFO - Setting next_dagrun for rtve_canarias_schedule_scraper to 2024-12-09 23:30:00+00:00, run_after=2024-12-10 05:30:00+00:00
[2024-12-10T00:05:49.656+0000] {processor.py:208} INFO - Processing /opt/airflow/dags/dag_rtve_canarias_selenium.py took 0.255 seconds
[2024-12-10T00:06:19.775+0000] {processor.py:186} INFO - Started process (PID=16369) to work on /opt/airflow/dags/dag_rtve_canarias_selenium.py
[2024-12-10T00:06:19.776+0000] {processor.py:914} INFO - Processing file /opt/airflow/dags/dag_rtve_canarias_selenium.py for tasks to queue
[2024-12-10T00:06:19.777+0000] {logging_mixin.py:190} INFO - [2024-12-10T00:06:19.777+0000] {dagbag.py:588} INFO - Filling up the DagBag from /opt/airflow/dags/dag_rtve_canarias_selenium.py
[2024-12-10T00:06:19.995+0000] {processor.py:925} INFO - DAG(s) 'rtve_canarias_schedule_scraper' retrieved from /opt/airflow/dags/dag_rtve_canarias_selenium.py
[2024-12-10T00:06:20.008+0000] {logging_mixin.py:190} INFO - [2024-12-10T00:06:20.007+0000] {dag.py:3239} INFO - Sync 1 DAGs
[2024-12-10T00:06:20.021+0000] {logging_mixin.py:190} INFO - [2024-12-10T00:06:20.021+0000] {dag.py:4180} INFO - Setting next_dagrun for rtve_canarias_schedule_scraper to 2024-12-09 23:30:00+00:00, run_after=2024-12-10 05:30:00+00:00
[2024-12-10T00:06:20.030+0000] {processor.py:208} INFO - Processing /opt/airflow/dags/dag_rtve_canarias_selenium.py took 0.259 seconds
[2024-12-10T00:06:50.160+0000] {processor.py:186} INFO - Started process (PID=16385) to work on /opt/airflow/dags/dag_rtve_canarias_selenium.py
[2024-12-10T00:06:50.161+0000] {processor.py:914} INFO - Processing file /opt/airflow/dags/dag_rtve_canarias_selenium.py for tasks to queue
[2024-12-10T00:06:50.162+0000] {logging_mixin.py:190} INFO - [2024-12-10T00:06:50.162+0000] {dagbag.py:588} INFO - Filling up the DagBag from /opt/airflow/dags/dag_rtve_canarias_selenium.py
[2024-12-10T00:06:50.377+0000] {processor.py:925} INFO - DAG(s) 'rtve_canarias_schedule_scraper' retrieved from /opt/airflow/dags/dag_rtve_canarias_selenium.py
[2024-12-10T00:06:50.389+0000] {logging_mixin.py:190} INFO - [2024-12-10T00:06:50.389+0000] {dag.py:3239} INFO - Sync 1 DAGs
[2024-12-10T00:06:50.402+0000] {logging_mixin.py:190} INFO - [2024-12-10T00:06:50.401+0000] {dag.py:4180} INFO - Setting next_dagrun for rtve_canarias_schedule_scraper to 2024-12-09 23:30:00+00:00, run_after=2024-12-10 05:30:00+00:00
[2024-12-10T00:06:50.411+0000] {processor.py:208} INFO - Processing /opt/airflow/dags/dag_rtve_canarias_selenium.py took 0.255 seconds
[2024-12-10T00:07:20.629+0000] {processor.py:186} INFO - Started process (PID=16399) to work on /opt/airflow/dags/dag_rtve_canarias_selenium.py
[2024-12-10T00:07:20.630+0000] {processor.py:914} INFO - Processing file /opt/airflow/dags/dag_rtve_canarias_selenium.py for tasks to queue
[2024-12-10T00:07:20.631+0000] {logging_mixin.py:190} INFO - [2024-12-10T00:07:20.631+0000] {dagbag.py:588} INFO - Filling up the DagBag from /opt/airflow/dags/dag_rtve_canarias_selenium.py
[2024-12-10T00:07:20.769+0000] {processor.py:925} INFO - DAG(s) 'rtve_canarias_schedule_scraper' retrieved from /opt/airflow/dags/dag_rtve_canarias_selenium.py
[2024-12-10T00:07:20.784+0000] {logging_mixin.py:190} INFO - [2024-12-10T00:07:20.784+0000] {dag.py:3239} INFO - Sync 1 DAGs
[2024-12-10T00:07:20.797+0000] {logging_mixin.py:190} INFO - [2024-12-10T00:07:20.797+0000] {dag.py:4180} INFO - Setting next_dagrun for rtve_canarias_schedule_scraper to 2024-12-09 23:30:00+00:00, run_after=2024-12-10 05:30:00+00:00
[2024-12-10T00:07:20.806+0000] {processor.py:208} INFO - Processing /opt/airflow/dags/dag_rtve_canarias_selenium.py took 0.181 seconds
[2024-12-10T00:07:51.380+0000] {processor.py:186} INFO - Started process (PID=16412) to work on /opt/airflow/dags/dag_rtve_canarias_selenium.py
[2024-12-10T00:07:51.381+0000] {processor.py:914} INFO - Processing file /opt/airflow/dags/dag_rtve_canarias_selenium.py for tasks to queue
[2024-12-10T00:07:51.383+0000] {logging_mixin.py:190} INFO - [2024-12-10T00:07:51.382+0000] {dagbag.py:588} INFO - Filling up the DagBag from /opt/airflow/dags/dag_rtve_canarias_selenium.py
[2024-12-10T00:07:51.509+0000] {processor.py:925} INFO - DAG(s) 'rtve_canarias_schedule_scraper' retrieved from /opt/airflow/dags/dag_rtve_canarias_selenium.py
[2024-12-10T00:07:51.524+0000] {logging_mixin.py:190} INFO - [2024-12-10T00:07:51.524+0000] {dag.py:3239} INFO - Sync 1 DAGs
[2024-12-10T00:07:51.540+0000] {logging_mixin.py:190} INFO - [2024-12-10T00:07:51.540+0000] {dag.py:4180} INFO - Setting next_dagrun for rtve_canarias_schedule_scraper to 2024-12-09 23:30:00+00:00, run_after=2024-12-10 05:30:00+00:00
[2024-12-10T00:07:51.550+0000] {processor.py:208} INFO - Processing /opt/airflow/dags/dag_rtve_canarias_selenium.py took 0.173 seconds
[2024-12-10T00:08:22.270+0000] {processor.py:186} INFO - Started process (PID=16427) to work on /opt/airflow/dags/dag_rtve_canarias_selenium.py
[2024-12-10T00:08:22.271+0000] {processor.py:914} INFO - Processing file /opt/airflow/dags/dag_rtve_canarias_selenium.py for tasks to queue
[2024-12-10T00:08:22.272+0000] {logging_mixin.py:190} INFO - [2024-12-10T00:08:22.272+0000] {dagbag.py:588} INFO - Filling up the DagBag from /opt/airflow/dags/dag_rtve_canarias_selenium.py
[2024-12-10T00:08:22.401+0000] {processor.py:925} INFO - DAG(s) 'rtve_canarias_schedule_scraper' retrieved from /opt/airflow/dags/dag_rtve_canarias_selenium.py
[2024-12-10T00:08:22.418+0000] {logging_mixin.py:190} INFO - [2024-12-10T00:08:22.418+0000] {dag.py:3239} INFO - Sync 1 DAGs
[2024-12-10T00:08:22.433+0000] {logging_mixin.py:190} INFO - [2024-12-10T00:08:22.433+0000] {dag.py:4180} INFO - Setting next_dagrun for rtve_canarias_schedule_scraper to 2024-12-09 23:30:00+00:00, run_after=2024-12-10 05:30:00+00:00
[2024-12-10T00:08:22.444+0000] {processor.py:208} INFO - Processing /opt/airflow/dags/dag_rtve_canarias_selenium.py took 0.177 seconds
[2024-12-10T00:08:53.234+0000] {processor.py:186} INFO - Started process (PID=16442) to work on /opt/airflow/dags/dag_rtve_canarias_selenium.py
[2024-12-10T00:08:53.234+0000] {processor.py:914} INFO - Processing file /opt/airflow/dags/dag_rtve_canarias_selenium.py for tasks to queue
[2024-12-10T00:08:53.236+0000] {logging_mixin.py:190} INFO - [2024-12-10T00:08:53.236+0000] {dagbag.py:588} INFO - Filling up the DagBag from /opt/airflow/dags/dag_rtve_canarias_selenium.py
[2024-12-10T00:08:53.382+0000] {processor.py:925} INFO - DAG(s) 'rtve_canarias_schedule_scraper' retrieved from /opt/airflow/dags/dag_rtve_canarias_selenium.py
[2024-12-10T00:08:53.396+0000] {logging_mixin.py:190} INFO - [2024-12-10T00:08:53.396+0000] {dag.py:3239} INFO - Sync 1 DAGs
[2024-12-10T00:08:53.411+0000] {logging_mixin.py:190} INFO - [2024-12-10T00:08:53.411+0000] {dag.py:4180} INFO - Setting next_dagrun for rtve_canarias_schedule_scraper to 2024-12-09 23:30:00+00:00, run_after=2024-12-10 05:30:00+00:00
[2024-12-10T00:08:53.422+0000] {processor.py:208} INFO - Processing /opt/airflow/dags/dag_rtve_canarias_selenium.py took 0.192 seconds
[2024-12-10T00:09:24.115+0000] {processor.py:186} INFO - Started process (PID=16457) to work on /opt/airflow/dags/dag_rtve_canarias_selenium.py
[2024-12-10T00:09:24.116+0000] {processor.py:914} INFO - Processing file /opt/airflow/dags/dag_rtve_canarias_selenium.py for tasks to queue
[2024-12-10T00:09:24.117+0000] {logging_mixin.py:190} INFO - [2024-12-10T00:09:24.117+0000] {dagbag.py:588} INFO - Filling up the DagBag from /opt/airflow/dags/dag_rtve_canarias_selenium.py
[2024-12-10T00:09:24.256+0000] {processor.py:925} INFO - DAG(s) 'rtve_canarias_schedule_scraper' retrieved from /opt/airflow/dags/dag_rtve_canarias_selenium.py
[2024-12-10T00:09:24.270+0000] {logging_mixin.py:190} INFO - [2024-12-10T00:09:24.270+0000] {dag.py:3239} INFO - Sync 1 DAGs
[2024-12-10T00:09:24.284+0000] {logging_mixin.py:190} INFO - [2024-12-10T00:09:24.284+0000] {dag.py:4180} INFO - Setting next_dagrun for rtve_canarias_schedule_scraper to 2024-12-09 23:30:00+00:00, run_after=2024-12-10 05:30:00+00:00
[2024-12-10T00:09:24.293+0000] {processor.py:208} INFO - Processing /opt/airflow/dags/dag_rtve_canarias_selenium.py took 0.182 seconds
[2024-12-10T00:09:54.985+0000] {processor.py:186} INFO - Started process (PID=16472) to work on /opt/airflow/dags/dag_rtve_canarias_selenium.py
[2024-12-10T00:09:54.986+0000] {processor.py:914} INFO - Processing file /opt/airflow/dags/dag_rtve_canarias_selenium.py for tasks to queue
[2024-12-10T00:09:54.987+0000] {logging_mixin.py:190} INFO - [2024-12-10T00:09:54.987+0000] {dagbag.py:588} INFO - Filling up the DagBag from /opt/airflow/dags/dag_rtve_canarias_selenium.py
[2024-12-10T00:09:55.126+0000] {processor.py:925} INFO - DAG(s) 'rtve_canarias_schedule_scraper' retrieved from /opt/airflow/dags/dag_rtve_canarias_selenium.py
[2024-12-10T00:09:55.141+0000] {logging_mixin.py:190} INFO - [2024-12-10T00:09:55.141+0000] {dag.py:3239} INFO - Sync 1 DAGs
[2024-12-10T00:09:55.156+0000] {logging_mixin.py:190} INFO - [2024-12-10T00:09:55.155+0000] {dag.py:4180} INFO - Setting next_dagrun for rtve_canarias_schedule_scraper to 2024-12-09 23:30:00+00:00, run_after=2024-12-10 05:30:00+00:00
[2024-12-10T00:09:55.167+0000] {processor.py:208} INFO - Processing /opt/airflow/dags/dag_rtve_canarias_selenium.py took 0.185 seconds
[2024-12-10T00:10:25.880+0000] {processor.py:186} INFO - Started process (PID=16487) to work on /opt/airflow/dags/dag_rtve_canarias_selenium.py
[2024-12-10T00:10:25.881+0000] {processor.py:914} INFO - Processing file /opt/airflow/dags/dag_rtve_canarias_selenium.py for tasks to queue
[2024-12-10T00:10:25.883+0000] {logging_mixin.py:190} INFO - [2024-12-10T00:10:25.883+0000] {dagbag.py:588} INFO - Filling up the DagBag from /opt/airflow/dags/dag_rtve_canarias_selenium.py
[2024-12-10T00:10:26.014+0000] {processor.py:925} INFO - DAG(s) 'rtve_canarias_schedule_scraper' retrieved from /opt/airflow/dags/dag_rtve_canarias_selenium.py
[2024-12-10T00:10:26.028+0000] {logging_mixin.py:190} INFO - [2024-12-10T00:10:26.028+0000] {dag.py:3239} INFO - Sync 1 DAGs
[2024-12-10T00:10:26.044+0000] {logging_mixin.py:190} INFO - [2024-12-10T00:10:26.044+0000] {dag.py:4180} INFO - Setting next_dagrun for rtve_canarias_schedule_scraper to 2024-12-09 23:30:00+00:00, run_after=2024-12-10 05:30:00+00:00
[2024-12-10T00:10:26.053+0000] {processor.py:208} INFO - Processing /opt/airflow/dags/dag_rtve_canarias_selenium.py took 0.177 seconds
[2024-12-10T00:10:56.761+0000] {processor.py:186} INFO - Started process (PID=16503) to work on /opt/airflow/dags/dag_rtve_canarias_selenium.py
[2024-12-10T00:10:56.761+0000] {processor.py:914} INFO - Processing file /opt/airflow/dags/dag_rtve_canarias_selenium.py for tasks to queue
[2024-12-10T00:10:56.763+0000] {logging_mixin.py:190} INFO - [2024-12-10T00:10:56.763+0000] {dagbag.py:588} INFO - Filling up the DagBag from /opt/airflow/dags/dag_rtve_canarias_selenium.py
[2024-12-10T00:10:56.894+0000] {processor.py:925} INFO - DAG(s) 'rtve_canarias_schedule_scraper' retrieved from /opt/airflow/dags/dag_rtve_canarias_selenium.py
[2024-12-10T00:10:56.907+0000] {logging_mixin.py:190} INFO - [2024-12-10T00:10:56.907+0000] {dag.py:3239} INFO - Sync 1 DAGs
[2024-12-10T00:10:56.921+0000] {logging_mixin.py:190} INFO - [2024-12-10T00:10:56.921+0000] {dag.py:4180} INFO - Setting next_dagrun for rtve_canarias_schedule_scraper to 2024-12-09 23:30:00+00:00, run_after=2024-12-10 05:30:00+00:00
[2024-12-10T00:10:56.931+0000] {processor.py:208} INFO - Processing /opt/airflow/dags/dag_rtve_canarias_selenium.py took 0.174 seconds
[2024-12-10T00:11:27.647+0000] {processor.py:186} INFO - Started process (PID=16517) to work on /opt/airflow/dags/dag_rtve_canarias_selenium.py
[2024-12-10T00:11:27.648+0000] {processor.py:914} INFO - Processing file /opt/airflow/dags/dag_rtve_canarias_selenium.py for tasks to queue
[2024-12-10T00:11:27.649+0000] {logging_mixin.py:190} INFO - [2024-12-10T00:11:27.649+0000] {dagbag.py:588} INFO - Filling up the DagBag from /opt/airflow/dags/dag_rtve_canarias_selenium.py
[2024-12-10T00:11:27.781+0000] {processor.py:925} INFO - DAG(s) 'rtve_canarias_schedule_scraper' retrieved from /opt/airflow/dags/dag_rtve_canarias_selenium.py
[2024-12-10T00:11:27.796+0000] {logging_mixin.py:190} INFO - [2024-12-10T00:11:27.796+0000] {dag.py:3239} INFO - Sync 1 DAGs
[2024-12-10T00:11:27.811+0000] {logging_mixin.py:190} INFO - [2024-12-10T00:11:27.811+0000] {dag.py:4180} INFO - Setting next_dagrun for rtve_canarias_schedule_scraper to 2024-12-09 23:30:00+00:00, run_after=2024-12-10 05:30:00+00:00
[2024-12-10T00:11:27.822+0000] {processor.py:208} INFO - Processing /opt/airflow/dags/dag_rtve_canarias_selenium.py took 0.178 seconds
[2024-12-10T00:11:58.522+0000] {processor.py:186} INFO - Started process (PID=16532) to work on /opt/airflow/dags/dag_rtve_canarias_selenium.py
[2024-12-10T00:11:58.522+0000] {processor.py:914} INFO - Processing file /opt/airflow/dags/dag_rtve_canarias_selenium.py for tasks to queue
[2024-12-10T00:11:58.524+0000] {logging_mixin.py:190} INFO - [2024-12-10T00:11:58.524+0000] {dagbag.py:588} INFO - Filling up the DagBag from /opt/airflow/dags/dag_rtve_canarias_selenium.py
[2024-12-10T00:11:58.652+0000] {processor.py:925} INFO - DAG(s) 'rtve_canarias_schedule_scraper' retrieved from /opt/airflow/dags/dag_rtve_canarias_selenium.py
[2024-12-10T00:11:58.665+0000] {logging_mixin.py:190} INFO - [2024-12-10T00:11:58.665+0000] {dag.py:3239} INFO - Sync 1 DAGs
[2024-12-10T00:11:58.681+0000] {logging_mixin.py:190} INFO - [2024-12-10T00:11:58.681+0000] {dag.py:4180} INFO - Setting next_dagrun for rtve_canarias_schedule_scraper to 2024-12-09 23:30:00+00:00, run_after=2024-12-10 05:30:00+00:00
[2024-12-10T00:11:58.691+0000] {processor.py:208} INFO - Processing /opt/airflow/dags/dag_rtve_canarias_selenium.py took 0.172 seconds
[2024-12-10T00:12:29.579+0000] {processor.py:186} INFO - Started process (PID=16547) to work on /opt/airflow/dags/dag_rtve_canarias_selenium.py
[2024-12-10T00:12:29.580+0000] {processor.py:914} INFO - Processing file /opt/airflow/dags/dag_rtve_canarias_selenium.py for tasks to queue
[2024-12-10T00:12:29.582+0000] {logging_mixin.py:190} INFO - [2024-12-10T00:12:29.581+0000] {dagbag.py:588} INFO - Filling up the DagBag from /opt/airflow/dags/dag_rtve_canarias_selenium.py
[2024-12-10T00:12:29.713+0000] {processor.py:925} INFO - DAG(s) 'rtve_canarias_schedule_scraper' retrieved from /opt/airflow/dags/dag_rtve_canarias_selenium.py
[2024-12-10T00:12:29.728+0000] {logging_mixin.py:190} INFO - [2024-12-10T00:12:29.727+0000] {dag.py:3239} INFO - Sync 1 DAGs
[2024-12-10T00:12:29.742+0000] {logging_mixin.py:190} INFO - [2024-12-10T00:12:29.742+0000] {dag.py:4180} INFO - Setting next_dagrun for rtve_canarias_schedule_scraper to 2024-12-09 23:30:00+00:00, run_after=2024-12-10 05:30:00+00:00
[2024-12-10T00:12:29.752+0000] {processor.py:208} INFO - Processing /opt/airflow/dags/dag_rtve_canarias_selenium.py took 0.176 seconds
[2024-12-10T00:13:00.450+0000] {processor.py:186} INFO - Started process (PID=16562) to work on /opt/airflow/dags/dag_rtve_canarias_selenium.py
[2024-12-10T00:13:00.451+0000] {processor.py:914} INFO - Processing file /opt/airflow/dags/dag_rtve_canarias_selenium.py for tasks to queue
[2024-12-10T00:13:00.452+0000] {logging_mixin.py:190} INFO - [2024-12-10T00:13:00.452+0000] {dagbag.py:588} INFO - Filling up the DagBag from /opt/airflow/dags/dag_rtve_canarias_selenium.py
[2024-12-10T00:13:00.585+0000] {processor.py:925} INFO - DAG(s) 'rtve_canarias_schedule_scraper' retrieved from /opt/airflow/dags/dag_rtve_canarias_selenium.py
[2024-12-10T00:13:00.599+0000] {logging_mixin.py:190} INFO - [2024-12-10T00:13:00.599+0000] {dag.py:3239} INFO - Sync 1 DAGs
[2024-12-10T00:13:00.614+0000] {logging_mixin.py:190} INFO - [2024-12-10T00:13:00.614+0000] {dag.py:4180} INFO - Setting next_dagrun for rtve_canarias_schedule_scraper to 2024-12-09 23:30:00+00:00, run_after=2024-12-10 05:30:00+00:00
[2024-12-10T00:13:00.625+0000] {processor.py:208} INFO - Processing /opt/airflow/dags/dag_rtve_canarias_selenium.py took 0.179 seconds
[2024-12-10T00:13:31.346+0000] {processor.py:186} INFO - Started process (PID=16577) to work on /opt/airflow/dags/dag_rtve_canarias_selenium.py
[2024-12-10T00:13:31.347+0000] {processor.py:914} INFO - Processing file /opt/airflow/dags/dag_rtve_canarias_selenium.py for tasks to queue
[2024-12-10T00:13:31.348+0000] {logging_mixin.py:190} INFO - [2024-12-10T00:13:31.348+0000] {dagbag.py:588} INFO - Filling up the DagBag from /opt/airflow/dags/dag_rtve_canarias_selenium.py
[2024-12-10T00:13:31.482+0000] {processor.py:925} INFO - DAG(s) 'rtve_canarias_schedule_scraper' retrieved from /opt/airflow/dags/dag_rtve_canarias_selenium.py
[2024-12-10T00:13:31.497+0000] {logging_mixin.py:190} INFO - [2024-12-10T00:13:31.497+0000] {dag.py:3239} INFO - Sync 1 DAGs
[2024-12-10T00:13:31.512+0000] {logging_mixin.py:190} INFO - [2024-12-10T00:13:31.512+0000] {dag.py:4180} INFO - Setting next_dagrun for rtve_canarias_schedule_scraper to 2024-12-09 23:30:00+00:00, run_after=2024-12-10 05:30:00+00:00
[2024-12-10T00:13:31.522+0000] {processor.py:208} INFO - Processing /opt/airflow/dags/dag_rtve_canarias_selenium.py took 0.179 seconds
[2024-12-10T00:14:02.252+0000] {processor.py:186} INFO - Started process (PID=16592) to work on /opt/airflow/dags/dag_rtve_canarias_selenium.py
[2024-12-10T00:14:02.253+0000] {processor.py:914} INFO - Processing file /opt/airflow/dags/dag_rtve_canarias_selenium.py for tasks to queue
[2024-12-10T00:14:02.254+0000] {logging_mixin.py:190} INFO - [2024-12-10T00:14:02.254+0000] {dagbag.py:588} INFO - Filling up the DagBag from /opt/airflow/dags/dag_rtve_canarias_selenium.py
[2024-12-10T00:14:02.384+0000] {processor.py:925} INFO - DAG(s) 'rtve_canarias_schedule_scraper' retrieved from /opt/airflow/dags/dag_rtve_canarias_selenium.py
[2024-12-10T00:14:02.398+0000] {logging_mixin.py:190} INFO - [2024-12-10T00:14:02.398+0000] {dag.py:3239} INFO - Sync 1 DAGs
[2024-12-10T00:14:02.414+0000] {logging_mixin.py:190} INFO - [2024-12-10T00:14:02.414+0000] {dag.py:4180} INFO - Setting next_dagrun for rtve_canarias_schedule_scraper to 2024-12-09 23:30:00+00:00, run_after=2024-12-10 05:30:00+00:00
[2024-12-10T00:14:02.425+0000] {processor.py:208} INFO - Processing /opt/airflow/dags/dag_rtve_canarias_selenium.py took 0.177 seconds
[2024-12-10T00:14:33.136+0000] {processor.py:186} INFO - Started process (PID=16607) to work on /opt/airflow/dags/dag_rtve_canarias_selenium.py
[2024-12-10T00:14:33.137+0000] {processor.py:914} INFO - Processing file /opt/airflow/dags/dag_rtve_canarias_selenium.py for tasks to queue
[2024-12-10T00:14:33.138+0000] {logging_mixin.py:190} INFO - [2024-12-10T00:14:33.138+0000] {dagbag.py:588} INFO - Filling up the DagBag from /opt/airflow/dags/dag_rtve_canarias_selenium.py
[2024-12-10T00:14:33.270+0000] {processor.py:925} INFO - DAG(s) 'rtve_canarias_schedule_scraper' retrieved from /opt/airflow/dags/dag_rtve_canarias_selenium.py
[2024-12-10T00:14:33.285+0000] {logging_mixin.py:190} INFO - [2024-12-10T00:14:33.284+0000] {dag.py:3239} INFO - Sync 1 DAGs
[2024-12-10T00:14:33.300+0000] {logging_mixin.py:190} INFO - [2024-12-10T00:14:33.300+0000] {dag.py:4180} INFO - Setting next_dagrun for rtve_canarias_schedule_scraper to 2024-12-09 23:30:00+00:00, run_after=2024-12-10 05:30:00+00:00
[2024-12-10T00:14:33.311+0000] {processor.py:208} INFO - Processing /opt/airflow/dags/dag_rtve_canarias_selenium.py took 0.179 seconds
[2024-12-10T00:15:04.032+0000] {processor.py:186} INFO - Started process (PID=16622) to work on /opt/airflow/dags/dag_rtve_canarias_selenium.py
[2024-12-10T00:15:04.033+0000] {processor.py:914} INFO - Processing file /opt/airflow/dags/dag_rtve_canarias_selenium.py for tasks to queue
[2024-12-10T00:15:04.034+0000] {logging_mixin.py:190} INFO - [2024-12-10T00:15:04.034+0000] {dagbag.py:588} INFO - Filling up the DagBag from /opt/airflow/dags/dag_rtve_canarias_selenium.py
[2024-12-10T00:15:04.161+0000] {processor.py:925} INFO - DAG(s) 'rtve_canarias_schedule_scraper' retrieved from /opt/airflow/dags/dag_rtve_canarias_selenium.py
[2024-12-10T00:15:04.174+0000] {logging_mixin.py:190} INFO - [2024-12-10T00:15:04.174+0000] {dag.py:3239} INFO - Sync 1 DAGs
[2024-12-10T00:15:04.188+0000] {logging_mixin.py:190} INFO - [2024-12-10T00:15:04.188+0000] {dag.py:4180} INFO - Setting next_dagrun for rtve_canarias_schedule_scraper to 2024-12-09 23:30:00+00:00, run_after=2024-12-10 05:30:00+00:00
[2024-12-10T00:15:04.198+0000] {processor.py:208} INFO - Processing /opt/airflow/dags/dag_rtve_canarias_selenium.py took 0.170 seconds
[2024-12-10T00:15:34.923+0000] {processor.py:186} INFO - Started process (PID=16637) to work on /opt/airflow/dags/dag_rtve_canarias_selenium.py
[2024-12-10T00:15:34.923+0000] {processor.py:914} INFO - Processing file /opt/airflow/dags/dag_rtve_canarias_selenium.py for tasks to queue
[2024-12-10T00:15:34.925+0000] {logging_mixin.py:190} INFO - [2024-12-10T00:15:34.925+0000] {dagbag.py:588} INFO - Filling up the DagBag from /opt/airflow/dags/dag_rtve_canarias_selenium.py
[2024-12-10T00:15:35.060+0000] {processor.py:925} INFO - DAG(s) 'rtve_canarias_schedule_scraper' retrieved from /opt/airflow/dags/dag_rtve_canarias_selenium.py
[2024-12-10T00:15:35.075+0000] {logging_mixin.py:190} INFO - [2024-12-10T00:15:35.075+0000] {dag.py:3239} INFO - Sync 1 DAGs
[2024-12-10T00:15:35.090+0000] {logging_mixin.py:190} INFO - [2024-12-10T00:15:35.089+0000] {dag.py:4180} INFO - Setting next_dagrun for rtve_canarias_schedule_scraper to 2024-12-09 23:30:00+00:00, run_after=2024-12-10 05:30:00+00:00
[2024-12-10T00:15:35.100+0000] {processor.py:208} INFO - Processing /opt/airflow/dags/dag_rtve_canarias_selenium.py took 0.180 seconds
[2024-12-10T00:16:05.801+0000] {processor.py:186} INFO - Started process (PID=16652) to work on /opt/airflow/dags/dag_rtve_canarias_selenium.py
[2024-12-10T00:16:05.802+0000] {processor.py:914} INFO - Processing file /opt/airflow/dags/dag_rtve_canarias_selenium.py for tasks to queue
[2024-12-10T00:16:05.803+0000] {logging_mixin.py:190} INFO - [2024-12-10T00:16:05.803+0000] {dagbag.py:588} INFO - Filling up the DagBag from /opt/airflow/dags/dag_rtve_canarias_selenium.py
[2024-12-10T00:16:05.937+0000] {processor.py:925} INFO - DAG(s) 'rtve_canarias_schedule_scraper' retrieved from /opt/airflow/dags/dag_rtve_canarias_selenium.py
[2024-12-10T00:16:05.950+0000] {logging_mixin.py:190} INFO - [2024-12-10T00:16:05.949+0000] {dag.py:3239} INFO - Sync 1 DAGs
[2024-12-10T00:16:05.964+0000] {logging_mixin.py:190} INFO - [2024-12-10T00:16:05.964+0000] {dag.py:4180} INFO - Setting next_dagrun for rtve_canarias_schedule_scraper to 2024-12-09 23:30:00+00:00, run_after=2024-12-10 05:30:00+00:00
[2024-12-10T00:16:05.973+0000] {processor.py:208} INFO - Processing /opt/airflow/dags/dag_rtve_canarias_selenium.py took 0.176 seconds
[2024-12-10T00:16:36.691+0000] {processor.py:186} INFO - Started process (PID=16667) to work on /opt/airflow/dags/dag_rtve_canarias_selenium.py
[2024-12-10T00:16:36.691+0000] {processor.py:914} INFO - Processing file /opt/airflow/dags/dag_rtve_canarias_selenium.py for tasks to queue
[2024-12-10T00:16:36.693+0000] {logging_mixin.py:190} INFO - [2024-12-10T00:16:36.693+0000] {dagbag.py:588} INFO - Filling up the DagBag from /opt/airflow/dags/dag_rtve_canarias_selenium.py
[2024-12-10T00:16:36.829+0000] {processor.py:925} INFO - DAG(s) 'rtve_canarias_schedule_scraper' retrieved from /opt/airflow/dags/dag_rtve_canarias_selenium.py
[2024-12-10T00:16:36.842+0000] {logging_mixin.py:190} INFO - [2024-12-10T00:16:36.842+0000] {dag.py:3239} INFO - Sync 1 DAGs
[2024-12-10T00:16:36.856+0000] {logging_mixin.py:190} INFO - [2024-12-10T00:16:36.855+0000] {dag.py:4180} INFO - Setting next_dagrun for rtve_canarias_schedule_scraper to 2024-12-09 23:30:00+00:00, run_after=2024-12-10 05:30:00+00:00
[2024-12-10T00:16:36.866+0000] {processor.py:208} INFO - Processing /opt/airflow/dags/dag_rtve_canarias_selenium.py took 0.179 seconds
[2024-12-10T00:17:07.591+0000] {processor.py:186} INFO - Started process (PID=16682) to work on /opt/airflow/dags/dag_rtve_canarias_selenium.py
[2024-12-10T00:17:07.591+0000] {processor.py:914} INFO - Processing file /opt/airflow/dags/dag_rtve_canarias_selenium.py for tasks to queue
[2024-12-10T00:17:07.592+0000] {logging_mixin.py:190} INFO - [2024-12-10T00:17:07.592+0000] {dagbag.py:588} INFO - Filling up the DagBag from /opt/airflow/dags/dag_rtve_canarias_selenium.py
[2024-12-10T00:17:07.722+0000] {processor.py:925} INFO - DAG(s) 'rtve_canarias_schedule_scraper' retrieved from /opt/airflow/dags/dag_rtve_canarias_selenium.py
[2024-12-10T00:17:07.736+0000] {logging_mixin.py:190} INFO - [2024-12-10T00:17:07.736+0000] {dag.py:3239} INFO - Sync 1 DAGs
[2024-12-10T00:17:07.754+0000] {logging_mixin.py:190} INFO - [2024-12-10T00:17:07.754+0000] {dag.py:4180} INFO - Setting next_dagrun for rtve_canarias_schedule_scraper to 2024-12-09 23:30:00+00:00, run_after=2024-12-10 05:30:00+00:00
[2024-12-10T00:17:07.764+0000] {processor.py:208} INFO - Processing /opt/airflow/dags/dag_rtve_canarias_selenium.py took 0.177 seconds
[2024-12-10T00:17:38.642+0000] {processor.py:186} INFO - Started process (PID=16697) to work on /opt/airflow/dags/dag_rtve_canarias_selenium.py
[2024-12-10T00:17:38.642+0000] {processor.py:914} INFO - Processing file /opt/airflow/dags/dag_rtve_canarias_selenium.py for tasks to queue
[2024-12-10T00:17:38.643+0000] {logging_mixin.py:190} INFO - [2024-12-10T00:17:38.643+0000] {dagbag.py:588} INFO - Filling up the DagBag from /opt/airflow/dags/dag_rtve_canarias_selenium.py
[2024-12-10T00:17:38.777+0000] {processor.py:925} INFO - DAG(s) 'rtve_canarias_schedule_scraper' retrieved from /opt/airflow/dags/dag_rtve_canarias_selenium.py
[2024-12-10T00:17:38.792+0000] {logging_mixin.py:190} INFO - [2024-12-10T00:17:38.791+0000] {dag.py:3239} INFO - Sync 1 DAGs
[2024-12-10T00:17:38.807+0000] {logging_mixin.py:190} INFO - [2024-12-10T00:17:38.807+0000] {dag.py:4180} INFO - Setting next_dagrun for rtve_canarias_schedule_scraper to 2024-12-09 23:30:00+00:00, run_after=2024-12-10 05:30:00+00:00
[2024-12-10T00:17:38.817+0000] {processor.py:208} INFO - Processing /opt/airflow/dags/dag_rtve_canarias_selenium.py took 0.179 seconds
[2024-12-10T00:18:09.523+0000] {processor.py:186} INFO - Started process (PID=16712) to work on /opt/airflow/dags/dag_rtve_canarias_selenium.py
[2024-12-10T00:18:09.523+0000] {processor.py:914} INFO - Processing file /opt/airflow/dags/dag_rtve_canarias_selenium.py for tasks to queue
[2024-12-10T00:18:09.525+0000] {logging_mixin.py:190} INFO - [2024-12-10T00:18:09.525+0000] {dagbag.py:588} INFO - Filling up the DagBag from /opt/airflow/dags/dag_rtve_canarias_selenium.py
[2024-12-10T00:18:09.654+0000] {processor.py:925} INFO - DAG(s) 'rtve_canarias_schedule_scraper' retrieved from /opt/airflow/dags/dag_rtve_canarias_selenium.py
[2024-12-10T00:18:09.667+0000] {logging_mixin.py:190} INFO - [2024-12-10T00:18:09.667+0000] {dag.py:3239} INFO - Sync 1 DAGs
[2024-12-10T00:18:09.681+0000] {logging_mixin.py:190} INFO - [2024-12-10T00:18:09.681+0000] {dag.py:4180} INFO - Setting next_dagrun for rtve_canarias_schedule_scraper to 2024-12-09 23:30:00+00:00, run_after=2024-12-10 05:30:00+00:00
[2024-12-10T00:18:09.691+0000] {processor.py:208} INFO - Processing /opt/airflow/dags/dag_rtve_canarias_selenium.py took 0.171 seconds
[2024-12-10T00:18:40.456+0000] {processor.py:186} INFO - Started process (PID=16727) to work on /opt/airflow/dags/dag_rtve_canarias_selenium.py
[2024-12-10T00:18:40.456+0000] {processor.py:914} INFO - Processing file /opt/airflow/dags/dag_rtve_canarias_selenium.py for tasks to queue
[2024-12-10T00:18:40.458+0000] {logging_mixin.py:190} INFO - [2024-12-10T00:18:40.458+0000] {dagbag.py:588} INFO - Filling up the DagBag from /opt/airflow/dags/dag_rtve_canarias_selenium.py
[2024-12-10T00:18:40.590+0000] {processor.py:925} INFO - DAG(s) 'rtve_canarias_schedule_scraper' retrieved from /opt/airflow/dags/dag_rtve_canarias_selenium.py
[2024-12-10T00:18:40.603+0000] {logging_mixin.py:190} INFO - [2024-12-10T00:18:40.603+0000] {dag.py:3239} INFO - Sync 1 DAGs
[2024-12-10T00:18:40.619+0000] {logging_mixin.py:190} INFO - [2024-12-10T00:18:40.619+0000] {dag.py:4180} INFO - Setting next_dagrun for rtve_canarias_schedule_scraper to 2024-12-09 23:30:00+00:00, run_after=2024-12-10 05:30:00+00:00
[2024-12-10T00:18:40.630+0000] {processor.py:208} INFO - Processing /opt/airflow/dags/dag_rtve_canarias_selenium.py took 0.177 seconds
[2024-12-10T00:19:11.345+0000] {processor.py:186} INFO - Started process (PID=16742) to work on /opt/airflow/dags/dag_rtve_canarias_selenium.py
[2024-12-10T00:19:11.346+0000] {processor.py:914} INFO - Processing file /opt/airflow/dags/dag_rtve_canarias_selenium.py for tasks to queue
[2024-12-10T00:19:11.347+0000] {logging_mixin.py:190} INFO - [2024-12-10T00:19:11.347+0000] {dagbag.py:588} INFO - Filling up the DagBag from /opt/airflow/dags/dag_rtve_canarias_selenium.py
[2024-12-10T00:19:11.476+0000] {processor.py:925} INFO - DAG(s) 'rtve_canarias_schedule_scraper' retrieved from /opt/airflow/dags/dag_rtve_canarias_selenium.py
[2024-12-10T00:19:11.490+0000] {logging_mixin.py:190} INFO - [2024-12-10T00:19:11.489+0000] {dag.py:3239} INFO - Sync 1 DAGs
[2024-12-10T00:19:11.504+0000] {logging_mixin.py:190} INFO - [2024-12-10T00:19:11.504+0000] {dag.py:4180} INFO - Setting next_dagrun for rtve_canarias_schedule_scraper to 2024-12-09 23:30:00+00:00, run_after=2024-12-10 05:30:00+00:00
[2024-12-10T00:19:11.516+0000] {processor.py:208} INFO - Processing /opt/airflow/dags/dag_rtve_canarias_selenium.py took 0.175 seconds
[2024-12-10T00:19:42.210+0000] {processor.py:186} INFO - Started process (PID=16757) to work on /opt/airflow/dags/dag_rtve_canarias_selenium.py
[2024-12-10T00:19:42.211+0000] {processor.py:914} INFO - Processing file /opt/airflow/dags/dag_rtve_canarias_selenium.py for tasks to queue
[2024-12-10T00:19:42.212+0000] {logging_mixin.py:190} INFO - [2024-12-10T00:19:42.212+0000] {dagbag.py:588} INFO - Filling up the DagBag from /opt/airflow/dags/dag_rtve_canarias_selenium.py
[2024-12-10T00:19:42.343+0000] {processor.py:925} INFO - DAG(s) 'rtve_canarias_schedule_scraper' retrieved from /opt/airflow/dags/dag_rtve_canarias_selenium.py
[2024-12-10T00:19:42.356+0000] {logging_mixin.py:190} INFO - [2024-12-10T00:19:42.356+0000] {dag.py:3239} INFO - Sync 1 DAGs
[2024-12-10T00:19:42.370+0000] {logging_mixin.py:190} INFO - [2024-12-10T00:19:42.369+0000] {dag.py:4180} INFO - Setting next_dagrun for rtve_canarias_schedule_scraper to 2024-12-09 23:30:00+00:00, run_after=2024-12-10 05:30:00+00:00
[2024-12-10T00:19:42.379+0000] {processor.py:208} INFO - Processing /opt/airflow/dags/dag_rtve_canarias_selenium.py took 0.172 seconds
[2024-12-10T00:20:13.104+0000] {processor.py:186} INFO - Started process (PID=16772) to work on /opt/airflow/dags/dag_rtve_canarias_selenium.py
[2024-12-10T00:20:13.105+0000] {processor.py:914} INFO - Processing file /opt/airflow/dags/dag_rtve_canarias_selenium.py for tasks to queue
[2024-12-10T00:20:13.106+0000] {logging_mixin.py:190} INFO - [2024-12-10T00:20:13.106+0000] {dagbag.py:588} INFO - Filling up the DagBag from /opt/airflow/dags/dag_rtve_canarias_selenium.py
[2024-12-10T00:20:13.238+0000] {processor.py:925} INFO - DAG(s) 'rtve_canarias_schedule_scraper' retrieved from /opt/airflow/dags/dag_rtve_canarias_selenium.py
[2024-12-10T00:20:13.252+0000] {logging_mixin.py:190} INFO - [2024-12-10T00:20:13.252+0000] {dag.py:3239} INFO - Sync 1 DAGs
[2024-12-10T00:20:13.268+0000] {logging_mixin.py:190} INFO - [2024-12-10T00:20:13.267+0000] {dag.py:4180} INFO - Setting next_dagrun for rtve_canarias_schedule_scraper to 2024-12-09 23:30:00+00:00, run_after=2024-12-10 05:30:00+00:00
[2024-12-10T00:20:13.278+0000] {processor.py:208} INFO - Processing /opt/airflow/dags/dag_rtve_canarias_selenium.py took 0.177 seconds
[2024-12-10T00:20:44.008+0000] {processor.py:186} INFO - Started process (PID=16787) to work on /opt/airflow/dags/dag_rtve_canarias_selenium.py
[2024-12-10T00:20:44.009+0000] {processor.py:914} INFO - Processing file /opt/airflow/dags/dag_rtve_canarias_selenium.py for tasks to queue
[2024-12-10T00:20:44.010+0000] {logging_mixin.py:190} INFO - [2024-12-10T00:20:44.010+0000] {dagbag.py:588} INFO - Filling up the DagBag from /opt/airflow/dags/dag_rtve_canarias_selenium.py
[2024-12-10T00:20:44.143+0000] {processor.py:925} INFO - DAG(s) 'rtve_canarias_schedule_scraper' retrieved from /opt/airflow/dags/dag_rtve_canarias_selenium.py
[2024-12-10T00:20:44.158+0000] {logging_mixin.py:190} INFO - [2024-12-10T00:20:44.158+0000] {dag.py:3239} INFO - Sync 1 DAGs
[2024-12-10T00:20:44.173+0000] {logging_mixin.py:190} INFO - [2024-12-10T00:20:44.173+0000] {dag.py:4180} INFO - Setting next_dagrun for rtve_canarias_schedule_scraper to 2024-12-09 23:30:00+00:00, run_after=2024-12-10 05:30:00+00:00
[2024-12-10T00:20:44.184+0000] {processor.py:208} INFO - Processing /opt/airflow/dags/dag_rtve_canarias_selenium.py took 0.179 seconds
[2024-12-10T00:21:14.914+0000] {processor.py:186} INFO - Started process (PID=16802) to work on /opt/airflow/dags/dag_rtve_canarias_selenium.py
[2024-12-10T00:21:14.915+0000] {processor.py:914} INFO - Processing file /opt/airflow/dags/dag_rtve_canarias_selenium.py for tasks to queue
[2024-12-10T00:21:14.917+0000] {logging_mixin.py:190} INFO - [2024-12-10T00:21:14.917+0000] {dagbag.py:588} INFO - Filling up the DagBag from /opt/airflow/dags/dag_rtve_canarias_selenium.py
[2024-12-10T00:21:15.064+0000] {processor.py:925} INFO - DAG(s) 'rtve_canarias_schedule_scraper' retrieved from /opt/airflow/dags/dag_rtve_canarias_selenium.py
[2024-12-10T00:21:15.079+0000] {logging_mixin.py:190} INFO - [2024-12-10T00:21:15.079+0000] {dag.py:3239} INFO - Sync 1 DAGs
[2024-12-10T00:21:15.094+0000] {logging_mixin.py:190} INFO - [2024-12-10T00:21:15.094+0000] {dag.py:4180} INFO - Setting next_dagrun for rtve_canarias_schedule_scraper to 2024-12-09 23:30:00+00:00, run_after=2024-12-10 05:30:00+00:00
[2024-12-10T00:21:15.104+0000] {processor.py:208} INFO - Processing /opt/airflow/dags/dag_rtve_canarias_selenium.py took 0.193 seconds
[2024-12-10T00:21:45.796+0000] {processor.py:186} INFO - Started process (PID=16817) to work on /opt/airflow/dags/dag_rtve_canarias_selenium.py
[2024-12-10T00:21:45.797+0000] {processor.py:914} INFO - Processing file /opt/airflow/dags/dag_rtve_canarias_selenium.py for tasks to queue
[2024-12-10T00:21:45.798+0000] {logging_mixin.py:190} INFO - [2024-12-10T00:21:45.798+0000] {dagbag.py:588} INFO - Filling up the DagBag from /opt/airflow/dags/dag_rtve_canarias_selenium.py
[2024-12-10T00:21:45.933+0000] {processor.py:925} INFO - DAG(s) 'rtve_canarias_schedule_scraper' retrieved from /opt/airflow/dags/dag_rtve_canarias_selenium.py
[2024-12-10T00:21:45.948+0000] {logging_mixin.py:190} INFO - [2024-12-10T00:21:45.948+0000] {dag.py:3239} INFO - Sync 1 DAGs
[2024-12-10T00:21:45.963+0000] {logging_mixin.py:190} INFO - [2024-12-10T00:21:45.962+0000] {dag.py:4180} INFO - Setting next_dagrun for rtve_canarias_schedule_scraper to 2024-12-09 23:30:00+00:00, run_after=2024-12-10 05:30:00+00:00
[2024-12-10T00:21:45.972+0000] {processor.py:208} INFO - Processing /opt/airflow/dags/dag_rtve_canarias_selenium.py took 0.179 seconds
[2024-12-10T00:22:16.850+0000] {processor.py:186} INFO - Started process (PID=16832) to work on /opt/airflow/dags/dag_rtve_canarias_selenium.py
[2024-12-10T00:22:16.850+0000] {processor.py:914} INFO - Processing file /opt/airflow/dags/dag_rtve_canarias_selenium.py for tasks to queue
[2024-12-10T00:22:16.851+0000] {logging_mixin.py:190} INFO - [2024-12-10T00:22:16.851+0000] {dagbag.py:588} INFO - Filling up the DagBag from /opt/airflow/dags/dag_rtve_canarias_selenium.py
[2024-12-10T00:22:16.981+0000] {processor.py:925} INFO - DAG(s) 'rtve_canarias_schedule_scraper' retrieved from /opt/airflow/dags/dag_rtve_canarias_selenium.py
[2024-12-10T00:22:16.997+0000] {logging_mixin.py:190} INFO - [2024-12-10T00:22:16.997+0000] {dag.py:3239} INFO - Sync 1 DAGs
[2024-12-10T00:22:17.012+0000] {logging_mixin.py:190} INFO - [2024-12-10T00:22:17.012+0000] {dag.py:4180} INFO - Setting next_dagrun for rtve_canarias_schedule_scraper to 2024-12-09 23:30:00+00:00, run_after=2024-12-10 05:30:00+00:00
[2024-12-10T00:22:17.022+0000] {processor.py:208} INFO - Processing /opt/airflow/dags/dag_rtve_canarias_selenium.py took 0.176 seconds
[2024-12-10T00:22:47.943+0000] {processor.py:186} INFO - Started process (PID=16847) to work on /opt/airflow/dags/dag_rtve_canarias_selenium.py
[2024-12-10T00:22:47.944+0000] {processor.py:914} INFO - Processing file /opt/airflow/dags/dag_rtve_canarias_selenium.py for tasks to queue
[2024-12-10T00:22:47.945+0000] {logging_mixin.py:190} INFO - [2024-12-10T00:22:47.945+0000] {dagbag.py:588} INFO - Filling up the DagBag from /opt/airflow/dags/dag_rtve_canarias_selenium.py
[2024-12-10T00:22:48.076+0000] {processor.py:925} INFO - DAG(s) 'rtve_canarias_schedule_scraper' retrieved from /opt/airflow/dags/dag_rtve_canarias_selenium.py
[2024-12-10T00:22:48.090+0000] {logging_mixin.py:190} INFO - [2024-12-10T00:22:48.090+0000] {dag.py:3239} INFO - Sync 1 DAGs
[2024-12-10T00:22:48.105+0000] {logging_mixin.py:190} INFO - [2024-12-10T00:22:48.104+0000] {dag.py:4180} INFO - Setting next_dagrun for rtve_canarias_schedule_scraper to 2024-12-09 23:30:00+00:00, run_after=2024-12-10 05:30:00+00:00
[2024-12-10T00:22:48.115+0000] {processor.py:208} INFO - Processing /opt/airflow/dags/dag_rtve_canarias_selenium.py took 0.175 seconds
[2024-12-10T00:23:18.831+0000] {processor.py:186} INFO - Started process (PID=16862) to work on /opt/airflow/dags/dag_rtve_canarias_selenium.py
[2024-12-10T00:23:18.832+0000] {processor.py:914} INFO - Processing file /opt/airflow/dags/dag_rtve_canarias_selenium.py for tasks to queue
[2024-12-10T00:23:18.833+0000] {logging_mixin.py:190} INFO - [2024-12-10T00:23:18.833+0000] {dagbag.py:588} INFO - Filling up the DagBag from /opt/airflow/dags/dag_rtve_canarias_selenium.py
[2024-12-10T00:23:18.965+0000] {processor.py:925} INFO - DAG(s) 'rtve_canarias_schedule_scraper' retrieved from /opt/airflow/dags/dag_rtve_canarias_selenium.py
[2024-12-10T00:23:18.979+0000] {logging_mixin.py:190} INFO - [2024-12-10T00:23:18.979+0000] {dag.py:3239} INFO - Sync 1 DAGs
[2024-12-10T00:23:18.993+0000] {logging_mixin.py:190} INFO - [2024-12-10T00:23:18.993+0000] {dag.py:4180} INFO - Setting next_dagrun for rtve_canarias_schedule_scraper to 2024-12-09 23:30:00+00:00, run_after=2024-12-10 05:30:00+00:00
[2024-12-10T00:23:19.002+0000] {processor.py:208} INFO - Processing /opt/airflow/dags/dag_rtve_canarias_selenium.py took 0.175 seconds
[2024-12-10T00:23:49.684+0000] {processor.py:186} INFO - Started process (PID=16877) to work on /opt/airflow/dags/dag_rtve_canarias_selenium.py
[2024-12-10T00:23:49.684+0000] {processor.py:914} INFO - Processing file /opt/airflow/dags/dag_rtve_canarias_selenium.py for tasks to queue
[2024-12-10T00:23:49.686+0000] {logging_mixin.py:190} INFO - [2024-12-10T00:23:49.685+0000] {dagbag.py:588} INFO - Filling up the DagBag from /opt/airflow/dags/dag_rtve_canarias_selenium.py
[2024-12-10T00:23:49.818+0000] {processor.py:925} INFO - DAG(s) 'rtve_canarias_schedule_scraper' retrieved from /opt/airflow/dags/dag_rtve_canarias_selenium.py
[2024-12-10T00:23:49.832+0000] {logging_mixin.py:190} INFO - [2024-12-10T00:23:49.832+0000] {dag.py:3239} INFO - Sync 1 DAGs
[2024-12-10T00:23:49.846+0000] {logging_mixin.py:190} INFO - [2024-12-10T00:23:49.846+0000] {dag.py:4180} INFO - Setting next_dagrun for rtve_canarias_schedule_scraper to 2024-12-09 23:30:00+00:00, run_after=2024-12-10 05:30:00+00:00
[2024-12-10T00:23:49.855+0000] {processor.py:208} INFO - Processing /opt/airflow/dags/dag_rtve_canarias_selenium.py took 0.175 seconds
[2024-12-10T00:24:20.573+0000] {processor.py:186} INFO - Started process (PID=16898) to work on /opt/airflow/dags/dag_rtve_canarias_selenium.py
[2024-12-10T00:24:20.574+0000] {processor.py:914} INFO - Processing file /opt/airflow/dags/dag_rtve_canarias_selenium.py for tasks to queue
[2024-12-10T00:24:20.575+0000] {logging_mixin.py:190} INFO - [2024-12-10T00:24:20.575+0000] {dagbag.py:588} INFO - Filling up the DagBag from /opt/airflow/dags/dag_rtve_canarias_selenium.py
[2024-12-10T00:24:20.705+0000] {processor.py:925} INFO - DAG(s) 'rtve_canarias_schedule_scraper' retrieved from /opt/airflow/dags/dag_rtve_canarias_selenium.py
[2024-12-10T00:24:20.718+0000] {logging_mixin.py:190} INFO - [2024-12-10T00:24:20.718+0000] {dag.py:3239} INFO - Sync 1 DAGs
[2024-12-10T00:24:20.732+0000] {logging_mixin.py:190} INFO - [2024-12-10T00:24:20.731+0000] {dag.py:4180} INFO - Setting next_dagrun for rtve_canarias_schedule_scraper to 2024-12-09 23:30:00+00:00, run_after=2024-12-10 05:30:00+00:00
[2024-12-10T00:24:20.741+0000] {processor.py:208} INFO - Processing /opt/airflow/dags/dag_rtve_canarias_selenium.py took 0.172 seconds
[2024-12-10T00:24:51.454+0000] {processor.py:186} INFO - Started process (PID=16913) to work on /opt/airflow/dags/dag_rtve_canarias_selenium.py
[2024-12-10T00:24:51.454+0000] {processor.py:914} INFO - Processing file /opt/airflow/dags/dag_rtve_canarias_selenium.py for tasks to queue
[2024-12-10T00:24:51.456+0000] {logging_mixin.py:190} INFO - [2024-12-10T00:24:51.456+0000] {dagbag.py:588} INFO - Filling up the DagBag from /opt/airflow/dags/dag_rtve_canarias_selenium.py
[2024-12-10T00:24:51.594+0000] {processor.py:925} INFO - DAG(s) 'rtve_canarias_schedule_scraper' retrieved from /opt/airflow/dags/dag_rtve_canarias_selenium.py
[2024-12-10T00:24:51.608+0000] {logging_mixin.py:190} INFO - [2024-12-10T00:24:51.608+0000] {dag.py:3239} INFO - Sync 1 DAGs
[2024-12-10T00:24:51.622+0000] {logging_mixin.py:190} INFO - [2024-12-10T00:24:51.622+0000] {dag.py:4180} INFO - Setting next_dagrun for rtve_canarias_schedule_scraper to 2024-12-09 23:30:00+00:00, run_after=2024-12-10 05:30:00+00:00
[2024-12-10T00:24:51.632+0000] {processor.py:208} INFO - Processing /opt/airflow/dags/dag_rtve_canarias_selenium.py took 0.182 seconds
[2024-12-10T00:25:22.328+0000] {processor.py:186} INFO - Started process (PID=16928) to work on /opt/airflow/dags/dag_rtve_canarias_selenium.py
[2024-12-10T00:25:22.329+0000] {processor.py:914} INFO - Processing file /opt/airflow/dags/dag_rtve_canarias_selenium.py for tasks to queue
[2024-12-10T00:25:22.330+0000] {logging_mixin.py:190} INFO - [2024-12-10T00:25:22.330+0000] {dagbag.py:588} INFO - Filling up the DagBag from /opt/airflow/dags/dag_rtve_canarias_selenium.py
[2024-12-10T00:25:22.460+0000] {processor.py:925} INFO - DAG(s) 'rtve_canarias_schedule_scraper' retrieved from /opt/airflow/dags/dag_rtve_canarias_selenium.py
[2024-12-10T00:25:22.474+0000] {logging_mixin.py:190} INFO - [2024-12-10T00:25:22.474+0000] {dag.py:3239} INFO - Sync 1 DAGs
[2024-12-10T00:25:22.488+0000] {logging_mixin.py:190} INFO - [2024-12-10T00:25:22.488+0000] {dag.py:4180} INFO - Setting next_dagrun for rtve_canarias_schedule_scraper to 2024-12-09 23:30:00+00:00, run_after=2024-12-10 05:30:00+00:00
[2024-12-10T00:25:22.498+0000] {processor.py:208} INFO - Processing /opt/airflow/dags/dag_rtve_canarias_selenium.py took 0.174 seconds
[2024-12-10T00:25:53.214+0000] {processor.py:186} INFO - Started process (PID=16943) to work on /opt/airflow/dags/dag_rtve_canarias_selenium.py
[2024-12-10T00:25:53.215+0000] {processor.py:914} INFO - Processing file /opt/airflow/dags/dag_rtve_canarias_selenium.py for tasks to queue
[2024-12-10T00:25:53.216+0000] {logging_mixin.py:190} INFO - [2024-12-10T00:25:53.216+0000] {dagbag.py:588} INFO - Filling up the DagBag from /opt/airflow/dags/dag_rtve_canarias_selenium.py
[2024-12-10T00:25:53.344+0000] {processor.py:925} INFO - DAG(s) 'rtve_canarias_schedule_scraper' retrieved from /opt/airflow/dags/dag_rtve_canarias_selenium.py
[2024-12-10T00:25:53.358+0000] {logging_mixin.py:190} INFO - [2024-12-10T00:25:53.358+0000] {dag.py:3239} INFO - Sync 1 DAGs
[2024-12-10T00:25:53.372+0000] {logging_mixin.py:190} INFO - [2024-12-10T00:25:53.372+0000] {dag.py:4180} INFO - Setting next_dagrun for rtve_canarias_schedule_scraper to 2024-12-09 23:30:00+00:00, run_after=2024-12-10 05:30:00+00:00
[2024-12-10T00:25:53.382+0000] {processor.py:208} INFO - Processing /opt/airflow/dags/dag_rtve_canarias_selenium.py took 0.172 seconds
[2024-12-10T00:26:24.120+0000] {processor.py:186} INFO - Started process (PID=16958) to work on /opt/airflow/dags/dag_rtve_canarias_selenium.py
[2024-12-10T00:26:24.120+0000] {processor.py:914} INFO - Processing file /opt/airflow/dags/dag_rtve_canarias_selenium.py for tasks to queue
[2024-12-10T00:26:24.121+0000] {logging_mixin.py:190} INFO - [2024-12-10T00:26:24.121+0000] {dagbag.py:588} INFO - Filling up the DagBag from /opt/airflow/dags/dag_rtve_canarias_selenium.py
[2024-12-10T00:26:24.253+0000] {processor.py:925} INFO - DAG(s) 'rtve_canarias_schedule_scraper' retrieved from /opt/airflow/dags/dag_rtve_canarias_selenium.py
[2024-12-10T00:26:24.267+0000] {logging_mixin.py:190} INFO - [2024-12-10T00:26:24.266+0000] {dag.py:3239} INFO - Sync 1 DAGs
[2024-12-10T00:26:24.281+0000] {logging_mixin.py:190} INFO - [2024-12-10T00:26:24.281+0000] {dag.py:4180} INFO - Setting next_dagrun for rtve_canarias_schedule_scraper to 2024-12-09 23:30:00+00:00, run_after=2024-12-10 05:30:00+00:00
[2024-12-10T00:26:24.291+0000] {processor.py:208} INFO - Processing /opt/airflow/dags/dag_rtve_canarias_selenium.py took 0.175 seconds
[2024-12-10T00:26:55.025+0000] {processor.py:186} INFO - Started process (PID=16973) to work on /opt/airflow/dags/dag_rtve_canarias_selenium.py
[2024-12-10T00:26:55.026+0000] {processor.py:914} INFO - Processing file /opt/airflow/dags/dag_rtve_canarias_selenium.py for tasks to queue
[2024-12-10T00:26:55.027+0000] {logging_mixin.py:190} INFO - [2024-12-10T00:26:55.027+0000] {dagbag.py:588} INFO - Filling up the DagBag from /opt/airflow/dags/dag_rtve_canarias_selenium.py
[2024-12-10T00:26:55.163+0000] {processor.py:925} INFO - DAG(s) 'rtve_canarias_schedule_scraper' retrieved from /opt/airflow/dags/dag_rtve_canarias_selenium.py
[2024-12-10T00:26:55.177+0000] {logging_mixin.py:190} INFO - [2024-12-10T00:26:55.176+0000] {dag.py:3239} INFO - Sync 1 DAGs
[2024-12-10T00:26:55.192+0000] {logging_mixin.py:190} INFO - [2024-12-10T00:26:55.192+0000] {dag.py:4180} INFO - Setting next_dagrun for rtve_canarias_schedule_scraper to 2024-12-09 23:30:00+00:00, run_after=2024-12-10 05:30:00+00:00
[2024-12-10T00:26:55.204+0000] {processor.py:208} INFO - Processing /opt/airflow/dags/dag_rtve_canarias_selenium.py took 0.182 seconds
[2024-12-10T00:27:26.094+0000] {processor.py:186} INFO - Started process (PID=16988) to work on /opt/airflow/dags/dag_rtve_canarias_selenium.py
[2024-12-10T00:27:26.094+0000] {processor.py:914} INFO - Processing file /opt/airflow/dags/dag_rtve_canarias_selenium.py for tasks to queue
[2024-12-10T00:27:26.095+0000] {logging_mixin.py:190} INFO - [2024-12-10T00:27:26.095+0000] {dagbag.py:588} INFO - Filling up the DagBag from /opt/airflow/dags/dag_rtve_canarias_selenium.py
[2024-12-10T00:27:26.225+0000] {processor.py:925} INFO - DAG(s) 'rtve_canarias_schedule_scraper' retrieved from /opt/airflow/dags/dag_rtve_canarias_selenium.py
[2024-12-10T00:27:26.240+0000] {logging_mixin.py:190} INFO - [2024-12-10T00:27:26.240+0000] {dag.py:3239} INFO - Sync 1 DAGs
[2024-12-10T00:27:26.255+0000] {logging_mixin.py:190} INFO - [2024-12-10T00:27:26.255+0000] {dag.py:4180} INFO - Setting next_dagrun for rtve_canarias_schedule_scraper to 2024-12-09 23:30:00+00:00, run_after=2024-12-10 05:30:00+00:00
[2024-12-10T00:27:26.267+0000] {processor.py:208} INFO - Processing /opt/airflow/dags/dag_rtve_canarias_selenium.py took 0.177 seconds
[2024-12-10T00:27:57.003+0000] {processor.py:186} INFO - Started process (PID=17003) to work on /opt/airflow/dags/dag_rtve_canarias_selenium.py
[2024-12-10T00:27:57.004+0000] {processor.py:914} INFO - Processing file /opt/airflow/dags/dag_rtve_canarias_selenium.py for tasks to queue
[2024-12-10T00:27:57.005+0000] {logging_mixin.py:190} INFO - [2024-12-10T00:27:57.005+0000] {dagbag.py:588} INFO - Filling up the DagBag from /opt/airflow/dags/dag_rtve_canarias_selenium.py
[2024-12-10T00:27:57.136+0000] {processor.py:925} INFO - DAG(s) 'rtve_canarias_schedule_scraper' retrieved from /opt/airflow/dags/dag_rtve_canarias_selenium.py
[2024-12-10T00:27:57.151+0000] {logging_mixin.py:190} INFO - [2024-12-10T00:27:57.151+0000] {dag.py:3239} INFO - Sync 1 DAGs
[2024-12-10T00:27:57.167+0000] {logging_mixin.py:190} INFO - [2024-12-10T00:27:57.167+0000] {dag.py:4180} INFO - Setting next_dagrun for rtve_canarias_schedule_scraper to 2024-12-09 23:30:00+00:00, run_after=2024-12-10 05:30:00+00:00
[2024-12-10T00:27:57.179+0000] {processor.py:208} INFO - Processing /opt/airflow/dags/dag_rtve_canarias_selenium.py took 0.180 seconds
[2024-12-10T00:28:27.898+0000] {processor.py:186} INFO - Started process (PID=17018) to work on /opt/airflow/dags/dag_rtve_canarias_selenium.py
[2024-12-10T00:28:27.899+0000] {processor.py:914} INFO - Processing file /opt/airflow/dags/dag_rtve_canarias_selenium.py for tasks to queue
[2024-12-10T00:28:27.900+0000] {logging_mixin.py:190} INFO - [2024-12-10T00:28:27.900+0000] {dagbag.py:588} INFO - Filling up the DagBag from /opt/airflow/dags/dag_rtve_canarias_selenium.py
[2024-12-10T00:28:28.032+0000] {processor.py:925} INFO - DAG(s) 'rtve_canarias_schedule_scraper' retrieved from /opt/airflow/dags/dag_rtve_canarias_selenium.py
[2024-12-10T00:28:28.048+0000] {logging_mixin.py:190} INFO - [2024-12-10T00:28:28.047+0000] {dag.py:3239} INFO - Sync 1 DAGs
[2024-12-10T00:28:28.062+0000] {logging_mixin.py:190} INFO - [2024-12-10T00:28:28.062+0000] {dag.py:4180} INFO - Setting next_dagrun for rtve_canarias_schedule_scraper to 2024-12-09 23:30:00+00:00, run_after=2024-12-10 05:30:00+00:00
[2024-12-10T00:28:28.073+0000] {processor.py:208} INFO - Processing /opt/airflow/dags/dag_rtve_canarias_selenium.py took 0.178 seconds
[2024-12-10T00:28:58.782+0000] {processor.py:186} INFO - Started process (PID=17033) to work on /opt/airflow/dags/dag_rtve_canarias_selenium.py
[2024-12-10T00:28:58.782+0000] {processor.py:914} INFO - Processing file /opt/airflow/dags/dag_rtve_canarias_selenium.py for tasks to queue
[2024-12-10T00:28:58.784+0000] {logging_mixin.py:190} INFO - [2024-12-10T00:28:58.783+0000] {dagbag.py:588} INFO - Filling up the DagBag from /opt/airflow/dags/dag_rtve_canarias_selenium.py
[2024-12-10T00:28:58.917+0000] {processor.py:925} INFO - DAG(s) 'rtve_canarias_schedule_scraper' retrieved from /opt/airflow/dags/dag_rtve_canarias_selenium.py
[2024-12-10T00:28:58.931+0000] {logging_mixin.py:190} INFO - [2024-12-10T00:28:58.931+0000] {dag.py:3239} INFO - Sync 1 DAGs
[2024-12-10T00:28:58.946+0000] {logging_mixin.py:190} INFO - [2024-12-10T00:28:58.946+0000] {dag.py:4180} INFO - Setting next_dagrun for rtve_canarias_schedule_scraper to 2024-12-09 23:30:00+00:00, run_after=2024-12-10 05:30:00+00:00
[2024-12-10T00:28:58.956+0000] {processor.py:208} INFO - Processing /opt/airflow/dags/dag_rtve_canarias_selenium.py took 0.178 seconds
[2024-12-10T00:29:29.664+0000] {processor.py:186} INFO - Started process (PID=17048) to work on /opt/airflow/dags/dag_rtve_canarias_selenium.py
[2024-12-10T00:29:29.665+0000] {processor.py:914} INFO - Processing file /opt/airflow/dags/dag_rtve_canarias_selenium.py for tasks to queue
[2024-12-10T00:29:29.667+0000] {logging_mixin.py:190} INFO - [2024-12-10T00:29:29.666+0000] {dagbag.py:588} INFO - Filling up the DagBag from /opt/airflow/dags/dag_rtve_canarias_selenium.py
[2024-12-10T00:29:29.798+0000] {processor.py:925} INFO - DAG(s) 'rtve_canarias_schedule_scraper' retrieved from /opt/airflow/dags/dag_rtve_canarias_selenium.py
[2024-12-10T00:29:29.812+0000] {logging_mixin.py:190} INFO - [2024-12-10T00:29:29.812+0000] {dag.py:3239} INFO - Sync 1 DAGs
[2024-12-10T00:29:29.827+0000] {logging_mixin.py:190} INFO - [2024-12-10T00:29:29.826+0000] {dag.py:4180} INFO - Setting next_dagrun for rtve_canarias_schedule_scraper to 2024-12-09 23:30:00+00:00, run_after=2024-12-10 05:30:00+00:00
[2024-12-10T00:29:29.837+0000] {processor.py:208} INFO - Processing /opt/airflow/dags/dag_rtve_canarias_selenium.py took 0.176 seconds
