[2024-12-10T00:00:13.314+0000] {processor.py:186} INFO - Started process (PID=16181) to work on /opt/airflow/dags/dag_telemadrid.py
[2024-12-10T00:00:13.315+0000] {processor.py:914} INFO - Processing file /opt/airflow/dags/dag_telemadrid.py for tasks to queue
[2024-12-10T00:00:13.316+0000] {logging_mixin.py:190} INFO - [2024-12-10T00:00:13.316+0000] {dagbag.py:588} INFO - Filling up the DagBag from /opt/airflow/dags/dag_telemadrid.py
[2024-12-10T00:00:13.503+0000] {processor.py:925} INFO - DAG(s) 'telemadrid_schedule_scraper' retrieved from /opt/airflow/dags/dag_telemadrid.py
[2024-12-10T00:00:13.517+0000] {logging_mixin.py:190} INFO - [2024-12-10T00:00:13.516+0000] {dag.py:3239} INFO - Sync 1 DAGs
[2024-12-10T00:00:13.530+0000] {logging_mixin.py:190} INFO - [2024-12-10T00:00:13.530+0000] {dag.py:4180} INFO - Setting next_dagrun for telemadrid_schedule_scraper to 2024-12-09 23:30:00+00:00, run_after=2024-12-10 05:30:00+00:00
[2024-12-10T00:00:13.539+0000] {processor.py:208} INFO - Processing /opt/airflow/dags/dag_telemadrid.py took 0.229 seconds
[2024-12-10T00:00:44.454+0000] {processor.py:186} INFO - Started process (PID=16195) to work on /opt/airflow/dags/dag_telemadrid.py
[2024-12-10T00:00:44.455+0000] {processor.py:914} INFO - Processing file /opt/airflow/dags/dag_telemadrid.py for tasks to queue
[2024-12-10T00:00:44.456+0000] {logging_mixin.py:190} INFO - [2024-12-10T00:00:44.456+0000] {dagbag.py:588} INFO - Filling up the DagBag from /opt/airflow/dags/dag_telemadrid.py
[2024-12-10T00:00:44.643+0000] {processor.py:925} INFO - DAG(s) 'telemadrid_schedule_scraper' retrieved from /opt/airflow/dags/dag_telemadrid.py
[2024-12-10T00:00:44.655+0000] {logging_mixin.py:190} INFO - [2024-12-10T00:00:44.655+0000] {dag.py:3239} INFO - Sync 1 DAGs
[2024-12-10T00:00:44.668+0000] {logging_mixin.py:190} INFO - [2024-12-10T00:00:44.667+0000] {dag.py:4180} INFO - Setting next_dagrun for telemadrid_schedule_scraper to 2024-12-09 23:30:00+00:00, run_after=2024-12-10 05:30:00+00:00
[2024-12-10T00:00:44.678+0000] {processor.py:208} INFO - Processing /opt/airflow/dags/dag_telemadrid.py took 0.227 seconds
[2024-12-10T00:01:15.616+0000] {processor.py:186} INFO - Started process (PID=16210) to work on /opt/airflow/dags/dag_telemadrid.py
[2024-12-10T00:01:15.617+0000] {processor.py:914} INFO - Processing file /opt/airflow/dags/dag_telemadrid.py for tasks to queue
[2024-12-10T00:01:15.618+0000] {logging_mixin.py:190} INFO - [2024-12-10T00:01:15.618+0000] {dagbag.py:588} INFO - Filling up the DagBag from /opt/airflow/dags/dag_telemadrid.py
[2024-12-10T00:01:15.801+0000] {processor.py:925} INFO - DAG(s) 'telemadrid_schedule_scraper' retrieved from /opt/airflow/dags/dag_telemadrid.py
[2024-12-10T00:01:15.814+0000] {logging_mixin.py:190} INFO - [2024-12-10T00:01:15.814+0000] {dag.py:3239} INFO - Sync 1 DAGs
[2024-12-10T00:01:15.826+0000] {logging_mixin.py:190} INFO - [2024-12-10T00:01:15.826+0000] {dag.py:4180} INFO - Setting next_dagrun for telemadrid_schedule_scraper to 2024-12-09 23:30:00+00:00, run_after=2024-12-10 05:30:00+00:00
[2024-12-10T00:01:15.846+0000] {processor.py:208} INFO - Processing /opt/airflow/dags/dag_telemadrid.py took 0.234 seconds
[2024-12-10T00:01:45.907+0000] {processor.py:186} INFO - Started process (PID=16225) to work on /opt/airflow/dags/dag_telemadrid.py
[2024-12-10T00:01:45.907+0000] {processor.py:914} INFO - Processing file /opt/airflow/dags/dag_telemadrid.py for tasks to queue
[2024-12-10T00:01:45.909+0000] {logging_mixin.py:190} INFO - [2024-12-10T00:01:45.908+0000] {dagbag.py:588} INFO - Filling up the DagBag from /opt/airflow/dags/dag_telemadrid.py
[2024-12-10T00:01:46.095+0000] {processor.py:925} INFO - DAG(s) 'telemadrid_schedule_scraper' retrieved from /opt/airflow/dags/dag_telemadrid.py
[2024-12-10T00:01:46.107+0000] {logging_mixin.py:190} INFO - [2024-12-10T00:01:46.106+0000] {dag.py:3239} INFO - Sync 1 DAGs
[2024-12-10T00:01:46.118+0000] {logging_mixin.py:190} INFO - [2024-12-10T00:01:46.118+0000] {dag.py:4180} INFO - Setting next_dagrun for telemadrid_schedule_scraper to 2024-12-09 23:30:00+00:00, run_after=2024-12-10 05:30:00+00:00
[2024-12-10T00:01:46.127+0000] {processor.py:208} INFO - Processing /opt/airflow/dags/dag_telemadrid.py took 0.225 seconds
[2024-12-10T00:02:16.406+0000] {processor.py:186} INFO - Started process (PID=16241) to work on /opt/airflow/dags/dag_telemadrid.py
[2024-12-10T00:02:16.407+0000] {processor.py:914} INFO - Processing file /opt/airflow/dags/dag_telemadrid.py for tasks to queue
[2024-12-10T00:02:16.408+0000] {logging_mixin.py:190} INFO - [2024-12-10T00:02:16.408+0000] {dagbag.py:588} INFO - Filling up the DagBag from /opt/airflow/dags/dag_telemadrid.py
[2024-12-10T00:02:16.594+0000] {processor.py:925} INFO - DAG(s) 'telemadrid_schedule_scraper' retrieved from /opt/airflow/dags/dag_telemadrid.py
[2024-12-10T00:02:16.606+0000] {logging_mixin.py:190} INFO - [2024-12-10T00:02:16.606+0000] {dag.py:3239} INFO - Sync 1 DAGs
[2024-12-10T00:02:16.618+0000] {logging_mixin.py:190} INFO - [2024-12-10T00:02:16.618+0000] {dag.py:4180} INFO - Setting next_dagrun for telemadrid_schedule_scraper to 2024-12-09 23:30:00+00:00, run_after=2024-12-10 05:30:00+00:00
[2024-12-10T00:02:16.626+0000] {processor.py:208} INFO - Processing /opt/airflow/dags/dag_telemadrid.py took 0.224 seconds
[2024-12-10T00:02:46.807+0000] {processor.py:186} INFO - Started process (PID=16256) to work on /opt/airflow/dags/dag_telemadrid.py
[2024-12-10T00:02:46.808+0000] {processor.py:914} INFO - Processing file /opt/airflow/dags/dag_telemadrid.py for tasks to queue
[2024-12-10T00:02:46.809+0000] {logging_mixin.py:190} INFO - [2024-12-10T00:02:46.809+0000] {dagbag.py:588} INFO - Filling up the DagBag from /opt/airflow/dags/dag_telemadrid.py
[2024-12-10T00:02:46.997+0000] {processor.py:925} INFO - DAG(s) 'telemadrid_schedule_scraper' retrieved from /opt/airflow/dags/dag_telemadrid.py
[2024-12-10T00:02:47.008+0000] {logging_mixin.py:190} INFO - [2024-12-10T00:02:47.008+0000] {dag.py:3239} INFO - Sync 1 DAGs
[2024-12-10T00:02:47.020+0000] {logging_mixin.py:190} INFO - [2024-12-10T00:02:47.020+0000] {dag.py:4180} INFO - Setting next_dagrun for telemadrid_schedule_scraper to 2024-12-09 23:30:00+00:00, run_after=2024-12-10 05:30:00+00:00
[2024-12-10T00:02:47.033+0000] {processor.py:208} INFO - Processing /opt/airflow/dags/dag_telemadrid.py took 0.229 seconds
[2024-12-10T00:03:17.164+0000] {processor.py:186} INFO - Started process (PID=16271) to work on /opt/airflow/dags/dag_telemadrid.py
[2024-12-10T00:03:17.165+0000] {processor.py:914} INFO - Processing file /opt/airflow/dags/dag_telemadrid.py for tasks to queue
[2024-12-10T00:03:17.166+0000] {logging_mixin.py:190} INFO - [2024-12-10T00:03:17.166+0000] {dagbag.py:588} INFO - Filling up the DagBag from /opt/airflow/dags/dag_telemadrid.py
[2024-12-10T00:03:17.349+0000] {processor.py:925} INFO - DAG(s) 'telemadrid_schedule_scraper' retrieved from /opt/airflow/dags/dag_telemadrid.py
[2024-12-10T00:03:17.361+0000] {logging_mixin.py:190} INFO - [2024-12-10T00:03:17.361+0000] {dag.py:3239} INFO - Sync 1 DAGs
[2024-12-10T00:03:17.373+0000] {logging_mixin.py:190} INFO - [2024-12-10T00:03:17.373+0000] {dag.py:4180} INFO - Setting next_dagrun for telemadrid_schedule_scraper to 2024-12-09 23:30:00+00:00, run_after=2024-12-10 05:30:00+00:00
[2024-12-10T00:03:17.382+0000] {processor.py:208} INFO - Processing /opt/airflow/dags/dag_telemadrid.py took 0.222 seconds
[2024-12-10T00:03:47.573+0000] {processor.py:186} INFO - Started process (PID=16286) to work on /opt/airflow/dags/dag_telemadrid.py
[2024-12-10T00:03:47.574+0000] {processor.py:914} INFO - Processing file /opt/airflow/dags/dag_telemadrid.py for tasks to queue
[2024-12-10T00:03:47.575+0000] {logging_mixin.py:190} INFO - [2024-12-10T00:03:47.575+0000] {dagbag.py:588} INFO - Filling up the DagBag from /opt/airflow/dags/dag_telemadrid.py
[2024-12-10T00:03:47.757+0000] {processor.py:925} INFO - DAG(s) 'telemadrid_schedule_scraper' retrieved from /opt/airflow/dags/dag_telemadrid.py
[2024-12-10T00:03:47.770+0000] {logging_mixin.py:190} INFO - [2024-12-10T00:03:47.770+0000] {dag.py:3239} INFO - Sync 1 DAGs
[2024-12-10T00:03:47.784+0000] {logging_mixin.py:190} INFO - [2024-12-10T00:03:47.784+0000] {dag.py:4180} INFO - Setting next_dagrun for telemadrid_schedule_scraper to 2024-12-09 23:30:00+00:00, run_after=2024-12-10 05:30:00+00:00
[2024-12-10T00:03:47.797+0000] {processor.py:208} INFO - Processing /opt/airflow/dags/dag_telemadrid.py took 0.228 seconds
[2024-12-10T00:04:18.002+0000] {processor.py:186} INFO - Started process (PID=16301) to work on /opt/airflow/dags/dag_telemadrid.py
[2024-12-10T00:04:18.002+0000] {processor.py:914} INFO - Processing file /opt/airflow/dags/dag_telemadrid.py for tasks to queue
[2024-12-10T00:04:18.003+0000] {logging_mixin.py:190} INFO - [2024-12-10T00:04:18.003+0000] {dagbag.py:588} INFO - Filling up the DagBag from /opt/airflow/dags/dag_telemadrid.py
[2024-12-10T00:04:18.204+0000] {processor.py:925} INFO - DAG(s) 'telemadrid_schedule_scraper' retrieved from /opt/airflow/dags/dag_telemadrid.py
[2024-12-10T00:04:18.216+0000] {logging_mixin.py:190} INFO - [2024-12-10T00:04:18.215+0000] {dag.py:3239} INFO - Sync 1 DAGs
[2024-12-10T00:04:18.228+0000] {logging_mixin.py:190} INFO - [2024-12-10T00:04:18.228+0000] {dag.py:4180} INFO - Setting next_dagrun for telemadrid_schedule_scraper to 2024-12-09 23:30:00+00:00, run_after=2024-12-10 05:30:00+00:00
[2024-12-10T00:04:18.241+0000] {processor.py:208} INFO - Processing /opt/airflow/dags/dag_telemadrid.py took 0.242 seconds
[2024-12-10T00:04:48.322+0000] {processor.py:186} INFO - Started process (PID=16316) to work on /opt/airflow/dags/dag_telemadrid.py
[2024-12-10T00:04:48.322+0000] {processor.py:914} INFO - Processing file /opt/airflow/dags/dag_telemadrid.py for tasks to queue
[2024-12-10T00:04:48.324+0000] {logging_mixin.py:190} INFO - [2024-12-10T00:04:48.323+0000] {dagbag.py:588} INFO - Filling up the DagBag from /opt/airflow/dags/dag_telemadrid.py
[2024-12-10T00:04:48.517+0000] {processor.py:925} INFO - DAG(s) 'telemadrid_schedule_scraper' retrieved from /opt/airflow/dags/dag_telemadrid.py
[2024-12-10T00:04:48.530+0000] {logging_mixin.py:190} INFO - [2024-12-10T00:04:48.530+0000] {dag.py:3239} INFO - Sync 1 DAGs
[2024-12-10T00:04:48.543+0000] {logging_mixin.py:190} INFO - [2024-12-10T00:04:48.543+0000] {dag.py:4180} INFO - Setting next_dagrun for telemadrid_schedule_scraper to 2024-12-09 23:30:00+00:00, run_after=2024-12-10 05:30:00+00:00
[2024-12-10T00:04:48.553+0000] {processor.py:208} INFO - Processing /opt/airflow/dags/dag_telemadrid.py took 0.235 seconds
[2024-12-10T00:05:18.716+0000] {processor.py:186} INFO - Started process (PID=16331) to work on /opt/airflow/dags/dag_telemadrid.py
[2024-12-10T00:05:18.717+0000] {processor.py:914} INFO - Processing file /opt/airflow/dags/dag_telemadrid.py for tasks to queue
[2024-12-10T00:05:18.718+0000] {logging_mixin.py:190} INFO - [2024-12-10T00:05:18.718+0000] {dagbag.py:588} INFO - Filling up the DagBag from /opt/airflow/dags/dag_telemadrid.py
[2024-12-10T00:05:18.901+0000] {processor.py:925} INFO - DAG(s) 'telemadrid_schedule_scraper' retrieved from /opt/airflow/dags/dag_telemadrid.py
[2024-12-10T00:05:18.913+0000] {logging_mixin.py:190} INFO - [2024-12-10T00:05:18.912+0000] {dag.py:3239} INFO - Sync 1 DAGs
[2024-12-10T00:05:18.925+0000] {logging_mixin.py:190} INFO - [2024-12-10T00:05:18.925+0000] {dag.py:4180} INFO - Setting next_dagrun for telemadrid_schedule_scraper to 2024-12-09 23:30:00+00:00, run_after=2024-12-10 05:30:00+00:00
[2024-12-10T00:05:18.933+0000] {processor.py:208} INFO - Processing /opt/airflow/dags/dag_telemadrid.py took 0.220 seconds
[2024-12-10T00:05:49.077+0000] {processor.py:186} INFO - Started process (PID=16352) to work on /opt/airflow/dags/dag_telemadrid.py
[2024-12-10T00:05:49.078+0000] {processor.py:914} INFO - Processing file /opt/airflow/dags/dag_telemadrid.py for tasks to queue
[2024-12-10T00:05:49.079+0000] {logging_mixin.py:190} INFO - [2024-12-10T00:05:49.079+0000] {dagbag.py:588} INFO - Filling up the DagBag from /opt/airflow/dags/dag_telemadrid.py
[2024-12-10T00:05:49.265+0000] {processor.py:925} INFO - DAG(s) 'telemadrid_schedule_scraper' retrieved from /opt/airflow/dags/dag_telemadrid.py
[2024-12-10T00:05:49.277+0000] {logging_mixin.py:190} INFO - [2024-12-10T00:05:49.277+0000] {dag.py:3239} INFO - Sync 1 DAGs
[2024-12-10T00:05:49.288+0000] {logging_mixin.py:190} INFO - [2024-12-10T00:05:49.288+0000] {dag.py:4180} INFO - Setting next_dagrun for telemadrid_schedule_scraper to 2024-12-09 23:30:00+00:00, run_after=2024-12-10 05:30:00+00:00
[2024-12-10T00:05:49.297+0000] {processor.py:208} INFO - Processing /opt/airflow/dags/dag_telemadrid.py took 0.224 seconds
[2024-12-10T00:06:19.449+0000] {processor.py:186} INFO - Started process (PID=16367) to work on /opt/airflow/dags/dag_telemadrid.py
[2024-12-10T00:06:19.449+0000] {processor.py:914} INFO - Processing file /opt/airflow/dags/dag_telemadrid.py for tasks to queue
[2024-12-10T00:06:19.451+0000] {logging_mixin.py:190} INFO - [2024-12-10T00:06:19.451+0000] {dagbag.py:588} INFO - Filling up the DagBag from /opt/airflow/dags/dag_telemadrid.py
[2024-12-10T00:06:19.639+0000] {processor.py:925} INFO - DAG(s) 'telemadrid_schedule_scraper' retrieved from /opt/airflow/dags/dag_telemadrid.py
[2024-12-10T00:06:19.652+0000] {logging_mixin.py:190} INFO - [2024-12-10T00:06:19.652+0000] {dag.py:3239} INFO - Sync 1 DAGs
[2024-12-10T00:06:19.664+0000] {logging_mixin.py:190} INFO - [2024-12-10T00:06:19.664+0000] {dag.py:4180} INFO - Setting next_dagrun for telemadrid_schedule_scraper to 2024-12-09 23:30:00+00:00, run_after=2024-12-10 05:30:00+00:00
[2024-12-10T00:06:19.679+0000] {processor.py:208} INFO - Processing /opt/airflow/dags/dag_telemadrid.py took 0.234 seconds
[2024-12-10T00:06:49.746+0000] {processor.py:186} INFO - Started process (PID=16382) to work on /opt/airflow/dags/dag_telemadrid.py
[2024-12-10T00:06:49.747+0000] {processor.py:914} INFO - Processing file /opt/airflow/dags/dag_telemadrid.py for tasks to queue
[2024-12-10T00:06:49.749+0000] {logging_mixin.py:190} INFO - [2024-12-10T00:06:49.748+0000] {dagbag.py:588} INFO - Filling up the DagBag from /opt/airflow/dags/dag_telemadrid.py
[2024-12-10T00:06:49.941+0000] {processor.py:925} INFO - DAG(s) 'telemadrid_schedule_scraper' retrieved from /opt/airflow/dags/dag_telemadrid.py
[2024-12-10T00:06:49.953+0000] {logging_mixin.py:190} INFO - [2024-12-10T00:06:49.953+0000] {dag.py:3239} INFO - Sync 1 DAGs
[2024-12-10T00:06:49.966+0000] {logging_mixin.py:190} INFO - [2024-12-10T00:06:49.966+0000] {dag.py:4180} INFO - Setting next_dagrun for telemadrid_schedule_scraper to 2024-12-09 23:30:00+00:00, run_after=2024-12-10 05:30:00+00:00
[2024-12-10T00:06:49.975+0000] {processor.py:208} INFO - Processing /opt/airflow/dags/dag_telemadrid.py took 0.232 seconds
[2024-12-10T00:07:20.415+0000] {processor.py:186} INFO - Started process (PID=16396) to work on /opt/airflow/dags/dag_telemadrid.py
[2024-12-10T00:07:20.416+0000] {processor.py:914} INFO - Processing file /opt/airflow/dags/dag_telemadrid.py for tasks to queue
[2024-12-10T00:07:20.417+0000] {logging_mixin.py:190} INFO - [2024-12-10T00:07:20.417+0000] {dagbag.py:588} INFO - Filling up the DagBag from /opt/airflow/dags/dag_telemadrid.py
[2024-12-10T00:07:20.523+0000] {processor.py:925} INFO - DAG(s) 'telemadrid_schedule_scraper' retrieved from /opt/airflow/dags/dag_telemadrid.py
[2024-12-10T00:07:20.536+0000] {logging_mixin.py:190} INFO - [2024-12-10T00:07:20.536+0000] {dag.py:3239} INFO - Sync 1 DAGs
[2024-12-10T00:07:20.549+0000] {logging_mixin.py:190} INFO - [2024-12-10T00:07:20.549+0000] {dag.py:4180} INFO - Setting next_dagrun for telemadrid_schedule_scraper to 2024-12-09 23:30:00+00:00, run_after=2024-12-10 05:30:00+00:00
[2024-12-10T00:07:20.559+0000] {processor.py:208} INFO - Processing /opt/airflow/dags/dag_telemadrid.py took 0.147 seconds
[2024-12-10T00:07:51.347+0000] {processor.py:186} INFO - Started process (PID=16411) to work on /opt/airflow/dags/dag_telemadrid.py
[2024-12-10T00:07:51.348+0000] {processor.py:914} INFO - Processing file /opt/airflow/dags/dag_telemadrid.py for tasks to queue
[2024-12-10T00:07:51.349+0000] {logging_mixin.py:190} INFO - [2024-12-10T00:07:51.349+0000] {dagbag.py:588} INFO - Filling up the DagBag from /opt/airflow/dags/dag_telemadrid.py
[2024-12-10T00:07:51.450+0000] {processor.py:925} INFO - DAG(s) 'telemadrid_schedule_scraper' retrieved from /opt/airflow/dags/dag_telemadrid.py
[2024-12-10T00:07:51.463+0000] {logging_mixin.py:190} INFO - [2024-12-10T00:07:51.463+0000] {dag.py:3239} INFO - Sync 1 DAGs
[2024-12-10T00:07:51.477+0000] {logging_mixin.py:190} INFO - [2024-12-10T00:07:51.477+0000] {dag.py:4180} INFO - Setting next_dagrun for telemadrid_schedule_scraper to 2024-12-09 23:30:00+00:00, run_after=2024-12-10 05:30:00+00:00
[2024-12-10T00:07:51.486+0000] {processor.py:208} INFO - Processing /opt/airflow/dags/dag_telemadrid.py took 0.142 seconds
[2024-12-10T00:08:22.232+0000] {processor.py:186} INFO - Started process (PID=16426) to work on /opt/airflow/dags/dag_telemadrid.py
[2024-12-10T00:08:22.233+0000] {processor.py:914} INFO - Processing file /opt/airflow/dags/dag_telemadrid.py for tasks to queue
[2024-12-10T00:08:22.234+0000] {logging_mixin.py:190} INFO - [2024-12-10T00:08:22.234+0000] {dagbag.py:588} INFO - Filling up the DagBag from /opt/airflow/dags/dag_telemadrid.py
[2024-12-10T00:08:22.340+0000] {processor.py:925} INFO - DAG(s) 'telemadrid_schedule_scraper' retrieved from /opt/airflow/dags/dag_telemadrid.py
[2024-12-10T00:08:22.354+0000] {logging_mixin.py:190} INFO - [2024-12-10T00:08:22.354+0000] {dag.py:3239} INFO - Sync 1 DAGs
[2024-12-10T00:08:22.368+0000] {logging_mixin.py:190} INFO - [2024-12-10T00:08:22.368+0000] {dag.py:4180} INFO - Setting next_dagrun for telemadrid_schedule_scraper to 2024-12-09 23:30:00+00:00, run_after=2024-12-10 05:30:00+00:00
[2024-12-10T00:08:22.379+0000] {processor.py:208} INFO - Processing /opt/airflow/dags/dag_telemadrid.py took 0.150 seconds
[2024-12-10T00:08:53.184+0000] {processor.py:186} INFO - Started process (PID=16441) to work on /opt/airflow/dags/dag_telemadrid.py
[2024-12-10T00:08:53.185+0000] {processor.py:914} INFO - Processing file /opt/airflow/dags/dag_telemadrid.py for tasks to queue
[2024-12-10T00:08:53.187+0000] {logging_mixin.py:190} INFO - [2024-12-10T00:08:53.186+0000] {dagbag.py:588} INFO - Filling up the DagBag from /opt/airflow/dags/dag_telemadrid.py
[2024-12-10T00:08:53.308+0000] {processor.py:925} INFO - DAG(s) 'telemadrid_schedule_scraper' retrieved from /opt/airflow/dags/dag_telemadrid.py
[2024-12-10T00:08:53.326+0000] {logging_mixin.py:190} INFO - [2024-12-10T00:08:53.326+0000] {dag.py:3239} INFO - Sync 1 DAGs
[2024-12-10T00:08:53.343+0000] {logging_mixin.py:190} INFO - [2024-12-10T00:08:53.342+0000] {dag.py:4180} INFO - Setting next_dagrun for telemadrid_schedule_scraper to 2024-12-09 23:30:00+00:00, run_after=2024-12-10 05:30:00+00:00
[2024-12-10T00:08:53.355+0000] {processor.py:208} INFO - Processing /opt/airflow/dags/dag_telemadrid.py took 0.175 seconds
[2024-12-10T00:09:24.083+0000] {processor.py:186} INFO - Started process (PID=16456) to work on /opt/airflow/dags/dag_telemadrid.py
[2024-12-10T00:09:24.084+0000] {processor.py:914} INFO - Processing file /opt/airflow/dags/dag_telemadrid.py for tasks to queue
[2024-12-10T00:09:24.085+0000] {logging_mixin.py:190} INFO - [2024-12-10T00:09:24.085+0000] {dagbag.py:588} INFO - Filling up the DagBag from /opt/airflow/dags/dag_telemadrid.py
[2024-12-10T00:09:24.196+0000] {processor.py:925} INFO - DAG(s) 'telemadrid_schedule_scraper' retrieved from /opt/airflow/dags/dag_telemadrid.py
[2024-12-10T00:09:24.211+0000] {logging_mixin.py:190} INFO - [2024-12-10T00:09:24.211+0000] {dag.py:3239} INFO - Sync 1 DAGs
[2024-12-10T00:09:24.226+0000] {logging_mixin.py:190} INFO - [2024-12-10T00:09:24.226+0000] {dag.py:4180} INFO - Setting next_dagrun for telemadrid_schedule_scraper to 2024-12-09 23:30:00+00:00, run_after=2024-12-10 05:30:00+00:00
[2024-12-10T00:09:24.235+0000] {processor.py:208} INFO - Processing /opt/airflow/dags/dag_telemadrid.py took 0.156 seconds
[2024-12-10T00:09:54.957+0000] {processor.py:186} INFO - Started process (PID=16471) to work on /opt/airflow/dags/dag_telemadrid.py
[2024-12-10T00:09:54.957+0000] {processor.py:914} INFO - Processing file /opt/airflow/dags/dag_telemadrid.py for tasks to queue
[2024-12-10T00:09:54.959+0000] {logging_mixin.py:190} INFO - [2024-12-10T00:09:54.958+0000] {dagbag.py:588} INFO - Filling up the DagBag from /opt/airflow/dags/dag_telemadrid.py
[2024-12-10T00:09:55.075+0000] {processor.py:925} INFO - DAG(s) 'telemadrid_schedule_scraper' retrieved from /opt/airflow/dags/dag_telemadrid.py
[2024-12-10T00:09:55.091+0000] {logging_mixin.py:190} INFO - [2024-12-10T00:09:55.091+0000] {dag.py:3239} INFO - Sync 1 DAGs
[2024-12-10T00:09:55.106+0000] {logging_mixin.py:190} INFO - [2024-12-10T00:09:55.106+0000] {dag.py:4180} INFO - Setting next_dagrun for telemadrid_schedule_scraper to 2024-12-09 23:30:00+00:00, run_after=2024-12-10 05:30:00+00:00
[2024-12-10T00:09:55.116+0000] {processor.py:208} INFO - Processing /opt/airflow/dags/dag_telemadrid.py took 0.163 seconds
[2024-12-10T00:10:25.844+0000] {processor.py:186} INFO - Started process (PID=16486) to work on /opt/airflow/dags/dag_telemadrid.py
[2024-12-10T00:10:25.845+0000] {processor.py:914} INFO - Processing file /opt/airflow/dags/dag_telemadrid.py for tasks to queue
[2024-12-10T00:10:25.846+0000] {logging_mixin.py:190} INFO - [2024-12-10T00:10:25.846+0000] {dagbag.py:588} INFO - Filling up the DagBag from /opt/airflow/dags/dag_telemadrid.py
[2024-12-10T00:10:25.956+0000] {processor.py:925} INFO - DAG(s) 'telemadrid_schedule_scraper' retrieved from /opt/airflow/dags/dag_telemadrid.py
[2024-12-10T00:10:25.970+0000] {logging_mixin.py:190} INFO - [2024-12-10T00:10:25.969+0000] {dag.py:3239} INFO - Sync 1 DAGs
[2024-12-10T00:10:25.983+0000] {logging_mixin.py:190} INFO - [2024-12-10T00:10:25.983+0000] {dag.py:4180} INFO - Setting next_dagrun for telemadrid_schedule_scraper to 2024-12-09 23:30:00+00:00, run_after=2024-12-10 05:30:00+00:00
[2024-12-10T00:10:25.992+0000] {processor.py:208} INFO - Processing /opt/airflow/dags/dag_telemadrid.py took 0.152 seconds
[2024-12-10T00:10:56.726+0000] {processor.py:186} INFO - Started process (PID=16502) to work on /opt/airflow/dags/dag_telemadrid.py
[2024-12-10T00:10:56.727+0000] {processor.py:914} INFO - Processing file /opt/airflow/dags/dag_telemadrid.py for tasks to queue
[2024-12-10T00:10:56.728+0000] {logging_mixin.py:190} INFO - [2024-12-10T00:10:56.728+0000] {dagbag.py:588} INFO - Filling up the DagBag from /opt/airflow/dags/dag_telemadrid.py
[2024-12-10T00:10:56.833+0000] {processor.py:925} INFO - DAG(s) 'telemadrid_schedule_scraper' retrieved from /opt/airflow/dags/dag_telemadrid.py
[2024-12-10T00:10:56.847+0000] {logging_mixin.py:190} INFO - [2024-12-10T00:10:56.846+0000] {dag.py:3239} INFO - Sync 1 DAGs
[2024-12-10T00:10:56.860+0000] {logging_mixin.py:190} INFO - [2024-12-10T00:10:56.860+0000] {dag.py:4180} INFO - Setting next_dagrun for telemadrid_schedule_scraper to 2024-12-09 23:30:00+00:00, run_after=2024-12-10 05:30:00+00:00
[2024-12-10T00:10:56.870+0000] {processor.py:208} INFO - Processing /opt/airflow/dags/dag_telemadrid.py took 0.147 seconds
[2024-12-10T00:11:27.615+0000] {processor.py:186} INFO - Started process (PID=16516) to work on /opt/airflow/dags/dag_telemadrid.py
[2024-12-10T00:11:27.616+0000] {processor.py:914} INFO - Processing file /opt/airflow/dags/dag_telemadrid.py for tasks to queue
[2024-12-10T00:11:27.617+0000] {logging_mixin.py:190} INFO - [2024-12-10T00:11:27.617+0000] {dagbag.py:588} INFO - Filling up the DagBag from /opt/airflow/dags/dag_telemadrid.py
[2024-12-10T00:11:27.729+0000] {processor.py:925} INFO - DAG(s) 'telemadrid_schedule_scraper' retrieved from /opt/airflow/dags/dag_telemadrid.py
[2024-12-10T00:11:27.743+0000] {logging_mixin.py:190} INFO - [2024-12-10T00:11:27.743+0000] {dag.py:3239} INFO - Sync 1 DAGs
[2024-12-10T00:11:27.760+0000] {logging_mixin.py:190} INFO - [2024-12-10T00:11:27.760+0000] {dag.py:4180} INFO - Setting next_dagrun for telemadrid_schedule_scraper to 2024-12-09 23:30:00+00:00, run_after=2024-12-10 05:30:00+00:00
[2024-12-10T00:11:27.772+0000] {processor.py:208} INFO - Processing /opt/airflow/dags/dag_telemadrid.py took 0.160 seconds
[2024-12-10T00:11:58.496+0000] {processor.py:186} INFO - Started process (PID=16531) to work on /opt/airflow/dags/dag_telemadrid.py
[2024-12-10T00:11:58.496+0000] {processor.py:914} INFO - Processing file /opt/airflow/dags/dag_telemadrid.py for tasks to queue
[2024-12-10T00:11:58.498+0000] {logging_mixin.py:190} INFO - [2024-12-10T00:11:58.498+0000] {dagbag.py:588} INFO - Filling up the DagBag from /opt/airflow/dags/dag_telemadrid.py
[2024-12-10T00:11:58.605+0000] {processor.py:925} INFO - DAG(s) 'telemadrid_schedule_scraper' retrieved from /opt/airflow/dags/dag_telemadrid.py
[2024-12-10T00:11:58.621+0000] {logging_mixin.py:190} INFO - [2024-12-10T00:11:58.620+0000] {dag.py:3239} INFO - Sync 1 DAGs
[2024-12-10T00:11:58.636+0000] {logging_mixin.py:190} INFO - [2024-12-10T00:11:58.635+0000] {dag.py:4180} INFO - Setting next_dagrun for telemadrid_schedule_scraper to 2024-12-09 23:30:00+00:00, run_after=2024-12-10 05:30:00+00:00
[2024-12-10T00:11:58.646+0000] {processor.py:208} INFO - Processing /opt/airflow/dags/dag_telemadrid.py took 0.154 seconds
[2024-12-10T00:12:29.543+0000] {processor.py:186} INFO - Started process (PID=16546) to work on /opt/airflow/dags/dag_telemadrid.py
[2024-12-10T00:12:29.544+0000] {processor.py:914} INFO - Processing file /opt/airflow/dags/dag_telemadrid.py for tasks to queue
[2024-12-10T00:12:29.545+0000] {logging_mixin.py:190} INFO - [2024-12-10T00:12:29.545+0000] {dagbag.py:588} INFO - Filling up the DagBag from /opt/airflow/dags/dag_telemadrid.py
[2024-12-10T00:12:29.647+0000] {processor.py:925} INFO - DAG(s) 'telemadrid_schedule_scraper' retrieved from /opt/airflow/dags/dag_telemadrid.py
[2024-12-10T00:12:29.661+0000] {logging_mixin.py:190} INFO - [2024-12-10T00:12:29.661+0000] {dag.py:3239} INFO - Sync 1 DAGs
[2024-12-10T00:12:29.674+0000] {logging_mixin.py:190} INFO - [2024-12-10T00:12:29.674+0000] {dag.py:4180} INFO - Setting next_dagrun for telemadrid_schedule_scraper to 2024-12-09 23:30:00+00:00, run_after=2024-12-10 05:30:00+00:00
[2024-12-10T00:12:29.684+0000] {processor.py:208} INFO - Processing /opt/airflow/dags/dag_telemadrid.py took 0.145 seconds
[2024-12-10T00:13:00.427+0000] {processor.py:186} INFO - Started process (PID=16561) to work on /opt/airflow/dags/dag_telemadrid.py
[2024-12-10T00:13:00.427+0000] {processor.py:914} INFO - Processing file /opt/airflow/dags/dag_telemadrid.py for tasks to queue
[2024-12-10T00:13:00.429+0000] {logging_mixin.py:190} INFO - [2024-12-10T00:13:00.428+0000] {dagbag.py:588} INFO - Filling up the DagBag from /opt/airflow/dags/dag_telemadrid.py
[2024-12-10T00:13:00.533+0000] {processor.py:925} INFO - DAG(s) 'telemadrid_schedule_scraper' retrieved from /opt/airflow/dags/dag_telemadrid.py
[2024-12-10T00:13:00.546+0000] {logging_mixin.py:190} INFO - [2024-12-10T00:13:00.546+0000] {dag.py:3239} INFO - Sync 1 DAGs
[2024-12-10T00:13:00.560+0000] {logging_mixin.py:190} INFO - [2024-12-10T00:13:00.560+0000] {dag.py:4180} INFO - Setting next_dagrun for telemadrid_schedule_scraper to 2024-12-09 23:30:00+00:00, run_after=2024-12-10 05:30:00+00:00
[2024-12-10T00:13:00.570+0000] {processor.py:208} INFO - Processing /opt/airflow/dags/dag_telemadrid.py took 0.147 seconds
[2024-12-10T00:13:31.317+0000] {processor.py:186} INFO - Started process (PID=16576) to work on /opt/airflow/dags/dag_telemadrid.py
[2024-12-10T00:13:31.318+0000] {processor.py:914} INFO - Processing file /opt/airflow/dags/dag_telemadrid.py for tasks to queue
[2024-12-10T00:13:31.319+0000] {logging_mixin.py:190} INFO - [2024-12-10T00:13:31.319+0000] {dagbag.py:588} INFO - Filling up the DagBag from /opt/airflow/dags/dag_telemadrid.py
[2024-12-10T00:13:31.423+0000] {processor.py:925} INFO - DAG(s) 'telemadrid_schedule_scraper' retrieved from /opt/airflow/dags/dag_telemadrid.py
[2024-12-10T00:13:31.437+0000] {logging_mixin.py:190} INFO - [2024-12-10T00:13:31.437+0000] {dag.py:3239} INFO - Sync 1 DAGs
[2024-12-10T00:13:31.450+0000] {logging_mixin.py:190} INFO - [2024-12-10T00:13:31.450+0000] {dag.py:4180} INFO - Setting next_dagrun for telemadrid_schedule_scraper to 2024-12-09 23:30:00+00:00, run_after=2024-12-10 05:30:00+00:00
[2024-12-10T00:13:31.460+0000] {processor.py:208} INFO - Processing /opt/airflow/dags/dag_telemadrid.py took 0.146 seconds
[2024-12-10T00:14:02.221+0000] {processor.py:186} INFO - Started process (PID=16591) to work on /opt/airflow/dags/dag_telemadrid.py
[2024-12-10T00:14:02.221+0000] {processor.py:914} INFO - Processing file /opt/airflow/dags/dag_telemadrid.py for tasks to queue
[2024-12-10T00:14:02.223+0000] {logging_mixin.py:190} INFO - [2024-12-10T00:14:02.223+0000] {dagbag.py:588} INFO - Filling up the DagBag from /opt/airflow/dags/dag_telemadrid.py
[2024-12-10T00:14:02.326+0000] {processor.py:925} INFO - DAG(s) 'telemadrid_schedule_scraper' retrieved from /opt/airflow/dags/dag_telemadrid.py
[2024-12-10T00:14:02.340+0000] {logging_mixin.py:190} INFO - [2024-12-10T00:14:02.340+0000] {dag.py:3239} INFO - Sync 1 DAGs
[2024-12-10T00:14:02.355+0000] {logging_mixin.py:190} INFO - [2024-12-10T00:14:02.355+0000] {dag.py:4180} INFO - Setting next_dagrun for telemadrid_schedule_scraper to 2024-12-09 23:30:00+00:00, run_after=2024-12-10 05:30:00+00:00
[2024-12-10T00:14:02.364+0000] {processor.py:208} INFO - Processing /opt/airflow/dags/dag_telemadrid.py took 0.147 seconds
[2024-12-10T00:14:33.109+0000] {processor.py:186} INFO - Started process (PID=16606) to work on /opt/airflow/dags/dag_telemadrid.py
[2024-12-10T00:14:33.109+0000] {processor.py:914} INFO - Processing file /opt/airflow/dags/dag_telemadrid.py for tasks to queue
[2024-12-10T00:14:33.111+0000] {logging_mixin.py:190} INFO - [2024-12-10T00:14:33.110+0000] {dagbag.py:588} INFO - Filling up the DagBag from /opt/airflow/dags/dag_telemadrid.py
[2024-12-10T00:14:33.214+0000] {processor.py:925} INFO - DAG(s) 'telemadrid_schedule_scraper' retrieved from /opt/airflow/dags/dag_telemadrid.py
[2024-12-10T00:14:33.228+0000] {logging_mixin.py:190} INFO - [2024-12-10T00:14:33.228+0000] {dag.py:3239} INFO - Sync 1 DAGs
[2024-12-10T00:14:33.241+0000] {logging_mixin.py:190} INFO - [2024-12-10T00:14:33.241+0000] {dag.py:4180} INFO - Setting next_dagrun for telemadrid_schedule_scraper to 2024-12-09 23:30:00+00:00, run_after=2024-12-10 05:30:00+00:00
[2024-12-10T00:14:33.252+0000] {processor.py:208} INFO - Processing /opt/airflow/dags/dag_telemadrid.py took 0.147 seconds
[2024-12-10T00:15:04.011+0000] {processor.py:186} INFO - Started process (PID=16621) to work on /opt/airflow/dags/dag_telemadrid.py
[2024-12-10T00:15:04.011+0000] {processor.py:914} INFO - Processing file /opt/airflow/dags/dag_telemadrid.py for tasks to queue
[2024-12-10T00:15:04.013+0000] {logging_mixin.py:190} INFO - [2024-12-10T00:15:04.012+0000] {dagbag.py:588} INFO - Filling up the DagBag from /opt/airflow/dags/dag_telemadrid.py
[2024-12-10T00:15:04.114+0000] {processor.py:925} INFO - DAG(s) 'telemadrid_schedule_scraper' retrieved from /opt/airflow/dags/dag_telemadrid.py
[2024-12-10T00:15:04.129+0000] {logging_mixin.py:190} INFO - [2024-12-10T00:15:04.129+0000] {dag.py:3239} INFO - Sync 1 DAGs
[2024-12-10T00:15:04.142+0000] {logging_mixin.py:190} INFO - [2024-12-10T00:15:04.141+0000] {dag.py:4180} INFO - Setting next_dagrun for telemadrid_schedule_scraper to 2024-12-09 23:30:00+00:00, run_after=2024-12-10 05:30:00+00:00
[2024-12-10T00:15:04.151+0000] {processor.py:208} INFO - Processing /opt/airflow/dags/dag_telemadrid.py took 0.144 seconds
[2024-12-10T00:15:34.891+0000] {processor.py:186} INFO - Started process (PID=16636) to work on /opt/airflow/dags/dag_telemadrid.py
[2024-12-10T00:15:34.891+0000] {processor.py:914} INFO - Processing file /opt/airflow/dags/dag_telemadrid.py for tasks to queue
[2024-12-10T00:15:34.893+0000] {logging_mixin.py:190} INFO - [2024-12-10T00:15:34.892+0000] {dagbag.py:588} INFO - Filling up the DagBag from /opt/airflow/dags/dag_telemadrid.py
[2024-12-10T00:15:34.995+0000] {processor.py:925} INFO - DAG(s) 'telemadrid_schedule_scraper' retrieved from /opt/airflow/dags/dag_telemadrid.py
[2024-12-10T00:15:35.008+0000] {logging_mixin.py:190} INFO - [2024-12-10T00:15:35.007+0000] {dag.py:3239} INFO - Sync 1 DAGs
[2024-12-10T00:15:35.021+0000] {logging_mixin.py:190} INFO - [2024-12-10T00:15:35.021+0000] {dag.py:4180} INFO - Setting next_dagrun for telemadrid_schedule_scraper to 2024-12-09 23:30:00+00:00, run_after=2024-12-10 05:30:00+00:00
[2024-12-10T00:15:35.030+0000] {processor.py:208} INFO - Processing /opt/airflow/dags/dag_telemadrid.py took 0.143 seconds
[2024-12-10T00:16:05.766+0000] {processor.py:186} INFO - Started process (PID=16651) to work on /opt/airflow/dags/dag_telemadrid.py
[2024-12-10T00:16:05.767+0000] {processor.py:914} INFO - Processing file /opt/airflow/dags/dag_telemadrid.py for tasks to queue
[2024-12-10T00:16:05.768+0000] {logging_mixin.py:190} INFO - [2024-12-10T00:16:05.768+0000] {dagbag.py:588} INFO - Filling up the DagBag from /opt/airflow/dags/dag_telemadrid.py
[2024-12-10T00:16:05.875+0000] {processor.py:925} INFO - DAG(s) 'telemadrid_schedule_scraper' retrieved from /opt/airflow/dags/dag_telemadrid.py
[2024-12-10T00:16:05.888+0000] {logging_mixin.py:190} INFO - [2024-12-10T00:16:05.888+0000] {dag.py:3239} INFO - Sync 1 DAGs
[2024-12-10T00:16:05.901+0000] {logging_mixin.py:190} INFO - [2024-12-10T00:16:05.901+0000] {dag.py:4180} INFO - Setting next_dagrun for telemadrid_schedule_scraper to 2024-12-09 23:30:00+00:00, run_after=2024-12-10 05:30:00+00:00
[2024-12-10T00:16:05.910+0000] {processor.py:208} INFO - Processing /opt/airflow/dags/dag_telemadrid.py took 0.147 seconds
[2024-12-10T00:16:36.662+0000] {processor.py:186} INFO - Started process (PID=16666) to work on /opt/airflow/dags/dag_telemadrid.py
[2024-12-10T00:16:36.663+0000] {processor.py:914} INFO - Processing file /opt/airflow/dags/dag_telemadrid.py for tasks to queue
[2024-12-10T00:16:36.664+0000] {logging_mixin.py:190} INFO - [2024-12-10T00:16:36.664+0000] {dagbag.py:588} INFO - Filling up the DagBag from /opt/airflow/dags/dag_telemadrid.py
[2024-12-10T00:16:36.769+0000] {processor.py:925} INFO - DAG(s) 'telemadrid_schedule_scraper' retrieved from /opt/airflow/dags/dag_telemadrid.py
[2024-12-10T00:16:36.782+0000] {logging_mixin.py:190} INFO - [2024-12-10T00:16:36.782+0000] {dag.py:3239} INFO - Sync 1 DAGs
[2024-12-10T00:16:36.796+0000] {logging_mixin.py:190} INFO - [2024-12-10T00:16:36.796+0000] {dag.py:4180} INFO - Setting next_dagrun for telemadrid_schedule_scraper to 2024-12-09 23:30:00+00:00, run_after=2024-12-10 05:30:00+00:00
[2024-12-10T00:16:36.807+0000] {processor.py:208} INFO - Processing /opt/airflow/dags/dag_telemadrid.py took 0.149 seconds
[2024-12-10T00:17:07.558+0000] {processor.py:186} INFO - Started process (PID=16681) to work on /opt/airflow/dags/dag_telemadrid.py
[2024-12-10T00:17:07.558+0000] {processor.py:914} INFO - Processing file /opt/airflow/dags/dag_telemadrid.py for tasks to queue
[2024-12-10T00:17:07.560+0000] {logging_mixin.py:190} INFO - [2024-12-10T00:17:07.559+0000] {dagbag.py:588} INFO - Filling up the DagBag from /opt/airflow/dags/dag_telemadrid.py
[2024-12-10T00:17:07.662+0000] {processor.py:925} INFO - DAG(s) 'telemadrid_schedule_scraper' retrieved from /opt/airflow/dags/dag_telemadrid.py
[2024-12-10T00:17:07.675+0000] {logging_mixin.py:190} INFO - [2024-12-10T00:17:07.675+0000] {dag.py:3239} INFO - Sync 1 DAGs
[2024-12-10T00:17:07.689+0000] {logging_mixin.py:190} INFO - [2024-12-10T00:17:07.689+0000] {dag.py:4180} INFO - Setting next_dagrun for telemadrid_schedule_scraper to 2024-12-09 23:30:00+00:00, run_after=2024-12-10 05:30:00+00:00
[2024-12-10T00:17:07.699+0000] {processor.py:208} INFO - Processing /opt/airflow/dags/dag_telemadrid.py took 0.145 seconds
[2024-12-10T00:17:38.610+0000] {processor.py:186} INFO - Started process (PID=16696) to work on /opt/airflow/dags/dag_telemadrid.py
[2024-12-10T00:17:38.610+0000] {processor.py:914} INFO - Processing file /opt/airflow/dags/dag_telemadrid.py for tasks to queue
[2024-12-10T00:17:38.612+0000] {logging_mixin.py:190} INFO - [2024-12-10T00:17:38.612+0000] {dagbag.py:588} INFO - Filling up the DagBag from /opt/airflow/dags/dag_telemadrid.py
[2024-12-10T00:17:38.713+0000] {processor.py:925} INFO - DAG(s) 'telemadrid_schedule_scraper' retrieved from /opt/airflow/dags/dag_telemadrid.py
[2024-12-10T00:17:38.727+0000] {logging_mixin.py:190} INFO - [2024-12-10T00:17:38.727+0000] {dag.py:3239} INFO - Sync 1 DAGs
[2024-12-10T00:17:38.740+0000] {logging_mixin.py:190} INFO - [2024-12-10T00:17:38.740+0000] {dag.py:4180} INFO - Setting next_dagrun for telemadrid_schedule_scraper to 2024-12-09 23:30:00+00:00, run_after=2024-12-10 05:30:00+00:00
[2024-12-10T00:17:38.750+0000] {processor.py:208} INFO - Processing /opt/airflow/dags/dag_telemadrid.py took 0.143 seconds
[2024-12-10T00:18:09.484+0000] {processor.py:186} INFO - Started process (PID=16711) to work on /opt/airflow/dags/dag_telemadrid.py
[2024-12-10T00:18:09.485+0000] {processor.py:914} INFO - Processing file /opt/airflow/dags/dag_telemadrid.py for tasks to queue
[2024-12-10T00:18:09.487+0000] {logging_mixin.py:190} INFO - [2024-12-10T00:18:09.486+0000] {dagbag.py:588} INFO - Filling up the DagBag from /opt/airflow/dags/dag_telemadrid.py
[2024-12-10T00:18:09.587+0000] {processor.py:925} INFO - DAG(s) 'telemadrid_schedule_scraper' retrieved from /opt/airflow/dags/dag_telemadrid.py
[2024-12-10T00:18:09.600+0000] {logging_mixin.py:190} INFO - [2024-12-10T00:18:09.600+0000] {dag.py:3239} INFO - Sync 1 DAGs
[2024-12-10T00:18:09.616+0000] {logging_mixin.py:190} INFO - [2024-12-10T00:18:09.616+0000] {dag.py:4180} INFO - Setting next_dagrun for telemadrid_schedule_scraper to 2024-12-09 23:30:00+00:00, run_after=2024-12-10 05:30:00+00:00
[2024-12-10T00:18:09.625+0000] {processor.py:208} INFO - Processing /opt/airflow/dags/dag_telemadrid.py took 0.144 seconds
[2024-12-10T00:18:40.422+0000] {processor.py:186} INFO - Started process (PID=16726) to work on /opt/airflow/dags/dag_telemadrid.py
[2024-12-10T00:18:40.422+0000] {processor.py:914} INFO - Processing file /opt/airflow/dags/dag_telemadrid.py for tasks to queue
[2024-12-10T00:18:40.424+0000] {logging_mixin.py:190} INFO - [2024-12-10T00:18:40.423+0000] {dagbag.py:588} INFO - Filling up the DagBag from /opt/airflow/dags/dag_telemadrid.py
[2024-12-10T00:18:40.528+0000] {processor.py:925} INFO - DAG(s) 'telemadrid_schedule_scraper' retrieved from /opt/airflow/dags/dag_telemadrid.py
[2024-12-10T00:18:40.542+0000] {logging_mixin.py:190} INFO - [2024-12-10T00:18:40.541+0000] {dag.py:3239} INFO - Sync 1 DAGs
[2024-12-10T00:18:40.555+0000] {logging_mixin.py:190} INFO - [2024-12-10T00:18:40.555+0000] {dag.py:4180} INFO - Setting next_dagrun for telemadrid_schedule_scraper to 2024-12-09 23:30:00+00:00, run_after=2024-12-10 05:30:00+00:00
[2024-12-10T00:18:40.564+0000] {processor.py:208} INFO - Processing /opt/airflow/dags/dag_telemadrid.py took 0.146 seconds
[2024-12-10T00:19:11.310+0000] {processor.py:186} INFO - Started process (PID=16741) to work on /opt/airflow/dags/dag_telemadrid.py
[2024-12-10T00:19:11.311+0000] {processor.py:914} INFO - Processing file /opt/airflow/dags/dag_telemadrid.py for tasks to queue
[2024-12-10T00:19:11.313+0000] {logging_mixin.py:190} INFO - [2024-12-10T00:19:11.312+0000] {dagbag.py:588} INFO - Filling up the DagBag from /opt/airflow/dags/dag_telemadrid.py
[2024-12-10T00:19:11.415+0000] {processor.py:925} INFO - DAG(s) 'telemadrid_schedule_scraper' retrieved from /opt/airflow/dags/dag_telemadrid.py
[2024-12-10T00:19:11.429+0000] {logging_mixin.py:190} INFO - [2024-12-10T00:19:11.429+0000] {dag.py:3239} INFO - Sync 1 DAGs
[2024-12-10T00:19:11.442+0000] {logging_mixin.py:190} INFO - [2024-12-10T00:19:11.442+0000] {dag.py:4180} INFO - Setting next_dagrun for telemadrid_schedule_scraper to 2024-12-09 23:30:00+00:00, run_after=2024-12-10 05:30:00+00:00
[2024-12-10T00:19:11.451+0000] {processor.py:208} INFO - Processing /opt/airflow/dags/dag_telemadrid.py took 0.144 seconds
[2024-12-10T00:19:42.183+0000] {processor.py:186} INFO - Started process (PID=16756) to work on /opt/airflow/dags/dag_telemadrid.py
[2024-12-10T00:19:42.184+0000] {processor.py:914} INFO - Processing file /opt/airflow/dags/dag_telemadrid.py for tasks to queue
[2024-12-10T00:19:42.185+0000] {logging_mixin.py:190} INFO - [2024-12-10T00:19:42.185+0000] {dagbag.py:588} INFO - Filling up the DagBag from /opt/airflow/dags/dag_telemadrid.py
[2024-12-10T00:19:42.288+0000] {processor.py:925} INFO - DAG(s) 'telemadrid_schedule_scraper' retrieved from /opt/airflow/dags/dag_telemadrid.py
[2024-12-10T00:19:42.302+0000] {logging_mixin.py:190} INFO - [2024-12-10T00:19:42.302+0000] {dag.py:3239} INFO - Sync 1 DAGs
[2024-12-10T00:19:42.317+0000] {logging_mixin.py:190} INFO - [2024-12-10T00:19:42.317+0000] {dag.py:4180} INFO - Setting next_dagrun for telemadrid_schedule_scraper to 2024-12-09 23:30:00+00:00, run_after=2024-12-10 05:30:00+00:00
[2024-12-10T00:19:42.327+0000] {processor.py:208} INFO - Processing /opt/airflow/dags/dag_telemadrid.py took 0.147 seconds
[2024-12-10T00:20:13.081+0000] {processor.py:186} INFO - Started process (PID=16771) to work on /opt/airflow/dags/dag_telemadrid.py
[2024-12-10T00:20:13.082+0000] {processor.py:914} INFO - Processing file /opt/airflow/dags/dag_telemadrid.py for tasks to queue
[2024-12-10T00:20:13.084+0000] {logging_mixin.py:190} INFO - [2024-12-10T00:20:13.084+0000] {dagbag.py:588} INFO - Filling up the DagBag from /opt/airflow/dags/dag_telemadrid.py
[2024-12-10T00:20:13.191+0000] {processor.py:925} INFO - DAG(s) 'telemadrid_schedule_scraper' retrieved from /opt/airflow/dags/dag_telemadrid.py
[2024-12-10T00:20:13.205+0000] {logging_mixin.py:190} INFO - [2024-12-10T00:20:13.205+0000] {dag.py:3239} INFO - Sync 1 DAGs
[2024-12-10T00:20:13.220+0000] {logging_mixin.py:190} INFO - [2024-12-10T00:20:13.219+0000] {dag.py:4180} INFO - Setting next_dagrun for telemadrid_schedule_scraper to 2024-12-09 23:30:00+00:00, run_after=2024-12-10 05:30:00+00:00
[2024-12-10T00:20:13.229+0000] {processor.py:208} INFO - Processing /opt/airflow/dags/dag_telemadrid.py took 0.152 seconds
[2024-12-10T00:20:43.981+0000] {processor.py:186} INFO - Started process (PID=16786) to work on /opt/airflow/dags/dag_telemadrid.py
[2024-12-10T00:20:43.982+0000] {processor.py:914} INFO - Processing file /opt/airflow/dags/dag_telemadrid.py for tasks to queue
[2024-12-10T00:20:43.983+0000] {logging_mixin.py:190} INFO - [2024-12-10T00:20:43.983+0000] {dagbag.py:588} INFO - Filling up the DagBag from /opt/airflow/dags/dag_telemadrid.py
[2024-12-10T00:20:44.089+0000] {processor.py:925} INFO - DAG(s) 'telemadrid_schedule_scraper' retrieved from /opt/airflow/dags/dag_telemadrid.py
[2024-12-10T00:20:44.105+0000] {logging_mixin.py:190} INFO - [2024-12-10T00:20:44.104+0000] {dag.py:3239} INFO - Sync 1 DAGs
[2024-12-10T00:20:44.117+0000] {logging_mixin.py:190} INFO - [2024-12-10T00:20:44.117+0000] {dag.py:4180} INFO - Setting next_dagrun for telemadrid_schedule_scraper to 2024-12-09 23:30:00+00:00, run_after=2024-12-10 05:30:00+00:00
[2024-12-10T00:20:44.127+0000] {processor.py:208} INFO - Processing /opt/airflow/dags/dag_telemadrid.py took 0.149 seconds
[2024-12-10T00:21:14.875+0000] {processor.py:186} INFO - Started process (PID=16801) to work on /opt/airflow/dags/dag_telemadrid.py
[2024-12-10T00:21:14.875+0000] {processor.py:914} INFO - Processing file /opt/airflow/dags/dag_telemadrid.py for tasks to queue
[2024-12-10T00:21:14.877+0000] {logging_mixin.py:190} INFO - [2024-12-10T00:21:14.876+0000] {dagbag.py:588} INFO - Filling up the DagBag from /opt/airflow/dags/dag_telemadrid.py
[2024-12-10T00:21:14.990+0000] {processor.py:925} INFO - DAG(s) 'telemadrid_schedule_scraper' retrieved from /opt/airflow/dags/dag_telemadrid.py
[2024-12-10T00:21:15.007+0000] {logging_mixin.py:190} INFO - [2024-12-10T00:21:15.007+0000] {dag.py:3239} INFO - Sync 1 DAGs
[2024-12-10T00:21:15.022+0000] {logging_mixin.py:190} INFO - [2024-12-10T00:21:15.022+0000] {dag.py:4180} INFO - Setting next_dagrun for telemadrid_schedule_scraper to 2024-12-09 23:30:00+00:00, run_after=2024-12-10 05:30:00+00:00
[2024-12-10T00:21:15.034+0000] {processor.py:208} INFO - Processing /opt/airflow/dags/dag_telemadrid.py took 0.163 seconds
[2024-12-10T00:21:45.764+0000] {processor.py:186} INFO - Started process (PID=16816) to work on /opt/airflow/dags/dag_telemadrid.py
[2024-12-10T00:21:45.764+0000] {processor.py:914} INFO - Processing file /opt/airflow/dags/dag_telemadrid.py for tasks to queue
[2024-12-10T00:21:45.766+0000] {logging_mixin.py:190} INFO - [2024-12-10T00:21:45.766+0000] {dagbag.py:588} INFO - Filling up the DagBag from /opt/airflow/dags/dag_telemadrid.py
[2024-12-10T00:21:45.875+0000] {processor.py:925} INFO - DAG(s) 'telemadrid_schedule_scraper' retrieved from /opt/airflow/dags/dag_telemadrid.py
[2024-12-10T00:21:45.890+0000] {logging_mixin.py:190} INFO - [2024-12-10T00:21:45.890+0000] {dag.py:3239} INFO - Sync 1 DAGs
[2024-12-10T00:21:45.905+0000] {logging_mixin.py:190} INFO - [2024-12-10T00:21:45.905+0000] {dag.py:4180} INFO - Setting next_dagrun for telemadrid_schedule_scraper to 2024-12-09 23:30:00+00:00, run_after=2024-12-10 05:30:00+00:00
[2024-12-10T00:21:45.914+0000] {processor.py:208} INFO - Processing /opt/airflow/dags/dag_telemadrid.py took 0.154 seconds
[2024-12-10T00:22:16.824+0000] {processor.py:186} INFO - Started process (PID=16831) to work on /opt/airflow/dags/dag_telemadrid.py
[2024-12-10T00:22:16.824+0000] {processor.py:914} INFO - Processing file /opt/airflow/dags/dag_telemadrid.py for tasks to queue
[2024-12-10T00:22:16.826+0000] {logging_mixin.py:190} INFO - [2024-12-10T00:22:16.826+0000] {dagbag.py:588} INFO - Filling up the DagBag from /opt/airflow/dags/dag_telemadrid.py
[2024-12-10T00:22:16.929+0000] {processor.py:925} INFO - DAG(s) 'telemadrid_schedule_scraper' retrieved from /opt/airflow/dags/dag_telemadrid.py
[2024-12-10T00:22:16.943+0000] {logging_mixin.py:190} INFO - [2024-12-10T00:22:16.943+0000] {dag.py:3239} INFO - Sync 1 DAGs
[2024-12-10T00:22:16.958+0000] {logging_mixin.py:190} INFO - [2024-12-10T00:22:16.958+0000] {dag.py:4180} INFO - Setting next_dagrun for telemadrid_schedule_scraper to 2024-12-09 23:30:00+00:00, run_after=2024-12-10 05:30:00+00:00
[2024-12-10T00:22:16.971+0000] {processor.py:208} INFO - Processing /opt/airflow/dags/dag_telemadrid.py took 0.150 seconds
[2024-12-10T00:22:47.912+0000] {processor.py:186} INFO - Started process (PID=16846) to work on /opt/airflow/dags/dag_telemadrid.py
[2024-12-10T00:22:47.912+0000] {processor.py:914} INFO - Processing file /opt/airflow/dags/dag_telemadrid.py for tasks to queue
[2024-12-10T00:22:47.914+0000] {logging_mixin.py:190} INFO - [2024-12-10T00:22:47.914+0000] {dagbag.py:588} INFO - Filling up the DagBag from /opt/airflow/dags/dag_telemadrid.py
[2024-12-10T00:22:48.017+0000] {processor.py:925} INFO - DAG(s) 'telemadrid_schedule_scraper' retrieved from /opt/airflow/dags/dag_telemadrid.py
[2024-12-10T00:22:48.031+0000] {logging_mixin.py:190} INFO - [2024-12-10T00:22:48.031+0000] {dag.py:3239} INFO - Sync 1 DAGs
[2024-12-10T00:22:48.046+0000] {logging_mixin.py:190} INFO - [2024-12-10T00:22:48.046+0000] {dag.py:4180} INFO - Setting next_dagrun for telemadrid_schedule_scraper to 2024-12-09 23:30:00+00:00, run_after=2024-12-10 05:30:00+00:00
[2024-12-10T00:22:48.057+0000] {processor.py:208} INFO - Processing /opt/airflow/dags/dag_telemadrid.py took 0.148 seconds
[2024-12-10T00:23:18.794+0000] {processor.py:186} INFO - Started process (PID=16861) to work on /opt/airflow/dags/dag_telemadrid.py
[2024-12-10T00:23:18.795+0000] {processor.py:914} INFO - Processing file /opt/airflow/dags/dag_telemadrid.py for tasks to queue
[2024-12-10T00:23:18.797+0000] {logging_mixin.py:190} INFO - [2024-12-10T00:23:18.796+0000] {dagbag.py:588} INFO - Filling up the DagBag from /opt/airflow/dags/dag_telemadrid.py
[2024-12-10T00:23:18.902+0000] {processor.py:925} INFO - DAG(s) 'telemadrid_schedule_scraper' retrieved from /opt/airflow/dags/dag_telemadrid.py
[2024-12-10T00:23:18.916+0000] {logging_mixin.py:190} INFO - [2024-12-10T00:23:18.916+0000] {dag.py:3239} INFO - Sync 1 DAGs
[2024-12-10T00:23:18.931+0000] {logging_mixin.py:190} INFO - [2024-12-10T00:23:18.931+0000] {dag.py:4180} INFO - Setting next_dagrun for telemadrid_schedule_scraper to 2024-12-09 23:30:00+00:00, run_after=2024-12-10 05:30:00+00:00
[2024-12-10T00:23:18.941+0000] {processor.py:208} INFO - Processing /opt/airflow/dags/dag_telemadrid.py took 0.150 seconds
[2024-12-10T00:23:49.652+0000] {processor.py:186} INFO - Started process (PID=16876) to work on /opt/airflow/dags/dag_telemadrid.py
[2024-12-10T00:23:49.653+0000] {processor.py:914} INFO - Processing file /opt/airflow/dags/dag_telemadrid.py for tasks to queue
[2024-12-10T00:23:49.654+0000] {logging_mixin.py:190} INFO - [2024-12-10T00:23:49.654+0000] {dagbag.py:588} INFO - Filling up the DagBag from /opt/airflow/dags/dag_telemadrid.py
[2024-12-10T00:23:49.761+0000] {processor.py:925} INFO - DAG(s) 'telemadrid_schedule_scraper' retrieved from /opt/airflow/dags/dag_telemadrid.py
[2024-12-10T00:23:49.776+0000] {logging_mixin.py:190} INFO - [2024-12-10T00:23:49.776+0000] {dag.py:3239} INFO - Sync 1 DAGs
[2024-12-10T00:23:49.790+0000] {logging_mixin.py:190} INFO - [2024-12-10T00:23:49.789+0000] {dag.py:4180} INFO - Setting next_dagrun for telemadrid_schedule_scraper to 2024-12-09 23:30:00+00:00, run_after=2024-12-10 05:30:00+00:00
[2024-12-10T00:23:49.799+0000] {processor.py:208} INFO - Processing /opt/airflow/dags/dag_telemadrid.py took 0.150 seconds
[2024-12-10T00:24:20.538+0000] {processor.py:186} INFO - Started process (PID=16897) to work on /opt/airflow/dags/dag_telemadrid.py
[2024-12-10T00:24:20.539+0000] {processor.py:914} INFO - Processing file /opt/airflow/dags/dag_telemadrid.py for tasks to queue
[2024-12-10T00:24:20.541+0000] {logging_mixin.py:190} INFO - [2024-12-10T00:24:20.540+0000] {dagbag.py:588} INFO - Filling up the DagBag from /opt/airflow/dags/dag_telemadrid.py
[2024-12-10T00:24:20.646+0000] {processor.py:925} INFO - DAG(s) 'telemadrid_schedule_scraper' retrieved from /opt/airflow/dags/dag_telemadrid.py
[2024-12-10T00:24:20.659+0000] {logging_mixin.py:190} INFO - [2024-12-10T00:24:20.659+0000] {dag.py:3239} INFO - Sync 1 DAGs
[2024-12-10T00:24:20.674+0000] {logging_mixin.py:190} INFO - [2024-12-10T00:24:20.673+0000] {dag.py:4180} INFO - Setting next_dagrun for telemadrid_schedule_scraper to 2024-12-09 23:30:00+00:00, run_after=2024-12-10 05:30:00+00:00
[2024-12-10T00:24:20.683+0000] {processor.py:208} INFO - Processing /opt/airflow/dags/dag_telemadrid.py took 0.148 seconds
[2024-12-10T00:24:51.425+0000] {processor.py:186} INFO - Started process (PID=16912) to work on /opt/airflow/dags/dag_telemadrid.py
[2024-12-10T00:24:51.425+0000] {processor.py:914} INFO - Processing file /opt/airflow/dags/dag_telemadrid.py for tasks to queue
[2024-12-10T00:24:51.426+0000] {logging_mixin.py:190} INFO - [2024-12-10T00:24:51.426+0000] {dagbag.py:588} INFO - Filling up the DagBag from /opt/airflow/dags/dag_telemadrid.py
[2024-12-10T00:24:51.532+0000] {processor.py:925} INFO - DAG(s) 'telemadrid_schedule_scraper' retrieved from /opt/airflow/dags/dag_telemadrid.py
[2024-12-10T00:24:51.545+0000] {logging_mixin.py:190} INFO - [2024-12-10T00:24:51.544+0000] {dag.py:3239} INFO - Sync 1 DAGs
[2024-12-10T00:24:51.559+0000] {logging_mixin.py:190} INFO - [2024-12-10T00:24:51.559+0000] {dag.py:4180} INFO - Setting next_dagrun for telemadrid_schedule_scraper to 2024-12-09 23:30:00+00:00, run_after=2024-12-10 05:30:00+00:00
[2024-12-10T00:24:51.568+0000] {processor.py:208} INFO - Processing /opt/airflow/dags/dag_telemadrid.py took 0.147 seconds
[2024-12-10T00:25:22.296+0000] {processor.py:186} INFO - Started process (PID=16927) to work on /opt/airflow/dags/dag_telemadrid.py
[2024-12-10T00:25:22.296+0000] {processor.py:914} INFO - Processing file /opt/airflow/dags/dag_telemadrid.py for tasks to queue
[2024-12-10T00:25:22.298+0000] {logging_mixin.py:190} INFO - [2024-12-10T00:25:22.298+0000] {dagbag.py:588} INFO - Filling up the DagBag from /opt/airflow/dags/dag_telemadrid.py
[2024-12-10T00:25:22.402+0000] {processor.py:925} INFO - DAG(s) 'telemadrid_schedule_scraper' retrieved from /opt/airflow/dags/dag_telemadrid.py
[2024-12-10T00:25:22.416+0000] {logging_mixin.py:190} INFO - [2024-12-10T00:25:22.416+0000] {dag.py:3239} INFO - Sync 1 DAGs
[2024-12-10T00:25:22.430+0000] {logging_mixin.py:190} INFO - [2024-12-10T00:25:22.430+0000] {dag.py:4180} INFO - Setting next_dagrun for telemadrid_schedule_scraper to 2024-12-09 23:30:00+00:00, run_after=2024-12-10 05:30:00+00:00
[2024-12-10T00:25:22.440+0000] {processor.py:208} INFO - Processing /opt/airflow/dags/dag_telemadrid.py took 0.148 seconds
[2024-12-10T00:25:53.190+0000] {processor.py:186} INFO - Started process (PID=16942) to work on /opt/airflow/dags/dag_telemadrid.py
[2024-12-10T00:25:53.191+0000] {processor.py:914} INFO - Processing file /opt/airflow/dags/dag_telemadrid.py for tasks to queue
[2024-12-10T00:25:53.192+0000] {logging_mixin.py:190} INFO - [2024-12-10T00:25:53.192+0000] {dagbag.py:588} INFO - Filling up the DagBag from /opt/airflow/dags/dag_telemadrid.py
[2024-12-10T00:25:53.297+0000] {processor.py:925} INFO - DAG(s) 'telemadrid_schedule_scraper' retrieved from /opt/airflow/dags/dag_telemadrid.py
[2024-12-10T00:25:53.312+0000] {logging_mixin.py:190} INFO - [2024-12-10T00:25:53.312+0000] {dag.py:3239} INFO - Sync 1 DAGs
[2024-12-10T00:25:53.326+0000] {logging_mixin.py:190} INFO - [2024-12-10T00:25:53.326+0000] {dag.py:4180} INFO - Setting next_dagrun for telemadrid_schedule_scraper to 2024-12-09 23:30:00+00:00, run_after=2024-12-10 05:30:00+00:00
[2024-12-10T00:25:53.336+0000] {processor.py:208} INFO - Processing /opt/airflow/dags/dag_telemadrid.py took 0.149 seconds
[2024-12-10T00:26:24.086+0000] {processor.py:186} INFO - Started process (PID=16957) to work on /opt/airflow/dags/dag_telemadrid.py
[2024-12-10T00:26:24.087+0000] {processor.py:914} INFO - Processing file /opt/airflow/dags/dag_telemadrid.py for tasks to queue
[2024-12-10T00:26:24.088+0000] {logging_mixin.py:190} INFO - [2024-12-10T00:26:24.088+0000] {dagbag.py:588} INFO - Filling up the DagBag from /opt/airflow/dags/dag_telemadrid.py
[2024-12-10T00:26:24.195+0000] {processor.py:925} INFO - DAG(s) 'telemadrid_schedule_scraper' retrieved from /opt/airflow/dags/dag_telemadrid.py
[2024-12-10T00:26:24.210+0000] {logging_mixin.py:190} INFO - [2024-12-10T00:26:24.210+0000] {dag.py:3239} INFO - Sync 1 DAGs
[2024-12-10T00:26:24.224+0000] {logging_mixin.py:190} INFO - [2024-12-10T00:26:24.224+0000] {dag.py:4180} INFO - Setting next_dagrun for telemadrid_schedule_scraper to 2024-12-09 23:30:00+00:00, run_after=2024-12-10 05:30:00+00:00
[2024-12-10T00:26:24.233+0000] {processor.py:208} INFO - Processing /opt/airflow/dags/dag_telemadrid.py took 0.151 seconds
[2024-12-10T00:26:54.997+0000] {processor.py:186} INFO - Started process (PID=16972) to work on /opt/airflow/dags/dag_telemadrid.py
[2024-12-10T00:26:54.998+0000] {processor.py:914} INFO - Processing file /opt/airflow/dags/dag_telemadrid.py for tasks to queue
[2024-12-10T00:26:54.999+0000] {logging_mixin.py:190} INFO - [2024-12-10T00:26:54.999+0000] {dagbag.py:588} INFO - Filling up the DagBag from /opt/airflow/dags/dag_telemadrid.py
[2024-12-10T00:26:55.108+0000] {processor.py:925} INFO - DAG(s) 'telemadrid_schedule_scraper' retrieved from /opt/airflow/dags/dag_telemadrid.py
[2024-12-10T00:26:55.123+0000] {logging_mixin.py:190} INFO - [2024-12-10T00:26:55.122+0000] {dag.py:3239} INFO - Sync 1 DAGs
[2024-12-10T00:26:55.137+0000] {logging_mixin.py:190} INFO - [2024-12-10T00:26:55.136+0000] {dag.py:4180} INFO - Setting next_dagrun for telemadrid_schedule_scraper to 2024-12-09 23:30:00+00:00, run_after=2024-12-10 05:30:00+00:00
[2024-12-10T00:26:55.148+0000] {processor.py:208} INFO - Processing /opt/airflow/dags/dag_telemadrid.py took 0.154 seconds
[2024-12-10T00:27:26.070+0000] {processor.py:186} INFO - Started process (PID=16987) to work on /opt/airflow/dags/dag_telemadrid.py
[2024-12-10T00:27:26.071+0000] {processor.py:914} INFO - Processing file /opt/airflow/dags/dag_telemadrid.py for tasks to queue
[2024-12-10T00:27:26.072+0000] {logging_mixin.py:190} INFO - [2024-12-10T00:27:26.072+0000] {dagbag.py:588} INFO - Filling up the DagBag from /opt/airflow/dags/dag_telemadrid.py
[2024-12-10T00:27:26.172+0000] {processor.py:925} INFO - DAG(s) 'telemadrid_schedule_scraper' retrieved from /opt/airflow/dags/dag_telemadrid.py
[2024-12-10T00:27:26.185+0000] {logging_mixin.py:190} INFO - [2024-12-10T00:27:26.185+0000] {dag.py:3239} INFO - Sync 1 DAGs
[2024-12-10T00:27:26.199+0000] {logging_mixin.py:190} INFO - [2024-12-10T00:27:26.199+0000] {dag.py:4180} INFO - Setting next_dagrun for telemadrid_schedule_scraper to 2024-12-09 23:30:00+00:00, run_after=2024-12-10 05:30:00+00:00
[2024-12-10T00:27:26.211+0000] {processor.py:208} INFO - Processing /opt/airflow/dags/dag_telemadrid.py took 0.144 seconds
[2024-12-10T00:27:56.973+0000] {processor.py:186} INFO - Started process (PID=17002) to work on /opt/airflow/dags/dag_telemadrid.py
[2024-12-10T00:27:56.973+0000] {processor.py:914} INFO - Processing file /opt/airflow/dags/dag_telemadrid.py for tasks to queue
[2024-12-10T00:27:56.975+0000] {logging_mixin.py:190} INFO - [2024-12-10T00:27:56.974+0000] {dagbag.py:588} INFO - Filling up the DagBag from /opt/airflow/dags/dag_telemadrid.py
[2024-12-10T00:27:57.083+0000] {processor.py:925} INFO - DAG(s) 'telemadrid_schedule_scraper' retrieved from /opt/airflow/dags/dag_telemadrid.py
[2024-12-10T00:27:57.098+0000] {logging_mixin.py:190} INFO - [2024-12-10T00:27:57.098+0000] {dag.py:3239} INFO - Sync 1 DAGs
[2024-12-10T00:27:57.113+0000] {logging_mixin.py:190} INFO - [2024-12-10T00:27:57.113+0000] {dag.py:4180} INFO - Setting next_dagrun for telemadrid_schedule_scraper to 2024-12-09 23:30:00+00:00, run_after=2024-12-10 05:30:00+00:00
[2024-12-10T00:27:57.126+0000] {processor.py:208} INFO - Processing /opt/airflow/dags/dag_telemadrid.py took 0.157 seconds
[2024-12-10T00:28:27.868+0000] {processor.py:186} INFO - Started process (PID=17017) to work on /opt/airflow/dags/dag_telemadrid.py
[2024-12-10T00:28:27.868+0000] {processor.py:914} INFO - Processing file /opt/airflow/dags/dag_telemadrid.py for tasks to queue
[2024-12-10T00:28:27.870+0000] {logging_mixin.py:190} INFO - [2024-12-10T00:28:27.870+0000] {dagbag.py:588} INFO - Filling up the DagBag from /opt/airflow/dags/dag_telemadrid.py
[2024-12-10T00:28:27.980+0000] {processor.py:925} INFO - DAG(s) 'telemadrid_schedule_scraper' retrieved from /opt/airflow/dags/dag_telemadrid.py
[2024-12-10T00:28:27.994+0000] {logging_mixin.py:190} INFO - [2024-12-10T00:28:27.994+0000] {dag.py:3239} INFO - Sync 1 DAGs
[2024-12-10T00:28:28.008+0000] {logging_mixin.py:190} INFO - [2024-12-10T00:28:28.008+0000] {dag.py:4180} INFO - Setting next_dagrun for telemadrid_schedule_scraper to 2024-12-09 23:30:00+00:00, run_after=2024-12-10 05:30:00+00:00
[2024-12-10T00:28:28.019+0000] {processor.py:208} INFO - Processing /opt/airflow/dags/dag_telemadrid.py took 0.155 seconds
[2024-12-10T00:28:58.753+0000] {processor.py:186} INFO - Started process (PID=17032) to work on /opt/airflow/dags/dag_telemadrid.py
[2024-12-10T00:28:58.753+0000] {processor.py:914} INFO - Processing file /opt/airflow/dags/dag_telemadrid.py for tasks to queue
[2024-12-10T00:28:58.755+0000] {logging_mixin.py:190} INFO - [2024-12-10T00:28:58.754+0000] {dagbag.py:588} INFO - Filling up the DagBag from /opt/airflow/dags/dag_telemadrid.py
[2024-12-10T00:28:58.862+0000] {processor.py:925} INFO - DAG(s) 'telemadrid_schedule_scraper' retrieved from /opt/airflow/dags/dag_telemadrid.py
[2024-12-10T00:28:58.878+0000] {logging_mixin.py:190} INFO - [2024-12-10T00:28:58.878+0000] {dag.py:3239} INFO - Sync 1 DAGs
[2024-12-10T00:28:58.894+0000] {logging_mixin.py:190} INFO - [2024-12-10T00:28:58.894+0000] {dag.py:4180} INFO - Setting next_dagrun for telemadrid_schedule_scraper to 2024-12-09 23:30:00+00:00, run_after=2024-12-10 05:30:00+00:00
[2024-12-10T00:28:58.904+0000] {processor.py:208} INFO - Processing /opt/airflow/dags/dag_telemadrid.py took 0.155 seconds
[2024-12-10T00:29:29.636+0000] {processor.py:186} INFO - Started process (PID=17047) to work on /opt/airflow/dags/dag_telemadrid.py
[2024-12-10T00:29:29.636+0000] {processor.py:914} INFO - Processing file /opt/airflow/dags/dag_telemadrid.py for tasks to queue
[2024-12-10T00:29:29.638+0000] {logging_mixin.py:190} INFO - [2024-12-10T00:29:29.637+0000] {dagbag.py:588} INFO - Filling up the DagBag from /opt/airflow/dags/dag_telemadrid.py
[2024-12-10T00:29:29.744+0000] {processor.py:925} INFO - DAG(s) 'telemadrid_schedule_scraper' retrieved from /opt/airflow/dags/dag_telemadrid.py
[2024-12-10T00:29:29.757+0000] {logging_mixin.py:190} INFO - [2024-12-10T00:29:29.757+0000] {dag.py:3239} INFO - Sync 1 DAGs
[2024-12-10T00:29:29.770+0000] {logging_mixin.py:190} INFO - [2024-12-10T00:29:29.770+0000] {dag.py:4180} INFO - Setting next_dagrun for telemadrid_schedule_scraper to 2024-12-09 23:30:00+00:00, run_after=2024-12-10 05:30:00+00:00
[2024-12-10T00:29:29.780+0000] {processor.py:208} INFO - Processing /opt/airflow/dags/dag_telemadrid.py took 0.148 seconds
