[2024-12-05T13:32:50.300+0000] {local_task_job_runner.py:123} INFO - ::group::Pre task execution logs
[2024-12-05T13:32:50.310+0000] {taskinstance.py:2613} INFO - Dependencies all met for dep_context=non-requeueable deps ti=<TaskInstance: a3media_schedule_scraper.push_all_in_one_task manual__2024-12-05T13:32:31.374892+00:00 [queued]>
[2024-12-05T13:32:50.315+0000] {taskinstance.py:2613} INFO - Dependencies all met for dep_context=requeueable deps ti=<TaskInstance: a3media_schedule_scraper.push_all_in_one_task manual__2024-12-05T13:32:31.374892+00:00 [queued]>
[2024-12-05T13:32:50.315+0000] {taskinstance.py:2866} INFO - Starting attempt 1 of 5
[2024-12-05T13:32:50.322+0000] {taskinstance.py:2889} INFO - Executing <Task(PythonOperator): push_all_in_one_task> on 2024-12-05 13:32:31.374892+00:00
[2024-12-05T13:32:50.326+0000] {warnings.py:112} WARNING - /home/***/.local/lib/python3.12/site-packages/***/task/task_runner/standard_task_runner.py:70: DeprecationWarning: This process (pid=110) is multi-threaded, use of fork() may lead to deadlocks in the child.
  pid = os.fork()

[2024-12-05T13:32:50.327+0000] {standard_task_runner.py:72} INFO - Started process 111 to run task
[2024-12-05T13:32:50.327+0000] {standard_task_runner.py:104} INFO - Running: ['***', 'tasks', 'run', 'a3media_schedule_scraper', 'push_all_in_one_task', 'manual__2024-12-05T13:32:31.374892+00:00', '--job-id', '589', '--raw', '--subdir', 'DAGS_FOLDER/dag_atresmedia.py', '--cfg-path', '/tmp/tmp669vyzg8']
[2024-12-05T13:32:50.329+0000] {standard_task_runner.py:105} INFO - Job 589: Subtask push_all_in_one_task
[2024-12-05T13:32:50.353+0000] {task_command.py:467} INFO - Running <TaskInstance: a3media_schedule_scraper.push_all_in_one_task manual__2024-12-05T13:32:31.374892+00:00 [running]> on host d88abb179e8d
[2024-12-05T13:32:50.393+0000] {taskinstance.py:3132} INFO - Exporting env vars: AIRFLOW_CTX_DAG_OWNER='***' AIRFLOW_CTX_DAG_ID='a3media_schedule_scraper' AIRFLOW_CTX_TASK_ID='push_all_in_one_task' AIRFLOW_CTX_EXECUTION_DATE='2024-12-05T13:32:31.374892+00:00' AIRFLOW_CTX_TRY_NUMBER='1' AIRFLOW_CTX_DAG_RUN_ID='manual__2024-12-05T13:32:31.374892+00:00'
[2024-12-05T13:32:50.394+0000] {taskinstance.py:731} INFO - ::endgroup::
[2024-12-05T13:32:54.593+0000] {logging_mixin.py:190} INFO - Archivo actualizado correctamente.
[2024-12-05T13:32:54.594+0000] {python.py:240} INFO - Done. Returned value was: None
[2024-12-05T13:32:54.600+0000] {taskinstance.py:340} INFO - ::group::Post task execution logs
[2024-12-05T13:32:54.600+0000] {taskinstance.py:352} INFO - Marking task as SUCCESS. dag_id=a3media_schedule_scraper, task_id=push_all_in_one_task, run_id=manual__2024-12-05T13:32:31.374892+00:00, execution_date=20241205T133231, start_date=20241205T133250, end_date=20241205T133254
[2024-12-05T13:32:54.632+0000] {local_task_job_runner.py:266} INFO - Task exited with return code 0
[2024-12-05T13:32:54.641+0000] {taskinstance.py:3895} INFO - 0 downstream tasks scheduled from follow-on schedule check
[2024-12-05T13:32:54.642+0000] {local_task_job_runner.py:245} INFO - ::endgroup::
