[2024-12-12T17:30:06.573+0000] {local_task_job_runner.py:123} INFO - ::group::Pre task execution logs
[2024-12-12T17:30:06.583+0000] {taskinstance.py:2613} INFO - Dependencies all met for dep_context=non-requeueable deps ti=<TaskInstance: telemadrid_schedule_scraper.push_all_in_one scheduled__2024-12-12T11:30:00+00:00 [queued]>
[2024-12-12T17:30:06.590+0000] {taskinstance.py:2613} INFO - Dependencies all met for dep_context=requeueable deps ti=<TaskInstance: telemadrid_schedule_scraper.push_all_in_one scheduled__2024-12-12T11:30:00+00:00 [queued]>
[2024-12-12T17:30:06.590+0000] {taskinstance.py:2866} INFO - Starting attempt 1 of 4
[2024-12-12T17:30:06.599+0000] {taskinstance.py:2889} INFO - Executing <Task(_PythonDecoratedOperator): push_all_in_one> on 2024-12-12 11:30:00+00:00
[2024-12-12T17:30:06.604+0000] {warnings.py:112} WARNING - /home/***/.local/lib/python3.12/site-packages/***/task/task_runner/standard_task_runner.py:70: DeprecationWarning: This process (pid=21657) is multi-threaded, use of fork() may lead to deadlocks in the child.
  pid = os.fork()

[2024-12-12T17:30:06.605+0000] {standard_task_runner.py:72} INFO - Started process 21660 to run task
[2024-12-12T17:30:06.605+0000] {standard_task_runner.py:104} INFO - Running: ['***', 'tasks', 'run', 'telemadrid_schedule_scraper', 'push_all_in_one', 'scheduled__2024-12-12T11:30:00+00:00', '--job-id', '2385', '--raw', '--subdir', 'DAGS_FOLDER/dag_telemadrid.py', '--cfg-path', '/tmp/tmpqv1dm609']
[2024-12-12T17:30:06.606+0000] {standard_task_runner.py:105} INFO - Job 2385: Subtask push_all_in_one
[2024-12-12T17:30:06.636+0000] {task_command.py:467} INFO - Running <TaskInstance: telemadrid_schedule_scraper.push_all_in_one scheduled__2024-12-12T11:30:00+00:00 [running]> on host b605548c7b8b
[2024-12-12T17:30:06.693+0000] {taskinstance.py:3132} INFO - Exporting env vars: AIRFLOW_CTX_DAG_OWNER='***' AIRFLOW_CTX_DAG_ID='telemadrid_schedule_scraper' AIRFLOW_CTX_TASK_ID='push_all_in_one' AIRFLOW_CTX_EXECUTION_DATE='2024-12-12T11:30:00+00:00' AIRFLOW_CTX_TRY_NUMBER='1' AIRFLOW_CTX_DAG_RUN_ID='scheduled__2024-12-12T11:30:00+00:00'
[2024-12-12T17:30:06.694+0000] {taskinstance.py:731} INFO - ::endgroup::
[2024-12-12T17:30:09.151+0000] {logging_mixin.py:190} INFO - Archivo actualizado correctamente.
[2024-12-12T17:30:09.151+0000] {python.py:240} INFO - Done. Returned value was: None
[2024-12-12T17:30:09.158+0000] {taskinstance.py:340} INFO - ::group::Post task execution logs
[2024-12-12T17:30:09.158+0000] {taskinstance.py:352} INFO - Marking task as SUCCESS. dag_id=telemadrid_schedule_scraper, task_id=push_all_in_one, run_id=scheduled__2024-12-12T11:30:00+00:00, execution_date=20241212T113000, start_date=20241212T173006, end_date=20241212T173009
[2024-12-12T17:30:09.185+0000] {local_task_job_runner.py:266} INFO - Task exited with return code 0
[2024-12-12T17:30:09.196+0000] {taskinstance.py:3895} INFO - 0 downstream tasks scheduled from follow-on schedule check
[2024-12-12T17:30:09.198+0000] {local_task_job_runner.py:245} INFO - ::endgroup::
