[2024-12-04T12:37:28.767+0000] {local_task_job_runner.py:123} INFO - ::group::Pre task execution logs
[2024-12-04T12:37:28.777+0000] {taskinstance.py:2613} INFO - Dependencies all met for dep_context=non-requeueable deps ti=<TaskInstance: rtve_schedule_scraper.scrape_rtve_schedule scheduled__2024-12-03T00:00:00+00:00 [queued]>
[2024-12-04T12:37:28.781+0000] {taskinstance.py:2613} INFO - Dependencies all met for dep_context=requeueable deps ti=<TaskInstance: rtve_schedule_scraper.scrape_rtve_schedule scheduled__2024-12-03T00:00:00+00:00 [queued]>
[2024-12-04T12:37:28.782+0000] {taskinstance.py:2866} INFO - Starting attempt 1 of 2
[2024-12-04T12:37:28.789+0000] {taskinstance.py:2889} INFO - Executing <Task(PythonOperator): scrape_rtve_schedule> on 2024-12-03 00:00:00+00:00
[2024-12-04T12:37:28.792+0000] {warnings.py:112} WARNING - /home/***/.local/lib/python3.12/site-packages/***/task/task_runner/standard_task_runner.py:70: DeprecationWarning: This process (pid=98) is multi-threaded, use of fork() may lead to deadlocks in the child.
  pid = os.fork()

[2024-12-04T12:37:28.793+0000] {standard_task_runner.py:72} INFO - Started process 99 to run task
[2024-12-04T12:37:28.793+0000] {standard_task_runner.py:104} INFO - Running: ['***', 'tasks', 'run', 'rtve_schedule_scraper', 'scrape_rtve_schedule', 'scheduled__2024-12-03T00:00:00+00:00', '--job-id', '404', '--raw', '--subdir', 'DAGS_FOLDER/dag_rtve.py', '--cfg-path', '/tmp/tmpw2rlha8x']
[2024-12-04T12:37:28.795+0000] {standard_task_runner.py:105} INFO - Job 404: Subtask scrape_rtve_schedule
[2024-12-04T12:37:28.819+0000] {task_command.py:467} INFO - Running <TaskInstance: rtve_schedule_scraper.scrape_rtve_schedule scheduled__2024-12-03T00:00:00+00:00 [running]> on host d88abb179e8d
[2024-12-04T12:37:28.862+0000] {taskinstance.py:3132} INFO - Exporting env vars: AIRFLOW_CTX_DAG_OWNER='***' AIRFLOW_CTX_DAG_ID='rtve_schedule_scraper' AIRFLOW_CTX_TASK_ID='scrape_rtve_schedule' AIRFLOW_CTX_EXECUTION_DATE='2024-12-03T00:00:00+00:00' AIRFLOW_CTX_TRY_NUMBER='1' AIRFLOW_CTX_DAG_RUN_ID='scheduled__2024-12-03T00:00:00+00:00'
[2024-12-04T12:37:28.863+0000] {taskinstance.py:731} INFO - ::endgroup::
[2024-12-04T12:37:36.301+0000] {logging_mixin.py:190} INFO - Archivo actualizado correctamente. {'commit': Commit(sha="8fd7be5d13e92cb487547cc1a5d2d9c63fa4249d"), 'content': ContentFile(path="channels/La 1.xml")}
[2024-12-04T12:37:36.301+0000] {logging_mixin.py:190} INFO - Escrito el xmltv del canal "La 1"
[2024-12-04T12:37:38.236+0000] {logging_mixin.py:190} INFO - Archivo actualizado correctamente. {'commit': Commit(sha="563de5078de4c4c6bc5466f3cff5159d1080aa85"), 'content': ContentFile(path="channels/La 2.xml")}
[2024-12-04T12:37:38.236+0000] {logging_mixin.py:190} INFO - Escrito el xmltv del canal "La 2"
[2024-12-04T12:37:40.289+0000] {logging_mixin.py:190} INFO - Archivo actualizado correctamente. {'commit': Commit(sha="7b36daa4889d5478742733967dfd5ceb516c7b8e"), 'content': ContentFile(path="channels/Teledeporte.xml")}
[2024-12-04T12:37:40.289+0000] {logging_mixin.py:190} INFO - Escrito el xmltv del canal "Teledeporte"
[2024-12-04T12:37:42.207+0000] {logging_mixin.py:190} INFO - Archivo actualizado correctamente. {'commit': Commit(sha="d33378db9cf58ebd9600630ba0025a5714e7c462"), 'content': ContentFile(path="channels/24 horas.xml")}
[2024-12-04T12:37:42.207+0000] {logging_mixin.py:190} INFO - Escrito el xmltv del canal "24 horas"
[2024-12-04T12:37:44.298+0000] {logging_mixin.py:190} INFO - Archivo actualizado correctamente. {'commit': Commit(sha="dd8265ad590852ad4c34bd42c2b3cd7e78cceeb5"), 'content': ContentFile(path="channels/Clan.xml")}
[2024-12-04T12:37:44.299+0000] {logging_mixin.py:190} INFO - Escrito el xmltv del canal "Clan"
[2024-12-04T12:37:44.378+0000] {python.py:240} INFO - Done. Returned value was: None
[2024-12-04T12:37:44.383+0000] {taskinstance.py:340} INFO - ::group::Post task execution logs
[2024-12-04T12:37:44.384+0000] {taskinstance.py:352} INFO - Marking task as SUCCESS. dag_id=rtve_schedule_scraper, task_id=scrape_rtve_schedule, run_id=scheduled__2024-12-03T00:00:00+00:00, execution_date=20241203T000000, start_date=20241204T123728, end_date=20241204T123744
[2024-12-04T12:37:44.432+0000] {local_task_job_runner.py:266} INFO - Task exited with return code 0
[2024-12-04T12:37:44.441+0000] {taskinstance.py:3895} INFO - 0 downstream tasks scheduled from follow-on schedule check
[2024-12-04T12:37:44.442+0000] {local_task_job_runner.py:245} INFO - ::endgroup::
[2024-12-04T15:10:23.840+0000] {local_task_job_runner.py:123} INFO - ::group::Pre task execution logs
[2024-12-04T15:10:23.850+0000] {taskinstance.py:2613} INFO - Dependencies all met for dep_context=non-requeueable deps ti=<TaskInstance: rtve_schedule_scraper.scrape_rtve_schedule scheduled__2024-12-03T00:00:00+00:00 [queued]>
[2024-12-04T15:10:23.854+0000] {taskinstance.py:2613} INFO - Dependencies all met for dep_context=requeueable deps ti=<TaskInstance: rtve_schedule_scraper.scrape_rtve_schedule scheduled__2024-12-03T00:00:00+00:00 [queued]>
[2024-12-04T15:10:23.854+0000] {taskinstance.py:2866} INFO - Starting attempt 1 of 2
[2024-12-04T15:10:23.861+0000] {taskinstance.py:2889} INFO - Executing <Task(PythonOperator): scrape_rtve_schedule> on 2024-12-03 00:00:00+00:00
[2024-12-04T15:10:23.865+0000] {warnings.py:112} WARNING - /home/***/.local/lib/python3.12/site-packages/***/task/task_runner/standard_task_runner.py:70: DeprecationWarning: This process (pid=141) is multi-threaded, use of fork() may lead to deadlocks in the child.
  pid = os.fork()

[2024-12-04T15:10:23.866+0000] {standard_task_runner.py:72} INFO - Started process 144 to run task
[2024-12-04T15:10:23.866+0000] {standard_task_runner.py:104} INFO - Running: ['***', 'tasks', 'run', 'rtve_schedule_scraper', 'scrape_rtve_schedule', 'scheduled__2024-12-03T00:00:00+00:00', '--job-id', '420', '--raw', '--subdir', 'DAGS_FOLDER/dag_rtve.py', '--cfg-path', '/tmp/tmpvmy8g_fo']
[2024-12-04T15:10:23.868+0000] {standard_task_runner.py:105} INFO - Job 420: Subtask scrape_rtve_schedule
[2024-12-04T15:10:23.896+0000] {task_command.py:467} INFO - Running <TaskInstance: rtve_schedule_scraper.scrape_rtve_schedule scheduled__2024-12-03T00:00:00+00:00 [running]> on host d88abb179e8d
[2024-12-04T15:10:23.935+0000] {taskinstance.py:3132} INFO - Exporting env vars: AIRFLOW_CTX_DAG_OWNER='***' AIRFLOW_CTX_DAG_ID='rtve_schedule_scraper' AIRFLOW_CTX_TASK_ID='scrape_rtve_schedule' AIRFLOW_CTX_EXECUTION_DATE='2024-12-03T00:00:00+00:00' AIRFLOW_CTX_TRY_NUMBER='1' AIRFLOW_CTX_DAG_RUN_ID='scheduled__2024-12-03T00:00:00+00:00'
[2024-12-04T15:10:23.936+0000] {taskinstance.py:731} INFO - ::endgroup::
[2024-12-04T15:10:25.869+0000] {logging_mixin.py:190} INFO - Archivo actualizado correctamente. {'commit': Commit(sha="2e00b50990bfcefff03ab81a927449bf80e1dfcd"), 'content': ContentFile(path="channels/La 1.xml")}
[2024-12-04T15:10:25.869+0000] {logging_mixin.py:190} INFO - Escrito el xmltv del canal "La 1"
[2024-12-04T15:10:27.692+0000] {logging_mixin.py:190} INFO - Archivo actualizado correctamente. {'commit': Commit(sha="6e61262093fa7f8d428295613b78a5d62499dcd3"), 'content': ContentFile(path="channels/La 2.xml")}
[2024-12-04T15:10:27.692+0000] {logging_mixin.py:190} INFO - Escrito el xmltv del canal "La 2"
[2024-12-04T15:10:29.438+0000] {logging_mixin.py:190} INFO - Archivo actualizado correctamente. {'commit': Commit(sha="d1ad60391a3285e78acad1cbb3036010668209da"), 'content': ContentFile(path="channels/Teledeporte.xml")}
[2024-12-04T15:10:29.438+0000] {logging_mixin.py:190} INFO - Escrito el xmltv del canal "Teledeporte"
[2024-12-04T15:10:31.132+0000] {logging_mixin.py:190} INFO - Archivo actualizado correctamente. {'commit': Commit(sha="02e9313e1700665963ad228cfa4f2d2e98d9bdfd"), 'content': ContentFile(path="channels/24 horas.xml")}
[2024-12-04T15:10:31.133+0000] {logging_mixin.py:190} INFO - Escrito el xmltv del canal "24 horas"
[2024-12-04T15:10:32.871+0000] {logging_mixin.py:190} INFO - Archivo actualizado correctamente. {'commit': Commit(sha="e3ea97e4386d2aa932d80ce62846c2fecb4134ab"), 'content': ContentFile(path="channels/Clan.xml")}
[2024-12-04T15:10:32.871+0000] {logging_mixin.py:190} INFO - Escrito el xmltv del canal "Clan"
[2024-12-04T15:10:32.872+0000] {python.py:240} INFO - Done. Returned value was: None
[2024-12-04T15:10:32.878+0000] {taskinstance.py:340} INFO - ::group::Post task execution logs
[2024-12-04T15:10:32.878+0000] {taskinstance.py:352} INFO - Marking task as SUCCESS. dag_id=rtve_schedule_scraper, task_id=scrape_rtve_schedule, run_id=scheduled__2024-12-03T00:00:00+00:00, execution_date=20241203T000000, start_date=20241204T151023, end_date=20241204T151032
[2024-12-04T15:10:32.928+0000] {local_task_job_runner.py:266} INFO - Task exited with return code 0
[2024-12-04T15:10:32.936+0000] {taskinstance.py:3895} INFO - 0 downstream tasks scheduled from follow-on schedule check
[2024-12-04T15:10:32.937+0000] {local_task_job_runner.py:245} INFO - ::endgroup::
[2024-12-04T15:19:45.095+0000] {local_task_job_runner.py:123} INFO - ::group::Pre task execution logs
[2024-12-04T15:19:45.104+0000] {taskinstance.py:2613} INFO - Dependencies all met for dep_context=non-requeueable deps ti=<TaskInstance: rtve_schedule_scraper.scrape_rtve_schedule scheduled__2024-12-03T00:00:00+00:00 [queued]>
[2024-12-04T15:19:45.108+0000] {taskinstance.py:2613} INFO - Dependencies all met for dep_context=requeueable deps ti=<TaskInstance: rtve_schedule_scraper.scrape_rtve_schedule scheduled__2024-12-03T00:00:00+00:00 [queued]>
[2024-12-04T15:19:45.108+0000] {taskinstance.py:2866} INFO - Starting attempt 1 of 2
[2024-12-04T15:19:45.115+0000] {taskinstance.py:2889} INFO - Executing <Task(PythonOperator): scrape_rtve_schedule> on 2024-12-03 00:00:00+00:00
[2024-12-04T15:19:45.119+0000] {warnings.py:112} WARNING - /home/***/.local/lib/python3.12/site-packages/***/task/task_runner/standard_task_runner.py:70: DeprecationWarning: This process (pid=156) is multi-threaded, use of fork() may lead to deadlocks in the child.
  pid = os.fork()

[2024-12-04T15:19:45.120+0000] {standard_task_runner.py:72} INFO - Started process 161 to run task
[2024-12-04T15:19:45.120+0000] {standard_task_runner.py:104} INFO - Running: ['***', 'tasks', 'run', 'rtve_schedule_scraper', 'scrape_rtve_schedule', 'scheduled__2024-12-03T00:00:00+00:00', '--job-id', '426', '--raw', '--subdir', 'DAGS_FOLDER/dag_rtve_selenium.py', '--cfg-path', '/tmp/tmp28ytv9dm']
[2024-12-04T15:19:45.122+0000] {standard_task_runner.py:105} INFO - Job 426: Subtask scrape_rtve_schedule
[2024-12-04T15:19:45.149+0000] {task_command.py:467} INFO - Running <TaskInstance: rtve_schedule_scraper.scrape_rtve_schedule scheduled__2024-12-03T00:00:00+00:00 [running]> on host d88abb179e8d
[2024-12-04T15:19:45.191+0000] {taskinstance.py:3132} INFO - Exporting env vars: AIRFLOW_CTX_DAG_OWNER='***' AIRFLOW_CTX_DAG_ID='rtve_schedule_scraper' AIRFLOW_CTX_TASK_ID='scrape_rtve_schedule' AIRFLOW_CTX_EXECUTION_DATE='2024-12-03T00:00:00+00:00' AIRFLOW_CTX_TRY_NUMBER='1' AIRFLOW_CTX_DAG_RUN_ID='scheduled__2024-12-03T00:00:00+00:00'
[2024-12-04T15:19:45.191+0000] {taskinstance.py:731} INFO - ::endgroup::
[2024-12-04T15:20:23.720+0000] {logging_mixin.py:190} INFO - Archivo actualizado correctamente. {'commit': Commit(sha="65af55eb89f5d5e57473ef1cb58affe796bdb839"), 'content': ContentFile(path="channels/La 1.xml")}
[2024-12-04T15:20:23.720+0000] {logging_mixin.py:190} INFO - Escrito el xmltv del canal "La 1"
[2024-12-04T15:20:25.811+0000] {logging_mixin.py:190} INFO - Archivo actualizado correctamente. {'commit': Commit(sha="15b28073f0ef6b153a96c7b7f479f6ac11c3f961"), 'content': ContentFile(path="channels/La 2.xml")}
[2024-12-04T15:20:25.811+0000] {logging_mixin.py:190} INFO - Escrito el xmltv del canal "La 2"
[2024-12-04T15:20:27.702+0000] {logging_mixin.py:190} INFO - Archivo actualizado correctamente. {'commit': Commit(sha="dba19a866107f414abe3a3017b4dfe18e87befaf"), 'content': ContentFile(path="channels/Teledeporte.xml")}
[2024-12-04T15:20:27.702+0000] {logging_mixin.py:190} INFO - Escrito el xmltv del canal "Teledeporte"
[2024-12-04T15:20:29.587+0000] {logging_mixin.py:190} INFO - Archivo actualizado correctamente. {'commit': Commit(sha="4ed16458239d47969bff17f4d5b286c1a3cae1e8"), 'content': ContentFile(path="channels/24 horas.xml")}
[2024-12-04T15:20:29.588+0000] {logging_mixin.py:190} INFO - Escrito el xmltv del canal "24 horas"
[2024-12-04T15:20:30.434+0000] {local_task_job_runner.py:346} WARNING - State of this instance has been externally set to success. Terminating instance.
[2024-12-04T15:20:30.435+0000] {local_task_job_runner.py:245} INFO - ::endgroup::
[2024-12-04T15:20:30.436+0000] {process_utils.py:132} INFO - Sending 15 to group 161. PIDs of all processes in the group: [161]
[2024-12-04T15:20:30.436+0000] {process_utils.py:87} INFO - Sending the signal 15 to group 161
[2024-12-04T15:20:30.436+0000] {taskinstance.py:3093} ERROR - Received SIGTERM. Terminating subprocesses.
[2024-12-04T15:20:31.272+0000] {logging_mixin.py:190} INFO - Error: 422 {"message": "Invalid request.\n\n\"sha\" wasn't supplied.", "documentation_url": "https://docs.github.com/rest/repos/contents#create-or-update-file-contents", "status": "422"}
[2024-12-04T15:20:31.272+0000] {logging_mixin.py:190} INFO - Escrito el xmltv del canal "Clan"
[2024-12-04T15:20:31.351+0000] {python.py:240} INFO - Done. Returned value was: None
[2024-12-04T15:20:31.357+0000] {taskinstance.py:340} INFO - ::group::Post task execution logs
[2024-12-04T15:20:31.357+0000] {taskinstance.py:352} INFO - Marking task as SUCCESS. dag_id=rtve_schedule_scraper, task_id=scrape_rtve_schedule, run_id=scheduled__2024-12-03T00:00:00+00:00, execution_date=20241203T000000, start_date=20241204T151945, end_date=20241204T152031
[2024-12-04T15:20:31.371+0000] {process_utils.py:80} INFO - Process psutil.Process(pid=161, status='terminated', exitcode=0, started='15:19:44') (161) terminated with exit code 0
