[2024-12-06T11:54:21.448+0000] {local_task_job_runner.py:123} INFO - ::group::Pre task execution logs
[2024-12-06T11:54:21.457+0000] {taskinstance.py:2613} INFO - Dependencies all met for dep_context=non-requeueable deps ti=<TaskInstance: telemadrid_schedule_scraper_v2.scrape_telemadrid_schedule scheduled__2024-12-04T13:00:00+00:00 [queued]>
[2024-12-06T11:54:21.461+0000] {taskinstance.py:2613} INFO - Dependencies all met for dep_context=requeueable deps ti=<TaskInstance: telemadrid_schedule_scraper_v2.scrape_telemadrid_schedule scheduled__2024-12-04T13:00:00+00:00 [queued]>
[2024-12-06T11:54:21.461+0000] {taskinstance.py:2866} INFO - Starting attempt 1 of 5
[2024-12-06T11:54:21.467+0000] {taskinstance.py:2889} INFO - Executing <Task(_PythonDecoratedOperator): scrape_telemadrid_schedule> on 2024-12-04 13:00:00+00:00
[2024-12-06T11:54:21.470+0000] {warnings.py:112} WARNING - /home/***/.local/lib/python3.12/site-packages/***/task/task_runner/standard_task_runner.py:70: DeprecationWarning: This process (pid=97) is multi-threaded, use of fork() may lead to deadlocks in the child.
  pid = os.fork()

[2024-12-06T11:54:21.471+0000] {standard_task_runner.py:72} INFO - Started process 98 to run task
[2024-12-06T11:54:21.472+0000] {standard_task_runner.py:104} INFO - Running: ['***', 'tasks', 'run', 'telemadrid_schedule_scraper_v2', 'scrape_telemadrid_schedule', 'scheduled__2024-12-04T13:00:00+00:00', '--job-id', '919', '--raw', '--subdir', 'DAGS_FOLDER/dag_telemadrid_v2.py', '--cfg-path', '/tmp/tmpnoub4zo4']
[2024-12-06T11:54:21.473+0000] {standard_task_runner.py:105} INFO - Job 919: Subtask scrape_telemadrid_schedule
[2024-12-06T11:54:21.498+0000] {task_command.py:467} INFO - Running <TaskInstance: telemadrid_schedule_scraper_v2.scrape_telemadrid_schedule scheduled__2024-12-04T13:00:00+00:00 [running]> on host d88abb179e8d
[2024-12-06T11:54:21.535+0000] {taskinstance.py:3132} INFO - Exporting env vars: AIRFLOW_CTX_DAG_OWNER='***' AIRFLOW_CTX_DAG_ID='telemadrid_schedule_scraper_v2' AIRFLOW_CTX_TASK_ID='scrape_telemadrid_schedule' AIRFLOW_CTX_EXECUTION_DATE='2024-12-04T13:00:00+00:00' AIRFLOW_CTX_TRY_NUMBER='1' AIRFLOW_CTX_DAG_RUN_ID='scheduled__2024-12-04T13:00:00+00:00'
[2024-12-06T11:54:21.536+0000] {taskinstance.py:731} INFO - ::endgroup::
[2024-12-06T11:54:21.777+0000] {logging_mixin.py:190} INFO - Escrito el xmltv del canal "Telemadrid"
[2024-12-06T11:54:23.505+0000] {logging_mixin.py:190} INFO - Archivo actualizado correctamente.
[2024-12-06T11:54:23.506+0000] {python.py:240} INFO - Done. Returned value was: None
[2024-12-06T11:54:23.511+0000] {taskinstance.py:340} INFO - ::group::Post task execution logs
[2024-12-06T11:54:23.512+0000] {taskinstance.py:352} INFO - Marking task as SUCCESS. dag_id=telemadrid_schedule_scraper_v2, task_id=scrape_telemadrid_schedule, run_id=scheduled__2024-12-04T13:00:00+00:00, execution_date=20241204T130000, start_date=20241206T115421, end_date=20241206T115423
[2024-12-06T11:54:23.530+0000] {local_task_job_runner.py:266} INFO - Task exited with return code 0
[2024-12-06T11:54:23.543+0000] {taskinstance.py:3895} INFO - 1 downstream tasks scheduled from follow-on schedule check
[2024-12-06T11:54:23.545+0000] {local_task_job_runner.py:245} INFO - ::endgroup::
[2024-12-06T12:08:39.851+0000] {local_task_job_runner.py:123} INFO - ::group::Pre task execution logs
[2024-12-06T12:08:39.862+0000] {taskinstance.py:2613} INFO - Dependencies all met for dep_context=non-requeueable deps ti=<TaskInstance: telemadrid_schedule_scraper_v2.scrape_telemadrid_schedule scheduled__2024-12-04T13:00:00+00:00 [queued]>
[2024-12-06T12:08:39.866+0000] {taskinstance.py:2613} INFO - Dependencies all met for dep_context=requeueable deps ti=<TaskInstance: telemadrid_schedule_scraper_v2.scrape_telemadrid_schedule scheduled__2024-12-04T13:00:00+00:00 [queued]>
[2024-12-06T12:08:39.867+0000] {taskinstance.py:2866} INFO - Starting attempt 1 of 5
[2024-12-06T12:08:39.873+0000] {taskinstance.py:2889} INFO - Executing <Task(_PythonDecoratedOperator): scrape_telemadrid_schedule> on 2024-12-04 13:00:00+00:00
[2024-12-06T12:08:39.877+0000] {warnings.py:112} WARNING - /home/***/.local/lib/python3.12/site-packages/***/task/task_runner/standard_task_runner.py:70: DeprecationWarning: This process (pid=118) is multi-threaded, use of fork() may lead to deadlocks in the child.
  pid = os.fork()

[2024-12-06T12:08:39.878+0000] {standard_task_runner.py:72} INFO - Started process 119 to run task
[2024-12-06T12:08:39.878+0000] {standard_task_runner.py:104} INFO - Running: ['***', 'tasks', 'run', 'telemadrid_schedule_scraper_v2', 'scrape_telemadrid_schedule', 'scheduled__2024-12-04T13:00:00+00:00', '--job-id', '928', '--raw', '--subdir', 'DAGS_FOLDER/dag_telemadrid_v2.py', '--cfg-path', '/tmp/tmpmcop2_22']
[2024-12-06T12:08:39.879+0000] {standard_task_runner.py:105} INFO - Job 928: Subtask scrape_telemadrid_schedule
[2024-12-06T12:08:39.904+0000] {task_command.py:467} INFO - Running <TaskInstance: telemadrid_schedule_scraper_v2.scrape_telemadrid_schedule scheduled__2024-12-04T13:00:00+00:00 [running]> on host d88abb179e8d
[2024-12-06T12:08:39.944+0000] {taskinstance.py:3132} INFO - Exporting env vars: AIRFLOW_CTX_DAG_OWNER='***' AIRFLOW_CTX_DAG_ID='telemadrid_schedule_scraper_v2' AIRFLOW_CTX_TASK_ID='scrape_telemadrid_schedule' AIRFLOW_CTX_EXECUTION_DATE='2024-12-04T13:00:00+00:00' AIRFLOW_CTX_TRY_NUMBER='1' AIRFLOW_CTX_DAG_RUN_ID='scheduled__2024-12-04T13:00:00+00:00'
[2024-12-06T12:08:39.945+0000] {taskinstance.py:731} INFO - ::endgroup::
[2024-12-06T12:08:40.185+0000] {logging_mixin.py:190} INFO - Escrito el xmltv del canal "Telemadrid"
[2024-12-06T12:08:42.013+0000] {logging_mixin.py:190} INFO - Archivo actualizado correctamente.
[2024-12-06T12:08:42.014+0000] {python.py:240} INFO - Done. Returned value was: None
[2024-12-06T12:08:42.019+0000] {taskinstance.py:340} INFO - ::group::Post task execution logs
[2024-12-06T12:08:42.020+0000] {taskinstance.py:352} INFO - Marking task as SUCCESS. dag_id=telemadrid_schedule_scraper_v2, task_id=scrape_telemadrid_schedule, run_id=scheduled__2024-12-04T13:00:00+00:00, execution_date=20241204T130000, start_date=20241206T120839, end_date=20241206T120842
[2024-12-06T12:08:42.057+0000] {local_task_job_runner.py:266} INFO - Task exited with return code 0
[2024-12-06T12:08:42.070+0000] {taskinstance.py:3895} INFO - 1 downstream tasks scheduled from follow-on schedule check
[2024-12-06T12:08:42.072+0000] {local_task_job_runner.py:245} INFO - ::endgroup::
[2024-12-06T12:09:20.225+0000] {local_task_job_runner.py:123} INFO - ::group::Pre task execution logs
[2024-12-06T12:09:20.234+0000] {taskinstance.py:2613} INFO - Dependencies all met for dep_context=non-requeueable deps ti=<TaskInstance: telemadrid_schedule_scraper_v2.scrape_telemadrid_schedule scheduled__2024-12-04T13:00:00+00:00 [queued]>
[2024-12-06T12:09:20.238+0000] {taskinstance.py:2613} INFO - Dependencies all met for dep_context=requeueable deps ti=<TaskInstance: telemadrid_schedule_scraper_v2.scrape_telemadrid_schedule scheduled__2024-12-04T13:00:00+00:00 [queued]>
[2024-12-06T12:09:20.238+0000] {taskinstance.py:2866} INFO - Starting attempt 1 of 5
[2024-12-06T12:09:20.244+0000] {taskinstance.py:2889} INFO - Executing <Task(_PythonDecoratedOperator): scrape_telemadrid_schedule> on 2024-12-04 13:00:00+00:00
[2024-12-06T12:09:20.248+0000] {warnings.py:112} WARNING - /home/***/.local/lib/python3.12/site-packages/***/task/task_runner/standard_task_runner.py:70: DeprecationWarning: This process (pid=134) is multi-threaded, use of fork() may lead to deadlocks in the child.
  pid = os.fork()

[2024-12-06T12:09:20.249+0000] {standard_task_runner.py:72} INFO - Started process 135 to run task
[2024-12-06T12:09:20.249+0000] {standard_task_runner.py:104} INFO - Running: ['***', 'tasks', 'run', 'telemadrid_schedule_scraper_v2', 'scrape_telemadrid_schedule', 'scheduled__2024-12-04T13:00:00+00:00', '--job-id', '931', '--raw', '--subdir', 'DAGS_FOLDER/dag_telemadrid_v2.py', '--cfg-path', '/tmp/tmp64vn1w4o']
[2024-12-06T12:09:20.250+0000] {standard_task_runner.py:105} INFO - Job 931: Subtask scrape_telemadrid_schedule
[2024-12-06T12:09:20.274+0000] {task_command.py:467} INFO - Running <TaskInstance: telemadrid_schedule_scraper_v2.scrape_telemadrid_schedule scheduled__2024-12-04T13:00:00+00:00 [running]> on host d88abb179e8d
[2024-12-06T12:09:20.309+0000] {taskinstance.py:3132} INFO - Exporting env vars: AIRFLOW_CTX_DAG_OWNER='***' AIRFLOW_CTX_DAG_ID='telemadrid_schedule_scraper_v2' AIRFLOW_CTX_TASK_ID='scrape_telemadrid_schedule' AIRFLOW_CTX_EXECUTION_DATE='2024-12-04T13:00:00+00:00' AIRFLOW_CTX_TRY_NUMBER='1' AIRFLOW_CTX_DAG_RUN_ID='scheduled__2024-12-04T13:00:00+00:00'
[2024-12-06T12:09:20.310+0000] {taskinstance.py:731} INFO - ::endgroup::
[2024-12-06T12:09:20.527+0000] {logging_mixin.py:190} INFO - Escrito el xmltv del canal "Telemadrid"
[2024-12-06T12:09:22.309+0000] {logging_mixin.py:190} INFO - Archivo actualizado correctamente.
[2024-12-06T12:09:22.310+0000] {python.py:240} INFO - Done. Returned value was: None
[2024-12-06T12:09:22.319+0000] {taskinstance.py:340} INFO - ::group::Post task execution logs
[2024-12-06T12:09:22.319+0000] {taskinstance.py:352} INFO - Marking task as SUCCESS. dag_id=telemadrid_schedule_scraper_v2, task_id=scrape_telemadrid_schedule, run_id=scheduled__2024-12-04T13:00:00+00:00, execution_date=20241204T130000, start_date=20241206T120920, end_date=20241206T120922
[2024-12-06T12:09:22.347+0000] {local_task_job_runner.py:266} INFO - Task exited with return code 0
[2024-12-06T12:09:22.360+0000] {taskinstance.py:3895} INFO - 1 downstream tasks scheduled from follow-on schedule check
[2024-12-06T12:09:22.361+0000] {local_task_job_runner.py:245} INFO - ::endgroup::
[2024-12-06T12:14:08.816+0000] {local_task_job_runner.py:123} INFO - ::group::Pre task execution logs
[2024-12-06T12:14:08.825+0000] {taskinstance.py:2613} INFO - Dependencies all met for dep_context=non-requeueable deps ti=<TaskInstance: telemadrid_schedule_scraper_v2.scrape_telemadrid_schedule scheduled__2024-12-04T13:00:00+00:00 [queued]>
[2024-12-06T12:14:08.829+0000] {taskinstance.py:2613} INFO - Dependencies all met for dep_context=requeueable deps ti=<TaskInstance: telemadrid_schedule_scraper_v2.scrape_telemadrid_schedule scheduled__2024-12-04T13:00:00+00:00 [queued]>
[2024-12-06T12:14:08.830+0000] {taskinstance.py:2866} INFO - Starting attempt 1 of 5
[2024-12-06T12:14:08.836+0000] {taskinstance.py:2889} INFO - Executing <Task(_PythonDecoratedOperator): scrape_telemadrid_schedule> on 2024-12-04 13:00:00+00:00
[2024-12-06T12:14:08.840+0000] {warnings.py:112} WARNING - /home/***/.local/lib/python3.12/site-packages/***/task/task_runner/standard_task_runner.py:70: DeprecationWarning: This process (pid=111) is multi-threaded, use of fork() may lead to deadlocks in the child.
  pid = os.fork()

[2024-12-06T12:14:08.840+0000] {standard_task_runner.py:72} INFO - Started process 112 to run task
[2024-12-06T12:14:08.841+0000] {standard_task_runner.py:104} INFO - Running: ['***', 'tasks', 'run', 'telemadrid_schedule_scraper_v2', 'scrape_telemadrid_schedule', 'scheduled__2024-12-04T13:00:00+00:00', '--job-id', '938', '--raw', '--subdir', 'DAGS_FOLDER/dag_telemadrid_v2.py', '--cfg-path', '/tmp/tmp__fnlzlw']
[2024-12-06T12:14:08.842+0000] {standard_task_runner.py:105} INFO - Job 938: Subtask scrape_telemadrid_schedule
[2024-12-06T12:14:08.865+0000] {task_command.py:467} INFO - Running <TaskInstance: telemadrid_schedule_scraper_v2.scrape_telemadrid_schedule scheduled__2024-12-04T13:00:00+00:00 [running]> on host d88abb179e8d
[2024-12-06T12:14:08.902+0000] {taskinstance.py:3132} INFO - Exporting env vars: AIRFLOW_CTX_DAG_OWNER='***' AIRFLOW_CTX_DAG_ID='telemadrid_schedule_scraper_v2' AIRFLOW_CTX_TASK_ID='scrape_telemadrid_schedule' AIRFLOW_CTX_EXECUTION_DATE='2024-12-04T13:00:00+00:00' AIRFLOW_CTX_TRY_NUMBER='1' AIRFLOW_CTX_DAG_RUN_ID='scheduled__2024-12-04T13:00:00+00:00'
[2024-12-06T12:14:08.903+0000] {taskinstance.py:731} INFO - ::endgroup::
[2024-12-06T12:14:09.126+0000] {logging_mixin.py:190} INFO - Escrito el xmltv del canal "Telemadrid"
[2024-12-06T12:14:10.849+0000] {logging_mixin.py:190} INFO - Archivo actualizado correctamente.
[2024-12-06T12:14:10.850+0000] {python.py:240} INFO - Done. Returned value was: None
[2024-12-06T12:14:10.856+0000] {taskinstance.py:340} INFO - ::group::Post task execution logs
[2024-12-06T12:14:10.857+0000] {taskinstance.py:352} INFO - Marking task as SUCCESS. dag_id=telemadrid_schedule_scraper_v2, task_id=scrape_telemadrid_schedule, run_id=scheduled__2024-12-04T13:00:00+00:00, execution_date=20241204T130000, start_date=20241206T121408, end_date=20241206T121410
[2024-12-06T12:14:10.899+0000] {local_task_job_runner.py:266} INFO - Task exited with return code 0
[2024-12-06T12:14:10.912+0000] {taskinstance.py:3895} INFO - 1 downstream tasks scheduled from follow-on schedule check
[2024-12-06T12:14:10.913+0000] {local_task_job_runner.py:245} INFO - ::endgroup::
[2024-12-06T12:57:43.285+0000] {local_task_job_runner.py:123} INFO - ::group::Pre task execution logs
[2024-12-06T12:57:43.295+0000] {taskinstance.py:2613} INFO - Dependencies all met for dep_context=non-requeueable deps ti=<TaskInstance: telemadrid_schedule_scraper_v2.scrape_telemadrid_schedule scheduled__2024-12-04T13:00:00+00:00 [queued]>
[2024-12-06T12:57:43.300+0000] {taskinstance.py:2613} INFO - Dependencies all met for dep_context=requeueable deps ti=<TaskInstance: telemadrid_schedule_scraper_v2.scrape_telemadrid_schedule scheduled__2024-12-04T13:00:00+00:00 [queued]>
[2024-12-06T12:57:43.300+0000] {taskinstance.py:2866} INFO - Starting attempt 1 of 5
[2024-12-06T12:57:43.307+0000] {taskinstance.py:2889} INFO - Executing <Task(_PythonDecoratedOperator): scrape_telemadrid_schedule> on 2024-12-04 13:00:00+00:00
[2024-12-06T12:57:43.311+0000] {warnings.py:112} WARNING - /home/***/.local/lib/python3.12/site-packages/***/task/task_runner/standard_task_runner.py:70: DeprecationWarning: This process (pid=125) is multi-threaded, use of fork() may lead to deadlocks in the child.
  pid = os.fork()

[2024-12-06T12:57:43.311+0000] {standard_task_runner.py:72} INFO - Started process 126 to run task
[2024-12-06T12:57:43.312+0000] {standard_task_runner.py:104} INFO - Running: ['***', 'tasks', 'run', 'telemadrid_schedule_scraper_v2', 'scrape_telemadrid_schedule', 'scheduled__2024-12-04T13:00:00+00:00', '--job-id', '1160', '--raw', '--subdir', 'DAGS_FOLDER/dag_telemadrid_v2.py', '--cfg-path', '/tmp/tmp4isn_0dc']
[2024-12-06T12:57:43.313+0000] {standard_task_runner.py:105} INFO - Job 1160: Subtask scrape_telemadrid_schedule
[2024-12-06T12:57:43.341+0000] {task_command.py:467} INFO - Running <TaskInstance: telemadrid_schedule_scraper_v2.scrape_telemadrid_schedule scheduled__2024-12-04T13:00:00+00:00 [running]> on host 01ebcafa06b4
[2024-12-06T12:57:43.382+0000] {taskinstance.py:3132} INFO - Exporting env vars: AIRFLOW_CTX_DAG_OWNER='***' AIRFLOW_CTX_DAG_ID='telemadrid_schedule_scraper_v2' AIRFLOW_CTX_TASK_ID='scrape_telemadrid_schedule' AIRFLOW_CTX_EXECUTION_DATE='2024-12-04T13:00:00+00:00' AIRFLOW_CTX_TRY_NUMBER='1' AIRFLOW_CTX_DAG_RUN_ID='scheduled__2024-12-04T13:00:00+00:00'
[2024-12-06T12:57:43.383+0000] {taskinstance.py:731} INFO - ::endgroup::
[2024-12-06T12:57:43.620+0000] {logging_mixin.py:190} INFO - Escrito el xmltv del canal "Telemadrid"
[2024-12-06T12:57:45.424+0000] {logging_mixin.py:190} INFO - Archivo actualizado correctamente.
[2024-12-06T12:57:45.425+0000] {python.py:240} INFO - Done. Returned value was: None
[2024-12-06T12:57:45.432+0000] {taskinstance.py:340} INFO - ::group::Post task execution logs
[2024-12-06T12:57:45.432+0000] {taskinstance.py:352} INFO - Marking task as SUCCESS. dag_id=telemadrid_schedule_scraper_v2, task_id=scrape_telemadrid_schedule, run_id=scheduled__2024-12-04T13:00:00+00:00, execution_date=20241204T130000, start_date=20241206T125743, end_date=20241206T125745
[2024-12-06T12:57:45.451+0000] {local_task_job_runner.py:266} INFO - Task exited with return code 0
[2024-12-06T12:57:45.463+0000] {taskinstance.py:3895} INFO - 1 downstream tasks scheduled from follow-on schedule check
[2024-12-06T12:57:45.465+0000] {local_task_job_runner.py:245} INFO - ::endgroup::
