[2024-12-08T10:02:11.392+0000] {local_task_job_runner.py:123} INFO - ::group::Pre task execution logs
[2024-12-08T10:02:11.401+0000] {taskinstance.py:2613} INFO - Dependencies all met for dep_context=non-requeueable deps ti=<TaskInstance: mediaset_schedule_scraper.scrape_mediaset_schedule scheduled__2024-12-07T23:30:00+00:00 [queued]>
[2024-12-08T10:02:11.405+0000] {taskinstance.py:2613} INFO - Dependencies all met for dep_context=requeueable deps ti=<TaskInstance: mediaset_schedule_scraper.scrape_mediaset_schedule scheduled__2024-12-07T23:30:00+00:00 [queued]>
[2024-12-08T10:02:11.406+0000] {taskinstance.py:2866} INFO - Starting attempt 1 of 5
[2024-12-08T10:02:11.412+0000] {taskinstance.py:2889} INFO - Executing <Task(_PythonDecoratedOperator): scrape_mediaset_schedule> on 2024-12-07 23:30:00+00:00
[2024-12-08T10:02:11.415+0000] {warnings.py:112} WARNING - /home/***/.local/lib/python3.12/site-packages/***/task/task_runner/standard_task_runner.py:70: DeprecationWarning: This process (pid=98) is multi-threaded, use of fork() may lead to deadlocks in the child.
  pid = os.fork()

[2024-12-08T10:02:11.416+0000] {standard_task_runner.py:72} INFO - Started process 106 to run task
[2024-12-08T10:02:11.416+0000] {standard_task_runner.py:104} INFO - Running: ['***', 'tasks', 'run', 'mediaset_schedule_scraper', 'scrape_mediaset_schedule', 'scheduled__2024-12-07T23:30:00+00:00', '--job-id', '2107', '--raw', '--subdir', 'DAGS_FOLDER/dag_mediaset.py', '--cfg-path', '/tmp/tmph6dx3lvy']
[2024-12-08T10:02:11.418+0000] {standard_task_runner.py:105} INFO - Job 2107: Subtask scrape_mediaset_schedule
[2024-12-08T10:02:11.450+0000] {task_command.py:467} INFO - Running <TaskInstance: mediaset_schedule_scraper.scrape_mediaset_schedule scheduled__2024-12-07T23:30:00+00:00 [running]> on host b605548c7b8b
[2024-12-08T10:02:11.496+0000] {taskinstance.py:3132} INFO - Exporting env vars: AIRFLOW_CTX_DAG_OWNER='***' AIRFLOW_CTX_DAG_ID='mediaset_schedule_scraper' AIRFLOW_CTX_TASK_ID='scrape_mediaset_schedule' AIRFLOW_CTX_EXECUTION_DATE='2024-12-07T23:30:00+00:00' AIRFLOW_CTX_TRY_NUMBER='1' AIRFLOW_CTX_DAG_RUN_ID='scheduled__2024-12-07T23:30:00+00:00'
[2024-12-08T10:02:11.497+0000] {taskinstance.py:731} INFO - ::endgroup::
[2024-12-08T10:02:15.130+0000] {logging_mixin.py:190} INFO - Generando XML para el canal Telecinco
[2024-12-08T10:02:15.134+0000] {logging_mixin.py:190} INFO - Escrito el xml del canal "Telecinco"
[2024-12-08T10:02:16.726+0000] {logging_mixin.py:190} INFO - Archivo actualizado correctamente.
[2024-12-08T10:02:16.727+0000] {logging_mixin.py:190} INFO - Generando XML para el canal Cuatro
[2024-12-08T10:02:16.731+0000] {logging_mixin.py:190} INFO - Escrito el xml del canal "Cuatro"
[2024-12-08T10:02:19.759+0000] {logging_mixin.py:190} INFO - Error: 422 {"message": "Invalid request.\n\n\"sha\" wasn't supplied.", "documentation_url": "https://docs.github.com/rest/repos/contents#create-or-update-file-contents", "status": "422"}
[2024-12-08T10:02:19.760+0000] {logging_mixin.py:190} INFO - Generando XML para el canal Gh 24h plus
[2024-12-08T10:02:19.763+0000] {logging_mixin.py:190} INFO - Escrito el xml del canal "Gh 24h plus"
[2024-12-08T10:02:21.357+0000] {logging_mixin.py:190} INFO - Archivo actualizado correctamente.
[2024-12-08T10:02:21.358+0000] {logging_mixin.py:190} INFO - Generando XML para el canal Gh 24h
[2024-12-08T10:02:21.362+0000] {logging_mixin.py:190} INFO - Escrito el xml del canal "Gh 24h"
[2024-12-08T10:02:23.086+0000] {logging_mixin.py:190} INFO - Archivo actualizado correctamente.
[2024-12-08T10:02:23.087+0000] {logging_mixin.py:190} INFO - Generando XML para el canal Mitele en la calle
[2024-12-08T10:02:23.092+0000] {logging_mixin.py:190} INFO - Escrito el xml del canal "Mitele en la calle"
[2024-12-08T10:02:26.074+0000] {logging_mixin.py:190} INFO - Error: 422 {"message": "Invalid request.\n\n\"sha\" wasn't supplied.", "documentation_url": "https://docs.github.com/rest/repos/contents#create-or-update-file-contents", "status": "422"}
[2024-12-08T10:02:26.074+0000] {logging_mixin.py:190} INFO - Generando XML para el canal Mitele viajes
[2024-12-08T10:02:26.077+0000] {logging_mixin.py:190} INFO - Escrito el xml del canal "Mitele viajes"
[2024-12-08T10:02:27.755+0000] {logging_mixin.py:190} INFO - Archivo actualizado correctamente.
[2024-12-08T10:02:27.756+0000] {logging_mixin.py:190} INFO - Generando XML para el canal Mitele plus lqsa
[2024-12-08T10:02:27.759+0000] {logging_mixin.py:190} INFO - Escrito el xml del canal "Mitele plus lqsa"
[2024-12-08T10:02:29.544+0000] {logging_mixin.py:190} INFO - Archivo actualizado correctamente.
[2024-12-08T10:02:29.545+0000] {logging_mixin.py:190} INFO - Generando XML para el canal Mitele comedia
[2024-12-08T10:02:29.548+0000] {logging_mixin.py:190} INFO - Escrito el xml del canal "Mitele comedia"
[2024-12-08T10:02:31.214+0000] {logging_mixin.py:190} INFO - Archivo actualizado correctamente.
[2024-12-08T10:02:31.214+0000] {logging_mixin.py:190} INFO - Generando XML para el canal Mitele top series
[2024-12-08T10:02:31.217+0000] {logging_mixin.py:190} INFO - Escrito el xml del canal "Mitele top series"
[2024-12-08T10:02:32.953+0000] {logging_mixin.py:190} INFO - Archivo actualizado correctamente.
[2024-12-08T10:02:32.954+0000] {logging_mixin.py:190} INFO - Generando XML para el canal Divinity
[2024-12-08T10:02:32.961+0000] {logging_mixin.py:190} INFO - Escrito el xml del canal "Divinity"
[2024-12-08T10:02:34.864+0000] {logging_mixin.py:190} INFO - Archivo actualizado correctamente.
[2024-12-08T10:02:34.865+0000] {logging_mixin.py:190} INFO - Generando XML para el canal Fdf
[2024-12-08T10:02:34.869+0000] {logging_mixin.py:190} INFO - Escrito el xml del canal "Fdf"
[2024-12-08T10:02:36.530+0000] {logging_mixin.py:190} INFO - Archivo actualizado correctamente.
[2024-12-08T10:02:36.530+0000] {logging_mixin.py:190} INFO - Generando XML para el canal Energy
[2024-12-08T10:02:36.535+0000] {logging_mixin.py:190} INFO - Escrito el xml del canal "Energy"
[2024-12-08T10:02:38.535+0000] {logging_mixin.py:190} INFO - Archivo actualizado correctamente.
[2024-12-08T10:02:38.536+0000] {logging_mixin.py:190} INFO - Generando XML para el canal Bemad
[2024-12-08T10:02:38.539+0000] {logging_mixin.py:190} INFO - Escrito el xml del canal "Bemad"
[2024-12-08T10:02:40.204+0000] {logging_mixin.py:190} INFO - Archivo actualizado correctamente.
[2024-12-08T10:02:40.205+0000] {logging_mixin.py:190} INFO - Generando XML para el canal Boing
[2024-12-08T10:02:40.210+0000] {logging_mixin.py:190} INFO - Escrito el xml del canal "Boing"
[2024-12-08T10:02:42.229+0000] {logging_mixin.py:190} INFO - Archivo actualizado correctamente.
[2024-12-08T10:02:42.230+0000] {logging_mixin.py:190} INFO - Generando XML para el canal Acontraplus
[2024-12-08T10:02:42.235+0000] {logging_mixin.py:190} INFO - Escrito el xml del canal "Acontraplus"
[2024-12-08T10:02:43.909+0000] {logging_mixin.py:190} INFO - Archivo actualizado correctamente.
[2024-12-08T10:02:43.910+0000] {logging_mixin.py:190} INFO - Generando XML para el canal Fight sports
[2024-12-08T10:02:43.915+0000] {logging_mixin.py:190} INFO - Escrito el xml del canal "Fight sports"
[2024-12-08T10:02:45.740+0000] {logging_mixin.py:190} INFO - Archivo actualizado correctamente.
[2024-12-08T10:02:45.741+0000] {logging_mixin.py:190} INFO - Generando XML para el canal Mtmad 24h
[2024-12-08T10:02:45.744+0000] {logging_mixin.py:190} INFO - Escrito el xml del canal "Mtmad 24h"
[2024-12-08T10:02:47.480+0000] {logging_mixin.py:190} INFO - Archivo actualizado correctamente.
[2024-12-08T10:02:47.481+0000] {python.py:240} INFO - Done. Returned value was: None
[2024-12-08T10:02:47.487+0000] {taskinstance.py:340} INFO - ::group::Post task execution logs
[2024-12-08T10:02:47.488+0000] {taskinstance.py:352} INFO - Marking task as SUCCESS. dag_id=mediaset_schedule_scraper, task_id=scrape_mediaset_schedule, run_id=scheduled__2024-12-07T23:30:00+00:00, execution_date=20241207T233000, start_date=20241208T100211, end_date=20241208T100247
[2024-12-08T10:02:47.528+0000] {local_task_job_runner.py:266} INFO - Task exited with return code 0
[2024-12-08T10:02:47.541+0000] {taskinstance.py:3895} INFO - 1 downstream tasks scheduled from follow-on schedule check
[2024-12-08T10:02:47.542+0000] {local_task_job_runner.py:245} INFO - ::endgroup::
