[2024-12-09T15:20:03.643+0000] {local_task_job_runner.py:123} INFO - ::group::Pre task execution logs
[2024-12-09T15:20:03.651+0000] {taskinstance.py:2613} INFO - Dependencies all met for dep_context=non-requeueable deps ti=<TaskInstance: rtve_schedule_scraper.scrape_rtve_task scheduled__2024-12-09T05:30:00+00:00 [queued]>
[2024-12-09T15:20:03.655+0000] {taskinstance.py:2613} INFO - Dependencies all met for dep_context=requeueable deps ti=<TaskInstance: rtve_schedule_scraper.scrape_rtve_task scheduled__2024-12-09T05:30:00+00:00 [queued]>
[2024-12-09T15:20:03.655+0000] {taskinstance.py:2866} INFO - Starting attempt 4 of 6
[2024-12-09T15:20:03.662+0000] {taskinstance.py:2889} INFO - Executing <Task(_PythonDecoratedOperator): scrape_rtve_task> on 2024-12-09 05:30:00+00:00
[2024-12-09T15:20:03.666+0000] {warnings.py:112} WARNING - /home/***/.local/lib/python3.12/site-packages/***/task/task_runner/standard_task_runner.py:70: DeprecationWarning: This process (pid=513) is multi-threaded, use of fork() may lead to deadlocks in the child.
  pid = os.fork()

[2024-12-09T15:20:03.666+0000] {standard_task_runner.py:72} INFO - Started process 514 to run task
[2024-12-09T15:20:03.667+0000] {standard_task_runner.py:104} INFO - Running: ['***', 'tasks', 'run', 'rtve_schedule_scraper', 'scrape_rtve_task', 'scheduled__2024-12-09T05:30:00+00:00', '--job-id', '2218', '--raw', '--subdir', 'DAGS_FOLDER/dag_rtve_selenium.py', '--cfg-path', '/tmp/tmp0r8xpsbt']
[2024-12-09T15:20:03.668+0000] {standard_task_runner.py:105} INFO - Job 2218: Subtask scrape_rtve_task
[2024-12-09T15:20:03.691+0000] {task_command.py:467} INFO - Running <TaskInstance: rtve_schedule_scraper.scrape_rtve_task scheduled__2024-12-09T05:30:00+00:00 [running]> on host b605548c7b8b
[2024-12-09T15:20:03.731+0000] {taskinstance.py:3132} INFO - Exporting env vars: AIRFLOW_CTX_DAG_OWNER='***' AIRFLOW_CTX_DAG_ID='rtve_schedule_scraper' AIRFLOW_CTX_TASK_ID='scrape_rtve_task' AIRFLOW_CTX_EXECUTION_DATE='2024-12-09T05:30:00+00:00' AIRFLOW_CTX_TRY_NUMBER='4' AIRFLOW_CTX_DAG_RUN_ID='scheduled__2024-12-09T05:30:00+00:00'
[2024-12-09T15:20:03.732+0000] {taskinstance.py:731} INFO - ::endgroup::
[2024-12-09T15:20:10.925+0000] {logging_mixin.py:190} INFO - Archivo actualizado correctamente.
[2024-12-09T15:20:10.926+0000] {logging_mixin.py:190} INFO - Escrito el xmltv del canal "La 1"
[2024-12-09T15:20:13.082+0000] {logging_mixin.py:190} INFO - Archivo actualizado correctamente.
[2024-12-09T15:20:13.083+0000] {logging_mixin.py:190} INFO - Escrito el xmltv del canal "La 2"
[2024-12-09T15:20:15.300+0000] {logging_mixin.py:190} INFO - Archivo actualizado correctamente.
[2024-12-09T15:20:15.301+0000] {logging_mixin.py:190} INFO - Escrito el xmltv del canal "Teledeporte"
[2024-12-09T15:20:17.422+0000] {logging_mixin.py:190} INFO - Archivo actualizado correctamente.
[2024-12-09T15:20:17.423+0000] {logging_mixin.py:190} INFO - Escrito el xmltv del canal "24 horas"
[2024-12-09T15:20:19.622+0000] {logging_mixin.py:190} INFO - Archivo actualizado correctamente.
[2024-12-09T15:20:19.623+0000] {logging_mixin.py:190} INFO - Escrito el xmltv del canal "Clan"
[2024-12-09T15:20:19.749+0000] {python.py:240} INFO - Done. Returned value was: None
[2024-12-09T15:20:19.755+0000] {taskinstance.py:340} INFO - ::group::Post task execution logs
[2024-12-09T15:20:19.755+0000] {taskinstance.py:352} INFO - Marking task as SUCCESS. dag_id=rtve_schedule_scraper, task_id=scrape_rtve_task, run_id=scheduled__2024-12-09T05:30:00+00:00, execution_date=20241209T053000, start_date=20241209T152003, end_date=20241209T152019
[2024-12-09T15:20:19.787+0000] {local_task_job_runner.py:266} INFO - Task exited with return code 0
[2024-12-09T15:20:19.800+0000] {taskinstance.py:3895} INFO - 1 downstream tasks scheduled from follow-on schedule check
[2024-12-09T15:20:19.801+0000] {local_task_job_runner.py:245} INFO - ::endgroup::
