[2024-12-08T23:52:33.164+0000] {local_task_job_runner.py:123} INFO - ::group::Pre task execution logs
[2024-12-08T23:52:33.173+0000] {taskinstance.py:2613} INFO - Dependencies all met for dep_context=non-requeueable deps ti=<TaskInstance: mediaset_schedule_scraper.scrape_mediaset_schedule scheduled__2024-12-08T11:30:00+00:00 [queued]>
[2024-12-08T23:52:33.180+0000] {taskinstance.py:2613} INFO - Dependencies all met for dep_context=requeueable deps ti=<TaskInstance: mediaset_schedule_scraper.scrape_mediaset_schedule scheduled__2024-12-08T11:30:00+00:00 [queued]>
[2024-12-08T23:52:33.180+0000] {taskinstance.py:2866} INFO - Starting attempt 1 of 5
[2024-12-08T23:52:33.191+0000] {taskinstance.py:2889} INFO - Executing <Task(_PythonDecoratedOperator): scrape_mediaset_schedule> on 2024-12-08 11:30:00+00:00
[2024-12-08T23:52:33.197+0000] {warnings.py:112} WARNING - /home/***/.local/lib/python3.12/site-packages/***/task/task_runner/standard_task_runner.py:70: DeprecationWarning: This process (pid=97) is multi-threaded, use of fork() may lead to deadlocks in the child.
  pid = os.fork()

[2024-12-08T23:52:33.199+0000] {standard_task_runner.py:72} INFO - Started process 120 to run task
[2024-12-08T23:52:33.199+0000] {standard_task_runner.py:104} INFO - Running: ['***', 'tasks', 'run', 'mediaset_schedule_scraper', 'scrape_mediaset_schedule', 'scheduled__2024-12-08T11:30:00+00:00', '--job-id', '2151', '--raw', '--subdir', 'DAGS_FOLDER/dag_mediaset.py', '--cfg-path', '/tmp/tmpkg8wp3ay']
[2024-12-08T23:52:33.202+0000] {standard_task_runner.py:105} INFO - Job 2151: Subtask scrape_mediaset_schedule
[2024-12-08T23:52:33.246+0000] {task_command.py:467} INFO - Running <TaskInstance: mediaset_schedule_scraper.scrape_mediaset_schedule scheduled__2024-12-08T11:30:00+00:00 [running]> on host b605548c7b8b
[2024-12-08T23:52:33.312+0000] {taskinstance.py:3132} INFO - Exporting env vars: AIRFLOW_CTX_DAG_OWNER='***' AIRFLOW_CTX_DAG_ID='mediaset_schedule_scraper' AIRFLOW_CTX_TASK_ID='scrape_mediaset_schedule' AIRFLOW_CTX_EXECUTION_DATE='2024-12-08T11:30:00+00:00' AIRFLOW_CTX_TRY_NUMBER='1' AIRFLOW_CTX_DAG_RUN_ID='scheduled__2024-12-08T11:30:00+00:00'
[2024-12-08T23:52:33.314+0000] {taskinstance.py:731} INFO - ::endgroup::
[2024-12-08T23:52:36.090+0000] {logging_mixin.py:190} INFO - Generando XML para el canal Telecinco
[2024-12-08T23:52:36.094+0000] {logging_mixin.py:190} INFO - Escrito el xml del canal "Telecinco"
[2024-12-08T23:52:39.050+0000] {logging_mixin.py:190} INFO - Error: 422 {"message": "Invalid request.\n\n\"sha\" wasn't supplied.", "documentation_url": "https://docs.github.com/rest/repos/contents#create-or-update-file-contents", "status": "422"}
[2024-12-08T23:52:39.051+0000] {logging_mixin.py:190} INFO - Generando XML para el canal Cuatro
[2024-12-08T23:52:39.053+0000] {logging_mixin.py:190} INFO - Escrito el xml del canal "Cuatro"
[2024-12-08T23:52:42.079+0000] {logging_mixin.py:190} INFO - Error: 422 {"message": "Invalid request.\n\n\"sha\" wasn't supplied.", "documentation_url": "https://docs.github.com/rest/repos/contents#create-or-update-file-contents", "status": "422"}
[2024-12-08T23:52:42.080+0000] {logging_mixin.py:190} INFO - Generando XML para el canal Gh 24h plus
[2024-12-08T23:52:42.082+0000] {logging_mixin.py:190} INFO - Escrito el xml del canal "Gh 24h plus"
[2024-12-08T23:52:43.642+0000] {logging_mixin.py:190} INFO - Archivo actualizado correctamente.
[2024-12-08T23:52:43.643+0000] {logging_mixin.py:190} INFO - Generando XML para el canal Gh 24h
[2024-12-08T23:52:43.644+0000] {logging_mixin.py:190} INFO - Escrito el xml del canal "Gh 24h"
[2024-12-08T23:52:45.319+0000] {logging_mixin.py:190} INFO - Archivo actualizado correctamente.
[2024-12-08T23:52:45.319+0000] {logging_mixin.py:190} INFO - Generando XML para el canal Mitele en la calle
[2024-12-08T23:52:45.322+0000] {logging_mixin.py:190} INFO - Escrito el xml del canal "Mitele en la calle"
[2024-12-08T23:52:48.201+0000] {logging_mixin.py:190} INFO - Error: 422 {"message": "Invalid request.\n\n\"sha\" wasn't supplied.", "documentation_url": "https://docs.github.com/rest/repos/contents#create-or-update-file-contents", "status": "422"}
[2024-12-08T23:52:48.202+0000] {logging_mixin.py:190} INFO - Generando XML para el canal Mitele viajes
[2024-12-08T23:52:48.205+0000] {logging_mixin.py:190} INFO - Escrito el xml del canal "Mitele viajes"
[2024-12-08T23:52:49.901+0000] {logging_mixin.py:190} INFO - Archivo actualizado correctamente.
[2024-12-08T23:52:49.902+0000] {logging_mixin.py:190} INFO - Generando XML para el canal Mitele plus lqsa
[2024-12-08T23:52:49.905+0000] {logging_mixin.py:190} INFO - Escrito el xml del canal "Mitele plus lqsa"
[2024-12-08T23:52:51.495+0000] {logging_mixin.py:190} INFO - Archivo actualizado correctamente.
[2024-12-08T23:52:51.495+0000] {logging_mixin.py:190} INFO - Generando XML para el canal Mitele comedia
[2024-12-08T23:52:51.498+0000] {logging_mixin.py:190} INFO - Escrito el xml del canal "Mitele comedia"
[2024-12-08T23:52:53.101+0000] {logging_mixin.py:190} INFO - Archivo actualizado correctamente.
[2024-12-08T23:52:53.101+0000] {logging_mixin.py:190} INFO - Generando XML para el canal Mitele top series
[2024-12-08T23:52:53.104+0000] {logging_mixin.py:190} INFO - Escrito el xml del canal "Mitele top series"
[2024-12-08T23:52:54.830+0000] {logging_mixin.py:190} INFO - Archivo actualizado correctamente.
[2024-12-08T23:52:54.831+0000] {logging_mixin.py:190} INFO - Generando XML para el canal Divinity
[2024-12-08T23:52:54.834+0000] {logging_mixin.py:190} INFO - Escrito el xml del canal "Divinity"
[2024-12-08T23:52:56.648+0000] {logging_mixin.py:190} INFO - Archivo actualizado correctamente.
[2024-12-08T23:52:56.649+0000] {logging_mixin.py:190} INFO - Generando XML para el canal Fdf
[2024-12-08T23:52:56.652+0000] {logging_mixin.py:190} INFO - Escrito el xml del canal "Fdf"
[2024-12-08T23:52:59.572+0000] {logging_mixin.py:190} INFO - Error: 422 {"message": "Invalid request.\n\n\"sha\" wasn't supplied.", "documentation_url": "https://docs.github.com/rest/repos/contents#create-or-update-file-contents", "status": "422"}
[2024-12-08T23:52:59.572+0000] {logging_mixin.py:190} INFO - Generando XML para el canal Energy
[2024-12-08T23:52:59.575+0000] {logging_mixin.py:190} INFO - Escrito el xml del canal "Energy"
[2024-12-08T23:53:01.535+0000] {logging_mixin.py:190} INFO - Archivo actualizado correctamente.
[2024-12-08T23:53:01.536+0000] {logging_mixin.py:190} INFO - Generando XML para el canal Bemad
[2024-12-08T23:53:01.540+0000] {logging_mixin.py:190} INFO - Escrito el xml del canal "Bemad"
[2024-12-08T23:53:03.213+0000] {logging_mixin.py:190} INFO - Archivo actualizado correctamente.
[2024-12-08T23:53:03.214+0000] {logging_mixin.py:190} INFO - Generando XML para el canal Boing
[2024-12-08T23:53:03.218+0000] {logging_mixin.py:190} INFO - Escrito el xml del canal "Boing"
[2024-12-08T23:53:05.015+0000] {logging_mixin.py:190} INFO - Archivo actualizado correctamente.
[2024-12-08T23:53:05.016+0000] {logging_mixin.py:190} INFO - Generando XML para el canal Acontraplus
[2024-12-08T23:53:05.019+0000] {logging_mixin.py:190} INFO - Escrito el xml del canal "Acontraplus"
[2024-12-08T23:53:08.053+0000] {logging_mixin.py:190} INFO - Error: 422 {"message": "Invalid request.\n\n\"sha\" wasn't supplied.", "documentation_url": "https://docs.github.com/rest/repos/contents#create-or-update-file-contents", "status": "422"}
[2024-12-08T23:53:08.054+0000] {logging_mixin.py:190} INFO - Generando XML para el canal Fight sports
[2024-12-08T23:53:08.056+0000] {logging_mixin.py:190} INFO - Escrito el xml del canal "Fight sports"
[2024-12-08T23:53:09.774+0000] {logging_mixin.py:190} INFO - Archivo actualizado correctamente.
[2024-12-08T23:53:09.775+0000] {logging_mixin.py:190} INFO - Generando XML para el canal Mtmad 24h
[2024-12-08T23:53:09.777+0000] {logging_mixin.py:190} INFO - Escrito el xml del canal "Mtmad 24h"
[2024-12-08T23:53:11.533+0000] {logging_mixin.py:190} INFO - Archivo actualizado correctamente.
[2024-12-08T23:53:11.534+0000] {python.py:240} INFO - Done. Returned value was: None
[2024-12-08T23:53:11.539+0000] {taskinstance.py:340} INFO - ::group::Post task execution logs
[2024-12-08T23:53:11.540+0000] {taskinstance.py:352} INFO - Marking task as SUCCESS. dag_id=mediaset_schedule_scraper, task_id=scrape_mediaset_schedule, run_id=scheduled__2024-12-08T11:30:00+00:00, execution_date=20241208T113000, start_date=20241208T235233, end_date=20241208T235311
[2024-12-08T23:53:11.578+0000] {local_task_job_runner.py:266} INFO - Task exited with return code 0
[2024-12-08T23:53:11.591+0000] {taskinstance.py:3895} INFO - 1 downstream tasks scheduled from follow-on schedule check
[2024-12-08T23:53:11.593+0000] {local_task_job_runner.py:245} INFO - ::endgroup::
