[2024-12-06T16:46:43.053+0000] {local_task_job_runner.py:123} INFO - ::group::Pre task execution logs
[2024-12-06T16:46:43.061+0000] {taskinstance.py:2613} INFO - Dependencies all met for dep_context=non-requeueable deps ti=<TaskInstance: a3media_schedule_scraper.scrape_a3media_schedule manual__2024-12-06T16:46:41.933418+00:00 [queued]>
[2024-12-06T16:46:43.065+0000] {taskinstance.py:2613} INFO - Dependencies all met for dep_context=requeueable deps ti=<TaskInstance: a3media_schedule_scraper.scrape_a3media_schedule manual__2024-12-06T16:46:41.933418+00:00 [queued]>
[2024-12-06T16:46:43.066+0000] {taskinstance.py:2866} INFO - Starting attempt 1 of 5
[2024-12-06T16:46:43.077+0000] {taskinstance.py:2889} INFO - Executing <Task(PythonOperator): scrape_a3media_schedule> on 2024-12-06 16:46:41.933418+00:00
[2024-12-06T16:46:43.080+0000] {warnings.py:112} WARNING - /home/***/.local/lib/python3.12/site-packages/***/task/task_runner/standard_task_runner.py:70: DeprecationWarning: This process (pid=245) is multi-threaded, use of fork() may lead to deadlocks in the child.
  pid = os.fork()

[2024-12-06T16:46:43.081+0000] {standard_task_runner.py:72} INFO - Started process 246 to run task
[2024-12-06T16:46:43.082+0000] {standard_task_runner.py:104} INFO - Running: ['***', 'tasks', 'run', 'a3media_schedule_scraper', 'scrape_a3media_schedule', 'manual__2024-12-06T16:46:41.933418+00:00', '--job-id', '1951', '--raw', '--subdir', 'DAGS_FOLDER/dag_atresmedia.py', '--cfg-path', '/tmp/tmpwimsnxau']
[2024-12-06T16:46:43.083+0000] {standard_task_runner.py:105} INFO - Job 1951: Subtask scrape_a3media_schedule
[2024-12-06T16:46:43.105+0000] {task_command.py:467} INFO - Running <TaskInstance: a3media_schedule_scraper.scrape_a3media_schedule manual__2024-12-06T16:46:41.933418+00:00 [running]> on host b605548c7b8b
[2024-12-06T16:46:43.148+0000] {taskinstance.py:3132} INFO - Exporting env vars: AIRFLOW_CTX_DAG_OWNER='***' AIRFLOW_CTX_DAG_ID='a3media_schedule_scraper' AIRFLOW_CTX_TASK_ID='scrape_a3media_schedule' AIRFLOW_CTX_EXECUTION_DATE='2024-12-06T16:46:41.933418+00:00' AIRFLOW_CTX_TRY_NUMBER='1' AIRFLOW_CTX_DAG_RUN_ID='manual__2024-12-06T16:46:41.933418+00:00'
[2024-12-06T16:46:43.149+0000] {taskinstance.py:731} INFO - ::endgroup::
[2024-12-06T16:46:43.553+0000] {logging_mixin.py:190} INFO - Escrito el xmltv del canal "Antena 3"
[2024-12-06T16:46:45.378+0000] {logging_mixin.py:190} INFO - Archivo actualizado correctamente.
[2024-12-06T16:46:45.686+0000] {logging_mixin.py:190} INFO - Escrito el xmltv del canal "laSexta"
[2024-12-06T16:46:47.523+0000] {logging_mixin.py:190} INFO - Archivo actualizado correctamente.
[2024-12-06T16:46:47.773+0000] {logging_mixin.py:190} INFO - Escrito el xmltv del canal "Neox"
[2024-12-06T16:46:49.660+0000] {logging_mixin.py:190} INFO - Archivo actualizado correctamente.
[2024-12-06T16:46:49.914+0000] {logging_mixin.py:190} INFO - Escrito el xmltv del canal "Nova"
[2024-12-06T16:46:51.723+0000] {logging_mixin.py:190} INFO - Archivo actualizado correctamente.
[2024-12-06T16:46:52.092+0000] {logging_mixin.py:190} INFO - Escrito el xmltv del canal "Mega"
[2024-12-06T16:46:53.831+0000] {logging_mixin.py:190} INFO - Archivo actualizado correctamente.
[2024-12-06T16:46:54.156+0000] {logging_mixin.py:190} INFO - Escrito el xmltv del canal "Atreseries"
[2024-12-06T16:46:56.079+0000] {logging_mixin.py:190} INFO - Archivo actualizado correctamente.
[2024-12-06T16:46:56.080+0000] {python.py:240} INFO - Done. Returned value was: None
[2024-12-06T16:46:56.090+0000] {taskinstance.py:340} INFO - ::group::Post task execution logs
[2024-12-06T16:46:56.091+0000] {taskinstance.py:352} INFO - Marking task as SUCCESS. dag_id=a3media_schedule_scraper, task_id=scrape_a3media_schedule, run_id=manual__2024-12-06T16:46:41.933418+00:00, execution_date=20241206T164641, start_date=20241206T164643, end_date=20241206T164656
[2024-12-06T16:46:56.104+0000] {local_task_job_runner.py:266} INFO - Task exited with return code 0
[2024-12-06T16:46:56.117+0000] {taskinstance.py:3895} INFO - 1 downstream tasks scheduled from follow-on schedule check
[2024-12-06T16:46:56.118+0000] {local_task_job_runner.py:245} INFO - ::endgroup::
