[2024-12-05T10:14:38.691+0000] {local_task_job_runner.py:123} INFO - ::group::Pre task execution logs
[2024-12-05T10:14:38.703+0000] {taskinstance.py:2613} INFO - Dependencies all met for dep_context=non-requeueable deps ti=<TaskInstance: rtve_canarias_schedule_scraper.push_all_in_one_task manual__2024-12-05T10:14:18.886892+00:00 [queued]>
[2024-12-05T10:14:38.709+0000] {taskinstance.py:2613} INFO - Dependencies all met for dep_context=requeueable deps ti=<TaskInstance: rtve_canarias_schedule_scraper.push_all_in_one_task manual__2024-12-05T10:14:18.886892+00:00 [queued]>
[2024-12-05T10:14:38.710+0000] {taskinstance.py:2866} INFO - Starting attempt 1 of 2
[2024-12-05T10:14:38.718+0000] {taskinstance.py:2889} INFO - Executing <Task(PythonOperator): push_all_in_one_task> on 2024-12-05 10:14:18.886892+00:00
[2024-12-05T10:14:38.723+0000] {warnings.py:112} WARNING - /home/***/.local/lib/python3.12/site-packages/***/task/task_runner/standard_task_runner.py:70: DeprecationWarning: This process (pid=7887) is multi-threaded, use of fork() may lead to deadlocks in the child.
  pid = os.fork()

[2024-12-05T10:14:38.724+0000] {standard_task_runner.py:72} INFO - Started process 7888 to run task
[2024-12-05T10:14:38.724+0000] {standard_task_runner.py:104} INFO - Running: ['***', 'tasks', 'run', 'rtve_canarias_schedule_scraper', 'push_all_in_one_task', 'manual__2024-12-05T10:14:18.886892+00:00', '--job-id', '581', '--raw', '--subdir', 'DAGS_FOLDER/dag_rtve_canarias_selenium.py', '--cfg-path', '/tmp/tmp6evtei9f']
[2024-12-05T10:14:38.725+0000] {standard_task_runner.py:105} INFO - Job 581: Subtask push_all_in_one_task
[2024-12-05T10:14:38.761+0000] {task_command.py:467} INFO - Running <TaskInstance: rtve_canarias_schedule_scraper.push_all_in_one_task manual__2024-12-05T10:14:18.886892+00:00 [running]> on host d88abb179e8d
[2024-12-05T10:14:38.817+0000] {taskinstance.py:3132} INFO - Exporting env vars: AIRFLOW_CTX_DAG_OWNER='***' AIRFLOW_CTX_DAG_ID='rtve_canarias_schedule_scraper' AIRFLOW_CTX_TASK_ID='push_all_in_one_task' AIRFLOW_CTX_EXECUTION_DATE='2024-12-05T10:14:18.886892+00:00' AIRFLOW_CTX_TRY_NUMBER='1' AIRFLOW_CTX_DAG_RUN_ID='manual__2024-12-05T10:14:18.886892+00:00'
[2024-12-05T10:14:38.818+0000] {taskinstance.py:731} INFO - ::endgroup::
[2024-12-05T10:14:47.048+0000] {logging_mixin.py:190} INFO - Error: 422 {"message": "Invalid request.\n\n\"sha\" wasn't supplied.", "documentation_url": "https://docs.github.com/rest/repos/contents#create-or-update-file-contents", "status": "422"}
[2024-12-05T10:14:47.049+0000] {python.py:240} INFO - Done. Returned value was: None
[2024-12-05T10:14:47.055+0000] {taskinstance.py:340} INFO - ::group::Post task execution logs
[2024-12-05T10:14:47.056+0000] {taskinstance.py:352} INFO - Marking task as SUCCESS. dag_id=rtve_canarias_schedule_scraper, task_id=push_all_in_one_task, run_id=manual__2024-12-05T10:14:18.886892+00:00, execution_date=20241205T101418, start_date=20241205T101438, end_date=20241205T101447
[2024-12-05T10:14:47.069+0000] {local_task_job_runner.py:266} INFO - Task exited with return code 0
[2024-12-05T10:14:47.077+0000] {taskinstance.py:3895} INFO - 0 downstream tasks scheduled from follow-on schedule check
[2024-12-05T10:14:47.078+0000] {local_task_job_runner.py:245} INFO - ::endgroup::
