[2024-12-08T11:30:01.450+0000] {local_task_job_runner.py:123} INFO - ::group::Pre task execution logs
[2024-12-08T11:30:01.458+0000] {taskinstance.py:2613} INFO - Dependencies all met for dep_context=non-requeueable deps ti=<TaskInstance: rtve_schedule_scraper.scrape_rtve_task scheduled__2024-12-08T05:30:00+00:00 [queued]>
[2024-12-08T11:30:01.463+0000] {taskinstance.py:2613} INFO - Dependencies all met for dep_context=requeueable deps ti=<TaskInstance: rtve_schedule_scraper.scrape_rtve_task scheduled__2024-12-08T05:30:00+00:00 [queued]>
[2024-12-08T11:30:01.463+0000] {taskinstance.py:2866} INFO - Starting attempt 1 of 4
[2024-12-08T11:30:01.471+0000] {taskinstance.py:2889} INFO - Executing <Task(_PythonDecoratedOperator): scrape_rtve_task> on 2024-12-08 05:30:00+00:00
[2024-12-08T11:30:01.476+0000] {warnings.py:112} WARNING - /home/***/.local/lib/python3.12/site-packages/***/task/task_runner/standard_task_runner.py:70: DeprecationWarning: This process (pid=1343) is multi-threaded, use of fork() may lead to deadlocks in the child.
  pid = os.fork()

[2024-12-08T11:30:01.477+0000] {standard_task_runner.py:72} INFO - Started process 1358 to run task
[2024-12-08T11:30:01.478+0000] {standard_task_runner.py:104} INFO - Running: ['***', 'tasks', 'run', 'rtve_schedule_scraper', 'scrape_rtve_task', 'scheduled__2024-12-08T05:30:00+00:00', '--job-id', '2131', '--raw', '--subdir', 'DAGS_FOLDER/dag_rtve_selenium.py', '--cfg-path', '/tmp/tmpqi3d_k4f']
[2024-12-08T11:30:01.479+0000] {standard_task_runner.py:105} INFO - Job 2131: Subtask scrape_rtve_task
[2024-12-08T11:30:01.506+0000] {task_command.py:467} INFO - Running <TaskInstance: rtve_schedule_scraper.scrape_rtve_task scheduled__2024-12-08T05:30:00+00:00 [running]> on host b605548c7b8b
[2024-12-08T11:30:01.552+0000] {taskinstance.py:3132} INFO - Exporting env vars: AIRFLOW_CTX_DAG_OWNER='***' AIRFLOW_CTX_DAG_ID='rtve_schedule_scraper' AIRFLOW_CTX_TASK_ID='scrape_rtve_task' AIRFLOW_CTX_EXECUTION_DATE='2024-12-08T05:30:00+00:00' AIRFLOW_CTX_TRY_NUMBER='1' AIRFLOW_CTX_DAG_RUN_ID='scheduled__2024-12-08T05:30:00+00:00'
[2024-12-08T11:30:01.553+0000] {taskinstance.py:731} INFO - ::endgroup::
[2024-12-08T11:30:16.624+0000] {logging_mixin.py:190} INFO - Archivo actualizado correctamente.
[2024-12-08T11:30:16.624+0000] {logging_mixin.py:190} INFO - Escrito el xmltv del canal "La 1"
[2024-12-08T11:30:18.687+0000] {logging_mixin.py:190} INFO - Archivo actualizado correctamente.
[2024-12-08T11:30:18.688+0000] {logging_mixin.py:190} INFO - Escrito el xmltv del canal "La 2"
[2024-12-08T11:30:20.648+0000] {logging_mixin.py:190} INFO - Archivo actualizado correctamente.
[2024-12-08T11:30:20.649+0000] {logging_mixin.py:190} INFO - Escrito el xmltv del canal "Teledeporte"
[2024-12-08T11:30:22.821+0000] {logging_mixin.py:190} INFO - Archivo actualizado correctamente.
[2024-12-08T11:30:22.822+0000] {logging_mixin.py:190} INFO - Escrito el xmltv del canal "24 horas"
[2024-12-08T11:30:26.651+0000] {logging_mixin.py:190} INFO - Error: 422 {"message": "Invalid request.\n\n\"sha\" wasn't supplied.", "documentation_url": "https://docs.github.com/rest/repos/contents#create-or-update-file-contents", "status": "422"}
[2024-12-08T11:30:26.652+0000] {logging_mixin.py:190} INFO - Escrito el xmltv del canal "Clan"
[2024-12-08T11:30:26.786+0000] {python.py:240} INFO - Done. Returned value was: None
[2024-12-08T11:30:26.792+0000] {taskinstance.py:340} INFO - ::group::Post task execution logs
[2024-12-08T11:30:26.793+0000] {taskinstance.py:352} INFO - Marking task as SUCCESS. dag_id=rtve_schedule_scraper, task_id=scrape_rtve_task, run_id=scheduled__2024-12-08T05:30:00+00:00, execution_date=20241208T053000, start_date=20241208T113001, end_date=20241208T113026
[2024-12-08T11:30:26.829+0000] {local_task_job_runner.py:266} INFO - Task exited with return code 0
[2024-12-08T11:30:26.842+0000] {taskinstance.py:3895} INFO - 1 downstream tasks scheduled from follow-on schedule check
[2024-12-08T11:30:26.843+0000] {local_task_job_runner.py:245} INFO - ::endgroup::
