[2024-12-09T23:30:19.723+0000] {local_task_job_runner.py:123} INFO - ::group::Pre task execution logs
[2024-12-09T23:30:19.733+0000] {taskinstance.py:2613} INFO - Dependencies all met for dep_context=non-requeueable deps ti=<TaskInstance: rtve_schedule_scraper.merge_all_xml scheduled__2024-12-09T17:30:00+00:00 [queued]>
[2024-12-09T23:30:19.740+0000] {taskinstance.py:2613} INFO - Dependencies all met for dep_context=requeueable deps ti=<TaskInstance: rtve_schedule_scraper.merge_all_xml scheduled__2024-12-09T17:30:00+00:00 [queued]>
[2024-12-09T23:30:19.740+0000] {taskinstance.py:2866} INFO - Starting attempt 1 of 4
[2024-12-09T23:30:19.748+0000] {taskinstance.py:2889} INFO - Executing <Task(_PythonDecoratedOperator): merge_all_xml> on 2024-12-09 17:30:00+00:00
[2024-12-09T23:30:19.751+0000] {warnings.py:112} WARNING - /home/***/.local/lib/python3.12/site-packages/***/task/task_runner/standard_task_runner.py:70: DeprecationWarning: This process (pid=7198) is multi-threaded, use of fork() may lead to deadlocks in the child.
  pid = os.fork()

[2024-12-09T23:30:19.752+0000] {standard_task_runner.py:72} INFO - Started process 7199 to run task
[2024-12-09T23:30:19.753+0000] {standard_task_runner.py:104} INFO - Running: ['***', 'tasks', 'run', 'rtve_schedule_scraper', 'merge_all_xml', 'scheduled__2024-12-09T17:30:00+00:00', '--job-id', '2260', '--raw', '--subdir', 'DAGS_FOLDER/dag_rtve_selenium.py', '--cfg-path', '/tmp/tmpr2z2nf_r']
[2024-12-09T23:30:19.754+0000] {standard_task_runner.py:105} INFO - Job 2260: Subtask merge_all_xml
[2024-12-09T23:30:19.779+0000] {task_command.py:467} INFO - Running <TaskInstance: rtve_schedule_scraper.merge_all_xml scheduled__2024-12-09T17:30:00+00:00 [running]> on host b605548c7b8b
[2024-12-09T23:30:19.826+0000] {taskinstance.py:3132} INFO - Exporting env vars: AIRFLOW_CTX_DAG_OWNER='***' AIRFLOW_CTX_DAG_ID='rtve_schedule_scraper' AIRFLOW_CTX_TASK_ID='merge_all_xml' AIRFLOW_CTX_EXECUTION_DATE='2024-12-09T17:30:00+00:00' AIRFLOW_CTX_TRY_NUMBER='1' AIRFLOW_CTX_DAG_RUN_ID='scheduled__2024-12-09T17:30:00+00:00'
[2024-12-09T23:30:19.827+0000] {taskinstance.py:731} INFO - ::endgroup::
[2024-12-09T23:30:20.054+0000] {logging_mixin.py:190} INFO - [INFO] Generado el archivo "all_in_one.xml"
[2024-12-09T23:30:20.055+0000] {python.py:240} INFO - Done. Returned value was: None
[2024-12-09T23:30:20.061+0000] {taskinstance.py:340} INFO - ::group::Post task execution logs
[2024-12-09T23:30:20.061+0000] {taskinstance.py:352} INFO - Marking task as SUCCESS. dag_id=rtve_schedule_scraper, task_id=merge_all_xml, run_id=scheduled__2024-12-09T17:30:00+00:00, execution_date=20241209T173000, start_date=20241209T233019, end_date=20241209T233020
[2024-12-09T23:30:20.086+0000] {local_task_job_runner.py:266} INFO - Task exited with return code 0
[2024-12-09T23:30:20.098+0000] {taskinstance.py:3895} INFO - 1 downstream tasks scheduled from follow-on schedule check
[2024-12-09T23:30:20.099+0000] {local_task_job_runner.py:245} INFO - ::endgroup::
