[2024-12-04T16:14:15.084+0000] {local_task_job_runner.py:123} INFO - ::group::Pre task execution logs
[2024-12-04T16:14:15.093+0000] {taskinstance.py:2613} INFO - Dependencies all met for dep_context=non-requeueable deps ti=<TaskInstance: a3media_schedule_scraper.scrape_a3media_schedule manual__2024-12-04T16:14:14.109718+00:00 [queued]>
[2024-12-04T16:14:15.098+0000] {taskinstance.py:2613} INFO - Dependencies all met for dep_context=requeueable deps ti=<TaskInstance: a3media_schedule_scraper.scrape_a3media_schedule manual__2024-12-04T16:14:14.109718+00:00 [queued]>
[2024-12-04T16:14:15.098+0000] {taskinstance.py:2866} INFO - Starting attempt 1 of 2
[2024-12-04T16:14:15.106+0000] {taskinstance.py:2889} INFO - Executing <Task(PythonOperator): scrape_a3media_schedule> on 2024-12-04 16:14:14.109718+00:00
[2024-12-04T16:14:15.109+0000] {warnings.py:112} WARNING - /home/***/.local/lib/python3.12/site-packages/***/task/task_runner/standard_task_runner.py:70: DeprecationWarning: This process (pid=105) is multi-threaded, use of fork() may lead to deadlocks in the child.
  pid = os.fork()

[2024-12-04T16:14:15.110+0000] {standard_task_runner.py:72} INFO - Started process 106 to run task
[2024-12-04T16:14:15.110+0000] {standard_task_runner.py:104} INFO - Running: ['***', 'tasks', 'run', 'a3media_schedule_scraper', 'scrape_a3media_schedule', 'manual__2024-12-04T16:14:14.109718+00:00', '--job-id', '436', '--raw', '--subdir', 'DAGS_FOLDER/dag_atresmedia.py', '--cfg-path', '/tmp/tmpd4i32hny']
[2024-12-04T16:14:15.112+0000] {standard_task_runner.py:105} INFO - Job 436: Subtask scrape_a3media_schedule
[2024-12-04T16:14:15.136+0000] {task_command.py:467} INFO - Running <TaskInstance: a3media_schedule_scraper.scrape_a3media_schedule manual__2024-12-04T16:14:14.109718+00:00 [running]> on host d88abb179e8d
[2024-12-04T16:14:15.179+0000] {taskinstance.py:3132} INFO - Exporting env vars: AIRFLOW_CTX_DAG_OWNER='***' AIRFLOW_CTX_DAG_ID='a3media_schedule_scraper' AIRFLOW_CTX_TASK_ID='scrape_a3media_schedule' AIRFLOW_CTX_EXECUTION_DATE='2024-12-04T16:14:14.109718+00:00' AIRFLOW_CTX_TRY_NUMBER='1' AIRFLOW_CTX_DAG_RUN_ID='manual__2024-12-04T16:14:14.109718+00:00'
[2024-12-04T16:14:15.180+0000] {taskinstance.py:731} INFO - ::endgroup::
[2024-12-04T16:14:15.411+0000] {logging_mixin.py:190} INFO - Escrito el xmltv del canal "Antena 3"
[2024-12-04T16:14:17.348+0000] {logging_mixin.py:190} INFO - Archivo actualizado correctamente. {'commit': Commit(sha="be0c451f1401579a09b8bb5dec341fa7d446b899"), 'content': ContentFile(path="channels/Antena 3.xml")}
[2024-12-04T16:14:17.488+0000] {logging_mixin.py:190} INFO - Escrito el xmltv del canal "laSexta"
[2024-12-04T16:14:19.306+0000] {logging_mixin.py:190} INFO - Archivo actualizado correctamente. {'commit': Commit(sha="cd990ab3b0e2a9ceb63117c663318204d14eacd2"), 'content': ContentFile(path="channels/laSexta.xml")}
[2024-12-04T16:14:19.450+0000] {logging_mixin.py:190} INFO - Escrito el xmltv del canal "Neox"
[2024-12-04T16:14:21.381+0000] {logging_mixin.py:190} INFO - Archivo actualizado correctamente. {'commit': Commit(sha="b1c7e6c2dcff6841badc9a08a554c75cf31d6bba"), 'content': ContentFile(path="channels/Neox.xml")}
[2024-12-04T16:14:21.517+0000] {logging_mixin.py:190} INFO - Escrito el xmltv del canal "Nova"
[2024-12-04T16:14:23.429+0000] {logging_mixin.py:190} INFO - Archivo actualizado correctamente. {'commit': Commit(sha="11fe67dc1e9a8cde5b0b3f54b3c6385aeb808784"), 'content': ContentFile(path="channels/Nova.xml")}
[2024-12-04T16:14:23.576+0000] {logging_mixin.py:190} INFO - Escrito el xmltv del canal "Mega"
[2024-12-04T16:14:25.609+0000] {logging_mixin.py:190} INFO - Archivo actualizado correctamente. {'commit': Commit(sha="87a660432896ac079569812471a4737425d5f6d2"), 'content': ContentFile(path="channels/Mega.xml")}
[2024-12-04T16:14:25.742+0000] {logging_mixin.py:190} INFO - Escrito el xmltv del canal "Atreseries"
[2024-12-04T16:14:27.643+0000] {logging_mixin.py:190} INFO - Archivo actualizado correctamente. {'commit': Commit(sha="e572340760a443765f2c09ac60c7380a9f9dd23b"), 'content': ContentFile(path="channels/Atreseries.xml")}
[2024-12-04T16:14:27.644+0000] {python.py:240} INFO - Done. Returned value was: None
[2024-12-04T16:14:27.651+0000] {taskinstance.py:340} INFO - ::group::Post task execution logs
[2024-12-04T16:14:27.651+0000] {taskinstance.py:352} INFO - Marking task as SUCCESS. dag_id=a3media_schedule_scraper, task_id=scrape_a3media_schedule, run_id=manual__2024-12-04T16:14:14.109718+00:00, execution_date=20241204T161414, start_date=20241204T161415, end_date=20241204T161427
[2024-12-04T16:14:27.684+0000] {local_task_job_runner.py:266} INFO - Task exited with return code 0
[2024-12-04T16:14:27.692+0000] {taskinstance.py:3895} INFO - 0 downstream tasks scheduled from follow-on schedule check
[2024-12-04T16:14:27.693+0000] {local_task_job_runner.py:245} INFO - ::endgroup::
