[2024-12-02T16:45:15.982+0000] {local_task_job_runner.py:123} INFO - ::group::Pre task execution logs
[2024-12-02T16:45:15.990+0000] {taskinstance.py:2613} INFO - Dependencies all met for dep_context=non-requeueable deps ti=<TaskInstance: tv_schedule_scraper.scrape_tv_schedule manual__2024-12-02T16:45:15.130148+00:00 [queued]>
[2024-12-02T16:45:15.995+0000] {taskinstance.py:2613} INFO - Dependencies all met for dep_context=requeueable deps ti=<TaskInstance: tv_schedule_scraper.scrape_tv_schedule manual__2024-12-02T16:45:15.130148+00:00 [queued]>
[2024-12-02T16:45:15.995+0000] {taskinstance.py:2866} INFO - Starting attempt 1 of 2
[2024-12-02T16:45:16.002+0000] {taskinstance.py:2889} INFO - Executing <Task(PythonOperator): scrape_tv_schedule> on 2024-12-02 16:45:15.130148+00:00
[2024-12-02T16:45:16.006+0000] {warnings.py:112} WARNING - /home/***/.local/lib/python3.12/site-packages/***/task/task_runner/standard_task_runner.py:70: DeprecationWarning: This process (pid=119) is multi-threaded, use of fork() may lead to deadlocks in the child.
  pid = os.fork()

[2024-12-02T16:45:16.007+0000] {standard_task_runner.py:72} INFO - Started process 120 to run task
[2024-12-02T16:45:16.007+0000] {standard_task_runner.py:104} INFO - Running: ['***', 'tasks', 'run', 'tv_schedule_scraper', 'scrape_tv_schedule', 'manual__2024-12-02T16:45:15.130148+00:00', '--job-id', '312', '--raw', '--subdir', 'DAGS_FOLDER/dag_rtve.py', '--cfg-path', '/tmp/tmpagl0t7dn']
[2024-12-02T16:45:16.008+0000] {standard_task_runner.py:105} INFO - Job 312: Subtask scrape_tv_schedule
[2024-12-02T16:45:16.032+0000] {task_command.py:467} INFO - Running <TaskInstance: tv_schedule_scraper.scrape_tv_schedule manual__2024-12-02T16:45:15.130148+00:00 [running]> on host c2dfb6fa46f1
[2024-12-02T16:45:16.074+0000] {taskinstance.py:3132} INFO - Exporting env vars: AIRFLOW_CTX_DAG_OWNER='***' AIRFLOW_CTX_DAG_ID='tv_schedule_scraper' AIRFLOW_CTX_TASK_ID='scrape_tv_schedule' AIRFLOW_CTX_EXECUTION_DATE='2024-12-02T16:45:15.130148+00:00' AIRFLOW_CTX_TRY_NUMBER='1' AIRFLOW_CTX_DAG_RUN_ID='manual__2024-12-02T16:45:15.130148+00:00'
[2024-12-02T16:45:16.075+0000] {taskinstance.py:731} INFO - ::endgroup::
[2024-12-02T16:46:51.692+0000] {local_task_job_runner.py:346} WARNING - State of this instance has been externally set to success. Terminating instance.
[2024-12-02T16:46:51.693+0000] {local_task_job_runner.py:245} INFO - ::endgroup::
[2024-12-02T16:46:51.694+0000] {process_utils.py:132} INFO - Sending 15 to group 120. PIDs of all processes in the group: [120]
[2024-12-02T16:46:51.694+0000] {process_utils.py:87} INFO - Sending the signal 15 to group 120
[2024-12-02T16:46:51.694+0000] {taskinstance.py:3093} ERROR - Received SIGTERM. Terminating subprocesses.
[2024-12-02T16:46:51.703+0000] {taskinstance.py:340} INFO - ::group::Post task execution logs
[2024-12-02T16:46:51.708+0000] {process_utils.py:80} INFO - Process psutil.Process(pid=120, status='terminated', exitcode=0, started='16:45:15') (120) terminated with exit code 0
