[2024-12-05T00:39:58.224+0000] {local_task_job_runner.py:123} INFO - ::group::Pre task execution logs
[2024-12-05T00:39:58.234+0000] {taskinstance.py:2613} INFO - Dependencies all met for dep_context=non-requeueable deps ti=<TaskInstance: a3media_schedule_scraper.push_all_in_one_task manual__2024-12-05T00:39:41.292808+00:00 [queued]>
[2024-12-05T00:39:58.239+0000] {taskinstance.py:2613} INFO - Dependencies all met for dep_context=requeueable deps ti=<TaskInstance: a3media_schedule_scraper.push_all_in_one_task manual__2024-12-05T00:39:41.292808+00:00 [queued]>
[2024-12-05T00:39:58.239+0000] {taskinstance.py:2866} INFO - Starting attempt 1 of 5
[2024-12-05T00:39:58.246+0000] {taskinstance.py:2889} INFO - Executing <Task(PythonOperator): push_all_in_one_task> on 2024-12-05 00:39:41.292808+00:00
[2024-12-05T00:39:58.250+0000] {warnings.py:112} WARNING - /home/***/.local/lib/python3.12/site-packages/***/task/task_runner/standard_task_runner.py:70: DeprecationWarning: This process (pid=145) is multi-threaded, use of fork() may lead to deadlocks in the child.
  pid = os.fork()

[2024-12-05T00:39:58.251+0000] {standard_task_runner.py:72} INFO - Started process 146 to run task
[2024-12-05T00:39:58.251+0000] {standard_task_runner.py:104} INFO - Running: ['***', 'tasks', 'run', 'a3media_schedule_scraper', 'push_all_in_one_task', 'manual__2024-12-05T00:39:41.292808+00:00', '--job-id', '567', '--raw', '--subdir', 'DAGS_FOLDER/dag_atresmedia.py', '--cfg-path', '/tmp/tmp5552stcw']
[2024-12-05T00:39:58.253+0000] {standard_task_runner.py:105} INFO - Job 567: Subtask push_all_in_one_task
[2024-12-05T00:39:58.280+0000] {task_command.py:467} INFO - Running <TaskInstance: a3media_schedule_scraper.push_all_in_one_task manual__2024-12-05T00:39:41.292808+00:00 [running]> on host d88abb179e8d
[2024-12-05T00:39:58.332+0000] {taskinstance.py:3132} INFO - Exporting env vars: AIRFLOW_CTX_DAG_OWNER='***' AIRFLOW_CTX_DAG_ID='a3media_schedule_scraper' AIRFLOW_CTX_TASK_ID='push_all_in_one_task' AIRFLOW_CTX_EXECUTION_DATE='2024-12-05T00:39:41.292808+00:00' AIRFLOW_CTX_TRY_NUMBER='1' AIRFLOW_CTX_DAG_RUN_ID='manual__2024-12-05T00:39:41.292808+00:00'
[2024-12-05T00:39:58.333+0000] {taskinstance.py:731} INFO - ::endgroup::
[2024-12-05T00:40:00.995+0000] {logging_mixin.py:190} INFO - Archivo actualizado correctamente.
[2024-12-05T00:40:00.996+0000] {python.py:240} INFO - Done. Returned value was: None
[2024-12-05T00:40:01.002+0000] {taskinstance.py:340} INFO - ::group::Post task execution logs
[2024-12-05T00:40:01.003+0000] {taskinstance.py:352} INFO - Marking task as SUCCESS. dag_id=a3media_schedule_scraper, task_id=push_all_in_one_task, run_id=manual__2024-12-05T00:39:41.292808+00:00, execution_date=20241205T003941, start_date=20241205T003958, end_date=20241205T004001
[2024-12-05T00:40:01.032+0000] {local_task_job_runner.py:266} INFO - Task exited with return code 0
[2024-12-05T00:40:01.042+0000] {taskinstance.py:3895} INFO - 0 downstream tasks scheduled from follow-on schedule check
[2024-12-05T00:40:01.043+0000] {local_task_job_runner.py:245} INFO - ::endgroup::
