[2024-12-15T17:30:46.636+0000] {local_task_job_runner.py:123} INFO - ::group::Pre task execution logs
[2024-12-15T17:30:46.644+0000] {taskinstance.py:2613} INFO - Dependencies all met for dep_context=non-requeueable deps ti=<TaskInstance: mediaset_schedule_scraper.push_all_in_one scheduled__2024-12-15T11:30:00+00:00 [queued]>
[2024-12-15T17:30:46.649+0000] {taskinstance.py:2613} INFO - Dependencies all met for dep_context=requeueable deps ti=<TaskInstance: mediaset_schedule_scraper.push_all_in_one scheduled__2024-12-15T11:30:00+00:00 [queued]>
[2024-12-15T17:30:46.649+0000] {taskinstance.py:2866} INFO - Starting attempt 1 of 5
[2024-12-15T17:30:46.657+0000] {taskinstance.py:2889} INFO - Executing <Task(_PythonDecoratedOperator): push_all_in_one> on 2024-12-15 11:30:00+00:00
[2024-12-15T17:30:46.660+0000] {warnings.py:112} WARNING - /home/***/.local/lib/python3.12/site-packages/***/task/task_runner/standard_task_runner.py:70: DeprecationWarning: This process (pid=5708) is multi-threaded, use of fork() may lead to deadlocks in the child.
  pid = os.fork()

[2024-12-15T17:30:46.662+0000] {standard_task_runner.py:72} INFO - Started process 5709 to run task
[2024-12-15T17:30:46.661+0000] {standard_task_runner.py:104} INFO - Running: ['***', 'tasks', 'run', 'mediaset_schedule_scraper', 'push_all_in_one', 'scheduled__2024-12-15T11:30:00+00:00', '--job-id', '2554', '--raw', '--subdir', 'DAGS_FOLDER/dag_mediaset.py', '--cfg-path', '/tmp/tmp51au208_']
[2024-12-15T17:30:46.663+0000] {standard_task_runner.py:105} INFO - Job 2554: Subtask push_all_in_one
[2024-12-15T17:30:46.687+0000] {task_command.py:467} INFO - Running <TaskInstance: mediaset_schedule_scraper.push_all_in_one scheduled__2024-12-15T11:30:00+00:00 [running]> on host b605548c7b8b
[2024-12-15T17:30:46.730+0000] {taskinstance.py:3132} INFO - Exporting env vars: AIRFLOW_CTX_DAG_OWNER='***' AIRFLOW_CTX_DAG_ID='mediaset_schedule_scraper' AIRFLOW_CTX_TASK_ID='push_all_in_one' AIRFLOW_CTX_EXECUTION_DATE='2024-12-15T11:30:00+00:00' AIRFLOW_CTX_TRY_NUMBER='1' AIRFLOW_CTX_DAG_RUN_ID='scheduled__2024-12-15T11:30:00+00:00'
[2024-12-15T17:30:46.731+0000] {taskinstance.py:731} INFO - ::endgroup::
[2024-12-15T17:30:48.965+0000] {logging_mixin.py:190} INFO - Archivo actualizado correctamente.
[2024-12-15T17:30:48.966+0000] {python.py:240} INFO - Done. Returned value was: None
[2024-12-15T17:30:48.971+0000] {taskinstance.py:340} INFO - ::group::Post task execution logs
[2024-12-15T17:30:48.972+0000] {taskinstance.py:352} INFO - Marking task as SUCCESS. dag_id=mediaset_schedule_scraper, task_id=push_all_in_one, run_id=scheduled__2024-12-15T11:30:00+00:00, execution_date=20241215T113000, start_date=20241215T173046, end_date=20241215T173048
[2024-12-15T17:30:49.001+0000] {local_task_job_runner.py:266} INFO - Task exited with return code 0
[2024-12-15T17:30:49.010+0000] {taskinstance.py:3895} INFO - 0 downstream tasks scheduled from follow-on schedule check
[2024-12-15T17:30:49.011+0000] {local_task_job_runner.py:245} INFO - ::endgroup::
