[2024-12-23T09:48:16.331+0000] {local_task_job_runner.py:123} INFO - ::group::Pre task execution logs
[2024-12-23T09:48:16.340+0000] {taskinstance.py:2613} INFO - Dependencies all met for dep_context=non-requeueable deps ti=<TaskInstance: mediaset_schedule_scraper.scrape_mediaset_schedule scheduled__2024-12-22T23:30:00+00:00 [queued]>
[2024-12-23T09:48:16.345+0000] {taskinstance.py:2613} INFO - Dependencies all met for dep_context=requeueable deps ti=<TaskInstance: mediaset_schedule_scraper.scrape_mediaset_schedule scheduled__2024-12-22T23:30:00+00:00 [queued]>
[2024-12-23T09:48:16.345+0000] {taskinstance.py:2866} INFO - Starting attempt 1 of 5
[2024-12-23T09:48:16.353+0000] {taskinstance.py:2889} INFO - Executing <Task(_PythonDecoratedOperator): scrape_mediaset_schedule> on 2024-12-22 23:30:00+00:00
[2024-12-23T09:48:16.356+0000] {warnings.py:112} WARNING - /home/***/.local/lib/python3.12/site-packages/***/task/task_runner/standard_task_runner.py:70: DeprecationWarning: This process (pid=99) is multi-threaded, use of fork() may lead to deadlocks in the child.
  pid = os.fork()

[2024-12-23T09:48:16.357+0000] {standard_task_runner.py:72} INFO - Started process 108 to run task
[2024-12-23T09:48:16.357+0000] {standard_task_runner.py:104} INFO - Running: ['***', 'tasks', 'run', 'mediaset_schedule_scraper', 'scrape_mediaset_schedule', 'scheduled__2024-12-22T23:30:00+00:00', '--job-id', '2637', '--raw', '--subdir', 'DAGS_FOLDER/dag_mediaset.py', '--cfg-path', '/tmp/tmp3_wnq_kb']
[2024-12-23T09:48:16.358+0000] {standard_task_runner.py:105} INFO - Job 2637: Subtask scrape_mediaset_schedule
[2024-12-23T09:48:16.382+0000] {task_command.py:467} INFO - Running <TaskInstance: mediaset_schedule_scraper.scrape_mediaset_schedule scheduled__2024-12-22T23:30:00+00:00 [running]> on host b605548c7b8b
[2024-12-23T09:48:16.425+0000] {taskinstance.py:3132} INFO - Exporting env vars: AIRFLOW_CTX_DAG_OWNER='***' AIRFLOW_CTX_DAG_ID='mediaset_schedule_scraper' AIRFLOW_CTX_TASK_ID='scrape_mediaset_schedule' AIRFLOW_CTX_EXECUTION_DATE='2024-12-22T23:30:00+00:00' AIRFLOW_CTX_TRY_NUMBER='1' AIRFLOW_CTX_DAG_RUN_ID='scheduled__2024-12-22T23:30:00+00:00'
[2024-12-23T09:48:16.425+0000] {taskinstance.py:731} INFO - ::endgroup::
[2024-12-23T09:48:23.704+0000] {logging_mixin.py:190} INFO - Generando XML para el canal Telecinco
[2024-12-23T09:48:23.707+0000] {logging_mixin.py:190} INFO - Escrito el xml del canal "Telecinco"
[2024-12-23T09:48:25.372+0000] {logging_mixin.py:190} INFO - Archivo actualizado correctamente.
[2024-12-23T09:48:25.373+0000] {logging_mixin.py:190} INFO - Generando XML para el canal Cuatro
[2024-12-23T09:48:25.375+0000] {logging_mixin.py:190} INFO - Escrito el xml del canal "Cuatro"
[2024-12-23T09:48:27.247+0000] {logging_mixin.py:190} INFO - Archivo actualizado correctamente.
[2024-12-23T09:48:27.248+0000] {logging_mixin.py:190} INFO - Generando XML para el canal Mitele en la calle
[2024-12-23T09:48:27.250+0000] {logging_mixin.py:190} INFO - Escrito el xml del canal "Mitele en la calle"
[2024-12-23T09:48:28.989+0000] {logging_mixin.py:190} INFO - Archivo actualizado correctamente.
[2024-12-23T09:48:28.990+0000] {logging_mixin.py:190} INFO - Generando XML para el canal Mitele viajes
[2024-12-23T09:48:28.993+0000] {logging_mixin.py:190} INFO - Escrito el xml del canal "Mitele viajes"
[2024-12-23T09:48:32.127+0000] {logging_mixin.py:190} INFO - Error: 422 {"message": "Invalid request.\n\n\"sha\" wasn't supplied.", "documentation_url": "https://docs.github.com/rest/repos/contents#create-or-update-file-contents", "status": "422"}
[2024-12-23T09:48:32.128+0000] {logging_mixin.py:190} INFO - Generando XML para el canal Mitele plus lqsa
[2024-12-23T09:48:32.131+0000] {logging_mixin.py:190} INFO - Escrito el xml del canal "Mitele plus lqsa"
[2024-12-23T09:48:33.955+0000] {logging_mixin.py:190} INFO - Archivo actualizado correctamente.
[2024-12-23T09:48:33.956+0000] {logging_mixin.py:190} INFO - Generando XML para el canal Mitele comedia
[2024-12-23T09:48:33.958+0000] {logging_mixin.py:190} INFO - Escrito el xml del canal "Mitele comedia"
[2024-12-23T09:48:35.680+0000] {logging_mixin.py:190} INFO - Archivo actualizado correctamente.
[2024-12-23T09:48:35.681+0000] {logging_mixin.py:190} INFO - Generando XML para el canal Mitele top series
[2024-12-23T09:48:35.685+0000] {logging_mixin.py:190} INFO - Escrito el xml del canal "Mitele top series"
[2024-12-23T09:48:37.498+0000] {logging_mixin.py:190} INFO - Archivo actualizado correctamente.
[2024-12-23T09:48:37.498+0000] {logging_mixin.py:190} INFO - Generando XML para el canal Divinity
[2024-12-23T09:48:37.502+0000] {logging_mixin.py:190} INFO - Escrito el xml del canal "Divinity"
[2024-12-23T09:48:39.591+0000] {logging_mixin.py:190} INFO - Archivo actualizado correctamente.
[2024-12-23T09:48:39.591+0000] {logging_mixin.py:190} INFO - Generando XML para el canal Fdf
[2024-12-23T09:48:39.595+0000] {logging_mixin.py:190} INFO - Escrito el xml del canal "Fdf"
[2024-12-23T09:48:42.527+0000] {logging_mixin.py:190} INFO - Error: 422 {"message": "Invalid request.\n\n\"sha\" wasn't supplied.", "documentation_url": "https://docs.github.com/rest/repos/contents#create-or-update-file-contents", "status": "422"}
[2024-12-23T09:48:42.527+0000] {logging_mixin.py:190} INFO - Generando XML para el canal Energy
[2024-12-23T09:48:42.531+0000] {logging_mixin.py:190} INFO - Escrito el xml del canal "Energy"
[2024-12-23T09:48:44.285+0000] {logging_mixin.py:190} INFO - Archivo actualizado correctamente.
[2024-12-23T09:48:44.285+0000] {logging_mixin.py:190} INFO - Generando XML para el canal Bemad
[2024-12-23T09:48:44.289+0000] {logging_mixin.py:190} INFO - Escrito el xml del canal "Bemad"
[2024-12-23T09:48:46.020+0000] {logging_mixin.py:190} INFO - Archivo actualizado correctamente.
[2024-12-23T09:48:46.020+0000] {logging_mixin.py:190} INFO - Generando XML para el canal Boing
[2024-12-23T09:48:46.029+0000] {logging_mixin.py:190} INFO - Escrito el xml del canal "Boing"
[2024-12-23T09:48:47.949+0000] {logging_mixin.py:190} INFO - Archivo actualizado correctamente.
[2024-12-23T09:48:47.949+0000] {logging_mixin.py:190} INFO - Generando XML para el canal Acontraplus
[2024-12-23T09:48:47.952+0000] {logging_mixin.py:190} INFO - Escrito el xml del canal "Acontraplus"
[2024-12-23T09:48:49.676+0000] {logging_mixin.py:190} INFO - Archivo actualizado correctamente.
[2024-12-23T09:48:49.676+0000] {logging_mixin.py:190} INFO - Generando XML para el canal Fight sports
[2024-12-23T09:48:49.680+0000] {logging_mixin.py:190} INFO - Escrito el xml del canal "Fight sports"
[2024-12-23T09:48:52.696+0000] {logging_mixin.py:190} INFO - Error: 422 {"message": "Invalid request.\n\n\"sha\" wasn't supplied.", "documentation_url": "https://docs.github.com/rest/repos/contents#create-or-update-file-contents", "status": "422"}
[2024-12-23T09:48:52.697+0000] {logging_mixin.py:190} INFO - Generando XML para el canal Mtmad 24h
[2024-12-23T09:48:52.698+0000] {logging_mixin.py:190} INFO - Escrito el xml del canal "Mtmad 24h"
[2024-12-23T09:48:54.288+0000] {logging_mixin.py:190} INFO - Archivo actualizado correctamente.
[2024-12-23T09:48:54.289+0000] {python.py:240} INFO - Done. Returned value was: None
[2024-12-23T09:48:54.295+0000] {taskinstance.py:340} INFO - ::group::Post task execution logs
[2024-12-23T09:48:54.295+0000] {taskinstance.py:352} INFO - Marking task as SUCCESS. dag_id=mediaset_schedule_scraper, task_id=scrape_mediaset_schedule, run_id=scheduled__2024-12-22T23:30:00+00:00, execution_date=20241222T233000, start_date=20241223T094816, end_date=20241223T094854
[2024-12-23T09:48:54.332+0000] {local_task_job_runner.py:266} INFO - Task exited with return code 0
[2024-12-23T09:48:54.345+0000] {taskinstance.py:3895} INFO - 1 downstream tasks scheduled from follow-on schedule check
[2024-12-23T09:48:54.346+0000] {local_task_job_runner.py:245} INFO - ::endgroup::
