[2024-12-05T00:39:44.141+0000] {local_task_job_runner.py:123} INFO - ::group::Pre task execution logs
[2024-12-05T00:39:44.150+0000] {taskinstance.py:2613} INFO - Dependencies all met for dep_context=non-requeueable deps ti=<TaskInstance: rtve_canarias_schedule_scraper.scrape_canarias_rtve_schedule manual__2024-12-05T00:39:43.716039+00:00 [queued]>
[2024-12-05T00:39:44.155+0000] {taskinstance.py:2613} INFO - Dependencies all met for dep_context=requeueable deps ti=<TaskInstance: rtve_canarias_schedule_scraper.scrape_canarias_rtve_schedule manual__2024-12-05T00:39:43.716039+00:00 [queued]>
[2024-12-05T00:39:44.155+0000] {taskinstance.py:2866} INFO - Starting attempt 1 of 2
[2024-12-05T00:39:44.162+0000] {taskinstance.py:2889} INFO - Executing <Task(PythonOperator): scrape_canarias_rtve_schedule> on 2024-12-05 00:39:43.716039+00:00
[2024-12-05T00:39:44.166+0000] {warnings.py:112} WARNING - /home/***/.local/lib/python3.12/site-packages/***/task/task_runner/standard_task_runner.py:70: DeprecationWarning: This process (pid=133) is multi-threaded, use of fork() may lead to deadlocks in the child.
  pid = os.fork()

[2024-12-05T00:39:44.168+0000] {standard_task_runner.py:72} INFO - Started process 136 to run task
[2024-12-05T00:39:44.167+0000] {standard_task_runner.py:104} INFO - Running: ['***', 'tasks', 'run', 'rtve_canarias_schedule_scraper', 'scrape_canarias_rtve_schedule', 'manual__2024-12-05T00:39:43.716039+00:00', '--job-id', '564', '--raw', '--subdir', 'DAGS_FOLDER/dag_rtve_canarias_selenium.py', '--cfg-path', '/tmp/tmp37ln6yen']
[2024-12-05T00:39:44.169+0000] {standard_task_runner.py:105} INFO - Job 564: Subtask scrape_canarias_rtve_schedule
[2024-12-05T00:39:44.198+0000] {task_command.py:467} INFO - Running <TaskInstance: rtve_canarias_schedule_scraper.scrape_canarias_rtve_schedule manual__2024-12-05T00:39:43.716039+00:00 [running]> on host d88abb179e8d
[2024-12-05T00:39:44.245+0000] {taskinstance.py:3132} INFO - Exporting env vars: AIRFLOW_CTX_DAG_OWNER='***' AIRFLOW_CTX_DAG_ID='rtve_canarias_schedule_scraper' AIRFLOW_CTX_TASK_ID='scrape_canarias_rtve_schedule' AIRFLOW_CTX_EXECUTION_DATE='2024-12-05T00:39:43.716039+00:00' AIRFLOW_CTX_TRY_NUMBER='1' AIRFLOW_CTX_DAG_RUN_ID='manual__2024-12-05T00:39:43.716039+00:00'
[2024-12-05T00:39:44.246+0000] {taskinstance.py:731} INFO - ::endgroup::
[2024-12-05T00:39:50.920+0000] {logging_mixin.py:190} INFO - Archivo actualizado correctamente.
[2024-12-05T00:39:50.920+0000] {logging_mixin.py:190} INFO - Escrito el xmltv del canal "La 1 Canarias"
[2024-12-05T00:39:54.825+0000] {logging_mixin.py:190} INFO - Error: 422 {"message": "Invalid request.\n\n\"sha\" wasn't supplied.", "documentation_url": "https://docs.github.com/rest/repos/contents#create-or-update-file-contents", "status": "422"}
[2024-12-05T00:39:54.825+0000] {logging_mixin.py:190} INFO - Escrito el xmltv del canal "La 2 Canarias"
[2024-12-05T00:39:56.742+0000] {logging_mixin.py:190} INFO - Archivo actualizado correctamente.
[2024-12-05T00:39:56.743+0000] {logging_mixin.py:190} INFO - Escrito el xmltv del canal "24 horas Canarias"
[2024-12-05T00:39:56.824+0000] {python.py:240} INFO - Done. Returned value was: None
[2024-12-05T00:39:56.830+0000] {taskinstance.py:340} INFO - ::group::Post task execution logs
[2024-12-05T00:39:56.830+0000] {taskinstance.py:352} INFO - Marking task as SUCCESS. dag_id=rtve_canarias_schedule_scraper, task_id=scrape_canarias_rtve_schedule, run_id=manual__2024-12-05T00:39:43.716039+00:00, execution_date=20241205T003943, start_date=20241205T003944, end_date=20241205T003956
[2024-12-05T00:39:56.862+0000] {local_task_job_runner.py:266} INFO - Task exited with return code 0
[2024-12-05T00:39:56.876+0000] {taskinstance.py:3895} INFO - 1 downstream tasks scheduled from follow-on schedule check
[2024-12-05T00:39:56.877+0000] {local_task_job_runner.py:245} INFO - ::endgroup::
