[2024-12-06T12:53:42.978+0000] {local_task_job_runner.py:123} INFO - ::group::Pre task execution logs
[2024-12-06T12:53:42.991+0000] {taskinstance.py:2613} INFO - Dependencies all met for dep_context=non-requeueable deps ti=<TaskInstance: telemadrid_schedule_scraper_v2.PushAllInOne scheduled__2024-02-26T12:00:00+00:00 [queued]>
[2024-12-06T12:53:42.998+0000] {taskinstance.py:2613} INFO - Dependencies all met for dep_context=requeueable deps ti=<TaskInstance: telemadrid_schedule_scraper_v2.PushAllInOne scheduled__2024-02-26T12:00:00+00:00 [queued]>
[2024-12-06T12:53:42.998+0000] {taskinstance.py:2866} INFO - Starting attempt 1 of 5
[2024-12-06T12:53:43.010+0000] {taskinstance.py:2889} INFO - Executing <Task(_PythonDecoratedOperator): PushAllInOne> on 2024-02-26 12:00:00+00:00
[2024-12-06T12:53:43.015+0000] {warnings.py:112} WARNING - /home/***/.local/lib/python3.12/site-packages/***/task/task_runner/standard_task_runner.py:70: DeprecationWarning: This process (pid=567) is multi-threaded, use of fork() may lead to deadlocks in the child.
  pid = os.fork()

[2024-12-06T12:53:43.016+0000] {standard_task_runner.py:72} INFO - Started process 578 to run task
[2024-12-06T12:53:43.016+0000] {standard_task_runner.py:104} INFO - Running: ['***', 'tasks', 'run', 'telemadrid_schedule_scraper_v2', 'PushAllInOne', 'scheduled__2024-02-26T12:00:00+00:00', '--job-id', '1131', '--raw', '--subdir', 'DAGS_FOLDER/dag_telemadrid_v2.py', '--cfg-path', '/tmp/tmpbzvemek2']
[2024-12-06T12:53:43.018+0000] {standard_task_runner.py:105} INFO - Job 1131: Subtask PushAllInOne
[2024-12-06T12:53:43.056+0000] {task_command.py:467} INFO - Running <TaskInstance: telemadrid_schedule_scraper_v2.PushAllInOne scheduled__2024-02-26T12:00:00+00:00 [running]> on host 01ebcafa06b4
[2024-12-06T12:53:43.123+0000] {taskinstance.py:3132} INFO - Exporting env vars: AIRFLOW_CTX_DAG_OWNER='***' AIRFLOW_CTX_DAG_ID='telemadrid_schedule_scraper_v2' AIRFLOW_CTX_TASK_ID='PushAllInOne' AIRFLOW_CTX_EXECUTION_DATE='2024-02-26T12:00:00+00:00' AIRFLOW_CTX_TRY_NUMBER='1' AIRFLOW_CTX_DAG_RUN_ID='scheduled__2024-02-26T12:00:00+00:00'
[2024-12-06T12:53:43.124+0000] {taskinstance.py:731} INFO - ::endgroup::
[2024-12-06T12:53:47.619+0000] {logging_mixin.py:190} INFO - Error: 422 {"message": "Invalid request.\n\n\"sha\" wasn't supplied.", "documentation_url": "https://docs.github.com/rest/repos/contents#create-or-update-file-contents", "status": "422"}
[2024-12-06T12:53:47.621+0000] {python.py:240} INFO - Done. Returned value was: None
[2024-12-06T12:53:47.626+0000] {taskinstance.py:340} INFO - ::group::Post task execution logs
[2024-12-06T12:53:47.627+0000] {taskinstance.py:352} INFO - Marking task as SUCCESS. dag_id=telemadrid_schedule_scraper_v2, task_id=PushAllInOne, run_id=scheduled__2024-02-26T12:00:00+00:00, execution_date=20240226T120000, start_date=20241206T125342, end_date=20241206T125347
[2024-12-06T12:53:47.641+0000] {local_task_job_runner.py:266} INFO - Task exited with return code 0
[2024-12-06T12:53:47.650+0000] {taskinstance.py:3895} INFO - 0 downstream tasks scheduled from follow-on schedule check
[2024-12-06T12:53:47.651+0000] {local_task_job_runner.py:245} INFO - ::endgroup::
