[2024-12-09T14:56:29.795+0000] {local_task_job_runner.py:123} INFO - ::group::Pre task execution logs
[2024-12-09T14:56:29.808+0000] {taskinstance.py:2613} INFO - Dependencies all met for dep_context=non-requeueable deps ti=<TaskInstance: rtve_schedule_scraper.scrape_rtve_task scheduled__2024-12-08T23:30:00+00:00 [queued]>
[2024-12-09T14:56:29.814+0000] {taskinstance.py:2613} INFO - Dependencies all met for dep_context=requeueable deps ti=<TaskInstance: rtve_schedule_scraper.scrape_rtve_task scheduled__2024-12-08T23:30:00+00:00 [queued]>
[2024-12-09T14:56:29.815+0000] {taskinstance.py:2866} INFO - Starting attempt 1 of 4
[2024-12-09T14:56:29.826+0000] {taskinstance.py:2889} INFO - Executing <Task(_PythonDecoratedOperator): scrape_rtve_task> on 2024-12-08 23:30:00+00:00
[2024-12-09T14:56:29.834+0000] {warnings.py:112} WARNING - /home/***/.local/lib/python3.12/site-packages/***/task/task_runner/standard_task_runner.py:70: DeprecationWarning: This process (pid=99) is multi-threaded, use of fork() may lead to deadlocks in the child.
  pid = os.fork()

[2024-12-09T14:56:29.836+0000] {standard_task_runner.py:72} INFO - Started process 122 to run task
[2024-12-09T14:56:29.835+0000] {standard_task_runner.py:104} INFO - Running: ['***', 'tasks', 'run', 'rtve_schedule_scraper', 'scrape_rtve_task', 'scheduled__2024-12-08T23:30:00+00:00', '--job-id', '2191', '--raw', '--subdir', 'DAGS_FOLDER/dag_rtve_selenium.py', '--cfg-path', '/tmp/tmp8pdcjg55']
[2024-12-09T14:56:29.839+0000] {standard_task_runner.py:105} INFO - Job 2191: Subtask scrape_rtve_task
[2024-12-09T14:56:29.883+0000] {task_command.py:467} INFO - Running <TaskInstance: rtve_schedule_scraper.scrape_rtve_task scheduled__2024-12-08T23:30:00+00:00 [running]> on host b605548c7b8b
[2024-12-09T14:56:29.944+0000] {taskinstance.py:3132} INFO - Exporting env vars: AIRFLOW_CTX_DAG_OWNER='***' AIRFLOW_CTX_DAG_ID='rtve_schedule_scraper' AIRFLOW_CTX_TASK_ID='scrape_rtve_task' AIRFLOW_CTX_EXECUTION_DATE='2024-12-08T23:30:00+00:00' AIRFLOW_CTX_TRY_NUMBER='1' AIRFLOW_CTX_DAG_RUN_ID='scheduled__2024-12-08T23:30:00+00:00'
[2024-12-09T14:56:29.946+0000] {taskinstance.py:731} INFO - ::endgroup::
[2024-12-09T14:58:05.486+0000] {local_task_job_runner.py:346} WARNING - State of this instance has been externally set to success. Terminating instance.
[2024-12-09T14:58:05.487+0000] {local_task_job_runner.py:245} INFO - ::endgroup::
[2024-12-09T14:58:05.488+0000] {process_utils.py:132} INFO - Sending 15 to group 122. PIDs of all processes in the group: [122]
[2024-12-09T14:58:05.488+0000] {process_utils.py:87} INFO - Sending the signal 15 to group 122
[2024-12-09T14:58:05.489+0000] {taskinstance.py:3093} ERROR - Received SIGTERM. Terminating subprocesses.
[2024-12-09T14:58:05.497+0000] {taskinstance.py:340} INFO - ::group::Post task execution logs
[2024-12-09T14:58:05.502+0000] {process_utils.py:80} INFO - Process psutil.Process(pid=122, status='terminated', exitcode=0, started='14:56:29') (122) terminated with exit code 0
