[2024-12-04T18:52:43.524+0000] {local_task_job_runner.py:123} INFO - ::group::Pre task execution logs
[2024-12-04T18:52:43.533+0000] {taskinstance.py:2613} INFO - Dependencies all met for dep_context=non-requeueable deps ti=<TaskInstance: a3media_schedule_scraper.scrape_a3media_schedule manual__2024-12-04T18:52:42.708618+00:00 [queued]>
[2024-12-04T18:52:43.539+0000] {taskinstance.py:2613} INFO - Dependencies all met for dep_context=requeueable deps ti=<TaskInstance: a3media_schedule_scraper.scrape_a3media_schedule manual__2024-12-04T18:52:42.708618+00:00 [queued]>
[2024-12-04T18:52:43.539+0000] {taskinstance.py:2866} INFO - Starting attempt 1 of 2
[2024-12-04T18:52:43.547+0000] {taskinstance.py:2889} INFO - Executing <Task(PythonOperator): scrape_a3media_schedule> on 2024-12-04 18:52:42.708618+00:00
[2024-12-04T18:52:43.550+0000] {warnings.py:112} WARNING - /home/***/.local/lib/python3.12/site-packages/***/task/task_runner/standard_task_runner.py:70: DeprecationWarning: This process (pid=97) is multi-threaded, use of fork() may lead to deadlocks in the child.
  pid = os.fork()

[2024-12-04T18:52:43.552+0000] {standard_task_runner.py:72} INFO - Started process 98 to run task
[2024-12-04T18:52:43.552+0000] {standard_task_runner.py:104} INFO - Running: ['***', 'tasks', 'run', 'a3media_schedule_scraper', 'scrape_a3media_schedule', 'manual__2024-12-04T18:52:42.708618+00:00', '--job-id', '456', '--raw', '--subdir', 'DAGS_FOLDER/dag_atresmedia.py', '--cfg-path', '/tmp/tmpletwnyf3']
[2024-12-04T18:52:43.554+0000] {standard_task_runner.py:105} INFO - Job 456: Subtask scrape_a3media_schedule
[2024-12-04T18:52:43.579+0000] {task_command.py:467} INFO - Running <TaskInstance: a3media_schedule_scraper.scrape_a3media_schedule manual__2024-12-04T18:52:42.708618+00:00 [running]> on host d88abb179e8d
[2024-12-04T18:52:43.624+0000] {taskinstance.py:3132} INFO - Exporting env vars: AIRFLOW_CTX_DAG_OWNER='***' AIRFLOW_CTX_DAG_ID='a3media_schedule_scraper' AIRFLOW_CTX_TASK_ID='scrape_a3media_schedule' AIRFLOW_CTX_EXECUTION_DATE='2024-12-04T18:52:42.708618+00:00' AIRFLOW_CTX_TRY_NUMBER='1' AIRFLOW_CTX_DAG_RUN_ID='manual__2024-12-04T18:52:42.708618+00:00'
[2024-12-04T18:52:43.625+0000] {taskinstance.py:731} INFO - ::endgroup::
[2024-12-04T18:52:44.021+0000] {logging_mixin.py:190} INFO - Escrito el xmltv del canal "Antena 3"
[2024-12-04T18:52:46.007+0000] {logging_mixin.py:190} INFO - [INFO] Archivo actualizado correctamente
[2024-12-04T18:52:46.133+0000] {logging_mixin.py:190} INFO - Escrito el xmltv del canal "laSexta"
[2024-12-04T18:52:48.040+0000] {logging_mixin.py:190} INFO - [INFO] Archivo actualizado correctamente
[2024-12-04T18:52:48.171+0000] {logging_mixin.py:190} INFO - Escrito el xmltv del canal "Neox"
[2024-12-04T18:52:50.157+0000] {logging_mixin.py:190} INFO - [INFO] Archivo actualizado correctamente
[2024-12-04T18:52:50.420+0000] {logging_mixin.py:190} INFO - Escrito el xmltv del canal "Nova"
[2024-12-04T18:52:53.397+0000] {logging_mixin.py:190} INFO - [INFO] Archivo actualizado correctamente
[2024-12-04T18:52:53.805+0000] {logging_mixin.py:190} INFO - Escrito el xmltv del canal "Mega"
[2024-12-04T18:53:05.041+0000] {logging_mixin.py:190} INFO - [INFO] Archivo actualizado correctamente
[2024-12-04T18:53:05.368+0000] {logging_mixin.py:190} INFO - Escrito el xmltv del canal "Atreseries"
[2024-12-04T18:53:12.362+0000] {logging_mixin.py:190} INFO - [INFO] Archivo actualizado correctamente
[2024-12-04T18:53:12.363+0000] {python.py:240} INFO - Done. Returned value was: None
[2024-12-04T18:53:12.369+0000] {taskinstance.py:340} INFO - ::group::Post task execution logs
[2024-12-04T18:53:12.370+0000] {taskinstance.py:352} INFO - Marking task as SUCCESS. dag_id=a3media_schedule_scraper, task_id=scrape_a3media_schedule, run_id=manual__2024-12-04T18:52:42.708618+00:00, execution_date=20241204T185242, start_date=20241204T185243, end_date=20241204T185312
[2024-12-04T18:53:12.399+0000] {local_task_job_runner.py:266} INFO - Task exited with return code 0
[2024-12-04T18:53:12.406+0000] {taskinstance.py:3895} INFO - 0 downstream tasks scheduled from follow-on schedule check
[2024-12-04T18:53:12.407+0000] {local_task_job_runner.py:245} INFO - ::endgroup::
