[2024-12-06T12:53:12.691+0000] {local_task_job_runner.py:123} INFO - ::group::Pre task execution logs
[2024-12-06T12:53:12.705+0000] {taskinstance.py:2613} INFO - Dependencies all met for dep_context=non-requeueable deps ti=<TaskInstance: telemadrid_schedule_scraper_v2.PushAllInOne scheduled__2024-01-27T12:00:00+00:00 [queued]>
[2024-12-06T12:53:12.711+0000] {taskinstance.py:2613} INFO - Dependencies all met for dep_context=requeueable deps ti=<TaskInstance: telemadrid_schedule_scraper_v2.PushAllInOne scheduled__2024-01-27T12:00:00+00:00 [queued]>
[2024-12-06T12:53:12.712+0000] {taskinstance.py:2866} INFO - Starting attempt 1 of 5
[2024-12-06T12:53:12.719+0000] {taskinstance.py:2889} INFO - Executing <Task(_PythonDecoratedOperator): PushAllInOne> on 2024-01-27 12:00:00+00:00
[2024-12-06T12:53:12.725+0000] {warnings.py:112} WARNING - /home/***/.local/lib/python3.12/site-packages/***/task/task_runner/standard_task_runner.py:70: DeprecationWarning: This process (pid=313) is multi-threaded, use of fork() may lead to deadlocks in the child.
  pid = os.fork()

[2024-12-06T12:53:12.726+0000] {standard_task_runner.py:72} INFO - Started process 323 to run task
[2024-12-06T12:53:12.728+0000] {standard_task_runner.py:104} INFO - Running: ['***', 'tasks', 'run', 'telemadrid_schedule_scraper_v2', 'PushAllInOne', 'scheduled__2024-01-27T12:00:00+00:00', '--job-id', '1045', '--raw', '--subdir', 'DAGS_FOLDER/dag_telemadrid_v2.py', '--cfg-path', '/tmp/tmp86qca5ok']
[2024-12-06T12:53:12.730+0000] {standard_task_runner.py:105} INFO - Job 1045: Subtask PushAllInOne
[2024-12-06T12:53:12.761+0000] {task_command.py:467} INFO - Running <TaskInstance: telemadrid_schedule_scraper_v2.PushAllInOne scheduled__2024-01-27T12:00:00+00:00 [running]> on host 01ebcafa06b4
[2024-12-06T12:53:12.822+0000] {taskinstance.py:3132} INFO - Exporting env vars: AIRFLOW_CTX_DAG_OWNER='***' AIRFLOW_CTX_DAG_ID='telemadrid_schedule_scraper_v2' AIRFLOW_CTX_TASK_ID='PushAllInOne' AIRFLOW_CTX_EXECUTION_DATE='2024-01-27T12:00:00+00:00' AIRFLOW_CTX_TRY_NUMBER='1' AIRFLOW_CTX_DAG_RUN_ID='scheduled__2024-01-27T12:00:00+00:00'
[2024-12-06T12:53:12.823+0000] {taskinstance.py:731} INFO - ::endgroup::
[2024-12-06T12:53:18.141+0000] {logging_mixin.py:190} INFO - Error: 422 {"message": "Invalid request.\n\n\"sha\" wasn't supplied.", "documentation_url": "https://docs.github.com/rest/repos/contents#create-or-update-file-contents", "status": "422"}
[2024-12-06T12:53:18.142+0000] {python.py:240} INFO - Done. Returned value was: None
[2024-12-06T12:53:18.147+0000] {taskinstance.py:340} INFO - ::group::Post task execution logs
[2024-12-06T12:53:18.148+0000] {taskinstance.py:352} INFO - Marking task as SUCCESS. dag_id=telemadrid_schedule_scraper_v2, task_id=PushAllInOne, run_id=scheduled__2024-01-27T12:00:00+00:00, execution_date=20240127T120000, start_date=20241206T125312, end_date=20241206T125318
[2024-12-06T12:53:18.177+0000] {local_task_job_runner.py:266} INFO - Task exited with return code 0
[2024-12-06T12:53:18.185+0000] {taskinstance.py:3895} INFO - 0 downstream tasks scheduled from follow-on schedule check
[2024-12-06T12:53:18.186+0000] {local_task_job_runner.py:245} INFO - ::endgroup::
