[2024-12-11T23:30:01.333+0000] {local_task_job_runner.py:123} INFO - ::group::Pre task execution logs
[2024-12-11T23:30:01.344+0000] {taskinstance.py:2613} INFO - Dependencies all met for dep_context=non-requeueable deps ti=<TaskInstance: telemadrid_schedule_scraper.scrape_telemadrid_schedule scheduled__2024-12-11T17:30:00+00:00 [queued]>
[2024-12-11T23:30:01.349+0000] {taskinstance.py:2613} INFO - Dependencies all met for dep_context=requeueable deps ti=<TaskInstance: telemadrid_schedule_scraper.scrape_telemadrid_schedule scheduled__2024-12-11T17:30:00+00:00 [queued]>
[2024-12-11T23:30:01.350+0000] {taskinstance.py:2866} INFO - Starting attempt 1 of 4
[2024-12-11T23:30:01.359+0000] {taskinstance.py:2889} INFO - Executing <Task(_PythonDecoratedOperator): scrape_telemadrid_schedule> on 2024-12-11 17:30:00+00:00
[2024-12-11T23:30:01.363+0000] {warnings.py:112} WARNING - /home/***/.local/lib/python3.12/site-packages/***/task/task_runner/standard_task_runner.py:70: DeprecationWarning: This process (pid=7074) is multi-threaded, use of fork() may lead to deadlocks in the child.
  pid = os.fork()

[2024-12-11T23:30:01.365+0000] {standard_task_runner.py:72} INFO - Started process 7085 to run task
[2024-12-11T23:30:01.365+0000] {standard_task_runner.py:104} INFO - Running: ['***', 'tasks', 'run', 'telemadrid_schedule_scraper', 'scrape_telemadrid_schedule', 'scheduled__2024-12-11T17:30:00+00:00', '--job-id', '2328', '--raw', '--subdir', 'DAGS_FOLDER/dag_telemadrid.py', '--cfg-path', '/tmp/tmpy4o3m14o']
[2024-12-11T23:30:01.366+0000] {standard_task_runner.py:105} INFO - Job 2328: Subtask scrape_telemadrid_schedule
[2024-12-11T23:30:01.394+0000] {task_command.py:467} INFO - Running <TaskInstance: telemadrid_schedule_scraper.scrape_telemadrid_schedule scheduled__2024-12-11T17:30:00+00:00 [running]> on host b605548c7b8b
[2024-12-11T23:30:01.447+0000] {taskinstance.py:3132} INFO - Exporting env vars: AIRFLOW_CTX_DAG_OWNER='***' AIRFLOW_CTX_DAG_ID='telemadrid_schedule_scraper' AIRFLOW_CTX_TASK_ID='scrape_telemadrid_schedule' AIRFLOW_CTX_EXECUTION_DATE='2024-12-11T17:30:00+00:00' AIRFLOW_CTX_TRY_NUMBER='1' AIRFLOW_CTX_DAG_RUN_ID='scheduled__2024-12-11T17:30:00+00:00'
[2024-12-11T23:30:01.447+0000] {taskinstance.py:731} INFO - ::endgroup::
[2024-12-11T23:30:01.910+0000] {logging_mixin.py:190} INFO - Escrito el xmltv del canal "Telemadrid"
[2024-12-11T23:30:03.880+0000] {logging_mixin.py:190} INFO - Archivo actualizado correctamente.
[2024-12-11T23:30:03.881+0000] {python.py:240} INFO - Done. Returned value was: None
[2024-12-11T23:30:03.887+0000] {taskinstance.py:340} INFO - ::group::Post task execution logs
[2024-12-11T23:30:03.888+0000] {taskinstance.py:352} INFO - Marking task as SUCCESS. dag_id=telemadrid_schedule_scraper, task_id=scrape_telemadrid_schedule, run_id=scheduled__2024-12-11T17:30:00+00:00, execution_date=20241211T173000, start_date=20241211T233001, end_date=20241211T233003
[2024-12-11T23:30:03.946+0000] {local_task_job_runner.py:266} INFO - Task exited with return code 0
[2024-12-11T23:30:03.960+0000] {taskinstance.py:3895} INFO - 1 downstream tasks scheduled from follow-on schedule check
[2024-12-11T23:30:03.963+0000] {local_task_job_runner.py:245} INFO - ::endgroup::
