[2024-12-22T23:30:01.297+0000] {local_task_job_runner.py:123} INFO - ::group::Pre task execution logs
[2024-12-22T23:30:01.307+0000] {taskinstance.py:2613} INFO - Dependencies all met for dep_context=non-requeueable deps ti=<TaskInstance: mediaset_schedule_scraper.scrape_mediaset_schedule scheduled__2024-12-22T17:30:00+00:00 [queued]>
[2024-12-22T23:30:01.313+0000] {taskinstance.py:2613} INFO - Dependencies all met for dep_context=requeueable deps ti=<TaskInstance: mediaset_schedule_scraper.scrape_mediaset_schedule scheduled__2024-12-22T17:30:00+00:00 [queued]>
[2024-12-22T23:30:01.313+0000] {taskinstance.py:2866} INFO - Starting attempt 1 of 5
[2024-12-22T23:30:01.320+0000] {taskinstance.py:2889} INFO - Executing <Task(_PythonDecoratedOperator): scrape_mediaset_schedule> on 2024-12-22 17:30:00+00:00
[2024-12-22T23:30:01.324+0000] {warnings.py:112} WARNING - /home/***/.local/lib/python3.12/site-packages/***/task/task_runner/standard_task_runner.py:70: DeprecationWarning: This process (pid=1187) is multi-threaded, use of fork() may lead to deadlocks in the child.
  pid = os.fork()

[2024-12-22T23:30:01.326+0000] {standard_task_runner.py:72} INFO - Started process 1195 to run task
[2024-12-22T23:30:01.326+0000] {standard_task_runner.py:104} INFO - Running: ['***', 'tasks', 'run', 'mediaset_schedule_scraper', 'scrape_mediaset_schedule', 'scheduled__2024-12-22T17:30:00+00:00', '--job-id', '2617', '--raw', '--subdir', 'DAGS_FOLDER/dag_mediaset.py', '--cfg-path', '/tmp/tmpfwmguol8']
[2024-12-22T23:30:01.328+0000] {standard_task_runner.py:105} INFO - Job 2617: Subtask scrape_mediaset_schedule
[2024-12-22T23:30:01.358+0000] {task_command.py:467} INFO - Running <TaskInstance: mediaset_schedule_scraper.scrape_mediaset_schedule scheduled__2024-12-22T17:30:00+00:00 [running]> on host b605548c7b8b
[2024-12-22T23:30:01.405+0000] {taskinstance.py:3132} INFO - Exporting env vars: AIRFLOW_CTX_DAG_OWNER='***' AIRFLOW_CTX_DAG_ID='mediaset_schedule_scraper' AIRFLOW_CTX_TASK_ID='scrape_mediaset_schedule' AIRFLOW_CTX_EXECUTION_DATE='2024-12-22T17:30:00+00:00' AIRFLOW_CTX_TRY_NUMBER='1' AIRFLOW_CTX_DAG_RUN_ID='scheduled__2024-12-22T17:30:00+00:00'
[2024-12-22T23:30:01.407+0000] {taskinstance.py:731} INFO - ::endgroup::
[2024-12-22T23:30:06.047+0000] {logging_mixin.py:190} INFO - Generando XML para el canal Telecinco
[2024-12-22T23:30:06.050+0000] {logging_mixin.py:190} INFO - Escrito el xml del canal "Telecinco"
[2024-12-22T23:30:09.016+0000] {logging_mixin.py:190} INFO - Error: 422 {"message": "Invalid request.\n\n\"sha\" wasn't supplied.", "documentation_url": "https://docs.github.com/rest/repos/contents#create-or-update-file-contents", "status": "422"}
[2024-12-22T23:30:09.016+0000] {logging_mixin.py:190} INFO - Generando XML para el canal Cuatro
[2024-12-22T23:30:09.020+0000] {logging_mixin.py:190} INFO - Escrito el xml del canal "Cuatro"
[2024-12-22T23:30:10.813+0000] {logging_mixin.py:190} INFO - Archivo actualizado correctamente.
[2024-12-22T23:30:10.814+0000] {logging_mixin.py:190} INFO - Generando XML para el canal Mitele en la calle
[2024-12-22T23:30:10.817+0000] {logging_mixin.py:190} INFO - Escrito el xml del canal "Mitele en la calle"
[2024-12-22T23:30:12.799+0000] {logging_mixin.py:190} INFO - Archivo actualizado correctamente.
[2024-12-22T23:30:12.800+0000] {logging_mixin.py:190} INFO - Generando XML para el canal Mitele viajes
[2024-12-22T23:30:12.803+0000] {logging_mixin.py:190} INFO - Escrito el xml del canal "Mitele viajes"
[2024-12-22T23:30:14.557+0000] {logging_mixin.py:190} INFO - Archivo actualizado correctamente.
[2024-12-22T23:30:14.557+0000] {logging_mixin.py:190} INFO - Generando XML para el canal Mitele plus lqsa
[2024-12-22T23:30:14.560+0000] {logging_mixin.py:190} INFO - Escrito el xml del canal "Mitele plus lqsa"
[2024-12-22T23:30:16.348+0000] {logging_mixin.py:190} INFO - Archivo actualizado correctamente.
[2024-12-22T23:30:16.349+0000] {logging_mixin.py:190} INFO - Generando XML para el canal Mitele comedia
[2024-12-22T23:30:16.352+0000] {logging_mixin.py:190} INFO - Escrito el xml del canal "Mitele comedia"
[2024-12-22T23:30:17.914+0000] {logging_mixin.py:190} INFO - Archivo actualizado correctamente.
[2024-12-22T23:30:17.915+0000] {logging_mixin.py:190} INFO - Generando XML para el canal Mitele top series
[2024-12-22T23:30:17.917+0000] {logging_mixin.py:190} INFO - Escrito el xml del canal "Mitele top series"
[2024-12-22T23:30:19.586+0000] {logging_mixin.py:190} INFO - Archivo actualizado correctamente.
[2024-12-22T23:30:19.586+0000] {logging_mixin.py:190} INFO - Generando XML para el canal Divinity
[2024-12-22T23:30:19.590+0000] {logging_mixin.py:190} INFO - Escrito el xml del canal "Divinity"
[2024-12-22T23:30:21.614+0000] {logging_mixin.py:190} INFO - Archivo actualizado correctamente.
[2024-12-22T23:30:21.615+0000] {logging_mixin.py:190} INFO - Generando XML para el canal Fdf
[2024-12-22T23:30:21.618+0000] {logging_mixin.py:190} INFO - Escrito el xml del canal "Fdf"
[2024-12-22T23:30:23.243+0000] {logging_mixin.py:190} INFO - Archivo actualizado correctamente.
[2024-12-22T23:30:23.243+0000] {logging_mixin.py:190} INFO - Generando XML para el canal Energy
[2024-12-22T23:30:23.247+0000] {logging_mixin.py:190} INFO - Escrito el xml del canal "Energy"
[2024-12-22T23:30:25.074+0000] {logging_mixin.py:190} INFO - Archivo actualizado correctamente.
[2024-12-22T23:30:25.074+0000] {logging_mixin.py:190} INFO - Generando XML para el canal Bemad
[2024-12-22T23:30:25.077+0000] {logging_mixin.py:190} INFO - Escrito el xml del canal "Bemad"
[2024-12-22T23:30:26.707+0000] {logging_mixin.py:190} INFO - Archivo actualizado correctamente.
[2024-12-22T23:30:26.707+0000] {logging_mixin.py:190} INFO - Generando XML para el canal Boing
[2024-12-22T23:30:26.712+0000] {logging_mixin.py:190} INFO - Escrito el xml del canal "Boing"
[2024-12-22T23:30:28.732+0000] {logging_mixin.py:190} INFO - Archivo actualizado correctamente.
[2024-12-22T23:30:28.733+0000] {logging_mixin.py:190} INFO - Generando XML para el canal Acontraplus
[2024-12-22T23:30:28.736+0000] {logging_mixin.py:190} INFO - Escrito el xml del canal "Acontraplus"
[2024-12-22T23:30:30.380+0000] {logging_mixin.py:190} INFO - Archivo actualizado correctamente.
[2024-12-22T23:30:30.380+0000] {logging_mixin.py:190} INFO - Generando XML para el canal Fight sports
[2024-12-22T23:30:30.383+0000] {logging_mixin.py:190} INFO - Escrito el xml del canal "Fight sports"
[2024-12-22T23:30:32.141+0000] {logging_mixin.py:190} INFO - Archivo actualizado correctamente.
[2024-12-22T23:30:32.142+0000] {logging_mixin.py:190} INFO - Generando XML para el canal Mtmad 24h
[2024-12-22T23:30:32.143+0000] {logging_mixin.py:190} INFO - Escrito el xml del canal "Mtmad 24h"
[2024-12-22T23:30:34.927+0000] {logging_mixin.py:190} INFO - Error: 422 {"message": "Invalid request.\n\n\"sha\" wasn't supplied.", "documentation_url": "https://docs.github.com/rest/repos/contents#create-or-update-file-contents", "status": "422"}
[2024-12-22T23:30:34.929+0000] {python.py:240} INFO - Done. Returned value was: None
[2024-12-22T23:30:34.937+0000] {taskinstance.py:340} INFO - ::group::Post task execution logs
[2024-12-22T23:30:34.937+0000] {taskinstance.py:352} INFO - Marking task as SUCCESS. dag_id=mediaset_schedule_scraper, task_id=scrape_mediaset_schedule, run_id=scheduled__2024-12-22T17:30:00+00:00, execution_date=20241222T173000, start_date=20241222T233001, end_date=20241222T233034
[2024-12-22T23:30:34.967+0000] {local_task_job_runner.py:266} INFO - Task exited with return code 0
[2024-12-22T23:30:34.987+0000] {taskinstance.py:3895} INFO - 1 downstream tasks scheduled from follow-on schedule check
[2024-12-22T23:30:34.989+0000] {local_task_job_runner.py:245} INFO - ::endgroup::
