[2024-12-06T23:40:50.361+0000] {local_task_job_runner.py:123} INFO - ::group::Pre task execution logs
[2024-12-06T23:40:50.370+0000] {taskinstance.py:2613} INFO - Dependencies all met for dep_context=non-requeueable deps ti=<TaskInstance: mediaset_schedule_scraper.scrape_mediaset_schedule scheduled__2024-12-06T11:00:00+00:00 [queued]>
[2024-12-06T23:40:50.374+0000] {taskinstance.py:2613} INFO - Dependencies all met for dep_context=requeueable deps ti=<TaskInstance: mediaset_schedule_scraper.scrape_mediaset_schedule scheduled__2024-12-06T11:00:00+00:00 [queued]>
[2024-12-06T23:40:50.375+0000] {taskinstance.py:2866} INFO - Starting attempt 1 of 5
[2024-12-06T23:40:50.381+0000] {taskinstance.py:2889} INFO - Executing <Task(_PythonDecoratedOperator): scrape_mediaset_schedule> on 2024-12-06 11:00:00+00:00
[2024-12-06T23:40:50.385+0000] {warnings.py:112} WARNING - /home/***/.local/lib/python3.12/site-packages/***/task/task_runner/standard_task_runner.py:70: DeprecationWarning: This process (pid=5585) is multi-threaded, use of fork() may lead to deadlocks in the child.
  pid = os.fork()

[2024-12-06T23:40:50.386+0000] {standard_task_runner.py:72} INFO - Started process 5586 to run task
[2024-12-06T23:40:50.386+0000] {standard_task_runner.py:104} INFO - Running: ['***', 'tasks', 'run', 'mediaset_schedule_scraper', 'scrape_mediaset_schedule', 'scheduled__2024-12-06T11:00:00+00:00', '--job-id', '2005', '--raw', '--subdir', 'DAGS_FOLDER/dag_mediaset.py', '--cfg-path', '/tmp/tmpyk6zggzr']
[2024-12-06T23:40:50.387+0000] {standard_task_runner.py:105} INFO - Job 2005: Subtask scrape_mediaset_schedule
[2024-12-06T23:40:50.411+0000] {task_command.py:467} INFO - Running <TaskInstance: mediaset_schedule_scraper.scrape_mediaset_schedule scheduled__2024-12-06T11:00:00+00:00 [running]> on host b605548c7b8b
[2024-12-06T23:40:50.448+0000] {taskinstance.py:3132} INFO - Exporting env vars: AIRFLOW_CTX_DAG_OWNER='***' AIRFLOW_CTX_DAG_ID='mediaset_schedule_scraper' AIRFLOW_CTX_TASK_ID='scrape_mediaset_schedule' AIRFLOW_CTX_EXECUTION_DATE='2024-12-06T11:00:00+00:00' AIRFLOW_CTX_TRY_NUMBER='1' AIRFLOW_CTX_DAG_RUN_ID='scheduled__2024-12-06T11:00:00+00:00'
[2024-12-06T23:40:50.449+0000] {taskinstance.py:731} INFO - ::endgroup::
[2024-12-06T23:40:53.067+0000] {logging_mixin.py:190} INFO - Generando XML para el canal Telecinco
[2024-12-06T23:40:53.071+0000] {logging_mixin.py:190} INFO - Escrito el xml del canal "Telecinco"
[2024-12-06T23:40:54.758+0000] {logging_mixin.py:190} INFO - Archivo actualizado correctamente.
[2024-12-06T23:40:54.759+0000] {logging_mixin.py:190} INFO - Generando XML para el canal Cuatro
[2024-12-06T23:40:54.764+0000] {logging_mixin.py:190} INFO - Escrito el xml del canal "Cuatro"
[2024-12-06T23:40:57.291+0000] {logging_mixin.py:190} INFO - Archivo actualizado correctamente.
[2024-12-06T23:40:57.292+0000] {logging_mixin.py:190} INFO - Generando XML para el canal Gh 24h plus
[2024-12-06T23:40:57.293+0000] {logging_mixin.py:190} INFO - Escrito el xml del canal "Gh 24h plus"
[2024-12-06T23:40:59.020+0000] {logging_mixin.py:190} INFO - Archivo actualizado correctamente.
[2024-12-06T23:40:59.021+0000] {logging_mixin.py:190} INFO - Generando XML para el canal Gh 24h
[2024-12-06T23:40:59.023+0000] {logging_mixin.py:190} INFO - Escrito el xml del canal "Gh 24h"
[2024-12-06T23:41:00.602+0000] {logging_mixin.py:190} INFO - Archivo actualizado correctamente.
[2024-12-06T23:41:00.603+0000] {logging_mixin.py:190} INFO - Generando XML para el canal Mitele en la calle
[2024-12-06T23:41:00.608+0000] {logging_mixin.py:190} INFO - Escrito el xml del canal "Mitele en la calle"
[2024-12-06T23:41:02.421+0000] {logging_mixin.py:190} INFO - Archivo actualizado correctamente.
[2024-12-06T23:41:02.422+0000] {logging_mixin.py:190} INFO - Generando XML para el canal Mitele viajes
[2024-12-06T23:41:02.424+0000] {logging_mixin.py:190} INFO - Escrito el xml del canal "Mitele viajes"
[2024-12-06T23:41:04.128+0000] {logging_mixin.py:190} INFO - Archivo actualizado correctamente.
[2024-12-06T23:41:04.129+0000] {logging_mixin.py:190} INFO - Generando XML para el canal Mitele plus lqsa
[2024-12-06T23:41:04.132+0000] {logging_mixin.py:190} INFO - Escrito el xml del canal "Mitele plus lqsa"
[2024-12-06T23:41:05.765+0000] {logging_mixin.py:190} INFO - Archivo actualizado correctamente.
[2024-12-06T23:41:05.766+0000] {logging_mixin.py:190} INFO - Generando XML para el canal Mitele comedia
[2024-12-06T23:41:05.769+0000] {logging_mixin.py:190} INFO - Escrito el xml del canal "Mitele comedia"
[2024-12-06T23:41:07.480+0000] {logging_mixin.py:190} INFO - Archivo actualizado correctamente.
[2024-12-06T23:41:07.481+0000] {logging_mixin.py:190} INFO - Generando XML para el canal Mitele top series
[2024-12-06T23:41:07.485+0000] {logging_mixin.py:190} INFO - Escrito el xml del canal "Mitele top series"
[2024-12-06T23:41:09.317+0000] {logging_mixin.py:190} INFO - Archivo actualizado correctamente.
[2024-12-06T23:41:09.317+0000] {logging_mixin.py:190} INFO - Generando XML para el canal Divinity
[2024-12-06T23:41:09.322+0000] {logging_mixin.py:190} INFO - Escrito el xml del canal "Divinity"
[2024-12-06T23:41:11.190+0000] {logging_mixin.py:190} INFO - Archivo actualizado correctamente.
[2024-12-06T23:41:11.191+0000] {logging_mixin.py:190} INFO - Generando XML para el canal Fdf
[2024-12-06T23:41:11.194+0000] {logging_mixin.py:190} INFO - Escrito el xml del canal "Fdf"
[2024-12-06T23:41:12.869+0000] {logging_mixin.py:190} INFO - Archivo actualizado correctamente.
[2024-12-06T23:41:12.870+0000] {logging_mixin.py:190} INFO - Generando XML para el canal Energy
[2024-12-06T23:41:12.875+0000] {logging_mixin.py:190} INFO - Escrito el xml del canal "Energy"
[2024-12-06T23:41:14.524+0000] {logging_mixin.py:190} INFO - Archivo actualizado correctamente.
[2024-12-06T23:41:14.525+0000] {logging_mixin.py:190} INFO - Generando XML para el canal Bemad
[2024-12-06T23:41:14.529+0000] {logging_mixin.py:190} INFO - Escrito el xml del canal "Bemad"
[2024-12-06T23:41:16.263+0000] {logging_mixin.py:190} INFO - Archivo actualizado correctamente.
[2024-12-06T23:41:16.264+0000] {logging_mixin.py:190} INFO - Generando XML para el canal Boing
[2024-12-06T23:41:16.268+0000] {logging_mixin.py:190} INFO - Escrito el xml del canal "Boing"
[2024-12-06T23:41:18.065+0000] {logging_mixin.py:190} INFO - Archivo actualizado correctamente.
[2024-12-06T23:41:18.066+0000] {logging_mixin.py:190} INFO - Generando XML para el canal Acontraplus
[2024-12-06T23:41:18.069+0000] {logging_mixin.py:190} INFO - Escrito el xml del canal "Acontraplus"
[2024-12-06T23:41:19.697+0000] {logging_mixin.py:190} INFO - Archivo actualizado correctamente.
[2024-12-06T23:41:19.698+0000] {logging_mixin.py:190} INFO - Generando XML para el canal Fight sports
[2024-12-06T23:41:19.703+0000] {logging_mixin.py:190} INFO - Escrito el xml del canal "Fight sports"
[2024-12-06T23:41:21.394+0000] {logging_mixin.py:190} INFO - Archivo actualizado correctamente.
[2024-12-06T23:41:21.395+0000] {logging_mixin.py:190} INFO - Generando XML para el canal Mtmad 24h
[2024-12-06T23:41:21.398+0000] {logging_mixin.py:190} INFO - Escrito el xml del canal "Mtmad 24h"
[2024-12-06T23:41:23.066+0000] {logging_mixin.py:190} INFO - Archivo actualizado correctamente.
[2024-12-06T23:41:23.067+0000] {python.py:240} INFO - Done. Returned value was: None
[2024-12-06T23:41:23.073+0000] {taskinstance.py:340} INFO - ::group::Post task execution logs
[2024-12-06T23:41:23.073+0000] {taskinstance.py:352} INFO - Marking task as SUCCESS. dag_id=mediaset_schedule_scraper, task_id=scrape_mediaset_schedule, run_id=scheduled__2024-12-06T11:00:00+00:00, execution_date=20241206T110000, start_date=20241206T234050, end_date=20241206T234123
[2024-12-06T23:41:23.103+0000] {local_task_job_runner.py:266} INFO - Task exited with return code 0
[2024-12-06T23:41:23.116+0000] {taskinstance.py:3895} INFO - 1 downstream tasks scheduled from follow-on schedule check
[2024-12-06T23:41:23.117+0000] {local_task_job_runner.py:245} INFO - ::endgroup::
