[2024-12-04T17:58:03.393+0000] {local_task_job_runner.py:123} INFO - ::group::Pre task execution logs
[2024-12-04T17:58:03.401+0000] {taskinstance.py:2613} INFO - Dependencies all met for dep_context=non-requeueable deps ti=<TaskInstance: mitele_schedule_scraper.scrape_mitele_schedule manual__2024-12-04T17:53:02.085829+00:00 [queued]>
[2024-12-04T17:58:03.406+0000] {taskinstance.py:2613} INFO - Dependencies all met for dep_context=requeueable deps ti=<TaskInstance: mitele_schedule_scraper.scrape_mitele_schedule manual__2024-12-04T17:53:02.085829+00:00 [queued]>
[2024-12-04T17:58:03.406+0000] {taskinstance.py:2866} INFO - Starting attempt 2 of 2
[2024-12-04T17:58:03.413+0000] {taskinstance.py:2889} INFO - Executing <Task(PythonOperator): scrape_mitele_schedule> on 2024-12-04 17:53:02.085829+00:00
[2024-12-04T17:58:03.416+0000] {warnings.py:112} WARNING - /home/***/.local/lib/python3.12/site-packages/***/task/task_runner/standard_task_runner.py:70: DeprecationWarning: This process (pid=132) is multi-threaded, use of fork() may lead to deadlocks in the child.
  pid = os.fork()

[2024-12-04T17:58:03.417+0000] {standard_task_runner.py:72} INFO - Started process 133 to run task
[2024-12-04T17:58:03.417+0000] {standard_task_runner.py:104} INFO - Running: ['***', 'tasks', 'run', 'mitele_schedule_scraper', 'scrape_mitele_schedule', 'manual__2024-12-04T17:53:02.085829+00:00', '--job-id', '447', '--raw', '--subdir', 'DAGS_FOLDER/dag_mitele.py', '--cfg-path', '/tmp/tmpisw7bq3h']
[2024-12-04T17:58:03.419+0000] {standard_task_runner.py:105} INFO - Job 447: Subtask scrape_mitele_schedule
[2024-12-04T17:58:03.440+0000] {task_command.py:467} INFO - Running <TaskInstance: mitele_schedule_scraper.scrape_mitele_schedule manual__2024-12-04T17:53:02.085829+00:00 [running]> on host d88abb179e8d
[2024-12-04T17:58:03.480+0000] {taskinstance.py:3132} INFO - Exporting env vars: AIRFLOW_CTX_DAG_OWNER='***' AIRFLOW_CTX_DAG_ID='mitele_schedule_scraper' AIRFLOW_CTX_TASK_ID='scrape_mitele_schedule' AIRFLOW_CTX_EXECUTION_DATE='2024-12-04T17:53:02.085829+00:00' AIRFLOW_CTX_TRY_NUMBER='2' AIRFLOW_CTX_DAG_RUN_ID='manual__2024-12-04T17:53:02.085829+00:00'
[2024-12-04T17:58:03.480+0000] {taskinstance.py:731} INFO - ::endgroup::
[2024-12-04T17:58:07.380+0000] {logging_mixin.py:190} INFO - Generando XML para el canal Telecinco
[2024-12-04T17:58:07.384+0000] {logging_mixin.py:190} INFO - Escrito el xmltv del canal "Telecinco"
[2024-12-04T17:58:09.192+0000] {logging_mixin.py:190} INFO - Error: cannot access local variable 'response' where it is not associated with a value
[2024-12-04T17:58:09.193+0000] {logging_mixin.py:190} INFO - Generando XML para el canal Cuatro
[2024-12-04T17:58:09.197+0000] {logging_mixin.py:190} INFO - Escrito el xmltv del canal "Cuatro"
[2024-12-04T17:58:11.002+0000] {logging_mixin.py:190} INFO - Error: cannot access local variable 'response' where it is not associated with a value
[2024-12-04T17:58:11.003+0000] {logging_mixin.py:190} INFO - Generando XML para el canal Gh-24h-plus
[2024-12-04T17:58:11.006+0000] {logging_mixin.py:190} INFO - Escrito el xmltv del canal "Gh-24h-plus"
[2024-12-04T17:58:12.788+0000] {logging_mixin.py:190} INFO - Error: cannot access local variable 'response' where it is not associated with a value
[2024-12-04T17:58:12.789+0000] {logging_mixin.py:190} INFO - Generando XML para el canal Gh-24h
[2024-12-04T17:58:12.792+0000] {logging_mixin.py:190} INFO - Escrito el xmltv del canal "Gh-24h"
[2024-12-04T17:58:14.506+0000] {logging_mixin.py:190} INFO - Error: cannot access local variable 'response' where it is not associated with a value
[2024-12-04T17:58:14.507+0000] {logging_mixin.py:190} INFO - Generando XML para el canal Mitele-en-la-calle
[2024-12-04T17:58:14.511+0000] {logging_mixin.py:190} INFO - Escrito el xmltv del canal "Mitele-en-la-calle"
[2024-12-04T17:58:16.720+0000] {logging_mixin.py:190} INFO - Error: cannot access local variable 'response' where it is not associated with a value
[2024-12-04T17:58:16.721+0000] {logging_mixin.py:190} INFO - Generando XML para el canal Mitele-viajes
[2024-12-04T17:58:16.724+0000] {logging_mixin.py:190} INFO - Escrito el xmltv del canal "Mitele-viajes"
[2024-12-04T17:58:18.572+0000] {logging_mixin.py:190} INFO - Error: cannot access local variable 'response' where it is not associated with a value
[2024-12-04T17:58:18.572+0000] {logging_mixin.py:190} INFO - Generando XML para el canal Mitele-plus-lqsa
[2024-12-04T17:58:18.576+0000] {logging_mixin.py:190} INFO - Escrito el xmltv del canal "Mitele-plus-lqsa"
[2024-12-04T17:58:20.427+0000] {logging_mixin.py:190} INFO - Error: cannot access local variable 'response' where it is not associated with a value
[2024-12-04T17:58:20.428+0000] {logging_mixin.py:190} INFO - Generando XML para el canal Mitele-comedia
[2024-12-04T17:58:21.203+0000] {logging_mixin.py:190} INFO - Escrito el xmltv del canal "Mitele-comedia"
[2024-12-04T17:58:22.898+0000] {logging_mixin.py:190} INFO - Error: cannot access local variable 'response' where it is not associated with a value
[2024-12-04T17:58:22.899+0000] {logging_mixin.py:190} INFO - Generando XML para el canal Mitele-top-series
[2024-12-04T17:58:22.904+0000] {logging_mixin.py:190} INFO - Escrito el xmltv del canal "Mitele-top-series"
[2024-12-04T17:58:24.649+0000] {logging_mixin.py:190} INFO - Error: cannot access local variable 'response' where it is not associated with a value
[2024-12-04T17:58:24.649+0000] {logging_mixin.py:190} INFO - Generando XML para el canal Divinity
[2024-12-04T17:58:24.653+0000] {logging_mixin.py:190} INFO - Escrito el xmltv del canal "Divinity"
[2024-12-04T17:58:26.530+0000] {logging_mixin.py:190} INFO - Error: cannot access local variable 'response' where it is not associated with a value
[2024-12-04T17:58:26.531+0000] {logging_mixin.py:190} INFO - Generando XML para el canal Fdf
[2024-12-04T17:58:26.534+0000] {logging_mixin.py:190} INFO - Escrito el xmltv del canal "Fdf"
[2024-12-04T17:58:28.407+0000] {logging_mixin.py:190} INFO - Error: cannot access local variable 'response' where it is not associated with a value
[2024-12-04T17:58:28.408+0000] {logging_mixin.py:190} INFO - Generando XML para el canal Energy
[2024-12-04T17:58:28.412+0000] {logging_mixin.py:190} INFO - Escrito el xmltv del canal "Energy"
[2024-12-04T17:58:30.370+0000] {logging_mixin.py:190} INFO - Error: cannot access local variable 'response' where it is not associated with a value
[2024-12-04T17:58:30.371+0000] {logging_mixin.py:190} INFO - Generando XML para el canal Bemad
[2024-12-04T17:58:30.373+0000] {logging_mixin.py:190} INFO - Escrito el xmltv del canal "Bemad"
[2024-12-04T17:58:32.128+0000] {logging_mixin.py:190} INFO - Error: cannot access local variable 'response' where it is not associated with a value
[2024-12-04T17:58:32.129+0000] {logging_mixin.py:190} INFO - Generando XML para el canal Boing
[2024-12-04T17:58:32.136+0000] {logging_mixin.py:190} INFO - Escrito el xmltv del canal "Boing"
[2024-12-04T17:58:34.018+0000] {logging_mixin.py:190} INFO - Error: cannot access local variable 'response' where it is not associated with a value
[2024-12-04T17:58:34.019+0000] {logging_mixin.py:190} INFO - Generando XML para el canal Acontraplus
[2024-12-04T17:58:34.023+0000] {logging_mixin.py:190} INFO - Escrito el xmltv del canal "Acontraplus"
[2024-12-04T17:58:35.755+0000] {logging_mixin.py:190} INFO - Error: cannot access local variable 'response' where it is not associated with a value
[2024-12-04T17:58:35.756+0000] {logging_mixin.py:190} INFO - Generando XML para el canal Fight-sports
[2024-12-04T17:58:35.760+0000] {logging_mixin.py:190} INFO - Escrito el xmltv del canal "Fight-sports"
[2024-12-04T17:58:37.712+0000] {logging_mixin.py:190} INFO - Error: cannot access local variable 'response' where it is not associated with a value
[2024-12-04T17:58:37.713+0000] {logging_mixin.py:190} INFO - Generando XML para el canal Mtmad-24h
[2024-12-04T17:58:37.716+0000] {logging_mixin.py:190} INFO - Escrito el xmltv del canal "Mtmad-24h"
[2024-12-04T17:58:39.590+0000] {logging_mixin.py:190} INFO - Error: cannot access local variable 'response' where it is not associated with a value
[2024-12-04T17:58:39.590+0000] {logging_mixin.py:190} INFO - Generando XML para el canal Informativos-directo
[2024-12-04T17:58:39.592+0000] {logging_mixin.py:190} INFO - Escrito el xmltv del canal "Informativos-directo"
[2024-12-04T17:58:41.345+0000] {logging_mixin.py:190} INFO - Error: cannot access local variable 'response' where it is not associated with a value
[2024-12-04T17:58:41.346+0000] {logging_mixin.py:190} INFO - Generando XML para el canal Bemad-digital-hbbtv
[2024-12-04T17:58:41.349+0000] {logging_mixin.py:190} INFO - Escrito el xmltv del canal "Bemad-digital-hbbtv"
[2024-12-04T17:58:43.196+0000] {logging_mixin.py:190} INFO - Error: cannot access local variable 'response' where it is not associated with a value
[2024-12-04T17:58:43.197+0000] {logging_mixin.py:190} INFO - Generando XML para el canal Nius1
[2024-12-04T17:58:43.200+0000] {logging_mixin.py:190} INFO - Escrito el xmltv del canal "Nius1"
[2024-12-04T17:58:45.031+0000] {logging_mixin.py:190} INFO - Error: cannot access local variable 'response' where it is not associated with a value
[2024-12-04T17:58:45.032+0000] {logging_mixin.py:190} INFO - Generando XML para el canal Nius2
[2024-12-04T17:58:45.034+0000] {logging_mixin.py:190} INFO - Escrito el xmltv del canal "Nius2"
[2024-12-04T17:58:46.720+0000] {logging_mixin.py:190} INFO - Error: cannot access local variable 'response' where it is not associated with a value
[2024-12-04T17:58:46.721+0000] {logging_mixin.py:190} INFO - Generando XML para el canal A1-padel
[2024-12-04T17:58:46.724+0000] {logging_mixin.py:190} INFO - Escrito el xmltv del canal "A1-padel"
[2024-12-04T17:58:48.505+0000] {logging_mixin.py:190} INFO - Error: cannot access local variable 'response' where it is not associated with a value
[2024-12-04T17:58:48.506+0000] {python.py:240} INFO - Done. Returned value was: None
[2024-12-04T17:58:48.512+0000] {taskinstance.py:340} INFO - ::group::Post task execution logs
[2024-12-04T17:58:48.512+0000] {taskinstance.py:352} INFO - Marking task as SUCCESS. dag_id=mitele_schedule_scraper, task_id=scrape_mitele_schedule, run_id=manual__2024-12-04T17:53:02.085829+00:00, execution_date=20241204T175302, start_date=20241204T175803, end_date=20241204T175848
[2024-12-04T17:58:48.560+0000] {local_task_job_runner.py:266} INFO - Task exited with return code 0
[2024-12-04T17:58:48.568+0000] {taskinstance.py:3895} INFO - 0 downstream tasks scheduled from follow-on schedule check
[2024-12-04T17:58:48.569+0000] {local_task_job_runner.py:245} INFO - ::endgroup::
