[2024-12-05T23:23:00.455+0000] {local_task_job_runner.py:123} INFO - ::group::Pre task execution logs
[2024-12-05T23:23:00.464+0000] {taskinstance.py:2613} INFO - Dependencies all met for dep_context=non-requeueable deps ti=<TaskInstance: mediaset_schedule_scraper.scrape_mitele_schedule manual__2024-12-05T23:22:59.172644+00:00 [queued]>
[2024-12-05T23:23:00.469+0000] {taskinstance.py:2613} INFO - Dependencies all met for dep_context=requeueable deps ti=<TaskInstance: mediaset_schedule_scraper.scrape_mitele_schedule manual__2024-12-05T23:22:59.172644+00:00 [queued]>
[2024-12-05T23:23:00.469+0000] {taskinstance.py:2866} INFO - Starting attempt 1 of 2
[2024-12-05T23:23:00.476+0000] {taskinstance.py:2889} INFO - Executing <Task(PythonOperator): scrape_mitele_schedule> on 2024-12-05 23:22:59.172644+00:00
[2024-12-05T23:23:00.479+0000] {warnings.py:112} WARNING - /home/***/.local/lib/python3.12/site-packages/***/task/task_runner/standard_task_runner.py:70: DeprecationWarning: This process (pid=196) is multi-threaded, use of fork() may lead to deadlocks in the child.
  pid = os.fork()

[2024-12-05T23:23:00.480+0000] {standard_task_runner.py:72} INFO - Started process 197 to run task
[2024-12-05T23:23:00.480+0000] {standard_task_runner.py:104} INFO - Running: ['***', 'tasks', 'run', 'mediaset_schedule_scraper', 'scrape_mitele_schedule', 'manual__2024-12-05T23:22:59.172644+00:00', '--job-id', '603', '--raw', '--subdir', 'DAGS_FOLDER/dag_mediaset.py', '--cfg-path', '/tmp/tmpuwsy8oqq']
[2024-12-05T23:23:00.482+0000] {standard_task_runner.py:105} INFO - Job 603: Subtask scrape_mitele_schedule
[2024-12-05T23:23:00.509+0000] {task_command.py:467} INFO - Running <TaskInstance: mediaset_schedule_scraper.scrape_mitele_schedule manual__2024-12-05T23:22:59.172644+00:00 [running]> on host d88abb179e8d
[2024-12-05T23:23:00.549+0000] {taskinstance.py:3132} INFO - Exporting env vars: AIRFLOW_CTX_DAG_OWNER='***' AIRFLOW_CTX_DAG_ID='mediaset_schedule_scraper' AIRFLOW_CTX_TASK_ID='scrape_mitele_schedule' AIRFLOW_CTX_EXECUTION_DATE='2024-12-05T23:22:59.172644+00:00' AIRFLOW_CTX_TRY_NUMBER='1' AIRFLOW_CTX_DAG_RUN_ID='manual__2024-12-05T23:22:59.172644+00:00'
[2024-12-05T23:23:00.550+0000] {taskinstance.py:731} INFO - ::endgroup::
[2024-12-05T23:23:10.229+0000] {logging_mixin.py:190} INFO - Generando XML para el canal Telecinco
[2024-12-05T23:23:10.232+0000] {logging_mixin.py:190} INFO - Escrito el xml del canal "Telecinco"
[2024-12-05T23:23:12.087+0000] {logging_mixin.py:190} INFO - Archivo actualizado correctamente.
[2024-12-05T23:23:12.087+0000] {logging_mixin.py:190} INFO - Generando XML para el canal Cuatro
[2024-12-05T23:23:12.091+0000] {logging_mixin.py:190} INFO - Escrito el xml del canal "Cuatro"
[2024-12-05T23:23:14.181+0000] {logging_mixin.py:190} INFO - Archivo actualizado correctamente.
[2024-12-05T23:23:14.181+0000] {logging_mixin.py:190} INFO - Generando XML para el canal Gh 24h plus
[2024-12-05T23:23:14.184+0000] {logging_mixin.py:190} INFO - Escrito el xml del canal "Gh 24h plus"
[2024-12-05T23:23:16.016+0000] {logging_mixin.py:190} INFO - Archivo actualizado correctamente.
[2024-12-05T23:23:16.017+0000] {logging_mixin.py:190} INFO - Generando XML para el canal Gh 24h
[2024-12-05T23:23:16.019+0000] {logging_mixin.py:190} INFO - Escrito el xml del canal "Gh 24h"
[2024-12-05T23:23:17.711+0000] {logging_mixin.py:190} INFO - Archivo actualizado correctamente.
[2024-12-05T23:23:17.711+0000] {logging_mixin.py:190} INFO - Generando XML para el canal Mitele en la calle
[2024-12-05T23:23:17.714+0000] {logging_mixin.py:190} INFO - Escrito el xml del canal "Mitele en la calle"
[2024-12-05T23:23:19.707+0000] {logging_mixin.py:190} INFO - Archivo actualizado correctamente.
[2024-12-05T23:23:19.708+0000] {logging_mixin.py:190} INFO - Generando XML para el canal Mitele viajes
[2024-12-05T23:23:19.711+0000] {logging_mixin.py:190} INFO - Escrito el xml del canal "Mitele viajes"
[2024-12-05T23:23:21.624+0000] {logging_mixin.py:190} INFO - Archivo actualizado correctamente.
[2024-12-05T23:23:21.624+0000] {logging_mixin.py:190} INFO - Generando XML para el canal Mitele plus lqsa
[2024-12-05T23:23:21.628+0000] {logging_mixin.py:190} INFO - Escrito el xml del canal "Mitele plus lqsa"
[2024-12-05T23:23:23.514+0000] {logging_mixin.py:190} INFO - Archivo actualizado correctamente.
[2024-12-05T23:23:23.515+0000] {logging_mixin.py:190} INFO - Generando XML para el canal Mitele comedia
[2024-12-05T23:23:23.518+0000] {logging_mixin.py:190} INFO - Escrito el xml del canal "Mitele comedia"
[2024-12-05T23:23:25.356+0000] {logging_mixin.py:190} INFO - Archivo actualizado correctamente.
[2024-12-05T23:23:25.357+0000] {logging_mixin.py:190} INFO - Generando XML para el canal Mitele top series
[2024-12-05T23:23:25.361+0000] {logging_mixin.py:190} INFO - Escrito el xml del canal "Mitele top series"
[2024-12-05T23:23:27.413+0000] {logging_mixin.py:190} INFO - Archivo actualizado correctamente.
[2024-12-05T23:23:27.414+0000] {logging_mixin.py:190} INFO - Generando XML para el canal Divinity
[2024-12-05T23:23:27.418+0000] {logging_mixin.py:190} INFO - Escrito el xml del canal "Divinity"
[2024-12-05T23:23:29.597+0000] {logging_mixin.py:190} INFO - Archivo actualizado correctamente.
[2024-12-05T23:23:29.597+0000] {logging_mixin.py:190} INFO - Generando XML para el canal Fdf
[2024-12-05T23:23:29.601+0000] {logging_mixin.py:190} INFO - Escrito el xml del canal "Fdf"
[2024-12-05T23:23:31.523+0000] {logging_mixin.py:190} INFO - Archivo actualizado correctamente.
[2024-12-05T23:23:31.524+0000] {logging_mixin.py:190} INFO - Generando XML para el canal Energy
[2024-12-05T23:23:31.529+0000] {logging_mixin.py:190} INFO - Escrito el xml del canal "Energy"
[2024-12-05T23:23:34.974+0000] {logging_mixin.py:190} INFO - Error: 422 {"message": "Invalid request.\n\n\"sha\" wasn't supplied.", "documentation_url": "https://docs.github.com/rest/repos/contents#create-or-update-file-contents", "status": "422"}
[2024-12-05T23:23:34.974+0000] {logging_mixin.py:190} INFO - Generando XML para el canal Bemad
[2024-12-05T23:23:34.977+0000] {logging_mixin.py:190} INFO - Escrito el xml del canal "Bemad"
[2024-12-05T23:23:37.083+0000] {logging_mixin.py:190} INFO - Archivo actualizado correctamente.
[2024-12-05T23:23:37.084+0000] {logging_mixin.py:190} INFO - Generando XML para el canal Boing
[2024-12-05T23:23:37.088+0000] {logging_mixin.py:190} INFO - Escrito el xml del canal "Boing"
[2024-12-05T23:23:39.268+0000] {logging_mixin.py:190} INFO - Archivo actualizado correctamente.
[2024-12-05T23:23:39.268+0000] {logging_mixin.py:190} INFO - Generando XML para el canal Acontraplus
[2024-12-05T23:23:39.272+0000] {logging_mixin.py:190} INFO - Escrito el xml del canal "Acontraplus"
[2024-12-05T23:23:41.136+0000] {logging_mixin.py:190} INFO - Archivo actualizado correctamente.
[2024-12-05T23:23:41.137+0000] {logging_mixin.py:190} INFO - Generando XML para el canal Fight sports
[2024-12-05T23:23:41.140+0000] {logging_mixin.py:190} INFO - Escrito el xml del canal "Fight sports"
[2024-12-05T23:23:43.094+0000] {logging_mixin.py:190} INFO - Archivo actualizado correctamente.
[2024-12-05T23:23:43.094+0000] {logging_mixin.py:190} INFO - Generando XML para el canal Mtmad 24h
[2024-12-05T23:23:43.096+0000] {logging_mixin.py:190} INFO - Escrito el xml del canal "Mtmad 24h"
[2024-12-05T23:23:44.812+0000] {logging_mixin.py:190} INFO - Archivo actualizado correctamente.
[2024-12-05T23:23:44.814+0000] {python.py:240} INFO - Done. Returned value was: None
[2024-12-05T23:23:44.821+0000] {taskinstance.py:340} INFO - ::group::Post task execution logs
[2024-12-05T23:23:44.821+0000] {taskinstance.py:352} INFO - Marking task as SUCCESS. dag_id=mediaset_schedule_scraper, task_id=scrape_mitele_schedule, run_id=manual__2024-12-05T23:22:59.172644+00:00, execution_date=20241205T232259, start_date=20241205T232300, end_date=20241205T232344
[2024-12-05T23:23:44.848+0000] {local_task_job_runner.py:266} INFO - Task exited with return code 0
[2024-12-05T23:23:44.860+0000] {taskinstance.py:3895} INFO - 1 downstream tasks scheduled from follow-on schedule check
[2024-12-05T23:23:44.861+0000] {local_task_job_runner.py:245} INFO - ::endgroup::
