[2024-12-07T11:46:41.183+0000] {local_task_job_runner.py:123} INFO - ::group::Pre task execution logs
[2024-12-07T11:46:41.192+0000] {taskinstance.py:2613} INFO - Dependencies all met for dep_context=non-requeueable deps ti=<TaskInstance: rtve_canarias_schedule_scraper.MergeAllXML scheduled__2024-12-06T23:00:00+00:00 [queued]>
[2024-12-07T11:46:41.196+0000] {taskinstance.py:2613} INFO - Dependencies all met for dep_context=requeueable deps ti=<TaskInstance: rtve_canarias_schedule_scraper.MergeAllXML scheduled__2024-12-06T23:00:00+00:00 [queued]>
[2024-12-07T11:46:41.197+0000] {taskinstance.py:2866} INFO - Starting attempt 1 of 5
[2024-12-07T11:46:41.205+0000] {taskinstance.py:2889} INFO - Executing <Task(_PythonDecoratedOperator): MergeAllXML> on 2024-12-06 23:00:00+00:00
[2024-12-07T11:46:41.209+0000] {warnings.py:112} WARNING - /home/***/.local/lib/python3.12/site-packages/***/task/task_runner/standard_task_runner.py:70: DeprecationWarning: This process (pid=223) is multi-threaded, use of fork() may lead to deadlocks in the child.
  pid = os.fork()

[2024-12-07T11:46:41.209+0000] {standard_task_runner.py:72} INFO - Started process 224 to run task
[2024-12-07T11:46:41.210+0000] {standard_task_runner.py:104} INFO - Running: ['***', 'tasks', 'run', 'rtve_canarias_schedule_scraper', 'MergeAllXML', 'scheduled__2024-12-06T23:00:00+00:00', '--job-id', '2026', '--raw', '--subdir', 'DAGS_FOLDER/dag_rtve_canarias_selenium.py', '--cfg-path', '/tmp/tmpn7v6fjdh']
[2024-12-07T11:46:41.211+0000] {standard_task_runner.py:105} INFO - Job 2026: Subtask MergeAllXML
[2024-12-07T11:46:41.234+0000] {task_command.py:467} INFO - Running <TaskInstance: rtve_canarias_schedule_scraper.MergeAllXML scheduled__2024-12-06T23:00:00+00:00 [running]> on host b605548c7b8b
[2024-12-07T11:46:41.274+0000] {taskinstance.py:3132} INFO - Exporting env vars: AIRFLOW_CTX_DAG_OWNER='***' AIRFLOW_CTX_DAG_ID='rtve_canarias_schedule_scraper' AIRFLOW_CTX_TASK_ID='MergeAllXML' AIRFLOW_CTX_EXECUTION_DATE='2024-12-06T23:00:00+00:00' AIRFLOW_CTX_TRY_NUMBER='1' AIRFLOW_CTX_DAG_RUN_ID='scheduled__2024-12-06T23:00:00+00:00'
[2024-12-07T11:46:41.275+0000] {taskinstance.py:731} INFO - ::endgroup::
[2024-12-07T11:46:41.486+0000] {logging_mixin.py:190} INFO - [INFO] Generado el archivo "all_in_one.xml"
[2024-12-07T11:46:41.487+0000] {python.py:240} INFO - Done. Returned value was: None
[2024-12-07T11:46:41.493+0000] {taskinstance.py:340} INFO - ::group::Post task execution logs
[2024-12-07T11:46:41.494+0000] {taskinstance.py:352} INFO - Marking task as SUCCESS. dag_id=rtve_canarias_schedule_scraper, task_id=MergeAllXML, run_id=scheduled__2024-12-06T23:00:00+00:00, execution_date=20241206T230000, start_date=20241207T114641, end_date=20241207T114641
[2024-12-07T11:46:41.543+0000] {local_task_job_runner.py:266} INFO - Task exited with return code 0
[2024-12-07T11:46:41.555+0000] {taskinstance.py:3895} INFO - 1 downstream tasks scheduled from follow-on schedule check
[2024-12-07T11:46:41.556+0000] {local_task_job_runner.py:245} INFO - ::endgroup::
