[2024-12-06T17:04:41.554+0000] {local_task_job_runner.py:123} INFO - ::group::Pre task execution logs
[2024-12-06T17:04:41.564+0000] {taskinstance.py:2613} INFO - Dependencies all met for dep_context=non-requeueable deps ti=<TaskInstance: a3media_schedule_scraper.scrape_a3media_task manual__2024-12-06T17:04:40.855439+00:00 [queued]>
[2024-12-06T17:04:41.568+0000] {taskinstance.py:2613} INFO - Dependencies all met for dep_context=requeueable deps ti=<TaskInstance: a3media_schedule_scraper.scrape_a3media_task manual__2024-12-06T17:04:40.855439+00:00 [queued]>
[2024-12-06T17:04:41.568+0000] {taskinstance.py:2866} INFO - Starting attempt 1 of 5
[2024-12-06T17:04:41.575+0000] {taskinstance.py:2889} INFO - Executing <Task(_PythonDecoratedOperator): scrape_a3media_task> on 2024-12-06 17:04:40.855439+00:00
[2024-12-06T17:04:41.579+0000] {warnings.py:112} WARNING - /home/***/.local/lib/python3.12/site-packages/***/task/task_runner/standard_task_runner.py:70: DeprecationWarning: This process (pid=156) is multi-threaded, use of fork() may lead to deadlocks in the child.
  pid = os.fork()

[2024-12-06T17:04:41.579+0000] {standard_task_runner.py:72} INFO - Started process 157 to run task
[2024-12-06T17:04:41.580+0000] {standard_task_runner.py:104} INFO - Running: ['***', 'tasks', 'run', 'a3media_schedule_scraper', 'scrape_a3media_task', 'manual__2024-12-06T17:04:40.855439+00:00', '--job-id', '1970', '--raw', '--subdir', 'DAGS_FOLDER/dag_atresmedia.py', '--cfg-path', '/tmp/tmp0x_ecz7b']
[2024-12-06T17:04:41.581+0000] {standard_task_runner.py:105} INFO - Job 1970: Subtask scrape_a3media_task
[2024-12-06T17:04:41.604+0000] {task_command.py:467} INFO - Running <TaskInstance: a3media_schedule_scraper.scrape_a3media_task manual__2024-12-06T17:04:40.855439+00:00 [running]> on host b605548c7b8b
[2024-12-06T17:04:41.646+0000] {taskinstance.py:3132} INFO - Exporting env vars: AIRFLOW_CTX_DAG_OWNER='***' AIRFLOW_CTX_DAG_ID='a3media_schedule_scraper' AIRFLOW_CTX_TASK_ID='scrape_a3media_task' AIRFLOW_CTX_EXECUTION_DATE='2024-12-06T17:04:40.855439+00:00' AIRFLOW_CTX_TRY_NUMBER='1' AIRFLOW_CTX_DAG_RUN_ID='manual__2024-12-06T17:04:40.855439+00:00'
[2024-12-06T17:04:41.647+0000] {taskinstance.py:731} INFO - ::endgroup::
[2024-12-06T17:04:42.079+0000] {logging_mixin.py:190} INFO - Escrito el xmltv del canal "Antena 3"
[2024-12-06T17:04:44.190+0000] {logging_mixin.py:190} INFO - Archivo actualizado correctamente.
[2024-12-06T17:04:44.320+0000] {logging_mixin.py:190} INFO - Escrito el xmltv del canal "laSexta"
[2024-12-06T17:04:46.039+0000] {logging_mixin.py:190} INFO - Archivo actualizado correctamente.
[2024-12-06T17:04:46.163+0000] {logging_mixin.py:190} INFO - Escrito el xmltv del canal "Neox"
[2024-12-06T17:04:47.933+0000] {logging_mixin.py:190} INFO - Archivo actualizado correctamente.
[2024-12-06T17:04:48.162+0000] {logging_mixin.py:190} INFO - Escrito el xmltv del canal "Nova"
[2024-12-06T17:04:50.021+0000] {logging_mixin.py:190} INFO - Archivo actualizado correctamente.
[2024-12-06T17:04:50.157+0000] {logging_mixin.py:190} INFO - Escrito el xmltv del canal "Mega"
[2024-12-06T17:04:51.955+0000] {logging_mixin.py:190} INFO - Archivo actualizado correctamente.
[2024-12-06T17:04:52.087+0000] {logging_mixin.py:190} INFO - Escrito el xmltv del canal "Atreseries"
[2024-12-06T17:04:53.887+0000] {logging_mixin.py:190} INFO - Archivo actualizado correctamente.
[2024-12-06T17:04:53.888+0000] {python.py:240} INFO - Done. Returned value was: None
[2024-12-06T17:04:53.894+0000] {taskinstance.py:340} INFO - ::group::Post task execution logs
[2024-12-06T17:04:53.894+0000] {taskinstance.py:352} INFO - Marking task as SUCCESS. dag_id=a3media_schedule_scraper, task_id=scrape_a3media_task, run_id=manual__2024-12-06T17:04:40.855439+00:00, execution_date=20241206T170440, start_date=20241206T170441, end_date=20241206T170453
[2024-12-06T17:04:53.909+0000] {local_task_job_runner.py:266} INFO - Task exited with return code 0
[2024-12-06T17:04:53.921+0000] {taskinstance.py:3895} INFO - 1 downstream tasks scheduled from follow-on schedule check
[2024-12-06T17:04:53.922+0000] {local_task_job_runner.py:245} INFO - ::endgroup::
