[2024-12-08T23:52:33.164+0000] {local_task_job_runner.py:123} INFO - ::group::Pre task execution logs
[2024-12-08T23:52:33.173+0000] {taskinstance.py:2613} INFO - Dependencies all met for dep_context=non-requeueable deps ti=<TaskInstance: mediaset_schedule_scraper.scrape_mediaset_schedule scheduled__2024-12-08T17:30:00+00:00 [queued]>
[2024-12-08T23:52:33.180+0000] {taskinstance.py:2613} INFO - Dependencies all met for dep_context=requeueable deps ti=<TaskInstance: mediaset_schedule_scraper.scrape_mediaset_schedule scheduled__2024-12-08T17:30:00+00:00 [queued]>
[2024-12-08T23:52:33.180+0000] {taskinstance.py:2866} INFO - Starting attempt 1 of 5
[2024-12-08T23:52:33.190+0000] {taskinstance.py:2889} INFO - Executing <Task(_PythonDecoratedOperator): scrape_mediaset_schedule> on 2024-12-08 17:30:00+00:00
[2024-12-08T23:52:33.194+0000] {warnings.py:112} WARNING - /home/***/.local/lib/python3.12/site-packages/***/task/task_runner/standard_task_runner.py:70: DeprecationWarning: This process (pid=107) is multi-threaded, use of fork() may lead to deadlocks in the child.
  pid = os.fork()

[2024-12-08T23:52:33.195+0000] {standard_task_runner.py:72} INFO - Started process 113 to run task
[2024-12-08T23:52:33.199+0000] {standard_task_runner.py:104} INFO - Running: ['***', 'tasks', 'run', 'mediaset_schedule_scraper', 'scrape_mediaset_schedule', 'scheduled__2024-12-08T17:30:00+00:00', '--job-id', '2148', '--raw', '--subdir', 'DAGS_FOLDER/dag_mediaset.py', '--cfg-path', '/tmp/tmp4f826rfy']
[2024-12-08T23:52:33.200+0000] {standard_task_runner.py:105} INFO - Job 2148: Subtask scrape_mediaset_schedule
[2024-12-08T23:52:33.237+0000] {task_command.py:467} INFO - Running <TaskInstance: mediaset_schedule_scraper.scrape_mediaset_schedule scheduled__2024-12-08T17:30:00+00:00 [running]> on host b605548c7b8b
[2024-12-08T23:52:33.299+0000] {taskinstance.py:3132} INFO - Exporting env vars: AIRFLOW_CTX_DAG_OWNER='***' AIRFLOW_CTX_DAG_ID='mediaset_schedule_scraper' AIRFLOW_CTX_TASK_ID='scrape_mediaset_schedule' AIRFLOW_CTX_EXECUTION_DATE='2024-12-08T17:30:00+00:00' AIRFLOW_CTX_TRY_NUMBER='1' AIRFLOW_CTX_DAG_RUN_ID='scheduled__2024-12-08T17:30:00+00:00'
[2024-12-08T23:52:33.301+0000] {taskinstance.py:731} INFO - ::endgroup::
[2024-12-08T23:52:36.091+0000] {logging_mixin.py:190} INFO - Generando XML para el canal Telecinco
[2024-12-08T23:52:36.094+0000] {logging_mixin.py:190} INFO - Escrito el xml del canal "Telecinco"
[2024-12-08T23:52:37.687+0000] {logging_mixin.py:190} INFO - Archivo actualizado correctamente.
[2024-12-08T23:52:37.688+0000] {logging_mixin.py:190} INFO - Generando XML para el canal Cuatro
[2024-12-08T23:52:37.691+0000] {logging_mixin.py:190} INFO - Escrito el xml del canal "Cuatro"
[2024-12-08T23:52:39.465+0000] {logging_mixin.py:190} INFO - Archivo actualizado correctamente.
[2024-12-08T23:52:39.466+0000] {logging_mixin.py:190} INFO - Generando XML para el canal Gh 24h plus
[2024-12-08T23:52:39.469+0000] {logging_mixin.py:190} INFO - Escrito el xml del canal "Gh 24h plus"
[2024-12-08T23:52:41.020+0000] {logging_mixin.py:190} INFO - Archivo actualizado correctamente.
[2024-12-08T23:52:41.021+0000] {logging_mixin.py:190} INFO - Generando XML para el canal Gh 24h
[2024-12-08T23:52:41.023+0000] {logging_mixin.py:190} INFO - Escrito el xml del canal "Gh 24h"
[2024-12-08T23:52:43.962+0000] {logging_mixin.py:190} INFO - Error: 422 {"message": "Invalid request.\n\n\"sha\" wasn't supplied.", "documentation_url": "https://docs.github.com/rest/repos/contents#create-or-update-file-contents", "status": "422"}
[2024-12-08T23:52:43.962+0000] {logging_mixin.py:190} INFO - Generando XML para el canal Mitele en la calle
[2024-12-08T23:52:43.965+0000] {logging_mixin.py:190} INFO - Escrito el xml del canal "Mitele en la calle"
[2024-12-08T23:52:45.744+0000] {logging_mixin.py:190} INFO - Archivo actualizado correctamente.
[2024-12-08T23:52:45.744+0000] {logging_mixin.py:190} INFO - Generando XML para el canal Mitele viajes
[2024-12-08T23:52:45.748+0000] {logging_mixin.py:190} INFO - Escrito el xml del canal "Mitele viajes"
[2024-12-08T23:52:47.489+0000] {logging_mixin.py:190} INFO - Archivo actualizado correctamente.
[2024-12-08T23:52:47.490+0000] {logging_mixin.py:190} INFO - Generando XML para el canal Mitele plus lqsa
[2024-12-08T23:52:47.492+0000] {logging_mixin.py:190} INFO - Escrito el xml del canal "Mitele plus lqsa"
[2024-12-08T23:52:49.163+0000] {logging_mixin.py:190} INFO - Archivo actualizado correctamente.
[2024-12-08T23:52:49.164+0000] {logging_mixin.py:190} INFO - Generando XML para el canal Mitele comedia
[2024-12-08T23:52:49.167+0000] {logging_mixin.py:190} INFO - Escrito el xml del canal "Mitele comedia"
[2024-12-08T23:52:50.902+0000] {logging_mixin.py:190} INFO - Archivo actualizado correctamente.
[2024-12-08T23:52:50.903+0000] {logging_mixin.py:190} INFO - Generando XML para el canal Mitele top series
[2024-12-08T23:52:50.905+0000] {logging_mixin.py:190} INFO - Escrito el xml del canal "Mitele top series"
[2024-12-08T23:52:53.948+0000] {logging_mixin.py:190} INFO - Error: 422 {"message": "Invalid request.\n\n\"sha\" wasn't supplied.", "documentation_url": "https://docs.github.com/rest/repos/contents#create-or-update-file-contents", "status": "422"}
[2024-12-08T23:52:53.948+0000] {logging_mixin.py:190} INFO - Generando XML para el canal Divinity
[2024-12-08T23:52:53.953+0000] {logging_mixin.py:190} INFO - Escrito el xml del canal "Divinity"
[2024-12-08T23:52:55.652+0000] {logging_mixin.py:190} INFO - Archivo actualizado correctamente.
[2024-12-08T23:52:55.652+0000] {logging_mixin.py:190} INFO - Generando XML para el canal Fdf
[2024-12-08T23:52:55.655+0000] {logging_mixin.py:190} INFO - Escrito el xml del canal "Fdf"
[2024-12-08T23:52:57.278+0000] {logging_mixin.py:190} INFO - Archivo actualizado correctamente.
[2024-12-08T23:52:57.279+0000] {logging_mixin.py:190} INFO - Generando XML para el canal Energy
[2024-12-08T23:52:57.282+0000] {logging_mixin.py:190} INFO - Escrito el xml del canal "Energy"
[2024-12-08T23:52:59.009+0000] {logging_mixin.py:190} INFO - Archivo actualizado correctamente.
[2024-12-08T23:52:59.010+0000] {logging_mixin.py:190} INFO - Generando XML para el canal Bemad
[2024-12-08T23:52:59.014+0000] {logging_mixin.py:190} INFO - Escrito el xml del canal "Bemad"
[2024-12-08T23:53:00.658+0000] {logging_mixin.py:190} INFO - Archivo actualizado correctamente.
[2024-12-08T23:53:00.659+0000] {logging_mixin.py:190} INFO - Generando XML para el canal Boing
[2024-12-08T23:53:00.664+0000] {logging_mixin.py:190} INFO - Escrito el xml del canal "Boing"
[2024-12-08T23:53:03.738+0000] {logging_mixin.py:190} INFO - Error: 422 {"message": "Invalid request.\n\n\"sha\" wasn't supplied.", "documentation_url": "https://docs.github.com/rest/repos/contents#create-or-update-file-contents", "status": "422"}
[2024-12-08T23:53:03.739+0000] {logging_mixin.py:190} INFO - Generando XML para el canal Acontraplus
[2024-12-08T23:53:03.742+0000] {logging_mixin.py:190} INFO - Escrito el xml del canal "Acontraplus"
[2024-12-08T23:53:05.558+0000] {logging_mixin.py:190} INFO - Archivo actualizado correctamente.
[2024-12-08T23:53:05.558+0000] {logging_mixin.py:190} INFO - Generando XML para el canal Fight sports
[2024-12-08T23:53:05.561+0000] {logging_mixin.py:190} INFO - Escrito el xml del canal "Fight sports"
[2024-12-08T23:53:07.219+0000] {logging_mixin.py:190} INFO - Archivo actualizado correctamente.
[2024-12-08T23:53:07.220+0000] {logging_mixin.py:190} INFO - Generando XML para el canal Mtmad 24h
[2024-12-08T23:53:07.221+0000] {logging_mixin.py:190} INFO - Escrito el xml del canal "Mtmad 24h"
[2024-12-08T23:53:08.841+0000] {logging_mixin.py:190} INFO - Archivo actualizado correctamente.
[2024-12-08T23:53:08.842+0000] {python.py:240} INFO - Done. Returned value was: None
[2024-12-08T23:53:08.848+0000] {taskinstance.py:340} INFO - ::group::Post task execution logs
[2024-12-08T23:53:08.848+0000] {taskinstance.py:352} INFO - Marking task as SUCCESS. dag_id=mediaset_schedule_scraper, task_id=scrape_mediaset_schedule, run_id=scheduled__2024-12-08T17:30:00+00:00, execution_date=20241208T173000, start_date=20241208T235233, end_date=20241208T235308
[2024-12-08T23:53:08.893+0000] {local_task_job_runner.py:266} INFO - Task exited with return code 0
[2024-12-08T23:53:08.906+0000] {taskinstance.py:3895} INFO - 1 downstream tasks scheduled from follow-on schedule check
[2024-12-08T23:53:08.907+0000] {local_task_job_runner.py:245} INFO - ::endgroup::
