[2024-12-09T17:30:06.715+0000] {local_task_job_runner.py:123} INFO - ::group::Pre task execution logs
[2024-12-09T17:30:06.723+0000] {taskinstance.py:2613} INFO - Dependencies all met for dep_context=non-requeueable deps ti=<TaskInstance: telemadrid_schedule_scraper.push_all_in_one scheduled__2024-12-09T11:30:00+00:00 [queued]>
[2024-12-09T17:30:06.728+0000] {taskinstance.py:2613} INFO - Dependencies all met for dep_context=requeueable deps ti=<TaskInstance: telemadrid_schedule_scraper.push_all_in_one scheduled__2024-12-09T11:30:00+00:00 [queued]>
[2024-12-09T17:30:06.728+0000] {taskinstance.py:2866} INFO - Starting attempt 1 of 4
[2024-12-09T17:30:06.735+0000] {taskinstance.py:2889} INFO - Executing <Task(_PythonDecoratedOperator): push_all_in_one> on 2024-12-09 11:30:00+00:00
[2024-12-09T17:30:06.739+0000] {warnings.py:112} WARNING - /home/***/.local/lib/python3.12/site-packages/***/task/task_runner/standard_task_runner.py:70: DeprecationWarning: This process (pid=2304) is multi-threaded, use of fork() may lead to deadlocks in the child.
  pid = os.fork()

[2024-12-09T17:30:06.739+0000] {standard_task_runner.py:72} INFO - Started process 2306 to run task
[2024-12-09T17:30:06.740+0000] {standard_task_runner.py:104} INFO - Running: ['***', 'tasks', 'run', 'telemadrid_schedule_scraper', 'push_all_in_one', 'scheduled__2024-12-09T11:30:00+00:00', '--job-id', '2235', '--raw', '--subdir', 'DAGS_FOLDER/dag_telemadrid.py', '--cfg-path', '/tmp/tmpk4cci0pm']
[2024-12-09T17:30:06.741+0000] {standard_task_runner.py:105} INFO - Job 2235: Subtask push_all_in_one
[2024-12-09T17:30:06.765+0000] {task_command.py:467} INFO - Running <TaskInstance: telemadrid_schedule_scraper.push_all_in_one scheduled__2024-12-09T11:30:00+00:00 [running]> on host b605548c7b8b
[2024-12-09T17:30:06.807+0000] {taskinstance.py:3132} INFO - Exporting env vars: AIRFLOW_CTX_DAG_OWNER='***' AIRFLOW_CTX_DAG_ID='telemadrid_schedule_scraper' AIRFLOW_CTX_TASK_ID='push_all_in_one' AIRFLOW_CTX_EXECUTION_DATE='2024-12-09T11:30:00+00:00' AIRFLOW_CTX_TRY_NUMBER='1' AIRFLOW_CTX_DAG_RUN_ID='scheduled__2024-12-09T11:30:00+00:00'
[2024-12-09T17:30:06.810+0000] {taskinstance.py:731} INFO - ::endgroup::
[2024-12-09T17:30:08.953+0000] {logging_mixin.py:190} INFO - Archivo actualizado correctamente.
[2024-12-09T17:30:08.954+0000] {python.py:240} INFO - Done. Returned value was: None
[2024-12-09T17:30:08.961+0000] {taskinstance.py:340} INFO - ::group::Post task execution logs
[2024-12-09T17:30:08.961+0000] {taskinstance.py:352} INFO - Marking task as SUCCESS. dag_id=telemadrid_schedule_scraper, task_id=push_all_in_one, run_id=scheduled__2024-12-09T11:30:00+00:00, execution_date=20241209T113000, start_date=20241209T173006, end_date=20241209T173008
[2024-12-09T17:30:08.998+0000] {local_task_job_runner.py:266} INFO - Task exited with return code 0
[2024-12-09T17:30:09.007+0000] {taskinstance.py:3895} INFO - 0 downstream tasks scheduled from follow-on schedule check
[2024-12-09T17:30:09.008+0000] {local_task_job_runner.py:245} INFO - ::endgroup::
