[2024-12-23T23:30:01.851+0000] {local_task_job_runner.py:123} INFO - ::group::Pre task execution logs
[2024-12-23T23:30:01.863+0000] {taskinstance.py:2613} INFO - Dependencies all met for dep_context=non-requeueable deps ti=<TaskInstance: mediaset_schedule_scraper.scrape_mediaset_schedule scheduled__2024-12-23T17:30:00+00:00 [queued]>
[2024-12-23T23:30:01.869+0000] {taskinstance.py:2613} INFO - Dependencies all met for dep_context=requeueable deps ti=<TaskInstance: mediaset_schedule_scraper.scrape_mediaset_schedule scheduled__2024-12-23T17:30:00+00:00 [queued]>
[2024-12-23T23:30:01.870+0000] {taskinstance.py:2866} INFO - Starting attempt 1 of 5
[2024-12-23T23:30:01.878+0000] {taskinstance.py:2889} INFO - Executing <Task(_PythonDecoratedOperator): scrape_mediaset_schedule> on 2024-12-23 17:30:00+00:00
[2024-12-23T23:30:01.887+0000] {warnings.py:112} WARNING - /home/***/.local/lib/python3.12/site-packages/***/task/task_runner/standard_task_runner.py:70: DeprecationWarning: This process (pid=11256) is multi-threaded, use of fork() may lead to deadlocks in the child.
  pid = os.fork()

[2024-12-23T23:30:01.890+0000] {standard_task_runner.py:72} INFO - Started process 11261 to run task
[2024-12-23T23:30:01.890+0000] {standard_task_runner.py:104} INFO - Running: ['***', 'tasks', 'run', 'mediaset_schedule_scraper', 'scrape_mediaset_schedule', 'scheduled__2024-12-23T17:30:00+00:00', '--job-id', '2695', '--raw', '--subdir', 'DAGS_FOLDER/dag_mediaset.py', '--cfg-path', '/tmp/tmpsemvlf9w']
[2024-12-23T23:30:01.893+0000] {standard_task_runner.py:105} INFO - Job 2695: Subtask scrape_mediaset_schedule
[2024-12-23T23:30:01.933+0000] {task_command.py:467} INFO - Running <TaskInstance: mediaset_schedule_scraper.scrape_mediaset_schedule scheduled__2024-12-23T17:30:00+00:00 [running]> on host b605548c7b8b
[2024-12-23T23:30:01.989+0000] {taskinstance.py:3132} INFO - Exporting env vars: AIRFLOW_CTX_DAG_OWNER='***' AIRFLOW_CTX_DAG_ID='mediaset_schedule_scraper' AIRFLOW_CTX_TASK_ID='scrape_mediaset_schedule' AIRFLOW_CTX_EXECUTION_DATE='2024-12-23T17:30:00+00:00' AIRFLOW_CTX_TRY_NUMBER='1' AIRFLOW_CTX_DAG_RUN_ID='scheduled__2024-12-23T17:30:00+00:00'
[2024-12-23T23:30:01.990+0000] {taskinstance.py:731} INFO - ::endgroup::
[2024-12-23T23:30:02.490+0000] {logging_mixin.py:190} INFO - Generando XML para el canal Telecinco
[2024-12-23T23:30:02.494+0000] {logging_mixin.py:190} INFO - Escrito el xml del canal "Telecinco"
[2024-12-23T23:30:04.264+0000] {logging_mixin.py:190} INFO - Archivo actualizado correctamente.
[2024-12-23T23:30:04.264+0000] {logging_mixin.py:190} INFO - Generando XML para el canal Cuatro
[2024-12-23T23:30:04.267+0000] {logging_mixin.py:190} INFO - Escrito el xml del canal "Cuatro"
[2024-12-23T23:30:06.071+0000] {logging_mixin.py:190} INFO - Archivo actualizado correctamente.
[2024-12-23T23:30:06.072+0000] {logging_mixin.py:190} INFO - Generando XML para el canal Mitele en la calle
[2024-12-23T23:30:06.074+0000] {logging_mixin.py:190} INFO - Escrito el xml del canal "Mitele en la calle"
[2024-12-23T23:30:07.873+0000] {logging_mixin.py:190} INFO - Archivo actualizado correctamente.
[2024-12-23T23:30:07.874+0000] {logging_mixin.py:190} INFO - Generando XML para el canal Mitele viajes
[2024-12-23T23:30:07.876+0000] {logging_mixin.py:190} INFO - Escrito el xml del canal "Mitele viajes"
[2024-12-23T23:30:09.719+0000] {logging_mixin.py:190} INFO - Archivo actualizado correctamente.
[2024-12-23T23:30:09.720+0000] {logging_mixin.py:190} INFO - Generando XML para el canal Mitele plus lqsa
[2024-12-23T23:30:09.722+0000] {logging_mixin.py:190} INFO - Escrito el xml del canal "Mitele plus lqsa"
[2024-12-23T23:30:11.378+0000] {logging_mixin.py:190} INFO - Archivo actualizado correctamente.
[2024-12-23T23:30:11.379+0000] {logging_mixin.py:190} INFO - Generando XML para el canal Mitele comedia
[2024-12-23T23:30:11.381+0000] {logging_mixin.py:190} INFO - Escrito el xml del canal "Mitele comedia"
[2024-12-23T23:30:13.059+0000] {logging_mixin.py:190} INFO - Archivo actualizado correctamente.
[2024-12-23T23:30:13.060+0000] {logging_mixin.py:190} INFO - Generando XML para el canal Mitele top series
[2024-12-23T23:30:13.062+0000] {logging_mixin.py:190} INFO - Escrito el xml del canal "Mitele top series"
[2024-12-23T23:30:15.053+0000] {logging_mixin.py:190} INFO - Archivo actualizado correctamente.
[2024-12-23T23:30:15.053+0000] {logging_mixin.py:190} INFO - Generando XML para el canal Divinity
[2024-12-23T23:30:15.056+0000] {logging_mixin.py:190} INFO - Escrito el xml del canal "Divinity"
[2024-12-23T23:30:16.967+0000] {logging_mixin.py:190} INFO - Archivo actualizado correctamente.
[2024-12-23T23:30:16.968+0000] {logging_mixin.py:190} INFO - Generando XML para el canal Fdf
[2024-12-23T23:30:16.970+0000] {logging_mixin.py:190} INFO - Escrito el xml del canal "Fdf"
[2024-12-23T23:30:18.713+0000] {logging_mixin.py:190} INFO - Archivo actualizado correctamente.
[2024-12-23T23:30:18.714+0000] {logging_mixin.py:190} INFO - Generando XML para el canal Energy
[2024-12-23T23:30:18.717+0000] {logging_mixin.py:190} INFO - Escrito el xml del canal "Energy"
[2024-12-23T23:30:21.751+0000] {logging_mixin.py:190} INFO - Error: 422 {"message": "Invalid request.\n\n\"sha\" wasn't supplied.", "documentation_url": "https://docs.github.com/rest/repos/contents#create-or-update-file-contents", "status": "422"}
[2024-12-23T23:30:21.752+0000] {logging_mixin.py:190} INFO - Generando XML para el canal Bemad
[2024-12-23T23:30:21.754+0000] {logging_mixin.py:190} INFO - Escrito el xml del canal "Bemad"
[2024-12-23T23:30:23.496+0000] {logging_mixin.py:190} INFO - Archivo actualizado correctamente.
[2024-12-23T23:30:23.496+0000] {logging_mixin.py:190} INFO - Generando XML para el canal Boing
[2024-12-23T23:30:23.501+0000] {logging_mixin.py:190} INFO - Escrito el xml del canal "Boing"
[2024-12-23T23:30:25.360+0000] {logging_mixin.py:190} INFO - Archivo actualizado correctamente.
[2024-12-23T23:30:25.361+0000] {logging_mixin.py:190} INFO - Generando XML para el canal Acontraplus
[2024-12-23T23:30:25.363+0000] {logging_mixin.py:190} INFO - Escrito el xml del canal "Acontraplus"
[2024-12-23T23:30:27.161+0000] {logging_mixin.py:190} INFO - Archivo actualizado correctamente.
[2024-12-23T23:30:27.162+0000] {logging_mixin.py:190} INFO - Generando XML para el canal Fight sports
[2024-12-23T23:30:27.164+0000] {logging_mixin.py:190} INFO - Escrito el xml del canal "Fight sports"
[2024-12-23T23:30:28.888+0000] {logging_mixin.py:190} INFO - Archivo actualizado correctamente.
[2024-12-23T23:30:28.888+0000] {logging_mixin.py:190} INFO - Generando XML para el canal Mtmad 24h
[2024-12-23T23:30:28.890+0000] {logging_mixin.py:190} INFO - Escrito el xml del canal "Mtmad 24h"
[2024-12-23T23:30:30.474+0000] {logging_mixin.py:190} INFO - Archivo actualizado correctamente.
[2024-12-23T23:30:30.475+0000] {python.py:240} INFO - Done. Returned value was: None
[2024-12-23T23:30:30.482+0000] {taskinstance.py:340} INFO - ::group::Post task execution logs
[2024-12-23T23:30:30.482+0000] {taskinstance.py:352} INFO - Marking task as SUCCESS. dag_id=mediaset_schedule_scraper, task_id=scrape_mediaset_schedule, run_id=scheduled__2024-12-23T17:30:00+00:00, execution_date=20241223T173000, start_date=20241223T233001, end_date=20241223T233030
[2024-12-23T23:30:30.525+0000] {local_task_job_runner.py:266} INFO - Task exited with return code 0
[2024-12-23T23:30:30.542+0000] {taskinstance.py:3895} INFO - 1 downstream tasks scheduled from follow-on schedule check
[2024-12-23T23:30:30.543+0000] {local_task_job_runner.py:245} INFO - ::endgroup::
