[2024-12-08T10:02:11.390+0000] {local_task_job_runner.py:123} INFO - ::group::Pre task execution logs
[2024-12-08T10:02:11.399+0000] {taskinstance.py:2613} INFO - Dependencies all met for dep_context=non-requeueable deps ti=<TaskInstance: telemadrid_schedule_scraper.scrape_telemadrid_schedule scheduled__2024-12-07T23:30:00+00:00 [queued]>
[2024-12-08T10:02:11.403+0000] {taskinstance.py:2613} INFO - Dependencies all met for dep_context=requeueable deps ti=<TaskInstance: telemadrid_schedule_scraper.scrape_telemadrid_schedule scheduled__2024-12-07T23:30:00+00:00 [queued]>
[2024-12-08T10:02:11.403+0000] {taskinstance.py:2866} INFO - Starting attempt 1 of 4
[2024-12-08T10:02:11.410+0000] {taskinstance.py:2889} INFO - Executing <Task(_PythonDecoratedOperator): scrape_telemadrid_schedule> on 2024-12-07 23:30:00+00:00
[2024-12-08T10:02:11.413+0000] {warnings.py:112} WARNING - /home/***/.local/lib/python3.12/site-packages/***/task/task_runner/standard_task_runner.py:70: DeprecationWarning: This process (pid=102) is multi-threaded, use of fork() may lead to deadlocks in the child.
  pid = os.fork()

[2024-12-08T10:02:11.414+0000] {standard_task_runner.py:72} INFO - Started process 104 to run task
[2024-12-08T10:02:11.414+0000] {standard_task_runner.py:104} INFO - Running: ['***', 'tasks', 'run', 'telemadrid_schedule_scraper', 'scrape_telemadrid_schedule', 'scheduled__2024-12-07T23:30:00+00:00', '--job-id', '2106', '--raw', '--subdir', 'DAGS_FOLDER/dag_telemadrid.py', '--cfg-path', '/tmp/tmpi37rm8hi']
[2024-12-08T10:02:11.416+0000] {standard_task_runner.py:105} INFO - Job 2106: Subtask scrape_telemadrid_schedule
[2024-12-08T10:02:11.445+0000] {task_command.py:467} INFO - Running <TaskInstance: telemadrid_schedule_scraper.scrape_telemadrid_schedule scheduled__2024-12-07T23:30:00+00:00 [running]> on host b605548c7b8b
[2024-12-08T10:02:11.489+0000] {taskinstance.py:3132} INFO - Exporting env vars: AIRFLOW_CTX_DAG_OWNER='***' AIRFLOW_CTX_DAG_ID='telemadrid_schedule_scraper' AIRFLOW_CTX_TASK_ID='scrape_telemadrid_schedule' AIRFLOW_CTX_EXECUTION_DATE='2024-12-07T23:30:00+00:00' AIRFLOW_CTX_TRY_NUMBER='1' AIRFLOW_CTX_DAG_RUN_ID='scheduled__2024-12-07T23:30:00+00:00'
[2024-12-08T10:02:11.490+0000] {taskinstance.py:731} INFO - ::endgroup::
[2024-12-08T10:02:11.749+0000] {logging_mixin.py:190} INFO - Escrito el xmltv del canal "Telemadrid"
[2024-12-08T10:02:14.962+0000] {logging_mixin.py:190} INFO - Error: 422 {"message": "Invalid request.\n\n\"sha\" wasn't supplied.", "documentation_url": "https://docs.github.com/rest/repos/contents#create-or-update-file-contents", "status": "422"}
[2024-12-08T10:02:14.963+0000] {python.py:240} INFO - Done. Returned value was: None
[2024-12-08T10:02:14.968+0000] {taskinstance.py:340} INFO - ::group::Post task execution logs
[2024-12-08T10:02:14.969+0000] {taskinstance.py:352} INFO - Marking task as SUCCESS. dag_id=telemadrid_schedule_scraper, task_id=scrape_telemadrid_schedule, run_id=scheduled__2024-12-07T23:30:00+00:00, execution_date=20241207T233000, start_date=20241208T100211, end_date=20241208T100214
[2024-12-08T10:02:14.997+0000] {local_task_job_runner.py:266} INFO - Task exited with return code 0
[2024-12-08T10:02:15.010+0000] {taskinstance.py:3895} INFO - 1 downstream tasks scheduled from follow-on schedule check
[2024-12-08T10:02:15.013+0000] {local_task_job_runner.py:245} INFO - ::endgroup::
