[2024-12-09T14:56:29.717+0000] {local_task_job_runner.py:123} INFO - ::group::Pre task execution logs
[2024-12-09T14:56:29.725+0000] {taskinstance.py:2613} INFO - Dependencies all met for dep_context=non-requeueable deps ti=<TaskInstance: a3media_schedule_scraper.scrape_a3media_task scheduled__2024-12-08T23:30:00+00:00 [queued]>
[2024-12-09T14:56:29.730+0000] {taskinstance.py:2613} INFO - Dependencies all met for dep_context=requeueable deps ti=<TaskInstance: a3media_schedule_scraper.scrape_a3media_task scheduled__2024-12-08T23:30:00+00:00 [queued]>
[2024-12-09T14:56:29.730+0000] {taskinstance.py:2866} INFO - Starting attempt 1 of 5
[2024-12-09T14:56:29.738+0000] {taskinstance.py:2889} INFO - Executing <Task(_PythonDecoratedOperator): scrape_a3media_task> on 2024-12-08 23:30:00+00:00
[2024-12-09T14:56:29.744+0000] {warnings.py:112} WARNING - /home/***/.local/lib/python3.12/site-packages/***/task/task_runner/standard_task_runner.py:70: DeprecationWarning: This process (pid=97) is multi-threaded, use of fork() may lead to deadlocks in the child.
  pid = os.fork()

[2024-12-09T14:56:29.746+0000] {standard_task_runner.py:72} INFO - Started process 109 to run task
[2024-12-09T14:56:29.745+0000] {standard_task_runner.py:104} INFO - Running: ['***', 'tasks', 'run', 'a3media_schedule_scraper', 'scrape_a3media_task', 'scheduled__2024-12-08T23:30:00+00:00', '--job-id', '2184', '--raw', '--subdir', 'DAGS_FOLDER/dag_atresmedia.py', '--cfg-path', '/tmp/tmph83jiy4c']
[2024-12-09T14:56:29.747+0000] {standard_task_runner.py:105} INFO - Job 2184: Subtask scrape_a3media_task
[2024-12-09T14:56:29.779+0000] {task_command.py:467} INFO - Running <TaskInstance: a3media_schedule_scraper.scrape_a3media_task scheduled__2024-12-08T23:30:00+00:00 [running]> on host b605548c7b8b
[2024-12-09T14:56:29.848+0000] {taskinstance.py:3132} INFO - Exporting env vars: AIRFLOW_CTX_DAG_OWNER='***' AIRFLOW_CTX_DAG_ID='a3media_schedule_scraper' AIRFLOW_CTX_TASK_ID='scrape_a3media_task' AIRFLOW_CTX_EXECUTION_DATE='2024-12-08T23:30:00+00:00' AIRFLOW_CTX_TRY_NUMBER='1' AIRFLOW_CTX_DAG_RUN_ID='scheduled__2024-12-08T23:30:00+00:00'
[2024-12-09T14:56:29.850+0000] {taskinstance.py:731} INFO - ::endgroup::
[2024-12-09T14:56:30.060+0000] {logging_mixin.py:190} INFO - Escrito el xmltv del canal "Antena 3"
[2024-12-09T14:56:31.940+0000] {logging_mixin.py:190} INFO - Archivo actualizado correctamente.
[2024-12-09T14:56:32.064+0000] {logging_mixin.py:190} INFO - Escrito el xmltv del canal "laSexta"
[2024-12-09T14:56:34.076+0000] {logging_mixin.py:190} INFO - Archivo actualizado correctamente.
[2024-12-09T14:56:34.224+0000] {logging_mixin.py:190} INFO - Escrito el xmltv del canal "Neox"
[2024-12-09T14:56:37.538+0000] {logging_mixin.py:190} INFO - Error: 422 {"message": "Invalid request.\n\n\"sha\" wasn't supplied.", "documentation_url": "https://docs.github.com/rest/repos/contents#create-or-update-file-contents", "status": "422"}
[2024-12-09T14:56:37.664+0000] {logging_mixin.py:190} INFO - Escrito el xmltv del canal "Nova"
[2024-12-09T14:56:39.684+0000] {logging_mixin.py:190} INFO - Archivo actualizado correctamente.
[2024-12-09T14:56:39.827+0000] {logging_mixin.py:190} INFO - Escrito el xmltv del canal "Mega"
[2024-12-09T14:56:41.821+0000] {logging_mixin.py:190} INFO - Archivo actualizado correctamente.
[2024-12-09T14:56:41.949+0000] {logging_mixin.py:190} INFO - Escrito el xmltv del canal "Atreseries"
[2024-12-09T14:56:43.977+0000] {logging_mixin.py:190} INFO - Archivo actualizado correctamente.
[2024-12-09T14:56:43.979+0000] {python.py:240} INFO - Done. Returned value was: None
[2024-12-09T14:56:43.988+0000] {taskinstance.py:340} INFO - ::group::Post task execution logs
[2024-12-09T14:56:43.988+0000] {taskinstance.py:352} INFO - Marking task as SUCCESS. dag_id=a3media_schedule_scraper, task_id=scrape_a3media_task, run_id=scheduled__2024-12-08T23:30:00+00:00, execution_date=20241208T233000, start_date=20241209T145629, end_date=20241209T145643
[2024-12-09T14:56:44.020+0000] {local_task_job_runner.py:266} INFO - Task exited with return code 0
[2024-12-09T14:56:44.031+0000] {taskinstance.py:3895} INFO - 1 downstream tasks scheduled from follow-on schedule check
[2024-12-09T14:56:44.032+0000] {local_task_job_runner.py:245} INFO - ::endgroup::
