[2024-12-23T11:30:00.903+0000] {local_task_job_runner.py:123} INFO - ::group::Pre task execution logs
[2024-12-23T11:30:00.914+0000] {taskinstance.py:2613} INFO - Dependencies all met for dep_context=non-requeueable deps ti=<TaskInstance: la_otra_schedule_scraper.scrape_la_otra_schedule scheduled__2024-12-23T05:30:00+00:00 [queued]>
[2024-12-23T11:30:00.918+0000] {taskinstance.py:2613} INFO - Dependencies all met for dep_context=requeueable deps ti=<TaskInstance: la_otra_schedule_scraper.scrape_la_otra_schedule scheduled__2024-12-23T05:30:00+00:00 [queued]>
[2024-12-23T11:30:00.919+0000] {taskinstance.py:2866} INFO - Starting attempt 1 of 4
[2024-12-23T11:30:00.927+0000] {taskinstance.py:2889} INFO - Executing <Task(_PythonDecoratedOperator): scrape_la_otra_schedule> on 2024-12-23 05:30:00+00:00
[2024-12-23T11:30:00.931+0000] {warnings.py:112} WARNING - /home/***/.local/lib/python3.12/site-packages/***/task/task_runner/standard_task_runner.py:70: DeprecationWarning: This process (pid=1526) is multi-threaded, use of fork() may lead to deadlocks in the child.
  pid = os.fork()

[2024-12-23T11:30:00.934+0000] {standard_task_runner.py:72} INFO - Started process 1534 to run task
[2024-12-23T11:30:00.933+0000] {standard_task_runner.py:104} INFO - Running: ['***', 'tasks', 'run', 'la_otra_schedule_scraper', 'scrape_la_otra_schedule', 'scheduled__2024-12-23T05:30:00+00:00', '--job-id', '2657', '--raw', '--subdir', 'DAGS_FOLDER/dag_la_otra.py', '--cfg-path', '/tmp/tmpugznwt6r']
[2024-12-23T11:30:00.935+0000] {standard_task_runner.py:105} INFO - Job 2657: Subtask scrape_la_otra_schedule
[2024-12-23T11:30:00.968+0000] {task_command.py:467} INFO - Running <TaskInstance: la_otra_schedule_scraper.scrape_la_otra_schedule scheduled__2024-12-23T05:30:00+00:00 [running]> on host b605548c7b8b
[2024-12-23T11:30:01.013+0000] {taskinstance.py:3132} INFO - Exporting env vars: AIRFLOW_CTX_DAG_OWNER='***' AIRFLOW_CTX_DAG_ID='la_otra_schedule_scraper' AIRFLOW_CTX_TASK_ID='scrape_la_otra_schedule' AIRFLOW_CTX_EXECUTION_DATE='2024-12-23T05:30:00+00:00' AIRFLOW_CTX_TRY_NUMBER='1' AIRFLOW_CTX_DAG_RUN_ID='scheduled__2024-12-23T05:30:00+00:00'
[2024-12-23T11:30:01.014+0000] {taskinstance.py:731} INFO - ::endgroup::
[2024-12-23T11:30:01.534+0000] {logging_mixin.py:190} INFO - Escrito el xmltv del canal "La Otra"
[2024-12-23T11:30:04.720+0000] {logging_mixin.py:190} INFO - Error: 422 {"message": "Invalid request.\n\n\"sha\" wasn't supplied.", "documentation_url": "https://docs.github.com/rest/repos/contents#create-or-update-file-contents", "status": "422"}
[2024-12-23T11:30:04.721+0000] {python.py:240} INFO - Done. Returned value was: None
[2024-12-23T11:30:04.726+0000] {taskinstance.py:340} INFO - ::group::Post task execution logs
[2024-12-23T11:30:04.727+0000] {taskinstance.py:352} INFO - Marking task as SUCCESS. dag_id=la_otra_schedule_scraper, task_id=scrape_la_otra_schedule, run_id=scheduled__2024-12-23T05:30:00+00:00, execution_date=20241223T053000, start_date=20241223T113000, end_date=20241223T113004
[2024-12-23T11:30:04.759+0000] {local_task_job_runner.py:266} INFO - Task exited with return code 0
[2024-12-23T11:30:04.772+0000] {taskinstance.py:3895} INFO - 1 downstream tasks scheduled from follow-on schedule check
[2024-12-23T11:30:04.773+0000] {local_task_job_runner.py:245} INFO - ::endgroup::
