[2024-12-05T00:35:41.192+0000] {local_task_job_runner.py:123} INFO - ::group::Pre task execution logs
[2024-12-05T00:35:41.202+0000] {taskinstance.py:2613} INFO - Dependencies all met for dep_context=non-requeueable deps ti=<TaskInstance: a3media_schedule_scraper.merge_all_xml_task manual__2024-12-04T22:59:09.866660+00:00 [queued]>
[2024-12-05T00:35:41.207+0000] {taskinstance.py:2613} INFO - Dependencies all met for dep_context=requeueable deps ti=<TaskInstance: a3media_schedule_scraper.merge_all_xml_task manual__2024-12-04T22:59:09.866660+00:00 [queued]>
[2024-12-05T00:35:41.207+0000] {taskinstance.py:2866} INFO - Starting attempt 2 of 2
[2024-12-05T00:35:41.215+0000] {taskinstance.py:2889} INFO - Executing <Task(PythonOperator): merge_all_xml_task> on 2024-12-04 22:59:09.866660+00:00
[2024-12-05T00:35:41.219+0000] {warnings.py:112} WARNING - /home/***/.local/lib/python3.12/site-packages/***/task/task_runner/standard_task_runner.py:70: DeprecationWarning: This process (pid=127) is multi-threaded, use of fork() may lead to deadlocks in the child.
  pid = os.fork()

[2024-12-05T00:35:41.220+0000] {standard_task_runner.py:72} INFO - Started process 128 to run task
[2024-12-05T00:35:41.220+0000] {standard_task_runner.py:104} INFO - Running: ['***', 'tasks', 'run', 'a3media_schedule_scraper', 'merge_all_xml_task', 'manual__2024-12-04T22:59:09.866660+00:00', '--job-id', '547', '--raw', '--subdir', 'DAGS_FOLDER/dag_atresmedia.py', '--cfg-path', '/tmp/tmpt5lj7100']
[2024-12-05T00:35:41.221+0000] {standard_task_runner.py:105} INFO - Job 547: Subtask merge_all_xml_task
[2024-12-05T00:35:41.244+0000] {task_command.py:467} INFO - Running <TaskInstance: a3media_schedule_scraper.merge_all_xml_task manual__2024-12-04T22:59:09.866660+00:00 [running]> on host d88abb179e8d
[2024-12-05T00:35:41.287+0000] {taskinstance.py:3132} INFO - Exporting env vars: AIRFLOW_CTX_DAG_OWNER='***' AIRFLOW_CTX_DAG_ID='a3media_schedule_scraper' AIRFLOW_CTX_TASK_ID='merge_all_xml_task' AIRFLOW_CTX_EXECUTION_DATE='2024-12-04T22:59:09.866660+00:00' AIRFLOW_CTX_TRY_NUMBER='2' AIRFLOW_CTX_DAG_RUN_ID='manual__2024-12-04T22:59:09.866660+00:00'
[2024-12-05T00:35:41.287+0000] {taskinstance.py:731} INFO - ::endgroup::
[2024-12-05T00:35:41.399+0000] {logging_mixin.py:190} INFO - [INFO] Generado el archivo "all_in_one.xml"
[2024-12-05T00:35:41.401+0000] {python.py:240} INFO - Done. Returned value was: None
[2024-12-05T00:35:41.406+0000] {taskinstance.py:340} INFO - ::group::Post task execution logs
[2024-12-05T00:35:41.407+0000] {taskinstance.py:352} INFO - Marking task as SUCCESS. dag_id=a3media_schedule_scraper, task_id=merge_all_xml_task, run_id=manual__2024-12-04T22:59:09.866660+00:00, execution_date=20241204T225909, start_date=20241205T003541, end_date=20241205T003541
[2024-12-05T00:35:41.433+0000] {local_task_job_runner.py:266} INFO - Task exited with return code 0
[2024-12-05T00:35:41.442+0000] {taskinstance.py:3895} INFO - 0 downstream tasks scheduled from follow-on schedule check
[2024-12-05T00:35:41.443+0000] {local_task_job_runner.py:245} INFO - ::endgroup::
