[2024-12-25T23:30:01.614+0000] {local_task_job_runner.py:123} INFO - ::group::Pre task execution logs
[2024-12-25T23:30:01.630+0000] {taskinstance.py:2613} INFO - Dependencies all met for dep_context=non-requeueable deps ti=<TaskInstance: a3media_schedule_scraper.scrape_a3media_task scheduled__2024-12-25T17:30:00+00:00 [queued]>
[2024-12-25T23:30:01.637+0000] {taskinstance.py:2613} INFO - Dependencies all met for dep_context=requeueable deps ti=<TaskInstance: a3media_schedule_scraper.scrape_a3media_task scheduled__2024-12-25T17:30:00+00:00 [queued]>
[2024-12-25T23:30:01.637+0000] {taskinstance.py:2866} INFO - Starting attempt 1 of 5
[2024-12-25T23:30:01.646+0000] {taskinstance.py:2889} INFO - Executing <Task(_PythonDecoratedOperator): scrape_a3media_task> on 2024-12-25 17:30:00+00:00
[2024-12-25T23:30:01.651+0000] {warnings.py:112} WARNING - /home/***/.local/lib/python3.12/site-packages/***/task/task_runner/standard_task_runner.py:70: DeprecationWarning: This process (pid=1750) is multi-threaded, use of fork() may lead to deadlocks in the child.
  pid = os.fork()

[2024-12-25T23:30:01.652+0000] {standard_task_runner.py:72} INFO - Started process 1761 to run task
[2024-12-25T23:30:01.653+0000] {standard_task_runner.py:104} INFO - Running: ['***', 'tasks', 'run', 'a3media_schedule_scraper', 'scrape_a3media_task', 'scheduled__2024-12-25T17:30:00+00:00', '--job-id', '2752', '--raw', '--subdir', 'DAGS_FOLDER/dag_atresmedia.py', '--cfg-path', '/tmp/tmp9gbg2uxg']
[2024-12-25T23:30:01.655+0000] {standard_task_runner.py:105} INFO - Job 2752: Subtask scrape_a3media_task
[2024-12-25T23:30:01.685+0000] {task_command.py:467} INFO - Running <TaskInstance: a3media_schedule_scraper.scrape_a3media_task scheduled__2024-12-25T17:30:00+00:00 [running]> on host b605548c7b8b
[2024-12-25T23:30:01.741+0000] {taskinstance.py:3132} INFO - Exporting env vars: AIRFLOW_CTX_DAG_OWNER='***' AIRFLOW_CTX_DAG_ID='a3media_schedule_scraper' AIRFLOW_CTX_TASK_ID='scrape_a3media_task' AIRFLOW_CTX_EXECUTION_DATE='2024-12-25T17:30:00+00:00' AIRFLOW_CTX_TRY_NUMBER='1' AIRFLOW_CTX_DAG_RUN_ID='scheduled__2024-12-25T17:30:00+00:00'
[2024-12-25T23:30:01.742+0000] {taskinstance.py:731} INFO - ::endgroup::
[2024-12-25T23:30:01.862+0000] {logging_mixin.py:190} INFO - https://api.atresplayer.com/client/v1/row/programming/5a6a165a7ed1a834493ebf6a?date=24-12-2024
[2024-12-25T23:30:01.901+0000] {logging_mixin.py:190} INFO - https://api.atresplayer.com/client/v1/row/programming/5a6a165a7ed1a834493ebf6a?date=25-12-2024
[2024-12-25T23:30:01.942+0000] {logging_mixin.py:190} INFO - https://api.atresplayer.com/client/v1/row/programming/5a6a165a7ed1a834493ebf6a?date=26-12-2024
[2024-12-25T23:30:01.981+0000] {logging_mixin.py:190} INFO - Escrito el xmltv del canal "Antena 3"
[2024-12-25T23:30:03.721+0000] {logging_mixin.py:190} INFO - Archivo actualizado correctamente.
[2024-12-25T23:30:03.722+0000] {logging_mixin.py:190} INFO - https://api.atresplayer.com/client/v1/row/programming/5a6a172c7ed1a834493ebf6b?date=24-12-2024
[2024-12-25T23:30:03.769+0000] {logging_mixin.py:190} INFO - https://api.atresplayer.com/client/v1/row/programming/5a6a172c7ed1a834493ebf6b?date=25-12-2024
[2024-12-25T23:30:03.804+0000] {logging_mixin.py:190} INFO - https://api.atresplayer.com/client/v1/row/programming/5a6a172c7ed1a834493ebf6b?date=26-12-2024
[2024-12-25T23:30:03.846+0000] {logging_mixin.py:190} INFO - Escrito el xmltv del canal "laSexta"
[2024-12-25T23:30:05.635+0000] {logging_mixin.py:190} INFO - Archivo actualizado correctamente.
[2024-12-25T23:30:05.636+0000] {logging_mixin.py:190} INFO - https://api.atresplayer.com/client/v1/row/programming/5a6a17da7ed1a834493ebf6d?date=24-12-2024
[2024-12-25T23:30:05.677+0000] {logging_mixin.py:190} INFO - https://api.atresplayer.com/client/v1/row/programming/5a6a17da7ed1a834493ebf6d?date=25-12-2024
[2024-12-25T23:30:05.712+0000] {logging_mixin.py:190} INFO - https://api.atresplayer.com/client/v1/row/programming/5a6a17da7ed1a834493ebf6d?date=26-12-2024
[2024-12-25T23:30:05.751+0000] {logging_mixin.py:190} INFO - Escrito el xmltv del canal "Neox"
[2024-12-25T23:30:07.431+0000] {logging_mixin.py:190} INFO - Archivo actualizado correctamente.
[2024-12-25T23:30:07.438+0000] {logging_mixin.py:190} INFO - https://api.atresplayer.com/client/v1/row/programming/5a6a180b7ed1a834493ebf6e?date=24-12-2024
[2024-12-25T23:30:07.473+0000] {logging_mixin.py:190} INFO - https://api.atresplayer.com/client/v1/row/programming/5a6a180b7ed1a834493ebf6e?date=25-12-2024
[2024-12-25T23:30:07.542+0000] {logging_mixin.py:190} INFO - https://api.atresplayer.com/client/v1/row/programming/5a6a180b7ed1a834493ebf6e?date=26-12-2024
[2024-12-25T23:30:07.598+0000] {logging_mixin.py:190} INFO - Escrito el xmltv del canal "Nova"
[2024-12-25T23:30:09.644+0000] {logging_mixin.py:190} INFO - Archivo actualizado correctamente.
[2024-12-25T23:30:09.645+0000] {logging_mixin.py:190} INFO - https://api.atresplayer.com/client/v1/row/programming/5a6a18357ed1a834493ebf6f?date=24-12-2024
[2024-12-25T23:30:09.682+0000] {logging_mixin.py:190} INFO - https://api.atresplayer.com/client/v1/row/programming/5a6a18357ed1a834493ebf6f?date=25-12-2024
[2024-12-25T23:30:09.721+0000] {logging_mixin.py:190} INFO - https://api.atresplayer.com/client/v1/row/programming/5a6a18357ed1a834493ebf6f?date=26-12-2024
[2024-12-25T23:30:09.765+0000] {logging_mixin.py:190} INFO - Escrito el xmltv del canal "Mega"
[2024-12-25T23:30:12.908+0000] {logging_mixin.py:190} INFO - Error: 422 {"message": "Invalid request.\n\n\"sha\" wasn't supplied.", "documentation_url": "https://docs.github.com/rest/repos/contents#create-or-update-file-contents", "status": "422"}
[2024-12-25T23:30:12.909+0000] {logging_mixin.py:190} INFO - https://api.atresplayer.com/client/v1/row/programming/5a6a189a7ed1a834493ebf70?date=24-12-2024
[2024-12-25T23:30:12.944+0000] {logging_mixin.py:190} INFO - https://api.atresplayer.com/client/v1/row/programming/5a6a189a7ed1a834493ebf70?date=25-12-2024
[2024-12-25T23:30:12.980+0000] {logging_mixin.py:190} INFO - https://api.atresplayer.com/client/v1/row/programming/5a6a189a7ed1a834493ebf70?date=26-12-2024
[2024-12-25T23:30:13.017+0000] {logging_mixin.py:190} INFO - Escrito el xmltv del canal "Atreseries"
[2024-12-25T23:30:15.010+0000] {logging_mixin.py:190} INFO - Archivo actualizado correctamente.
[2024-12-25T23:30:15.011+0000] {python.py:240} INFO - Done. Returned value was: None
[2024-12-25T23:30:15.016+0000] {taskinstance.py:340} INFO - ::group::Post task execution logs
[2024-12-25T23:30:15.017+0000] {taskinstance.py:352} INFO - Marking task as SUCCESS. dag_id=a3media_schedule_scraper, task_id=scrape_a3media_task, run_id=scheduled__2024-12-25T17:30:00+00:00, execution_date=20241225T173000, start_date=20241225T233001, end_date=20241225T233015
[2024-12-25T23:30:15.064+0000] {local_task_job_runner.py:266} INFO - Task exited with return code 0
[2024-12-25T23:30:15.078+0000] {taskinstance.py:3895} INFO - 1 downstream tasks scheduled from follow-on schedule check
[2024-12-25T23:30:15.079+0000] {local_task_job_runner.py:245} INFO - ::endgroup::
