[2024-12-14T23:10:00.990+0000] {local_task_job_runner.py:123} INFO - ::group::Pre task execution logs
[2024-12-14T23:10:00.998+0000] {taskinstance.py:2613} INFO - Dependencies all met for dep_context=non-requeueable deps ti=<TaskInstance: mediaset_schedule_scraper.scrape_mediaset_schedule scheduled__2024-12-12T23:30:00+00:00 [queued]>
[2024-12-14T23:10:01.003+0000] {taskinstance.py:2613} INFO - Dependencies all met for dep_context=requeueable deps ti=<TaskInstance: mediaset_schedule_scraper.scrape_mediaset_schedule scheduled__2024-12-12T23:30:00+00:00 [queued]>
[2024-12-14T23:10:01.003+0000] {taskinstance.py:2866} INFO - Starting attempt 2 of 5
[2024-12-14T23:10:01.010+0000] {taskinstance.py:2889} INFO - Executing <Task(_PythonDecoratedOperator): scrape_mediaset_schedule> on 2024-12-12 23:30:00+00:00
[2024-12-14T23:10:01.014+0000] {warnings.py:112} WARNING - /home/***/.local/lib/python3.12/site-packages/***/task/task_runner/standard_task_runner.py:70: DeprecationWarning: This process (pid=587) is multi-threaded, use of fork() may lead to deadlocks in the child.
  pid = os.fork()

[2024-12-14T23:10:01.015+0000] {standard_task_runner.py:72} INFO - Started process 588 to run task
[2024-12-14T23:10:01.015+0000] {standard_task_runner.py:104} INFO - Running: ['***', 'tasks', 'run', 'mediaset_schedule_scraper', 'scrape_mediaset_schedule', 'scheduled__2024-12-12T23:30:00+00:00', '--job-id', '2475', '--raw', '--subdir', 'DAGS_FOLDER/dag_mediaset.py', '--cfg-path', '/tmp/tmp047fzdjt']
[2024-12-14T23:10:01.017+0000] {standard_task_runner.py:105} INFO - Job 2475: Subtask scrape_mediaset_schedule
[2024-12-14T23:10:01.041+0000] {task_command.py:467} INFO - Running <TaskInstance: mediaset_schedule_scraper.scrape_mediaset_schedule scheduled__2024-12-12T23:30:00+00:00 [running]> on host b605548c7b8b
[2024-12-14T23:10:01.082+0000] {taskinstance.py:3132} INFO - Exporting env vars: AIRFLOW_CTX_DAG_OWNER='***' AIRFLOW_CTX_DAG_ID='mediaset_schedule_scraper' AIRFLOW_CTX_TASK_ID='scrape_mediaset_schedule' AIRFLOW_CTX_EXECUTION_DATE='2024-12-12T23:30:00+00:00' AIRFLOW_CTX_TRY_NUMBER='2' AIRFLOW_CTX_DAG_RUN_ID='scheduled__2024-12-12T23:30:00+00:00'
[2024-12-14T23:10:01.083+0000] {taskinstance.py:731} INFO - ::endgroup::
[2024-12-14T23:10:17.874+0000] {logging_mixin.py:190} INFO - Generando XML para el canal Telecinco
[2024-12-14T23:10:17.882+0000] {logging_mixin.py:190} INFO - Escrito el xml del canal "Telecinco"
[2024-12-14T23:10:20.740+0000] {logging_mixin.py:190} INFO - Error: 422 {"message": "Invalid request.\n\n\"sha\" wasn't supplied.", "documentation_url": "https://docs.github.com/rest/repos/contents#create-or-update-file-contents", "status": "422"}
[2024-12-14T23:10:20.741+0000] {logging_mixin.py:190} INFO - Generando XML para el canal Cuatro
[2024-12-14T23:10:20.745+0000] {logging_mixin.py:190} INFO - Escrito el xml del canal "Cuatro"
[2024-12-14T23:10:22.471+0000] {logging_mixin.py:190} INFO - Archivo actualizado correctamente.
[2024-12-14T23:10:22.472+0000] {logging_mixin.py:190} INFO - Generando XML para el canal Gh 24h plus
[2024-12-14T23:10:22.475+0000] {logging_mixin.py:190} INFO - Escrito el xml del canal "Gh 24h plus"
[2024-12-14T23:10:24.129+0000] {logging_mixin.py:190} INFO - Archivo actualizado correctamente.
[2024-12-14T23:10:24.129+0000] {logging_mixin.py:190} INFO - Generando XML para el canal Gh 24h
[2024-12-14T23:10:24.132+0000] {logging_mixin.py:190} INFO - Escrito el xml del canal "Gh 24h"
[2024-12-14T23:10:25.770+0000] {logging_mixin.py:190} INFO - Archivo actualizado correctamente.
[2024-12-14T23:10:25.771+0000] {logging_mixin.py:190} INFO - Generando XML para el canal Mitele en la calle
[2024-12-14T23:10:25.775+0000] {logging_mixin.py:190} INFO - Escrito el xml del canal "Mitele en la calle"
[2024-12-14T23:10:27.506+0000] {logging_mixin.py:190} INFO - Archivo actualizado correctamente.
[2024-12-14T23:10:27.507+0000] {logging_mixin.py:190} INFO - Generando XML para el canal Mitele viajes
[2024-12-14T23:10:27.509+0000] {logging_mixin.py:190} INFO - Escrito el xml del canal "Mitele viajes"
[2024-12-14T23:10:29.179+0000] {logging_mixin.py:190} INFO - Archivo actualizado correctamente.
[2024-12-14T23:10:29.180+0000] {logging_mixin.py:190} INFO - Generando XML para el canal Mitele plus lqsa
[2024-12-14T23:10:29.183+0000] {logging_mixin.py:190} INFO - Escrito el xml del canal "Mitele plus lqsa"
[2024-12-14T23:10:30.940+0000] {logging_mixin.py:190} INFO - Archivo actualizado correctamente.
[2024-12-14T23:10:30.940+0000] {logging_mixin.py:190} INFO - Generando XML para el canal Mitele comedia
[2024-12-14T23:10:30.944+0000] {logging_mixin.py:190} INFO - Escrito el xml del canal "Mitele comedia"
[2024-12-14T23:10:32.628+0000] {logging_mixin.py:190} INFO - Archivo actualizado correctamente.
[2024-12-14T23:10:32.629+0000] {logging_mixin.py:190} INFO - Generando XML para el canal Mitele top series
[2024-12-14T23:10:32.633+0000] {logging_mixin.py:190} INFO - Escrito el xml del canal "Mitele top series"
[2024-12-14T23:10:34.274+0000] {logging_mixin.py:190} INFO - Archivo actualizado correctamente.
[2024-12-14T23:10:34.274+0000] {logging_mixin.py:190} INFO - Generando XML para el canal Divinity
[2024-12-14T23:10:34.279+0000] {logging_mixin.py:190} INFO - Escrito el xml del canal "Divinity"
[2024-12-14T23:10:36.133+0000] {logging_mixin.py:190} INFO - Archivo actualizado correctamente.
[2024-12-14T23:10:36.133+0000] {logging_mixin.py:190} INFO - Generando XML para el canal Fdf
[2024-12-14T23:10:36.137+0000] {logging_mixin.py:190} INFO - Escrito el xml del canal "Fdf"
[2024-12-14T23:10:37.876+0000] {logging_mixin.py:190} INFO - Archivo actualizado correctamente.
[2024-12-14T23:10:37.876+0000] {logging_mixin.py:190} INFO - Generando XML para el canal Energy
[2024-12-14T23:10:37.880+0000] {logging_mixin.py:190} INFO - Escrito el xml del canal "Energy"
[2024-12-14T23:10:39.650+0000] {logging_mixin.py:190} INFO - Archivo actualizado correctamente.
[2024-12-14T23:10:39.651+0000] {logging_mixin.py:190} INFO - Generando XML para el canal Bemad
[2024-12-14T23:10:39.654+0000] {logging_mixin.py:190} INFO - Escrito el xml del canal "Bemad"
[2024-12-14T23:10:41.365+0000] {logging_mixin.py:190} INFO - Archivo actualizado correctamente.
[2024-12-14T23:10:41.365+0000] {logging_mixin.py:190} INFO - Generando XML para el canal Boing
[2024-12-14T23:10:41.369+0000] {logging_mixin.py:190} INFO - Escrito el xml del canal "Boing"
[2024-12-14T23:10:43.427+0000] {logging_mixin.py:190} INFO - Archivo actualizado correctamente.
[2024-12-14T23:10:43.428+0000] {logging_mixin.py:190} INFO - Generando XML para el canal Acontraplus
[2024-12-14T23:10:43.430+0000] {logging_mixin.py:190} INFO - Escrito el xml del canal "Acontraplus"
[2024-12-14T23:10:45.036+0000] {logging_mixin.py:190} INFO - Archivo actualizado correctamente.
[2024-12-14T23:10:45.036+0000] {logging_mixin.py:190} INFO - Generando XML para el canal Fight sports
[2024-12-14T23:10:45.039+0000] {logging_mixin.py:190} INFO - Escrito el xml del canal "Fight sports"
[2024-12-14T23:10:46.950+0000] {logging_mixin.py:190} INFO - Archivo actualizado correctamente.
[2024-12-14T23:10:46.951+0000] {logging_mixin.py:190} INFO - Generando XML para el canal Mtmad 24h
[2024-12-14T23:10:46.952+0000] {logging_mixin.py:190} INFO - Escrito el xml del canal "Mtmad 24h"
[2024-12-14T23:10:48.598+0000] {logging_mixin.py:190} INFO - Archivo actualizado correctamente.
[2024-12-14T23:10:48.600+0000] {python.py:240} INFO - Done. Returned value was: None
[2024-12-14T23:10:48.607+0000] {taskinstance.py:340} INFO - ::group::Post task execution logs
[2024-12-14T23:10:48.607+0000] {taskinstance.py:352} INFO - Marking task as SUCCESS. dag_id=mediaset_schedule_scraper, task_id=scrape_mediaset_schedule, run_id=scheduled__2024-12-12T23:30:00+00:00, execution_date=20241212T233000, start_date=20241214T231000, end_date=20241214T231048
[2024-12-14T23:10:48.624+0000] {local_task_job_runner.py:266} INFO - Task exited with return code 0
[2024-12-14T23:10:48.629+0000] {local_task_job_runner.py:245} INFO - ::endgroup::
[2024-12-15T22:04:57.958+0000] {local_task_job_runner.py:123} INFO - ::group::Pre task execution logs
[2024-12-15T22:04:57.986+0000] {taskinstance.py:2603} INFO - Dependencies not met for <TaskInstance: mediaset_schedule_scraper.scrape_mediaset_schedule scheduled__2024-12-12T23:30:00+00:00 [success]>, dependency 'Task Instance State' FAILED: Task is in the 'success' state.
[2024-12-15T22:04:57.995+0000] {local_task_job_runner.py:166} INFO - Task is not able to be run
