[2024-12-06T12:53:26.406+0000] {local_task_job_runner.py:123} INFO - ::group::Pre task execution logs
[2024-12-06T12:53:26.415+0000] {taskinstance.py:2613} INFO - Dependencies all met for dep_context=non-requeueable deps ti=<TaskInstance: telemadrid_schedule_scraper_v2.MergeAllXML scheduled__2024-02-02T12:00:00+00:00 [queued]>
[2024-12-06T12:53:26.419+0000] {taskinstance.py:2613} INFO - Dependencies all met for dep_context=requeueable deps ti=<TaskInstance: telemadrid_schedule_scraper_v2.MergeAllXML scheduled__2024-02-02T12:00:00+00:00 [queued]>
[2024-12-06T12:53:26.419+0000] {taskinstance.py:2866} INFO - Starting attempt 1 of 5
[2024-12-06T12:53:26.426+0000] {taskinstance.py:2889} INFO - Executing <Task(_PythonDecoratedOperator): MergeAllXML> on 2024-02-02 12:00:00+00:00
[2024-12-06T12:53:26.430+0000] {warnings.py:112} WARNING - /home/***/.local/lib/python3.12/site-packages/***/task/task_runner/standard_task_runner.py:70: DeprecationWarning: This process (pid=392) is multi-threaded, use of fork() may lead to deadlocks in the child.
  pid = os.fork()

[2024-12-06T12:53:26.431+0000] {standard_task_runner.py:72} INFO - Started process 393 to run task
[2024-12-06T12:53:26.431+0000] {standard_task_runner.py:104} INFO - Running: ['***', 'tasks', 'run', 'telemadrid_schedule_scraper_v2', 'MergeAllXML', 'scheduled__2024-02-02T12:00:00+00:00', '--job-id', '1072', '--raw', '--subdir', 'DAGS_FOLDER/dag_telemadrid_v2.py', '--cfg-path', '/tmp/tmparp13a4g']
[2024-12-06T12:53:26.432+0000] {standard_task_runner.py:105} INFO - Job 1072: Subtask MergeAllXML
[2024-12-06T12:53:26.456+0000] {task_command.py:467} INFO - Running <TaskInstance: telemadrid_schedule_scraper_v2.MergeAllXML scheduled__2024-02-02T12:00:00+00:00 [running]> on host 01ebcafa06b4
[2024-12-06T12:53:26.500+0000] {taskinstance.py:3132} INFO - Exporting env vars: AIRFLOW_CTX_DAG_OWNER='***' AIRFLOW_CTX_DAG_ID='telemadrid_schedule_scraper_v2' AIRFLOW_CTX_TASK_ID='MergeAllXML' AIRFLOW_CTX_EXECUTION_DATE='2024-02-02T12:00:00+00:00' AIRFLOW_CTX_TRY_NUMBER='1' AIRFLOW_CTX_DAG_RUN_ID='scheduled__2024-02-02T12:00:00+00:00'
[2024-12-06T12:53:26.501+0000] {taskinstance.py:731} INFO - ::endgroup::
[2024-12-06T12:53:26.618+0000] {logging_mixin.py:190} INFO - [INFO] Generado el archivo "all_in_one.xml"
[2024-12-06T12:53:26.619+0000] {python.py:240} INFO - Done. Returned value was: None
[2024-12-06T12:53:26.626+0000] {taskinstance.py:340} INFO - ::group::Post task execution logs
[2024-12-06T12:53:26.626+0000] {taskinstance.py:352} INFO - Marking task as SUCCESS. dag_id=telemadrid_schedule_scraper_v2, task_id=MergeAllXML, run_id=scheduled__2024-02-02T12:00:00+00:00, execution_date=20240202T120000, start_date=20241206T125326, end_date=20241206T125326
[2024-12-06T12:53:26.645+0000] {local_task_job_runner.py:266} INFO - Task exited with return code 0
[2024-12-06T12:53:26.657+0000] {taskinstance.py:3895} INFO - 1 downstream tasks scheduled from follow-on schedule check
[2024-12-06T12:53:26.658+0000] {local_task_job_runner.py:245} INFO - ::endgroup::
