[2024-12-12T11:30:20.046+0000] {local_task_job_runner.py:123} INFO - ::group::Pre task execution logs
[2024-12-12T11:30:20.055+0000] {taskinstance.py:2613} INFO - Dependencies all met for dep_context=non-requeueable deps ti=<TaskInstance: rtve_schedule_scraper.merge_all_xml scheduled__2024-12-12T05:30:00+00:00 [queued]>
[2024-12-12T11:30:20.060+0000] {taskinstance.py:2613} INFO - Dependencies all met for dep_context=requeueable deps ti=<TaskInstance: rtve_schedule_scraper.merge_all_xml scheduled__2024-12-12T05:30:00+00:00 [queued]>
[2024-12-12T11:30:20.060+0000] {taskinstance.py:2866} INFO - Starting attempt 1 of 4
[2024-12-12T11:30:20.069+0000] {taskinstance.py:2889} INFO - Executing <Task(_PythonDecoratedOperator): merge_all_xml> on 2024-12-12 05:30:00+00:00
[2024-12-12T11:30:20.073+0000] {warnings.py:112} WARNING - /home/***/.local/lib/python3.12/site-packages/***/task/task_runner/standard_task_runner.py:70: DeprecationWarning: This process (pid=16854) is multi-threaded, use of fork() may lead to deadlocks in the child.
  pid = os.fork()

[2024-12-12T11:30:20.074+0000] {standard_task_runner.py:72} INFO - Started process 16855 to run task
[2024-12-12T11:30:20.074+0000] {standard_task_runner.py:104} INFO - Running: ['***', 'tasks', 'run', 'rtve_schedule_scraper', 'merge_all_xml', 'scheduled__2024-12-12T05:30:00+00:00', '--job-id', '2371', '--raw', '--subdir', 'DAGS_FOLDER/dag_rtve_selenium.py', '--cfg-path', '/tmp/tmp8md0b8qp']
[2024-12-12T11:30:20.076+0000] {standard_task_runner.py:105} INFO - Job 2371: Subtask merge_all_xml
[2024-12-12T11:30:20.102+0000] {task_command.py:467} INFO - Running <TaskInstance: rtve_schedule_scraper.merge_all_xml scheduled__2024-12-12T05:30:00+00:00 [running]> on host b605548c7b8b
[2024-12-12T11:30:20.150+0000] {taskinstance.py:3132} INFO - Exporting env vars: AIRFLOW_CTX_DAG_OWNER='***' AIRFLOW_CTX_DAG_ID='rtve_schedule_scraper' AIRFLOW_CTX_TASK_ID='merge_all_xml' AIRFLOW_CTX_EXECUTION_DATE='2024-12-12T05:30:00+00:00' AIRFLOW_CTX_TRY_NUMBER='1' AIRFLOW_CTX_DAG_RUN_ID='scheduled__2024-12-12T05:30:00+00:00'
[2024-12-12T11:30:20.151+0000] {taskinstance.py:731} INFO - ::endgroup::
[2024-12-12T11:30:20.397+0000] {logging_mixin.py:190} INFO - [INFO] Generado el archivo "all_in_one.xml"
[2024-12-12T11:30:20.400+0000] {python.py:240} INFO - Done. Returned value was: None
[2024-12-12T11:30:20.407+0000] {taskinstance.py:340} INFO - ::group::Post task execution logs
[2024-12-12T11:30:20.407+0000] {taskinstance.py:352} INFO - Marking task as SUCCESS. dag_id=rtve_schedule_scraper, task_id=merge_all_xml, run_id=scheduled__2024-12-12T05:30:00+00:00, execution_date=20241212T053000, start_date=20241212T113020, end_date=20241212T113020
[2024-12-12T11:30:20.449+0000] {local_task_job_runner.py:266} INFO - Task exited with return code 0
[2024-12-12T11:30:20.462+0000] {taskinstance.py:3895} INFO - 1 downstream tasks scheduled from follow-on schedule check
[2024-12-12T11:30:20.463+0000] {local_task_job_runner.py:245} INFO - ::endgroup::
