[2024-12-05T23:22:59.350+0000] {local_task_job_runner.py:123} INFO - ::group::Pre task execution logs
[2024-12-05T23:22:59.361+0000] {taskinstance.py:2613} INFO - Dependencies all met for dep_context=non-requeueable deps ti=<TaskInstance: a3media_schedule_scraper.scrape_a3media_schedule manual__2024-12-05T23:22:58.285236+00:00 [queued]>
[2024-12-05T23:22:59.365+0000] {taskinstance.py:2613} INFO - Dependencies all met for dep_context=requeueable deps ti=<TaskInstance: a3media_schedule_scraper.scrape_a3media_schedule manual__2024-12-05T23:22:58.285236+00:00 [queued]>
[2024-12-05T23:22:59.366+0000] {taskinstance.py:2866} INFO - Starting attempt 1 of 5
[2024-12-05T23:22:59.374+0000] {taskinstance.py:2889} INFO - Executing <Task(PythonOperator): scrape_a3media_schedule> on 2024-12-05 23:22:58.285236+00:00
[2024-12-05T23:22:59.377+0000] {warnings.py:112} WARNING - /home/***/.local/lib/python3.12/site-packages/***/task/task_runner/standard_task_runner.py:70: DeprecationWarning: This process (pid=192) is multi-threaded, use of fork() may lead to deadlocks in the child.
  pid = os.fork()

[2024-12-05T23:22:59.378+0000] {standard_task_runner.py:72} INFO - Started process 193 to run task
[2024-12-05T23:22:59.378+0000] {standard_task_runner.py:104} INFO - Running: ['***', 'tasks', 'run', 'a3media_schedule_scraper', 'scrape_a3media_schedule', 'manual__2024-12-05T23:22:58.285236+00:00', '--job-id', '602', '--raw', '--subdir', 'DAGS_FOLDER/dag_atresmedia.py', '--cfg-path', '/tmp/tmperj4d8y_']
[2024-12-05T23:22:59.380+0000] {standard_task_runner.py:105} INFO - Job 602: Subtask scrape_a3media_schedule
[2024-12-05T23:22:59.404+0000] {task_command.py:467} INFO - Running <TaskInstance: a3media_schedule_scraper.scrape_a3media_schedule manual__2024-12-05T23:22:58.285236+00:00 [running]> on host d88abb179e8d
[2024-12-05T23:22:59.447+0000] {taskinstance.py:3132} INFO - Exporting env vars: AIRFLOW_CTX_DAG_OWNER='***' AIRFLOW_CTX_DAG_ID='a3media_schedule_scraper' AIRFLOW_CTX_TASK_ID='scrape_a3media_schedule' AIRFLOW_CTX_EXECUTION_DATE='2024-12-05T23:22:58.285236+00:00' AIRFLOW_CTX_TRY_NUMBER='1' AIRFLOW_CTX_DAG_RUN_ID='manual__2024-12-05T23:22:58.285236+00:00'
[2024-12-05T23:22:59.448+0000] {taskinstance.py:731} INFO - ::endgroup::
[2024-12-05T23:22:59.668+0000] {logging_mixin.py:190} INFO - Escrito el xmltv del canal "Antena 3"
[2024-12-05T23:23:01.658+0000] {logging_mixin.py:190} INFO - Archivo actualizado correctamente.
[2024-12-05T23:23:01.788+0000] {logging_mixin.py:190} INFO - Escrito el xmltv del canal "laSexta"
[2024-12-05T23:23:03.868+0000] {logging_mixin.py:190} INFO - Archivo actualizado correctamente.
[2024-12-05T23:23:04.235+0000] {logging_mixin.py:190} INFO - Escrito el xmltv del canal "Neox"
[2024-12-05T23:23:08.090+0000] {logging_mixin.py:190} INFO - Error: 422 {"message": "Invalid request.\n\n\"sha\" wasn't supplied.", "documentation_url": "https://docs.github.com/rest/repos/contents#create-or-update-file-contents", "status": "422"}
[2024-12-05T23:23:08.214+0000] {logging_mixin.py:190} INFO - Escrito el xmltv del canal "Nova"
[2024-12-05T23:23:10.295+0000] {logging_mixin.py:190} INFO - Archivo actualizado correctamente.
[2024-12-05T23:23:10.714+0000] {logging_mixin.py:190} INFO - Escrito el xmltv del canal "Mega"
[2024-12-05T23:23:12.868+0000] {logging_mixin.py:190} INFO - Archivo actualizado correctamente.
[2024-12-05T23:23:13.161+0000] {logging_mixin.py:190} INFO - Escrito el xmltv del canal "Atreseries"
[2024-12-05T23:23:15.507+0000] {logging_mixin.py:190} INFO - Archivo actualizado correctamente.
[2024-12-05T23:23:15.508+0000] {python.py:240} INFO - Done. Returned value was: None
[2024-12-05T23:23:15.515+0000] {taskinstance.py:340} INFO - ::group::Post task execution logs
[2024-12-05T23:23:15.515+0000] {taskinstance.py:352} INFO - Marking task as SUCCESS. dag_id=a3media_schedule_scraper, task_id=scrape_a3media_schedule, run_id=manual__2024-12-05T23:22:58.285236+00:00, execution_date=20241205T232258, start_date=20241205T232259, end_date=20241205T232315
[2024-12-05T23:23:15.535+0000] {local_task_job_runner.py:266} INFO - Task exited with return code 0
[2024-12-05T23:23:15.547+0000] {taskinstance.py:3895} INFO - 1 downstream tasks scheduled from follow-on schedule check
[2024-12-05T23:23:15.547+0000] {local_task_job_runner.py:245} INFO - ::endgroup::
