[2024-12-06T12:52:56.366+0000] {local_task_job_runner.py:123} INFO - ::group::Pre task execution logs
[2024-12-06T12:52:56.380+0000] {taskinstance.py:2613} INFO - Dependencies all met for dep_context=non-requeueable deps ti=<TaskInstance: telemadrid_schedule_scraper_v2.PushAllInOne scheduled__2024-01-01T12:00:00+00:00 [queued]>
[2024-12-06T12:52:56.388+0000] {taskinstance.py:2613} INFO - Dependencies all met for dep_context=requeueable deps ti=<TaskInstance: telemadrid_schedule_scraper_v2.PushAllInOne scheduled__2024-01-01T12:00:00+00:00 [queued]>
[2024-12-06T12:52:56.389+0000] {taskinstance.py:2866} INFO - Starting attempt 1 of 5
[2024-12-06T12:52:56.399+0000] {taskinstance.py:2889} INFO - Executing <Task(_PythonDecoratedOperator): PushAllInOne> on 2024-01-01 12:00:00+00:00
[2024-12-06T12:52:56.405+0000] {warnings.py:112} WARNING - /home/***/.local/lib/python3.12/site-packages/***/task/task_runner/standard_task_runner.py:70: DeprecationWarning: This process (pid=145) is multi-threaded, use of fork() may lead to deadlocks in the child.
  pid = os.fork()

[2024-12-06T12:52:56.406+0000] {standard_task_runner.py:72} INFO - Started process 171 to run task
[2024-12-06T12:52:56.408+0000] {standard_task_runner.py:104} INFO - Running: ['***', 'tasks', 'run', 'telemadrid_schedule_scraper_v2', 'PushAllInOne', 'scheduled__2024-01-01T12:00:00+00:00', '--job-id', '997', '--raw', '--subdir', 'DAGS_FOLDER/dag_telemadrid_v2.py', '--cfg-path', '/tmp/tmpuv1nalpd']
[2024-12-06T12:52:56.410+0000] {standard_task_runner.py:105} INFO - Job 997: Subtask PushAllInOne
[2024-12-06T12:52:56.449+0000] {task_command.py:467} INFO - Running <TaskInstance: telemadrid_schedule_scraper_v2.PushAllInOne scheduled__2024-01-01T12:00:00+00:00 [running]> on host 01ebcafa06b4
[2024-12-06T12:52:56.511+0000] {taskinstance.py:3132} INFO - Exporting env vars: AIRFLOW_CTX_DAG_OWNER='***' AIRFLOW_CTX_DAG_ID='telemadrid_schedule_scraper_v2' AIRFLOW_CTX_TASK_ID='PushAllInOne' AIRFLOW_CTX_EXECUTION_DATE='2024-01-01T12:00:00+00:00' AIRFLOW_CTX_TRY_NUMBER='1' AIRFLOW_CTX_DAG_RUN_ID='scheduled__2024-01-01T12:00:00+00:00'
[2024-12-06T12:52:56.512+0000] {taskinstance.py:731} INFO - ::endgroup::
[2024-12-06T12:53:01.255+0000] {logging_mixin.py:190} INFO - Error: 422 {"message": "Invalid request.\n\n\"sha\" wasn't supplied.", "documentation_url": "https://docs.github.com/rest/repos/contents#create-or-update-file-contents", "status": "422"}
[2024-12-06T12:53:01.256+0000] {python.py:240} INFO - Done. Returned value was: None
[2024-12-06T12:53:01.261+0000] {taskinstance.py:340} INFO - ::group::Post task execution logs
[2024-12-06T12:53:01.262+0000] {taskinstance.py:352} INFO - Marking task as SUCCESS. dag_id=telemadrid_schedule_scraper_v2, task_id=PushAllInOne, run_id=scheduled__2024-01-01T12:00:00+00:00, execution_date=20240101T120000, start_date=20241206T125256, end_date=20241206T125301
[2024-12-06T12:53:01.271+0000] {local_task_job_runner.py:266} INFO - Task exited with return code 0
[2024-12-06T12:53:01.280+0000] {taskinstance.py:3895} INFO - 0 downstream tasks scheduled from follow-on schedule check
[2024-12-06T12:53:01.281+0000] {local_task_job_runner.py:245} INFO - ::endgroup::
