[2024-12-06T18:09:44.351+0000] {local_task_job_runner.py:123} INFO - ::group::Pre task execution logs
[2024-12-06T18:09:44.359+0000] {taskinstance.py:2613} INFO - Dependencies all met for dep_context=non-requeueable deps ti=<TaskInstance: rtve_schedule_scraper.scrape_rtve_task manual__2024-12-06T18:09:43.588152+00:00 [queued]>
[2024-12-06T18:09:44.363+0000] {taskinstance.py:2613} INFO - Dependencies all met for dep_context=requeueable deps ti=<TaskInstance: rtve_schedule_scraper.scrape_rtve_task manual__2024-12-06T18:09:43.588152+00:00 [queued]>
[2024-12-06T18:09:44.364+0000] {taskinstance.py:2866} INFO - Starting attempt 1 of 5
[2024-12-06T18:09:44.371+0000] {taskinstance.py:2889} INFO - Executing <Task(_PythonDecoratedOperator): scrape_rtve_task> on 2024-12-06 18:09:43.588152+00:00
[2024-12-06T18:09:44.375+0000] {warnings.py:112} WARNING - /home/***/.local/lib/python3.12/site-packages/***/task/task_runner/standard_task_runner.py:70: DeprecationWarning: This process (pid=1053) is multi-threaded, use of fork() may lead to deadlocks in the child.
  pid = os.fork()

[2024-12-06T18:09:44.376+0000] {standard_task_runner.py:72} INFO - Started process 1054 to run task
[2024-12-06T18:09:44.376+0000] {standard_task_runner.py:104} INFO - Running: ['***', 'tasks', 'run', 'rtve_schedule_scraper', 'scrape_rtve_task', 'manual__2024-12-06T18:09:43.588152+00:00', '--job-id', '1978', '--raw', '--subdir', 'DAGS_FOLDER/dag_rtve_selenium.py', '--cfg-path', '/tmp/tmpvudg_k2j']
[2024-12-06T18:09:44.377+0000] {standard_task_runner.py:105} INFO - Job 1978: Subtask scrape_rtve_task
[2024-12-06T18:09:44.399+0000] {task_command.py:467} INFO - Running <TaskInstance: rtve_schedule_scraper.scrape_rtve_task manual__2024-12-06T18:09:43.588152+00:00 [running]> on host b605548c7b8b
[2024-12-06T18:09:44.440+0000] {taskinstance.py:3132} INFO - Exporting env vars: AIRFLOW_CTX_DAG_OWNER='***' AIRFLOW_CTX_DAG_ID='rtve_schedule_scraper' AIRFLOW_CTX_TASK_ID='scrape_rtve_task' AIRFLOW_CTX_EXECUTION_DATE='2024-12-06T18:09:43.588152+00:00' AIRFLOW_CTX_TRY_NUMBER='1' AIRFLOW_CTX_DAG_RUN_ID='manual__2024-12-06T18:09:43.588152+00:00'
[2024-12-06T18:09:44.441+0000] {taskinstance.py:731} INFO - ::endgroup::
[2024-12-06T18:09:51.672+0000] {logging_mixin.py:190} INFO - Archivo actualizado correctamente.
[2024-12-06T18:09:51.672+0000] {logging_mixin.py:190} INFO - Escrito el xmltv del canal "La 1"
[2024-12-06T18:09:53.584+0000] {logging_mixin.py:190} INFO - Archivo actualizado correctamente.
[2024-12-06T18:09:53.584+0000] {logging_mixin.py:190} INFO - Escrito el xmltv del canal "La 2"
[2024-12-06T18:09:55.739+0000] {logging_mixin.py:190} INFO - Archivo actualizado correctamente.
[2024-12-06T18:09:55.739+0000] {logging_mixin.py:190} INFO - Escrito el xmltv del canal "Teledeporte"
[2024-12-06T18:09:57.665+0000] {logging_mixin.py:190} INFO - Archivo actualizado correctamente.
[2024-12-06T18:09:57.666+0000] {logging_mixin.py:190} INFO - Escrito el xmltv del canal "24 horas"
[2024-12-06T18:09:59.931+0000] {logging_mixin.py:190} INFO - Archivo actualizado correctamente.
[2024-12-06T18:09:59.932+0000] {logging_mixin.py:190} INFO - Escrito el xmltv del canal "Clan"
[2024-12-06T18:10:00.061+0000] {python.py:240} INFO - Done. Returned value was: None
[2024-12-06T18:10:00.067+0000] {taskinstance.py:340} INFO - ::group::Post task execution logs
[2024-12-06T18:10:00.067+0000] {taskinstance.py:352} INFO - Marking task as SUCCESS. dag_id=rtve_schedule_scraper, task_id=scrape_rtve_task, run_id=manual__2024-12-06T18:09:43.588152+00:00, execution_date=20241206T180943, start_date=20241206T180944, end_date=20241206T181000
[2024-12-06T18:10:00.096+0000] {local_task_job_runner.py:266} INFO - Task exited with return code 0
[2024-12-06T18:10:00.109+0000] {taskinstance.py:3895} INFO - 1 downstream tasks scheduled from follow-on schedule check
[2024-12-06T18:10:00.110+0000] {local_task_job_runner.py:245} INFO - ::endgroup::
