[2024-12-09T17:50:50.219+0000] {local_task_job_runner.py:123} INFO - ::group::Pre task execution logs
[2024-12-09T17:50:50.228+0000] {taskinstance.py:2613} INFO - Dependencies all met for dep_context=non-requeueable deps ti=<TaskInstance: rtve_schedule_scraper.scrape_rtve_task manual__2024-12-09T17:50:49.683017+00:00 [queued]>
[2024-12-09T17:50:50.233+0000] {taskinstance.py:2613} INFO - Dependencies all met for dep_context=requeueable deps ti=<TaskInstance: rtve_schedule_scraper.scrape_rtve_task manual__2024-12-09T17:50:49.683017+00:00 [queued]>
[2024-12-09T17:50:50.233+0000] {taskinstance.py:2866} INFO - Starting attempt 1 of 4
[2024-12-09T17:50:50.241+0000] {taskinstance.py:2889} INFO - Executing <Task(_PythonDecoratedOperator): scrape_rtve_task> on 2024-12-09 17:50:49.683017+00:00
[2024-12-09T17:50:50.245+0000] {warnings.py:112} WARNING - /home/***/.local/lib/python3.12/site-packages/***/task/task_runner/standard_task_runner.py:70: DeprecationWarning: This process (pid=2614) is multi-threaded, use of fork() may lead to deadlocks in the child.
  pid = os.fork()

[2024-12-09T17:50:50.246+0000] {standard_task_runner.py:72} INFO - Started process 2615 to run task
[2024-12-09T17:50:50.246+0000] {standard_task_runner.py:104} INFO - Running: ['***', 'tasks', 'run', 'rtve_schedule_scraper', 'scrape_rtve_task', 'manual__2024-12-09T17:50:49.683017+00:00', '--job-id', '2245', '--raw', '--subdir', 'DAGS_FOLDER/dag_rtve_selenium.py', '--cfg-path', '/tmp/tmpoqoi9224']
[2024-12-09T17:50:50.247+0000] {standard_task_runner.py:105} INFO - Job 2245: Subtask scrape_rtve_task
[2024-12-09T17:50:50.271+0000] {task_command.py:467} INFO - Running <TaskInstance: rtve_schedule_scraper.scrape_rtve_task manual__2024-12-09T17:50:49.683017+00:00 [running]> on host b605548c7b8b
[2024-12-09T17:50:50.314+0000] {taskinstance.py:3132} INFO - Exporting env vars: AIRFLOW_CTX_DAG_OWNER='***' AIRFLOW_CTX_DAG_ID='rtve_schedule_scraper' AIRFLOW_CTX_TASK_ID='scrape_rtve_task' AIRFLOW_CTX_EXECUTION_DATE='2024-12-09T17:50:49.683017+00:00' AIRFLOW_CTX_TRY_NUMBER='1' AIRFLOW_CTX_DAG_RUN_ID='manual__2024-12-09T17:50:49.683017+00:00'
[2024-12-09T17:50:50.314+0000] {taskinstance.py:731} INFO - ::endgroup::
[2024-12-09T17:50:57.963+0000] {logging_mixin.py:190} INFO - Archivo actualizado correctamente.
[2024-12-09T17:50:57.963+0000] {logging_mixin.py:190} INFO - Escrito el xmltv del canal "La 1"
[2024-12-09T17:51:00.108+0000] {logging_mixin.py:190} INFO - Archivo actualizado correctamente.
[2024-12-09T17:51:00.108+0000] {logging_mixin.py:190} INFO - Escrito el xmltv del canal "La 2"
[2024-12-09T17:51:02.170+0000] {logging_mixin.py:190} INFO - Archivo actualizado correctamente.
[2024-12-09T17:51:02.171+0000] {logging_mixin.py:190} INFO - Escrito el xmltv del canal "Teledeporte"
[2024-12-09T17:51:04.257+0000] {logging_mixin.py:190} INFO - Archivo actualizado correctamente.
[2024-12-09T17:51:04.258+0000] {logging_mixin.py:190} INFO - Escrito el xmltv del canal "24 horas"
[2024-12-09T17:51:06.810+0000] {logging_mixin.py:190} INFO - Archivo actualizado correctamente.
[2024-12-09T17:51:06.811+0000] {logging_mixin.py:190} INFO - Escrito el xmltv del canal "Clan"
[2024-12-09T17:51:06.888+0000] {python.py:240} INFO - Done. Returned value was: None
[2024-12-09T17:51:06.893+0000] {taskinstance.py:340} INFO - ::group::Post task execution logs
[2024-12-09T17:51:06.894+0000] {taskinstance.py:352} INFO - Marking task as SUCCESS. dag_id=rtve_schedule_scraper, task_id=scrape_rtve_task, run_id=manual__2024-12-09T17:50:49.683017+00:00, execution_date=20241209T175049, start_date=20241209T175050, end_date=20241209T175106
[2024-12-09T17:51:06.931+0000] {local_task_job_runner.py:266} INFO - Task exited with return code 0
[2024-12-09T17:51:06.943+0000] {taskinstance.py:3895} INFO - 1 downstream tasks scheduled from follow-on schedule check
[2024-12-09T17:51:06.944+0000] {local_task_job_runner.py:245} INFO - ::endgroup::
