[2024-12-05T00:39:31.067+0000] {local_task_job_runner.py:123} INFO - ::group::Pre task execution logs
[2024-12-05T00:39:31.077+0000] {taskinstance.py:2613} INFO - Dependencies all met for dep_context=non-requeueable deps ti=<TaskInstance: rtve_canarias_schedule_scraper.push_all_in_one_task manual__2024-12-05T00:36:57.278868+00:00 [queued]>
[2024-12-05T00:39:31.082+0000] {taskinstance.py:2613} INFO - Dependencies all met for dep_context=requeueable deps ti=<TaskInstance: rtve_canarias_schedule_scraper.push_all_in_one_task manual__2024-12-05T00:36:57.278868+00:00 [queued]>
[2024-12-05T00:39:31.083+0000] {taskinstance.py:2866} INFO - Starting attempt 1 of 2
[2024-12-05T00:39:31.090+0000] {taskinstance.py:2889} INFO - Executing <Task(PythonOperator): push_all_in_one_task> on 2024-12-05 00:36:57.278868+00:00
[2024-12-05T00:39:31.094+0000] {warnings.py:112} WARNING - /home/***/.local/lib/python3.12/site-packages/***/task/task_runner/standard_task_runner.py:70: DeprecationWarning: This process (pid=126) is multi-threaded, use of fork() may lead to deadlocks in the child.
  pid = os.fork()

[2024-12-05T00:39:31.095+0000] {standard_task_runner.py:72} INFO - Started process 127 to run task
[2024-12-05T00:39:31.095+0000] {standard_task_runner.py:104} INFO - Running: ['***', 'tasks', 'run', 'rtve_canarias_schedule_scraper', 'push_all_in_one_task', 'manual__2024-12-05T00:36:57.278868+00:00', '--job-id', '561', '--raw', '--subdir', 'DAGS_FOLDER/dag_rtve_canarias_selenium.py', '--cfg-path', '/tmp/tmpckv_hg76']
[2024-12-05T00:39:31.096+0000] {standard_task_runner.py:105} INFO - Job 561: Subtask push_all_in_one_task
[2024-12-05T00:39:31.122+0000] {task_command.py:467} INFO - Running <TaskInstance: rtve_canarias_schedule_scraper.push_all_in_one_task manual__2024-12-05T00:36:57.278868+00:00 [running]> on host d88abb179e8d
[2024-12-05T00:39:31.167+0000] {taskinstance.py:3132} INFO - Exporting env vars: AIRFLOW_CTX_DAG_OWNER='***' AIRFLOW_CTX_DAG_ID='rtve_canarias_schedule_scraper' AIRFLOW_CTX_TASK_ID='push_all_in_one_task' AIRFLOW_CTX_EXECUTION_DATE='2024-12-05T00:36:57.278868+00:00' AIRFLOW_CTX_TRY_NUMBER='1' AIRFLOW_CTX_DAG_RUN_ID='manual__2024-12-05T00:36:57.278868+00:00'
[2024-12-05T00:39:31.167+0000] {taskinstance.py:731} INFO - ::endgroup::
[2024-12-05T00:39:33.520+0000] {logging_mixin.py:190} INFO - Archivo actualizado correctamente.
[2024-12-05T00:39:33.521+0000] {python.py:240} INFO - Done. Returned value was: None
[2024-12-05T00:39:33.527+0000] {taskinstance.py:340} INFO - ::group::Post task execution logs
[2024-12-05T00:39:33.527+0000] {taskinstance.py:352} INFO - Marking task as SUCCESS. dag_id=rtve_canarias_schedule_scraper, task_id=push_all_in_one_task, run_id=manual__2024-12-05T00:36:57.278868+00:00, execution_date=20241205T003657, start_date=20241205T003931, end_date=20241205T003933
[2024-12-05T00:39:33.555+0000] {local_task_job_runner.py:266} INFO - Task exited with return code 0
[2024-12-05T00:39:33.565+0000] {taskinstance.py:3895} INFO - 0 downstream tasks scheduled from follow-on schedule check
[2024-12-05T00:39:33.566+0000] {local_task_job_runner.py:245} INFO - ::endgroup::
