[2024-12-13T00:39:37.583+0000] {local_task_job_runner.py:123} INFO - ::group::Pre task execution logs
[2024-12-13T00:39:37.591+0000] {taskinstance.py:2613} INFO - Dependencies all met for dep_context=non-requeueable deps ti=<TaskInstance: a3media_schedule_scraper.scrape_a3media_task manual__2024-12-13T00:39:36.453550+00:00 [queued]>
[2024-12-13T00:39:37.595+0000] {taskinstance.py:2613} INFO - Dependencies all met for dep_context=requeueable deps ti=<TaskInstance: a3media_schedule_scraper.scrape_a3media_task manual__2024-12-13T00:39:36.453550+00:00 [queued]>
[2024-12-13T00:39:37.596+0000] {taskinstance.py:2866} INFO - Starting attempt 1 of 5
[2024-12-13T00:39:37.602+0000] {taskinstance.py:2889} INFO - Executing <Task(_PythonDecoratedOperator): scrape_a3media_task> on 2024-12-13 00:39:36.453550+00:00
[2024-12-13T00:39:37.606+0000] {warnings.py:112} WARNING - /home/***/.local/lib/python3.12/site-packages/***/task/task_runner/standard_task_runner.py:70: DeprecationWarning: This process (pid=27512) is multi-threaded, use of fork() may lead to deadlocks in the child.
  pid = os.fork()

[2024-12-13T00:39:37.607+0000] {standard_task_runner.py:72} INFO - Started process 27513 to run task
[2024-12-13T00:39:37.608+0000] {standard_task_runner.py:104} INFO - Running: ['***', 'tasks', 'run', 'a3media_schedule_scraper', 'scrape_a3media_task', 'manual__2024-12-13T00:39:36.453550+00:00', '--job-id', '2426', '--raw', '--subdir', 'DAGS_FOLDER/dag_atresmedia.py', '--cfg-path', '/tmp/tmp7i4ill_f']
[2024-12-13T00:39:37.609+0000] {standard_task_runner.py:105} INFO - Job 2426: Subtask scrape_a3media_task
[2024-12-13T00:39:37.632+0000] {task_command.py:467} INFO - Running <TaskInstance: a3media_schedule_scraper.scrape_a3media_task manual__2024-12-13T00:39:36.453550+00:00 [running]> on host b605548c7b8b
[2024-12-13T00:39:37.678+0000] {taskinstance.py:3132} INFO - Exporting env vars: AIRFLOW_CTX_DAG_OWNER='***' AIRFLOW_CTX_DAG_ID='a3media_schedule_scraper' AIRFLOW_CTX_TASK_ID='scrape_a3media_task' AIRFLOW_CTX_EXECUTION_DATE='2024-12-13T00:39:36.453550+00:00' AIRFLOW_CTX_TRY_NUMBER='1' AIRFLOW_CTX_DAG_RUN_ID='manual__2024-12-13T00:39:36.453550+00:00'
[2024-12-13T00:39:37.679+0000] {taskinstance.py:731} INFO - ::endgroup::
[2024-12-13T00:39:37.750+0000] {logging_mixin.py:190} INFO - https://api.atresplayer.com/client/v1/row/programming/5a6a165a7ed1a834493ebf6a?date=2024/12/13
[2024-12-13T00:39:37.932+0000] {logging_mixin.py:190} INFO - https://api.atresplayer.com/client/v1/row/programming/5a6a165a7ed1a834493ebf6a?date=2024/12/14
[2024-12-13T00:39:37.984+0000] {logging_mixin.py:190} INFO - https://api.atresplayer.com/client/v1/row/programming/5a6a165a7ed1a834493ebf6a?date=2024/12/15
[2024-12-13T00:39:38.039+0000] {logging_mixin.py:190} INFO - Escrito el xmltv del canal "Antena 3"
[2024-12-13T00:39:39.723+0000] {logging_mixin.py:190} INFO - Archivo actualizado correctamente.
[2024-12-13T00:39:39.724+0000] {logging_mixin.py:190} INFO - https://api.atresplayer.com/client/v1/row/programming/5a6a172c7ed1a834493ebf6b?date=2024/12/13
[2024-12-13T00:39:39.905+0000] {logging_mixin.py:190} INFO - https://api.atresplayer.com/client/v1/row/programming/5a6a172c7ed1a834493ebf6b?date=2024/12/14
[2024-12-13T00:39:39.956+0000] {logging_mixin.py:190} INFO - https://api.atresplayer.com/client/v1/row/programming/5a6a172c7ed1a834493ebf6b?date=2024/12/15
[2024-12-13T00:39:40.011+0000] {logging_mixin.py:190} INFO - Escrito el xmltv del canal "laSexta"
[2024-12-13T00:39:41.828+0000] {logging_mixin.py:190} INFO - Archivo actualizado correctamente.
[2024-12-13T00:39:41.829+0000] {logging_mixin.py:190} INFO - https://api.atresplayer.com/client/v1/row/programming/5a6a17da7ed1a834493ebf6d?date=2024/12/13
[2024-12-13T00:39:42.010+0000] {logging_mixin.py:190} INFO - https://api.atresplayer.com/client/v1/row/programming/5a6a17da7ed1a834493ebf6d?date=2024/12/14
[2024-12-13T00:39:42.070+0000] {logging_mixin.py:190} INFO - https://api.atresplayer.com/client/v1/row/programming/5a6a17da7ed1a834493ebf6d?date=2024/12/15
[2024-12-13T00:39:42.133+0000] {logging_mixin.py:190} INFO - Escrito el xmltv del canal "Neox"
[2024-12-13T00:39:44.074+0000] {logging_mixin.py:190} INFO - Archivo actualizado correctamente.
[2024-12-13T00:39:44.075+0000] {logging_mixin.py:190} INFO - https://api.atresplayer.com/client/v1/row/programming/5a6a180b7ed1a834493ebf6e?date=2024/12/13
[2024-12-13T00:39:44.185+0000] {logging_mixin.py:190} INFO - https://api.atresplayer.com/client/v1/row/programming/5a6a180b7ed1a834493ebf6e?date=2024/12/14
[2024-12-13T00:39:44.241+0000] {logging_mixin.py:190} INFO - https://api.atresplayer.com/client/v1/row/programming/5a6a180b7ed1a834493ebf6e?date=2024/12/15
[2024-12-13T00:39:44.292+0000] {logging_mixin.py:190} INFO - Escrito el xmltv del canal "Nova"
[2024-12-13T00:39:46.154+0000] {logging_mixin.py:190} INFO - Archivo actualizado correctamente.
[2024-12-13T00:39:46.155+0000] {logging_mixin.py:190} INFO - https://api.atresplayer.com/client/v1/row/programming/5a6a18357ed1a834493ebf6f?date=2024/12/13
[2024-12-13T00:39:46.220+0000] {logging_mixin.py:190} INFO - https://api.atresplayer.com/client/v1/row/programming/5a6a18357ed1a834493ebf6f?date=2024/12/14
[2024-12-13T00:39:46.284+0000] {logging_mixin.py:190} INFO - https://api.atresplayer.com/client/v1/row/programming/5a6a18357ed1a834493ebf6f?date=2024/12/15
[2024-12-13T00:39:46.345+0000] {logging_mixin.py:190} INFO - Escrito el xmltv del canal "Mega"
[2024-12-13T00:39:48.173+0000] {logging_mixin.py:190} INFO - Archivo actualizado correctamente.
[2024-12-13T00:39:48.173+0000] {logging_mixin.py:190} INFO - https://api.atresplayer.com/client/v1/row/programming/5a6a189a7ed1a834493ebf70?date=2024/12/13
[2024-12-13T00:39:48.224+0000] {logging_mixin.py:190} INFO - https://api.atresplayer.com/client/v1/row/programming/5a6a189a7ed1a834493ebf70?date=2024/12/14
[2024-12-13T00:39:48.273+0000] {logging_mixin.py:190} INFO - https://api.atresplayer.com/client/v1/row/programming/5a6a189a7ed1a834493ebf70?date=2024/12/15
[2024-12-13T00:39:48.327+0000] {logging_mixin.py:190} INFO - Escrito el xmltv del canal "Atreseries"
[2024-12-13T00:39:50.172+0000] {logging_mixin.py:190} INFO - Archivo actualizado correctamente.
[2024-12-13T00:39:50.173+0000] {python.py:240} INFO - Done. Returned value was: None
[2024-12-13T00:39:50.179+0000] {taskinstance.py:340} INFO - ::group::Post task execution logs
[2024-12-13T00:39:50.180+0000] {taskinstance.py:352} INFO - Marking task as SUCCESS. dag_id=a3media_schedule_scraper, task_id=scrape_a3media_task, run_id=manual__2024-12-13T00:39:36.453550+00:00, execution_date=20241213T003936, start_date=20241213T003937, end_date=20241213T003950
[2024-12-13T00:39:50.224+0000] {local_task_job_runner.py:266} INFO - Task exited with return code 0
[2024-12-13T00:39:50.236+0000] {taskinstance.py:3895} INFO - 1 downstream tasks scheduled from follow-on schedule check
[2024-12-13T00:39:50.238+0000] {local_task_job_runner.py:245} INFO - ::endgroup::
