[2024-12-12T23:51:23.472+0000] {local_task_job_runner.py:123} INFO - ::group::Pre task execution logs
[2024-12-12T23:51:23.481+0000] {taskinstance.py:2613} INFO - Dependencies all met for dep_context=non-requeueable deps ti=<TaskInstance: a3media_schedule_scraper.scrape_a3media_task manual__2024-12-12T23:51:22.295447+00:00 [queued]>
[2024-12-12T23:51:23.486+0000] {taskinstance.py:2613} INFO - Dependencies all met for dep_context=requeueable deps ti=<TaskInstance: a3media_schedule_scraper.scrape_a3media_task manual__2024-12-12T23:51:22.295447+00:00 [queued]>
[2024-12-12T23:51:23.486+0000] {taskinstance.py:2866} INFO - Starting attempt 1 of 5
[2024-12-12T23:51:23.493+0000] {taskinstance.py:2889} INFO - Executing <Task(_PythonDecoratedOperator): scrape_a3media_task> on 2024-12-12 23:51:22.295447+00:00
[2024-12-12T23:51:23.496+0000] {warnings.py:112} WARNING - /home/***/.local/lib/python3.12/site-packages/***/task/task_runner/standard_task_runner.py:70: DeprecationWarning: This process (pid=26831) is multi-threaded, use of fork() may lead to deadlocks in the child.
  pid = os.fork()

[2024-12-12T23:51:23.497+0000] {standard_task_runner.py:72} INFO - Started process 26832 to run task
[2024-12-12T23:51:23.497+0000] {standard_task_runner.py:104} INFO - Running: ['***', 'tasks', 'run', 'a3media_schedule_scraper', 'scrape_a3media_task', 'manual__2024-12-12T23:51:22.295447+00:00', '--job-id', '2414', '--raw', '--subdir', 'DAGS_FOLDER/dag_atresmedia.py', '--cfg-path', '/tmp/tmpm3sv5i5_']
[2024-12-12T23:51:23.499+0000] {standard_task_runner.py:105} INFO - Job 2414: Subtask scrape_a3media_task
[2024-12-12T23:51:23.523+0000] {task_command.py:467} INFO - Running <TaskInstance: a3media_schedule_scraper.scrape_a3media_task manual__2024-12-12T23:51:22.295447+00:00 [running]> on host b605548c7b8b
[2024-12-12T23:51:23.565+0000] {taskinstance.py:3132} INFO - Exporting env vars: AIRFLOW_CTX_DAG_OWNER='***' AIRFLOW_CTX_DAG_ID='a3media_schedule_scraper' AIRFLOW_CTX_TASK_ID='scrape_a3media_task' AIRFLOW_CTX_EXECUTION_DATE='2024-12-12T23:51:22.295447+00:00' AIRFLOW_CTX_TRY_NUMBER='1' AIRFLOW_CTX_DAG_RUN_ID='manual__2024-12-12T23:51:22.295447+00:00'
[2024-12-12T23:51:23.566+0000] {taskinstance.py:731} INFO - ::endgroup::
[2024-12-12T23:51:24.442+0000] {logging_mixin.py:190} INFO - Escrito el xmltv del canal "Antena 3"
[2024-12-12T23:51:26.147+0000] {logging_mixin.py:190} INFO - Archivo actualizado correctamente.
[2024-12-12T23:51:26.271+0000] {logging_mixin.py:190} INFO - Escrito el xmltv del canal "laSexta"
[2024-12-12T23:51:28.018+0000] {logging_mixin.py:190} INFO - Archivo actualizado correctamente.
[2024-12-12T23:51:28.303+0000] {logging_mixin.py:190} INFO - Escrito el xmltv del canal "Neox"
[2024-12-12T23:51:30.104+0000] {logging_mixin.py:190} INFO - Archivo actualizado correctamente.
[2024-12-12T23:51:30.330+0000] {logging_mixin.py:190} INFO - Escrito el xmltv del canal "Nova"
[2024-12-12T23:51:32.348+0000] {logging_mixin.py:190} INFO - Archivo actualizado correctamente.
[2024-12-12T23:51:32.669+0000] {logging_mixin.py:190} INFO - Escrito el xmltv del canal "Mega"
[2024-12-12T23:51:34.502+0000] {logging_mixin.py:190} INFO - Archivo actualizado correctamente.
[2024-12-12T23:51:34.621+0000] {logging_mixin.py:190} INFO - Escrito el xmltv del canal "Atreseries"
[2024-12-12T23:51:36.429+0000] {logging_mixin.py:190} INFO - Archivo actualizado correctamente.
[2024-12-12T23:51:36.430+0000] {python.py:240} INFO - Done. Returned value was: None
[2024-12-12T23:51:36.436+0000] {taskinstance.py:340} INFO - ::group::Post task execution logs
[2024-12-12T23:51:36.437+0000] {taskinstance.py:352} INFO - Marking task as SUCCESS. dag_id=a3media_schedule_scraper, task_id=scrape_a3media_task, run_id=manual__2024-12-12T23:51:22.295447+00:00, execution_date=20241212T235122, start_date=20241212T235123, end_date=20241212T235136
[2024-12-12T23:51:36.470+0000] {local_task_job_runner.py:266} INFO - Task exited with return code 0
[2024-12-12T23:51:36.484+0000] {taskinstance.py:3895} INFO - 1 downstream tasks scheduled from follow-on schedule check
[2024-12-12T23:51:36.485+0000] {local_task_job_runner.py:245} INFO - ::endgroup::
