[2024-12-11T14:52:28.107+0000] {local_task_job_runner.py:123} INFO - ::group::Pre task execution logs
[2024-12-11T14:52:28.118+0000] {taskinstance.py:2613} INFO - Dependencies all met for dep_context=non-requeueable deps ti=<TaskInstance: mediaset_schedule_scraper.scrape_mediaset_schedule scheduled__2024-12-09T23:30:00+00:00 [queued]>
[2024-12-11T14:52:28.123+0000] {taskinstance.py:2613} INFO - Dependencies all met for dep_context=requeueable deps ti=<TaskInstance: mediaset_schedule_scraper.scrape_mediaset_schedule scheduled__2024-12-09T23:30:00+00:00 [queued]>
[2024-12-11T14:52:28.124+0000] {taskinstance.py:2866} INFO - Starting attempt 1 of 5
[2024-12-11T14:52:28.136+0000] {taskinstance.py:2889} INFO - Executing <Task(_PythonDecoratedOperator): scrape_mediaset_schedule> on 2024-12-09 23:30:00+00:00
[2024-12-11T14:52:28.141+0000] {warnings.py:112} WARNING - /home/***/.local/lib/python3.12/site-packages/***/task/task_runner/standard_task_runner.py:70: DeprecationWarning: This process (pid=103) is multi-threaded, use of fork() may lead to deadlocks in the child.
  pid = os.fork()

[2024-12-11T14:52:28.143+0000] {standard_task_runner.py:72} INFO - Started process 109 to run task
[2024-12-11T14:52:28.143+0000] {standard_task_runner.py:104} INFO - Running: ['***', 'tasks', 'run', 'mediaset_schedule_scraper', 'scrape_mediaset_schedule', 'scheduled__2024-12-09T23:30:00+00:00', '--job-id', '2269', '--raw', '--subdir', 'DAGS_FOLDER/dag_mediaset.py', '--cfg-path', '/tmp/tmp8pk1wwyg']
[2024-12-11T14:52:28.145+0000] {standard_task_runner.py:105} INFO - Job 2269: Subtask scrape_mediaset_schedule
[2024-12-11T14:52:28.192+0000] {task_command.py:467} INFO - Running <TaskInstance: mediaset_schedule_scraper.scrape_mediaset_schedule scheduled__2024-12-09T23:30:00+00:00 [running]> on host b605548c7b8b
[2024-12-11T14:52:28.258+0000] {taskinstance.py:3132} INFO - Exporting env vars: AIRFLOW_CTX_DAG_OWNER='***' AIRFLOW_CTX_DAG_ID='mediaset_schedule_scraper' AIRFLOW_CTX_TASK_ID='scrape_mediaset_schedule' AIRFLOW_CTX_EXECUTION_DATE='2024-12-09T23:30:00+00:00' AIRFLOW_CTX_TRY_NUMBER='1' AIRFLOW_CTX_DAG_RUN_ID='scheduled__2024-12-09T23:30:00+00:00'
[2024-12-11T14:52:28.260+0000] {taskinstance.py:731} INFO - ::endgroup::
[2024-12-11T14:52:36.494+0000] {logging_mixin.py:190} INFO - Generando XML para el canal Telecinco
[2024-12-11T14:52:36.498+0000] {logging_mixin.py:190} INFO - Escrito el xml del canal "Telecinco"
[2024-12-11T14:52:38.307+0000] {logging_mixin.py:190} INFO - Archivo actualizado correctamente.
[2024-12-11T14:52:38.308+0000] {logging_mixin.py:190} INFO - Generando XML para el canal Cuatro
[2024-12-11T14:52:38.310+0000] {logging_mixin.py:190} INFO - Escrito el xml del canal "Cuatro"
[2024-12-11T14:52:40.086+0000] {logging_mixin.py:190} INFO - Archivo actualizado correctamente.
[2024-12-11T14:52:40.086+0000] {logging_mixin.py:190} INFO - Generando XML para el canal Gh 24h plus
[2024-12-11T14:52:40.088+0000] {logging_mixin.py:190} INFO - Escrito el xml del canal "Gh 24h plus"
[2024-12-11T14:52:41.853+0000] {logging_mixin.py:190} INFO - Archivo actualizado correctamente.
[2024-12-11T14:52:41.854+0000] {logging_mixin.py:190} INFO - Generando XML para el canal Gh 24h
[2024-12-11T14:52:41.855+0000] {logging_mixin.py:190} INFO - Escrito el xml del canal "Gh 24h"
[2024-12-11T14:52:43.795+0000] {logging_mixin.py:190} INFO - Archivo actualizado correctamente.
[2024-12-11T14:52:43.795+0000] {logging_mixin.py:190} INFO - Generando XML para el canal Mitele en la calle
[2024-12-11T14:52:43.798+0000] {logging_mixin.py:190} INFO - Escrito el xml del canal "Mitele en la calle"
[2024-12-11T14:52:46.828+0000] {logging_mixin.py:190} INFO - Error: 422 {"message": "Invalid request.\n\n\"sha\" wasn't supplied.", "documentation_url": "https://docs.github.com/rest/repos/contents#create-or-update-file-contents", "status": "422"}
[2024-12-11T14:52:46.828+0000] {logging_mixin.py:190} INFO - Generando XML para el canal Mitele viajes
[2024-12-11T14:52:46.831+0000] {logging_mixin.py:190} INFO - Escrito el xml del canal "Mitele viajes"
[2024-12-11T14:52:49.853+0000] {logging_mixin.py:190} INFO - Error: 422 {"message": "Invalid request.\n\n\"sha\" wasn't supplied.", "documentation_url": "https://docs.github.com/rest/repos/contents#create-or-update-file-contents", "status": "422"}
[2024-12-11T14:52:49.853+0000] {logging_mixin.py:190} INFO - Generando XML para el canal Mitele plus lqsa
[2024-12-11T14:52:49.855+0000] {logging_mixin.py:190} INFO - Escrito el xml del canal "Mitele plus lqsa"
[2024-12-11T14:52:51.737+0000] {logging_mixin.py:190} INFO - Archivo actualizado correctamente.
[2024-12-11T14:52:51.738+0000] {logging_mixin.py:190} INFO - Generando XML para el canal Mitele comedia
[2024-12-11T14:52:51.740+0000] {logging_mixin.py:190} INFO - Escrito el xml del canal "Mitele comedia"
[2024-12-11T14:52:53.365+0000] {logging_mixin.py:190} INFO - Archivo actualizado correctamente.
[2024-12-11T14:52:53.365+0000] {logging_mixin.py:190} INFO - Generando XML para el canal Mitele top series
[2024-12-11T14:52:53.368+0000] {logging_mixin.py:190} INFO - Escrito el xml del canal "Mitele top series"
[2024-12-11T14:52:55.183+0000] {logging_mixin.py:190} INFO - Archivo actualizado correctamente.
[2024-12-11T14:52:55.183+0000] {logging_mixin.py:190} INFO - Generando XML para el canal Divinity
[2024-12-11T14:52:55.187+0000] {logging_mixin.py:190} INFO - Escrito el xml del canal "Divinity"
[2024-12-11T14:52:56.979+0000] {logging_mixin.py:190} INFO - Archivo actualizado correctamente.
[2024-12-11T14:52:56.980+0000] {logging_mixin.py:190} INFO - Generando XML para el canal Fdf
[2024-12-11T14:52:56.982+0000] {logging_mixin.py:190} INFO - Escrito el xml del canal "Fdf"
[2024-12-11T14:52:58.732+0000] {logging_mixin.py:190} INFO - Archivo actualizado correctamente.
[2024-12-11T14:52:58.733+0000] {logging_mixin.py:190} INFO - Generando XML para el canal Energy
[2024-12-11T14:52:58.736+0000] {logging_mixin.py:190} INFO - Escrito el xml del canal "Energy"
[2024-12-11T14:53:00.874+0000] {logging_mixin.py:190} INFO - Archivo actualizado correctamente.
[2024-12-11T14:53:00.875+0000] {logging_mixin.py:190} INFO - Generando XML para el canal Bemad
[2024-12-11T14:53:00.878+0000] {logging_mixin.py:190} INFO - Escrito el xml del canal "Bemad"
[2024-12-11T14:53:02.621+0000] {logging_mixin.py:190} INFO - Archivo actualizado correctamente.
[2024-12-11T14:53:02.621+0000] {logging_mixin.py:190} INFO - Generando XML para el canal Boing
[2024-12-11T14:53:02.627+0000] {logging_mixin.py:190} INFO - Escrito el xml del canal "Boing"
[2024-12-11T14:53:04.903+0000] {logging_mixin.py:190} INFO - Archivo actualizado correctamente.
[2024-12-11T14:53:04.904+0000] {logging_mixin.py:190} INFO - Generando XML para el canal Acontraplus
[2024-12-11T14:53:04.906+0000] {logging_mixin.py:190} INFO - Escrito el xml del canal "Acontraplus"
[2024-12-11T14:53:06.972+0000] {logging_mixin.py:190} INFO - Archivo actualizado correctamente.
[2024-12-11T14:53:06.972+0000] {logging_mixin.py:190} INFO - Generando XML para el canal Fight sports
[2024-12-11T14:53:06.975+0000] {logging_mixin.py:190} INFO - Escrito el xml del canal "Fight sports"
[2024-12-11T14:53:08.790+0000] {logging_mixin.py:190} INFO - Archivo actualizado correctamente.
[2024-12-11T14:53:08.790+0000] {logging_mixin.py:190} INFO - Generando XML para el canal Mtmad 24h
[2024-12-11T14:53:08.792+0000] {logging_mixin.py:190} INFO - Escrito el xml del canal "Mtmad 24h"
[2024-12-11T14:53:10.534+0000] {logging_mixin.py:190} INFO - Archivo actualizado correctamente.
[2024-12-11T14:53:10.535+0000] {python.py:240} INFO - Done. Returned value was: None
[2024-12-11T14:53:10.541+0000] {taskinstance.py:340} INFO - ::group::Post task execution logs
[2024-12-11T14:53:10.541+0000] {taskinstance.py:352} INFO - Marking task as SUCCESS. dag_id=mediaset_schedule_scraper, task_id=scrape_mediaset_schedule, run_id=scheduled__2024-12-09T23:30:00+00:00, execution_date=20241209T233000, start_date=20241211T145228, end_date=20241211T145310
[2024-12-11T14:53:10.566+0000] {local_task_job_runner.py:266} INFO - Task exited with return code 0
[2024-12-11T14:53:10.578+0000] {taskinstance.py:3895} INFO - 1 downstream tasks scheduled from follow-on schedule check
[2024-12-11T14:53:10.579+0000] {local_task_job_runner.py:245} INFO - ::endgroup::
