[2024-12-02T16:26:53.838+0000] {local_task_job_runner.py:123} INFO - ::group::Pre task execution logs
[2024-12-02T16:26:53.846+0000] {taskinstance.py:2613} INFO - Dependencies all met for dep_context=non-requeueable deps ti=<TaskInstance: tv_schedule_scraper.scrape_tv_schedule manual__2024-12-02T16:26:52.524380+00:00 [queued]>
[2024-12-02T16:26:53.851+0000] {taskinstance.py:2613} INFO - Dependencies all met for dep_context=requeueable deps ti=<TaskInstance: tv_schedule_scraper.scrape_tv_schedule manual__2024-12-02T16:26:52.524380+00:00 [queued]>
[2024-12-02T16:26:53.851+0000] {taskinstance.py:2866} INFO - Starting attempt 1 of 2
[2024-12-02T16:26:53.858+0000] {taskinstance.py:2889} INFO - Executing <Task(PythonOperator): scrape_tv_schedule> on 2024-12-02 16:26:52.524380+00:00
[2024-12-02T16:26:53.862+0000] {warnings.py:112} WARNING - /home/***/.local/lib/python3.12/site-packages/***/task/task_runner/standard_task_runner.py:70: DeprecationWarning: This process (pid=118) is multi-threaded, use of fork() may lead to deadlocks in the child.
  pid = os.fork()

[2024-12-02T16:26:53.863+0000] {standard_task_runner.py:72} INFO - Started process 119 to run task
[2024-12-02T16:26:53.863+0000] {standard_task_runner.py:104} INFO - Running: ['***', 'tasks', 'run', 'tv_schedule_scraper', 'scrape_tv_schedule', 'manual__2024-12-02T16:26:52.524380+00:00', '--job-id', '271', '--raw', '--subdir', 'DAGS_FOLDER/dag_rtve.py', '--cfg-path', '/tmp/tmp7hdtrk8p']
[2024-12-02T16:26:53.864+0000] {standard_task_runner.py:105} INFO - Job 271: Subtask scrape_tv_schedule
[2024-12-02T16:26:53.887+0000] {task_command.py:467} INFO - Running <TaskInstance: tv_schedule_scraper.scrape_tv_schedule manual__2024-12-02T16:26:52.524380+00:00 [running]> on host c2dfb6fa46f1
[2024-12-02T16:26:53.926+0000] {taskinstance.py:3132} INFO - Exporting env vars: AIRFLOW_CTX_DAG_OWNER='***' AIRFLOW_CTX_DAG_ID='tv_schedule_scraper' AIRFLOW_CTX_TASK_ID='scrape_tv_schedule' AIRFLOW_CTX_EXECUTION_DATE='2024-12-02T16:26:52.524380+00:00' AIRFLOW_CTX_TRY_NUMBER='1' AIRFLOW_CTX_DAG_RUN_ID='manual__2024-12-02T16:26:52.524380+00:00'
[2024-12-02T16:26:53.927+0000] {taskinstance.py:731} INFO - ::endgroup::
[2024-12-02T16:26:57.987+0000] {logging_mixin.py:190} INFO - Directorio de trabajo actual, /opt/***/dags
[2024-12-02T16:26:58.052+0000] {logging_mixin.py:190} INFO - Directorio de trabajo actual, /opt/***/dags
[2024-12-02T16:26:58.087+0000] {logging_mixin.py:190} INFO - Directorio de trabajo actual, /opt/***/dags
[2024-12-02T16:26:58.134+0000] {logging_mixin.py:190} INFO - Directorio de trabajo actual, /opt/***/dags
[2024-12-02T16:26:58.242+0000] {logging_mixin.py:190} INFO - Directorio de trabajo actual, /opt/***/dags
[2024-12-02T16:26:58.320+0000] {python.py:240} INFO - Done. Returned value was: None
[2024-12-02T16:26:58.325+0000] {taskinstance.py:340} INFO - ::group::Post task execution logs
[2024-12-02T16:26:58.326+0000] {taskinstance.py:352} INFO - Marking task as SUCCESS. dag_id=tv_schedule_scraper, task_id=scrape_tv_schedule, run_id=manual__2024-12-02T16:26:52.524380+00:00, execution_date=20241202T162652, start_date=20241202T162653, end_date=20241202T162658
[2024-12-02T16:26:58.367+0000] {local_task_job_runner.py:266} INFO - Task exited with return code 0
[2024-12-02T16:26:58.376+0000] {taskinstance.py:3895} INFO - 0 downstream tasks scheduled from follow-on schedule check
[2024-12-02T16:26:58.377+0000] {local_task_job_runner.py:245} INFO - ::endgroup::
