[2024-12-08T00:02:21.131+0000] {local_task_job_runner.py:123} INFO - ::group::Pre task execution logs
[2024-12-08T00:02:21.140+0000] {taskinstance.py:2613} INFO - Dependencies all met for dep_context=non-requeueable deps ti=<TaskInstance: telemadrid_schedule_scraper.PushAllInOne manual__2024-12-07T23:55:37.259195+00:00 [queued]>
[2024-12-08T00:02:21.144+0000] {taskinstance.py:2613} INFO - Dependencies all met for dep_context=requeueable deps ti=<TaskInstance: telemadrid_schedule_scraper.PushAllInOne manual__2024-12-07T23:55:37.259195+00:00 [queued]>
[2024-12-08T00:02:21.144+0000] {taskinstance.py:2866} INFO - Starting attempt 1 of 3
[2024-12-08T00:02:21.150+0000] {taskinstance.py:2889} INFO - Executing <Task(_PythonDecoratedOperator): PushAllInOne> on 2024-12-07 23:55:37.259195+00:00
[2024-12-08T00:02:21.154+0000] {warnings.py:112} WARNING - /home/***/.local/lib/python3.12/site-packages/***/task/task_runner/standard_task_runner.py:70: DeprecationWarning: This process (pid=10276) is multi-threaded, use of fork() may lead to deadlocks in the child.
  pid = os.fork()

[2024-12-08T00:02:21.155+0000] {standard_task_runner.py:72} INFO - Started process 10277 to run task
[2024-12-08T00:02:21.156+0000] {standard_task_runner.py:104} INFO - Running: ['***', 'tasks', 'run', 'telemadrid_schedule_scraper', 'PushAllInOne', 'manual__2024-12-07T23:55:37.259195+00:00', '--job-id', '2090', '--raw', '--subdir', 'DAGS_FOLDER/dag_telemadrid.py', '--cfg-path', '/tmp/tmps9kuu6vj']
[2024-12-08T00:02:21.157+0000] {standard_task_runner.py:105} INFO - Job 2090: Subtask PushAllInOne
[2024-12-08T00:02:21.179+0000] {task_command.py:467} INFO - Running <TaskInstance: telemadrid_schedule_scraper.PushAllInOne manual__2024-12-07T23:55:37.259195+00:00 [running]> on host b605548c7b8b
[2024-12-08T00:02:21.220+0000] {taskinstance.py:3132} INFO - Exporting env vars: AIRFLOW_CTX_DAG_OWNER='***' AIRFLOW_CTX_DAG_ID='telemadrid_schedule_scraper' AIRFLOW_CTX_TASK_ID='PushAllInOne' AIRFLOW_CTX_EXECUTION_DATE='2024-12-07T23:55:37.259195+00:00' AIRFLOW_CTX_TRY_NUMBER='1' AIRFLOW_CTX_DAG_RUN_ID='manual__2024-12-07T23:55:37.259195+00:00'
[2024-12-08T00:02:21.221+0000] {taskinstance.py:731} INFO - ::endgroup::
[2024-12-08T00:02:23.475+0000] {logging_mixin.py:190} INFO - Archivo actualizado correctamente.
[2024-12-08T00:02:23.476+0000] {python.py:240} INFO - Done. Returned value was: None
[2024-12-08T00:02:23.482+0000] {taskinstance.py:340} INFO - ::group::Post task execution logs
[2024-12-08T00:02:23.482+0000] {taskinstance.py:352} INFO - Marking task as SUCCESS. dag_id=telemadrid_schedule_scraper, task_id=PushAllInOne, run_id=manual__2024-12-07T23:55:37.259195+00:00, execution_date=20241207T235537, start_date=20241208T000221, end_date=20241208T000223
[2024-12-08T00:02:23.495+0000] {local_task_job_runner.py:266} INFO - Task exited with return code 0
[2024-12-08T00:02:23.504+0000] {taskinstance.py:3895} INFO - 0 downstream tasks scheduled from follow-on schedule check
[2024-12-08T00:02:23.506+0000] {local_task_job_runner.py:245} INFO - ::endgroup::
