[2024-12-11T17:30:01.039+0000] {local_task_job_runner.py:123} INFO - ::group::Pre task execution logs
[2024-12-11T17:30:01.050+0000] {taskinstance.py:2613} INFO - Dependencies all met for dep_context=non-requeueable deps ti=<TaskInstance: rtve_canarias_schedule_scraper.scrape_rtve_canarias_task scheduled__2024-12-11T11:30:00+00:00 [queued]>
[2024-12-11T17:30:01.055+0000] {taskinstance.py:2613} INFO - Dependencies all met for dep_context=requeueable deps ti=<TaskInstance: rtve_canarias_schedule_scraper.scrape_rtve_canarias_task scheduled__2024-12-11T11:30:00+00:00 [queued]>
[2024-12-11T17:30:01.056+0000] {taskinstance.py:2866} INFO - Starting attempt 1 of 5
[2024-12-11T17:30:01.065+0000] {taskinstance.py:2889} INFO - Executing <Task(_PythonDecoratedOperator): scrape_rtve_canarias_task> on 2024-12-11 11:30:00+00:00
[2024-12-11T17:30:01.073+0000] {warnings.py:112} WARNING - /home/***/.local/lib/python3.12/site-packages/***/task/task_runner/standard_task_runner.py:70: DeprecationWarning: This process (pid=2315) is multi-threaded, use of fork() may lead to deadlocks in the child.
  pid = os.fork()

[2024-12-11T17:30:01.077+0000] {standard_task_runner.py:72} INFO - Started process 2328 to run task
[2024-12-11T17:30:01.075+0000] {standard_task_runner.py:104} INFO - Running: ['***', 'tasks', 'run', 'rtve_canarias_schedule_scraper', 'scrape_rtve_canarias_task', 'scheduled__2024-12-11T11:30:00+00:00', '--job-id', '2308', '--raw', '--subdir', 'DAGS_FOLDER/dag_rtve_canarias_selenium.py', '--cfg-path', '/tmp/tmpo7mk3c1l']
[2024-12-11T17:30:01.077+0000] {standard_task_runner.py:105} INFO - Job 2308: Subtask scrape_rtve_canarias_task
[2024-12-11T17:30:01.114+0000] {task_command.py:467} INFO - Running <TaskInstance: rtve_canarias_schedule_scraper.scrape_rtve_canarias_task scheduled__2024-12-11T11:30:00+00:00 [running]> on host b605548c7b8b
[2024-12-11T17:30:01.169+0000] {taskinstance.py:3132} INFO - Exporting env vars: AIRFLOW_CTX_DAG_OWNER='***' AIRFLOW_CTX_DAG_ID='rtve_canarias_schedule_scraper' AIRFLOW_CTX_TASK_ID='scrape_rtve_canarias_task' AIRFLOW_CTX_EXECUTION_DATE='2024-12-11T11:30:00+00:00' AIRFLOW_CTX_TRY_NUMBER='1' AIRFLOW_CTX_DAG_RUN_ID='scheduled__2024-12-11T11:30:00+00:00'
[2024-12-11T17:30:01.170+0000] {taskinstance.py:731} INFO - ::endgroup::
[2024-12-11T17:30:07.218+0000] {logging_mixin.py:190} INFO - Archivo actualizado correctamente.
[2024-12-11T17:30:07.218+0000] {logging_mixin.py:190} INFO - Escrito el xmltv del canal "La 1 Canarias"
[2024-12-11T17:30:09.671+0000] {logging_mixin.py:190} INFO - Archivo actualizado correctamente.
[2024-12-11T17:30:09.672+0000] {logging_mixin.py:190} INFO - Escrito el xmltv del canal "La 2 Canarias"
[2024-12-11T17:30:12.526+0000] {logging_mixin.py:190} INFO - Archivo actualizado correctamente.
[2024-12-11T17:30:12.527+0000] {logging_mixin.py:190} INFO - Escrito el xmltv del canal "24 horas Canarias"
[2024-12-11T17:30:12.600+0000] {python.py:240} INFO - Done. Returned value was: None
[2024-12-11T17:30:12.605+0000] {taskinstance.py:340} INFO - ::group::Post task execution logs
[2024-12-11T17:30:12.606+0000] {taskinstance.py:352} INFO - Marking task as SUCCESS. dag_id=rtve_canarias_schedule_scraper, task_id=scrape_rtve_canarias_task, run_id=scheduled__2024-12-11T11:30:00+00:00, execution_date=20241211T113000, start_date=20241211T173001, end_date=20241211T173012
[2024-12-11T17:30:12.646+0000] {local_task_job_runner.py:266} INFO - Task exited with return code 0
[2024-12-11T17:30:12.661+0000] {taskinstance.py:3895} INFO - 1 downstream tasks scheduled from follow-on schedule check
[2024-12-11T17:30:12.663+0000] {local_task_job_runner.py:245} INFO - ::endgroup::
