[2024-12-05T10:14:57.787+0000] {local_task_job_runner.py:123} INFO - ::group::Pre task execution logs
[2024-12-05T10:14:57.798+0000] {taskinstance.py:2613} INFO - Dependencies all met for dep_context=non-requeueable deps ti=<TaskInstance: mitele_schedule_scraper.merge_all_xml_task manual__2024-12-05T10:14:17.651133+00:00 [queued]>
[2024-12-05T10:14:57.803+0000] {taskinstance.py:2613} INFO - Dependencies all met for dep_context=requeueable deps ti=<TaskInstance: mitele_schedule_scraper.merge_all_xml_task manual__2024-12-05T10:14:17.651133+00:00 [queued]>
[2024-12-05T10:14:57.804+0000] {taskinstance.py:2866} INFO - Starting attempt 1 of 2
[2024-12-05T10:14:57.812+0000] {taskinstance.py:2889} INFO - Executing <Task(PythonOperator): merge_all_xml_task> on 2024-12-05 10:14:17.651133+00:00
[2024-12-05T10:14:57.816+0000] {warnings.py:112} WARNING - /home/***/.local/lib/python3.12/site-packages/***/task/task_runner/standard_task_runner.py:70: DeprecationWarning: This process (pid=7897) is multi-threaded, use of fork() may lead to deadlocks in the child.
  pid = os.fork()

[2024-12-05T10:14:57.817+0000] {standard_task_runner.py:72} INFO - Started process 7898 to run task
[2024-12-05T10:14:57.817+0000] {standard_task_runner.py:104} INFO - Running: ['***', 'tasks', 'run', 'mitele_schedule_scraper', 'merge_all_xml_task', 'manual__2024-12-05T10:14:17.651133+00:00', '--job-id', '582', '--raw', '--subdir', 'DAGS_FOLDER/dag_mitele.py', '--cfg-path', '/tmp/tmpeimbuz1c']
[2024-12-05T10:14:57.819+0000] {standard_task_runner.py:105} INFO - Job 582: Subtask merge_all_xml_task
[2024-12-05T10:14:57.843+0000] {task_command.py:467} INFO - Running <TaskInstance: mitele_schedule_scraper.merge_all_xml_task manual__2024-12-05T10:14:17.651133+00:00 [running]> on host d88abb179e8d
[2024-12-05T10:14:57.883+0000] {taskinstance.py:3132} INFO - Exporting env vars: AIRFLOW_CTX_DAG_OWNER='***' AIRFLOW_CTX_DAG_ID='mitele_schedule_scraper' AIRFLOW_CTX_TASK_ID='merge_all_xml_task' AIRFLOW_CTX_EXECUTION_DATE='2024-12-05T10:14:17.651133+00:00' AIRFLOW_CTX_TRY_NUMBER='1' AIRFLOW_CTX_DAG_RUN_ID='manual__2024-12-05T10:14:17.651133+00:00'
[2024-12-05T10:14:57.884+0000] {taskinstance.py:731} INFO - ::endgroup::
[2024-12-05T10:14:58.000+0000] {logging_mixin.py:190} INFO - [INFO] Generado el archivo "all_in_one.xml"
[2024-12-05T10:14:58.001+0000] {python.py:240} INFO - Done. Returned value was: None
[2024-12-05T10:14:58.010+0000] {taskinstance.py:340} INFO - ::group::Post task execution logs
[2024-12-05T10:14:58.011+0000] {taskinstance.py:352} INFO - Marking task as SUCCESS. dag_id=mitele_schedule_scraper, task_id=merge_all_xml_task, run_id=manual__2024-12-05T10:14:17.651133+00:00, execution_date=20241205T101417, start_date=20241205T101457, end_date=20241205T101458
[2024-12-05T10:14:58.031+0000] {local_task_job_runner.py:266} INFO - Task exited with return code 0
[2024-12-05T10:14:58.042+0000] {taskinstance.py:3895} INFO - 1 downstream tasks scheduled from follow-on schedule check
[2024-12-05T10:14:58.043+0000] {local_task_job_runner.py:245} INFO - ::endgroup::
