[2024-12-06T11:31:44.065+0000] {local_task_job_runner.py:123} INFO - ::group::Pre task execution logs
[2024-12-06T11:31:44.074+0000] {taskinstance.py:2613} INFO - Dependencies all met for dep_context=non-requeueable deps ti=<TaskInstance: telemadrid_schedule_scraper_v2.MergeAllXML scheduled__2024-02-07T11:32:00+00:00 [queued]>
[2024-12-06T11:31:44.079+0000] {taskinstance.py:2613} INFO - Dependencies all met for dep_context=requeueable deps ti=<TaskInstance: telemadrid_schedule_scraper_v2.MergeAllXML scheduled__2024-02-07T11:32:00+00:00 [queued]>
[2024-12-06T11:31:44.079+0000] {taskinstance.py:2866} INFO - Starting attempt 1 of 5
[2024-12-06T11:31:44.087+0000] {taskinstance.py:2889} INFO - Executing <Task(_PythonDecoratedOperator): MergeAllXML> on 2024-02-07 11:32:00+00:00
[2024-12-06T11:31:44.090+0000] {warnings.py:112} WARNING - /home/***/.local/lib/python3.12/site-packages/***/task/task_runner/standard_task_runner.py:70: DeprecationWarning: This process (pid=447) is multi-threaded, use of fork() may lead to deadlocks in the child.
  pid = os.fork()

[2024-12-06T11:31:44.091+0000] {standard_task_runner.py:72} INFO - Started process 457 to run task
[2024-12-06T11:31:44.092+0000] {standard_task_runner.py:104} INFO - Running: ['***', 'tasks', 'run', 'telemadrid_schedule_scraper_v2', 'MergeAllXML', 'scheduled__2024-02-07T11:32:00+00:00', '--job-id', '774', '--raw', '--subdir', 'DAGS_FOLDER/dag_telemadrid_v2.py', '--cfg-path', '/tmp/tmpphk5g_4r']
[2024-12-06T11:31:44.093+0000] {standard_task_runner.py:105} INFO - Job 774: Subtask MergeAllXML
[2024-12-06T11:31:44.120+0000] {task_command.py:467} INFO - Running <TaskInstance: telemadrid_schedule_scraper_v2.MergeAllXML scheduled__2024-02-07T11:32:00+00:00 [running]> on host d88abb179e8d
[2024-12-06T11:31:44.166+0000] {taskinstance.py:3132} INFO - Exporting env vars: AIRFLOW_CTX_DAG_OWNER='***' AIRFLOW_CTX_DAG_ID='telemadrid_schedule_scraper_v2' AIRFLOW_CTX_TASK_ID='MergeAllXML' AIRFLOW_CTX_EXECUTION_DATE='2024-02-07T11:32:00+00:00' AIRFLOW_CTX_TRY_NUMBER='1' AIRFLOW_CTX_DAG_RUN_ID='scheduled__2024-02-07T11:32:00+00:00'
[2024-12-06T11:31:44.167+0000] {taskinstance.py:731} INFO - ::endgroup::
[2024-12-06T11:31:44.318+0000] {logging_mixin.py:190} INFO - [INFO] Generado el archivo "all_in_one.xml"
[2024-12-06T11:31:44.320+0000] {python.py:240} INFO - Done. Returned value was: None
[2024-12-06T11:31:44.326+0000] {taskinstance.py:340} INFO - ::group::Post task execution logs
[2024-12-06T11:31:44.327+0000] {taskinstance.py:352} INFO - Marking task as SUCCESS. dag_id=telemadrid_schedule_scraper_v2, task_id=MergeAllXML, run_id=scheduled__2024-02-07T11:32:00+00:00, execution_date=20240207T113200, start_date=20241206T113144, end_date=20241206T113144
[2024-12-06T11:31:44.465+0000] {local_task_job_runner.py:266} INFO - Task exited with return code 0
[2024-12-06T11:31:44.476+0000] {taskinstance.py:3895} INFO - 1 downstream tasks scheduled from follow-on schedule check
[2024-12-06T11:31:44.477+0000] {local_task_job_runner.py:245} INFO - ::endgroup::
