[2024-12-25T21:35:05.679+0000] {local_task_job_runner.py:123} INFO - ::group::Pre task execution logs
[2024-12-25T21:35:05.689+0000] {taskinstance.py:2613} INFO - Dependencies all met for dep_context=non-requeueable deps ti=<TaskInstance: a3media_schedule_scraper.scrape_a3media_task scheduled__2024-12-23T23:30:00+00:00 [queued]>
[2024-12-25T21:35:05.695+0000] {taskinstance.py:2613} INFO - Dependencies all met for dep_context=requeueable deps ti=<TaskInstance: a3media_schedule_scraper.scrape_a3media_task scheduled__2024-12-23T23:30:00+00:00 [queued]>
[2024-12-25T21:35:05.696+0000] {taskinstance.py:2866} INFO - Starting attempt 1 of 5
[2024-12-25T21:35:05.724+0000] {taskinstance.py:2889} INFO - Executing <Task(_PythonDecoratedOperator): scrape_a3media_task> on 2024-12-23 23:30:00+00:00
[2024-12-25T21:35:05.729+0000] {warnings.py:112} WARNING - /home/***/.local/lib/python3.12/site-packages/***/task/task_runner/standard_task_runner.py:70: DeprecationWarning: This process (pid=99) is multi-threaded, use of fork() may lead to deadlocks in the child.
  pid = os.fork()

[2024-12-25T21:35:05.730+0000] {standard_task_runner.py:72} INFO - Started process 125 to run task
[2024-12-25T21:35:05.730+0000] {standard_task_runner.py:104} INFO - Running: ['***', 'tasks', 'run', 'a3media_schedule_scraper', 'scrape_a3media_task', 'scheduled__2024-12-23T23:30:00+00:00', '--job-id', '2717', '--raw', '--subdir', 'DAGS_FOLDER/dag_atresmedia.py', '--cfg-path', '/tmp/tmpi5dotep2']
[2024-12-25T21:35:05.734+0000] {standard_task_runner.py:105} INFO - Job 2717: Subtask scrape_a3media_task
[2024-12-25T21:35:05.779+0000] {task_command.py:467} INFO - Running <TaskInstance: a3media_schedule_scraper.scrape_a3media_task scheduled__2024-12-23T23:30:00+00:00 [running]> on host b605548c7b8b
[2024-12-25T21:35:05.839+0000] {taskinstance.py:3132} INFO - Exporting env vars: AIRFLOW_CTX_DAG_OWNER='***' AIRFLOW_CTX_DAG_ID='a3media_schedule_scraper' AIRFLOW_CTX_TASK_ID='scrape_a3media_task' AIRFLOW_CTX_EXECUTION_DATE='2024-12-23T23:30:00+00:00' AIRFLOW_CTX_TRY_NUMBER='1' AIRFLOW_CTX_DAG_RUN_ID='scheduled__2024-12-23T23:30:00+00:00'
[2024-12-25T21:35:05.840+0000] {taskinstance.py:731} INFO - ::endgroup::
[2024-12-25T21:35:05.940+0000] {logging_mixin.py:190} INFO - https://api.atresplayer.com/client/v1/row/programming/5a6a165a7ed1a834493ebf6a?date=24-12-2024
[2024-12-25T21:35:05.978+0000] {logging_mixin.py:190} INFO - https://api.atresplayer.com/client/v1/row/programming/5a6a165a7ed1a834493ebf6a?date=25-12-2024
[2024-12-25T21:35:06.012+0000] {logging_mixin.py:190} INFO - https://api.atresplayer.com/client/v1/row/programming/5a6a165a7ed1a834493ebf6a?date=26-12-2024
[2024-12-25T21:35:06.163+0000] {logging_mixin.py:190} INFO - Escrito el xmltv del canal "Antena 3"
[2024-12-25T21:35:09.181+0000] {logging_mixin.py:190} INFO - Error: 422 {"message": "Invalid request.\n\n\"sha\" wasn't supplied.", "documentation_url": "https://docs.github.com/rest/repos/contents#create-or-update-file-contents", "status": "422"}
[2024-12-25T21:35:09.182+0000] {logging_mixin.py:190} INFO - https://api.atresplayer.com/client/v1/row/programming/5a6a172c7ed1a834493ebf6b?date=24-12-2024
[2024-12-25T21:35:09.216+0000] {logging_mixin.py:190} INFO - https://api.atresplayer.com/client/v1/row/programming/5a6a172c7ed1a834493ebf6b?date=25-12-2024
[2024-12-25T21:35:09.249+0000] {logging_mixin.py:190} INFO - https://api.atresplayer.com/client/v1/row/programming/5a6a172c7ed1a834493ebf6b?date=26-12-2024
[2024-12-25T21:35:09.285+0000] {logging_mixin.py:190} INFO - Escrito el xmltv del canal "laSexta"
[2024-12-25T21:35:11.051+0000] {logging_mixin.py:190} INFO - Archivo actualizado correctamente.
[2024-12-25T21:35:11.052+0000] {logging_mixin.py:190} INFO - https://api.atresplayer.com/client/v1/row/programming/5a6a17da7ed1a834493ebf6d?date=24-12-2024
[2024-12-25T21:35:11.088+0000] {logging_mixin.py:190} INFO - https://api.atresplayer.com/client/v1/row/programming/5a6a17da7ed1a834493ebf6d?date=25-12-2024
[2024-12-25T21:35:11.125+0000] {logging_mixin.py:190} INFO - https://api.atresplayer.com/client/v1/row/programming/5a6a17da7ed1a834493ebf6d?date=26-12-2024
[2024-12-25T21:35:11.164+0000] {logging_mixin.py:190} INFO - Escrito el xmltv del canal "Neox"
[2024-12-25T21:35:12.919+0000] {logging_mixin.py:190} INFO - Archivo actualizado correctamente.
[2024-12-25T21:35:12.919+0000] {logging_mixin.py:190} INFO - https://api.atresplayer.com/client/v1/row/programming/5a6a180b7ed1a834493ebf6e?date=24-12-2024
[2024-12-25T21:35:12.955+0000] {logging_mixin.py:190} INFO - https://api.atresplayer.com/client/v1/row/programming/5a6a180b7ed1a834493ebf6e?date=25-12-2024
[2024-12-25T21:35:12.992+0000] {logging_mixin.py:190} INFO - https://api.atresplayer.com/client/v1/row/programming/5a6a180b7ed1a834493ebf6e?date=26-12-2024
[2024-12-25T21:35:13.033+0000] {logging_mixin.py:190} INFO - Escrito el xmltv del canal "Nova"
[2024-12-25T21:35:14.725+0000] {logging_mixin.py:190} INFO - Archivo actualizado correctamente.
[2024-12-25T21:35:14.726+0000] {logging_mixin.py:190} INFO - https://api.atresplayer.com/client/v1/row/programming/5a6a18357ed1a834493ebf6f?date=24-12-2024
[2024-12-25T21:35:14.766+0000] {logging_mixin.py:190} INFO - https://api.atresplayer.com/client/v1/row/programming/5a6a18357ed1a834493ebf6f?date=25-12-2024
[2024-12-25T21:35:14.802+0000] {logging_mixin.py:190} INFO - https://api.atresplayer.com/client/v1/row/programming/5a6a18357ed1a834493ebf6f?date=26-12-2024
[2024-12-25T21:35:14.841+0000] {logging_mixin.py:190} INFO - Escrito el xmltv del canal "Mega"
[2024-12-25T21:35:20.077+0000] {logging_mixin.py:190} INFO - Error: 422 {"message": "Invalid request.\n\n\"sha\" wasn't supplied.", "documentation_url": "https://docs.github.com/rest/repos/contents#create-or-update-file-contents", "status": "422"}
[2024-12-25T21:35:20.078+0000] {logging_mixin.py:190} INFO - https://api.atresplayer.com/client/v1/row/programming/5a6a189a7ed1a834493ebf70?date=24-12-2024
[2024-12-25T21:35:20.113+0000] {logging_mixin.py:190} INFO - https://api.atresplayer.com/client/v1/row/programming/5a6a189a7ed1a834493ebf70?date=25-12-2024
[2024-12-25T21:35:20.147+0000] {logging_mixin.py:190} INFO - https://api.atresplayer.com/client/v1/row/programming/5a6a189a7ed1a834493ebf70?date=26-12-2024
[2024-12-25T21:35:20.186+0000] {logging_mixin.py:190} INFO - Escrito el xmltv del canal "Atreseries"
[2024-12-25T21:35:22.005+0000] {logging_mixin.py:190} INFO - Archivo actualizado correctamente.
[2024-12-25T21:35:22.006+0000] {python.py:240} INFO - Done. Returned value was: None
[2024-12-25T21:35:22.011+0000] {taskinstance.py:340} INFO - ::group::Post task execution logs
[2024-12-25T21:35:22.012+0000] {taskinstance.py:352} INFO - Marking task as SUCCESS. dag_id=a3media_schedule_scraper, task_id=scrape_a3media_task, run_id=scheduled__2024-12-23T23:30:00+00:00, execution_date=20241223T233000, start_date=20241225T213505, end_date=20241225T213522
[2024-12-25T21:35:22.055+0000] {local_task_job_runner.py:266} INFO - Task exited with return code 0
[2024-12-25T21:35:22.067+0000] {taskinstance.py:3895} INFO - 1 downstream tasks scheduled from follow-on schedule check
[2024-12-25T21:35:22.068+0000] {local_task_job_runner.py:245} INFO - ::endgroup::
