[2024-12-04T15:21:16.518+0000] {local_task_job_runner.py:123} INFO - ::group::Pre task execution logs
[2024-12-04T15:21:16.526+0000] {taskinstance.py:2613} INFO - Dependencies all met for dep_context=non-requeueable deps ti=<TaskInstance: a3media_schedule_scraper.scrape_a3media_schedule manual__2024-12-04T15:21:15.263569+00:00 [queued]>
[2024-12-04T15:21:16.531+0000] {taskinstance.py:2613} INFO - Dependencies all met for dep_context=requeueable deps ti=<TaskInstance: a3media_schedule_scraper.scrape_a3media_schedule manual__2024-12-04T15:21:15.263569+00:00 [queued]>
[2024-12-04T15:21:16.531+0000] {taskinstance.py:2866} INFO - Starting attempt 1 of 2
[2024-12-04T15:21:16.538+0000] {taskinstance.py:2889} INFO - Executing <Task(PythonOperator): scrape_a3media_schedule> on 2024-12-04 15:21:15.263569+00:00
[2024-12-04T15:21:16.542+0000] {warnings.py:112} WARNING - /home/***/.local/lib/python3.12/site-packages/***/task/task_runner/standard_task_runner.py:70: DeprecationWarning: This process (pid=184) is multi-threaded, use of fork() may lead to deadlocks in the child.
  pid = os.fork()

[2024-12-04T15:21:16.542+0000] {standard_task_runner.py:72} INFO - Started process 185 to run task
[2024-12-04T15:21:16.543+0000] {standard_task_runner.py:104} INFO - Running: ['***', 'tasks', 'run', 'a3media_schedule_scraper', 'scrape_a3media_schedule', 'manual__2024-12-04T15:21:15.263569+00:00', '--job-id', '427', '--raw', '--subdir', 'DAGS_FOLDER/dag_atresmedia.py', '--cfg-path', '/tmp/tmpe72o88_q']
[2024-12-04T15:21:16.544+0000] {standard_task_runner.py:105} INFO - Job 427: Subtask scrape_a3media_schedule
[2024-12-04T15:21:16.569+0000] {task_command.py:467} INFO - Running <TaskInstance: a3media_schedule_scraper.scrape_a3media_schedule manual__2024-12-04T15:21:15.263569+00:00 [running]> on host d88abb179e8d
[2024-12-04T15:21:16.610+0000] {taskinstance.py:3132} INFO - Exporting env vars: AIRFLOW_CTX_DAG_OWNER='***' AIRFLOW_CTX_DAG_ID='a3media_schedule_scraper' AIRFLOW_CTX_TASK_ID='scrape_a3media_schedule' AIRFLOW_CTX_EXECUTION_DATE='2024-12-04T15:21:15.263569+00:00' AIRFLOW_CTX_TRY_NUMBER='1' AIRFLOW_CTX_DAG_RUN_ID='manual__2024-12-04T15:21:15.263569+00:00'
[2024-12-04T15:21:16.611+0000] {taskinstance.py:731} INFO - ::endgroup::
[2024-12-04T15:21:18.600+0000] {logging_mixin.py:190} INFO - Archivo actualizado correctamente. {'commit': Commit(sha="4091fb2864a06a01036aac89e1ae79ac6379d118"), 'content': ContentFile(path="channels/Antena 3.xml")}
[2024-12-04T15:21:18.601+0000] {logging_mixin.py:190} INFO - Escrito el xmltv del canal "Antena 3"
[2024-12-04T15:21:20.530+0000] {logging_mixin.py:190} INFO - Archivo actualizado correctamente. {'commit': Commit(sha="fe2cfbd1b09655b2495d6aa931e2a1a3f49822c4"), 'content': ContentFile(path="channels/laSexta.xml")}
[2024-12-04T15:21:20.531+0000] {logging_mixin.py:190} INFO - Escrito el xmltv del canal "laSexta"
[2024-12-04T15:21:22.521+0000] {logging_mixin.py:190} INFO - Archivo actualizado correctamente. {'commit': Commit(sha="ab5ae03c2091e074a0e2b18bc16f989a6d67abde"), 'content': ContentFile(path="channels/Neox.xml")}
[2024-12-04T15:21:22.522+0000] {logging_mixin.py:190} INFO - Escrito el xmltv del canal "Neox"
[2024-12-04T15:21:24.656+0000] {logging_mixin.py:190} INFO - Archivo actualizado correctamente. {'commit': Commit(sha="c924367d4f431405b444d7b4effc0441f1eea238"), 'content': ContentFile(path="channels/Nova.xml")}
[2024-12-04T15:21:24.657+0000] {logging_mixin.py:190} INFO - Escrito el xmltv del canal "Nova"
[2024-12-04T15:21:26.815+0000] {logging_mixin.py:190} INFO - Archivo actualizado correctamente. {'commit': Commit(sha="b9e4873e72dccea4a6964725f583ee3b3a457668"), 'content': ContentFile(path="channels/Mega.xml")}
[2024-12-04T15:21:26.815+0000] {logging_mixin.py:190} INFO - Escrito el xmltv del canal "Mega"
[2024-12-04T15:21:28.912+0000] {logging_mixin.py:190} INFO - Archivo actualizado correctamente. {'commit': Commit(sha="1777570b25cf2391c338d1d5306de5faedc40c8c"), 'content': ContentFile(path="channels/Atreseries.xml")}
[2024-12-04T15:21:28.912+0000] {logging_mixin.py:190} INFO - Escrito el xmltv del canal "Atreseries"
[2024-12-04T15:21:28.913+0000] {python.py:240} INFO - Done. Returned value was: None
[2024-12-04T15:21:28.918+0000] {taskinstance.py:340} INFO - ::group::Post task execution logs
[2024-12-04T15:21:28.919+0000] {taskinstance.py:352} INFO - Marking task as SUCCESS. dag_id=a3media_schedule_scraper, task_id=scrape_a3media_schedule, run_id=manual__2024-12-04T15:21:15.263569+00:00, execution_date=20241204T152115, start_date=20241204T152116, end_date=20241204T152128
[2024-12-04T15:21:28.957+0000] {local_task_job_runner.py:266} INFO - Task exited with return code 0
[2024-12-04T15:21:28.965+0000] {taskinstance.py:3895} INFO - 0 downstream tasks scheduled from follow-on schedule check
[2024-12-04T15:21:28.966+0000] {local_task_job_runner.py:245} INFO - ::endgroup::
