[2024-12-13T00:56:48.030+0000] {local_task_job_runner.py:123} INFO - ::group::Pre task execution logs
[2024-12-13T00:56:48.039+0000] {taskinstance.py:2613} INFO - Dependencies all met for dep_context=non-requeueable deps ti=<TaskInstance: a3media_schedule_scraper.push_all_in_one manual__2024-12-13T00:56:32.901268+00:00 [queued]>
[2024-12-13T00:56:48.043+0000] {taskinstance.py:2613} INFO - Dependencies all met for dep_context=requeueable deps ti=<TaskInstance: a3media_schedule_scraper.push_all_in_one manual__2024-12-13T00:56:32.901268+00:00 [queued]>
[2024-12-13T00:56:48.043+0000] {taskinstance.py:2866} INFO - Starting attempt 1 of 5
[2024-12-13T00:56:48.050+0000] {taskinstance.py:2889} INFO - Executing <Task(_PythonDecoratedOperator): push_all_in_one> on 2024-12-13 00:56:32.901268+00:00
[2024-12-13T00:56:48.054+0000] {warnings.py:112} WARNING - /home/***/.local/lib/python3.12/site-packages/***/task/task_runner/standard_task_runner.py:70: DeprecationWarning: This process (pid=27763) is multi-threaded, use of fork() may lead to deadlocks in the child.
  pid = os.fork()

[2024-12-13T00:56:48.055+0000] {standard_task_runner.py:72} INFO - Started process 27764 to run task
[2024-12-13T00:56:48.055+0000] {standard_task_runner.py:104} INFO - Running: ['***', 'tasks', 'run', 'a3media_schedule_scraper', 'push_all_in_one', 'manual__2024-12-13T00:56:32.901268+00:00', '--job-id', '2435', '--raw', '--subdir', 'DAGS_FOLDER/dag_atresmedia.py', '--cfg-path', '/tmp/tmpdn3ip1jt']
[2024-12-13T00:56:48.057+0000] {standard_task_runner.py:105} INFO - Job 2435: Subtask push_all_in_one
[2024-12-13T00:56:48.080+0000] {task_command.py:467} INFO - Running <TaskInstance: a3media_schedule_scraper.push_all_in_one manual__2024-12-13T00:56:32.901268+00:00 [running]> on host b605548c7b8b
[2024-12-13T00:56:48.121+0000] {taskinstance.py:3132} INFO - Exporting env vars: AIRFLOW_CTX_DAG_OWNER='***' AIRFLOW_CTX_DAG_ID='a3media_schedule_scraper' AIRFLOW_CTX_TASK_ID='push_all_in_one' AIRFLOW_CTX_EXECUTION_DATE='2024-12-13T00:56:32.901268+00:00' AIRFLOW_CTX_TRY_NUMBER='1' AIRFLOW_CTX_DAG_RUN_ID='manual__2024-12-13T00:56:32.901268+00:00'
[2024-12-13T00:56:48.122+0000] {taskinstance.py:731} INFO - ::endgroup::
[2024-12-13T00:56:50.636+0000] {logging_mixin.py:190} INFO - Archivo actualizado correctamente.
[2024-12-13T00:56:50.637+0000] {python.py:240} INFO - Done. Returned value was: None
[2024-12-13T00:56:50.643+0000] {taskinstance.py:340} INFO - ::group::Post task execution logs
[2024-12-13T00:56:50.643+0000] {taskinstance.py:352} INFO - Marking task as SUCCESS. dag_id=a3media_schedule_scraper, task_id=push_all_in_one, run_id=manual__2024-12-13T00:56:32.901268+00:00, execution_date=20241213T005632, start_date=20241213T005648, end_date=20241213T005650
[2024-12-13T00:56:50.676+0000] {local_task_job_runner.py:266} INFO - Task exited with return code 0
[2024-12-13T00:56:50.685+0000] {taskinstance.py:3895} INFO - 0 downstream tasks scheduled from follow-on schedule check
[2024-12-13T00:56:50.686+0000] {local_task_job_runner.py:245} INFO - ::endgroup::
