[2024-12-22T23:30:36.820+0000] {local_task_job_runner.py:123} INFO - ::group::Pre task execution logs
[2024-12-22T23:30:36.829+0000] {taskinstance.py:2613} INFO - Dependencies all met for dep_context=non-requeueable deps ti=<TaskInstance: rtve_schedule_scraper.merge_all_xml scheduled__2024-12-22T17:30:00+00:00 [queued]>
[2024-12-22T23:30:36.834+0000] {taskinstance.py:2613} INFO - Dependencies all met for dep_context=requeueable deps ti=<TaskInstance: rtve_schedule_scraper.merge_all_xml scheduled__2024-12-22T17:30:00+00:00 [queued]>
[2024-12-22T23:30:36.834+0000] {taskinstance.py:2866} INFO - Starting attempt 1 of 4
[2024-12-22T23:30:36.841+0000] {taskinstance.py:2889} INFO - Executing <Task(_PythonDecoratedOperator): merge_all_xml> on 2024-12-22 17:30:00+00:00
[2024-12-22T23:30:36.845+0000] {warnings.py:112} WARNING - /home/***/.local/lib/python3.12/site-packages/***/task/task_runner/standard_task_runner.py:70: DeprecationWarning: This process (pid=1235) is multi-threaded, use of fork() may lead to deadlocks in the child.
  pid = os.fork()

[2024-12-22T23:30:36.847+0000] {standard_task_runner.py:72} INFO - Started process 1238 to run task
[2024-12-22T23:30:36.846+0000] {standard_task_runner.py:104} INFO - Running: ['***', 'tasks', 'run', 'rtve_schedule_scraper', 'merge_all_xml', 'scheduled__2024-12-22T17:30:00+00:00', '--job-id', '2629', '--raw', '--subdir', 'DAGS_FOLDER/dag_rtve_selenium.py', '--cfg-path', '/tmp/tmpae6lo0xe']
[2024-12-22T23:30:36.848+0000] {standard_task_runner.py:105} INFO - Job 2629: Subtask merge_all_xml
[2024-12-22T23:30:36.871+0000] {task_command.py:467} INFO - Running <TaskInstance: rtve_schedule_scraper.merge_all_xml scheduled__2024-12-22T17:30:00+00:00 [running]> on host b605548c7b8b
[2024-12-22T23:30:36.912+0000] {taskinstance.py:3132} INFO - Exporting env vars: AIRFLOW_CTX_DAG_OWNER='***' AIRFLOW_CTX_DAG_ID='rtve_schedule_scraper' AIRFLOW_CTX_TASK_ID='merge_all_xml' AIRFLOW_CTX_EXECUTION_DATE='2024-12-22T17:30:00+00:00' AIRFLOW_CTX_TRY_NUMBER='1' AIRFLOW_CTX_DAG_RUN_ID='scheduled__2024-12-22T17:30:00+00:00'
[2024-12-22T23:30:36.913+0000] {taskinstance.py:731} INFO - ::endgroup::
[2024-12-22T23:30:37.146+0000] {logging_mixin.py:190} INFO - [INFO] Generado el archivo "all_in_one.xml"
[2024-12-22T23:30:37.148+0000] {python.py:240} INFO - Done. Returned value was: None
[2024-12-22T23:30:37.154+0000] {taskinstance.py:340} INFO - ::group::Post task execution logs
[2024-12-22T23:30:37.155+0000] {taskinstance.py:352} INFO - Marking task as SUCCESS. dag_id=rtve_schedule_scraper, task_id=merge_all_xml, run_id=scheduled__2024-12-22T17:30:00+00:00, execution_date=20241222T173000, start_date=20241222T233036, end_date=20241222T233037
[2024-12-22T23:30:37.181+0000] {local_task_job_runner.py:266} INFO - Task exited with return code 0
[2024-12-22T23:30:37.192+0000] {taskinstance.py:3895} INFO - 1 downstream tasks scheduled from follow-on schedule check
[2024-12-22T23:30:37.193+0000] {local_task_job_runner.py:245} INFO - ::endgroup::
