[2024-12-07T17:30:30.207+0000] {local_task_job_runner.py:123} INFO - ::group::Pre task execution logs
[2024-12-07T17:30:30.216+0000] {taskinstance.py:2613} INFO - Dependencies all met for dep_context=non-requeueable deps ti=<TaskInstance: rtve_canarias_schedule_scraper.PushAllInOne scheduled__2024-12-07T11:30:00+00:00 [queued]>
[2024-12-07T17:30:30.221+0000] {taskinstance.py:2613} INFO - Dependencies all met for dep_context=requeueable deps ti=<TaskInstance: rtve_canarias_schedule_scraper.PushAllInOne scheduled__2024-12-07T11:30:00+00:00 [queued]>
[2024-12-07T17:30:30.221+0000] {taskinstance.py:2866} INFO - Starting attempt 1 of 5
[2024-12-07T17:30:30.228+0000] {taskinstance.py:2889} INFO - Executing <Task(_PythonDecoratedOperator): PushAllInOne> on 2024-12-07 11:30:00+00:00
[2024-12-07T17:30:30.232+0000] {warnings.py:112} WARNING - /home/***/.local/lib/python3.12/site-packages/***/task/task_runner/standard_task_runner.py:70: DeprecationWarning: This process (pid=4939) is multi-threaded, use of fork() may lead to deadlocks in the child.
  pid = os.fork()

[2024-12-07T17:30:30.234+0000] {standard_task_runner.py:72} INFO - Started process 4940 to run task
[2024-12-07T17:30:30.233+0000] {standard_task_runner.py:104} INFO - Running: ['***', 'tasks', 'run', 'rtve_canarias_schedule_scraper', 'PushAllInOne', 'scheduled__2024-12-07T11:30:00+00:00', '--job-id', '2061', '--raw', '--subdir', 'DAGS_FOLDER/dag_rtve_canarias_selenium.py', '--cfg-path', '/tmp/tmpzs_mmpie']
[2024-12-07T17:30:30.235+0000] {standard_task_runner.py:105} INFO - Job 2061: Subtask PushAllInOne
[2024-12-07T17:30:30.259+0000] {task_command.py:467} INFO - Running <TaskInstance: rtve_canarias_schedule_scraper.PushAllInOne scheduled__2024-12-07T11:30:00+00:00 [running]> on host b605548c7b8b
[2024-12-07T17:30:30.300+0000] {taskinstance.py:3132} INFO - Exporting env vars: AIRFLOW_CTX_DAG_OWNER='***' AIRFLOW_CTX_DAG_ID='rtve_canarias_schedule_scraper' AIRFLOW_CTX_TASK_ID='PushAllInOne' AIRFLOW_CTX_EXECUTION_DATE='2024-12-07T11:30:00+00:00' AIRFLOW_CTX_TRY_NUMBER='1' AIRFLOW_CTX_DAG_RUN_ID='scheduled__2024-12-07T11:30:00+00:00'
[2024-12-07T17:30:30.301+0000] {taskinstance.py:731} INFO - ::endgroup::
[2024-12-07T17:30:32.579+0000] {logging_mixin.py:190} INFO - Archivo actualizado correctamente.
[2024-12-07T17:30:32.580+0000] {python.py:240} INFO - Done. Returned value was: None
[2024-12-07T17:30:32.586+0000] {taskinstance.py:340} INFO - ::group::Post task execution logs
[2024-12-07T17:30:32.586+0000] {taskinstance.py:352} INFO - Marking task as SUCCESS. dag_id=rtve_canarias_schedule_scraper, task_id=PushAllInOne, run_id=scheduled__2024-12-07T11:30:00+00:00, execution_date=20241207T113000, start_date=20241207T173030, end_date=20241207T173032
[2024-12-07T17:30:32.613+0000] {local_task_job_runner.py:266} INFO - Task exited with return code 0
[2024-12-07T17:30:32.622+0000] {taskinstance.py:3895} INFO - 0 downstream tasks scheduled from follow-on schedule check
[2024-12-07T17:30:32.623+0000] {local_task_job_runner.py:245} INFO - ::endgroup::
