[2024-12-04T21:31:42.564+0000] {local_task_job_runner.py:123} INFO - ::group::Pre task execution logs
[2024-12-04T21:31:42.574+0000] {taskinstance.py:2613} INFO - Dependencies all met for dep_context=non-requeueable deps ti=<TaskInstance: rtve_canarias_schedule_scraper.scrape_canarias_rtve_schedule manual__2024-12-04T21:31:40.695064+00:00 [queued]>
[2024-12-04T21:31:42.579+0000] {taskinstance.py:2613} INFO - Dependencies all met for dep_context=requeueable deps ti=<TaskInstance: rtve_canarias_schedule_scraper.scrape_canarias_rtve_schedule manual__2024-12-04T21:31:40.695064+00:00 [queued]>
[2024-12-04T21:31:42.579+0000] {taskinstance.py:2866} INFO - Starting attempt 1 of 2
[2024-12-04T21:31:42.586+0000] {taskinstance.py:2889} INFO - Executing <Task(PythonOperator): scrape_canarias_rtve_schedule> on 2024-12-04 21:31:40.695064+00:00
[2024-12-04T21:31:42.593+0000] {warnings.py:112} WARNING - /home/***/.local/lib/python3.12/site-packages/***/task/task_runner/standard_task_runner.py:70: DeprecationWarning: This process (pid=105) is multi-threaded, use of fork() may lead to deadlocks in the child.
  pid = os.fork()

[2024-12-04T21:31:42.595+0000] {standard_task_runner.py:72} INFO - Started process 106 to run task
[2024-12-04T21:31:42.595+0000] {standard_task_runner.py:104} INFO - Running: ['***', 'tasks', 'run', 'rtve_canarias_schedule_scraper', 'scrape_canarias_rtve_schedule', 'manual__2024-12-04T21:31:40.695064+00:00', '--job-id', '475', '--raw', '--subdir', 'DAGS_FOLDER/dag_rtve_canarias_selenium.py', '--cfg-path', '/tmp/tmpdgz_mvfa']
[2024-12-04T21:31:42.596+0000] {standard_task_runner.py:105} INFO - Job 475: Subtask scrape_canarias_rtve_schedule
[2024-12-04T21:31:42.628+0000] {task_command.py:467} INFO - Running <TaskInstance: rtve_canarias_schedule_scraper.scrape_canarias_rtve_schedule manual__2024-12-04T21:31:40.695064+00:00 [running]> on host d88abb179e8d
[2024-12-04T21:31:42.674+0000] {taskinstance.py:3132} INFO - Exporting env vars: AIRFLOW_CTX_DAG_OWNER='***' AIRFLOW_CTX_DAG_ID='rtve_canarias_schedule_scraper' AIRFLOW_CTX_TASK_ID='scrape_canarias_rtve_schedule' AIRFLOW_CTX_EXECUTION_DATE='2024-12-04T21:31:40.695064+00:00' AIRFLOW_CTX_TRY_NUMBER='1' AIRFLOW_CTX_DAG_RUN_ID='manual__2024-12-04T21:31:40.695064+00:00'
[2024-12-04T21:31:42.675+0000] {taskinstance.py:731} INFO - ::endgroup::
[2024-12-04T21:31:50.547+0000] {logging_mixin.py:190} INFO - [INFO] Archivo subido correctamente
[2024-12-04T21:31:50.549+0000] {logging_mixin.py:190} INFO - Escrito el xmltv del canal "La 1 Canarias"
[2024-12-04T21:31:52.666+0000] {logging_mixin.py:190} INFO - [INFO] Archivo subido correctamente
[2024-12-04T21:31:52.666+0000] {logging_mixin.py:190} INFO - Escrito el xmltv del canal "La 2 Canarias"
[2024-12-04T21:31:54.649+0000] {logging_mixin.py:190} INFO - [INFO] Archivo subido correctamente
[2024-12-04T21:31:54.649+0000] {logging_mixin.py:190} INFO - Escrito el xmltv del canal "24 horas Canarias"
[2024-12-04T21:31:54.907+0000] {python.py:240} INFO - Done. Returned value was: None
[2024-12-04T21:31:54.924+0000] {taskinstance.py:340} INFO - ::group::Post task execution logs
[2024-12-04T21:31:54.924+0000] {taskinstance.py:352} INFO - Marking task as SUCCESS. dag_id=rtve_canarias_schedule_scraper, task_id=scrape_canarias_rtve_schedule, run_id=manual__2024-12-04T21:31:40.695064+00:00, execution_date=20241204T213140, start_date=20241204T213142, end_date=20241204T213154
[2024-12-04T21:31:54.978+0000] {local_task_job_runner.py:266} INFO - Task exited with return code 0
[2024-12-04T21:31:55.004+0000] {taskinstance.py:3895} INFO - 0 downstream tasks scheduled from follow-on schedule check
[2024-12-04T21:31:55.005+0000] {local_task_job_runner.py:245} INFO - ::endgroup::
