[2024-12-11T14:53:35.433+0000] {local_task_job_runner.py:123} INFO - ::group::Pre task execution logs
[2024-12-11T14:53:35.442+0000] {taskinstance.py:2613} INFO - Dependencies all met for dep_context=non-requeueable deps ti=<TaskInstance: rtve_canarias_schedule_scraper.merge_all_xml scheduled__2024-12-11T05:30:00+00:00 [queued]>
[2024-12-11T14:53:35.447+0000] {taskinstance.py:2613} INFO - Dependencies all met for dep_context=requeueable deps ti=<TaskInstance: rtve_canarias_schedule_scraper.merge_all_xml scheduled__2024-12-11T05:30:00+00:00 [queued]>
[2024-12-11T14:53:35.448+0000] {taskinstance.py:2866} INFO - Starting attempt 1 of 5
[2024-12-11T14:53:35.456+0000] {taskinstance.py:2889} INFO - Executing <Task(_PythonDecoratedOperator): merge_all_xml> on 2024-12-11 05:30:00+00:00
[2024-12-11T14:53:35.461+0000] {warnings.py:112} WARNING - /home/***/.local/lib/python3.12/site-packages/***/task/task_runner/standard_task_runner.py:70: DeprecationWarning: This process (pid=213) is multi-threaded, use of fork() may lead to deadlocks in the child.
  pid = os.fork()

[2024-12-11T14:53:35.462+0000] {standard_task_runner.py:72} INFO - Started process 221 to run task
[2024-12-11T14:53:35.462+0000] {standard_task_runner.py:104} INFO - Running: ['***', 'tasks', 'run', 'rtve_canarias_schedule_scraper', 'merge_all_xml', 'scheduled__2024-12-11T05:30:00+00:00', '--job-id', '2303', '--raw', '--subdir', 'DAGS_FOLDER/dag_rtve_canarias_selenium.py', '--cfg-path', '/tmp/tmptzmnjwz0']
[2024-12-11T14:53:35.464+0000] {standard_task_runner.py:105} INFO - Job 2303: Subtask merge_all_xml
[2024-12-11T14:53:35.494+0000] {task_command.py:467} INFO - Running <TaskInstance: rtve_canarias_schedule_scraper.merge_all_xml scheduled__2024-12-11T05:30:00+00:00 [running]> on host b605548c7b8b
[2024-12-11T14:53:35.544+0000] {taskinstance.py:3132} INFO - Exporting env vars: AIRFLOW_CTX_DAG_OWNER='***' AIRFLOW_CTX_DAG_ID='rtve_canarias_schedule_scraper' AIRFLOW_CTX_TASK_ID='merge_all_xml' AIRFLOW_CTX_EXECUTION_DATE='2024-12-11T05:30:00+00:00' AIRFLOW_CTX_TRY_NUMBER='1' AIRFLOW_CTX_DAG_RUN_ID='scheduled__2024-12-11T05:30:00+00:00'
[2024-12-11T14:53:35.545+0000] {taskinstance.py:731} INFO - ::endgroup::
[2024-12-11T14:53:35.757+0000] {logging_mixin.py:190} INFO - [INFO] Generado el archivo "all_in_one.xml"
[2024-12-11T14:53:35.759+0000] {python.py:240} INFO - Done. Returned value was: None
[2024-12-11T14:53:35.765+0000] {taskinstance.py:340} INFO - ::group::Post task execution logs
[2024-12-11T14:53:35.766+0000] {taskinstance.py:352} INFO - Marking task as SUCCESS. dag_id=rtve_canarias_schedule_scraper, task_id=merge_all_xml, run_id=scheduled__2024-12-11T05:30:00+00:00, execution_date=20241211T053000, start_date=20241211T145335, end_date=20241211T145335
[2024-12-11T14:53:35.796+0000] {local_task_job_runner.py:266} INFO - Task exited with return code 0
[2024-12-11T14:53:35.807+0000] {taskinstance.py:3895} INFO - 1 downstream tasks scheduled from follow-on schedule check
[2024-12-11T14:53:35.808+0000] {local_task_job_runner.py:245} INFO - ::endgroup::
