[2024-12-07T23:51:48.587+0000] {local_task_job_runner.py:123} INFO - ::group::Pre task execution logs
[2024-12-07T23:51:48.597+0000] {taskinstance.py:2613} INFO - Dependencies all met for dep_context=non-requeueable deps ti=<TaskInstance: a3media_schedule_scraper.PushAllInOne scheduled__2024-12-07T17:30:00+00:00 [queued]>
[2024-12-07T23:51:48.603+0000] {taskinstance.py:2613} INFO - Dependencies all met for dep_context=requeueable deps ti=<TaskInstance: a3media_schedule_scraper.PushAllInOne scheduled__2024-12-07T17:30:00+00:00 [queued]>
[2024-12-07T23:51:48.604+0000] {taskinstance.py:2866} INFO - Starting attempt 2 of 6
[2024-12-07T23:51:48.611+0000] {taskinstance.py:2889} INFO - Executing <Task(_PythonDecoratedOperator): PushAllInOne> on 2024-12-07 17:30:00+00:00
[2024-12-07T23:51:48.615+0000] {warnings.py:112} WARNING - /home/***/.local/lib/python3.12/site-packages/***/task/task_runner/standard_task_runner.py:70: DeprecationWarning: This process (pid=10100) is multi-threaded, use of fork() may lead to deadlocks in the child.
  pid = os.fork()

[2024-12-07T23:51:48.616+0000] {standard_task_runner.py:72} INFO - Started process 10101 to run task
[2024-12-07T23:51:48.616+0000] {standard_task_runner.py:104} INFO - Running: ['***', 'tasks', 'run', 'a3media_schedule_scraper', 'PushAllInOne', 'scheduled__2024-12-07T17:30:00+00:00', '--job-id', '2078', '--raw', '--subdir', 'DAGS_FOLDER/dag_atresmedia.py', '--cfg-path', '/tmp/tmptyeanerj']
[2024-12-07T23:51:48.618+0000] {standard_task_runner.py:105} INFO - Job 2078: Subtask PushAllInOne
[2024-12-07T23:51:48.644+0000] {task_command.py:467} INFO - Running <TaskInstance: a3media_schedule_scraper.PushAllInOne scheduled__2024-12-07T17:30:00+00:00 [running]> on host b605548c7b8b
[2024-12-07T23:51:48.686+0000] {taskinstance.py:3132} INFO - Exporting env vars: AIRFLOW_CTX_DAG_OWNER='***' AIRFLOW_CTX_DAG_ID='a3media_schedule_scraper' AIRFLOW_CTX_TASK_ID='PushAllInOne' AIRFLOW_CTX_EXECUTION_DATE='2024-12-07T17:30:00+00:00' AIRFLOW_CTX_TRY_NUMBER='2' AIRFLOW_CTX_DAG_RUN_ID='scheduled__2024-12-07T17:30:00+00:00'
[2024-12-07T23:51:48.686+0000] {taskinstance.py:731} INFO - ::endgroup::
[2024-12-07T23:51:50.843+0000] {logging_mixin.py:190} INFO - Archivo actualizado correctamente.
[2024-12-07T23:51:50.844+0000] {python.py:240} INFO - Done. Returned value was: None
[2024-12-07T23:51:50.849+0000] {taskinstance.py:340} INFO - ::group::Post task execution logs
[2024-12-07T23:51:50.849+0000] {taskinstance.py:352} INFO - Marking task as SUCCESS. dag_id=a3media_schedule_scraper, task_id=PushAllInOne, run_id=scheduled__2024-12-07T17:30:00+00:00, execution_date=20241207T173000, start_date=20241207T235148, end_date=20241207T235150
[2024-12-07T23:51:50.876+0000] {local_task_job_runner.py:266} INFO - Task exited with return code 0
[2024-12-07T23:51:50.885+0000] {taskinstance.py:3895} INFO - 0 downstream tasks scheduled from follow-on schedule check
[2024-12-07T23:51:50.886+0000] {local_task_job_runner.py:245} INFO - ::endgroup::
