[2024-12-11T14:52:28.106+0000] {local_task_job_runner.py:123} INFO - ::group::Pre task execution logs
[2024-12-11T14:52:28.121+0000] {taskinstance.py:2613} INFO - Dependencies all met for dep_context=non-requeueable deps ti=<TaskInstance: mediaset_schedule_scraper.scrape_mediaset_schedule scheduled__2024-12-11T05:30:00+00:00 [queued]>
[2024-12-11T14:52:28.126+0000] {taskinstance.py:2613} INFO - Dependencies all met for dep_context=requeueable deps ti=<TaskInstance: mediaset_schedule_scraper.scrape_mediaset_schedule scheduled__2024-12-11T05:30:00+00:00 [queued]>
[2024-12-11T14:52:28.126+0000] {taskinstance.py:2866} INFO - Starting attempt 1 of 5
[2024-12-11T14:52:28.137+0000] {taskinstance.py:2889} INFO - Executing <Task(_PythonDecoratedOperator): scrape_mediaset_schedule> on 2024-12-11 05:30:00+00:00
[2024-12-11T14:52:28.141+0000] {warnings.py:112} WARNING - /home/***/.local/lib/python3.12/site-packages/***/task/task_runner/standard_task_runner.py:70: DeprecationWarning: This process (pid=104) is multi-threaded, use of fork() may lead to deadlocks in the child.
  pid = os.fork()

[2024-12-11T14:52:28.142+0000] {standard_task_runner.py:72} INFO - Started process 110 to run task
[2024-12-11T14:52:28.143+0000] {standard_task_runner.py:104} INFO - Running: ['***', 'tasks', 'run', 'mediaset_schedule_scraper', 'scrape_mediaset_schedule', 'scheduled__2024-12-11T05:30:00+00:00', '--job-id', '2270', '--raw', '--subdir', 'DAGS_FOLDER/dag_mediaset.py', '--cfg-path', '/tmp/tmpqo9zl3pj']
[2024-12-11T14:52:28.145+0000] {standard_task_runner.py:105} INFO - Job 2270: Subtask scrape_mediaset_schedule
[2024-12-11T14:52:28.190+0000] {task_command.py:467} INFO - Running <TaskInstance: mediaset_schedule_scraper.scrape_mediaset_schedule scheduled__2024-12-11T05:30:00+00:00 [running]> on host b605548c7b8b
[2024-12-11T14:52:28.257+0000] {taskinstance.py:3132} INFO - Exporting env vars: AIRFLOW_CTX_DAG_OWNER='***' AIRFLOW_CTX_DAG_ID='mediaset_schedule_scraper' AIRFLOW_CTX_TASK_ID='scrape_mediaset_schedule' AIRFLOW_CTX_EXECUTION_DATE='2024-12-11T05:30:00+00:00' AIRFLOW_CTX_TRY_NUMBER='1' AIRFLOW_CTX_DAG_RUN_ID='scheduled__2024-12-11T05:30:00+00:00'
[2024-12-11T14:52:28.259+0000] {taskinstance.py:731} INFO - ::endgroup::
[2024-12-11T14:52:35.437+0000] {logging_mixin.py:190} INFO - Generando XML para el canal Telecinco
[2024-12-11T14:52:35.440+0000] {logging_mixin.py:190} INFO - Escrito el xml del canal "Telecinco"
[2024-12-11T14:52:38.523+0000] {logging_mixin.py:190} INFO - Error: 422 {"message": "Invalid request.\n\n\"sha\" wasn't supplied.", "documentation_url": "https://docs.github.com/rest/repos/contents#create-or-update-file-contents", "status": "422"}
[2024-12-11T14:52:38.523+0000] {logging_mixin.py:190} INFO - Generando XML para el canal Cuatro
[2024-12-11T14:52:38.526+0000] {logging_mixin.py:190} INFO - Escrito el xml del canal "Cuatro"
[2024-12-11T14:52:41.595+0000] {logging_mixin.py:190} INFO - Error: 422 {"message": "Invalid request.\n\n\"sha\" wasn't supplied.", "documentation_url": "https://docs.github.com/rest/repos/contents#create-or-update-file-contents", "status": "422"}
[2024-12-11T14:52:41.596+0000] {logging_mixin.py:190} INFO - Generando XML para el canal Gh 24h plus
[2024-12-11T14:52:41.598+0000] {logging_mixin.py:190} INFO - Escrito el xml del canal "Gh 24h plus"
[2024-12-11T14:52:43.324+0000] {logging_mixin.py:190} INFO - Archivo actualizado correctamente.
[2024-12-11T14:52:43.325+0000] {logging_mixin.py:190} INFO - Generando XML para el canal Gh 24h
[2024-12-11T14:52:43.327+0000] {logging_mixin.py:190} INFO - Escrito el xml del canal "Gh 24h"
[2024-12-11T14:52:45.069+0000] {logging_mixin.py:190} INFO - Archivo actualizado correctamente.
[2024-12-11T14:52:45.069+0000] {logging_mixin.py:190} INFO - Generando XML para el canal Mitele en la calle
[2024-12-11T14:52:45.072+0000] {logging_mixin.py:190} INFO - Escrito el xml del canal "Mitele en la calle"
[2024-12-11T14:52:46.751+0000] {logging_mixin.py:190} INFO - Archivo actualizado correctamente.
[2024-12-11T14:52:46.752+0000] {logging_mixin.py:190} INFO - Generando XML para el canal Mitele viajes
[2024-12-11T14:52:46.755+0000] {logging_mixin.py:190} INFO - Escrito el xml del canal "Mitele viajes"
[2024-12-11T14:52:48.557+0000] {logging_mixin.py:190} INFO - Archivo actualizado correctamente.
[2024-12-11T14:52:48.557+0000] {logging_mixin.py:190} INFO - Generando XML para el canal Mitele plus lqsa
[2024-12-11T14:52:48.560+0000] {logging_mixin.py:190} INFO - Escrito el xml del canal "Mitele plus lqsa"
[2024-12-11T14:52:50.407+0000] {logging_mixin.py:190} INFO - Archivo actualizado correctamente.
[2024-12-11T14:52:50.407+0000] {logging_mixin.py:190} INFO - Generando XML para el canal Mitele comedia
[2024-12-11T14:52:50.427+0000] {logging_mixin.py:190} INFO - Escrito el xml del canal "Mitele comedia"
[2024-12-11T14:52:52.276+0000] {logging_mixin.py:190} INFO - Archivo actualizado correctamente.
[2024-12-11T14:52:52.276+0000] {logging_mixin.py:190} INFO - Generando XML para el canal Mitele top series
[2024-12-11T14:52:52.278+0000] {logging_mixin.py:190} INFO - Escrito el xml del canal "Mitele top series"
[2024-12-11T14:52:53.982+0000] {logging_mixin.py:190} INFO - Archivo actualizado correctamente.
[2024-12-11T14:52:53.983+0000] {logging_mixin.py:190} INFO - Generando XML para el canal Divinity
[2024-12-11T14:52:53.986+0000] {logging_mixin.py:190} INFO - Escrito el xml del canal "Divinity"
[2024-12-11T14:52:55.838+0000] {logging_mixin.py:190} INFO - Archivo actualizado correctamente.
[2024-12-11T14:52:55.839+0000] {logging_mixin.py:190} INFO - Generando XML para el canal Fdf
[2024-12-11T14:52:55.842+0000] {logging_mixin.py:190} INFO - Escrito el xml del canal "Fdf"
[2024-12-11T14:52:57.845+0000] {logging_mixin.py:190} INFO - Archivo actualizado correctamente.
[2024-12-11T14:52:57.845+0000] {logging_mixin.py:190} INFO - Generando XML para el canal Energy
[2024-12-11T14:52:57.848+0000] {logging_mixin.py:190} INFO - Escrito el xml del canal "Energy"
[2024-12-11T14:53:00.952+0000] {logging_mixin.py:190} INFO - Error: 422 {"message": "Invalid request.\n\n\"sha\" wasn't supplied.", "documentation_url": "https://docs.github.com/rest/repos/contents#create-or-update-file-contents", "status": "422"}
[2024-12-11T14:53:00.952+0000] {logging_mixin.py:190} INFO - Generando XML para el canal Bemad
[2024-12-11T14:53:00.954+0000] {logging_mixin.py:190} INFO - Escrito el xml del canal "Bemad"
[2024-12-11T14:53:04.003+0000] {logging_mixin.py:190} INFO - Error: 422 {"message": "Invalid request.\n\n\"sha\" wasn't supplied.", "documentation_url": "https://docs.github.com/rest/repos/contents#create-or-update-file-contents", "status": "422"}
[2024-12-11T14:53:04.003+0000] {logging_mixin.py:190} INFO - Generando XML para el canal Boing
[2024-12-11T14:53:04.009+0000] {logging_mixin.py:190} INFO - Escrito el xml del canal "Boing"
[2024-12-11T14:53:06.047+0000] {logging_mixin.py:190} INFO - Archivo actualizado correctamente.
[2024-12-11T14:53:06.047+0000] {logging_mixin.py:190} INFO - Generando XML para el canal Acontraplus
[2024-12-11T14:53:06.050+0000] {logging_mixin.py:190} INFO - Escrito el xml del canal "Acontraplus"
[2024-12-11T14:53:08.837+0000] {logging_mixin.py:190} INFO - Error: 422 {"message": "Invalid request.\n\n\"sha\" wasn't supplied.", "documentation_url": "https://docs.github.com/rest/repos/contents#create-or-update-file-contents", "status": "422"}
[2024-12-11T14:53:08.838+0000] {logging_mixin.py:190} INFO - Generando XML para el canal Fight sports
[2024-12-11T14:53:08.841+0000] {logging_mixin.py:190} INFO - Escrito el xml del canal "Fight sports"
[2024-12-11T14:53:11.899+0000] {logging_mixin.py:190} INFO - Error: 422 {"message": "Invalid request.\n\n\"sha\" wasn't supplied.", "documentation_url": "https://docs.github.com/rest/repos/contents#create-or-update-file-contents", "status": "422"}
[2024-12-11T14:53:11.900+0000] {logging_mixin.py:190} INFO - Generando XML para el canal Mtmad 24h
[2024-12-11T14:53:11.902+0000] {logging_mixin.py:190} INFO - Escrito el xml del canal "Mtmad 24h"
[2024-12-11T14:53:13.633+0000] {logging_mixin.py:190} INFO - Archivo actualizado correctamente.
[2024-12-11T14:53:13.634+0000] {python.py:240} INFO - Done. Returned value was: None
[2024-12-11T14:53:13.639+0000] {taskinstance.py:340} INFO - ::group::Post task execution logs
[2024-12-11T14:53:13.640+0000] {taskinstance.py:352} INFO - Marking task as SUCCESS. dag_id=mediaset_schedule_scraper, task_id=scrape_mediaset_schedule, run_id=scheduled__2024-12-11T05:30:00+00:00, execution_date=20241211T053000, start_date=20241211T145228, end_date=20241211T145313
[2024-12-11T14:53:13.675+0000] {local_task_job_runner.py:266} INFO - Task exited with return code 0
[2024-12-11T14:53:13.689+0000] {taskinstance.py:3895} INFO - 1 downstream tasks scheduled from follow-on schedule check
[2024-12-11T14:53:13.690+0000] {local_task_job_runner.py:245} INFO - ::endgroup::
