[2024-12-02T17:09:24.269+0000] {local_task_job_runner.py:123} INFO - ::group::Pre task execution logs
[2024-12-02T17:09:24.278+0000] {taskinstance.py:2613} INFO - Dependencies all met for dep_context=non-requeueable deps ti=<TaskInstance: tv_schedule_scraper.scrape_tv_schedule manual__2024-12-02T17:09:23.661574+00:00 [queued]>
[2024-12-02T17:09:24.282+0000] {taskinstance.py:2613} INFO - Dependencies all met for dep_context=requeueable deps ti=<TaskInstance: tv_schedule_scraper.scrape_tv_schedule manual__2024-12-02T17:09:23.661574+00:00 [queued]>
[2024-12-02T17:09:24.283+0000] {taskinstance.py:2866} INFO - Starting attempt 1 of 2
[2024-12-02T17:09:24.289+0000] {taskinstance.py:2889} INFO - Executing <Task(PythonOperator): scrape_tv_schedule> on 2024-12-02 17:09:23.661574+00:00
[2024-12-02T17:09:24.293+0000] {warnings.py:112} WARNING - /home/***/.local/lib/python3.12/site-packages/***/task/task_runner/standard_task_runner.py:70: DeprecationWarning: This process (pid=107) is multi-threaded, use of fork() may lead to deadlocks in the child.
  pid = os.fork()

[2024-12-02T17:09:24.293+0000] {standard_task_runner.py:72} INFO - Started process 108 to run task
[2024-12-02T17:09:24.293+0000] {standard_task_runner.py:104} INFO - Running: ['***', 'tasks', 'run', 'tv_schedule_scraper', 'scrape_tv_schedule', 'manual__2024-12-02T17:09:23.661574+00:00', '--job-id', '345', '--raw', '--subdir', 'DAGS_FOLDER/dag_rtve.py', '--cfg-path', '/tmp/tmpjy7zi1iu']
[2024-12-02T17:09:24.295+0000] {standard_task_runner.py:105} INFO - Job 345: Subtask scrape_tv_schedule
[2024-12-02T17:09:24.319+0000] {task_command.py:467} INFO - Running <TaskInstance: tv_schedule_scraper.scrape_tv_schedule manual__2024-12-02T17:09:23.661574+00:00 [running]> on host c2dfb6fa46f1
[2024-12-02T17:09:24.361+0000] {taskinstance.py:3132} INFO - Exporting env vars: AIRFLOW_CTX_DAG_OWNER='***' AIRFLOW_CTX_DAG_ID='tv_schedule_scraper' AIRFLOW_CTX_TASK_ID='scrape_tv_schedule' AIRFLOW_CTX_EXECUTION_DATE='2024-12-02T17:09:23.661574+00:00' AIRFLOW_CTX_TRY_NUMBER='1' AIRFLOW_CTX_DAG_RUN_ID='manual__2024-12-02T17:09:23.661574+00:00'
[2024-12-02T17:09:24.361+0000] {taskinstance.py:731} INFO - ::endgroup::
[2024-12-02T17:10:24.707+0000] {local_task_job_runner.py:346} WARNING - State of this instance has been externally set to success. Terminating instance.
[2024-12-02T17:10:24.708+0000] {local_task_job_runner.py:245} INFO - ::endgroup::
[2024-12-02T17:10:24.709+0000] {process_utils.py:132} INFO - Sending 15 to group 108. PIDs of all processes in the group: [108]
[2024-12-02T17:10:24.709+0000] {process_utils.py:87} INFO - Sending the signal 15 to group 108
[2024-12-02T17:10:24.710+0000] {taskinstance.py:3093} ERROR - Received SIGTERM. Terminating subprocesses.
[2024-12-02T17:10:24.720+0000] {taskinstance.py:340} INFO - ::group::Post task execution logs
[2024-12-02T17:10:24.736+0000] {process_utils.py:80} INFO - Process psutil.Process(pid=108, status='terminated', exitcode=0, started='17:09:23') (108) terminated with exit code 0
