[2024-12-04T21:31:30.010+0000] {processor.py:186} INFO - Started process (PID=85) to work on /opt/airflow/dags/dag_rtve_selenium copy.py
[2024-12-04T21:31:30.012+0000] {processor.py:914} INFO - Processing file /opt/airflow/dags/dag_rtve_selenium copy.py for tasks to queue
[2024-12-04T21:31:30.014+0000] {logging_mixin.py:190} INFO - [2024-12-04T21:31:30.013+0000] {dagbag.py:588} INFO - Filling up the DagBag from /opt/airflow/dags/dag_rtve_selenium copy.py
[2024-12-04T21:31:31.137+0000] {processor.py:925} INFO - DAG(s) 'rtve_schedule_scraper' retrieved from /opt/airflow/dags/dag_rtve_selenium copy.py
[2024-12-04T21:31:31.341+0000] {logging_mixin.py:190} INFO - [2024-12-04T21:31:31.339+0000] {dag.py:3239} INFO - Sync 1 DAGs
[2024-12-04T21:31:31.375+0000] {logging_mixin.py:190} INFO - [2024-12-04T21:31:31.375+0000] {dag.py:4180} INFO - Setting next_dagrun for rtve_schedule_scraper to 2024-12-05 08:00:00+00:00, run_after=2024-12-06 08:00:00+00:00
[2024-12-04T21:31:31.406+0000] {processor.py:208} INFO - Processing /opt/airflow/dags/dag_rtve_selenium copy.py took 1.403 seconds
[2024-12-04T21:32:01.703+0000] {processor.py:186} INFO - Started process (PID=95) to work on /opt/airflow/dags/dag_rtve_selenium copy.py
[2024-12-04T21:32:01.704+0000] {processor.py:914} INFO - Processing file /opt/airflow/dags/dag_rtve_selenium copy.py for tasks to queue
[2024-12-04T21:32:01.711+0000] {logging_mixin.py:190} INFO - [2024-12-04T21:32:01.711+0000] {dagbag.py:588} INFO - Filling up the DagBag from /opt/airflow/dags/dag_rtve_selenium copy.py
[2024-12-04T21:32:02.231+0000] {processor.py:925} INFO - DAG(s) 'rtve_schedule_scraper' retrieved from /opt/airflow/dags/dag_rtve_selenium copy.py
[2024-12-04T21:32:02.313+0000] {logging_mixin.py:190} INFO - [2024-12-04T21:32:02.313+0000] {dag.py:3239} INFO - Sync 1 DAGs
[2024-12-04T21:32:02.330+0000] {logging_mixin.py:190} INFO - [2024-12-04T21:32:02.329+0000] {dag.py:4180} INFO - Setting next_dagrun for rtve_schedule_scraper to 2024-12-05 08:00:00+00:00, run_after=2024-12-06 08:00:00+00:00
[2024-12-04T21:32:02.342+0000] {processor.py:208} INFO - Processing /opt/airflow/dags/dag_rtve_selenium copy.py took 0.651 seconds
[2024-12-04T21:32:33.044+0000] {processor.py:186} INFO - Started process (PID=105) to work on /opt/airflow/dags/dag_rtve_selenium copy.py
[2024-12-04T21:32:33.069+0000] {processor.py:914} INFO - Processing file /opt/airflow/dags/dag_rtve_selenium copy.py for tasks to queue
[2024-12-04T21:32:33.074+0000] {logging_mixin.py:190} INFO - [2024-12-04T21:32:33.073+0000] {dagbag.py:588} INFO - Filling up the DagBag from /opt/airflow/dags/dag_rtve_selenium copy.py
[2024-12-04T21:32:33.269+0000] {processor.py:925} INFO - DAG(s) 'rtve_schedule_scraper' retrieved from /opt/airflow/dags/dag_rtve_selenium copy.py
[2024-12-04T21:32:33.364+0000] {logging_mixin.py:190} INFO - [2024-12-04T21:32:33.364+0000] {dag.py:3239} INFO - Sync 1 DAGs
[2024-12-04T21:32:33.380+0000] {logging_mixin.py:190} INFO - [2024-12-04T21:32:33.380+0000] {dag.py:4180} INFO - Setting next_dagrun for rtve_schedule_scraper to 2024-12-05 08:00:00+00:00, run_after=2024-12-06 08:00:00+00:00
[2024-12-04T21:32:33.395+0000] {processor.py:208} INFO - Processing /opt/airflow/dags/dag_rtve_selenium copy.py took 0.356 seconds
[2024-12-04T21:33:03.838+0000] {processor.py:186} INFO - Started process (PID=121) to work on /opt/airflow/dags/dag_rtve_selenium copy.py
[2024-12-04T21:33:03.839+0000] {processor.py:914} INFO - Processing file /opt/airflow/dags/dag_rtve_selenium copy.py for tasks to queue
[2024-12-04T21:33:03.840+0000] {logging_mixin.py:190} INFO - [2024-12-04T21:33:03.840+0000] {dagbag.py:588} INFO - Filling up the DagBag from /opt/airflow/dags/dag_rtve_selenium copy.py
[2024-12-04T21:33:03.963+0000] {processor.py:925} INFO - DAG(s) 'rtve_schedule_scraper' retrieved from /opt/airflow/dags/dag_rtve_selenium copy.py
[2024-12-04T21:33:04.027+0000] {logging_mixin.py:190} INFO - [2024-12-04T21:33:04.027+0000] {dag.py:3239} INFO - Sync 1 DAGs
[2024-12-04T21:33:04.040+0000] {logging_mixin.py:190} INFO - [2024-12-04T21:33:04.040+0000] {dag.py:4180} INFO - Setting next_dagrun for rtve_schedule_scraper to 2024-12-05 08:00:00+00:00, run_after=2024-12-06 08:00:00+00:00
[2024-12-04T21:33:04.051+0000] {processor.py:208} INFO - Processing /opt/airflow/dags/dag_rtve_selenium copy.py took 0.216 seconds
[2024-12-04T21:33:34.470+0000] {processor.py:186} INFO - Started process (PID=131) to work on /opt/airflow/dags/dag_rtve_selenium copy.py
[2024-12-04T21:33:34.470+0000] {processor.py:914} INFO - Processing file /opt/airflow/dags/dag_rtve_selenium copy.py for tasks to queue
[2024-12-04T21:33:34.472+0000] {logging_mixin.py:190} INFO - [2024-12-04T21:33:34.471+0000] {dagbag.py:588} INFO - Filling up the DagBag from /opt/airflow/dags/dag_rtve_selenium copy.py
[2024-12-04T21:33:34.593+0000] {processor.py:925} INFO - DAG(s) 'rtve_schedule_scraper' retrieved from /opt/airflow/dags/dag_rtve_selenium copy.py
[2024-12-04T21:33:34.651+0000] {logging_mixin.py:190} INFO - [2024-12-04T21:33:34.651+0000] {dag.py:3239} INFO - Sync 1 DAGs
[2024-12-04T21:33:34.662+0000] {logging_mixin.py:190} INFO - [2024-12-04T21:33:34.662+0000] {dag.py:4180} INFO - Setting next_dagrun for rtve_schedule_scraper to 2024-12-05 08:00:00+00:00, run_after=2024-12-06 08:00:00+00:00
[2024-12-04T21:33:34.672+0000] {processor.py:208} INFO - Processing /opt/airflow/dags/dag_rtve_selenium copy.py took 0.206 seconds
[2024-12-04T21:34:05.094+0000] {processor.py:186} INFO - Started process (PID=141) to work on /opt/airflow/dags/dag_rtve_selenium copy.py
[2024-12-04T21:34:05.112+0000] {processor.py:914} INFO - Processing file /opt/airflow/dags/dag_rtve_selenium copy.py for tasks to queue
[2024-12-04T21:34:05.113+0000] {logging_mixin.py:190} INFO - [2024-12-04T21:34:05.113+0000] {dagbag.py:588} INFO - Filling up the DagBag from /opt/airflow/dags/dag_rtve_selenium copy.py
[2024-12-04T21:34:05.231+0000] {processor.py:925} INFO - DAG(s) 'rtve_schedule_scraper' retrieved from /opt/airflow/dags/dag_rtve_selenium copy.py
[2024-12-04T21:34:05.290+0000] {logging_mixin.py:190} INFO - [2024-12-04T21:34:05.290+0000] {dag.py:3239} INFO - Sync 1 DAGs
[2024-12-04T21:34:05.303+0000] {logging_mixin.py:190} INFO - [2024-12-04T21:34:05.303+0000] {dag.py:4180} INFO - Setting next_dagrun for rtve_schedule_scraper to 2024-12-05 08:00:00+00:00, run_after=2024-12-06 08:00:00+00:00
[2024-12-04T21:34:05.314+0000] {processor.py:208} INFO - Processing /opt/airflow/dags/dag_rtve_selenium copy.py took 0.223 seconds
[2024-12-04T21:34:35.734+0000] {processor.py:186} INFO - Started process (PID=151) to work on /opt/airflow/dags/dag_rtve_selenium copy.py
[2024-12-04T21:34:35.752+0000] {processor.py:914} INFO - Processing file /opt/airflow/dags/dag_rtve_selenium copy.py for tasks to queue
[2024-12-04T21:34:35.753+0000] {logging_mixin.py:190} INFO - [2024-12-04T21:34:35.753+0000] {dagbag.py:588} INFO - Filling up the DagBag from /opt/airflow/dags/dag_rtve_selenium copy.py
[2024-12-04T21:34:35.880+0000] {processor.py:925} INFO - DAG(s) 'rtve_schedule_scraper' retrieved from /opt/airflow/dags/dag_rtve_selenium copy.py
[2024-12-04T21:34:35.943+0000] {logging_mixin.py:190} INFO - [2024-12-04T21:34:35.943+0000] {dag.py:3239} INFO - Sync 1 DAGs
[2024-12-04T21:34:35.956+0000] {logging_mixin.py:190} INFO - [2024-12-04T21:34:35.956+0000] {dag.py:4180} INFO - Setting next_dagrun for rtve_schedule_scraper to 2024-12-05 08:00:00+00:00, run_after=2024-12-06 08:00:00+00:00
[2024-12-04T21:34:35.966+0000] {processor.py:208} INFO - Processing /opt/airflow/dags/dag_rtve_selenium copy.py took 0.235 seconds
[2024-12-04T21:35:06.616+0000] {processor.py:186} INFO - Started process (PID=161) to work on /opt/airflow/dags/dag_rtve_selenium copy.py
[2024-12-04T21:35:06.624+0000] {processor.py:914} INFO - Processing file /opt/airflow/dags/dag_rtve_selenium copy.py for tasks to queue
[2024-12-04T21:35:06.625+0000] {logging_mixin.py:190} INFO - [2024-12-04T21:35:06.625+0000] {dagbag.py:588} INFO - Filling up the DagBag from /opt/airflow/dags/dag_rtve_selenium copy.py
[2024-12-04T21:35:06.744+0000] {processor.py:925} INFO - DAG(s) 'rtve_schedule_scraper' retrieved from /opt/airflow/dags/dag_rtve_selenium copy.py
[2024-12-04T21:35:06.800+0000] {logging_mixin.py:190} INFO - [2024-12-04T21:35:06.799+0000] {dag.py:3239} INFO - Sync 1 DAGs
[2024-12-04T21:35:06.811+0000] {logging_mixin.py:190} INFO - [2024-12-04T21:35:06.811+0000] {dag.py:4180} INFO - Setting next_dagrun for rtve_schedule_scraper to 2024-12-05 08:00:00+00:00, run_after=2024-12-06 08:00:00+00:00
[2024-12-04T21:35:06.827+0000] {processor.py:208} INFO - Processing /opt/airflow/dags/dag_rtve_selenium copy.py took 0.214 seconds
[2024-12-04T21:35:37.257+0000] {processor.py:186} INFO - Started process (PID=171) to work on /opt/airflow/dags/dag_rtve_selenium copy.py
[2024-12-04T21:35:37.274+0000] {processor.py:914} INFO - Processing file /opt/airflow/dags/dag_rtve_selenium copy.py for tasks to queue
[2024-12-04T21:35:37.276+0000] {logging_mixin.py:190} INFO - [2024-12-04T21:35:37.276+0000] {dagbag.py:588} INFO - Filling up the DagBag from /opt/airflow/dags/dag_rtve_selenium copy.py
[2024-12-04T21:35:37.394+0000] {processor.py:925} INFO - DAG(s) 'rtve_schedule_scraper' retrieved from /opt/airflow/dags/dag_rtve_selenium copy.py
[2024-12-04T21:35:37.452+0000] {logging_mixin.py:190} INFO - [2024-12-04T21:35:37.451+0000] {dag.py:3239} INFO - Sync 1 DAGs
[2024-12-04T21:35:37.463+0000] {logging_mixin.py:190} INFO - [2024-12-04T21:35:37.463+0000] {dag.py:4180} INFO - Setting next_dagrun for rtve_schedule_scraper to 2024-12-05 08:00:00+00:00, run_after=2024-12-06 08:00:00+00:00
[2024-12-04T21:35:37.472+0000] {processor.py:208} INFO - Processing /opt/airflow/dags/dag_rtve_selenium copy.py took 0.219 seconds
[2024-12-04T21:36:07.915+0000] {processor.py:186} INFO - Started process (PID=181) to work on /opt/airflow/dags/dag_rtve_selenium copy.py
[2024-12-04T21:36:07.936+0000] {processor.py:914} INFO - Processing file /opt/airflow/dags/dag_rtve_selenium copy.py for tasks to queue
[2024-12-04T21:36:07.938+0000] {logging_mixin.py:190} INFO - [2024-12-04T21:36:07.938+0000] {dagbag.py:588} INFO - Filling up the DagBag from /opt/airflow/dags/dag_rtve_selenium copy.py
[2024-12-04T21:36:08.055+0000] {processor.py:925} INFO - DAG(s) 'rtve_schedule_scraper' retrieved from /opt/airflow/dags/dag_rtve_selenium copy.py
[2024-12-04T21:36:08.112+0000] {logging_mixin.py:190} INFO - [2024-12-04T21:36:08.112+0000] {dag.py:3239} INFO - Sync 1 DAGs
[2024-12-04T21:36:08.125+0000] {logging_mixin.py:190} INFO - [2024-12-04T21:36:08.125+0000] {dag.py:4180} INFO - Setting next_dagrun for rtve_schedule_scraper to 2024-12-05 08:00:00+00:00, run_after=2024-12-06 08:00:00+00:00
[2024-12-04T21:36:08.137+0000] {processor.py:208} INFO - Processing /opt/airflow/dags/dag_rtve_selenium copy.py took 0.226 seconds
[2024-12-04T21:36:38.420+0000] {processor.py:186} INFO - Started process (PID=191) to work on /opt/airflow/dags/dag_rtve_selenium copy.py
[2024-12-04T21:36:38.421+0000] {processor.py:914} INFO - Processing file /opt/airflow/dags/dag_rtve_selenium copy.py for tasks to queue
[2024-12-04T21:36:38.422+0000] {logging_mixin.py:190} INFO - [2024-12-04T21:36:38.422+0000] {dagbag.py:588} INFO - Filling up the DagBag from /opt/airflow/dags/dag_rtve_selenium copy.py
[2024-12-04T21:36:38.551+0000] {processor.py:925} INFO - DAG(s) 'rtve_schedule_scraper' retrieved from /opt/airflow/dags/dag_rtve_selenium copy.py
[2024-12-04T21:36:38.615+0000] {logging_mixin.py:190} INFO - [2024-12-04T21:36:38.615+0000] {dag.py:3239} INFO - Sync 1 DAGs
[2024-12-04T21:36:38.629+0000] {logging_mixin.py:190} INFO - [2024-12-04T21:36:38.629+0000] {dag.py:4180} INFO - Setting next_dagrun for rtve_schedule_scraper to 2024-12-05 08:00:00+00:00, run_after=2024-12-06 08:00:00+00:00
[2024-12-04T21:36:38.639+0000] {processor.py:208} INFO - Processing /opt/airflow/dags/dag_rtve_selenium copy.py took 0.224 seconds
[2024-12-04T21:37:08.842+0000] {processor.py:186} INFO - Started process (PID=201) to work on /opt/airflow/dags/dag_rtve_selenium copy.py
[2024-12-04T21:37:08.843+0000] {processor.py:914} INFO - Processing file /opt/airflow/dags/dag_rtve_selenium copy.py for tasks to queue
[2024-12-04T21:37:08.844+0000] {logging_mixin.py:190} INFO - [2024-12-04T21:37:08.844+0000] {dagbag.py:588} INFO - Filling up the DagBag from /opt/airflow/dags/dag_rtve_selenium copy.py
[2024-12-04T21:37:08.968+0000] {processor.py:925} INFO - DAG(s) 'rtve_schedule_scraper' retrieved from /opt/airflow/dags/dag_rtve_selenium copy.py
[2024-12-04T21:37:09.039+0000] {logging_mixin.py:190} INFO - [2024-12-04T21:37:09.038+0000] {dag.py:3239} INFO - Sync 1 DAGs
[2024-12-04T21:37:09.051+0000] {logging_mixin.py:190} INFO - [2024-12-04T21:37:09.051+0000] {dag.py:4180} INFO - Setting next_dagrun for rtve_schedule_scraper to 2024-12-05 08:00:00+00:00, run_after=2024-12-06 08:00:00+00:00
[2024-12-04T21:37:09.061+0000] {processor.py:208} INFO - Processing /opt/airflow/dags/dag_rtve_selenium copy.py took 0.223 seconds
[2024-12-04T21:37:39.468+0000] {processor.py:186} INFO - Started process (PID=211) to work on /opt/airflow/dags/dag_rtve_selenium copy.py
[2024-12-04T21:37:39.468+0000] {processor.py:914} INFO - Processing file /opt/airflow/dags/dag_rtve_selenium copy.py for tasks to queue
[2024-12-04T21:37:39.470+0000] {logging_mixin.py:190} INFO - [2024-12-04T21:37:39.470+0000] {dagbag.py:588} INFO - Filling up the DagBag from /opt/airflow/dags/dag_rtve_selenium copy.py
[2024-12-04T21:37:39.591+0000] {processor.py:925} INFO - DAG(s) 'rtve_schedule_scraper' retrieved from /opt/airflow/dags/dag_rtve_selenium copy.py
[2024-12-04T21:37:39.650+0000] {logging_mixin.py:190} INFO - [2024-12-04T21:37:39.649+0000] {dag.py:3239} INFO - Sync 1 DAGs
[2024-12-04T21:37:39.662+0000] {logging_mixin.py:190} INFO - [2024-12-04T21:37:39.661+0000] {dag.py:4180} INFO - Setting next_dagrun for rtve_schedule_scraper to 2024-12-05 08:00:00+00:00, run_after=2024-12-06 08:00:00+00:00
[2024-12-04T21:37:39.673+0000] {processor.py:208} INFO - Processing /opt/airflow/dags/dag_rtve_selenium copy.py took 0.208 seconds
[2024-12-04T21:38:10.079+0000] {processor.py:186} INFO - Started process (PID=221) to work on /opt/airflow/dags/dag_rtve_selenium copy.py
[2024-12-04T21:38:10.080+0000] {processor.py:914} INFO - Processing file /opt/airflow/dags/dag_rtve_selenium copy.py for tasks to queue
[2024-12-04T21:38:10.081+0000] {logging_mixin.py:190} INFO - [2024-12-04T21:38:10.081+0000] {dagbag.py:588} INFO - Filling up the DagBag from /opt/airflow/dags/dag_rtve_selenium copy.py
[2024-12-04T21:38:10.198+0000] {processor.py:925} INFO - DAG(s) 'rtve_schedule_scraper' retrieved from /opt/airflow/dags/dag_rtve_selenium copy.py
[2024-12-04T21:38:10.260+0000] {logging_mixin.py:190} INFO - [2024-12-04T21:38:10.259+0000] {dag.py:3239} INFO - Sync 1 DAGs
[2024-12-04T21:38:10.272+0000] {logging_mixin.py:190} INFO - [2024-12-04T21:38:10.272+0000] {dag.py:4180} INFO - Setting next_dagrun for rtve_schedule_scraper to 2024-12-05 08:00:00+00:00, run_after=2024-12-06 08:00:00+00:00
[2024-12-04T21:38:10.282+0000] {processor.py:208} INFO - Processing /opt/airflow/dags/dag_rtve_selenium copy.py took 0.206 seconds
[2024-12-04T21:38:40.686+0000] {processor.py:186} INFO - Started process (PID=231) to work on /opt/airflow/dags/dag_rtve_selenium copy.py
[2024-12-04T21:38:40.686+0000] {processor.py:914} INFO - Processing file /opt/airflow/dags/dag_rtve_selenium copy.py for tasks to queue
[2024-12-04T21:38:40.688+0000] {logging_mixin.py:190} INFO - [2024-12-04T21:38:40.688+0000] {dagbag.py:588} INFO - Filling up the DagBag from /opt/airflow/dags/dag_rtve_selenium copy.py
[2024-12-04T21:38:40.815+0000] {processor.py:925} INFO - DAG(s) 'rtve_schedule_scraper' retrieved from /opt/airflow/dags/dag_rtve_selenium copy.py
[2024-12-04T21:38:40.874+0000] {logging_mixin.py:190} INFO - [2024-12-04T21:38:40.874+0000] {dag.py:3239} INFO - Sync 1 DAGs
[2024-12-04T21:38:40.885+0000] {logging_mixin.py:190} INFO - [2024-12-04T21:38:40.885+0000] {dag.py:4180} INFO - Setting next_dagrun for rtve_schedule_scraper to 2024-12-05 08:00:00+00:00, run_after=2024-12-06 08:00:00+00:00
[2024-12-04T21:38:40.894+0000] {processor.py:208} INFO - Processing /opt/airflow/dags/dag_rtve_selenium copy.py took 0.213 seconds
[2024-12-04T21:39:11.298+0000] {processor.py:186} INFO - Started process (PID=241) to work on /opt/airflow/dags/dag_rtve_selenium copy.py
[2024-12-04T21:39:11.299+0000] {processor.py:914} INFO - Processing file /opt/airflow/dags/dag_rtve_selenium copy.py for tasks to queue
[2024-12-04T21:39:11.300+0000] {logging_mixin.py:190} INFO - [2024-12-04T21:39:11.300+0000] {dagbag.py:588} INFO - Filling up the DagBag from /opt/airflow/dags/dag_rtve_selenium copy.py
[2024-12-04T21:39:11.416+0000] {processor.py:925} INFO - DAG(s) 'rtve_schedule_scraper' retrieved from /opt/airflow/dags/dag_rtve_selenium copy.py
[2024-12-04T21:39:11.477+0000] {logging_mixin.py:190} INFO - [2024-12-04T21:39:11.476+0000] {dag.py:3239} INFO - Sync 1 DAGs
[2024-12-04T21:39:11.489+0000] {logging_mixin.py:190} INFO - [2024-12-04T21:39:11.489+0000] {dag.py:4180} INFO - Setting next_dagrun for rtve_schedule_scraper to 2024-12-05 08:00:00+00:00, run_after=2024-12-06 08:00:00+00:00
[2024-12-04T21:39:11.498+0000] {processor.py:208} INFO - Processing /opt/airflow/dags/dag_rtve_selenium copy.py took 0.203 seconds
[2024-12-04T21:39:41.927+0000] {processor.py:186} INFO - Started process (PID=251) to work on /opt/airflow/dags/dag_rtve_selenium copy.py
[2024-12-04T21:39:41.939+0000] {processor.py:914} INFO - Processing file /opt/airflow/dags/dag_rtve_selenium copy.py for tasks to queue
[2024-12-04T21:39:41.940+0000] {logging_mixin.py:190} INFO - [2024-12-04T21:39:41.940+0000] {dagbag.py:588} INFO - Filling up the DagBag from /opt/airflow/dags/dag_rtve_selenium copy.py
[2024-12-04T21:39:42.056+0000] {processor.py:925} INFO - DAG(s) 'rtve_schedule_scraper' retrieved from /opt/airflow/dags/dag_rtve_selenium copy.py
[2024-12-04T21:39:42.116+0000] {logging_mixin.py:190} INFO - [2024-12-04T21:39:42.115+0000] {dag.py:3239} INFO - Sync 1 DAGs
[2024-12-04T21:39:42.127+0000] {logging_mixin.py:190} INFO - [2024-12-04T21:39:42.127+0000] {dag.py:4180} INFO - Setting next_dagrun for rtve_schedule_scraper to 2024-12-05 08:00:00+00:00, run_after=2024-12-06 08:00:00+00:00
[2024-12-04T21:39:42.136+0000] {processor.py:208} INFO - Processing /opt/airflow/dags/dag_rtve_selenium copy.py took 0.213 seconds
[2024-12-04T21:40:12.551+0000] {processor.py:186} INFO - Started process (PID=261) to work on /opt/airflow/dags/dag_rtve_selenium copy.py
[2024-12-04T21:40:12.567+0000] {processor.py:914} INFO - Processing file /opt/airflow/dags/dag_rtve_selenium copy.py for tasks to queue
[2024-12-04T21:40:12.569+0000] {logging_mixin.py:190} INFO - [2024-12-04T21:40:12.568+0000] {dagbag.py:588} INFO - Filling up the DagBag from /opt/airflow/dags/dag_rtve_selenium copy.py
[2024-12-04T21:40:12.685+0000] {processor.py:925} INFO - DAG(s) 'rtve_schedule_scraper' retrieved from /opt/airflow/dags/dag_rtve_selenium copy.py
[2024-12-04T21:40:12.743+0000] {logging_mixin.py:190} INFO - [2024-12-04T21:40:12.742+0000] {dag.py:3239} INFO - Sync 1 DAGs
[2024-12-04T21:40:12.754+0000] {logging_mixin.py:190} INFO - [2024-12-04T21:40:12.754+0000] {dag.py:4180} INFO - Setting next_dagrun for rtve_schedule_scraper to 2024-12-05 08:00:00+00:00, run_after=2024-12-06 08:00:00+00:00
[2024-12-04T21:40:12.764+0000] {processor.py:208} INFO - Processing /opt/airflow/dags/dag_rtve_selenium copy.py took 0.216 seconds
[2024-12-04T21:40:43.408+0000] {processor.py:186} INFO - Started process (PID=271) to work on /opt/airflow/dags/dag_rtve_selenium copy.py
[2024-12-04T21:40:43.428+0000] {processor.py:914} INFO - Processing file /opt/airflow/dags/dag_rtve_selenium copy.py for tasks to queue
[2024-12-04T21:40:43.430+0000] {logging_mixin.py:190} INFO - [2024-12-04T21:40:43.430+0000] {dagbag.py:588} INFO - Filling up the DagBag from /opt/airflow/dags/dag_rtve_selenium copy.py
[2024-12-04T21:40:43.559+0000] {processor.py:925} INFO - DAG(s) 'rtve_schedule_scraper' retrieved from /opt/airflow/dags/dag_rtve_selenium copy.py
[2024-12-04T21:40:43.623+0000] {logging_mixin.py:190} INFO - [2024-12-04T21:40:43.623+0000] {dag.py:3239} INFO - Sync 1 DAGs
[2024-12-04T21:40:43.636+0000] {logging_mixin.py:190} INFO - [2024-12-04T21:40:43.636+0000] {dag.py:4180} INFO - Setting next_dagrun for rtve_schedule_scraper to 2024-12-05 08:00:00+00:00, run_after=2024-12-06 08:00:00+00:00
[2024-12-04T21:40:43.646+0000] {processor.py:208} INFO - Processing /opt/airflow/dags/dag_rtve_selenium copy.py took 0.242 seconds
[2024-12-04T21:41:14.003+0000] {processor.py:186} INFO - Started process (PID=281) to work on /opt/airflow/dags/dag_rtve_selenium copy.py
[2024-12-04T21:41:14.024+0000] {processor.py:914} INFO - Processing file /opt/airflow/dags/dag_rtve_selenium copy.py for tasks to queue
[2024-12-04T21:41:14.025+0000] {logging_mixin.py:190} INFO - [2024-12-04T21:41:14.025+0000] {dagbag.py:588} INFO - Filling up the DagBag from /opt/airflow/dags/dag_rtve_selenium copy.py
[2024-12-04T21:41:14.144+0000] {processor.py:925} INFO - DAG(s) 'rtve_schedule_scraper' retrieved from /opt/airflow/dags/dag_rtve_selenium copy.py
[2024-12-04T21:41:14.202+0000] {logging_mixin.py:190} INFO - [2024-12-04T21:41:14.201+0000] {dag.py:3239} INFO - Sync 1 DAGs
[2024-12-04T21:41:14.214+0000] {logging_mixin.py:190} INFO - [2024-12-04T21:41:14.214+0000] {dag.py:4180} INFO - Setting next_dagrun for rtve_schedule_scraper to 2024-12-05 08:00:00+00:00, run_after=2024-12-06 08:00:00+00:00
[2024-12-04T21:41:14.224+0000] {processor.py:208} INFO - Processing /opt/airflow/dags/dag_rtve_selenium copy.py took 0.224 seconds
[2024-12-04T21:41:44.789+0000] {processor.py:186} INFO - Started process (PID=291) to work on /opt/airflow/dags/dag_rtve_selenium copy.py
[2024-12-04T21:41:44.790+0000] {processor.py:914} INFO - Processing file /opt/airflow/dags/dag_rtve_selenium copy.py for tasks to queue
[2024-12-04T21:41:44.791+0000] {logging_mixin.py:190} INFO - [2024-12-04T21:41:44.791+0000] {dagbag.py:588} INFO - Filling up the DagBag from /opt/airflow/dags/dag_rtve_selenium copy.py
[2024-12-04T21:41:44.909+0000] {processor.py:925} INFO - DAG(s) 'rtve_schedule_scraper' retrieved from /opt/airflow/dags/dag_rtve_selenium copy.py
[2024-12-04T21:41:44.966+0000] {logging_mixin.py:190} INFO - [2024-12-04T21:41:44.966+0000] {dag.py:3239} INFO - Sync 1 DAGs
[2024-12-04T21:41:44.978+0000] {logging_mixin.py:190} INFO - [2024-12-04T21:41:44.978+0000] {dag.py:4180} INFO - Setting next_dagrun for rtve_schedule_scraper to 2024-12-05 08:00:00+00:00, run_after=2024-12-06 08:00:00+00:00
[2024-12-04T21:41:44.988+0000] {processor.py:208} INFO - Processing /opt/airflow/dags/dag_rtve_selenium copy.py took 0.201 seconds
[2024-12-04T21:42:15.199+0000] {processor.py:186} INFO - Started process (PID=301) to work on /opt/airflow/dags/dag_rtve_selenium copy.py
[2024-12-04T21:42:15.199+0000] {processor.py:914} INFO - Processing file /opt/airflow/dags/dag_rtve_selenium copy.py for tasks to queue
[2024-12-04T21:42:15.200+0000] {logging_mixin.py:190} INFO - [2024-12-04T21:42:15.200+0000] {dagbag.py:588} INFO - Filling up the DagBag from /opt/airflow/dags/dag_rtve_selenium copy.py
[2024-12-04T21:42:15.316+0000] {processor.py:925} INFO - DAG(s) 'rtve_schedule_scraper' retrieved from /opt/airflow/dags/dag_rtve_selenium copy.py
[2024-12-04T21:42:15.376+0000] {logging_mixin.py:190} INFO - [2024-12-04T21:42:15.376+0000] {dag.py:3239} INFO - Sync 1 DAGs
[2024-12-04T21:42:15.388+0000] {logging_mixin.py:190} INFO - [2024-12-04T21:42:15.388+0000] {dag.py:4180} INFO - Setting next_dagrun for rtve_schedule_scraper to 2024-12-05 08:00:00+00:00, run_after=2024-12-06 08:00:00+00:00
[2024-12-04T21:42:15.399+0000] {processor.py:208} INFO - Processing /opt/airflow/dags/dag_rtve_selenium copy.py took 0.204 seconds
[2024-12-04T21:42:45.795+0000] {processor.py:186} INFO - Started process (PID=311) to work on /opt/airflow/dags/dag_rtve_selenium copy.py
[2024-12-04T21:42:45.820+0000] {processor.py:914} INFO - Processing file /opt/airflow/dags/dag_rtve_selenium copy.py for tasks to queue
[2024-12-04T21:42:45.821+0000] {logging_mixin.py:190} INFO - [2024-12-04T21:42:45.821+0000] {dagbag.py:588} INFO - Filling up the DagBag from /opt/airflow/dags/dag_rtve_selenium copy.py
[2024-12-04T21:42:45.936+0000] {processor.py:925} INFO - DAG(s) 'rtve_schedule_scraper' retrieved from /opt/airflow/dags/dag_rtve_selenium copy.py
[2024-12-04T21:42:45.996+0000] {logging_mixin.py:190} INFO - [2024-12-04T21:42:45.995+0000] {dag.py:3239} INFO - Sync 1 DAGs
[2024-12-04T21:42:46.008+0000] {logging_mixin.py:190} INFO - [2024-12-04T21:42:46.008+0000] {dag.py:4180} INFO - Setting next_dagrun for rtve_schedule_scraper to 2024-12-05 08:00:00+00:00, run_after=2024-12-06 08:00:00+00:00
[2024-12-04T21:42:46.018+0000] {processor.py:208} INFO - Processing /opt/airflow/dags/dag_rtve_selenium copy.py took 0.227 seconds
[2024-12-04T21:43:16.445+0000] {processor.py:186} INFO - Started process (PID=321) to work on /opt/airflow/dags/dag_rtve_selenium copy.py
[2024-12-04T21:43:16.460+0000] {processor.py:914} INFO - Processing file /opt/airflow/dags/dag_rtve_selenium copy.py for tasks to queue
[2024-12-04T21:43:16.462+0000] {logging_mixin.py:190} INFO - [2024-12-04T21:43:16.461+0000] {dagbag.py:588} INFO - Filling up the DagBag from /opt/airflow/dags/dag_rtve_selenium copy.py
[2024-12-04T21:43:16.587+0000] {processor.py:925} INFO - DAG(s) 'rtve_schedule_scraper' retrieved from /opt/airflow/dags/dag_rtve_selenium copy.py
[2024-12-04T21:43:16.661+0000] {logging_mixin.py:190} INFO - [2024-12-04T21:43:16.661+0000] {dag.py:3239} INFO - Sync 1 DAGs
[2024-12-04T21:43:16.673+0000] {logging_mixin.py:190} INFO - [2024-12-04T21:43:16.673+0000] {dag.py:4180} INFO - Setting next_dagrun for rtve_schedule_scraper to 2024-12-05 08:00:00+00:00, run_after=2024-12-06 08:00:00+00:00
[2024-12-04T21:43:16.683+0000] {processor.py:208} INFO - Processing /opt/airflow/dags/dag_rtve_selenium copy.py took 0.241 seconds
[2024-12-04T21:43:47.112+0000] {processor.py:186} INFO - Started process (PID=331) to work on /opt/airflow/dags/dag_rtve_selenium copy.py
[2024-12-04T21:43:47.133+0000] {processor.py:914} INFO - Processing file /opt/airflow/dags/dag_rtve_selenium copy.py for tasks to queue
[2024-12-04T21:43:47.134+0000] {logging_mixin.py:190} INFO - [2024-12-04T21:43:47.134+0000] {dagbag.py:588} INFO - Filling up the DagBag from /opt/airflow/dags/dag_rtve_selenium copy.py
[2024-12-04T21:43:47.262+0000] {processor.py:925} INFO - DAG(s) 'rtve_schedule_scraper' retrieved from /opt/airflow/dags/dag_rtve_selenium copy.py
[2024-12-04T21:43:47.317+0000] {logging_mixin.py:190} INFO - [2024-12-04T21:43:47.317+0000] {dag.py:3239} INFO - Sync 1 DAGs
[2024-12-04T21:43:47.328+0000] {logging_mixin.py:190} INFO - [2024-12-04T21:43:47.328+0000] {dag.py:4180} INFO - Setting next_dagrun for rtve_schedule_scraper to 2024-12-05 08:00:00+00:00, run_after=2024-12-06 08:00:00+00:00
[2024-12-04T21:43:47.338+0000] {processor.py:208} INFO - Processing /opt/airflow/dags/dag_rtve_selenium copy.py took 0.230 seconds
[2024-12-04T21:44:17.769+0000] {processor.py:186} INFO - Started process (PID=341) to work on /opt/airflow/dags/dag_rtve_selenium copy.py
[2024-12-04T21:44:17.769+0000] {processor.py:914} INFO - Processing file /opt/airflow/dags/dag_rtve_selenium copy.py for tasks to queue
[2024-12-04T21:44:17.770+0000] {logging_mixin.py:190} INFO - [2024-12-04T21:44:17.770+0000] {dagbag.py:588} INFO - Filling up the DagBag from /opt/airflow/dags/dag_rtve_selenium copy.py
[2024-12-04T21:44:17.887+0000] {processor.py:925} INFO - DAG(s) 'rtve_schedule_scraper' retrieved from /opt/airflow/dags/dag_rtve_selenium copy.py
[2024-12-04T21:44:17.944+0000] {logging_mixin.py:190} INFO - [2024-12-04T21:44:17.944+0000] {dag.py:3239} INFO - Sync 1 DAGs
[2024-12-04T21:44:17.956+0000] {logging_mixin.py:190} INFO - [2024-12-04T21:44:17.956+0000] {dag.py:4180} INFO - Setting next_dagrun for rtve_schedule_scraper to 2024-12-05 08:00:00+00:00, run_after=2024-12-06 08:00:00+00:00
[2024-12-04T21:44:17.966+0000] {processor.py:208} INFO - Processing /opt/airflow/dags/dag_rtve_selenium copy.py took 0.200 seconds
[2024-12-04T21:44:48.624+0000] {processor.py:186} INFO - Started process (PID=351) to work on /opt/airflow/dags/dag_rtve_selenium copy.py
[2024-12-04T21:44:48.644+0000] {processor.py:914} INFO - Processing file /opt/airflow/dags/dag_rtve_selenium copy.py for tasks to queue
[2024-12-04T21:44:48.646+0000] {logging_mixin.py:190} INFO - [2024-12-04T21:44:48.645+0000] {dagbag.py:588} INFO - Filling up the DagBag from /opt/airflow/dags/dag_rtve_selenium copy.py
[2024-12-04T21:44:48.765+0000] {processor.py:925} INFO - DAG(s) 'rtve_schedule_scraper' retrieved from /opt/airflow/dags/dag_rtve_selenium copy.py
[2024-12-04T21:44:48.827+0000] {logging_mixin.py:190} INFO - [2024-12-04T21:44:48.826+0000] {dag.py:3239} INFO - Sync 1 DAGs
[2024-12-04T21:44:48.839+0000] {logging_mixin.py:190} INFO - [2024-12-04T21:44:48.839+0000] {dag.py:4180} INFO - Setting next_dagrun for rtve_schedule_scraper to 2024-12-05 08:00:00+00:00, run_after=2024-12-06 08:00:00+00:00
[2024-12-04T21:44:48.848+0000] {processor.py:208} INFO - Processing /opt/airflow/dags/dag_rtve_selenium copy.py took 0.227 seconds
[2024-12-04T21:45:19.251+0000] {processor.py:186} INFO - Started process (PID=361) to work on /opt/airflow/dags/dag_rtve_selenium copy.py
[2024-12-04T21:45:19.273+0000] {processor.py:914} INFO - Processing file /opt/airflow/dags/dag_rtve_selenium copy.py for tasks to queue
[2024-12-04T21:45:19.274+0000] {logging_mixin.py:190} INFO - [2024-12-04T21:45:19.274+0000] {dagbag.py:588} INFO - Filling up the DagBag from /opt/airflow/dags/dag_rtve_selenium copy.py
[2024-12-04T21:45:19.389+0000] {processor.py:925} INFO - DAG(s) 'rtve_schedule_scraper' retrieved from /opt/airflow/dags/dag_rtve_selenium copy.py
[2024-12-04T21:45:19.444+0000] {logging_mixin.py:190} INFO - [2024-12-04T21:45:19.444+0000] {dag.py:3239} INFO - Sync 1 DAGs
[2024-12-04T21:45:19.457+0000] {logging_mixin.py:190} INFO - [2024-12-04T21:45:19.456+0000] {dag.py:4180} INFO - Setting next_dagrun for rtve_schedule_scraper to 2024-12-05 08:00:00+00:00, run_after=2024-12-06 08:00:00+00:00
[2024-12-04T21:45:19.466+0000] {processor.py:208} INFO - Processing /opt/airflow/dags/dag_rtve_selenium copy.py took 0.217 seconds
[2024-12-04T21:45:49.890+0000] {processor.py:186} INFO - Started process (PID=371) to work on /opt/airflow/dags/dag_rtve_selenium copy.py
[2024-12-04T21:45:49.891+0000] {processor.py:914} INFO - Processing file /opt/airflow/dags/dag_rtve_selenium copy.py for tasks to queue
[2024-12-04T21:45:49.892+0000] {logging_mixin.py:190} INFO - [2024-12-04T21:45:49.892+0000] {dagbag.py:588} INFO - Filling up the DagBag from /opt/airflow/dags/dag_rtve_selenium copy.py
[2024-12-04T21:45:50.005+0000] {processor.py:925} INFO - DAG(s) 'rtve_schedule_scraper' retrieved from /opt/airflow/dags/dag_rtve_selenium copy.py
[2024-12-04T21:45:50.063+0000] {logging_mixin.py:190} INFO - [2024-12-04T21:45:50.062+0000] {dag.py:3239} INFO - Sync 1 DAGs
[2024-12-04T21:45:50.076+0000] {logging_mixin.py:190} INFO - [2024-12-04T21:45:50.076+0000] {dag.py:4180} INFO - Setting next_dagrun for rtve_schedule_scraper to 2024-12-05 08:00:00+00:00, run_after=2024-12-06 08:00:00+00:00
[2024-12-04T21:45:50.086+0000] {processor.py:208} INFO - Processing /opt/airflow/dags/dag_rtve_selenium copy.py took 0.199 seconds
[2024-12-04T21:46:20.509+0000] {processor.py:186} INFO - Started process (PID=380) to work on /opt/airflow/dags/dag_rtve_selenium copy.py
[2024-12-04T21:46:20.530+0000] {processor.py:914} INFO - Processing file /opt/airflow/dags/dag_rtve_selenium copy.py for tasks to queue
[2024-12-04T21:46:20.532+0000] {logging_mixin.py:190} INFO - [2024-12-04T21:46:20.531+0000] {dagbag.py:588} INFO - Filling up the DagBag from /opt/airflow/dags/dag_rtve_selenium copy.py
[2024-12-04T21:46:20.648+0000] {processor.py:925} INFO - DAG(s) 'rtve_schedule_scraper' retrieved from /opt/airflow/dags/dag_rtve_selenium copy.py
[2024-12-04T21:46:20.704+0000] {logging_mixin.py:190} INFO - [2024-12-04T21:46:20.704+0000] {dag.py:3239} INFO - Sync 1 DAGs
[2024-12-04T21:46:20.717+0000] {logging_mixin.py:190} INFO - [2024-12-04T21:46:20.716+0000] {dag.py:4180} INFO - Setting next_dagrun for rtve_schedule_scraper to 2024-12-05 08:00:00+00:00, run_after=2024-12-06 08:00:00+00:00
[2024-12-04T21:46:20.727+0000] {processor.py:208} INFO - Processing /opt/airflow/dags/dag_rtve_selenium copy.py took 0.222 seconds
[2024-12-04T21:46:51.294+0000] {processor.py:186} INFO - Started process (PID=390) to work on /opt/airflow/dags/dag_rtve_selenium copy.py
[2024-12-04T21:46:51.295+0000] {processor.py:914} INFO - Processing file /opt/airflow/dags/dag_rtve_selenium copy.py for tasks to queue
[2024-12-04T21:46:51.296+0000] {logging_mixin.py:190} INFO - [2024-12-04T21:46:51.296+0000] {dagbag.py:588} INFO - Filling up the DagBag from /opt/airflow/dags/dag_rtve_selenium copy.py
[2024-12-04T21:46:51.416+0000] {processor.py:925} INFO - DAG(s) 'rtve_schedule_scraper' retrieved from /opt/airflow/dags/dag_rtve_selenium copy.py
[2024-12-04T21:46:51.473+0000] {logging_mixin.py:190} INFO - [2024-12-04T21:46:51.473+0000] {dag.py:3239} INFO - Sync 1 DAGs
[2024-12-04T21:46:51.484+0000] {logging_mixin.py:190} INFO - [2024-12-04T21:46:51.484+0000] {dag.py:4180} INFO - Setting next_dagrun for rtve_schedule_scraper to 2024-12-05 08:00:00+00:00, run_after=2024-12-06 08:00:00+00:00
[2024-12-04T21:46:51.493+0000] {processor.py:208} INFO - Processing /opt/airflow/dags/dag_rtve_selenium copy.py took 0.202 seconds
[2024-12-04T21:47:21.741+0000] {processor.py:186} INFO - Started process (PID=400) to work on /opt/airflow/dags/dag_rtve_selenium copy.py
[2024-12-04T21:47:21.755+0000] {processor.py:914} INFO - Processing file /opt/airflow/dags/dag_rtve_selenium copy.py for tasks to queue
[2024-12-04T21:47:21.757+0000] {logging_mixin.py:190} INFO - [2024-12-04T21:47:21.757+0000] {dagbag.py:588} INFO - Filling up the DagBag from /opt/airflow/dags/dag_rtve_selenium copy.py
[2024-12-04T21:47:21.880+0000] {processor.py:925} INFO - DAG(s) 'rtve_schedule_scraper' retrieved from /opt/airflow/dags/dag_rtve_selenium copy.py
[2024-12-04T21:47:21.948+0000] {logging_mixin.py:190} INFO - [2024-12-04T21:47:21.948+0000] {dag.py:3239} INFO - Sync 1 DAGs
[2024-12-04T21:47:21.960+0000] {logging_mixin.py:190} INFO - [2024-12-04T21:47:21.960+0000] {dag.py:4180} INFO - Setting next_dagrun for rtve_schedule_scraper to 2024-12-05 08:00:00+00:00, run_after=2024-12-06 08:00:00+00:00
[2024-12-04T21:47:21.970+0000] {processor.py:208} INFO - Processing /opt/airflow/dags/dag_rtve_selenium copy.py took 0.231 seconds
[2024-12-04T21:47:52.402+0000] {processor.py:186} INFO - Started process (PID=410) to work on /opt/airflow/dags/dag_rtve_selenium copy.py
[2024-12-04T21:47:52.402+0000] {processor.py:914} INFO - Processing file /opt/airflow/dags/dag_rtve_selenium copy.py for tasks to queue
[2024-12-04T21:47:52.403+0000] {logging_mixin.py:190} INFO - [2024-12-04T21:47:52.403+0000] {dagbag.py:588} INFO - Filling up the DagBag from /opt/airflow/dags/dag_rtve_selenium copy.py
[2024-12-04T21:47:52.521+0000] {processor.py:925} INFO - DAG(s) 'rtve_schedule_scraper' retrieved from /opt/airflow/dags/dag_rtve_selenium copy.py
[2024-12-04T21:47:52.578+0000] {logging_mixin.py:190} INFO - [2024-12-04T21:47:52.578+0000] {dag.py:3239} INFO - Sync 1 DAGs
[2024-12-04T21:47:52.591+0000] {logging_mixin.py:190} INFO - [2024-12-04T21:47:52.591+0000] {dag.py:4180} INFO - Setting next_dagrun for rtve_schedule_scraper to 2024-12-05 08:00:00+00:00, run_after=2024-12-06 08:00:00+00:00
[2024-12-04T21:47:52.602+0000] {processor.py:208} INFO - Processing /opt/airflow/dags/dag_rtve_selenium copy.py took 0.204 seconds
[2024-12-04T21:48:23.270+0000] {processor.py:186} INFO - Started process (PID=420) to work on /opt/airflow/dags/dag_rtve_selenium copy.py
[2024-12-04T21:48:23.288+0000] {processor.py:914} INFO - Processing file /opt/airflow/dags/dag_rtve_selenium copy.py for tasks to queue
[2024-12-04T21:48:23.290+0000] {logging_mixin.py:190} INFO - [2024-12-04T21:48:23.290+0000] {dagbag.py:588} INFO - Filling up the DagBag from /opt/airflow/dags/dag_rtve_selenium copy.py
[2024-12-04T21:48:23.418+0000] {processor.py:925} INFO - DAG(s) 'rtve_schedule_scraper' retrieved from /opt/airflow/dags/dag_rtve_selenium copy.py
[2024-12-04T21:48:23.480+0000] {logging_mixin.py:190} INFO - [2024-12-04T21:48:23.480+0000] {dag.py:3239} INFO - Sync 1 DAGs
[2024-12-04T21:48:23.492+0000] {logging_mixin.py:190} INFO - [2024-12-04T21:48:23.492+0000] {dag.py:4180} INFO - Setting next_dagrun for rtve_schedule_scraper to 2024-12-05 08:00:00+00:00, run_after=2024-12-06 08:00:00+00:00
[2024-12-04T21:48:23.502+0000] {processor.py:208} INFO - Processing /opt/airflow/dags/dag_rtve_selenium copy.py took 0.234 seconds
[2024-12-04T21:48:53.898+0000] {processor.py:186} INFO - Started process (PID=430) to work on /opt/airflow/dags/dag_rtve_selenium copy.py
[2024-12-04T21:48:53.917+0000] {processor.py:914} INFO - Processing file /opt/airflow/dags/dag_rtve_selenium copy.py for tasks to queue
[2024-12-04T21:48:53.918+0000] {logging_mixin.py:190} INFO - [2024-12-04T21:48:53.918+0000] {dagbag.py:588} INFO - Filling up the DagBag from /opt/airflow/dags/dag_rtve_selenium copy.py
[2024-12-04T21:48:54.039+0000] {processor.py:925} INFO - DAG(s) 'rtve_schedule_scraper' retrieved from /opt/airflow/dags/dag_rtve_selenium copy.py
[2024-12-04T21:48:54.101+0000] {logging_mixin.py:190} INFO - [2024-12-04T21:48:54.100+0000] {dag.py:3239} INFO - Sync 1 DAGs
[2024-12-04T21:48:54.115+0000] {logging_mixin.py:190} INFO - [2024-12-04T21:48:54.115+0000] {dag.py:4180} INFO - Setting next_dagrun for rtve_schedule_scraper to 2024-12-05 08:00:00+00:00, run_after=2024-12-06 08:00:00+00:00
[2024-12-04T21:48:54.126+0000] {processor.py:208} INFO - Processing /opt/airflow/dags/dag_rtve_selenium copy.py took 0.231 seconds
[2024-12-04T21:49:24.580+0000] {processor.py:186} INFO - Started process (PID=440) to work on /opt/airflow/dags/dag_rtve_selenium copy.py
[2024-12-04T21:49:24.590+0000] {processor.py:914} INFO - Processing file /opt/airflow/dags/dag_rtve_selenium copy.py for tasks to queue
[2024-12-04T21:49:24.591+0000] {logging_mixin.py:190} INFO - [2024-12-04T21:49:24.591+0000] {dagbag.py:588} INFO - Filling up the DagBag from /opt/airflow/dags/dag_rtve_selenium copy.py
[2024-12-04T21:49:24.713+0000] {processor.py:925} INFO - DAG(s) 'rtve_schedule_scraper' retrieved from /opt/airflow/dags/dag_rtve_selenium copy.py
[2024-12-04T21:49:24.771+0000] {logging_mixin.py:190} INFO - [2024-12-04T21:49:24.771+0000] {dag.py:3239} INFO - Sync 1 DAGs
[2024-12-04T21:49:24.783+0000] {logging_mixin.py:190} INFO - [2024-12-04T21:49:24.782+0000] {dag.py:4180} INFO - Setting next_dagrun for rtve_schedule_scraper to 2024-12-05 08:00:00+00:00, run_after=2024-12-06 08:00:00+00:00
[2024-12-04T21:49:24.792+0000] {processor.py:208} INFO - Processing /opt/airflow/dags/dag_rtve_selenium copy.py took 0.215 seconds
[2024-12-04T21:49:55.231+0000] {processor.py:186} INFO - Started process (PID=450) to work on /opt/airflow/dags/dag_rtve_selenium copy.py
[2024-12-04T21:49:55.231+0000] {processor.py:914} INFO - Processing file /opt/airflow/dags/dag_rtve_selenium copy.py for tasks to queue
[2024-12-04T21:49:55.232+0000] {logging_mixin.py:190} INFO - [2024-12-04T21:49:55.232+0000] {dagbag.py:588} INFO - Filling up the DagBag from /opt/airflow/dags/dag_rtve_selenium copy.py
[2024-12-04T21:49:55.348+0000] {processor.py:925} INFO - DAG(s) 'rtve_schedule_scraper' retrieved from /opt/airflow/dags/dag_rtve_selenium copy.py
[2024-12-04T21:49:55.403+0000] {logging_mixin.py:190} INFO - [2024-12-04T21:49:55.403+0000] {dag.py:3239} INFO - Sync 1 DAGs
[2024-12-04T21:49:55.415+0000] {logging_mixin.py:190} INFO - [2024-12-04T21:49:55.415+0000] {dag.py:4180} INFO - Setting next_dagrun for rtve_schedule_scraper to 2024-12-05 08:00:00+00:00, run_after=2024-12-06 08:00:00+00:00
[2024-12-04T21:49:55.427+0000] {processor.py:208} INFO - Processing /opt/airflow/dags/dag_rtve_selenium copy.py took 0.199 seconds
[2024-12-04T21:50:25.844+0000] {processor.py:186} INFO - Started process (PID=460) to work on /opt/airflow/dags/dag_rtve_selenium copy.py
[2024-12-04T21:50:25.858+0000] {processor.py:914} INFO - Processing file /opt/airflow/dags/dag_rtve_selenium copy.py for tasks to queue
[2024-12-04T21:50:25.860+0000] {logging_mixin.py:190} INFO - [2024-12-04T21:50:25.860+0000] {dagbag.py:588} INFO - Filling up the DagBag from /opt/airflow/dags/dag_rtve_selenium copy.py
[2024-12-04T21:50:25.984+0000] {processor.py:925} INFO - DAG(s) 'rtve_schedule_scraper' retrieved from /opt/airflow/dags/dag_rtve_selenium copy.py
[2024-12-04T21:50:26.045+0000] {logging_mixin.py:190} INFO - [2024-12-04T21:50:26.045+0000] {dag.py:3239} INFO - Sync 1 DAGs
[2024-12-04T21:50:26.058+0000] {logging_mixin.py:190} INFO - [2024-12-04T21:50:26.058+0000] {dag.py:4180} INFO - Setting next_dagrun for rtve_schedule_scraper to 2024-12-05 08:00:00+00:00, run_after=2024-12-06 08:00:00+00:00
[2024-12-04T21:50:26.067+0000] {processor.py:208} INFO - Processing /opt/airflow/dags/dag_rtve_selenium copy.py took 0.227 seconds
[2024-12-04T21:50:56.499+0000] {processor.py:186} INFO - Started process (PID=470) to work on /opt/airflow/dags/dag_rtve_selenium copy.py
[2024-12-04T21:50:56.520+0000] {processor.py:914} INFO - Processing file /opt/airflow/dags/dag_rtve_selenium copy.py for tasks to queue
[2024-12-04T21:50:56.521+0000] {logging_mixin.py:190} INFO - [2024-12-04T21:50:56.521+0000] {dagbag.py:588} INFO - Filling up the DagBag from /opt/airflow/dags/dag_rtve_selenium copy.py
[2024-12-04T21:50:56.639+0000] {processor.py:925} INFO - DAG(s) 'rtve_schedule_scraper' retrieved from /opt/airflow/dags/dag_rtve_selenium copy.py
[2024-12-04T21:50:56.695+0000] {logging_mixin.py:190} INFO - [2024-12-04T21:50:56.694+0000] {dag.py:3239} INFO - Sync 1 DAGs
[2024-12-04T21:50:56.707+0000] {logging_mixin.py:190} INFO - [2024-12-04T21:50:56.707+0000] {dag.py:4180} INFO - Setting next_dagrun for rtve_schedule_scraper to 2024-12-05 08:00:00+00:00, run_after=2024-12-06 08:00:00+00:00
[2024-12-04T21:50:56.717+0000] {processor.py:208} INFO - Processing /opt/airflow/dags/dag_rtve_selenium copy.py took 0.222 seconds
[2024-12-04T21:51:27.138+0000] {processor.py:186} INFO - Started process (PID=480) to work on /opt/airflow/dags/dag_rtve_selenium copy.py
[2024-12-04T21:51:27.159+0000] {processor.py:914} INFO - Processing file /opt/airflow/dags/dag_rtve_selenium copy.py for tasks to queue
[2024-12-04T21:51:27.161+0000] {logging_mixin.py:190} INFO - [2024-12-04T21:51:27.161+0000] {dagbag.py:588} INFO - Filling up the DagBag from /opt/airflow/dags/dag_rtve_selenium copy.py
[2024-12-04T21:51:27.276+0000] {processor.py:925} INFO - DAG(s) 'rtve_schedule_scraper' retrieved from /opt/airflow/dags/dag_rtve_selenium copy.py
[2024-12-04T21:51:27.333+0000] {logging_mixin.py:190} INFO - [2024-12-04T21:51:27.332+0000] {dag.py:3239} INFO - Sync 1 DAGs
[2024-12-04T21:51:27.346+0000] {logging_mixin.py:190} INFO - [2024-12-04T21:51:27.345+0000] {dag.py:4180} INFO - Setting next_dagrun for rtve_schedule_scraper to 2024-12-05 08:00:00+00:00, run_after=2024-12-06 08:00:00+00:00
[2024-12-04T21:51:27.355+0000] {processor.py:208} INFO - Processing /opt/airflow/dags/dag_rtve_selenium copy.py took 0.220 seconds
[2024-12-04T21:51:57.917+0000] {processor.py:186} INFO - Started process (PID=489) to work on /opt/airflow/dags/dag_rtve_selenium copy.py
[2024-12-04T21:51:57.932+0000] {processor.py:914} INFO - Processing file /opt/airflow/dags/dag_rtve_selenium copy.py for tasks to queue
[2024-12-04T21:51:57.934+0000] {logging_mixin.py:190} INFO - [2024-12-04T21:51:57.933+0000] {dagbag.py:588} INFO - Filling up the DagBag from /opt/airflow/dags/dag_rtve_selenium copy.py
[2024-12-04T21:51:58.051+0000] {processor.py:925} INFO - DAG(s) 'rtve_schedule_scraper' retrieved from /opt/airflow/dags/dag_rtve_selenium copy.py
[2024-12-04T21:51:58.108+0000] {logging_mixin.py:190} INFO - [2024-12-04T21:51:58.108+0000] {dag.py:3239} INFO - Sync 1 DAGs
[2024-12-04T21:51:58.122+0000] {logging_mixin.py:190} INFO - [2024-12-04T21:51:58.122+0000] {dag.py:4180} INFO - Setting next_dagrun for rtve_schedule_scraper to 2024-12-05 08:00:00+00:00, run_after=2024-12-06 08:00:00+00:00
[2024-12-04T21:51:58.135+0000] {processor.py:208} INFO - Processing /opt/airflow/dags/dag_rtve_selenium copy.py took 0.221 seconds
[2024-12-04T21:52:28.554+0000] {processor.py:186} INFO - Started process (PID=499) to work on /opt/airflow/dags/dag_rtve_selenium copy.py
[2024-12-04T21:52:28.555+0000] {processor.py:914} INFO - Processing file /opt/airflow/dags/dag_rtve_selenium copy.py for tasks to queue
[2024-12-04T21:52:28.556+0000] {logging_mixin.py:190} INFO - [2024-12-04T21:52:28.556+0000] {dagbag.py:588} INFO - Filling up the DagBag from /opt/airflow/dags/dag_rtve_selenium copy.py
[2024-12-04T21:52:28.675+0000] {processor.py:925} INFO - DAG(s) 'rtve_schedule_scraper' retrieved from /opt/airflow/dags/dag_rtve_selenium copy.py
[2024-12-04T21:52:28.734+0000] {logging_mixin.py:190} INFO - [2024-12-04T21:52:28.733+0000] {dag.py:3239} INFO - Sync 1 DAGs
[2024-12-04T21:52:28.745+0000] {logging_mixin.py:190} INFO - [2024-12-04T21:52:28.745+0000] {dag.py:4180} INFO - Setting next_dagrun for rtve_schedule_scraper to 2024-12-05 08:00:00+00:00, run_after=2024-12-06 08:00:00+00:00
[2024-12-04T21:52:28.765+0000] {processor.py:208} INFO - Processing /opt/airflow/dags/dag_rtve_selenium copy.py took 0.214 seconds
[2024-12-04T21:52:59.185+0000] {processor.py:186} INFO - Started process (PID=509) to work on /opt/airflow/dags/dag_rtve_selenium copy.py
[2024-12-04T21:52:59.200+0000] {processor.py:914} INFO - Processing file /opt/airflow/dags/dag_rtve_selenium copy.py for tasks to queue
[2024-12-04T21:52:59.201+0000] {logging_mixin.py:190} INFO - [2024-12-04T21:52:59.201+0000] {dagbag.py:588} INFO - Filling up the DagBag from /opt/airflow/dags/dag_rtve_selenium copy.py
[2024-12-04T21:52:59.324+0000] {processor.py:925} INFO - DAG(s) 'rtve_schedule_scraper' retrieved from /opt/airflow/dags/dag_rtve_selenium copy.py
[2024-12-04T21:52:59.385+0000] {logging_mixin.py:190} INFO - [2024-12-04T21:52:59.385+0000] {dag.py:3239} INFO - Sync 1 DAGs
[2024-12-04T21:52:59.397+0000] {logging_mixin.py:190} INFO - [2024-12-04T21:52:59.397+0000] {dag.py:4180} INFO - Setting next_dagrun for rtve_schedule_scraper to 2024-12-05 08:00:00+00:00, run_after=2024-12-06 08:00:00+00:00
[2024-12-04T21:52:59.416+0000] {processor.py:208} INFO - Processing /opt/airflow/dags/dag_rtve_selenium copy.py took 0.235 seconds
[2024-12-04T21:53:29.813+0000] {processor.py:186} INFO - Started process (PID=519) to work on /opt/airflow/dags/dag_rtve_selenium copy.py
[2024-12-04T21:53:29.829+0000] {processor.py:914} INFO - Processing file /opt/airflow/dags/dag_rtve_selenium copy.py for tasks to queue
[2024-12-04T21:53:29.830+0000] {logging_mixin.py:190} INFO - [2024-12-04T21:53:29.830+0000] {dagbag.py:588} INFO - Filling up the DagBag from /opt/airflow/dags/dag_rtve_selenium copy.py
[2024-12-04T21:53:29.945+0000] {processor.py:925} INFO - DAG(s) 'rtve_schedule_scraper' retrieved from /opt/airflow/dags/dag_rtve_selenium copy.py
[2024-12-04T21:53:30.004+0000] {logging_mixin.py:190} INFO - [2024-12-04T21:53:30.003+0000] {dag.py:3239} INFO - Sync 1 DAGs
[2024-12-04T21:53:30.015+0000] {logging_mixin.py:190} INFO - [2024-12-04T21:53:30.015+0000] {dag.py:4180} INFO - Setting next_dagrun for rtve_schedule_scraper to 2024-12-05 08:00:00+00:00, run_after=2024-12-06 08:00:00+00:00
[2024-12-04T21:53:30.030+0000] {processor.py:208} INFO - Processing /opt/airflow/dags/dag_rtve_selenium copy.py took 0.221 seconds
[2024-12-04T21:54:00.501+0000] {processor.py:186} INFO - Started process (PID=529) to work on /opt/airflow/dags/dag_rtve_selenium copy.py
[2024-12-04T21:54:00.512+0000] {processor.py:914} INFO - Processing file /opt/airflow/dags/dag_rtve_selenium copy.py for tasks to queue
[2024-12-04T21:54:00.514+0000] {logging_mixin.py:190} INFO - [2024-12-04T21:54:00.513+0000] {dagbag.py:588} INFO - Filling up the DagBag from /opt/airflow/dags/dag_rtve_selenium copy.py
[2024-12-04T21:54:00.636+0000] {processor.py:925} INFO - DAG(s) 'rtve_schedule_scraper' retrieved from /opt/airflow/dags/dag_rtve_selenium copy.py
[2024-12-04T21:54:00.693+0000] {logging_mixin.py:190} INFO - [2024-12-04T21:54:00.693+0000] {dag.py:3239} INFO - Sync 1 DAGs
[2024-12-04T21:54:00.707+0000] {logging_mixin.py:190} INFO - [2024-12-04T21:54:00.707+0000] {dag.py:4180} INFO - Setting next_dagrun for rtve_schedule_scraper to 2024-12-05 08:00:00+00:00, run_after=2024-12-06 08:00:00+00:00
[2024-12-04T21:54:00.719+0000] {processor.py:208} INFO - Processing /opt/airflow/dags/dag_rtve_selenium copy.py took 0.222 seconds
[2024-12-04T21:54:31.142+0000] {processor.py:186} INFO - Started process (PID=539) to work on /opt/airflow/dags/dag_rtve_selenium copy.py
[2024-12-04T21:54:31.163+0000] {processor.py:914} INFO - Processing file /opt/airflow/dags/dag_rtve_selenium copy.py for tasks to queue
[2024-12-04T21:54:31.165+0000] {logging_mixin.py:190} INFO - [2024-12-04T21:54:31.165+0000] {dagbag.py:588} INFO - Filling up the DagBag from /opt/airflow/dags/dag_rtve_selenium copy.py
[2024-12-04T21:54:31.289+0000] {processor.py:925} INFO - DAG(s) 'rtve_schedule_scraper' retrieved from /opt/airflow/dags/dag_rtve_selenium copy.py
[2024-12-04T21:54:31.354+0000] {logging_mixin.py:190} INFO - [2024-12-04T21:54:31.354+0000] {dag.py:3239} INFO - Sync 1 DAGs
[2024-12-04T21:54:31.367+0000] {logging_mixin.py:190} INFO - [2024-12-04T21:54:31.367+0000] {dag.py:4180} INFO - Setting next_dagrun for rtve_schedule_scraper to 2024-12-05 08:00:00+00:00, run_after=2024-12-06 08:00:00+00:00
[2024-12-04T21:54:31.384+0000] {processor.py:208} INFO - Processing /opt/airflow/dags/dag_rtve_selenium copy.py took 0.246 seconds
[2024-12-04T21:55:01.799+0000] {processor.py:186} INFO - Started process (PID=549) to work on /opt/airflow/dags/dag_rtve_selenium copy.py
[2024-12-04T21:55:01.815+0000] {processor.py:914} INFO - Processing file /opt/airflow/dags/dag_rtve_selenium copy.py for tasks to queue
[2024-12-04T21:55:01.816+0000] {logging_mixin.py:190} INFO - [2024-12-04T21:55:01.816+0000] {dagbag.py:588} INFO - Filling up the DagBag from /opt/airflow/dags/dag_rtve_selenium copy.py
[2024-12-04T21:55:01.935+0000] {processor.py:925} INFO - DAG(s) 'rtve_schedule_scraper' retrieved from /opt/airflow/dags/dag_rtve_selenium copy.py
[2024-12-04T21:55:01.993+0000] {logging_mixin.py:190} INFO - [2024-12-04T21:55:01.993+0000] {dag.py:3239} INFO - Sync 1 DAGs
[2024-12-04T21:55:02.006+0000] {logging_mixin.py:190} INFO - [2024-12-04T21:55:02.006+0000] {dag.py:4180} INFO - Setting next_dagrun for rtve_schedule_scraper to 2024-12-05 08:00:00+00:00, run_after=2024-12-06 08:00:00+00:00
[2024-12-04T21:55:02.016+0000] {processor.py:208} INFO - Processing /opt/airflow/dags/dag_rtve_selenium copy.py took 0.220 seconds
[2024-12-04T21:55:32.417+0000] {processor.py:186} INFO - Started process (PID=559) to work on /opt/airflow/dags/dag_rtve_selenium copy.py
[2024-12-04T21:55:32.432+0000] {processor.py:914} INFO - Processing file /opt/airflow/dags/dag_rtve_selenium copy.py for tasks to queue
[2024-12-04T21:55:32.434+0000] {logging_mixin.py:190} INFO - [2024-12-04T21:55:32.434+0000] {dagbag.py:588} INFO - Filling up the DagBag from /opt/airflow/dags/dag_rtve_selenium copy.py
[2024-12-04T21:55:32.549+0000] {processor.py:925} INFO - DAG(s) 'rtve_schedule_scraper' retrieved from /opt/airflow/dags/dag_rtve_selenium copy.py
[2024-12-04T21:55:32.606+0000] {logging_mixin.py:190} INFO - [2024-12-04T21:55:32.605+0000] {dag.py:3239} INFO - Sync 1 DAGs
[2024-12-04T21:55:32.617+0000] {logging_mixin.py:190} INFO - [2024-12-04T21:55:32.617+0000] {dag.py:4180} INFO - Setting next_dagrun for rtve_schedule_scraper to 2024-12-05 08:00:00+00:00, run_after=2024-12-06 08:00:00+00:00
[2024-12-04T21:55:32.626+0000] {processor.py:208} INFO - Processing /opt/airflow/dags/dag_rtve_selenium copy.py took 0.213 seconds
[2024-12-04T21:56:03.062+0000] {processor.py:186} INFO - Started process (PID=569) to work on /opt/airflow/dags/dag_rtve_selenium copy.py
[2024-12-04T21:56:03.083+0000] {processor.py:914} INFO - Processing file /opt/airflow/dags/dag_rtve_selenium copy.py for tasks to queue
[2024-12-04T21:56:03.084+0000] {logging_mixin.py:190} INFO - [2024-12-04T21:56:03.084+0000] {dagbag.py:588} INFO - Filling up the DagBag from /opt/airflow/dags/dag_rtve_selenium copy.py
[2024-12-04T21:56:03.205+0000] {processor.py:925} INFO - DAG(s) 'rtve_schedule_scraper' retrieved from /opt/airflow/dags/dag_rtve_selenium copy.py
[2024-12-04T21:56:03.263+0000] {logging_mixin.py:190} INFO - [2024-12-04T21:56:03.263+0000] {dag.py:3239} INFO - Sync 1 DAGs
[2024-12-04T21:56:03.275+0000] {logging_mixin.py:190} INFO - [2024-12-04T21:56:03.275+0000] {dag.py:4180} INFO - Setting next_dagrun for rtve_schedule_scraper to 2024-12-05 08:00:00+00:00, run_after=2024-12-06 08:00:00+00:00
[2024-12-04T21:56:03.286+0000] {processor.py:208} INFO - Processing /opt/airflow/dags/dag_rtve_selenium copy.py took 0.228 seconds
[2024-12-04T21:56:33.416+0000] {processor.py:186} INFO - Started process (PID=581) to work on /opt/airflow/dags/dag_rtve_selenium copy.py
[2024-12-04T21:56:33.435+0000] {processor.py:914} INFO - Processing file /opt/airflow/dags/dag_rtve_selenium copy.py for tasks to queue
[2024-12-04T21:56:33.437+0000] {logging_mixin.py:190} INFO - [2024-12-04T21:56:33.436+0000] {dagbag.py:588} INFO - Filling up the DagBag from /opt/airflow/dags/dag_rtve_selenium copy.py
[2024-12-04T21:56:33.566+0000] {processor.py:925} INFO - DAG(s) 'rtve_schedule_scraper' retrieved from /opt/airflow/dags/dag_rtve_selenium copy.py
[2024-12-04T21:56:33.623+0000] {logging_mixin.py:190} INFO - [2024-12-04T21:56:33.623+0000] {dag.py:3239} INFO - Sync 1 DAGs
[2024-12-04T21:56:33.634+0000] {logging_mixin.py:190} INFO - [2024-12-04T21:56:33.634+0000] {dag.py:4180} INFO - Setting next_dagrun for rtve_schedule_scraper to 2024-12-05 08:00:00+00:00, run_after=2024-12-06 08:00:00+00:00
[2024-12-04T21:56:33.644+0000] {processor.py:208} INFO - Processing /opt/airflow/dags/dag_rtve_selenium copy.py took 0.232 seconds
[2024-12-04T21:57:03.694+0000] {processor.py:186} INFO - Started process (PID=592) to work on /opt/airflow/dags/dag_rtve_selenium copy.py
[2024-12-04T21:57:03.695+0000] {processor.py:914} INFO - Processing file /opt/airflow/dags/dag_rtve_selenium copy.py for tasks to queue
[2024-12-04T21:57:03.696+0000] {logging_mixin.py:190} INFO - [2024-12-04T21:57:03.696+0000] {dagbag.py:588} INFO - Filling up the DagBag from /opt/airflow/dags/dag_rtve_selenium copy.py
[2024-12-04T21:57:03.821+0000] {processor.py:925} INFO - DAG(s) 'rtve_schedule_scraper' retrieved from /opt/airflow/dags/dag_rtve_selenium copy.py
[2024-12-04T21:57:03.879+0000] {logging_mixin.py:190} INFO - [2024-12-04T21:57:03.878+0000] {dag.py:3239} INFO - Sync 1 DAGs
[2024-12-04T21:57:03.891+0000] {logging_mixin.py:190} INFO - [2024-12-04T21:57:03.891+0000] {dag.py:4180} INFO - Setting next_dagrun for rtve_schedule_scraper to 2024-12-05 08:00:00+00:00, run_after=2024-12-06 08:00:00+00:00
[2024-12-04T21:57:03.902+0000] {processor.py:208} INFO - Processing /opt/airflow/dags/dag_rtve_selenium copy.py took 0.212 seconds
[2024-12-04T21:57:34.707+0000] {processor.py:186} INFO - Started process (PID=610) to work on /opt/airflow/dags/dag_rtve_selenium copy.py
[2024-12-04T21:57:34.707+0000] {processor.py:914} INFO - Processing file /opt/airflow/dags/dag_rtve_selenium copy.py for tasks to queue
[2024-12-04T21:57:34.709+0000] {logging_mixin.py:190} INFO - [2024-12-04T21:57:34.708+0000] {dagbag.py:588} INFO - Filling up the DagBag from /opt/airflow/dags/dag_rtve_selenium copy.py
[2024-12-04T21:57:34.831+0000] {processor.py:925} INFO - DAG(s) 'rtve_schedule_scraper' retrieved from /opt/airflow/dags/dag_rtve_selenium copy.py
[2024-12-04T21:57:34.888+0000] {logging_mixin.py:190} INFO - [2024-12-04T21:57:34.888+0000] {dag.py:3239} INFO - Sync 1 DAGs
[2024-12-04T21:57:34.900+0000] {logging_mixin.py:190} INFO - [2024-12-04T21:57:34.899+0000] {dag.py:4180} INFO - Setting next_dagrun for rtve_schedule_scraper to 2024-12-05 08:00:00+00:00, run_after=2024-12-06 08:00:00+00:00
[2024-12-04T21:57:34.909+0000] {processor.py:208} INFO - Processing /opt/airflow/dags/dag_rtve_selenium copy.py took 0.206 seconds
[2024-12-04T21:58:05.312+0000] {processor.py:186} INFO - Started process (PID=621) to work on /opt/airflow/dags/dag_rtve_selenium copy.py
[2024-12-04T21:58:05.312+0000] {processor.py:914} INFO - Processing file /opt/airflow/dags/dag_rtve_selenium copy.py for tasks to queue
[2024-12-04T21:58:05.314+0000] {logging_mixin.py:190} INFO - [2024-12-04T21:58:05.314+0000] {dagbag.py:588} INFO - Filling up the DagBag from /opt/airflow/dags/dag_rtve_selenium copy.py
[2024-12-04T21:58:05.437+0000] {processor.py:925} INFO - DAG(s) 'rtve_schedule_scraper' retrieved from /opt/airflow/dags/dag_rtve_selenium copy.py
[2024-12-04T21:58:05.492+0000] {logging_mixin.py:190} INFO - [2024-12-04T21:58:05.492+0000] {dag.py:3239} INFO - Sync 1 DAGs
[2024-12-04T21:58:05.504+0000] {logging_mixin.py:190} INFO - [2024-12-04T21:58:05.504+0000] {dag.py:4180} INFO - Setting next_dagrun for rtve_schedule_scraper to 2024-12-05 08:00:00+00:00, run_after=2024-12-06 08:00:00+00:00
[2024-12-04T21:58:05.514+0000] {processor.py:208} INFO - Processing /opt/airflow/dags/dag_rtve_selenium copy.py took 0.206 seconds
[2024-12-04T21:58:35.937+0000] {processor.py:186} INFO - Started process (PID=632) to work on /opt/airflow/dags/dag_rtve_selenium copy.py
[2024-12-04T21:58:35.938+0000] {processor.py:914} INFO - Processing file /opt/airflow/dags/dag_rtve_selenium copy.py for tasks to queue
[2024-12-04T21:58:35.939+0000] {logging_mixin.py:190} INFO - [2024-12-04T21:58:35.939+0000] {dagbag.py:588} INFO - Filling up the DagBag from /opt/airflow/dags/dag_rtve_selenium copy.py
[2024-12-04T21:58:36.062+0000] {processor.py:925} INFO - DAG(s) 'rtve_schedule_scraper' retrieved from /opt/airflow/dags/dag_rtve_selenium copy.py
[2024-12-04T21:58:36.119+0000] {logging_mixin.py:190} INFO - [2024-12-04T21:58:36.119+0000] {dag.py:3239} INFO - Sync 1 DAGs
[2024-12-04T21:58:36.130+0000] {logging_mixin.py:190} INFO - [2024-12-04T21:58:36.130+0000] {dag.py:4180} INFO - Setting next_dagrun for rtve_schedule_scraper to 2024-12-05 08:00:00+00:00, run_after=2024-12-06 08:00:00+00:00
[2024-12-04T21:58:36.142+0000] {processor.py:208} INFO - Processing /opt/airflow/dags/dag_rtve_selenium copy.py took 0.208 seconds
[2024-12-04T21:59:06.548+0000] {processor.py:186} INFO - Started process (PID=643) to work on /opt/airflow/dags/dag_rtve_selenium copy.py
[2024-12-04T21:59:06.549+0000] {processor.py:914} INFO - Processing file /opt/airflow/dags/dag_rtve_selenium copy.py for tasks to queue
[2024-12-04T21:59:06.550+0000] {logging_mixin.py:190} INFO - [2024-12-04T21:59:06.550+0000] {dagbag.py:588} INFO - Filling up the DagBag from /opt/airflow/dags/dag_rtve_selenium copy.py
[2024-12-04T21:59:06.675+0000] {processor.py:925} INFO - DAG(s) 'rtve_schedule_scraper' retrieved from /opt/airflow/dags/dag_rtve_selenium copy.py
[2024-12-04T21:59:06.731+0000] {logging_mixin.py:190} INFO - [2024-12-04T21:59:06.730+0000] {dag.py:3239} INFO - Sync 1 DAGs
[2024-12-04T21:59:06.742+0000] {logging_mixin.py:190} INFO - [2024-12-04T21:59:06.742+0000] {dag.py:4180} INFO - Setting next_dagrun for rtve_schedule_scraper to 2024-12-05 08:00:00+00:00, run_after=2024-12-06 08:00:00+00:00
[2024-12-04T21:59:06.753+0000] {processor.py:208} INFO - Processing /opt/airflow/dags/dag_rtve_selenium copy.py took 0.209 seconds
[2024-12-04T21:59:37.151+0000] {processor.py:186} INFO - Started process (PID=654) to work on /opt/airflow/dags/dag_rtve_selenium copy.py
[2024-12-04T21:59:37.151+0000] {processor.py:914} INFO - Processing file /opt/airflow/dags/dag_rtve_selenium copy.py for tasks to queue
[2024-12-04T21:59:37.153+0000] {logging_mixin.py:190} INFO - [2024-12-04T21:59:37.153+0000] {dagbag.py:588} INFO - Filling up the DagBag from /opt/airflow/dags/dag_rtve_selenium copy.py
[2024-12-04T21:59:37.274+0000] {processor.py:925} INFO - DAG(s) 'rtve_schedule_scraper' retrieved from /opt/airflow/dags/dag_rtve_selenium copy.py
[2024-12-04T21:59:37.336+0000] {logging_mixin.py:190} INFO - [2024-12-04T21:59:37.335+0000] {dag.py:3239} INFO - Sync 1 DAGs
[2024-12-04T21:59:37.349+0000] {logging_mixin.py:190} INFO - [2024-12-04T21:59:37.349+0000] {dag.py:4180} INFO - Setting next_dagrun for rtve_schedule_scraper to 2024-12-05 08:00:00+00:00, run_after=2024-12-06 08:00:00+00:00
[2024-12-04T21:59:37.359+0000] {processor.py:208} INFO - Processing /opt/airflow/dags/dag_rtve_selenium copy.py took 0.212 seconds
