[2024-12-06T19:53:03.955+0000] {local_task_job_runner.py:123} INFO - ::group::Pre task execution logs
[2024-12-06T19:53:03.964+0000] {taskinstance.py:2613} INFO - Dependencies all met for dep_context=non-requeueable deps ti=<TaskInstance: mediaset_schedule_scraper.PushAllInOne manual__2024-12-06T19:52:20.498039+00:00 [queued]>
[2024-12-06T19:53:03.970+0000] {taskinstance.py:2613} INFO - Dependencies all met for dep_context=requeueable deps ti=<TaskInstance: mediaset_schedule_scraper.PushAllInOne manual__2024-12-06T19:52:20.498039+00:00 [queued]>
[2024-12-06T19:53:03.970+0000] {taskinstance.py:2866} INFO - Starting attempt 1 of 5
[2024-12-06T19:53:03.977+0000] {taskinstance.py:2889} INFO - Executing <Task(_PythonDecoratedOperator): PushAllInOne> on 2024-12-06 19:52:20.498039+00:00
[2024-12-06T19:53:03.981+0000] {warnings.py:112} WARNING - /home/***/.local/lib/python3.12/site-packages/***/task/task_runner/standard_task_runner.py:70: DeprecationWarning: This process (pid=2463) is multi-threaded, use of fork() may lead to deadlocks in the child.
  pid = os.fork()

[2024-12-06T19:53:03.982+0000] {standard_task_runner.py:72} INFO - Started process 2464 to run task
[2024-12-06T19:53:03.983+0000] {standard_task_runner.py:104} INFO - Running: ['***', 'tasks', 'run', 'mediaset_schedule_scraper', 'PushAllInOne', 'manual__2024-12-06T19:52:20.498039+00:00', '--job-id', '1983', '--raw', '--subdir', 'DAGS_FOLDER/dag_mediaset.py', '--cfg-path', '/tmp/tmpyh7gjl3i']
[2024-12-06T19:53:03.984+0000] {standard_task_runner.py:105} INFO - Job 1983: Subtask PushAllInOne
[2024-12-06T19:53:04.008+0000] {task_command.py:467} INFO - Running <TaskInstance: mediaset_schedule_scraper.PushAllInOne manual__2024-12-06T19:52:20.498039+00:00 [running]> on host b605548c7b8b
[2024-12-06T19:53:04.045+0000] {taskinstance.py:3132} INFO - Exporting env vars: AIRFLOW_CTX_DAG_OWNER='***' AIRFLOW_CTX_DAG_ID='mediaset_schedule_scraper' AIRFLOW_CTX_TASK_ID='PushAllInOne' AIRFLOW_CTX_EXECUTION_DATE='2024-12-06T19:52:20.498039+00:00' AIRFLOW_CTX_TRY_NUMBER='1' AIRFLOW_CTX_DAG_RUN_ID='manual__2024-12-06T19:52:20.498039+00:00'
[2024-12-06T19:53:04.045+0000] {taskinstance.py:731} INFO - ::endgroup::
[2024-12-06T19:53:06.367+0000] {logging_mixin.py:190} INFO - Archivo actualizado correctamente.
[2024-12-06T19:53:06.368+0000] {python.py:240} INFO - Done. Returned value was: None
[2024-12-06T19:53:06.374+0000] {taskinstance.py:340} INFO - ::group::Post task execution logs
[2024-12-06T19:53:06.374+0000] {taskinstance.py:352} INFO - Marking task as SUCCESS. dag_id=mediaset_schedule_scraper, task_id=PushAllInOne, run_id=manual__2024-12-06T19:52:20.498039+00:00, execution_date=20241206T195220, start_date=20241206T195303, end_date=20241206T195306
[2024-12-06T19:53:06.402+0000] {local_task_job_runner.py:266} INFO - Task exited with return code 0
[2024-12-06T19:53:06.411+0000] {taskinstance.py:3895} INFO - 0 downstream tasks scheduled from follow-on schedule check
[2024-12-06T19:53:06.412+0000] {local_task_job_runner.py:245} INFO - ::endgroup::
