[2024-12-02T22:45:46.261+0000] {local_task_job_runner.py:123} INFO - ::group::Pre task execution logs
[2024-12-02T22:45:46.271+0000] {taskinstance.py:2613} INFO - Dependencies all met for dep_context=non-requeueable deps ti=<TaskInstance: rtve_schedule_scraper.scrape_rtve_schedule manual__2024-12-02T22:45:44.988853+00:00 [queued]>
[2024-12-02T22:45:46.276+0000] {taskinstance.py:2613} INFO - Dependencies all met for dep_context=requeueable deps ti=<TaskInstance: rtve_schedule_scraper.scrape_rtve_schedule manual__2024-12-02T22:45:44.988853+00:00 [queued]>
[2024-12-02T22:45:46.276+0000] {taskinstance.py:2866} INFO - Starting attempt 1 of 2
[2024-12-02T22:45:46.283+0000] {taskinstance.py:2889} INFO - Executing <Task(PythonOperator): scrape_rtve_schedule> on 2024-12-02 22:45:44.988853+00:00
[2024-12-02T22:45:46.287+0000] {warnings.py:112} WARNING - /home/***/.local/lib/python3.12/site-packages/***/task/task_runner/standard_task_runner.py:70: DeprecationWarning: This process (pid=1432) is multi-threaded, use of fork() may lead to deadlocks in the child.
  pid = os.fork()

[2024-12-02T22:45:46.288+0000] {standard_task_runner.py:72} INFO - Started process 1433 to run task
[2024-12-02T22:45:46.288+0000] {standard_task_runner.py:104} INFO - Running: ['***', 'tasks', 'run', 'rtve_schedule_scraper', 'scrape_rtve_schedule', 'manual__2024-12-02T22:45:44.988853+00:00', '--job-id', '394', '--raw', '--subdir', 'DAGS_FOLDER/dag_rtve.py', '--cfg-path', '/tmp/tmpqnae9ruj']
[2024-12-02T22:45:46.290+0000] {standard_task_runner.py:105} INFO - Job 394: Subtask scrape_rtve_schedule
[2024-12-02T22:45:46.314+0000] {task_command.py:467} INFO - Running <TaskInstance: rtve_schedule_scraper.scrape_rtve_schedule manual__2024-12-02T22:45:44.988853+00:00 [running]> on host d88abb179e8d
[2024-12-02T22:45:46.356+0000] {taskinstance.py:3132} INFO - Exporting env vars: AIRFLOW_CTX_DAG_OWNER='***' AIRFLOW_CTX_DAG_ID='rtve_schedule_scraper' AIRFLOW_CTX_TASK_ID='scrape_rtve_schedule' AIRFLOW_CTX_EXECUTION_DATE='2024-12-02T22:45:44.988853+00:00' AIRFLOW_CTX_TRY_NUMBER='1' AIRFLOW_CTX_DAG_RUN_ID='manual__2024-12-02T22:45:44.988853+00:00'
[2024-12-02T22:45:46.357+0000] {taskinstance.py:731} INFO - ::endgroup::
[2024-12-02T22:45:52.764+0000] {logging_mixin.py:190} INFO - Archivo actualizado correctamente. {'commit': Commit(sha="cfebb483fbb4be244414ce7158bb31d72c4f7348"), 'content': ContentFile(path="channels/La 1.xml")}
[2024-12-02T22:45:52.765+0000] {logging_mixin.py:190} INFO - Escrito el xmltv del canal "La 1"
[2024-12-02T22:45:54.914+0000] {logging_mixin.py:190} INFO - Archivo actualizado correctamente. {'commit': Commit(sha="68727c5085ff9178a0b259db6b1413cd446e300d"), 'content': ContentFile(path="channels/La 2.xml")}
[2024-12-02T22:45:54.914+0000] {logging_mixin.py:190} INFO - Escrito el xmltv del canal "La 2"
[2024-12-02T22:45:56.824+0000] {logging_mixin.py:190} INFO - Archivo actualizado correctamente. {'commit': Commit(sha="d17a9658f0301e8de0ec9645fda997d013ef93e2"), 'content': ContentFile(path="channels/Teledeporte.xml")}
[2024-12-02T22:45:56.825+0000] {logging_mixin.py:190} INFO - Escrito el xmltv del canal "Teledeporte"
[2024-12-02T22:45:58.809+0000] {logging_mixin.py:190} INFO - Archivo actualizado correctamente. {'commit': Commit(sha="1bc9379c5d3154f41c6308555a34d1b5182b886a"), 'content': ContentFile(path="channels/24 horas.xml")}
[2024-12-02T22:45:58.810+0000] {logging_mixin.py:190} INFO - Escrito el xmltv del canal "24 horas"
[2024-12-02T22:46:00.983+0000] {logging_mixin.py:190} INFO - Archivo actualizado correctamente. {'commit': Commit(sha="221632f9873141aba542daf8281496b03f4337c8"), 'content': ContentFile(path="channels/Clan.xml")}
[2024-12-02T22:46:00.983+0000] {logging_mixin.py:190} INFO - Escrito el xmltv del canal "Clan"
[2024-12-02T22:46:01.062+0000] {python.py:240} INFO - Done. Returned value was: None
[2024-12-02T22:46:01.068+0000] {taskinstance.py:340} INFO - ::group::Post task execution logs
[2024-12-02T22:46:01.069+0000] {taskinstance.py:352} INFO - Marking task as SUCCESS. dag_id=rtve_schedule_scraper, task_id=scrape_rtve_schedule, run_id=manual__2024-12-02T22:45:44.988853+00:00, execution_date=20241202T224544, start_date=20241202T224546, end_date=20241202T224601
[2024-12-02T22:46:01.110+0000] {local_task_job_runner.py:266} INFO - Task exited with return code 0
[2024-12-02T22:46:01.117+0000] {taskinstance.py:3895} INFO - 0 downstream tasks scheduled from follow-on schedule check
[2024-12-02T22:46:01.118+0000] {local_task_job_runner.py:245} INFO - ::endgroup::
