[2024-12-06T16:53:02.472+0000] {processor.py:186} INFO - Started process (PID=406) to work on /opt/airflow/dags/dag_atresmedia copy.py
[2024-12-06T16:53:02.472+0000] {processor.py:914} INFO - Processing file /opt/airflow/dags/dag_atresmedia copy.py for tasks to queue
[2024-12-06T16:53:02.474+0000] {logging_mixin.py:190} INFO - [2024-12-06T16:53:02.474+0000] {dagbag.py:588} INFO - Filling up the DagBag from /opt/airflow/dags/dag_atresmedia copy.py
[2024-12-06T16:53:02.480+0000] {logging_mixin.py:190} INFO - [2024-12-06T16:53:02.479+0000] {dagbag.py:387} ERROR - Failed to import: /opt/airflow/dags/dag_atresmedia copy.py
Traceback (most recent call last):
  File "/home/airflow/.local/lib/python3.12/site-packages/airflow/models/dagbag.py", line 383, in parse
    loader.exec_module(new_module)
  File "<frozen importlib._bootstrap_external>", line 991, in exec_module
  File "<frozen importlib._bootstrap_external>", line 1129, in get_code
  File "<frozen importlib._bootstrap_external>", line 1059, in source_to_code
  File "<frozen importlib._bootstrap>", line 488, in _call_with_frames_removed
  File "/opt/airflow/dags/dag_atresmedia copy.py", line 37
    def scrape_a3media_task()
                             ^
SyntaxError: expected ':'
[2024-12-06T16:53:02.649+0000] {processor.py:927} WARNING - No viable dags retrieved from /opt/airflow/dags/dag_atresmedia copy.py
[2024-12-06T16:53:02.662+0000] {processor.py:208} INFO - Processing /opt/airflow/dags/dag_atresmedia copy.py took 0.193 seconds
[2024-12-06T16:53:32.959+0000] {processor.py:186} INFO - Started process (PID=418) to work on /opt/airflow/dags/dag_atresmedia copy.py
[2024-12-06T16:53:32.960+0000] {processor.py:914} INFO - Processing file /opt/airflow/dags/dag_atresmedia copy.py for tasks to queue
[2024-12-06T16:53:32.961+0000] {logging_mixin.py:190} INFO - [2024-12-06T16:53:32.961+0000] {dagbag.py:588} INFO - Filling up the DagBag from /opt/airflow/dags/dag_atresmedia copy.py
[2024-12-06T16:53:32.967+0000] {logging_mixin.py:190} INFO - [2024-12-06T16:53:32.967+0000] {dagbag.py:387} ERROR - Failed to import: /opt/airflow/dags/dag_atresmedia copy.py
Traceback (most recent call last):
  File "/home/airflow/.local/lib/python3.12/site-packages/airflow/models/dagbag.py", line 383, in parse
    loader.exec_module(new_module)
  File "<frozen importlib._bootstrap_external>", line 991, in exec_module
  File "<frozen importlib._bootstrap_external>", line 1129, in get_code
  File "<frozen importlib._bootstrap_external>", line 1059, in source_to_code
  File "<frozen importlib._bootstrap>", line 488, in _call_with_frames_removed
  File "/opt/airflow/dags/dag_atresmedia copy.py", line 37
    def scrape_a3media_task()
                             ^
SyntaxError: expected ':'
[2024-12-06T16:53:32.968+0000] {processor.py:927} WARNING - No viable dags retrieved from /opt/airflow/dags/dag_atresmedia copy.py
[2024-12-06T16:53:32.977+0000] {processor.py:208} INFO - Processing /opt/airflow/dags/dag_atresmedia copy.py took 0.022 seconds
[2024-12-06T16:54:03.429+0000] {processor.py:186} INFO - Started process (PID=430) to work on /opt/airflow/dags/dag_atresmedia copy.py
[2024-12-06T16:54:03.430+0000] {processor.py:914} INFO - Processing file /opt/airflow/dags/dag_atresmedia copy.py for tasks to queue
[2024-12-06T16:54:03.431+0000] {logging_mixin.py:190} INFO - [2024-12-06T16:54:03.431+0000] {dagbag.py:588} INFO - Filling up the DagBag from /opt/airflow/dags/dag_atresmedia copy.py
[2024-12-06T16:54:03.439+0000] {logging_mixin.py:190} INFO - [2024-12-06T16:54:03.438+0000] {dagbag.py:387} ERROR - Failed to import: /opt/airflow/dags/dag_atresmedia copy.py
Traceback (most recent call last):
  File "/home/airflow/.local/lib/python3.12/site-packages/airflow/models/dagbag.py", line 383, in parse
    loader.exec_module(new_module)
  File "<frozen importlib._bootstrap_external>", line 991, in exec_module
  File "<frozen importlib._bootstrap_external>", line 1129, in get_code
  File "<frozen importlib._bootstrap_external>", line 1059, in source_to_code
  File "<frozen importlib._bootstrap>", line 488, in _call_with_frames_removed
  File "/opt/airflow/dags/dag_atresmedia copy.py", line 37
    def scrape_a3media_task()
                             ^
SyntaxError: expected ':'
[2024-12-06T16:54:03.439+0000] {processor.py:927} WARNING - No viable dags retrieved from /opt/airflow/dags/dag_atresmedia copy.py
[2024-12-06T16:54:03.450+0000] {processor.py:208} INFO - Processing /opt/airflow/dags/dag_atresmedia copy.py took 0.025 seconds
[2024-12-06T16:54:19.814+0000] {processor.py:186} INFO - Started process (PID=435) to work on /opt/airflow/dags/dag_atresmedia copy.py
[2024-12-06T16:54:19.814+0000] {processor.py:914} INFO - Processing file /opt/airflow/dags/dag_atresmedia copy.py for tasks to queue
[2024-12-06T16:54:19.816+0000] {logging_mixin.py:190} INFO - [2024-12-06T16:54:19.816+0000] {dagbag.py:588} INFO - Filling up the DagBag from /opt/airflow/dags/dag_atresmedia copy.py
[2024-12-06T16:54:19.920+0000] {processor.py:927} WARNING - No viable dags retrieved from /opt/airflow/dags/dag_atresmedia copy.py
[2024-12-06T16:54:19.927+0000] {processor.py:208} INFO - Processing /opt/airflow/dags/dag_atresmedia copy.py took 0.117 seconds
[2024-12-06T16:54:50.275+0000] {processor.py:186} INFO - Started process (PID=447) to work on /opt/airflow/dags/dag_atresmedia copy.py
[2024-12-06T16:54:50.276+0000] {processor.py:914} INFO - Processing file /opt/airflow/dags/dag_atresmedia copy.py for tasks to queue
[2024-12-06T16:54:50.277+0000] {logging_mixin.py:190} INFO - [2024-12-06T16:54:50.277+0000] {dagbag.py:588} INFO - Filling up the DagBag from /opt/airflow/dags/dag_atresmedia copy.py
[2024-12-06T16:54:50.383+0000] {processor.py:927} WARNING - No viable dags retrieved from /opt/airflow/dags/dag_atresmedia copy.py
[2024-12-06T16:54:50.390+0000] {processor.py:208} INFO - Processing /opt/airflow/dags/dag_atresmedia copy.py took 0.119 seconds
[2024-12-06T16:55:20.759+0000] {processor.py:186} INFO - Started process (PID=459) to work on /opt/airflow/dags/dag_atresmedia copy.py
[2024-12-06T16:55:20.760+0000] {processor.py:914} INFO - Processing file /opt/airflow/dags/dag_atresmedia copy.py for tasks to queue
[2024-12-06T16:55:20.761+0000] {logging_mixin.py:190} INFO - [2024-12-06T16:55:20.761+0000] {dagbag.py:588} INFO - Filling up the DagBag from /opt/airflow/dags/dag_atresmedia copy.py
[2024-12-06T16:55:20.865+0000] {processor.py:927} WARNING - No viable dags retrieved from /opt/airflow/dags/dag_atresmedia copy.py
[2024-12-06T16:55:20.872+0000] {processor.py:208} INFO - Processing /opt/airflow/dags/dag_atresmedia copy.py took 0.117 seconds
[2024-12-06T16:55:51.231+0000] {processor.py:186} INFO - Started process (PID=471) to work on /opt/airflow/dags/dag_atresmedia copy.py
[2024-12-06T16:55:51.232+0000] {processor.py:914} INFO - Processing file /opt/airflow/dags/dag_atresmedia copy.py for tasks to queue
[2024-12-06T16:55:51.233+0000] {logging_mixin.py:190} INFO - [2024-12-06T16:55:51.233+0000] {dagbag.py:588} INFO - Filling up the DagBag from /opt/airflow/dags/dag_atresmedia copy.py
[2024-12-06T16:55:51.333+0000] {processor.py:927} WARNING - No viable dags retrieved from /opt/airflow/dags/dag_atresmedia copy.py
[2024-12-06T16:55:51.340+0000] {processor.py:208} INFO - Processing /opt/airflow/dags/dag_atresmedia copy.py took 0.113 seconds
[2024-12-06T16:56:21.734+0000] {processor.py:186} INFO - Started process (PID=483) to work on /opt/airflow/dags/dag_atresmedia copy.py
[2024-12-06T16:56:21.735+0000] {processor.py:914} INFO - Processing file /opt/airflow/dags/dag_atresmedia copy.py for tasks to queue
[2024-12-06T16:56:21.736+0000] {logging_mixin.py:190} INFO - [2024-12-06T16:56:21.736+0000] {dagbag.py:588} INFO - Filling up the DagBag from /opt/airflow/dags/dag_atresmedia copy.py
[2024-12-06T16:56:21.841+0000] {processor.py:927} WARNING - No viable dags retrieved from /opt/airflow/dags/dag_atresmedia copy.py
[2024-12-06T16:56:21.848+0000] {processor.py:208} INFO - Processing /opt/airflow/dags/dag_atresmedia copy.py took 0.117 seconds
[2024-12-06T16:56:49.075+0000] {processor.py:186} INFO - Started process (PID=494) to work on /opt/airflow/dags/dag_atresmedia copy.py
[2024-12-06T16:56:49.076+0000] {processor.py:914} INFO - Processing file /opt/airflow/dags/dag_atresmedia copy.py for tasks to queue
[2024-12-06T16:56:49.077+0000] {logging_mixin.py:190} INFO - [2024-12-06T16:56:49.077+0000] {dagbag.py:588} INFO - Filling up the DagBag from /opt/airflow/dags/dag_atresmedia copy.py
[2024-12-06T16:56:49.184+0000] {processor.py:927} WARNING - No viable dags retrieved from /opt/airflow/dags/dag_atresmedia copy.py
[2024-12-06T16:56:49.192+0000] {processor.py:208} INFO - Processing /opt/airflow/dags/dag_atresmedia copy.py took 0.120 seconds
[2024-12-06T16:56:56.261+0000] {processor.py:186} INFO - Started process (PID=495) to work on /opt/airflow/dags/dag_atresmedia copy.py
[2024-12-06T16:56:56.261+0000] {processor.py:914} INFO - Processing file /opt/airflow/dags/dag_atresmedia copy.py for tasks to queue
[2024-12-06T16:56:56.262+0000] {logging_mixin.py:190} INFO - [2024-12-06T16:56:56.262+0000] {dagbag.py:588} INFO - Filling up the DagBag from /opt/airflow/dags/dag_atresmedia copy.py
[2024-12-06T16:56:56.375+0000] {processor.py:927} WARNING - No viable dags retrieved from /opt/airflow/dags/dag_atresmedia copy.py
[2024-12-06T16:56:56.384+0000] {processor.py:208} INFO - Processing /opt/airflow/dags/dag_atresmedia copy.py took 0.126 seconds
[2024-12-06T16:57:26.598+0000] {processor.py:186} INFO - Started process (PID=506) to work on /opt/airflow/dags/dag_atresmedia copy.py
[2024-12-06T16:57:26.599+0000] {processor.py:914} INFO - Processing file /opt/airflow/dags/dag_atresmedia copy.py for tasks to queue
[2024-12-06T16:57:26.599+0000] {logging_mixin.py:190} INFO - [2024-12-06T16:57:26.599+0000] {dagbag.py:588} INFO - Filling up the DagBag from /opt/airflow/dags/dag_atresmedia copy.py
[2024-12-06T16:57:26.703+0000] {processor.py:927} WARNING - No viable dags retrieved from /opt/airflow/dags/dag_atresmedia copy.py
[2024-12-06T16:57:26.710+0000] {processor.py:208} INFO - Processing /opt/airflow/dags/dag_atresmedia copy.py took 0.115 seconds
[2024-12-06T16:57:37.700+0000] {processor.py:186} INFO - Started process (PID=514) to work on /opt/airflow/dags/dag_atresmedia copy.py
[2024-12-06T16:57:37.701+0000] {processor.py:914} INFO - Processing file /opt/airflow/dags/dag_atresmedia copy.py for tasks to queue
[2024-12-06T16:57:37.702+0000] {logging_mixin.py:190} INFO - [2024-12-06T16:57:37.701+0000] {dagbag.py:588} INFO - Filling up the DagBag from /opt/airflow/dags/dag_atresmedia copy.py
[2024-12-06T16:57:37.815+0000] {processor.py:927} WARNING - No viable dags retrieved from /opt/airflow/dags/dag_atresmedia copy.py
[2024-12-06T16:57:37.823+0000] {processor.py:208} INFO - Processing /opt/airflow/dags/dag_atresmedia copy.py took 0.127 seconds
[2024-12-06T16:57:47.928+0000] {processor.py:186} INFO - Started process (PID=516) to work on /opt/airflow/dags/dag_atresmedia copy.py
[2024-12-06T16:57:47.928+0000] {processor.py:914} INFO - Processing file /opt/airflow/dags/dag_atresmedia copy.py for tasks to queue
[2024-12-06T16:57:47.929+0000] {logging_mixin.py:190} INFO - [2024-12-06T16:57:47.929+0000] {dagbag.py:588} INFO - Filling up the DagBag from /opt/airflow/dags/dag_atresmedia copy.py
[2024-12-06T16:57:48.063+0000] {logging_mixin.py:190} INFO - [2024-12-06T16:57:48.056+0000] {dagbag.py:387} ERROR - Failed to import: /opt/airflow/dags/dag_atresmedia copy.py
Traceback (most recent call last):
  File "/home/airflow/.local/lib/python3.12/site-packages/airflow/models/dagbag.py", line 383, in parse
    loader.exec_module(new_module)
  File "<frozen importlib._bootstrap_external>", line 995, in exec_module
  File "<frozen importlib._bootstrap>", line 488, in _call_with_frames_removed
  File "/opt/airflow/dags/dag_atresmedia copy.py", line 93, in <module>
    dag = a3media_schedule_scraper()
          ^^^^^^^^^^^^^^^^^^^^^^^^^^
  File "/home/airflow/.local/lib/python3.12/site-packages/airflow/models/dag.py", line 4307, in factory
    f(**f_kwargs)
  File "/opt/airflow/dags/dag_atresmedia copy.py", line 91, in a3media_schedule_scraper
    flow = scrape_a3media_task() >> merge_all_xml_task() >> push_all_in_one_task()
                                    ^^^^^^^^^^^^^^^^^^
NameError: name 'merge_all_xml_task' is not defined
[2024-12-06T16:57:48.067+0000] {processor.py:927} WARNING - No viable dags retrieved from /opt/airflow/dags/dag_atresmedia copy.py
[2024-12-06T16:57:48.079+0000] {processor.py:208} INFO - Processing /opt/airflow/dags/dag_atresmedia copy.py took 0.155 seconds
[2024-12-06T16:58:10.423+0000] {processor.py:186} INFO - Started process (PID=526) to work on /opt/airflow/dags/dag_atresmedia copy.py
[2024-12-06T16:58:10.423+0000] {processor.py:914} INFO - Processing file /opt/airflow/dags/dag_atresmedia copy.py for tasks to queue
[2024-12-06T16:58:10.424+0000] {logging_mixin.py:190} INFO - [2024-12-06T16:58:10.424+0000] {dagbag.py:588} INFO - Filling up the DagBag from /opt/airflow/dags/dag_atresmedia copy.py
[2024-12-06T16:58:10.542+0000] {logging_mixin.py:190} INFO - [2024-12-06T16:58:10.537+0000] {dagbag.py:387} ERROR - Failed to import: /opt/airflow/dags/dag_atresmedia copy.py
Traceback (most recent call last):
  File "/home/airflow/.local/lib/python3.12/site-packages/airflow/models/dagbag.py", line 383, in parse
    loader.exec_module(new_module)
  File "<frozen importlib._bootstrap_external>", line 995, in exec_module
  File "<frozen importlib._bootstrap>", line 488, in _call_with_frames_removed
  File "/opt/airflow/dags/dag_atresmedia copy.py", line 93, in <module>
    dag_a3media = a3media_schedule_scraper()
                  ^^^^^^^^^^^^^^^^^^^^^^^^^^
  File "/home/airflow/.local/lib/python3.12/site-packages/airflow/models/dag.py", line 4307, in factory
    f(**f_kwargs)
  File "/opt/airflow/dags/dag_atresmedia copy.py", line 91, in a3media_schedule_scraper
    flow = scrape_a3media_task() >> merge_all_xml_task() >> push_all_in_one_task()
                                    ^^^^^^^^^^^^^^^^^^
NameError: name 'merge_all_xml_task' is not defined
[2024-12-06T16:58:10.545+0000] {processor.py:927} WARNING - No viable dags retrieved from /opt/airflow/dags/dag_atresmedia copy.py
[2024-12-06T16:58:10.554+0000] {processor.py:208} INFO - Processing /opt/airflow/dags/dag_atresmedia copy.py took 0.135 seconds
[2024-12-06T16:58:12.453+0000] {processor.py:186} INFO - Started process (PID=527) to work on /opt/airflow/dags/dag_atresmedia copy.py
[2024-12-06T16:58:12.453+0000] {processor.py:914} INFO - Processing file /opt/airflow/dags/dag_atresmedia copy.py for tasks to queue
[2024-12-06T16:58:12.454+0000] {logging_mixin.py:190} INFO - [2024-12-06T16:58:12.454+0000] {dagbag.py:588} INFO - Filling up the DagBag from /opt/airflow/dags/dag_atresmedia copy.py
[2024-12-06T16:58:12.568+0000] {logging_mixin.py:190} INFO - [2024-12-06T16:58:12.563+0000] {dagbag.py:387} ERROR - Failed to import: /opt/airflow/dags/dag_atresmedia copy.py
Traceback (most recent call last):
  File "/home/airflow/.local/lib/python3.12/site-packages/airflow/models/dagbag.py", line 383, in parse
    loader.exec_module(new_module)
  File "<frozen importlib._bootstrap_external>", line 995, in exec_module
  File "<frozen importlib._bootstrap>", line 488, in _call_with_frames_removed
  File "/opt/airflow/dags/dag_atresmedia copy.py", line 93, in <module>
    dag_a3media = a3media_schedule_scraper()
                  ^^^^^^^^^^^^^^^^^^^^^^^^^^
  File "/home/airflow/.local/lib/python3.12/site-packages/airflow/models/dag.py", line 4307, in factory
    f(**f_kwargs)
  File "/opt/airflow/dags/dag_atresmedia copy.py", line 91, in a3media_schedule_scraper
    flow = scrape_a3media_task() >> merge_all_xml_task() >> push_all_in_one_task()
                                    ^^^^^^^^^^^^^^^^^^
NameError: name 'merge_all_xml_task' is not defined
[2024-12-06T16:58:12.571+0000] {processor.py:927} WARNING - No viable dags retrieved from /opt/airflow/dags/dag_atresmedia copy.py
[2024-12-06T16:58:12.580+0000] {processor.py:208} INFO - Processing /opt/airflow/dags/dag_atresmedia copy.py took 0.131 seconds
[2024-12-06T16:58:41.888+0000] {processor.py:186} INFO - Started process (PID=538) to work on /opt/airflow/dags/dag_atresmedia copy.py
[2024-12-06T16:58:41.889+0000] {processor.py:914} INFO - Processing file /opt/airflow/dags/dag_atresmedia copy.py for tasks to queue
[2024-12-06T16:58:41.889+0000] {logging_mixin.py:190} INFO - [2024-12-06T16:58:41.889+0000] {dagbag.py:588} INFO - Filling up the DagBag from /opt/airflow/dags/dag_atresmedia copy.py
[2024-12-06T16:58:41.996+0000] {processor.py:925} INFO - DAG(s) 'a3media_schedule_scraper' retrieved from /opt/airflow/dags/dag_atresmedia copy.py
[2024-12-06T16:58:42.055+0000] {logging_mixin.py:190} INFO - [2024-12-06T16:58:42.054+0000] {dag.py:3239} INFO - Sync 1 DAGs
[2024-12-06T16:58:42.070+0000] {logging_mixin.py:190} INFO - [2024-12-06T16:58:42.070+0000] {dag.py:4180} INFO - Setting next_dagrun for a3media_schedule_scraper to 2024-12-06 16:41:00+00:00, run_after=2024-12-07 16:41:00+00:00
[2024-12-06T16:58:42.083+0000] {processor.py:208} INFO - Processing /opt/airflow/dags/dag_atresmedia copy.py took 0.199 seconds
[2024-12-06T16:58:42.946+0000] {processor.py:186} INFO - Started process (PID=539) to work on /opt/airflow/dags/dag_atresmedia copy.py
[2024-12-06T16:58:42.947+0000] {processor.py:914} INFO - Processing file /opt/airflow/dags/dag_atresmedia copy.py for tasks to queue
[2024-12-06T16:58:42.947+0000] {logging_mixin.py:190} INFO - [2024-12-06T16:58:42.947+0000] {dagbag.py:588} INFO - Filling up the DagBag from /opt/airflow/dags/dag_atresmedia copy.py
[2024-12-06T16:58:43.057+0000] {processor.py:925} INFO - DAG(s) 'a3media_schedule_scraper' retrieved from /opt/airflow/dags/dag_atresmedia copy.py
[2024-12-06T16:58:43.064+0000] {logging_mixin.py:190} INFO - [2024-12-06T16:58:43.064+0000] {dag.py:3239} INFO - Sync 1 DAGs
[2024-12-06T16:58:43.079+0000] {logging_mixin.py:190} INFO - [2024-12-06T16:58:43.079+0000] {dag.py:4180} INFO - Setting next_dagrun for a3media_schedule_scraper to 2024-12-06 16:41:00+00:00, run_after=2024-12-07 16:41:00+00:00
[2024-12-06T16:58:43.090+0000] {processor.py:208} INFO - Processing /opt/airflow/dags/dag_atresmedia copy.py took 0.148 seconds
[2024-12-06T16:59:13.383+0000] {processor.py:186} INFO - Started process (PID=550) to work on /opt/airflow/dags/dag_atresmedia copy.py
[2024-12-06T16:59:13.383+0000] {processor.py:914} INFO - Processing file /opt/airflow/dags/dag_atresmedia copy.py for tasks to queue
[2024-12-06T16:59:13.384+0000] {logging_mixin.py:190} INFO - [2024-12-06T16:59:13.384+0000] {dagbag.py:588} INFO - Filling up the DagBag from /opt/airflow/dags/dag_atresmedia copy.py
[2024-12-06T16:59:13.489+0000] {processor.py:925} INFO - DAG(s) 'a3media_schedule_scraper' retrieved from /opt/airflow/dags/dag_atresmedia copy.py
[2024-12-06T16:59:13.504+0000] {logging_mixin.py:190} INFO - [2024-12-06T16:59:13.504+0000] {dag.py:3239} INFO - Sync 1 DAGs
[2024-12-06T16:59:13.518+0000] {logging_mixin.py:190} INFO - [2024-12-06T16:59:13.518+0000] {dag.py:4180} INFO - Setting next_dagrun for a3media_schedule_scraper to 2024-12-06 16:41:00+00:00, run_after=2024-12-07 16:41:00+00:00
[2024-12-06T16:59:13.527+0000] {processor.py:208} INFO - Processing /opt/airflow/dags/dag_atresmedia copy.py took 0.148 seconds
[2024-12-06T16:59:43.827+0000] {processor.py:186} INFO - Started process (PID=561) to work on /opt/airflow/dags/dag_atresmedia copy.py
[2024-12-06T16:59:43.828+0000] {processor.py:914} INFO - Processing file /opt/airflow/dags/dag_atresmedia copy.py for tasks to queue
[2024-12-06T16:59:43.828+0000] {logging_mixin.py:190} INFO - [2024-12-06T16:59:43.828+0000] {dagbag.py:588} INFO - Filling up the DagBag from /opt/airflow/dags/dag_atresmedia copy.py
[2024-12-06T16:59:43.939+0000] {processor.py:925} INFO - DAG(s) 'a3media_schedule_scraper' retrieved from /opt/airflow/dags/dag_atresmedia copy.py
[2024-12-06T16:59:44.004+0000] {logging_mixin.py:190} INFO - [2024-12-06T16:59:44.004+0000] {dag.py:3239} INFO - Sync 1 DAGs
[2024-12-06T16:59:44.011+0000] {logging_mixin.py:190} INFO - [2024-12-06T16:59:44.011+0000] {dag.py:3262} INFO - Creating ORM DAG for a3media_schedule_scraper
[2024-12-06T16:59:44.017+0000] {logging_mixin.py:190} INFO - [2024-12-06T16:59:44.017+0000] {dag.py:4180} INFO - Setting next_dagrun for a3media_schedule_scraper to 2024-12-05 16:41:00+00:00, run_after=2024-12-06 16:41:00+00:00
[2024-12-06T16:59:44.026+0000] {processor.py:208} INFO - Processing /opt/airflow/dags/dag_atresmedia copy.py took 0.202 seconds
