[2024-12-08T11:30:01.441+0000] {local_task_job_runner.py:123} INFO - ::group::Pre task execution logs
[2024-12-08T11:30:01.449+0000] {taskinstance.py:2613} INFO - Dependencies all met for dep_context=non-requeueable deps ti=<TaskInstance: a3media_schedule_scraper.scrape_a3media_task scheduled__2024-12-08T05:30:00+00:00 [queued]>
[2024-12-08T11:30:01.453+0000] {taskinstance.py:2613} INFO - Dependencies all met for dep_context=requeueable deps ti=<TaskInstance: a3media_schedule_scraper.scrape_a3media_task scheduled__2024-12-08T05:30:00+00:00 [queued]>
[2024-12-08T11:30:01.453+0000] {taskinstance.py:2866} INFO - Starting attempt 1 of 5
[2024-12-08T11:30:01.460+0000] {taskinstance.py:2889} INFO - Executing <Task(_PythonDecoratedOperator): scrape_a3media_task> on 2024-12-08 05:30:00+00:00
[2024-12-08T11:30:01.464+0000] {warnings.py:112} WARNING - /home/***/.local/lib/python3.12/site-packages/***/task/task_runner/standard_task_runner.py:70: DeprecationWarning: This process (pid=1347) is multi-threaded, use of fork() may lead to deadlocks in the child.
  pid = os.fork()

[2024-12-08T11:30:01.465+0000] {standard_task_runner.py:72} INFO - Started process 1352 to run task
[2024-12-08T11:30:01.465+0000] {standard_task_runner.py:104} INFO - Running: ['***', 'tasks', 'run', 'a3media_schedule_scraper', 'scrape_a3media_task', 'scheduled__2024-12-08T05:30:00+00:00', '--job-id', '2128', '--raw', '--subdir', 'DAGS_FOLDER/dag_atresmedia.py', '--cfg-path', '/tmp/tmpkcd_slei']
[2024-12-08T11:30:01.467+0000] {standard_task_runner.py:105} INFO - Job 2128: Subtask scrape_a3media_task
[2024-12-08T11:30:01.496+0000] {task_command.py:467} INFO - Running <TaskInstance: a3media_schedule_scraper.scrape_a3media_task scheduled__2024-12-08T05:30:00+00:00 [running]> on host b605548c7b8b
[2024-12-08T11:30:01.541+0000] {taskinstance.py:3132} INFO - Exporting env vars: AIRFLOW_CTX_DAG_OWNER='***' AIRFLOW_CTX_DAG_ID='a3media_schedule_scraper' AIRFLOW_CTX_TASK_ID='scrape_a3media_task' AIRFLOW_CTX_EXECUTION_DATE='2024-12-08T05:30:00+00:00' AIRFLOW_CTX_TRY_NUMBER='1' AIRFLOW_CTX_DAG_RUN_ID='scheduled__2024-12-08T05:30:00+00:00'
[2024-12-08T11:30:01.541+0000] {taskinstance.py:731} INFO - ::endgroup::
[2024-12-08T11:30:06.308+0000] {logging_mixin.py:190} INFO - Escrito el xmltv del canal "Antena 3"
[2024-12-08T11:30:09.334+0000] {logging_mixin.py:190} INFO - Error: 422 {"message": "Invalid request.\n\n\"sha\" wasn't supplied.", "documentation_url": "https://docs.github.com/rest/repos/contents#create-or-update-file-contents", "status": "422"}
[2024-12-08T11:30:09.469+0000] {logging_mixin.py:190} INFO - Escrito el xmltv del canal "laSexta"
[2024-12-08T11:30:11.140+0000] {logging_mixin.py:190} INFO - Archivo actualizado correctamente.
[2024-12-08T11:30:11.269+0000] {logging_mixin.py:190} INFO - Escrito el xmltv del canal "Neox"
[2024-12-08T11:30:12.969+0000] {logging_mixin.py:190} INFO - Archivo actualizado correctamente.
[2024-12-08T11:30:13.105+0000] {logging_mixin.py:190} INFO - Escrito el xmltv del canal "Nova"
[2024-12-08T11:30:14.823+0000] {logging_mixin.py:190} INFO - Archivo actualizado correctamente.
[2024-12-08T11:30:15.185+0000] {logging_mixin.py:190} INFO - Escrito el xmltv del canal "Mega"
[2024-12-08T11:30:16.912+0000] {logging_mixin.py:190} INFO - Archivo actualizado correctamente.
[2024-12-08T11:30:17.041+0000] {logging_mixin.py:190} INFO - Escrito el xmltv del canal "Atreseries"
[2024-12-08T11:30:20.315+0000] {logging_mixin.py:190} INFO - Error: 422 {"message": "Invalid request.\n\n\"sha\" wasn't supplied.", "documentation_url": "https://docs.github.com/rest/repos/contents#create-or-update-file-contents", "status": "422"}
[2024-12-08T11:30:20.316+0000] {python.py:240} INFO - Done. Returned value was: None
[2024-12-08T11:30:20.323+0000] {taskinstance.py:340} INFO - ::group::Post task execution logs
[2024-12-08T11:30:20.323+0000] {taskinstance.py:352} INFO - Marking task as SUCCESS. dag_id=a3media_schedule_scraper, task_id=scrape_a3media_task, run_id=scheduled__2024-12-08T05:30:00+00:00, execution_date=20241208T053000, start_date=20241208T113001, end_date=20241208T113020
[2024-12-08T11:30:20.362+0000] {local_task_job_runner.py:266} INFO - Task exited with return code 0
[2024-12-08T11:30:20.374+0000] {taskinstance.py:3895} INFO - 1 downstream tasks scheduled from follow-on schedule check
[2024-12-08T11:30:20.375+0000] {local_task_job_runner.py:245} INFO - ::endgroup::
