[2024-12-11T14:52:28.119+0000] {local_task_job_runner.py:123} INFO - ::group::Pre task execution logs
[2024-12-11T14:52:28.130+0000] {taskinstance.py:2613} INFO - Dependencies all met for dep_context=non-requeueable deps ti=<TaskInstance: la_otra_schedule_scraper.scrape_la_otra_schedule scheduled__2024-12-09T23:30:00+00:00 [queued]>
[2024-12-11T14:52:28.137+0000] {taskinstance.py:2613} INFO - Dependencies all met for dep_context=requeueable deps ti=<TaskInstance: la_otra_schedule_scraper.scrape_la_otra_schedule scheduled__2024-12-09T23:30:00+00:00 [queued]>
[2024-12-11T14:52:28.138+0000] {taskinstance.py:2866} INFO - Starting attempt 1 of 4
[2024-12-11T14:52:28.151+0000] {taskinstance.py:2889} INFO - Executing <Task(_PythonDecoratedOperator): scrape_la_otra_schedule> on 2024-12-09 23:30:00+00:00
[2024-12-11T14:52:28.155+0000] {warnings.py:112} WARNING - /home/***/.local/lib/python3.12/site-packages/***/task/task_runner/standard_task_runner.py:70: DeprecationWarning: This process (pid=100) is multi-threaded, use of fork() may lead to deadlocks in the child.
  pid = os.fork()

[2024-12-11T14:52:28.156+0000] {standard_task_runner.py:72} INFO - Started process 116 to run task
[2024-12-11T14:52:28.158+0000] {standard_task_runner.py:104} INFO - Running: ['***', 'tasks', 'run', 'la_otra_schedule_scraper', 'scrape_la_otra_schedule', 'scheduled__2024-12-09T23:30:00+00:00', '--job-id', '2273', '--raw', '--subdir', 'DAGS_FOLDER/dag_la_otra.py', '--cfg-path', '/tmp/tmp4da0a21w']
[2024-12-11T14:52:28.162+0000] {standard_task_runner.py:105} INFO - Job 2273: Subtask scrape_la_otra_schedule
[2024-12-11T14:52:28.203+0000] {task_command.py:467} INFO - Running <TaskInstance: la_otra_schedule_scraper.scrape_la_otra_schedule scheduled__2024-12-09T23:30:00+00:00 [running]> on host b605548c7b8b
[2024-12-11T14:52:28.262+0000] {taskinstance.py:3132} INFO - Exporting env vars: AIRFLOW_CTX_DAG_OWNER='***' AIRFLOW_CTX_DAG_ID='la_otra_schedule_scraper' AIRFLOW_CTX_TASK_ID='scrape_la_otra_schedule' AIRFLOW_CTX_EXECUTION_DATE='2024-12-09T23:30:00+00:00' AIRFLOW_CTX_TRY_NUMBER='1' AIRFLOW_CTX_DAG_RUN_ID='scheduled__2024-12-09T23:30:00+00:00'
[2024-12-11T14:52:28.263+0000] {taskinstance.py:731} INFO - ::endgroup::
[2024-12-11T14:52:28.615+0000] {logging_mixin.py:190} INFO - Escrito el xmltv del canal "La Otra"
[2024-12-11T14:52:31.815+0000] {logging_mixin.py:190} INFO - Error: 422 {"message": "Invalid request.\n\n\"sha\" wasn't supplied.", "documentation_url": "https://docs.github.com/rest/repos/contents#create-or-update-file-contents", "status": "422"}
[2024-12-11T14:52:31.816+0000] {python.py:240} INFO - Done. Returned value was: None
[2024-12-11T14:52:31.821+0000] {taskinstance.py:340} INFO - ::group::Post task execution logs
[2024-12-11T14:52:31.821+0000] {taskinstance.py:352} INFO - Marking task as SUCCESS. dag_id=la_otra_schedule_scraper, task_id=scrape_la_otra_schedule, run_id=scheduled__2024-12-09T23:30:00+00:00, execution_date=20241209T233000, start_date=20241211T145228, end_date=20241211T145231
[2024-12-11T14:52:31.860+0000] {local_task_job_runner.py:266} INFO - Task exited with return code 0
[2024-12-11T14:52:31.877+0000] {taskinstance.py:3895} INFO - 1 downstream tasks scheduled from follow-on schedule check
[2024-12-11T14:52:31.878+0000] {local_task_job_runner.py:245} INFO - ::endgroup::
