[2024-12-04T19:08:08.436+0000] {local_task_job_runner.py:123} INFO - ::group::Pre task execution logs
[2024-12-04T19:08:08.444+0000] {taskinstance.py:2613} INFO - Dependencies all met for dep_context=non-requeueable deps ti=<TaskInstance: a3media_schedule_scraper.scrape_a3media_schedule manual__2024-12-04T19:08:07.668329+00:00 [queued]>
[2024-12-04T19:08:08.449+0000] {taskinstance.py:2613} INFO - Dependencies all met for dep_context=requeueable deps ti=<TaskInstance: a3media_schedule_scraper.scrape_a3media_schedule manual__2024-12-04T19:08:07.668329+00:00 [queued]>
[2024-12-04T19:08:08.449+0000] {taskinstance.py:2866} INFO - Starting attempt 1 of 2
[2024-12-04T19:08:08.456+0000] {taskinstance.py:2889} INFO - Executing <Task(PythonOperator): scrape_a3media_schedule> on 2024-12-04 19:08:07.668329+00:00
[2024-12-04T19:08:08.459+0000] {warnings.py:112} WARNING - /home/***/.local/lib/python3.12/site-packages/***/task/task_runner/standard_task_runner.py:70: DeprecationWarning: This process (pid=128) is multi-threaded, use of fork() may lead to deadlocks in the child.
  pid = os.fork()

[2024-12-04T19:08:08.459+0000] {standard_task_runner.py:72} INFO - Started process 129 to run task
[2024-12-04T19:08:08.460+0000] {standard_task_runner.py:104} INFO - Running: ['***', 'tasks', 'run', 'a3media_schedule_scraper', 'scrape_a3media_schedule', 'manual__2024-12-04T19:08:07.668329+00:00', '--job-id', '467', '--raw', '--subdir', 'DAGS_FOLDER/dag_atresmedia.py', '--cfg-path', '/tmp/tmptmnyknmq']
[2024-12-04T19:08:08.461+0000] {standard_task_runner.py:105} INFO - Job 467: Subtask scrape_a3media_schedule
[2024-12-04T19:08:08.484+0000] {task_command.py:467} INFO - Running <TaskInstance: a3media_schedule_scraper.scrape_a3media_schedule manual__2024-12-04T19:08:07.668329+00:00 [running]> on host d88abb179e8d
[2024-12-04T19:08:08.527+0000] {taskinstance.py:3132} INFO - Exporting env vars: AIRFLOW_CTX_DAG_OWNER='***' AIRFLOW_CTX_DAG_ID='a3media_schedule_scraper' AIRFLOW_CTX_TASK_ID='scrape_a3media_schedule' AIRFLOW_CTX_EXECUTION_DATE='2024-12-04T19:08:07.668329+00:00' AIRFLOW_CTX_TRY_NUMBER='1' AIRFLOW_CTX_DAG_RUN_ID='manual__2024-12-04T19:08:07.668329+00:00'
[2024-12-04T19:08:08.528+0000] {taskinstance.py:731} INFO - ::endgroup::
[2024-12-04T19:08:08.915+0000] {logging_mixin.py:190} INFO - Escrito el xmltv del canal "Antena 3"
[2024-12-04T19:08:10.867+0000] {logging_mixin.py:190} INFO - [INFO] Archivo subido correctamente
[2024-12-04T19:08:11.158+0000] {logging_mixin.py:190} INFO - Escrito el xmltv del canal "laSexta"
[2024-12-04T19:08:13.030+0000] {logging_mixin.py:190} INFO - [INFO] Archivo subido correctamente
[2024-12-04T19:08:13.392+0000] {logging_mixin.py:190} INFO - Escrito el xmltv del canal "Neox"
[2024-12-04T19:08:15.583+0000] {logging_mixin.py:190} INFO - [INFO] Archivo subido correctamente
[2024-12-04T19:08:15.715+0000] {logging_mixin.py:190} INFO - Escrito el xmltv del canal "Nova"
[2024-12-04T19:08:17.611+0000] {logging_mixin.py:190} INFO - [INFO] Archivo subido correctamente
[2024-12-04T19:08:18.012+0000] {logging_mixin.py:190} INFO - Escrito el xmltv del canal "Mega"
[2024-12-04T19:08:20.132+0000] {logging_mixin.py:190} INFO - [INFO] Archivo subido correctamente
[2024-12-04T19:08:20.470+0000] {logging_mixin.py:190} INFO - Escrito el xmltv del canal "Atreseries"
[2024-12-04T19:08:22.347+0000] {logging_mixin.py:190} INFO - [INFO] Archivo subido correctamente
[2024-12-04T19:08:22.348+0000] {python.py:240} INFO - Done. Returned value was: None
[2024-12-04T19:08:22.353+0000] {taskinstance.py:340} INFO - ::group::Post task execution logs
[2024-12-04T19:08:22.354+0000] {taskinstance.py:352} INFO - Marking task as SUCCESS. dag_id=a3media_schedule_scraper, task_id=scrape_a3media_schedule, run_id=manual__2024-12-04T19:08:07.668329+00:00, execution_date=20241204T190807, start_date=20241204T190808, end_date=20241204T190822
[2024-12-04T19:08:22.395+0000] {local_task_job_runner.py:266} INFO - Task exited with return code 0
[2024-12-04T19:08:22.402+0000] {taskinstance.py:3895} INFO - 0 downstream tasks scheduled from follow-on schedule check
[2024-12-04T19:08:22.404+0000] {local_task_job_runner.py:245} INFO - ::endgroup::
