[2024-12-15T10:38:29.938+0000] {local_task_job_runner.py:123} INFO - ::group::Pre task execution logs
[2024-12-15T10:38:29.948+0000] {taskinstance.py:2613} INFO - Dependencies all met for dep_context=non-requeueable deps ti=<TaskInstance: telemadrid_schedule_scraper.push_all_in_one scheduled__2024-12-14T23:30:00+00:00 [queued]>
[2024-12-15T10:38:29.955+0000] {taskinstance.py:2613} INFO - Dependencies all met for dep_context=requeueable deps ti=<TaskInstance: telemadrid_schedule_scraper.push_all_in_one scheduled__2024-12-14T23:30:00+00:00 [queued]>
[2024-12-15T10:38:29.955+0000] {taskinstance.py:2866} INFO - Starting attempt 1 of 4
[2024-12-15T10:38:29.963+0000] {taskinstance.py:2889} INFO - Executing <Task(_PythonDecoratedOperator): push_all_in_one> on 2024-12-14 23:30:00+00:00
[2024-12-15T10:38:29.967+0000] {warnings.py:112} WARNING - /home/***/.local/lib/python3.12/site-packages/***/task/task_runner/standard_task_runner.py:70: DeprecationWarning: This process (pid=126) is multi-threaded, use of fork() may lead to deadlocks in the child.
  pid = os.fork()

[2024-12-15T10:38:29.968+0000] {standard_task_runner.py:72} INFO - Started process 127 to run task
[2024-12-15T10:38:29.969+0000] {standard_task_runner.py:104} INFO - Running: ['***', 'tasks', 'run', 'telemadrid_schedule_scraper', 'push_all_in_one', 'scheduled__2024-12-14T23:30:00+00:00', '--job-id', '2508', '--raw', '--subdir', 'DAGS_FOLDER/dag_telemadrid.py', '--cfg-path', '/tmp/tmpv6vp_grv']
[2024-12-15T10:38:29.970+0000] {standard_task_runner.py:105} INFO - Job 2508: Subtask push_all_in_one
[2024-12-15T10:38:29.998+0000] {task_command.py:467} INFO - Running <TaskInstance: telemadrid_schedule_scraper.push_all_in_one scheduled__2024-12-14T23:30:00+00:00 [running]> on host b605548c7b8b
[2024-12-15T10:38:30.048+0000] {taskinstance.py:3132} INFO - Exporting env vars: AIRFLOW_CTX_DAG_OWNER='***' AIRFLOW_CTX_DAG_ID='telemadrid_schedule_scraper' AIRFLOW_CTX_TASK_ID='push_all_in_one' AIRFLOW_CTX_EXECUTION_DATE='2024-12-14T23:30:00+00:00' AIRFLOW_CTX_TRY_NUMBER='1' AIRFLOW_CTX_DAG_RUN_ID='scheduled__2024-12-14T23:30:00+00:00'
[2024-12-15T10:38:30.049+0000] {taskinstance.py:731} INFO - ::endgroup::
[2024-12-15T10:38:34.014+0000] {logging_mixin.py:190} INFO - Error: 422 {"message": "Invalid request.\n\n\"sha\" wasn't supplied.", "documentation_url": "https://docs.github.com/rest/repos/contents#create-or-update-file-contents", "status": "422"}
[2024-12-15T10:38:34.015+0000] {python.py:240} INFO - Done. Returned value was: None
[2024-12-15T10:38:34.021+0000] {taskinstance.py:340} INFO - ::group::Post task execution logs
[2024-12-15T10:38:34.022+0000] {taskinstance.py:352} INFO - Marking task as SUCCESS. dag_id=telemadrid_schedule_scraper, task_id=push_all_in_one, run_id=scheduled__2024-12-14T23:30:00+00:00, execution_date=20241214T233000, start_date=20241215T103829, end_date=20241215T103834
[2024-12-15T10:38:34.034+0000] {local_task_job_runner.py:266} INFO - Task exited with return code 0
[2024-12-15T10:38:34.045+0000] {taskinstance.py:3895} INFO - 0 downstream tasks scheduled from follow-on schedule check
[2024-12-15T10:38:34.046+0000] {local_task_job_runner.py:245} INFO - ::endgroup::
