[2024-12-25T23:30:01.578+0000] {local_task_job_runner.py:123} INFO - ::group::Pre task execution logs
[2024-12-25T23:30:01.592+0000] {taskinstance.py:2613} INFO - Dependencies all met for dep_context=non-requeueable deps ti=<TaskInstance: mediaset_schedule_scraper.scrape_mediaset_schedule scheduled__2024-12-25T17:30:00+00:00 [queued]>
[2024-12-25T23:30:01.599+0000] {taskinstance.py:2613} INFO - Dependencies all met for dep_context=requeueable deps ti=<TaskInstance: mediaset_schedule_scraper.scrape_mediaset_schedule scheduled__2024-12-25T17:30:00+00:00 [queued]>
[2024-12-25T23:30:01.599+0000] {taskinstance.py:2866} INFO - Starting attempt 1 of 5
[2024-12-25T23:30:01.609+0000] {taskinstance.py:2889} INFO - Executing <Task(_PythonDecoratedOperator): scrape_mediaset_schedule> on 2024-12-25 17:30:00+00:00
[2024-12-25T23:30:01.615+0000] {warnings.py:112} WARNING - /home/***/.local/lib/python3.12/site-packages/***/task/task_runner/standard_task_runner.py:70: DeprecationWarning: This process (pid=1748) is multi-threaded, use of fork() may lead to deadlocks in the child.
  pid = os.fork()

[2024-12-25T23:30:01.616+0000] {standard_task_runner.py:72} INFO - Started process 1753 to run task
[2024-12-25T23:30:01.617+0000] {standard_task_runner.py:104} INFO - Running: ['***', 'tasks', 'run', 'mediaset_schedule_scraper', 'scrape_mediaset_schedule', 'scheduled__2024-12-25T17:30:00+00:00', '--job-id', '2749', '--raw', '--subdir', 'DAGS_FOLDER/dag_mediaset.py', '--cfg-path', '/tmp/tmpoqeftuyt']
[2024-12-25T23:30:01.619+0000] {standard_task_runner.py:105} INFO - Job 2749: Subtask scrape_mediaset_schedule
[2024-12-25T23:30:01.658+0000] {task_command.py:467} INFO - Running <TaskInstance: mediaset_schedule_scraper.scrape_mediaset_schedule scheduled__2024-12-25T17:30:00+00:00 [running]> on host b605548c7b8b
[2024-12-25T23:30:01.712+0000] {taskinstance.py:3132} INFO - Exporting env vars: AIRFLOW_CTX_DAG_OWNER='***' AIRFLOW_CTX_DAG_ID='mediaset_schedule_scraper' AIRFLOW_CTX_TASK_ID='scrape_mediaset_schedule' AIRFLOW_CTX_EXECUTION_DATE='2024-12-25T17:30:00+00:00' AIRFLOW_CTX_TRY_NUMBER='1' AIRFLOW_CTX_DAG_RUN_ID='scheduled__2024-12-25T17:30:00+00:00'
[2024-12-25T23:30:01.714+0000] {taskinstance.py:731} INFO - ::endgroup::
[2024-12-25T23:30:10.597+0000] {logging_mixin.py:190} INFO - Generando XML para el canal Telecinco
[2024-12-25T23:30:10.602+0000] {logging_mixin.py:190} INFO - Escrito el xml del canal "Telecinco"
[2024-12-25T23:30:12.589+0000] {logging_mixin.py:190} INFO - Archivo actualizado correctamente.
[2024-12-25T23:30:12.590+0000] {logging_mixin.py:190} INFO - Generando XML para el canal Cuatro
[2024-12-25T23:30:12.593+0000] {logging_mixin.py:190} INFO - Escrito el xml del canal "Cuatro"
[2024-12-25T23:30:14.353+0000] {logging_mixin.py:190} INFO - Archivo actualizado correctamente.
[2024-12-25T23:30:14.354+0000] {logging_mixin.py:190} INFO - Generando XML para el canal Mitele en la calle
[2024-12-25T23:30:14.357+0000] {logging_mixin.py:190} INFO - Escrito el xml del canal "Mitele en la calle"
[2024-12-25T23:30:16.177+0000] {logging_mixin.py:190} INFO - Archivo actualizado correctamente.
[2024-12-25T23:30:16.178+0000] {logging_mixin.py:190} INFO - Generando XML para el canal Mitele viajes
[2024-12-25T23:30:16.181+0000] {logging_mixin.py:190} INFO - Escrito el xml del canal "Mitele viajes"
[2024-12-25T23:30:19.423+0000] {logging_mixin.py:190} INFO - Error: 422 {"message": "Invalid request.\n\n\"sha\" wasn't supplied.", "documentation_url": "https://docs.github.com/rest/repos/contents#create-or-update-file-contents", "status": "422"}
[2024-12-25T23:30:19.423+0000] {logging_mixin.py:190} INFO - Generando XML para el canal Mitele plus lqsa
[2024-12-25T23:30:19.426+0000] {logging_mixin.py:190} INFO - Escrito el xml del canal "Mitele plus lqsa"
[2024-12-25T23:30:21.224+0000] {logging_mixin.py:190} INFO - Archivo actualizado correctamente.
[2024-12-25T23:30:21.225+0000] {logging_mixin.py:190} INFO - Generando XML para el canal Mitele comedia
[2024-12-25T23:30:21.229+0000] {logging_mixin.py:190} INFO - Escrito el xml del canal "Mitele comedia"
[2024-12-25T23:30:23.085+0000] {logging_mixin.py:190} INFO - Archivo actualizado correctamente.
[2024-12-25T23:30:23.086+0000] {logging_mixin.py:190} INFO - Generando XML para el canal Mitele top series
[2024-12-25T23:30:23.089+0000] {logging_mixin.py:190} INFO - Escrito el xml del canal "Mitele top series"
[2024-12-25T23:30:24.703+0000] {logging_mixin.py:190} INFO - Archivo actualizado correctamente.
[2024-12-25T23:30:24.704+0000] {logging_mixin.py:190} INFO - Generando XML para el canal Divinity
[2024-12-25T23:30:24.708+0000] {logging_mixin.py:190} INFO - Escrito el xml del canal "Divinity"
[2024-12-25T23:30:26.606+0000] {logging_mixin.py:190} INFO - Archivo actualizado correctamente.
[2024-12-25T23:30:26.607+0000] {logging_mixin.py:190} INFO - Generando XML para el canal Fdf
[2024-12-25T23:30:26.610+0000] {logging_mixin.py:190} INFO - Escrito el xml del canal "Fdf"
[2024-12-25T23:30:28.345+0000] {logging_mixin.py:190} INFO - Archivo actualizado correctamente.
[2024-12-25T23:30:28.345+0000] {logging_mixin.py:190} INFO - Generando XML para el canal Energy
[2024-12-25T23:30:28.351+0000] {logging_mixin.py:190} INFO - Escrito el xml del canal "Energy"
[2024-12-25T23:30:30.225+0000] {logging_mixin.py:190} INFO - Archivo actualizado correctamente.
[2024-12-25T23:30:30.226+0000] {logging_mixin.py:190} INFO - Generando XML para el canal Bemad
[2024-12-25T23:30:30.230+0000] {logging_mixin.py:190} INFO - Escrito el xml del canal "Bemad"
[2024-12-25T23:30:31.963+0000] {logging_mixin.py:190} INFO - Archivo actualizado correctamente.
[2024-12-25T23:30:31.963+0000] {logging_mixin.py:190} INFO - Generando XML para el canal Boing
[2024-12-25T23:30:31.969+0000] {logging_mixin.py:190} INFO - Escrito el xml del canal "Boing"
[2024-12-25T23:30:33.714+0000] {logging_mixin.py:190} INFO - Archivo actualizado correctamente.
[2024-12-25T23:30:33.885+0000] {logging_mixin.py:190} INFO - Generando XML para el canal Acontraplus
[2024-12-25T23:30:33.889+0000] {logging_mixin.py:190} INFO - Escrito el xml del canal "Acontraplus"
[2024-12-25T23:30:35.605+0000] {logging_mixin.py:190} INFO - Archivo actualizado correctamente.
[2024-12-25T23:30:35.606+0000] {logging_mixin.py:190} INFO - Generando XML para el canal Fight sports
[2024-12-25T23:30:35.611+0000] {logging_mixin.py:190} INFO - Escrito el xml del canal "Fight sports"
[2024-12-25T23:30:37.286+0000] {logging_mixin.py:190} INFO - Archivo actualizado correctamente.
[2024-12-25T23:30:37.287+0000] {logging_mixin.py:190} INFO - Generando XML para el canal Mtmad 24h
[2024-12-25T23:30:37.289+0000] {logging_mixin.py:190} INFO - Escrito el xml del canal "Mtmad 24h"
[2024-12-25T23:30:38.867+0000] {logging_mixin.py:190} INFO - Archivo actualizado correctamente.
[2024-12-25T23:30:38.869+0000] {python.py:240} INFO - Done. Returned value was: None
[2024-12-25T23:30:38.878+0000] {taskinstance.py:340} INFO - ::group::Post task execution logs
[2024-12-25T23:30:38.879+0000] {taskinstance.py:352} INFO - Marking task as SUCCESS. dag_id=mediaset_schedule_scraper, task_id=scrape_mediaset_schedule, run_id=scheduled__2024-12-25T17:30:00+00:00, execution_date=20241225T173000, start_date=20241225T233001, end_date=20241225T233038
[2024-12-25T23:30:38.918+0000] {local_task_job_runner.py:266} INFO - Task exited with return code 0
[2024-12-25T23:30:38.931+0000] {taskinstance.py:3895} INFO - 1 downstream tasks scheduled from follow-on schedule check
[2024-12-25T23:30:38.932+0000] {local_task_job_runner.py:245} INFO - ::endgroup::
