[2024-12-13T00:07:57.610+0000] {local_task_job_runner.py:123} INFO - ::group::Pre task execution logs
[2024-12-13T00:07:57.619+0000] {taskinstance.py:2613} INFO - Dependencies all met for dep_context=non-requeueable deps ti=<TaskInstance: a3media_schedule_scraper.scrape_a3media_task manual__2024-12-13T00:07:56.800607+00:00 [queued]>
[2024-12-13T00:07:57.623+0000] {taskinstance.py:2613} INFO - Dependencies all met for dep_context=requeueable deps ti=<TaskInstance: a3media_schedule_scraper.scrape_a3media_task manual__2024-12-13T00:07:56.800607+00:00 [queued]>
[2024-12-13T00:07:57.624+0000] {taskinstance.py:2866} INFO - Starting attempt 1 of 5
[2024-12-13T00:07:57.631+0000] {taskinstance.py:2889} INFO - Executing <Task(_PythonDecoratedOperator): scrape_a3media_task> on 2024-12-13 00:07:56.800607+00:00
[2024-12-13T00:07:57.635+0000] {warnings.py:112} WARNING - /home/***/.local/lib/python3.12/site-packages/***/task/task_runner/standard_task_runner.py:70: DeprecationWarning: This process (pid=27075) is multi-threaded, use of fork() may lead to deadlocks in the child.
  pid = os.fork()

[2024-12-13T00:07:57.636+0000] {standard_task_runner.py:72} INFO - Started process 27076 to run task
[2024-12-13T00:07:57.636+0000] {standard_task_runner.py:104} INFO - Running: ['***', 'tasks', 'run', 'a3media_schedule_scraper', 'scrape_a3media_task', 'manual__2024-12-13T00:07:56.800607+00:00', '--job-id', '2423', '--raw', '--subdir', 'DAGS_FOLDER/dag_atresmedia.py', '--cfg-path', '/tmp/tmpbshnqa_v']
[2024-12-13T00:07:57.638+0000] {standard_task_runner.py:105} INFO - Job 2423: Subtask scrape_a3media_task
[2024-12-13T00:07:57.662+0000] {task_command.py:467} INFO - Running <TaskInstance: a3media_schedule_scraper.scrape_a3media_task manual__2024-12-13T00:07:56.800607+00:00 [running]> on host b605548c7b8b
[2024-12-13T00:07:57.704+0000] {taskinstance.py:3132} INFO - Exporting env vars: AIRFLOW_CTX_DAG_OWNER='***' AIRFLOW_CTX_DAG_ID='a3media_schedule_scraper' AIRFLOW_CTX_TASK_ID='scrape_a3media_task' AIRFLOW_CTX_EXECUTION_DATE='2024-12-13T00:07:56.800607+00:00' AIRFLOW_CTX_TRY_NUMBER='1' AIRFLOW_CTX_DAG_RUN_ID='manual__2024-12-13T00:07:56.800607+00:00'
[2024-12-13T00:07:57.705+0000] {taskinstance.py:731} INFO - ::endgroup::
[2024-12-13T00:07:57.777+0000] {logging_mixin.py:190} INFO - https://api.atresplayer.com/client/v1/row/programming/5a6a165a7ed1a834493ebf6a?date=2024/12/12
[2024-12-13T00:07:57.833+0000] {logging_mixin.py:190} INFO - https://api.atresplayer.com/client/v1/row/programming/5a6a165a7ed1a834493ebf6a?date=2024/12/13
[2024-12-13T00:07:57.888+0000] {logging_mixin.py:190} INFO - https://api.atresplayer.com/client/v1/row/programming/5a6a165a7ed1a834493ebf6a?date=2024/12/14
[2024-12-13T00:07:57.940+0000] {logging_mixin.py:190} INFO - https://api.atresplayer.com/client/v1/row/programming/5a6a165a7ed1a834493ebf6a?date=2024/12/15
[2024-12-13T00:07:58.004+0000] {logging_mixin.py:190} INFO - Escrito el xmltv del canal "Antena 3"
[2024-12-13T00:07:59.853+0000] {logging_mixin.py:190} INFO - Archivo actualizado correctamente.
[2024-12-13T00:07:59.854+0000] {logging_mixin.py:190} INFO - https://api.atresplayer.com/client/v1/row/programming/5a6a172c7ed1a834493ebf6b?date=2024/12/12
[2024-12-13T00:07:59.887+0000] {logging_mixin.py:190} INFO - https://api.atresplayer.com/client/v1/row/programming/5a6a172c7ed1a834493ebf6b?date=2024/12/13
[2024-12-13T00:07:59.943+0000] {logging_mixin.py:190} INFO - https://api.atresplayer.com/client/v1/row/programming/5a6a172c7ed1a834493ebf6b?date=2024/12/14
[2024-12-13T00:07:59.997+0000] {logging_mixin.py:190} INFO - https://api.atresplayer.com/client/v1/row/programming/5a6a172c7ed1a834493ebf6b?date=2024/12/15
[2024-12-13T00:08:00.062+0000] {logging_mixin.py:190} INFO - Escrito el xmltv del canal "laSexta"
[2024-12-13T00:08:01.861+0000] {logging_mixin.py:190} INFO - Archivo actualizado correctamente.
[2024-12-13T00:08:01.862+0000] {logging_mixin.py:190} INFO - https://api.atresplayer.com/client/v1/row/programming/5a6a17da7ed1a834493ebf6d?date=2024/12/12
[2024-12-13T00:08:01.924+0000] {logging_mixin.py:190} INFO - https://api.atresplayer.com/client/v1/row/programming/5a6a17da7ed1a834493ebf6d?date=2024/12/13
[2024-12-13T00:08:01.984+0000] {logging_mixin.py:190} INFO - https://api.atresplayer.com/client/v1/row/programming/5a6a17da7ed1a834493ebf6d?date=2024/12/14
[2024-12-13T00:08:02.047+0000] {logging_mixin.py:190} INFO - https://api.atresplayer.com/client/v1/row/programming/5a6a17da7ed1a834493ebf6d?date=2024/12/15
[2024-12-13T00:08:02.118+0000] {logging_mixin.py:190} INFO - Escrito el xmltv del canal "Neox"
[2024-12-13T00:08:03.902+0000] {logging_mixin.py:190} INFO - Archivo actualizado correctamente.
[2024-12-13T00:08:03.902+0000] {logging_mixin.py:190} INFO - https://api.atresplayer.com/client/v1/row/programming/5a6a180b7ed1a834493ebf6e?date=2024/12/12
[2024-12-13T00:08:03.958+0000] {logging_mixin.py:190} INFO - https://api.atresplayer.com/client/v1/row/programming/5a6a180b7ed1a834493ebf6e?date=2024/12/13
[2024-12-13T00:08:04.014+0000] {logging_mixin.py:190} INFO - https://api.atresplayer.com/client/v1/row/programming/5a6a180b7ed1a834493ebf6e?date=2024/12/14
[2024-12-13T00:08:04.070+0000] {logging_mixin.py:190} INFO - https://api.atresplayer.com/client/v1/row/programming/5a6a180b7ed1a834493ebf6e?date=2024/12/15
[2024-12-13T00:08:04.128+0000] {logging_mixin.py:190} INFO - Escrito el xmltv del canal "Nova"
[2024-12-13T00:08:05.985+0000] {logging_mixin.py:190} INFO - Archivo actualizado correctamente.
[2024-12-13T00:08:05.986+0000] {logging_mixin.py:190} INFO - https://api.atresplayer.com/client/v1/row/programming/5a6a18357ed1a834493ebf6f?date=2024/12/12
[2024-12-13T00:08:06.052+0000] {logging_mixin.py:190} INFO - https://api.atresplayer.com/client/v1/row/programming/5a6a18357ed1a834493ebf6f?date=2024/12/13
[2024-12-13T00:08:06.117+0000] {logging_mixin.py:190} INFO - https://api.atresplayer.com/client/v1/row/programming/5a6a18357ed1a834493ebf6f?date=2024/12/14
[2024-12-13T00:08:06.185+0000] {logging_mixin.py:190} INFO - https://api.atresplayer.com/client/v1/row/programming/5a6a18357ed1a834493ebf6f?date=2024/12/15
[2024-12-13T00:08:06.255+0000] {logging_mixin.py:190} INFO - Escrito el xmltv del canal "Mega"
[2024-12-13T00:08:08.056+0000] {logging_mixin.py:190} INFO - Archivo actualizado correctamente.
[2024-12-13T00:08:08.057+0000] {logging_mixin.py:190} INFO - https://api.atresplayer.com/client/v1/row/programming/5a6a189a7ed1a834493ebf70?date=2024/12/12
[2024-12-13T00:08:08.109+0000] {logging_mixin.py:190} INFO - https://api.atresplayer.com/client/v1/row/programming/5a6a189a7ed1a834493ebf70?date=2024/12/13
[2024-12-13T00:08:08.165+0000] {logging_mixin.py:190} INFO - https://api.atresplayer.com/client/v1/row/programming/5a6a189a7ed1a834493ebf70?date=2024/12/14
[2024-12-13T00:08:08.217+0000] {logging_mixin.py:190} INFO - https://api.atresplayer.com/client/v1/row/programming/5a6a189a7ed1a834493ebf70?date=2024/12/15
[2024-12-13T00:08:08.275+0000] {logging_mixin.py:190} INFO - Escrito el xmltv del canal "Atreseries"
[2024-12-13T00:08:10.076+0000] {logging_mixin.py:190} INFO - Archivo actualizado correctamente.
[2024-12-13T00:08:10.077+0000] {python.py:240} INFO - Done. Returned value was: None
[2024-12-13T00:08:10.083+0000] {taskinstance.py:340} INFO - ::group::Post task execution logs
[2024-12-13T00:08:10.084+0000] {taskinstance.py:352} INFO - Marking task as SUCCESS. dag_id=a3media_schedule_scraper, task_id=scrape_a3media_task, run_id=manual__2024-12-13T00:07:56.800607+00:00, execution_date=20241213T000756, start_date=20241213T000757, end_date=20241213T000810
[2024-12-13T00:08:10.128+0000] {local_task_job_runner.py:266} INFO - Task exited with return code 0
[2024-12-13T00:08:10.141+0000] {taskinstance.py:3895} INFO - 1 downstream tasks scheduled from follow-on schedule check
[2024-12-13T00:08:10.142+0000] {local_task_job_runner.py:245} INFO - ::endgroup::
