[2024-12-07T15:00:20.693+0000] {local_task_job_runner.py:123} INFO - ::group::Pre task execution logs
[2024-12-07T15:00:20.703+0000] {taskinstance.py:2613} INFO - Dependencies all met for dep_context=non-requeueable deps ti=<TaskInstance: rtve_canarias_schedule_scraper.PushAllInOne scheduled__2024-12-07T07:00:00+00:00 [queued]>
[2024-12-07T15:00:20.708+0000] {taskinstance.py:2613} INFO - Dependencies all met for dep_context=requeueable deps ti=<TaskInstance: rtve_canarias_schedule_scraper.PushAllInOne scheduled__2024-12-07T07:00:00+00:00 [queued]>
[2024-12-07T15:00:20.709+0000] {taskinstance.py:2866} INFO - Starting attempt 1 of 5
[2024-12-07T15:00:20.717+0000] {taskinstance.py:2889} INFO - Executing <Task(_PythonDecoratedOperator): PushAllInOne> on 2024-12-07 07:00:00+00:00
[2024-12-07T15:00:20.722+0000] {warnings.py:112} WARNING - /home/***/.local/lib/python3.12/site-packages/***/task/task_runner/standard_task_runner.py:70: DeprecationWarning: This process (pid=2870) is multi-threaded, use of fork() may lead to deadlocks in the child.
  pid = os.fork()

[2024-12-07T15:00:20.722+0000] {standard_task_runner.py:72} INFO - Started process 2871 to run task
[2024-12-07T15:00:20.723+0000] {standard_task_runner.py:104} INFO - Running: ['***', 'tasks', 'run', 'rtve_canarias_schedule_scraper', 'PushAllInOne', 'scheduled__2024-12-07T07:00:00+00:00', '--job-id', '2041', '--raw', '--subdir', 'DAGS_FOLDER/dag_rtve_canarias_selenium.py', '--cfg-path', '/tmp/tmpp7cag_to']
[2024-12-07T15:00:20.724+0000] {standard_task_runner.py:105} INFO - Job 2041: Subtask PushAllInOne
[2024-12-07T15:00:20.751+0000] {task_command.py:467} INFO - Running <TaskInstance: rtve_canarias_schedule_scraper.PushAllInOne scheduled__2024-12-07T07:00:00+00:00 [running]> on host b605548c7b8b
[2024-12-07T15:00:20.796+0000] {taskinstance.py:3132} INFO - Exporting env vars: AIRFLOW_CTX_DAG_OWNER='***' AIRFLOW_CTX_DAG_ID='rtve_canarias_schedule_scraper' AIRFLOW_CTX_TASK_ID='PushAllInOne' AIRFLOW_CTX_EXECUTION_DATE='2024-12-07T07:00:00+00:00' AIRFLOW_CTX_TRY_NUMBER='1' AIRFLOW_CTX_DAG_RUN_ID='scheduled__2024-12-07T07:00:00+00:00'
[2024-12-07T15:00:20.797+0000] {taskinstance.py:731} INFO - ::endgroup::
[2024-12-07T15:00:23.261+0000] {logging_mixin.py:190} INFO - Archivo actualizado correctamente.
[2024-12-07T15:00:23.262+0000] {python.py:240} INFO - Done. Returned value was: None
[2024-12-07T15:00:23.267+0000] {taskinstance.py:340} INFO - ::group::Post task execution logs
[2024-12-07T15:00:23.268+0000] {taskinstance.py:352} INFO - Marking task as SUCCESS. dag_id=rtve_canarias_schedule_scraper, task_id=PushAllInOne, run_id=scheduled__2024-12-07T07:00:00+00:00, execution_date=20241207T070000, start_date=20241207T150020, end_date=20241207T150023
[2024-12-07T15:00:23.302+0000] {local_task_job_runner.py:266} INFO - Task exited with return code 0
[2024-12-07T15:00:23.311+0000] {taskinstance.py:3895} INFO - 0 downstream tasks scheduled from follow-on schedule check
[2024-12-07T15:00:23.312+0000] {local_task_job_runner.py:245} INFO - ::endgroup::
