[2024-12-02T22:52:23.235+0000] {local_task_job_runner.py:123} INFO - ::group::Pre task execution logs
[2024-12-02T22:52:23.244+0000] {taskinstance.py:2613} INFO - Dependencies all met for dep_context=non-requeueable deps ti=<TaskInstance: rtve_schedule_scraper.scrape_rtve_schedule manual__2024-12-02T22:52:22.245491+00:00 [queued]>
[2024-12-02T22:52:23.248+0000] {taskinstance.py:2613} INFO - Dependencies all met for dep_context=requeueable deps ti=<TaskInstance: rtve_schedule_scraper.scrape_rtve_schedule manual__2024-12-02T22:52:22.245491+00:00 [queued]>
[2024-12-02T22:52:23.248+0000] {taskinstance.py:2866} INFO - Starting attempt 1 of 2
[2024-12-02T22:52:23.255+0000] {taskinstance.py:2889} INFO - Executing <Task(PythonOperator): scrape_rtve_schedule> on 2024-12-02 22:52:22.245491+00:00
[2024-12-02T22:52:23.259+0000] {warnings.py:112} WARNING - /home/***/.local/lib/python3.12/site-packages/***/task/task_runner/standard_task_runner.py:70: DeprecationWarning: This process (pid=104) is multi-threaded, use of fork() may lead to deadlocks in the child.
  pid = os.fork()

[2024-12-02T22:52:23.260+0000] {standard_task_runner.py:72} INFO - Started process 105 to run task
[2024-12-02T22:52:23.260+0000] {standard_task_runner.py:104} INFO - Running: ['***', 'tasks', 'run', 'rtve_schedule_scraper', 'scrape_rtve_schedule', 'manual__2024-12-02T22:52:22.245491+00:00', '--job-id', '397', '--raw', '--subdir', 'DAGS_FOLDER/dag_rtve.py', '--cfg-path', '/tmp/tmpb1rnz3_m']
[2024-12-02T22:52:23.262+0000] {standard_task_runner.py:105} INFO - Job 397: Subtask scrape_rtve_schedule
[2024-12-02T22:52:23.286+0000] {task_command.py:467} INFO - Running <TaskInstance: rtve_schedule_scraper.scrape_rtve_schedule manual__2024-12-02T22:52:22.245491+00:00 [running]> on host d88abb179e8d
[2024-12-02T22:52:23.327+0000] {taskinstance.py:3132} INFO - Exporting env vars: AIRFLOW_CTX_DAG_OWNER='***' AIRFLOW_CTX_DAG_ID='rtve_schedule_scraper' AIRFLOW_CTX_TASK_ID='scrape_rtve_schedule' AIRFLOW_CTX_EXECUTION_DATE='2024-12-02T22:52:22.245491+00:00' AIRFLOW_CTX_TRY_NUMBER='1' AIRFLOW_CTX_DAG_RUN_ID='manual__2024-12-02T22:52:22.245491+00:00'
[2024-12-02T22:52:23.328+0000] {taskinstance.py:731} INFO - ::endgroup::
[2024-12-02T22:52:30.124+0000] {logging_mixin.py:190} INFO - Archivo actualizado correctamente. {'commit': Commit(sha="1fbdfe407c440d8daa802f6aa25a30b4273231c8"), 'content': ContentFile(path="channels/La 1.xml")}
[2024-12-02T22:52:30.125+0000] {logging_mixin.py:190} INFO - Escrito el xmltv del canal "La 1"
[2024-12-02T22:52:32.041+0000] {logging_mixin.py:190} INFO - Archivo actualizado correctamente. {'commit': Commit(sha="3076f47eaa3c90a2ee6121a2e58357829645aef4"), 'content': ContentFile(path="channels/La 2.xml")}
[2024-12-02T22:52:32.042+0000] {logging_mixin.py:190} INFO - Escrito el xmltv del canal "La 2"
[2024-12-02T22:52:33.896+0000] {logging_mixin.py:190} INFO - Archivo actualizado correctamente. {'commit': Commit(sha="e5862aec97e53044e3840197c742c6ea495f0bb3"), 'content': ContentFile(path="channels/Teledeporte.xml")}
[2024-12-02T22:52:33.897+0000] {logging_mixin.py:190} INFO - Escrito el xmltv del canal "Teledeporte"
[2024-12-02T22:52:35.809+0000] {logging_mixin.py:190} INFO - Archivo actualizado correctamente. {'commit': Commit(sha="6eee768aaeb01acaaccfcfcd28980fffaae732b5"), 'content': ContentFile(path="channels/24 horas.xml")}
[2024-12-02T22:52:35.810+0000] {logging_mixin.py:190} INFO - Escrito el xmltv del canal "24 horas"
[2024-12-02T22:52:38.067+0000] {logging_mixin.py:190} INFO - Archivo actualizado correctamente. {'commit': Commit(sha="42abd7eb526b74e9fc93b48d0cb55134fdf50c06"), 'content': ContentFile(path="channels/Clan.xml")}
[2024-12-02T22:52:38.067+0000] {logging_mixin.py:190} INFO - Escrito el xmltv del canal "Clan"
[2024-12-02T22:52:38.147+0000] {python.py:240} INFO - Done. Returned value was: None
[2024-12-02T22:52:38.152+0000] {taskinstance.py:340} INFO - ::group::Post task execution logs
[2024-12-02T22:52:38.152+0000] {taskinstance.py:352} INFO - Marking task as SUCCESS. dag_id=rtve_schedule_scraper, task_id=scrape_rtve_schedule, run_id=manual__2024-12-02T22:52:22.245491+00:00, execution_date=20241202T225222, start_date=20241202T225223, end_date=20241202T225238
[2024-12-02T22:52:38.203+0000] {local_task_job_runner.py:266} INFO - Task exited with return code 0
[2024-12-02T22:52:38.212+0000] {taskinstance.py:3895} INFO - 0 downstream tasks scheduled from follow-on schedule check
[2024-12-02T22:52:38.213+0000] {local_task_job_runner.py:245} INFO - ::endgroup::
