[2024-12-06T17:04:00.678+0000] {local_task_job_runner.py:123} INFO - ::group::Pre task execution logs
[2024-12-06T17:04:00.686+0000] {taskinstance.py:2613} INFO - Dependencies all met for dep_context=non-requeueable deps ti=<TaskInstance: a3media_schedule_scraper.scrape_a3media_task scheduled__2024-12-05T17:04:00+00:00 [queued]>
[2024-12-06T17:04:00.690+0000] {taskinstance.py:2613} INFO - Dependencies all met for dep_context=requeueable deps ti=<TaskInstance: a3media_schedule_scraper.scrape_a3media_task scheduled__2024-12-05T17:04:00+00:00 [queued]>
[2024-12-06T17:04:00.690+0000] {taskinstance.py:2866} INFO - Starting attempt 1 of 5
[2024-12-06T17:04:00.697+0000] {taskinstance.py:2889} INFO - Executing <Task(_PythonDecoratedOperator): scrape_a3media_task> on 2024-12-05 17:04:00+00:00
[2024-12-06T17:04:00.700+0000] {warnings.py:112} WARNING - /home/***/.local/lib/python3.12/site-packages/***/task/task_runner/standard_task_runner.py:70: DeprecationWarning: This process (pid=140) is multi-threaded, use of fork() may lead to deadlocks in the child.
  pid = os.fork()

[2024-12-06T17:04:00.701+0000] {standard_task_runner.py:72} INFO - Started process 141 to run task
[2024-12-06T17:04:00.701+0000] {standard_task_runner.py:104} INFO - Running: ['***', 'tasks', 'run', 'a3media_schedule_scraper', 'scrape_a3media_task', 'scheduled__2024-12-05T17:04:00+00:00', '--job-id', '1967', '--raw', '--subdir', 'DAGS_FOLDER/dag_atresmedia.py', '--cfg-path', '/tmp/tmphebu362b']
[2024-12-06T17:04:00.702+0000] {standard_task_runner.py:105} INFO - Job 1967: Subtask scrape_a3media_task
[2024-12-06T17:04:00.725+0000] {task_command.py:467} INFO - Running <TaskInstance: a3media_schedule_scraper.scrape_a3media_task scheduled__2024-12-05T17:04:00+00:00 [running]> on host b605548c7b8b
[2024-12-06T17:04:00.764+0000] {taskinstance.py:3132} INFO - Exporting env vars: AIRFLOW_CTX_DAG_OWNER='***' AIRFLOW_CTX_DAG_ID='a3media_schedule_scraper' AIRFLOW_CTX_TASK_ID='scrape_a3media_task' AIRFLOW_CTX_EXECUTION_DATE='2024-12-05T17:04:00+00:00' AIRFLOW_CTX_TRY_NUMBER='1' AIRFLOW_CTX_DAG_RUN_ID='scheduled__2024-12-05T17:04:00+00:00'
[2024-12-06T17:04:00.764+0000] {taskinstance.py:731} INFO - ::endgroup::
[2024-12-06T17:04:00.959+0000] {logging_mixin.py:190} INFO - Escrito el xmltv del canal "Antena 3"
[2024-12-06T17:04:02.639+0000] {logging_mixin.py:190} INFO - Archivo actualizado correctamente.
[2024-12-06T17:04:02.744+0000] {logging_mixin.py:190} INFO - Escrito el xmltv del canal "laSexta"
[2024-12-06T17:04:04.454+0000] {logging_mixin.py:190} INFO - Archivo actualizado correctamente.
[2024-12-06T17:04:04.556+0000] {logging_mixin.py:190} INFO - Escrito el xmltv del canal "Neox"
[2024-12-06T17:04:06.423+0000] {logging_mixin.py:190} INFO - Archivo actualizado correctamente.
[2024-12-06T17:04:06.537+0000] {logging_mixin.py:190} INFO - Escrito el xmltv del canal "Nova"
[2024-12-06T17:04:08.363+0000] {logging_mixin.py:190} INFO - Archivo actualizado correctamente.
[2024-12-06T17:04:08.468+0000] {logging_mixin.py:190} INFO - Escrito el xmltv del canal "Mega"
[2024-12-06T17:04:10.599+0000] {logging_mixin.py:190} INFO - Archivo actualizado correctamente.
[2024-12-06T17:04:10.706+0000] {logging_mixin.py:190} INFO - Escrito el xmltv del canal "Atreseries"
[2024-12-06T17:04:12.722+0000] {logging_mixin.py:190} INFO - Archivo actualizado correctamente.
[2024-12-06T17:04:12.723+0000] {python.py:240} INFO - Done. Returned value was: None
[2024-12-06T17:04:12.728+0000] {taskinstance.py:340} INFO - ::group::Post task execution logs
[2024-12-06T17:04:12.729+0000] {taskinstance.py:352} INFO - Marking task as SUCCESS. dag_id=a3media_schedule_scraper, task_id=scrape_a3media_task, run_id=scheduled__2024-12-05T17:04:00+00:00, execution_date=20241205T170400, start_date=20241206T170400, end_date=20241206T170412
[2024-12-06T17:04:12.751+0000] {local_task_job_runner.py:266} INFO - Task exited with return code 0
[2024-12-06T17:04:12.763+0000] {taskinstance.py:3895} INFO - 1 downstream tasks scheduled from follow-on schedule check
[2024-12-06T17:04:12.764+0000] {local_task_job_runner.py:245} INFO - ::endgroup::
