[2024-12-06T14:16:15.843+0000] {local_task_job_runner.py:123} INFO - ::group::Pre task execution logs
[2024-12-06T14:16:15.852+0000] {taskinstance.py:2613} INFO - Dependencies all met for dep_context=non-requeueable deps ti=<TaskInstance: telemadrid_schedule_scraper_v2.scrape_telemadrid_schedule scheduled__2016-01-31T14:14:00+00:00 [queued]>
[2024-12-06T14:16:15.856+0000] {taskinstance.py:2613} INFO - Dependencies all met for dep_context=requeueable deps ti=<TaskInstance: telemadrid_schedule_scraper_v2.scrape_telemadrid_schedule scheduled__2016-01-31T14:14:00+00:00 [queued]>
[2024-12-06T14:16:15.857+0000] {taskinstance.py:2866} INFO - Starting attempt 1 of 5
[2024-12-06T14:16:15.864+0000] {taskinstance.py:2889} INFO - Executing <Task(_PythonDecoratedOperator): scrape_telemadrid_schedule> on 2016-01-31 14:14:00+00:00
[2024-12-06T14:16:15.868+0000] {warnings.py:112} WARNING - /home/***/.local/lib/python3.12/site-packages/***/task/task_runner/standard_task_runner.py:70: DeprecationWarning: This process (pid=326) is multi-threaded, use of fork() may lead to deadlocks in the child.
  pid = os.fork()

[2024-12-06T14:16:15.869+0000] {standard_task_runner.py:72} INFO - Started process 334 to run task
[2024-12-06T14:16:15.869+0000] {standard_task_runner.py:104} INFO - Running: ['***', 'tasks', 'run', 'telemadrid_schedule_scraper_v2', 'scrape_telemadrid_schedule', 'scheduled__2016-01-31T14:14:00+00:00', '--job-id', '1270', '--raw', '--subdir', 'DAGS_FOLDER/dag_telemadrid_v2.py', '--cfg-path', '/tmp/tmphd7dw59t']
[2024-12-06T14:16:15.871+0000] {standard_task_runner.py:105} INFO - Job 1270: Subtask scrape_telemadrid_schedule
[2024-12-06T14:16:15.898+0000] {task_command.py:467} INFO - Running <TaskInstance: telemadrid_schedule_scraper_v2.scrape_telemadrid_schedule scheduled__2016-01-31T14:14:00+00:00 [running]> on host 6b4257da02f0
[2024-12-06T14:16:15.943+0000] {taskinstance.py:3132} INFO - Exporting env vars: AIRFLOW_CTX_DAG_OWNER='***' AIRFLOW_CTX_DAG_ID='telemadrid_schedule_scraper_v2' AIRFLOW_CTX_TASK_ID='scrape_telemadrid_schedule' AIRFLOW_CTX_EXECUTION_DATE='2016-01-31T14:14:00+00:00' AIRFLOW_CTX_TRY_NUMBER='1' AIRFLOW_CTX_DAG_RUN_ID='scheduled__2016-01-31T14:14:00+00:00'
[2024-12-06T14:16:15.943+0000] {taskinstance.py:731} INFO - ::endgroup::
[2024-12-06T14:16:16.148+0000] {logging_mixin.py:190} INFO - Escrito el xmltv del canal "Telemadrid"
[2024-12-06T14:16:17.909+0000] {logging_mixin.py:190} INFO - Archivo actualizado correctamente.
[2024-12-06T14:16:17.910+0000] {python.py:240} INFO - Done. Returned value was: None
[2024-12-06T14:16:17.915+0000] {taskinstance.py:340} INFO - ::group::Post task execution logs
[2024-12-06T14:16:17.915+0000] {taskinstance.py:352} INFO - Marking task as SUCCESS. dag_id=telemadrid_schedule_scraper_v2, task_id=scrape_telemadrid_schedule, run_id=scheduled__2016-01-31T14:14:00+00:00, execution_date=20160131T141400, start_date=20241206T141615, end_date=20241206T141617
[2024-12-06T14:16:17.927+0000] {local_task_job_runner.py:266} INFO - Task exited with return code 0
[2024-12-06T14:16:17.932+0000] {local_task_job_runner.py:245} INFO - ::endgroup::
