[2024-12-06T14:19:38.708+0000] {local_task_job_runner.py:123} INFO - ::group::Pre task execution logs
[2024-12-06T14:19:38.721+0000] {taskinstance.py:2613} INFO - Dependencies all met for dep_context=non-requeueable deps ti=<TaskInstance: telemadrid_schedule_scraper_v2.MergeAllXML scheduled__2016-07-23T13:14:00+00:00 [queued]>
[2024-12-06T14:19:38.727+0000] {taskinstance.py:2613} INFO - Dependencies all met for dep_context=requeueable deps ti=<TaskInstance: telemadrid_schedule_scraper_v2.MergeAllXML scheduled__2016-07-23T13:14:00+00:00 [queued]>
[2024-12-06T14:19:38.727+0000] {taskinstance.py:2866} INFO - Starting attempt 1 of 5
[2024-12-06T14:19:38.737+0000] {taskinstance.py:2889} INFO - Executing <Task(_PythonDecoratedOperator): MergeAllXML> on 2016-07-23 13:14:00+00:00
[2024-12-06T14:19:38.744+0000] {warnings.py:112} WARNING - /home/***/.local/lib/python3.12/site-packages/***/task/task_runner/standard_task_runner.py:70: DeprecationWarning: This process (pid=2003) is multi-threaded, use of fork() may lead to deadlocks in the child.
  pid = os.fork()

[2024-12-06T14:19:38.746+0000] {standard_task_runner.py:72} INFO - Started process 2042 to run task
[2024-12-06T14:19:38.747+0000] {standard_task_runner.py:104} INFO - Running: ['***', 'tasks', 'run', 'telemadrid_schedule_scraper_v2', 'MergeAllXML', 'scheduled__2016-07-23T13:14:00+00:00', '--job-id', '1823', '--raw', '--subdir', 'DAGS_FOLDER/dag_telemadrid_v2.py', '--cfg-path', '/tmp/tmpjfw7kygm']
[2024-12-06T14:19:38.749+0000] {standard_task_runner.py:105} INFO - Job 1823: Subtask MergeAllXML
[2024-12-06T14:19:38.784+0000] {task_command.py:467} INFO - Running <TaskInstance: telemadrid_schedule_scraper_v2.MergeAllXML scheduled__2016-07-23T13:14:00+00:00 [running]> on host 6b4257da02f0
[2024-12-06T14:19:38.842+0000] {taskinstance.py:3132} INFO - Exporting env vars: AIRFLOW_CTX_DAG_OWNER='***' AIRFLOW_CTX_DAG_ID='telemadrid_schedule_scraper_v2' AIRFLOW_CTX_TASK_ID='MergeAllXML' AIRFLOW_CTX_EXECUTION_DATE='2016-07-23T13:14:00+00:00' AIRFLOW_CTX_TRY_NUMBER='1' AIRFLOW_CTX_DAG_RUN_ID='scheduled__2016-07-23T13:14:00+00:00'
[2024-12-06T14:19:38.844+0000] {taskinstance.py:731} INFO - ::endgroup::
[2024-12-06T14:19:39.056+0000] {logging_mixin.py:190} INFO - [INFO] Generado el archivo "all_in_one.xml"
[2024-12-06T14:19:39.058+0000] {python.py:240} INFO - Done. Returned value was: None
[2024-12-06T14:19:39.065+0000] {taskinstance.py:340} INFO - ::group::Post task execution logs
[2024-12-06T14:19:39.066+0000] {taskinstance.py:352} INFO - Marking task as SUCCESS. dag_id=telemadrid_schedule_scraper_v2, task_id=MergeAllXML, run_id=scheduled__2016-07-23T13:14:00+00:00, execution_date=20160723T131400, start_date=20241206T141938, end_date=20241206T141939
[2024-12-06T14:19:39.080+0000] {local_task_job_runner.py:266} INFO - Task exited with return code 0
[2024-12-06T14:19:39.094+0000] {taskinstance.py:3895} INFO - 1 downstream tasks scheduled from follow-on schedule check
[2024-12-06T14:19:39.095+0000] {local_task_job_runner.py:245} INFO - ::endgroup::
