[2024-12-05T13:32:32.717+0000] {local_task_job_runner.py:123} INFO - ::group::Pre task execution logs
[2024-12-05T13:32:32.727+0000] {taskinstance.py:2613} INFO - Dependencies all met for dep_context=non-requeueable deps ti=<TaskInstance: a3media_schedule_scraper.scrape_a3media_schedule manual__2024-12-05T13:32:31.374892+00:00 [queued]>
[2024-12-05T13:32:32.732+0000] {taskinstance.py:2613} INFO - Dependencies all met for dep_context=requeueable deps ti=<TaskInstance: a3media_schedule_scraper.scrape_a3media_schedule manual__2024-12-05T13:32:31.374892+00:00 [queued]>
[2024-12-05T13:32:32.732+0000] {taskinstance.py:2866} INFO - Starting attempt 1 of 5
[2024-12-05T13:32:32.742+0000] {taskinstance.py:2889} INFO - Executing <Task(PythonOperator): scrape_a3media_schedule> on 2024-12-05 13:32:31.374892+00:00
[2024-12-05T13:32:32.750+0000] {warnings.py:112} WARNING - /home/***/.local/lib/python3.12/site-packages/***/task/task_runner/standard_task_runner.py:70: DeprecationWarning: This process (pid=104) is multi-threaded, use of fork() may lead to deadlocks in the child.
  pid = os.fork()

[2024-12-05T13:32:32.751+0000] {standard_task_runner.py:72} INFO - Started process 105 to run task
[2024-12-05T13:32:32.751+0000] {standard_task_runner.py:104} INFO - Running: ['***', 'tasks', 'run', 'a3media_schedule_scraper', 'scrape_a3media_schedule', 'manual__2024-12-05T13:32:31.374892+00:00', '--job-id', '587', '--raw', '--subdir', 'DAGS_FOLDER/dag_atresmedia.py', '--cfg-path', '/tmp/tmpfhga45co']
[2024-12-05T13:32:32.752+0000] {standard_task_runner.py:105} INFO - Job 587: Subtask scrape_a3media_schedule
[2024-12-05T13:32:32.783+0000] {task_command.py:467} INFO - Running <TaskInstance: a3media_schedule_scraper.scrape_a3media_schedule manual__2024-12-05T13:32:31.374892+00:00 [running]> on host d88abb179e8d
[2024-12-05T13:32:32.833+0000] {taskinstance.py:3132} INFO - Exporting env vars: AIRFLOW_CTX_DAG_OWNER='***' AIRFLOW_CTX_DAG_ID='a3media_schedule_scraper' AIRFLOW_CTX_TASK_ID='scrape_a3media_schedule' AIRFLOW_CTX_EXECUTION_DATE='2024-12-05T13:32:31.374892+00:00' AIRFLOW_CTX_TRY_NUMBER='1' AIRFLOW_CTX_DAG_RUN_ID='manual__2024-12-05T13:32:31.374892+00:00'
[2024-12-05T13:32:32.834+0000] {taskinstance.py:731} INFO - ::endgroup::
[2024-12-05T13:32:33.088+0000] {logging_mixin.py:190} INFO - Escrito el xmltv del canal "Antena 3"
[2024-12-05T13:32:35.085+0000] {logging_mixin.py:190} INFO - Archivo actualizado correctamente.
[2024-12-05T13:32:35.357+0000] {logging_mixin.py:190} INFO - Escrito el xmltv del canal "laSexta"
[2024-12-05T13:32:37.578+0000] {logging_mixin.py:190} INFO - Archivo actualizado correctamente.
[2024-12-05T13:32:37.951+0000] {logging_mixin.py:190} INFO - Escrito el xmltv del canal "Neox"
[2024-12-05T13:32:40.091+0000] {logging_mixin.py:190} INFO - Archivo actualizado correctamente.
[2024-12-05T13:32:40.936+0000] {logging_mixin.py:190} INFO - Escrito el xmltv del canal "Nova"
[2024-12-05T13:32:43.148+0000] {logging_mixin.py:190} INFO - Archivo actualizado correctamente.
[2024-12-05T13:32:43.540+0000] {logging_mixin.py:190} INFO - Escrito el xmltv del canal "Mega"
[2024-12-05T13:32:45.883+0000] {logging_mixin.py:190} INFO - Archivo actualizado correctamente.
[2024-12-05T13:32:46.022+0000] {logging_mixin.py:190} INFO - Escrito el xmltv del canal "Atreseries"
[2024-12-05T13:32:48.283+0000] {logging_mixin.py:190} INFO - Archivo actualizado correctamente.
[2024-12-05T13:32:48.284+0000] {python.py:240} INFO - Done. Returned value was: None
[2024-12-05T13:32:48.290+0000] {taskinstance.py:340} INFO - ::group::Post task execution logs
[2024-12-05T13:32:48.290+0000] {taskinstance.py:352} INFO - Marking task as SUCCESS. dag_id=a3media_schedule_scraper, task_id=scrape_a3media_schedule, run_id=manual__2024-12-05T13:32:31.374892+00:00, execution_date=20241205T133231, start_date=20241205T133232, end_date=20241205T133248
[2024-12-05T13:32:48.323+0000] {local_task_job_runner.py:266} INFO - Task exited with return code 0
[2024-12-05T13:32:48.338+0000] {taskinstance.py:3895} INFO - 1 downstream tasks scheduled from follow-on schedule check
[2024-12-05T13:32:48.339+0000] {local_task_job_runner.py:245} INFO - ::endgroup::
